
O                   PRODUCTION RXS              INT RX RATE    TP =  1.10E+15
   8) H       + HO2     = H2O     + O            4.809E+01
  20) OH      + OH      = H2O     + O            1.268E-04
  21) O1D     + M       = O       + M            2.640E+11
  22) O1D     + O2      = O       + O2           3.953E+07
  24) O2      + HV      = O       + O            6.853E+07
  27) O3      + HV      = O2      + O            1.057E+15
  29) CO2     + HV      = CO      + O            9.261E+08
  50) HO2     + HV      = OH      + O            6.906E+03
  53) NO      + HV      = N       + O            2.987E+04
  54) NO2     + HV      = NO      + O            3.779E+13
  76) N       + O2      = NO      + O            2.302E+04
  79) N       + NO      = N2      + O            9.113E+07
 105) CO      + O1D     = CO      + O            3.158E+09
 107) HNO3    + OH      = H2O     + NO2     O    2.002E+05
 110) SO      + HV      = S       + O            2.358E-01
 112) SO2     + HV      = SO      + O            4.919E+06
 115) SO      + O2      = O       + SO2          3.914E+05
 136) S       + O2      = SO      + O            2.290E-01
 151) SO3     + HV      = SO2     + O            2.014E+02
 156) SO21    + O2      = SO3     + O            3.947E+03
 173) HSO     + HV      = HS      + O            1.177E+03
 197) CS      + O2      = OCS     + O            3.321E-36
 239) C       + O2      = CO      + O            1.125E-36

O                      LOSS RXS                INT RX RATE    TL =  1.12E+15
   3) H2      + O       = OH      + H            3.545E+06
  10) OH      + O       = H       + O2           2.766E+02
  13) HO2     + O       = OH      + O2           4.549E+08
  17) O       + O       = O2      +              1.575E+06
  18) O       + O2      = O3      +              1.104E+15
  19) O       + O3      = O2      + O2           6.413E+09
  32) CO      + O       = CO2     +              1.146E+13
  37) O       + HCO     = H       + CO2          5.076E+01
  38) O       + HCO     = OH      + CO           5.076E+01
  48) H2CO    + O       = HCO     + OH           2.783E-03
  49) H2O2    + O       = OH      + HO2          3.266E+05
  65) CH3     + O       = H2CO    + H            6.353E-11
  81) NO      + O       = NO2     +              7.695E+10
  84) NO2     + O       = NO      + O2           9.082E+12
  90) O       + HNO     = OH      + NO           7.562E+04
  93) CH4     + O       = CH3     + OH           6.222E-03
  97) CH23    + O       = HCO     + H            5.484E-21
 100) C2H6    + O       = C2H5    + OH           1.420E-19
 117) SO      + O       = SO2     +              6.427E+02
 120) SO2     + O       = SO3     +              7.067E+07
 125) HSO3    + O       = OH      + SO3          3.297E-04
 128) H2S     + O       = OH      + HS           5.145E+06
 129) HS      + O       = H       + SO           1.893E+01
 142) S2      + O       = S       + SO           8.197E-16
 179) HSO     + O       = OH      + SO           3.784E+07
 184) O       + OCS     = CO      + SO           2.639E-03
 185) O       + OCS     = S       + CO2          4.780E-09
 202) CS2     + O       = SO      + CS           6.614E-44
 203) CS2     + O       = OCS     + S            6.201E-45
 209) CS2     + O       = CO      + S2           1.893E-45
 212) CS      + O       = CO      + S            8.494E-39
 223) C2H5    + O       = CH3     + HCO     H    1.610E-29
 224) C2H5    + O       = H2CO    + CH3          1.433E-29
 225) C2H5    + O       = CH3CHO  + H            7.138E-29
 243) CH      + O       = CO      + H            1.293E-30
 253) CH23    + O       = CH      + OH           4.387E-21
 254) CH23    + O       = CO      + H       H    4.551E-20
 260) CH3O2   + O       = H2CO    + HO2          1.218E-06
 273) CH2CO   + O       = H2CO    + CO           4.961E-12
 276) CH3CO   + O       = H2CO    + HCO          2.280E-05
 284) C2H     + O       = CO      + CH           1.691E-50
 292) C2      + O       = C       + CO           3.339E-49
 304) C2H4    + O       = HCO     + CH3          3.769E-32
 309) C2H2    + O       = CH23    + CO           3.057E-38
 310) C2H3    + O       = CH2CO   + H            2.397E-43
 322) C2H2OH  + O       = OH      + CH2CO        1.493E-41
 327) C2H4OH  + O       = OH      + CH3CHO       1.227E-35
 330) CH3CHO  + O       = CH3CO   + OH           6.120E-29
 337) C3H8    + O       = C3H7    + OH           4.707E-43
 352) C3H6    + O       = CH3     + CH3     CO   7.180E-59
 356) C3H7    + O       = C2H5CHO + H            4.781E-43

O2                  PRODUCTION RXS              INT RX RATE    TP =  1.11E+15
   5) H       + O3      = OH      + O2           1.574E+09
   7) H       + HO2     = H2      + O2           2.164E+02
  10) OH      + O       = H       + O2           2.766E+02
  11) OH      + HO2     = H2O     + O2           1.672E+03
  12) OH      + O3      = HO2     + O2           8.721E+05
  13) HO2     + O       = OH      + O2           4.549E+08
  14) HO2     + O3      = OH      + O2      O2   5.554E+10
  15) HO2     + HO2     = H2O2    + O2           1.067E+08
  17) O       + O       = O2      +              1.575E+06
  19) O       + O3      = O2      + O2           6.413E+09
  22) O1D     + O2      = O       + O2           3.953E+07
  26) O3      + HV      = O2      + O1D          2.672E+11
  27) O3      + HV      = O2      + O            1.057E+15
  77) N       + O3      = NO      + O2           8.728E+06
  80) NO      + O3      = NO2     + O2           4.629E+13
  84) NO2     + O       = NO      + O2           9.082E+12
 109) HO2     + NO2     = HNO2    + O2           4.641E+08
 131) HS      + HO2     = H2S     + O2           4.044E+00
 139) S       + HO2     = HS      + O2           3.666E-10
 162) SO      + O3      = SO2     + O2           2.472E+06
 164) HS      + O3      = HSO     + O2           5.756E+06
 166) S       + O3      = SO      + O2           1.126E-02
 170) SO      + HO2     = HSO     + O2           8.434E+02
 199) CS      + O3      = OCS     + O2           5.296E-36
 258) CH3O2   + H       = CH4     + O2           6.872E-12
 265) CH3     + O3      = CH3O    + O2           9.309E-06

O2                     LOSS RXS                INT RX RATE    TL =  1.10E+15
   6) H       + O2      = HO2     +              4.828E+11
  18) O       + O2      = O3      +              1.104E+15
  22) O1D     + O2      = O       + O2           3.953E+07
  24) O2      + HV      = O       + O            6.853E+07
  44) HCO     + O2      = HO2     + CO           8.021E+10
  63) CH23    + O2      = HCO     + OH           5.607E-12
  64) CH3     + O2      = H2CO    + OH           7.566E-03
  76) N       + O2      = NO      + O            2.302E+04
 104) C2H5    + O2      = CH3     + HCO     OH   1.887E-19
 115) SO      + O2      = O       + SO2          3.914E+05
 122) HSO3    + O2      = HO2     + SO3          1.165E+05
 130) HS      + O2      = OH      + SO           5.237E+02
 136) S       + O2      = SO      + O            2.290E-01
 156) SO21    + O2      = SO3     + O            3.947E+03
 197) CS      + O2      = OCS     + O            3.321E-36
 198) CS      + O2      = CO      + SO           4.152E-37
 206) CS2X    + O2      = CS      + SO2          3.114E-50
 239) C       + O2      = CO      + O            1.125E-36
 246) CH      + O2      = CO      + OH           9.900E-22
 257) CH3     + O2      = CH3O2   +              2.693E-03
 269) CH3O    + O2      = H2CO    + HO2          2.926E-03
 283) C2H     + O2      = CO      + HCO          1.426E-41
 293) C2      + O2      = CO      + CO           4.745E-42

H2O                 PRODUCTION RXS              INT RX RATE    TP =  4.04E+07
   4) H2      + OH      = H2O     + H            1.340E+06
   8) H       + HO2     = H2O     + O            4.809E+01
  11) OH      + HO2     = H2O     + O2           1.672E+03
  16) H2O2    + OH      = HO2     + H2O          5.902E+04
  20) OH      + OH      = H2O     + O            1.268E-04
  36) OH      + HCO     = H2O     + CO           7.220E-02
  45) H2CO    + OH      = H2O     + HCO          3.067E-04
  46) H       + OH      = H2O     +              2.946E-02
  55) CH4     + OH      = CH3     + H2O          2.091E-03
  91) OH      + HNO     = H2O     + NO           4.694E+01
  92) HNO2    + OH      = H2O     + NO2          1.114E+00
  99) C2H6    + OH      = C2H5    + H2O          4.343E-20
 107) HNO3    + OH      = H2O     + NO2     O    2.002E+05
 123) HSO3    + OH      = H2O     + SO3          6.829E-08
 126) H2S     + OH      = H2O     + HS           6.671E+05
 175) HSO     + OH      = H2O     + SO           8.308E+01
 191) H2S     + HO2     = H2O     + HSO          4.124E+07
 228) C2H5    + OH      = C2H4    + H2O          1.657E-33
 259) CH3O2   + H       = H2O     + H2CO         4.909E-12
 311) C2H3    + OH      = C2H2    + H2O          5.022E-48
 320) C2H2OH  + H       = H2O     + C2H2         2.966E-41
 323) C2H2OH  + OH      = H2O     + CH2CO        2.001E-44
 325) C2H4OH  + H       = H2O     + C2H4         7.134E-35
 328) C2H4OH  + OH      = H2O     + CH3CHO       2.438E-38
 331) CH3CHO  + OH      = CH3CO   + H2O          8.462E-32
 336) C3H8    + OH      = C3H7    + H2O          7.617E-45

H2O                    LOSS RXS                INT RX RATE    TL =  7.00E+07
   1) H2O     + O1D     = OH      + OH           6.771E+03
  25) H2O     + HV      = H       + OH           7.391E+03
 121) SO3     + H2O     = H2SO4   +              7.081E+07

H                   PRODUCTION RXS              INT RX RATE    TP =  5.66E+11
   2) H2      + O1D     = OH      + H            1.416E+06
   3) H2      + O       = OH      + H            3.545E+06
   4) H2      + OH      = H2O     + H            1.340E+06
  10) OH      + O       = H       + O2           2.766E+02
  25) H2O     + HV      = H       + OH           7.391E+03
  31) CO      + OH      = CO2     + H            5.655E+11
  37) O       + HCO     = H       + CO2          5.076E+01
  40) H2CO    + HV      = HCO     + H            1.175E-02
  41) HCO     + HV      = H       + CO           2.704E+06
  61) CH23    + H2      = CH3     + H            9.605E-14
  65) CH3     + O       = H2CO    + H            6.353E-11
  69) CH3     + HV      = CH23    + H            2.469E-10
  78) N       + OH      = NO      + H            6.970E-01
  88) HNO     + HV      = NO      + H            5.780E+08
  97) CH23    + O       = HCO     + H            5.484E-21
 111) H2S     + HV      = HS      + H            4.582E+06
 118) SO      + OH      = SO2     + H            1.103E-02
 129) HS      + O       = H       + SO           1.893E+01
 135) HS      + S       = H       + S2           8.004E-16
 137) S       + OH      = SO      + H            1.630E-14
 183) HS      + CO      = OCS     + H            2.099E-03
 188) S       + HCO     = OCS     + H            9.183E-13
 208) CS      + HS      = CS2     + H            7.427E-44
 218) S       + HCS     = H       + CS2          2.841E-48
 223) C2H5    + O       = CH3     + HCO     H    1.610E-29
 225) C2H5    + O       = CH3CHO  + H            7.138E-29
 232) CH23    + S       = HCS     + H            8.569E-36
 237) C       + OH      = CO      + H            4.669E-50
 240) C       + HS      = CS      + H            2.386E-50
 243) CH      + O       = CO      + H            1.293E-30
 244) CH      + H2      = CH23    + H            1.955E-26
 248) CH      + HV      = C       + H            2.998E-37
 249) CH      + S       = CS      + H            1.207E-46
 254) CH23    + O       = CO      + H       H    4.551E-20
 264) CH3     + OH      = CH3O    + H            3.344E-16
 268) O1D     + CH4     = CH3O    + H            5.301E-04
 280) C2H2    + HV      = C2H     + H            1.425E-41
 285) C2H     + H2      = C2H2    + H            1.871E-46
 288) C2      + H2      = C2H     + H            4.982E-45
 295) C2H4    + HV      = C2H2    + H       H    8.351E-39
 296) CH23    + CH3     = C2H4    + H            4.164E-34
 300) C2H3    + H2      = C2H4    + H            3.923E-41
 307) CH      + CH4     = C2H4    + H            2.970E-32
 310) C2H3    + O       = CH2CO   + H            2.397E-43
 319) C2H2    + OH      = CH2CO   + H            2.659E-40
 345) C3H6    + HV      = C2H2    + CH3     H    5.860E-68
 348) C3H6    + HV      = C2H     + CH4     H    8.617E-69
 356) C3H7    + O       = C2H5CHO + H            4.781E-43
 357) CH      + C2H4    = CH2CCH2 + H            1.723E-67
 358) CH      + C2H4    = CH3C2H  + H            1.723E-67
 361) CH3     + C2H3    = C3H5    + H            1.437E-61
 367) CH      + C2H2    = C3H2    + H            1.944E-72
 376) CH2CCH2 + H       = CH3C2H  + H            2.844E-61
 378) C3H3    + HV      = C3H2    + H            1.407E-58
 379) CH3C2H  + HV      = C3H3    + H            1.763E-60
 382) CH2CCH2 + HV      = C3H3    + H            1.984E-60
 391) C2H     + C2H2    = HCAER   + H            4.543E-92
 392) C2H     + CH2CCH2 = HCAER2  + H            1.923-112

H                      LOSS RXS                INT RX RATE    TL =  5.66E+11
   5) H       + O3      = OH      + O2           1.574E+09
   6) H       + O2      = HO2     +              4.828E+11
   7) H       + HO2     = H2      + O2           2.164E+02
   8) H       + HO2     = H2O     + O            4.809E+01
   9) H       + HO2     = OH      + OH           2.140E+03
  33) H       + CO      = HCO     +              8.072E+10
  34) H       + HCO     = H2      + CO           6.868E+00
  42) H2CO    + H       = H2      + HCO          2.119E-05
  43) H       + H       = H2      +              9.710E-03
  46) H       + OH      = H2O     +              2.946E-02
  70) CH3     + H       = CH4     +              2.120E-13
  74) H       + NO      = HNO     +              6.237E+07
  86) NO2     + H       = NO      + OH           8.721E+08
  89) H       + HNO     = H2      + NO           1.931E+02
 124) HSO3    + H       = H2      + SO3          3.359E-06
 127) H2S     + H       = H2      + HS           1.757E+06
 134) HS      + H       = H2      + S            4.999E-03
 172) H       + SO      = HSO     +              6.627E-03
 176) HSO     + H       = HS      + OH           2.532E+02
 177) HSO     + H       = H2      + SO           1.266E+02
 182) H       + OCS     = CO      + HS           3.360E-06
 216) H       + CS      = HCS     +              5.701E-44
 217) H       + HCS     = H2      + CS           1.961E-35
 220) C2H5    + H       = CH3     + CH3          1.252E-31
 221) C2H5    + H       = C2H6    +              4.584E-31
 222) C2H5    + H       = C2H4    + H2           6.259E-33
 242) CH      + H       = C       + H2           1.870E-36
 255) CH23    + H       = CH3     +              2.571E-22
 256) CH23    + H       = CH      + H2           2.507E-22
 258) CH3O2   + H       = CH4     + O2           6.872E-12
 259) CH3O2   + H       = H2O     + H2CO         4.909E-12
 272) CH2CO   + H       = CH3     + CO           9.541E-17
 275) CH3CO   + H       = CH4     + CO           1.589E-06
 287) C2H     + H       = C2H2    +              3.864E-55
 298) C2H2    + H       = C2H3    +              3.947E-41
 299) C2H3    + H       = C2H2    + H2           6.927E-46
 305) C2H4    + H       = C2H5    +              2.166E-34
 320) C2H2OH  + H       = H2O     + C2H2         2.966E-41
 321) C2H2OH  + H       = H2      + CH2CO        4.815E-45
 325) C2H4OH  + H       = H2O     + C2H4         7.134E-35
 326) C2H4OH  + H       = H2      + CH3CHO       1.254E-38
 329) CH3CHO  + H       = CH3CO   + H2           8.449E-33
 339) C3H7    + H       = CH3     + C2H5         2.232E-46
 353) C3H6    + H       = C3H7    +              3.308E-61
 359) CH2CCH2 + H       = CH3     + C2H2         2.897E-63
 360) CH2CCH2 + H       = C3H5    +              2.933E-64
 363) C3H5    + H       = C3H6    +              6.796E-62
 364) C3H5    + H       = CH4     + C2H2         1.023E-61
 366) C3H5    + H       = CH2CCH2 + H2           1.023E-61
 369) CH3C2H  + H       = CH3     + C2H2         2.307E-61
 370) CH3C2H  + H       = C3H5    +              2.307E-61
 371) C3H2    + H       = C3H3    +              1.432E-58
 372) C3H3    + H       = CH3C2H  +              3.124E-60
 373) C3H3    + H       = CH2CCH2 +              3.124E-60
 374) C3H5    + H       = CH3C2H  + H2           1.023E-61
 376) CH2CCH2 + H       = CH3C2H  + H            2.844E-61

OH                  PRODUCTION RXS              INT RX RATE    TP =  5.66E+11
   1) H2O     + O1D     = OH      + OH           6.771E+03
   2) H2      + O1D     = OH      + H            1.416E+06
   3) H2      + O       = OH      + H            3.545E+06
   5) H       + O3      = OH      + O2           1.574E+09
   9) H       + HO2     = OH      + OH           2.140E+03
  13) HO2     + O       = OH      + O2           4.549E+08
  14) HO2     + O3      = OH      + O2      O2   5.554E+10
  25) H2O     + HV      = H       + OH           7.391E+03
  28) H2O2    + HV      = OH      + OH           1.006E+08
  38) O       + HCO     = OH      + CO           5.076E+01
  48) H2CO    + O       = HCO     + OH           2.783E-03
  49) H2O2    + O       = OH      + HO2          3.266E+05
  50) HO2     + HV      = OH      + O            6.906E+03
  51) HNO2    + HV      = NO      + OH           4.844E+08
  52) HNO3    + HV      = NO2     + OH           1.332E+07
  56) CH4     + O1D     = CH3     + OH           1.988E-03
  63) CH23    + O2      = HCO     + OH           5.607E-12
  64) CH3     + O2      = H2CO    + OH           7.566E-03
  82) NO      + HO2     = NO2     + OH           5.063E+11
  86) NO2     + H       = NO      + OH           8.721E+08
  90) O       + HNO     = OH      + NO           7.562E+04
  93) CH4     + O       = CH3     + OH           6.222E-03
 100) C2H6    + O       = C2H5    + OH           1.420E-19
 101) C2H6    + O1D     = C2H5    + OH           3.314E-21
 104) C2H5    + O2      = CH3     + HCO     OH   1.887E-19
 108) N       + HO2     = NO      + OH           1.462E+05
 116) SO      + HO2     = SO2     + OH           8.434E+02
 125) HSO3    + O       = OH      + SO3          3.297E-04
 128) H2S     + O       = OH      + HS           5.145E+06
 130) HS      + O2      = OH      + SO           5.237E+02
 140) S       + HO2     = SO      + OH           3.666E-10
 163) SO2     + HO2     = SO3     + OH           1.466E+04
 176) HSO     + H       = HS      + OH           2.532E+02
 179) HSO     + O       = OH      + SO           3.784E+07
 246) CH      + O2      = CO      + OH           9.900E-22
 253) CH23    + O       = CH      + OH           4.387E-21
 322) C2H2OH  + O       = OH      + CH2CO        1.493E-41
 327) C2H4OH  + O       = OH      + CH3CHO       1.227E-35
 330) CH3CHO  + O       = CH3CO   + OH           6.120E-29
 337) C3H8    + O       = C3H7    + OH           4.707E-43
 338) C3H8    + O1D     = C3H7    + OH           1.961E-47

OH                     LOSS RXS                INT RX RATE    TL =  5.66E+11
   4) H2      + OH      = H2O     + H            1.340E+06
  10) OH      + O       = H       + O2           2.766E+02
  11) OH      + HO2     = H2O     + O2           1.672E+03
  12) OH      + O3      = HO2     + O2           8.721E+05
  16) H2O2    + OH      = HO2     + H2O          5.902E+04
  20) OH      + OH      = H2O     + O            1.268E-04
  31) CO      + OH      = CO2     + H            5.655E+11
  36) OH      + HCO     = H2O     + CO           7.220E-02
  45) H2CO    + OH      = H2O     + HCO          3.067E-04
  46) H       + OH      = H2O     +              2.946E-02
  47) OH      + OH      = H2O2    +              6.818E-04
  55) CH4     + OH      = CH3     + H2O          2.091E-03
  67) CH3     + OH      = CO      + H2      H2   1.724E-16
  78) N       + OH      = NO      + H            6.970E-01
  83) NO      + OH      = HNO2    +              2.033E+07
  85) NO2     + OH      = HNO3    +              3.070E+07
  91) OH      + HNO     = H2O     + NO           4.694E+01
  92) HNO2    + OH      = H2O     + NO2          1.114E+00
  99) C2H6    + OH      = C2H5    + H2O          4.343E-20
 107) HNO3    + OH      = H2O     + NO2     O    2.002E+05
 118) SO      + OH      = SO2     + H            1.103E-02
 119) SO2     + OH      = HSO3    +              1.165E+05
 123) HSO3    + OH      = H2O     + SO3          6.829E-08
 126) H2S     + OH      = H2O     + HS           6.671E+05
 137) S       + OH      = SO      + H            1.630E-14
 175) HSO     + OH      = H2O     + SO           8.308E+01
 187) OCS     + OH      = CO2     + HS           5.474E-08
 204) CS2     + OH      = OCS     + HS           3.776E-50
 226) C2H5    + OH      = CH3     + HCO     H2   1.657E-33
 227) C2H5    + OH      = CH3CHO  + H2           4.143E-33
 228) C2H5    + OH      = C2H4    + H2O          1.657E-33
 237) C       + OH      = CO      + H            4.669E-50
 264) CH3     + OH      = CH3O    + H            3.344E-16
 282) C2H2    + OH      = CO      + CH3          2.086E-41
 303) C2H4    + OH      = H2CO    + CH3          1.139E-34
 311) C2H3    + OH      = C2H2    + H2O          5.022E-48
 318) C2H2    + OH      = C2H2OH  +              4.462E-41
 319) C2H2    + OH      = CH2CO   + H            2.659E-40
 323) C2H2OH  + OH      = H2O     + CH2CO        2.001E-44
 324) C2H4    + OH      = C2H4OH  +              8.365E-35
 328) C2H4OH  + OH      = H2O     + CH3CHO       2.438E-38
 331) CH3CHO  + OH      = CH3CO   + H2O          8.462E-32
 336) C3H8    + OH      = C3H7    + H2O          7.617E-45
 351) C3H6    + OH      = CH3CHO  + CH3          4.846E-61
 355) C3H7    + OH      = C2H5CHO + H2           3.268E-47

HO2                 PRODUCTION RXS              INT RX RATE    TP =  5.63E+11
   6) H       + O2      = HO2     +              4.828E+11
  12) OH      + O3      = HO2     + O2           8.721E+05
  16) H2O2    + OH      = HO2     + H2O          5.902E+04
  44) HCO     + O2      = HO2     + CO           8.021E+10
  49) H2O2    + O       = OH      + HO2          3.266E+05
  66) CH3     + O3      = H2CO    + HO2          9.309E-06
 122) HSO3    + O2      = HO2     + SO3          1.165E+05
 260) CH3O2   + O       = H2CO    + HO2          1.218E-06
 269) CH3O    + O2      = H2CO    + HO2          2.926E-03

HO2                    LOSS RXS                INT RX RATE    TL =  5.63E+11
   7) H       + HO2     = H2      + O2           2.164E+02
   8) H       + HO2     = H2O     + O            4.809E+01
   9) H       + HO2     = OH      + OH           2.140E+03
  11) OH      + HO2     = H2O     + O2           1.672E+03
  13) HO2     + O       = OH      + O2           4.549E+08
  14) HO2     + O3      = OH      + O2      O2   5.554E+10
  15) HO2     + HO2     = H2O2    + O2           1.067E+08
  50) HO2     + HV      = OH      + O            6.906E+03
  82) NO      + HO2     = NO2     + OH           5.063E+11
 108) N       + HO2     = NO      + OH           1.462E+05
 109) HO2     + NO2     = HNO2    + O2           4.641E+08
 116) SO      + HO2     = SO2     + OH           8.434E+02
 131) HS      + HO2     = H2S     + O2           4.044E+00
 139) S       + HO2     = HS      + O2           3.666E-10
 140) S       + HO2     = SO      + OH           3.666E-10
 163) SO2     + HO2     = SO3     + OH           1.466E+04
 170) SO      + HO2     = HSO     + O2           8.434E+02
 191) H2S     + HO2     = H2O     + HSO          4.124E+07

H2O2                PRODUCTION RXS              INT RX RATE    TP =  1.07E+08
  15) HO2     + HO2     = H2O2    + O2           1.067E+08
  47) OH      + OH      = H2O2    +              6.818E-04

H2O2                   LOSS RXS                INT RX RATE    TL =  1.06E+08
  16) H2O2    + OH      = HO2     + H2O          5.902E+04
  28) H2O2    + HV      = OH      + OH           1.006E+08
  49) H2O2    + O       = OH      + HO2          3.266E+05

H2                  PRODUCTION RXS              INT RX RATE    TP =  1.72E+08
   7) H       + HO2     = H2      + O2           2.164E+02
  34) H       + HCO     = H2      + CO           6.868E+00
  39) H2CO    + HV      = H2      + CO           6.110E-02
  42) H2CO    + H       = H2      + HCO          2.119E-05
  43) H       + H       = H2      +              9.710E-03
  57) CH4     + O1D     = H2CO    + H2           1.325E-04
  67) CH3     + OH      = CO      + H2      H2   1.724E-16
  89) H       + HNO     = H2      + NO           1.931E+02
 124) HSO3    + H       = H2      + SO3          3.359E-06
 127) H2S     + H       = H2      + HS           1.757E+06
 134) HS      + H       = H2      + S            4.999E-03
 177) HSO     + H       = H2      + SO           1.266E+02
 217) H       + HCS     = H2      + CS           1.961E-35
 222) C2H5    + H       = C2H4    + H2           6.259E-33
 226) C2H5    + OH      = CH3     + HCO     H2   1.657E-33
 227) C2H5    + OH      = CH3CHO  + H2           4.143E-33
 242) CH      + H       = C       + H2           1.870E-36
 256) CH23    + H       = CH      + H2           2.507E-22
 279) CH23    + CH23    = C2H2    + H2           5.878E-43
 281) C2H2    + HV      = C2      + H2           4.750E-42
 294) C2H4    + HV      = C2H2    + H2           2.258E-38
 299) C2H3    + H       = C2H2    + H2           6.927E-46
 321) C2H2OH  + H       = H2      + CH2CO        4.815E-45
 326) C2H4OH  + H       = H2      + CH3CHO       1.254E-38
 329) CH3CHO  + H       = CH3CO   + H2           8.449E-33
 346) C3H6    + HV      = CH2CCH2 + H2           1.723E-69
 355) C3H7    + OH      = C2H5CHO + H2           3.268E-47
 366) C3H5    + H       = CH2CCH2 + H2           1.023E-61
 374) C3H5    + H       = CH3C2H  + H2           1.023E-61
 380) CH3C2H  + HV      = C3H2    + H2           1.385E-60
 383) CH2CCH2 + HV      = C3H2    + H2           1.116E-60

H2                     LOSS RXS                INT RX RATE    TL =  9.15E+06
   2) H2      + O1D     = OH      + H            1.416E+06
   3) H2      + O       = OH      + H            3.545E+06
   4) H2      + OH      = H2O     + H            1.340E+06
  61) CH23    + H2      = CH3     + H            9.605E-14
 238) C       + H2      = CH23    +              1.044E-36
 244) CH      + H2      = CH23    + H            1.955E-26
 245) CH      + H2      = CH3     +              2.122E-23
 285) C2H     + H2      = C2H2    + H            1.871E-46
 288) C2      + H2      = C2H     + H            4.982E-45
 300) C2H3    + H2      = C2H4    + H            3.923E-41

CO                  PRODUCTION RXS              INT RX RATE    TP =  8.54E+10
  29) CO2     + HV      = CO      + O            9.261E+08
  34) H       + HCO     = H2      + CO           6.868E+00
  35) HCO     + HCO     = H2CO    + CO           3.359E+00
  36) OH      + HCO     = H2O     + CO           7.220E-02
  38) O       + HCO     = OH      + CO           5.076E+01
  39) H2CO    + HV      = H2      + CO           6.110E-02
  41) HCO     + HV      = H       + CO           2.704E+06
  44) HCO     + O2      = HO2     + CO           8.021E+10
  67) CH3     + OH      = CO      + H2      H2   1.724E-16
  71) CH3     + HCO     = CH4     + CO           3.036E-13
  87) HCO     + NO      = HNO     + CO           5.004E+08
  98) CH23    + CO2     = H2CO    + CO           2.362E-10
 102) C2H5    + HCO     = C2H6    + CO           1.309E-30
 105) CO      + O1D     = CO      + O            3.158E+09
 133) HS      + HCO     = H2S     + CO           7.408E-03
 138) S       + HCO     = HS      + CO           1.148E-13
 169) S       + CO2     = SO      + CO           4.221E-07
 171) SO      + HCO     = HSO     + CO           2.148E-02
 182) H       + OCS     = CO      + HS           3.360E-06
 184) O       + OCS     = CO      + SO           2.639E-03
 186) OCS     + S       = CO      + S2           1.931E-17
 190) OCS     + HV      = CO      + S            1.712E-04
 198) CS      + O2      = CO      + SO           4.152E-37
 201) CS      + O3      = CO      + SO2          5.296E-36
 209) CS2     + O       = CO      + S2           1.893E-45
 212) CS      + O       = CO      + S            8.494E-39
 237) C       + OH      = CO      + H            4.669E-50
 239) C       + O2      = CO      + O            1.125E-36
 243) CH      + O       = CO      + H            1.293E-30
 246) CH      + O2      = CO      + OH           9.900E-22
 247) CH      + CO2     = HCO     + CO           3.626E-21
 252) OCS     + CH      = CO      + HCS          1.106E-35
 254) CH23    + O       = CO      + H       H    4.551E-20
 262) HCO     + H2CO    = CH3O    + CO           5.333E-08
 270) CH2CO   + HV      = CH23    + CO           1.526E-12
 272) CH2CO   + H       = CH3     + CO           9.541E-17
 273) CH2CO   + O       = H2CO    + CO           4.961E-12
 275) CH3CO   + H       = CH4     + CO           1.589E-06
 277) CH3CO   + CH3     = C2H6    + CO           1.922E-19
 282) C2H2    + OH      = CO      + CH3          2.086E-41
 283) C2H     + O2      = CO      + HCO          1.426E-41
 284) C2H     + O       = CO      + CH           1.691E-50
 292) C2      + O       = C       + CO           3.339E-49
 293) C2      + O2      = CO      + CO           4.745E-42
 309) C2H2    + O       = CH23    + CO           3.057E-38
 334) CH3CHO  + HV      = CH4     + CO           3.242E-30
 352) C3H6    + O       = CH3     + CH3     CO   7.180E-59

CO                     LOSS RXS                INT RX RATE    TL =  1.21E+13
  31) CO      + OH      = CO2     + H            5.655E+11
  32) CO      + O       = CO2     +              1.146E+13
  33) H       + CO      = HCO     +              8.072E+10
 105) CO      + O1D     = CO      + O            3.158E+09
 183) HS      + CO      = OCS     + H            2.099E-03
 189) S       + CO      = OCS     +              7.256E-04
 196) OCS2    + CO      = OCS     + OCS          7.300E-17
 263) CH3O    + CO      = CH3     + CO2          4.454E-07
 271) CH23    + CO      = CH2CO   +              6.488E-12
 274) CH3     + CO      = CH3CO   +              2.439E-05

HCO                 PRODUCTION RXS              INT RX RATE    TP =  8.07E+10
  33) H       + CO      = HCO     +              8.072E+10
  40) H2CO    + HV      = HCO     + H            1.175E-02
  42) H2CO    + H       = H2      + HCO          2.119E-05
  45) H2CO    + OH      = H2O     + HCO          3.067E-04
  48) H2CO    + O       = HCO     + OH           2.783E-03
  63) CH23    + O2      = HCO     + OH           5.607E-12
  73) CH3     + H2CO    = CH4     + HCO          3.916E-23
  97) CH23    + O       = HCO     + H            5.484E-21
 104) C2H5    + O2      = CH3     + HCO     OH   1.887E-19
 143) HS      + H2CO    = H2S     + HCO          6.372E-06
 223) C2H5    + O       = CH3     + HCO     H    1.610E-29
 226) C2H5    + OH      = CH3     + HCO     H2   1.657E-33
 247) CH      + CO2     = HCO     + CO           3.626E-21
 276) CH3CO   + O       = H2CO    + HCO          2.280E-05
 283) C2H     + O2      = CO      + HCO          1.426E-41
 304) C2H4    + O       = HCO     + CH3          3.769E-32
 333) CH3CHO  + HV      = CH3     + HCO          3.242E-30
 349) C2H5CHO + HV      = C2H5    + HCO          4.711E-43

HCO                    LOSS RXS                INT RX RATE    TL =  8.07E+10
  34) H       + HCO     = H2      + CO           6.868E+00
  35) HCO     + HCO     = H2CO    + CO           3.359E+00
  36) OH      + HCO     = H2O     + CO           7.220E-02
  37) O       + HCO     = H       + CO2          5.076E+01
  38) O       + HCO     = OH      + CO           5.076E+01
  41) HCO     + HV      = H       + CO           2.704E+06
  44) HCO     + O2      = HO2     + CO           8.021E+10
  71) CH3     + HCO     = CH4     + CO           3.036E-13
  87) HCO     + NO      = HNO     + CO           5.004E+08
 102) C2H5    + HCO     = C2H6    + CO           1.309E-30
 133) HS      + HCO     = H2S     + CO           7.408E-03
 138) S       + HCO     = HS      + CO           1.148E-13
 171) SO      + HCO     = HSO     + CO           2.148E-02
 188) S       + HCO     = OCS     + H            9.183E-13
 262) HCO     + H2CO    = CH3O    + CO           5.333E-08

H2CO                PRODUCTION RXS              INT RX RATE    TP =  3.37E+00
  35) HCO     + HCO     = H2CO    + CO           3.359E+00
  57) CH4     + O1D     = H2CO    + H2           1.325E-04
  64) CH3     + O2      = H2CO    + OH           7.566E-03
  65) CH3     + O       = H2CO    + H            6.353E-11
  66) CH3     + O3      = H2CO    + HO2          9.309E-06
  98) CH23    + CO2     = H2CO    + CO           2.362E-10
 224) C2H5    + O       = H2CO    + CH3          1.433E-29
 259) CH3O2   + H       = H2O     + H2CO         4.909E-12
 260) CH3O2   + O       = H2CO    + HO2          1.218E-06
 266) NO      + CH3O    = HNO     + H2CO         2.928E-04
 267) NO2     + CH3O    = H2CO    + HNO2         1.174E-05
 269) CH3O    + O2      = H2CO    + HO2          2.926E-03
 273) CH2CO   + O       = H2CO    + CO           4.961E-12
 276) CH3CO   + O       = H2CO    + HCO          2.280E-05
 303) C2H4    + OH      = H2CO    + CH3          1.139E-34

H2CO                   LOSS RXS                INT RX RATE    TL =  2.79E+00
  39) H2CO    + HV      = H2      + CO           6.110E-02
  40) H2CO    + HV      = HCO     + H            1.175E-02
  42) H2CO    + H       = H2      + HCO          2.119E-05
  45) H2CO    + OH      = H2O     + HCO          3.067E-04
  48) H2CO    + O       = HCO     + OH           2.783E-03
  73) CH3     + H2CO    = CH4     + HCO          3.916E-23
 143) HS      + H2CO    = H2S     + HCO          6.372E-06
 262) HCO     + H2CO    = CH3O    + CO           5.333E-08

CH4                 PRODUCTION RXS              INT RX RATE    TP =  1.59E-06
  70) CH3     + H       = CH4     +              2.120E-13
  71) CH3     + HCO     = CH4     + CO           3.036E-13
  72) CH3     + HNO     = CH4     + NO           5.627E-13
  73) CH3     + H2CO    = CH4     + HCO          3.916E-23
 231) CH3     + HCS     = CH4     + CS           5.576E-49
 258) CH3O2   + H       = CH4     + O2           6.872E-12
 275) CH3CO   + H       = CH4     + CO           1.589E-06
 278) CH3CO   + CH3     = CH4     + CH2CO        3.060E-19
 312) C2H3    + CH3     = C2H2    + CH4          2.036E-59
 315) C2H5    + CH3     = C2H4    + CH4          4.784E-43
 332) CH3CHO  + CH3     = CH3CO   + CH4          1.767E-45
 334) CH3CHO  + HV      = CH4     + CO           3.242E-30
 348) C3H6    + HV      = C2H     + CH4     H    8.617E-69
 354) C3H7    + CH3     = C3H6    + CH4          6.787E-61
 364) C3H5    + H       = CH4     + C2H2         1.023E-61
 365) C3H5    + CH3     = CH2CCH2 + CH4          2.660E-75
 375) C3H5    + CH3     = CH3C2H  + CH4          2.660E-75

CH4                    LOSS RXS                INT RX RATE    TL =  2.05E-02
  55) CH4     + OH      = CH3     + H2O          2.091E-03
  56) CH4     + O1D     = CH3     + OH           1.988E-03
  57) CH4     + O1D     = H2CO    + H2           1.325E-04
  62) CH23    + CH4     = CH3     + CH3          2.208E-28
  93) CH4     + O       = CH3     + OH           6.222E-03
 215) CH4     + HS      = CH3     + H2S          4.242E-20
 268) O1D     + CH4     = CH3O    + H            5.301E-04
 286) C2H     + CH4     = C2H2    + CH3          2.578E-53
 289) C2      + CH4     = C2H     + CH3          1.400E-51
 301) C2H3    + CH4     = C2H4    + CH3          1.325E-51
 307) CH      + CH4     = C2H4    + H            2.970E-32

CH3                 PRODUCTION RXS              INT RX RATE    TP =  1.03E-02
  55) CH4     + OH      = CH3     + H2O          2.091E-03
  56) CH4     + O1D     = CH3     + OH           1.988E-03
  61) CH23    + H2      = CH3     + H            9.605E-14
  62) CH23    + CH4     = CH3     + CH3          2.208E-28
  93) CH4     + O       = CH3     + OH           6.222E-03
 104) C2H5    + O2      = CH3     + HCO     OH   1.887E-19
 215) CH4     + HS      = CH3     + H2S          4.242E-20
 220) C2H5    + H       = CH3     + CH3          1.252E-31
 223) C2H5    + O       = CH3     + HCO     H    1.610E-29
 224) C2H5    + O       = H2CO    + CH3          1.433E-29
 226) C2H5    + OH      = CH3     + HCO     H2   1.657E-33
 245) CH      + H2      = CH3     +              2.122E-23
 255) CH23    + H       = CH3     +              2.571E-22
 263) CH3O    + CO      = CH3     + CO2          4.454E-07
 272) CH2CO   + H       = CH3     + CO           9.541E-17
 282) C2H2    + OH      = CO      + CH3          2.086E-41
 286) C2H     + CH4     = C2H2    + CH3          2.578E-53
 289) C2      + CH4     = C2H     + CH3          1.400E-51
 297) CH23    + C2H3    = CH3     + C2H2         3.047E-68
 301) C2H3    + CH4     = C2H4    + CH3          1.325E-51
 303) C2H4    + OH      = H2CO    + CH3          1.139E-34
 304) C2H4    + O       = HCO     + CH3          3.769E-32
 308) CH23    + C2H5    = CH3     + C2H4         5.535E-52
 333) CH3CHO  + HV      = CH3     + HCO          3.242E-30
 339) C3H7    + H       = CH3     + C2H5         2.232E-46
 345) C3H6    + HV      = C2H2    + CH3     H    5.860E-68
 351) C3H6    + OH      = CH3CHO  + CH3          4.846E-61
 352) C3H6    + O       = CH3     + CH3     CO   7.180E-59
 359) CH2CCH2 + H       = CH3     + C2H2         2.897E-63
 362) C2H3    + C2H5    = CH3     + C3H5         1.152E-80
 369) CH3C2H  + H       = CH3     + C2H2         2.307E-61
 381) CH3C2H  + HV      = CH3     + C2H          6.295E-62

CH3                    LOSS RXS                INT RX RATE    TL =  1.03E-02
  64) CH3     + O2      = H2CO    + OH           7.566E-03
  65) CH3     + O       = H2CO    + H            6.353E-11
  66) CH3     + O3      = H2CO    + HO2          9.309E-06
  67) CH3     + OH      = CO      + H2      H2   1.724E-16
  68) CH3     + CH3     = C2H6    +              1.348E-21
  69) CH3     + HV      = CH23    + H            2.469E-10
  70) CH3     + H       = CH4     +              2.120E-13
  71) CH3     + HCO     = CH4     + CO           3.036E-13
  72) CH3     + HNO     = CH4     + NO           5.627E-13
  73) CH3     + H2CO    = CH4     + HCO          3.916E-23
 231) CH3     + HCS     = CH4     + CS           5.576E-49
 257) CH3     + O2      = CH3O2   +              2.693E-03
 264) CH3     + OH      = CH3O    + H            3.344E-16
 265) CH3     + O3      = CH3O    + O2           9.309E-06
 274) CH3     + CO      = CH3CO   +              2.439E-05
 277) CH3CO   + CH3     = C2H6    + CO           1.922E-19
 278) CH3CO   + CH3     = CH4     + CH2CO        3.060E-19
 296) CH23    + CH3     = C2H4    + H            4.164E-34
 312) C2H3    + CH3     = C2H2    + CH4          2.036E-59
 315) C2H5    + CH3     = C2H4    + CH4          4.784E-43
 332) CH3CHO  + CH3     = CH3CO   + CH4          1.767E-45
 335) C2H5    + CH3     = C3H8    +              4.784E-43
 350) C2H3    + CH3     = C3H6    +              7.187E-59
 354) C3H7    + CH3     = C3H6    + CH4          6.787E-61
 361) CH3     + C2H3    = C3H5    + H            1.437E-61
 365) C3H5    + CH3     = CH2CCH2 + CH4          2.660E-75
 375) C3H5    + CH3     = CH3C2H  + CH4          2.660E-75

C2H6                PRODUCTION RXS              INT RX RATE    TP =  1.94E-19
  68) CH3     + CH3     = C2H6    +              1.348E-21
 102) C2H5    + HCO     = C2H6    + CO           1.309E-30
 103) C2H5    + HNO     = C2H6    + NO           6.007E-31
 221) C2H5    + H       = C2H6    +              4.584E-31
 277) CH3CO   + CH3     = C2H6    + CO           1.922E-19
 316) C2H5    + C2H3    = C2H6    + C2H2         6.103E-78
 317) C2H5    + C2H5    = C2H6    + C2H4         7.251E-62

C2H6                   LOSS RXS                INT RX RATE    TL =  1.94E-19
  99) C2H6    + OH      = C2H5    + H2O          4.343E-20
 100) C2H6    + O       = C2H5    + OH           1.420E-19
 101) C2H6    + O1D     = C2H5    + OH           3.314E-21
 302) C2H3    + C2H6    = C2H4    + C2H5         7.368E-73
 306) C2H     + C2H6    = C2H2    + C2H5         1.645E-70

NO                  PRODUCTION RXS              INT RX RATE    TP =  4.69E+13
  51) HNO2    + HV      = NO      + OH           4.844E+08
  54) NO2     + HV      = NO      + O            3.779E+13
  72) CH3     + HNO     = CH4     + NO           5.627E-13
  76) N       + O2      = NO      + O            2.302E+04
  77) N       + O3      = NO      + O2           8.728E+06
  78) N       + OH      = NO      + H            6.970E-01
  84) NO2     + O       = NO      + O2           9.082E+12
  86) NO2     + H       = NO      + OH           8.721E+08
  88) HNO     + HV      = NO      + H            5.780E+08
  89) H       + HNO     = H2      + NO           1.931E+02
  90) O       + HNO     = OH      + NO           7.562E+04
  91) OH      + HNO     = H2O     + NO           4.694E+01
 103) C2H5    + HNO     = C2H6    + NO           6.007E-31
 108) N       + HO2     = NO      + OH           1.462E+05
 161) SO      + NO2     = SO2     + NO           5.544E+07
 165) HS      + NO2     = HSO     + NO           6.397E+06

NO                     LOSS RXS                INT RX RATE    TL =  4.69E+13
  53) NO      + HV      = N       + O            2.987E+04
  74) H       + NO      = HNO     +              6.237E+07
  79) N       + NO      = N2      + O            9.113E+07
  80) NO      + O3      = NO2     + O2           4.629E+13
  81) NO      + O       = NO2     +              7.695E+10
  82) NO      + HO2     = NO2     + OH           5.063E+11
  83) NO      + OH      = HNO2    +              2.033E+07
  87) HCO     + NO      = HNO     + CO           5.004E+08
 174) HSO     + NO      = HNO     + SO           1.554E+07
 261) NO      + CH3O2   = CH3O    + NO2          2.692E-03
 266) NO      + CH3O    = HNO     + H2CO         2.928E-04

NO2                 PRODUCTION RXS              INT RX RATE    TP =  4.69E+13
  52) HNO3    + HV      = NO2     + OH           1.332E+07
  80) NO      + O3      = NO2     + O2           4.629E+13
  81) NO      + O       = NO2     +              7.695E+10
  82) NO      + HO2     = NO2     + OH           5.063E+11
  92) HNO2    + OH      = H2O     + NO2          1.114E+00
 107) HNO3    + OH      = H2O     + NO2     O    2.002E+05
 261) NO      + CH3O2   = CH3O    + NO2          2.692E-03

NO2                    LOSS RXS                INT RX RATE    TL =  4.69E+13
  54) NO2     + HV      = NO      + O            3.779E+13
  84) NO2     + O       = NO      + O2           9.082E+12
  85) NO2     + OH      = HNO3    +              3.070E+07
  86) NO2     + H       = NO      + OH           8.721E+08
 109) HO2     + NO2     = HNO2    + O2           4.641E+08
 161) SO      + NO2     = SO2     + NO           5.544E+07
 165) HS      + NO2     = HSO     + NO           6.397E+06
 267) NO2     + CH3O    = H2CO    + HNO2         1.174E-05

HNO                 PRODUCTION RXS              INT RX RATE    TP =  5.78E+08
  74) H       + NO      = HNO     +              6.237E+07
  87) HCO     + NO      = HNO     + CO           5.004E+08
 174) HSO     + NO      = HNO     + SO           1.554E+07
 266) NO      + CH3O    = HNO     + H2CO         2.928E-04

HNO                    LOSS RXS                INT RX RATE    TL =  5.78E+08
  72) CH3     + HNO     = CH4     + NO           5.627E-13
  88) HNO     + HV      = NO      + H            5.780E+08
  89) H       + HNO     = H2      + NO           1.931E+02
  90) O       + HNO     = OH      + NO           7.562E+04
  91) OH      + HNO     = H2O     + NO           4.694E+01
 103) C2H5    + HNO     = C2H6    + NO           6.007E-31

O3                  PRODUCTION RXS              INT RX RATE    TP =  1.10E+15
  18) O       + O2      = O3      +              1.104E+15

O3                     LOSS RXS                INT RX RATE    TL =  1.10E+15
   5) H       + O3      = OH      + O2           1.574E+09
  12) OH      + O3      = HO2     + O2           8.721E+05
  14) HO2     + O3      = OH      + O2      O2   5.554E+10
  19) O       + O3      = O2      + O2           6.413E+09
  26) O3      + HV      = O2      + O1D          2.672E+11
  27) O3      + HV      = O2      + O            1.057E+15
  66) CH3     + O3      = H2CO    + HO2          9.309E-06
  77) N       + O3      = NO      + O2           8.728E+06
  80) NO      + O3      = NO2     + O2           4.629E+13
 162) SO      + O3      = SO2     + O2           2.472E+06
 164) HS      + O3      = HSO     + O2           5.756E+06
 166) S       + O3      = SO      + O2           1.126E-02
 199) CS      + O3      = OCS     + O2           5.296E-36
 200) CS      + O3      = SO      + CO2          5.296E-36
 201) CS      + O3      = CO      + SO2          5.296E-36
 265) CH3     + O3      = CH3O    + O2           9.309E-06

HNO3                PRODUCTION RXS              INT RX RATE    TP =  3.07E+07
  85) NO2     + OH      = HNO3    +              3.070E+07

HNO3                   LOSS RXS                INT RX RATE    TL =  2.96E+07
  52) HNO3    + HV      = NO2     + OH           1.332E+07
 107) HNO3    + OH      = H2O     + NO2     O    2.002E+05

N                   PRODUCTION RXS              INT RX RATE    TP =  2.99E+04
  53) NO      + HV      = N       + O            2.987E+04

N                      LOSS RXS                INT RX RATE    TL =  1.00E+08
  75) N       + N       = N2      +              4.439E+01
  76) N       + O2      = NO      + O            2.302E+04
  77) N       + O3      = NO      + O2           8.728E+06
  78) N       + OH      = NO      + H            6.970E-01
  79) N       + NO      = N2      + O            9.113E+07
 108) N       + HO2     = NO      + OH           1.462E+05

C3H2                PRODUCTION RXS              INT RX RATE    TP =  1.43E-58
 367) CH      + C2H2    = C3H2    + H            1.944E-72
 378) C3H3    + HV      = C3H2    + H            1.407E-58
 380) CH3C2H  + HV      = C3H2    + H2           1.385E-60
 383) CH2CCH2 + HV      = C3H2    + H2           1.116E-60

C3H2                   LOSS RXS                INT RX RATE    TL =  1.43E-58
 371) C3H2    + H       = C3H3    +              1.432E-58

C3H3                PRODUCTION RXS              INT RX RATE    TP =  1.47E-58
 371) C3H2    + H       = C3H3    +              1.432E-58
 379) CH3C2H  + HV      = C3H3    + H            1.763E-60
 382) CH2CCH2 + HV      = C3H3    + H            1.984E-60

C3H3                   LOSS RXS                INT RX RATE    TL =  1.47E-58
 372) C3H3    + H       = CH3C2H  +              3.124E-60
 373) C3H3    + H       = CH2CCH2 +              3.124E-60
 378) C3H3    + HV      = C3H2    + H            1.407E-58

CH3C2H              PRODUCTION RXS              INT RX RATE    TP =  3.67E-60
 358) CH      + C2H4    = CH3C2H  + H            1.723E-67
 368) CH23    + C2H2    = CH3C2H  +              1.615E-61
 372) C3H3    + H       = CH3C2H  +              3.124E-60
 374) C3H5    + H       = CH3C2H  + H2           1.023E-61
 375) C3H5    + CH3     = CH3C2H  + CH4          2.660E-75
 376) CH2CCH2 + H       = CH3C2H  + H            2.844E-61

CH3C2H                 LOSS RXS                INT RX RATE    TL =  3.67E-60
 369) CH3C2H  + H       = CH3     + C2H2         2.307E-61
 370) CH3C2H  + H       = C3H5    +              2.307E-61
 379) CH3C2H  + HV      = C3H3    + H            1.763E-60
 380) CH3C2H  + HV      = C3H2    + H2           1.385E-60
 381) CH3C2H  + HV      = CH3     + C2H          6.295E-62

CH2CCH2             PRODUCTION RXS              INT RX RATE    TP =  3.39E-60
 346) C3H6    + HV      = CH2CCH2 + H2           1.723E-69
 357) CH      + C2H4    = CH2CCH2 + H            1.723E-67
 365) C3H5    + CH3     = CH2CCH2 + CH4          2.660E-75
 366) C3H5    + H       = CH2CCH2 + H2           1.023E-61
 373) C3H3    + H       = CH2CCH2 +              3.124E-60
 377) CH23    + C2H2    = CH2CCH2 +              1.615E-61

CH2CCH2                LOSS RXS                INT RX RATE    TL =  3.39E-60
 359) CH2CCH2 + H       = CH3     + C2H2         2.897E-63
 360) CH2CCH2 + H       = C3H5    +              2.933E-64
 376) CH2CCH2 + H       = CH3C2H  + H            2.844E-61
 382) CH2CCH2 + HV      = C3H3    + H            1.984E-60
 383) CH2CCH2 + HV      = C3H2    + H2           1.116E-60
 392) C2H     + CH2CCH2 = HCAER2  + H            1.923-112

C3H5                PRODUCTION RXS              INT RX RATE    TP =  3.75E-61
 360) CH2CCH2 + H       = C3H5    +              2.933E-64
 361) CH3     + C2H3    = C3H5    + H            1.437E-61
 362) C2H3    + C2H5    = CH3     + C3H5         1.152E-80
 370) CH3C2H  + H       = C3H5    +              2.307E-61

C3H5                   LOSS RXS                INT RX RATE    TL =  3.75E-61
 363) C3H5    + H       = C3H6    +              6.796E-62
 364) C3H5    + H       = CH4     + C2H2         1.023E-61
 365) C3H5    + CH3     = CH2CCH2 + CH4          2.660E-75
 366) C3H5    + H       = CH2CCH2 + H2           1.023E-61
 374) C3H5    + H       = CH3C2H  + H2           1.023E-61
 375) C3H5    + CH3     = CH3C2H  + CH4          2.660E-75

C2H5CHO             PRODUCTION RXS              INT RX RATE    TP =  4.78E-43
 355) C3H7    + OH      = C2H5CHO + H2           3.268E-47
 356) C3H7    + O       = C2H5CHO + H            4.781E-43

C2H5CHO                LOSS RXS                INT RX RATE    TL =  4.78E-43
 349) C2H5CHO + HV      = C2H5    + HCO          4.711E-43

C3H6                PRODUCTION RXS              INT RX RATE    TP =  7.26E-59
 350) C2H3    + CH3     = C3H6    +              7.187E-59
 354) C3H7    + CH3     = C3H6    + CH4          6.787E-61
 363) C3H5    + H       = C3H6    +              6.796E-62

C3H6                   LOSS RXS                INT RX RATE    TL =  7.26E-59
 345) C3H6    + HV      = C2H2    + CH3     H    5.860E-68
 346) C3H6    + HV      = CH2CCH2 + H2           1.723E-69
 347) C3H6    + HV      = C2H4    + CH23         3.447E-69
 348) C3H6    + HV      = C2H     + CH4     H    8.617E-69
 351) C3H6    + OH      = CH3CHO  + CH3          4.846E-61
 352) C3H6    + O       = CH3     + CH3     CO   7.180E-59
 353) C3H6    + H       = C3H7    +              3.308E-61

C3H7                PRODUCTION RXS              INT RX RATE    TP =  4.78E-43
 336) C3H8    + OH      = C3H7    + H2O          7.617E-45
 337) C3H8    + O       = C3H7    + OH           4.707E-43
 338) C3H8    + O1D     = C3H7    + OH           1.961E-47
 344) C2H     + C3H8    = C2H2    + C3H7         1.676E-96
 353) C3H6    + H       = C3H7    +              3.308E-61

C3H7                   LOSS RXS                INT RX RATE    TL =  4.78E-43
 339) C3H7    + H       = CH3     + C2H5         2.232E-46
 354) C3H7    + CH3     = C3H6    + CH4          6.787E-61
 355) C3H7    + OH      = C2H5CHO + H2           3.268E-47
 356) C3H7    + O       = C2H5CHO + H            4.781E-43

C3H8                PRODUCTION RXS              INT RX RATE    TP =  4.78E-43
 335) C2H5    + CH3     = C3H8    +              4.784E-43

C3H8                   LOSS RXS                INT RX RATE    TL =  4.78E-43
 336) C3H8    + OH      = C3H7    + H2O          7.617E-45
 337) C3H8    + O       = C3H7    + OH           4.707E-43
 338) C3H8    + O1D     = C3H7    + OH           1.961E-47
 344) C2H     + C3H8    = C2H2    + C3H7         1.676E-96

C2H4OH              PRODUCTION RXS              INT RX RATE    TP =  8.36E-35
 324) C2H4    + OH      = C2H4OH  +              8.365E-35

C2H4OH                 LOSS RXS                INT RX RATE    TL =  8.36E-35
 325) C2H4OH  + H       = H2O     + C2H4         7.134E-35
 326) C2H4OH  + H       = H2      + CH3CHO       1.254E-38
 327) C2H4OH  + O       = OH      + CH3CHO       1.227E-35
 328) C2H4OH  + OH      = H2O     + CH3CHO       2.438E-38

C2H2OH              PRODUCTION RXS              INT RX RATE    TP =  4.46E-41
 318) C2H2    + OH      = C2H2OH  +              4.462E-41

C2H2OH                 LOSS RXS                INT RX RATE    TL =  4.46E-41
 320) C2H2OH  + H       = H2O     + C2H2         2.966E-41
 321) C2H2OH  + H       = H2      + CH2CO        4.815E-45
 322) C2H2OH  + O       = OH      + CH2CO        1.493E-41
 323) C2H2OH  + OH      = H2O     + CH2CO        2.001E-44

C2H5                PRODUCTION RXS              INT RX RATE    TP =  1.89E-19
  99) C2H6    + OH      = C2H5    + H2O          4.343E-20
 100) C2H6    + O       = C2H5    + OH           1.420E-19
 101) C2H6    + O1D     = C2H5    + OH           3.314E-21
 302) C2H3    + C2H6    = C2H4    + C2H5         7.368E-73
 305) C2H4    + H       = C2H5    +              2.166E-34
 306) C2H     + C2H6    = C2H2    + C2H5         1.645E-70
 339) C3H7    + H       = CH3     + C2H5         2.232E-46
 349) C2H5CHO + HV      = C2H5    + HCO          4.711E-43

C2H5                   LOSS RXS                INT RX RATE    TL =  1.89E-19
 102) C2H5    + HCO     = C2H6    + CO           1.309E-30
 103) C2H5    + HNO     = C2H6    + NO           6.007E-31
 104) C2H5    + O2      = CH3     + HCO     OH   1.887E-19
 220) C2H5    + H       = CH3     + CH3          1.252E-31
 221) C2H5    + H       = C2H6    +              4.584E-31
 222) C2H5    + H       = C2H4    + H2           6.259E-33
 223) C2H5    + O       = CH3     + HCO     H    1.610E-29
 224) C2H5    + O       = H2CO    + CH3          1.433E-29
 225) C2H5    + O       = CH3CHO  + H            7.138E-29
 226) C2H5    + OH      = CH3     + HCO     H2   1.657E-33
 227) C2H5    + OH      = CH3CHO  + H2           4.143E-33
 228) C2H5    + OH      = C2H4    + H2O          1.657E-33
 308) CH23    + C2H5    = CH3     + C2H4         5.535E-52
 314) C2H3    + C2H5    = C2H4    + C2H4         3.052E-78
 315) C2H5    + CH3     = C2H4    + CH4          4.784E-43
 316) C2H5    + C2H3    = C2H6    + C2H2         6.103E-78
 317) C2H5    + C2H5    = C2H6    + C2H4         7.251E-62
 335) C2H5    + CH3     = C3H8    +              4.784E-43
 362) C2H3    + C2H5    = CH3     + C3H5         1.152E-80

C2H4                PRODUCTION RXS              INT RX RATE    TP =  3.81E-32
 222) C2H5    + H       = C2H4    + H2           6.259E-33
 228) C2H5    + OH      = C2H4    + H2O          1.657E-33
 296) CH23    + CH3     = C2H4    + H            4.164E-34
 300) C2H3    + H2      = C2H4    + H            3.923E-41
 301) C2H3    + CH4     = C2H4    + CH3          1.325E-51
 302) C2H3    + C2H6    = C2H4    + C2H5         7.368E-73
 307) CH      + CH4     = C2H4    + H            2.970E-32
 308) CH23    + C2H5    = CH3     + C2H4         5.535E-52
 313) C2H3    + C2H3    = C2H4    + C2H2         3.466E-91
 314) C2H3    + C2H5    = C2H4    + C2H4         3.052E-78
 315) C2H5    + CH3     = C2H4    + CH4          4.784E-43
 317) C2H5    + C2H5    = C2H6    + C2H4         7.251E-62
 325) C2H4OH  + H       = H2O     + C2H4         7.134E-35
 347) C3H6    + HV      = C2H4    + CH23         3.447E-69

C2H4                   LOSS RXS                INT RX RATE    TL =  3.81E-32
 294) C2H4    + HV      = C2H2    + H2           2.258E-38
 295) C2H4    + HV      = C2H2    + H       H    8.351E-39
 303) C2H4    + OH      = H2CO    + CH3          1.139E-34
 304) C2H4    + O       = HCO     + CH3          3.769E-32
 305) C2H4    + H       = C2H5    +              2.166E-34
 324) C2H4    + OH      = C2H4OH  +              8.365E-35
 357) CH      + C2H4    = CH2CCH2 + H            1.723E-67
 358) CH      + C2H4    = CH3C2H  + H            1.723E-67

CH                  PRODUCTION RXS              INT RX RATE    TP =  4.64E-21
 253) CH23    + O       = CH      + OH           4.387E-21
 256) CH23    + H       = CH      + H2           2.507E-22
 284) C2H     + O       = CO      + CH           1.691E-50

CH                     LOSS RXS                INT RX RATE    TL =  4.64E-21
 242) CH      + H       = C       + H2           1.870E-36
 243) CH      + O       = CO      + H            1.293E-30
 244) CH      + H2      = CH23    + H            1.955E-26
 245) CH      + H2      = CH3     +              2.122E-23
 246) CH      + O2      = CO      + OH           9.900E-22
 247) CH      + CO2     = HCO     + CO           3.626E-21
 248) CH      + HV      = C       + H            2.998E-37
 249) CH      + S       = CS      + H            1.207E-46
 250) CH      + S2      = CS      + HS           4.692E-52
 251) CH      + CS2     = HCS     + CS           9.723E-79
 252) OCS     + CH      = CO      + HCS          1.106E-35
 307) CH      + CH4     = C2H4    + H            2.970E-32
 357) CH      + C2H4    = CH2CCH2 + H            1.723E-67
 358) CH      + C2H4    = CH3C2H  + H            1.723E-67
 367) CH      + C2H2    = C3H2    + H            1.944E-72

CH3O2               PRODUCTION RXS              INT RX RATE    TP =  2.69E-03
 257) CH3     + O2      = CH3O2   +              2.693E-03

CH3O2                  LOSS RXS                INT RX RATE    TL =  2.69E-03
 258) CH3O2   + H       = CH4     + O2           6.872E-12
 259) CH3O2   + H       = H2O     + H2CO         4.909E-12
 260) CH3O2   + O       = H2CO    + HO2          1.218E-06
 261) NO      + CH3O2   = CH3O    + NO2          2.692E-03

CH3O                PRODUCTION RXS              INT RX RATE    TP =  3.23E-03
 261) NO      + CH3O2   = CH3O    + NO2          2.692E-03
 262) HCO     + H2CO    = CH3O    + CO           5.333E-08
 264) CH3     + OH      = CH3O    + H            3.344E-16
 265) CH3     + O3      = CH3O    + O2           9.309E-06
 268) O1D     + CH4     = CH3O    + H            5.301E-04

CH3O                   LOSS RXS                INT RX RATE    TL =  3.23E-03
 263) CH3O    + CO      = CH3     + CO2          4.454E-07
 266) NO      + CH3O    = HNO     + H2CO         2.928E-04
 267) NO2     + CH3O    = H2CO    + HNO2         1.174E-05
 269) CH3O    + O2      = H2CO    + HO2          2.926E-03

CH2CO               PRODUCTION RXS              INT RX RATE    TP =  6.49E-12
 271) CH23    + CO      = CH2CO   +              6.488E-12
 278) CH3CO   + CH3     = CH4     + CH2CO        3.060E-19
 310) C2H3    + O       = CH2CO   + H            2.397E-43
 319) C2H2    + OH      = CH2CO   + H            2.659E-40
 321) C2H2OH  + H       = H2      + CH2CO        4.815E-45
 322) C2H2OH  + O       = OH      + CH2CO        1.493E-41
 323) C2H2OH  + OH      = H2O     + CH2CO        2.001E-44

CH2CO                  LOSS RXS                INT RX RATE    TL =  6.49E-12
 270) CH2CO   + HV      = CH23    + CO           1.526E-12
 272) CH2CO   + H       = CH3     + CO           9.541E-17
 273) CH2CO   + O       = H2CO    + CO           4.961E-12

CH3CO               PRODUCTION RXS              INT RX RATE    TP =  2.44E-05
 274) CH3     + CO      = CH3CO   +              2.439E-05
 329) CH3CHO  + H       = CH3CO   + H2           8.449E-33
 330) CH3CHO  + O       = CH3CO   + OH           6.120E-29
 331) CH3CHO  + OH      = CH3CO   + H2O          8.462E-32
 332) CH3CHO  + CH3     = CH3CO   + CH4          1.767E-45

CH3CO                  LOSS RXS                INT RX RATE    TL =  2.44E-05
 275) CH3CO   + H       = CH4     + CO           1.589E-06
 276) CH3CO   + O       = H2CO    + HCO          2.280E-05
 277) CH3CO   + CH3     = C2H6    + CO           1.922E-19
 278) CH3CO   + CH3     = CH4     + CH2CO        3.060E-19

CH3CHO              PRODUCTION RXS              INT RX RATE    TP =  7.14E-29
 225) C2H5    + O       = CH3CHO  + H            7.138E-29
 227) C2H5    + OH      = CH3CHO  + H2           4.143E-33
 326) C2H4OH  + H       = H2      + CH3CHO       1.254E-38
 327) C2H4OH  + O       = OH      + CH3CHO       1.227E-35
 328) C2H4OH  + OH      = H2O     + CH3CHO       2.438E-38
 351) C3H6    + OH      = CH3CHO  + CH3          4.846E-61

CH3CHO                 LOSS RXS                INT RX RATE    TL =  7.14E-29
 329) CH3CHO  + H       = CH3CO   + H2           8.449E-33
 330) CH3CHO  + O       = CH3CO   + OH           6.120E-29
 331) CH3CHO  + OH      = CH3CO   + H2O          8.462E-32
 332) CH3CHO  + CH3     = CH3CO   + CH4          1.767E-45
 333) CH3CHO  + HV      = CH3     + HCO          3.242E-30
 334) CH3CHO  + HV      = CH4     + CO           3.242E-30

C2H2                PRODUCTION RXS              INT RX RATE    TP =  3.10E-38
 279) CH23    + CH23    = C2H2    + H2           5.878E-43
 285) C2H     + H2      = C2H2    + H            1.871E-46
 286) C2H     + CH4     = C2H2    + CH3          2.578E-53
 287) C2H     + H       = C2H2    +              3.864E-55
 294) C2H4    + HV      = C2H2    + H2           2.258E-38
 295) C2H4    + HV      = C2H2    + H       H    8.351E-39
 297) CH23    + C2H3    = CH3     + C2H2         3.047E-68
 299) C2H3    + H       = C2H2    + H2           6.927E-46
 306) C2H     + C2H6    = C2H2    + C2H5         1.645E-70
 311) C2H3    + OH      = C2H2    + H2O          5.022E-48
 312) C2H3    + CH3     = C2H2    + CH4          2.036E-59
 313) C2H3    + C2H3    = C2H4    + C2H2         3.466E-91
 316) C2H5    + C2H3    = C2H6    + C2H2         6.103E-78
 320) C2H2OH  + H       = H2O     + C2H2         2.966E-41
 344) C2H     + C3H8    = C2H2    + C3H7         1.676E-96
 345) C3H6    + HV      = C2H2    + CH3     H    5.860E-68
 359) CH2CCH2 + H       = CH3     + C2H2         2.897E-63
 364) C3H5    + H       = CH4     + C2H2         1.023E-61
 369) CH3C2H  + H       = CH3     + C2H2         2.307E-61

C2H2                   LOSS RXS                INT RX RATE    TL =  3.10E-38
 280) C2H2    + HV      = C2H     + H            1.425E-41
 281) C2H2    + HV      = C2      + H2           4.750E-42
 282) C2H2    + OH      = CO      + CH3          2.086E-41
 298) C2H2    + H       = C2H3    +              3.947E-41
 309) C2H2    + O       = CH23    + CO           3.057E-38
 318) C2H2    + OH      = C2H2OH  +              4.462E-41
 319) C2H2    + OH      = CH2CO   + H            2.659E-40
 367) CH      + C2H2    = C3H2    + H            1.944E-72
 368) CH23    + C2H2    = CH3C2H  +              1.615E-61
 377) CH23    + C2H2    = CH2CCH2 +              1.615E-61
 391) C2H     + C2H2    = HCAER   + H            4.543E-92

CH23                PRODUCTION RXS              INT RX RATE    TP =  2.48E-10
  69) CH3     + HV      = CH23    + H            2.469E-10
 238) C       + H2      = CH23    +              1.044E-36
 244) CH      + H2      = CH23    + H            1.955E-26
 270) CH2CO   + HV      = CH23    + CO           1.526E-12
 309) C2H2    + O       = CH23    + CO           3.057E-38
 347) C3H6    + HV      = C2H4    + CH23         3.447E-69

CH23                   LOSS RXS                INT RX RATE    TL =  2.48E-10
  61) CH23    + H2      = CH3     + H            9.605E-14
  62) CH23    + CH4     = CH3     + CH3          2.208E-28
  63) CH23    + O2      = HCO     + OH           5.607E-12
  97) CH23    + O       = HCO     + H            5.484E-21
  98) CH23    + CO2     = H2CO    + CO           2.362E-10
 230) CH23    + S2      = HCS     + HS           9.620E-40
 232) CH23    + S       = HCS     + H            8.569E-36
 253) CH23    + O       = CH      + OH           4.387E-21
 254) CH23    + O       = CO      + H       H    4.551E-20
 255) CH23    + H       = CH3     +              2.571E-22
 256) CH23    + H       = CH      + H2           2.507E-22
 271) CH23    + CO      = CH2CO   +              6.488E-12
 279) CH23    + CH23    = C2H2    + H2           5.878E-43
 296) CH23    + CH3     = C2H4    + H            4.164E-34
 297) CH23    + C2H3    = CH3     + C2H2         3.047E-68
 308) CH23    + C2H5    = CH3     + C2H4         5.535E-52
 368) CH23    + C2H2    = CH3C2H  +              1.615E-61
 377) CH23    + C2H2    = CH2CCH2 +              1.615E-61

C2H                 PRODUCTION RXS              INT RX RATE    TP =  1.43E-41
 280) C2H2    + HV      = C2H     + H            1.425E-41
 288) C2      + H2      = C2H     + H            4.982E-45
 289) C2      + CH4     = C2H     + CH3          1.400E-51
 348) C3H6    + HV      = C2H     + CH4     H    8.617E-69
 381) CH3C2H  + HV      = CH3     + C2H          6.295E-62

C2H                    LOSS RXS                INT RX RATE    TL =  1.43E-41
 283) C2H     + O2      = CO      + HCO          1.426E-41
 284) C2H     + O       = CO      + CH           1.691E-50
 285) C2H     + H2      = C2H2    + H            1.871E-46
 286) C2H     + CH4     = C2H2    + CH3          2.578E-53
 287) C2H     + H       = C2H2    +              3.864E-55
 306) C2H     + C2H6    = C2H2    + C2H5         1.645E-70
 344) C2H     + C3H8    = C2H2    + C3H7         1.676E-96
 391) C2H     + C2H2    = HCAER   + H            4.543E-92
 392) C2H     + CH2CCH2 = HCAER2  + H            1.923-112

C2                  PRODUCTION RXS              INT RX RATE    TP =  4.75E-42
 281) C2H2    + HV      = C2      + H2           4.750E-42

C2                     LOSS RXS                INT RX RATE    TL =  4.75E-42
 288) C2      + H2      = C2H     + H            4.982E-45
 289) C2      + CH4     = C2H     + CH3          1.400E-51
 290) C2      + S       = C       + CS           3.287E-65
 291) C2      + S2      = CS      + CS           3.087E-74
 292) C2      + O       = C       + CO           3.339E-49
 293) C2      + O2      = CO      + CO           4.745E-42

C2H3                PRODUCTION RXS              INT RX RATE    TP =  3.95E-41
 298) C2H2    + H       = C2H3    +              3.947E-41

C2H3                   LOSS RXS                INT RX RATE    TL =  3.95E-41
 297) CH23    + C2H3    = CH3     + C2H2         3.047E-68
 299) C2H3    + H       = C2H2    + H2           6.927E-46
 300) C2H3    + H2      = C2H4    + H            3.923E-41
 301) C2H3    + CH4     = C2H4    + CH3          1.325E-51
 302) C2H3    + C2H6    = C2H4    + C2H5         7.368E-73
 310) C2H3    + O       = CH2CO   + H            2.397E-43
 311) C2H3    + OH      = C2H2    + H2O          5.022E-48
 312) C2H3    + CH3     = C2H2    + CH4          2.036E-59
 313) C2H3    + C2H3    = C2H4    + C2H2         3.466E-91
 314) C2H3    + C2H5    = C2H4    + C2H4         3.052E-78
 316) C2H5    + C2H3    = C2H6    + C2H2         6.103E-78
 350) C2H3    + CH3     = C3H6    +              7.187E-59
 361) CH3     + C2H3    = C3H5    + H            1.437E-61
 362) C2H3    + C2H5    = CH3     + C3H5         1.152E-80

HCS                 PRODUCTION RXS              INT RX RATE    TP =  1.96E-35
 216) H       + CS      = HCS     +              5.701E-44
 230) CH23    + S2      = HCS     + HS           9.620E-40
 232) CH23    + S       = HCS     + H            8.569E-36
 251) CH      + CS2     = HCS     + CS           9.723E-79
 252) OCS     + CH      = CO      + HCS          1.106E-35

HCS                    LOSS RXS                INT RX RATE    TL =  1.96E-35
 217) H       + HCS     = H2      + CS           1.961E-35
 218) S       + HCS     = H       + CS2          2.841E-48
 219) S       + HCS     = HS      + CS           2.841E-48
 231) CH3     + HCS     = CH4     + CS           5.576E-49
 233) HS      + HCS     = H2S     + CS           2.425E-38

CS2                 PRODUCTION RXS              INT RX RATE    TP =  1.09E-43
 205) CS2X    + M       = CS2     + M            3.503E-44
 208) CS      + HS      = CS2     + H            7.427E-44
 218) S       + HCS     = H       + CS2          2.841E-48

CS2                    LOSS RXS                INT RX RATE    TL =  1.09E-43
 202) CS2     + O       = SO      + CS           6.614E-44
 203) CS2     + O       = OCS     + S            6.201E-45
 204) CS2     + OH      = OCS     + HS           3.776E-50
 207) CS2X    + CS2     = CS      + CS      S2   1.202-106
 209) CS2     + O       = CO      + S2           1.893E-45
 210) CS2     + SO      = OCS     + S2           1.361E-51
 211) CS2     + S       = CS      + S2           1.501E-61
 213) CS2     + HV      = CS      + S            3.791E-48
 214) CS2     + HV      = CS2X    +              3.503E-44
 251) CH      + CS2     = HCS     + CS           9.723E-79

CS                  PRODUCTION RXS              INT RX RATE    TP =  1.96E-35
 202) CS2     + O       = SO      + CS           6.614E-44
 206) CS2X    + O2      = CS      + SO2          3.114E-50
 207) CS2X    + CS2     = CS      + CS      S2   1.202-106
 211) CS2     + S       = CS      + S2           1.501E-61
 213) CS2     + HV      = CS      + S            3.791E-48
 217) H       + HCS     = H2      + CS           1.961E-35
 219) S       + HCS     = HS      + CS           2.841E-48
 231) CH3     + HCS     = CH4     + CS           5.576E-49
 233) HS      + HCS     = H2S     + CS           2.425E-38
 240) C       + HS      = CS      + H            2.386E-50
 241) C       + S2      = CS      + S            1.077E-64
 249) CH      + S       = CS      + H            1.207E-46
 250) CH      + S2      = CS      + HS           4.692E-52
 251) CH      + CS2     = HCS     + CS           9.723E-79
 290) C2      + S       = C       + CS           3.287E-65
 291) C2      + S2      = CS      + CS           3.087E-74

CS                     LOSS RXS                INT RX RATE    TL =  1.96E-35
 197) CS      + O2      = OCS     + O            3.321E-36
 198) CS      + O2      = CO      + SO           4.152E-37
 199) CS      + O3      = OCS     + O2           5.296E-36
 200) CS      + O3      = SO      + CO2          5.296E-36
 201) CS      + O3      = CO      + SO2          5.296E-36
 208) CS      + HS      = CS2     + H            7.427E-44
 212) CS      + O       = CO      + S            8.494E-39
 216) H       + CS      = HCS     +              5.701E-44

OCS                 PRODUCTION RXS              INT RX RATE    TP =  2.82E-03
 183) HS      + CO      = OCS     + H            2.099E-03
 188) S       + HCO     = OCS     + H            9.183E-13
 189) S       + CO      = OCS     +              7.256E-04
 193) OCS2    + S       = OCS     + S2           4.914E-43
 196) OCS2    + CO      = OCS     + OCS          7.300E-17
 197) CS      + O2      = OCS     + O            3.321E-36
 199) CS      + O3      = OCS     + O2           5.296E-36
 203) CS2     + O       = OCS     + S            6.201E-45
 204) CS2     + OH      = OCS     + HS           3.776E-50
 210) CS2     + SO      = OCS     + S2           1.361E-51

OCS                    LOSS RXS                INT RX RATE    TL =  2.82E-03
 182) H       + OCS     = CO      + HS           3.360E-06
 184) O       + OCS     = CO      + SO           2.639E-03
 185) O       + OCS     = S       + CO2          4.780E-09
 186) OCS     + S       = CO      + S2           1.931E-17
 187) OCS     + OH      = CO2     + HS           5.474E-08
 190) OCS     + HV      = CO      + S            1.712E-04
 192) OCS     + S       = OCS2    +              7.300E-17
 252) OCS     + CH      = CO      + HCS          1.106E-35

S                   PRODUCTION RXS              INT RX RATE    TP =  2.41E-01
 110) SO      + HV      = S       + O            2.358E-01
 132) HS      + HS      = H2S     + S            4.375E-05
 134) HS      + H       = H2      + S            4.999E-03
 142) S2      + O       = S       + SO           8.197E-16
 144) S2      + HV      = S       + S            9.210E-21
 150) S3      + HV      = S2      + S            5.024E-31
 167) SO      + SO      = SO2     + S            1.118E-06
 185) O       + OCS     = S       + CO2          4.780E-09
 190) OCS     + HV      = CO      + S            1.712E-04
 203) CS2     + O       = OCS     + S            6.201E-45
 212) CS      + O       = CO      + S            8.494E-39
 213) CS2     + HV      = CS      + S            3.791E-48
 241) C       + S2      = CS      + S            1.077E-64

S                      LOSS RXS                INT RX RATE    TL =  2.41E-01
 135) HS      + S       = H       + S2           8.004E-16
 136) S       + O2      = SO      + O            2.290E-01
 137) S       + OH      = SO      + H            1.630E-14
 138) S       + HCO     = HS      + CO           1.148E-13
 139) S       + HO2     = HS      + O2           3.666E-10
 140) S       + HO2     = SO      + OH           3.666E-10
 141) S       + S       = S2      +              2.817E-28
 145) S       + S2      = S3      +              5.024E-31
 147) S       + S3      = S4      +              7.673E-44
 166) S       + O3      = SO      + O2           1.126E-02
 169) S       + CO2     = SO      + CO           4.221E-07
 180) HSO     + S       = HS      + SO           4.051E-10
 186) OCS     + S       = CO      + S2           1.931E-17
 188) S       + HCO     = OCS     + H            9.183E-13
 189) S       + CO      = OCS     +              7.256E-04
 192) OCS     + S       = OCS2    +              7.300E-17
 193) OCS2    + S       = OCS     + S2           4.914E-43
 211) CS2     + S       = CS      + S2           1.501E-61
 218) S       + HCS     = H       + CS2          2.841E-48
 219) S       + HCS     = HS      + CS           2.841E-48
 232) CH23    + S       = HCS     + H            8.569E-36
 249) CH      + S       = CS      + H            1.207E-46
 290) C2      + S       = C       + CS           3.287E-65

HS                  PRODUCTION RXS              INT RX RATE    TP =  1.22E+07
 111) H2S     + HV      = HS      + H            4.582E+06
 126) H2S     + OH      = H2O     + HS           6.671E+05
 127) H2S     + H       = H2      + HS           1.757E+06
 128) H2S     + O       = OH      + HS           5.145E+06
 138) S       + HCO     = HS      + CO           1.148E-13
 139) S       + HO2     = HS      + O2           3.666E-10
 173) HSO     + HV      = HS      + O            1.177E+03
 176) HSO     + H       = HS      + OH           2.532E+02
 180) HSO     + S       = HS      + SO           4.051E-10
 182) H       + OCS     = CO      + HS           3.360E-06
 187) OCS     + OH      = CO2     + HS           5.474E-08
 204) CS2     + OH      = OCS     + HS           3.776E-50
 219) S       + HCS     = HS      + CS           2.841E-48
 230) CH23    + S2      = HCS     + HS           9.620E-40
 250) CH      + S2      = CS      + HS           4.692E-52

HS                     LOSS RXS                INT RX RATE    TL =  1.22E+07
 129) HS      + O       = H       + SO           1.893E+01
 130) HS      + O2      = OH      + SO           5.237E+02
 131) HS      + HO2     = H2S     + O2           4.044E+00
 132) HS      + HS      = H2S     + S            4.375E-05
 133) HS      + HCO     = H2S     + CO           7.408E-03
 134) HS      + H       = H2      + S            4.999E-03
 135) HS      + S       = H       + S2           8.004E-16
 143) HS      + H2CO    = H2S     + HCO          6.372E-06
 164) HS      + O3      = HSO     + O2           5.756E+06
 165) HS      + NO2     = HSO     + NO           6.397E+06
 178) HSO     + HS      = H2S     + SO           6.038E+00
 183) HS      + CO      = OCS     + H            2.099E-03
 208) CS      + HS      = CS2     + H            7.427E-44
 215) CH4     + HS      = CH3     + H2S          4.242E-20
 233) HS      + HCS     = H2S     + CS           2.425E-38
 240) C       + HS      = CS      + H            2.386E-50

H2S                 PRODUCTION RXS              INT RX RATE    TP =  1.01E+01
 131) HS      + HO2     = H2S     + O2           4.044E+00
 132) HS      + HS      = H2S     + S            4.375E-05
 133) HS      + HCO     = H2S     + CO           7.408E-03
 143) HS      + H2CO    = H2S     + HCO          6.372E-06
 178) HSO     + HS      = H2S     + SO           6.038E+00
 215) CH4     + HS      = CH3     + H2S          4.242E-20
 233) HS      + HCS     = H2S     + CS           2.425E-38

H2S                    LOSS RXS                INT RX RATE    TL =  5.36E+07
 111) H2S     + HV      = HS      + H            4.582E+06
 126) H2S     + OH      = H2O     + HS           6.671E+05
 127) H2S     + H       = H2      + HS           1.757E+06
 128) H2S     + O       = OH      + HS           5.145E+06
 191) H2S     + HO2     = H2O     + HSO          4.124E+07

SO3                 PRODUCTION RXS              INT RX RATE    TP =  7.08E+07
 120) SO2     + O       = SO3     +              7.067E+07
 122) HSO3    + O2      = HO2     + SO3          1.165E+05
 123) HSO3    + OH      = H2O     + SO3          6.829E-08
 124) HSO3    + H       = H2      + SO3          3.359E-06
 125) HSO3    + O       = OH      + SO3          3.297E-04
 156) SO21    + O2      = SO3     + O            3.947E+03
 157) SO21    + SO2     = SO3     + SO           1.026E+02
 160) SO23    + SO2     = SO3     + SO           1.678E+01
 163) SO2     + HO2     = SO3     + OH           1.466E+04

SO3                    LOSS RXS                INT RX RATE    TL =  7.08E+07
 121) SO3     + H2O     = H2SO4   +              7.081E+07
 151) SO3     + HV      = SO2     + O            2.014E+02
 168) SO3     + SO      = SO2     + SO2          4.802E-03

S2                  PRODUCTION RXS              INT RX RATE    TP =  8.20E-16
 135) HS      + S       = H       + S2           8.004E-16
 141) S       + S       = S2      +              2.817E-28
 149) S4      + HV      = S2      + S2           1.367-100
 150) S3      + HV      = S2      + S            5.024E-31
 186) OCS     + S       = CO      + S2           1.931E-17
 193) OCS2    + S       = OCS     + S2           4.914E-43
 207) CS2X    + CS2     = CS      + CS      S2   1.202-106
 209) CS2     + O       = CO      + S2           1.893E-45
 210) CS2     + SO      = OCS     + S2           1.361E-51
 211) CS2     + S       = CS      + S2           1.501E-61

S2                     LOSS RXS                INT RX RATE    TL =  8.20E-16
 142) S2      + O       = S       + SO           8.197E-16
 144) S2      + HV      = S       + S            9.210E-21
 145) S       + S2      = S3      +              5.024E-31
 146) S2      + S2      = S4      +              7.082E-34
 230) CH23    + S2      = HCS     + HS           9.620E-40
 241) C       + S2      = CS      + S            1.077E-64
 250) CH      + S2      = CS      + HS           4.692E-52
 291) C2      + S2      = CS      + CS           3.087E-74

HSO                 PRODUCTION RXS              INT RX RATE    TP =  5.34E+07
 164) HS      + O3      = HSO     + O2           5.756E+06
 165) HS      + NO2     = HSO     + NO           6.397E+06
 170) SO      + HO2     = HSO     + O2           8.434E+02
 171) SO      + HCO     = HSO     + CO           2.148E-02
 172) H       + SO      = HSO     +              6.627E-03
 191) H2S     + HO2     = H2O     + HSO          4.124E+07

HSO                    LOSS RXS                INT RX RATE    TL =  5.34E+07
 173) HSO     + HV      = HS      + O            1.177E+03
 174) HSO     + NO      = HNO     + SO           1.554E+07
 175) HSO     + OH      = H2O     + SO           8.308E+01
 176) HSO     + H       = HS      + OH           2.532E+02
 177) HSO     + H       = H2      + SO           1.266E+02
 178) HSO     + HS      = H2S     + SO           6.038E+00
 179) HSO     + O       = OH      + SO           3.784E+07
 180) HSO     + S       = HS      + SO           4.051E-10

H2SO4               PRODUCTION RXS              INT RX RATE    TP =  1.26E+08
 121) SO3     + H2O     = H2SO4   +              7.081E+07

H2SO4                  LOSS RXS                INT RX RATE    TL =  1.26E+08

SO2                 PRODUCTION RXS              INT RX RATE    TP =  3.55E+08
 115) SO      + O2      = O       + SO2          3.914E+05
 116) SO      + HO2     = SO2     + OH           8.434E+02
 117) SO      + O       = SO2     +              6.427E+02
 118) SO      + OH      = SO2     + H            1.103E-02
 151) SO3     + HV      = SO2     + O            2.014E+02
 153) SO21    + HV      = SO2     +              9.498E-08
 155) SO21    + HV      = SO2     + HV           2.090E+08
 158) SO23    + HV      = SO2     +              1.162E-08
 159) SO23    + HV      = SO2     + HV           8.756E+07
 161) SO      + NO2     = SO2     + NO           5.544E+07
 162) SO      + O3      = SO2     + O2           2.472E+06
 167) SO      + SO      = SO2     + S            1.118E-06
 168) SO3     + SO      = SO2     + SO2          4.802E-03
 201) CS      + O3      = CO      + SO2          5.296E-36
 206) CS2X    + O2      = CS      + SO2          3.114E-50

SO2                    LOSS RXS                INT RX RATE    TL =  1.78E+09
 112) SO2     + HV      = SO      + O            4.919E+06
 113) SO2     + HV      = SO21    +              2.232E+08
 114) SO2     + HV      = SO23    +              7.331E+07
 119) SO2     + OH      = HSO3    +              1.165E+05
 120) SO2     + O       = SO3     +              7.067E+07
 157) SO21    + SO2     = SO3     + SO           1.026E+02
 160) SO23    + SO2     = SO3     + SO           1.678E+01
 163) SO2     + HO2     = SO3     + OH           1.466E+04

SO                  PRODUCTION RXS              INT RX RATE    TP =  5.83E+07
 112) SO2     + HV      = SO      + O            4.919E+06
 129) HS      + O       = H       + SO           1.893E+01
 130) HS      + O2      = OH      + SO           5.237E+02
 136) S       + O2      = SO      + O            2.290E-01
 137) S       + OH      = SO      + H            1.630E-14
 140) S       + HO2     = SO      + OH           3.666E-10
 142) S2      + O       = S       + SO           8.197E-16
 157) SO21    + SO2     = SO3     + SO           1.026E+02
 160) SO23    + SO2     = SO3     + SO           1.678E+01
 166) S       + O3      = SO      + O2           1.126E-02
 169) S       + CO2     = SO      + CO           4.221E-07
 174) HSO     + NO      = HNO     + SO           1.554E+07
 175) HSO     + OH      = H2O     + SO           8.308E+01
 177) HSO     + H       = H2      + SO           1.266E+02
 178) HSO     + HS      = H2S     + SO           6.038E+00
 179) HSO     + O       = OH      + SO           3.784E+07
 180) HSO     + S       = HS      + SO           4.051E-10
 184) O       + OCS     = CO      + SO           2.639E-03
 198) CS      + O2      = CO      + SO           4.152E-37
 200) CS      + O3      = SO      + CO2          5.296E-36
 202) CS2     + O       = SO      + CS           6.614E-44

SO                     LOSS RXS                INT RX RATE    TL =  5.83E+07
 110) SO      + HV      = S       + O            2.358E-01
 115) SO      + O2      = O       + SO2          3.914E+05
 116) SO      + HO2     = SO2     + OH           8.434E+02
 117) SO      + O       = SO2     +              6.427E+02
 118) SO      + OH      = SO2     + H            1.103E-02
 161) SO      + NO2     = SO2     + NO           5.544E+07
 162) SO      + O3      = SO2     + O2           2.472E+06
 167) SO      + SO      = SO2     + S            1.118E-06
 168) SO3     + SO      = SO2     + SO2          4.802E-03
 170) SO      + HO2     = HSO     + O2           8.434E+02
 171) SO      + HCO     = HSO     + CO           2.148E-02
 172) H       + SO      = HSO     +              6.627E-03
 210) CS2     + SO      = OCS     + S2           1.361E-51

CO2                 PRODUCTION RXS              INT RX RATE    TP =  1.20E+13
  31) CO      + OH      = CO2     + H            5.655E+11
  32) CO      + O       = CO2     +              1.146E+13
  37) O       + HCO     = H       + CO2          5.076E+01
 185) O       + OCS     = S       + CO2          4.780E-09
 187) OCS     + OH      = CO2     + HS           5.474E-08
 200) CS      + O3      = SO      + CO2          5.296E-36
 263) CH3O    + CO      = CH3     + CO2          4.454E-07

CO2                    LOSS RXS                INT RX RATE    TL =  9.26E+08
  29) CO2     + HV      = CO      + O            9.261E+08
  98) CH23    + CO2     = H2CO    + CO           2.362E-10
 169) S       + CO2     = SO      + CO           4.221E-07
 247) CH      + CO2     = HCO     + CO           3.626E-21

SO4AER              PRODUCTION RXS              INT RX RATE    TP =  7.08E+07

SO4AER                 LOSS RXS                INT RX RATE    TL =  7.05E+07

S8AER               PRODUCTION RXS              INT RX RATE    TP =  8.52-203
 148) S4      + S4      = S8AER   +              8.523-203

S8AER                  LOSS RXS                INT RX RATE    TL =  2.36E-19

HCAER               PRODUCTION RXS              INT RX RATE    TP =  4.54E-92
 391) C2H     + C2H2    = HCAER   + H            4.543E-92

HCAER                  LOSS RXS                INT RX RATE    TL =  2.36E-19

HCAER2              PRODUCTION RXS              INT RX RATE    TP =  1.92-112
 392) C2H     + CH2CCH2 = HCAER2  + H            1.923-112

HCAER2                 LOSS RXS                INT RX RATE    TL =  2.36E-19

HNO2                PRODUCTION RXS              INT RX RATE    TP =  0.00E+00
  83) NO      + OH      = HNO2    +              2.033E+07
 109) HO2     + NO2     = HNO2    + O2           4.641E+08
 267) NO2     + CH3O    = H2CO    + HNO2         1.174E-05

HNO2                   LOSS RXS                INT RX RATE    TL =  0.00E+00
  51) HNO2    + HV      = NO      + OH           4.844E+08
  92) HNO2    + OH      = H2O     + NO2          1.114E+00

O1D                 PRODUCTION RXS              INT RX RATE    TP =  0.00E+00
  26) O3      + HV      = O2      + O1D          2.672E+11

O1D                    LOSS RXS                INT RX RATE    TL =  0.00E+00
   1) H2O     + O1D     = OH      + OH           6.771E+03
   2) H2      + O1D     = OH      + H            1.416E+06
  21) O1D     + M       = O       + M            2.640E+11
  22) O1D     + O2      = O       + O2           3.953E+07
  56) CH4     + O1D     = CH3     + OH           1.988E-03
  57) CH4     + O1D     = H2CO    + H2           1.325E-04
 101) C2H6    + O1D     = C2H5    + OH           3.314E-21
 105) CO      + O1D     = CO      + O            3.158E+09
 268) O1D     + CH4     = CH3O    + H            5.301E-04
 338) C3H8    + O1D     = C3H7    + OH           1.961E-47

CH21                PRODUCTION RXS              INT RX RATE    TP =  0.00E+00

CH21                   LOSS RXS                INT RX RATE    TL =  0.00E+00

C                   PRODUCTION RXS              INT RX RATE    TP =  0.00E+00
 242) CH      + H       = C       + H2           1.870E-36
 248) CH      + HV      = C       + H            2.998E-37
 290) C2      + S       = C       + CS           3.287E-65
 292) C2      + O       = C       + CO           3.339E-49

C                      LOSS RXS                INT RX RATE    TL =  0.00E+00
 237) C       + OH      = CO      + H            4.669E-50
 238) C       + H2      = CH23    +              1.044E-36
 239) C       + O2      = CO      + O            1.125E-36
 240) C       + HS      = CS      + H            2.386E-50
 241) C       + S2      = CS      + S            1.077E-64

SO21                PRODUCTION RXS              INT RX RATE    TP =  0.00E+00
 113) SO2     + HV      = SO21    +              2.232E+08

SO21                   LOSS RXS                INT RX RATE    TL =  0.00E+00
 152) SO21    + HV      = SO23    +              9.498E-09
 153) SO21    + HV      = SO2     +              9.498E-08
 154) SO21    + HV      = SO23    + HV           1.425E+07
 155) SO21    + HV      = SO2     + HV           2.090E+08
 156) SO21    + O2      = SO3     + O            3.947E+03
 157) SO21    + SO2     = SO3     + SO           1.026E+02

SO23                PRODUCTION RXS              INT RX RATE    TP =  0.00E+00
 114) SO2     + HV      = SO23    +              7.331E+07
 152) SO21    + HV      = SO23    +              9.498E-09
 154) SO21    + HV      = SO23    + HV           1.425E+07

SO23                   LOSS RXS                INT RX RATE    TL =  0.00E+00
 158) SO23    + HV      = SO2     +              1.162E-08
 159) SO23    + HV      = SO2     + HV           8.756E+07
 160) SO23    + SO2     = SO3     + SO           1.678E+01

HSO3                PRODUCTION RXS              INT RX RATE    TP =  0.00E+00
 119) SO2     + OH      = HSO3    +              1.165E+05

HSO3                   LOSS RXS                INT RX RATE    TL =  0.00E+00
 122) HSO3    + O2      = HO2     + SO3          1.165E+05
 123) HSO3    + OH      = H2O     + SO3          6.829E-08
 124) HSO3    + H       = H2      + SO3          3.359E-06
 125) HSO3    + O       = OH      + SO3          3.297E-04

OCS2                PRODUCTION RXS              INT RX RATE    TP =  0.00E+00
 192) OCS     + S       = OCS2    +              7.300E-17

OCS2                   LOSS RXS                INT RX RATE    TL =  0.00E+00
 193) OCS2    + S       = OCS     + S2           4.914E-43
 196) OCS2    + CO      = OCS     + OCS          7.300E-17

CS2X                PRODUCTION RXS              INT RX RATE    TP =  0.00E+00
 214) CS2     + HV      = CS2X    +              3.503E-44

CS2X                   LOSS RXS                INT RX RATE    TL =  0.00E+00
 205) CS2X    + M       = CS2     + M            3.503E-44
 206) CS2X    + O2      = CS      + SO2          3.114E-50
 207) CS2X    + CS2     = CS      + CS      S2   1.202-106

S3                  PRODUCTION RXS              INT RX RATE    TP =  0.00E+00
 145) S       + S2      = S3      +              5.024E-31

S3                     LOSS RXS                INT RX RATE    TL =  0.00E+00
 147) S       + S3      = S4      +              7.673E-44
 150) S3      + HV      = S2      + S            5.024E-31

S4                  PRODUCTION RXS              INT RX RATE    TP =  0.00E+00
 146) S2      + S2      = S4      +              7.082E-34
 147) S       + S3      = S4      +              7.673E-44

S4                     LOSS RXS                INT RX RATE    TL =  0.00E+00
 148) S4      + S4      = S8AER   +              8.523-203
 149) S4      + HV      = S2      + S2           1.367-100

N2                  PRODUCTION RXS              INT RX RATE    TP =  0.00E+00
  75) N       + N       = N2      +              4.439E+01
  79) N       + NO      = N2      + O            9.113E+07

N2                     LOSS RXS                INT RX RATE    TL =  0.00E+00
