
 HC AEROSOL PARAMETERS

    Z        AERSOL     RPAR      RFRAC      WFALL     TAUSED    TAUEDD    TAUC      CONVER
  2.500E+04 8.499E-21 1.300E-07 1.300E-07 3.521E-10 7.207E+18 6.441E+13 3.011E+29 6.985E+01
  1.250E+05 8.666E-21 1.300E-07 1.300E-07 3.505E-10 7.098E+18 6.188E+13 2.982E+29 6.985E+01
  2.250E+05 8.848E-21 1.300E-07 1.300E-07 3.488E-10 6.980E+18 5.929E+13 2.951E+29 6.985E+01
  3.250E+05 9.044E-21 1.300E-07 1.300E-07 3.472E-10 6.858E+18 5.671E+13 2.919E+29 6.985E+01
  4.250E+05 9.275E-21 1.300E-07 1.300E-07 3.456E-10 6.718E+18 5.391E+13 2.882E+29 6.985E+01
  5.250E+05 9.549E-21 1.300E-07 1.300E-07 3.440E-10 6.555E+18 5.086E+13 2.841E+29 6.985E+01
  6.250E+05 9.847E-21 1.300E-07 1.300E-07 3.426E-10 6.384E+18 4.783E+13 2.798E+29 6.985E+01
  7.250E+05 1.007E-20 1.300E-07 1.300E-07 3.417E-10 6.261E+18 4.577E+13 2.767E+29 6.985E+01
  8.250E+05 1.028E-20 1.300E-07 1.300E-07 3.410E-10 6.145E+18 4.391E+13 2.738E+29 6.985E+01
  9.250E+05 1.045E-20 1.300E-07 1.300E-07 3.405E-10 6.053E+18 4.248E+13 2.716E+29 6.985E+01
  1.025E+06 1.051E-20 1.300E-07 1.300E-07 3.403E-10 6.024E+18 5.253E+13 2.708E+29 6.985E+01
  1.125E+06 1.054E-20 1.300E-07 1.300E-07 3.402E-10 6.008E+18 1.393E+14 2.704E+29 6.985E+01
  1.225E+06 1.053E-20 1.300E-07 1.300E-07 3.402E-10 6.021E+18 2.467E+14 2.706E+29 6.985E+01
  1.325E+06 1.048E-20 1.300E-07 1.300E-07 3.402E-10 6.045E+18 5.286E+14 2.712E+29 6.985E+01
  1.425E+06 1.044E-20 1.300E-07 1.300E-07 3.402E-10 6.069E+18 7.352E+14 2.717E+29 6.985E+01
  1.525E+06 1.040E-20 1.300E-07 1.300E-07 3.403E-10 6.095E+18 9.351E+14 2.723E+29 6.985E+01
  1.625E+06 1.035E-20 1.300E-07 1.300E-07 3.403E-10 6.123E+18 1.086E+15 2.729E+29 6.985E+01
  1.725E+06 1.030E-20 1.300E-07 1.300E-07 3.404E-10 6.155E+18 1.126E+15 2.736E+29 6.985E+01
  1.825E+06 1.024E-20 1.300E-07 1.300E-07 3.405E-10 6.187E+18 1.138E+15 2.744E+29 6.985E+01
  1.925E+06 1.019E-20 1.300E-07 1.300E-07 3.406E-10 6.217E+18 1.093E+15 2.750E+29 6.985E+01
  2.025E+06 1.015E-20 1.300E-07 1.300E-07 3.406E-10 6.244E+18 9.835E+14 2.757E+29 6.985E+01
  2.125E+06 1.011E-20 1.300E-07 1.300E-07 3.407E-10 6.269E+18 8.944E+14 2.762E+29 6.985E+01
  2.225E+06 1.008E-20 1.300E-07 1.300E-07 3.407E-10 6.290E+18 7.920E+14 2.767E+29 6.985E+01
  2.325E+06 1.005E-20 1.300E-07 1.300E-07 3.408E-10 6.308E+18 7.002E+14 2.771E+29 6.985E+01
  2.425E+06 1.003E-20 1.300E-07 1.300E-07 3.408E-10 6.323E+18 6.190E+14 2.774E+29 6.985E+01
  2.525E+06 1.001E-20 1.300E-07 1.300E-07 3.408E-10 6.333E+18 5.480E+14 2.776E+29 6.985E+01
  2.625E+06 1.000E-20 1.300E-07 1.300E-07 3.407E-10 6.340E+18 4.912E+14 2.777E+29 6.985E+01
  2.725E+06 1.000E-20 1.300E-07 1.300E-07 3.407E-10 6.343E+18 4.406E+14 2.777E+29 6.985E+01
  2.825E+06 1.001E-20 1.300E-07 1.300E-07 3.406E-10 6.344E+18 3.891E+14 2.777E+29 6.985E+01
  2.925E+06 1.001E-20 1.300E-07 1.300E-07 3.405E-10 6.343E+18 3.589E+14 2.776E+29 6.985E+01
  3.025E+06 1.002E-20 1.300E-07 1.300E-07 3.404E-10 6.342E+18 3.260E+14 2.775E+29 6.985E+01
  3.125E+06 1.002E-20 1.300E-07 1.300E-07 3.404E-10 6.340E+18 2.911E+14 2.774E+29 6.985E+01
  3.225E+06 1.003E-20 1.300E-07 1.300E-07 3.403E-10 6.342E+18 2.676E+14 2.774E+29 6.985E+01
  3.325E+06 1.001E-20 1.300E-07 1.300E-07 3.403E-10 6.356E+18 2.462E+14 2.777E+29 6.985E+01
  3.425E+06 9.968E-21 1.300E-07 1.300E-07 3.404E-10 6.379E+18 2.245E+14 2.782E+29 6.985E+01
  3.525E+06 9.946E-21 1.300E-07 1.300E-07 3.404E-10 6.394E+18 2.060E+14 2.786E+29 6.985E+01
  3.625E+06 9.934E-21 1.300E-07 1.300E-07 3.404E-10 6.404E+18 1.827E+14 2.787E+29 6.985E+01
  3.725E+06 9.922E-21 1.300E-07 1.300E-07 3.403E-10 6.413E+18 1.643E+14 2.789E+29 6.985E+01
  3.825E+06 9.909E-21 1.300E-07 1.300E-07 3.403E-10 6.423E+18 1.493E+14 2.791E+29 6.985E+01
  3.925E+06 9.896E-21 1.300E-07 1.300E-07 3.403E-10 6.433E+18 1.331E+14 2.793E+29 6.985E+01
  4.025E+06 9.885E-21 1.300E-07 1.300E-07 3.403E-10 6.441E+18 1.201E+14 2.794E+29 6.985E+01
  4.125E+06 9.879E-21 1.300E-07 1.300E-07 3.403E-10 6.447E+18 1.094E+14 2.795E+29 6.985E+01
  4.225E+06 9.878E-21 1.300E-07 1.300E-07 3.402E-10 6.450E+18 9.827E+13 2.796E+29 6.985E+01
  4.325E+06 9.883E-21 1.300E-07 1.300E-07 3.401E-10 6.450E+18 8.750E+13 2.795E+29 6.985E+01
  4.425E+06 9.890E-21 1.300E-07 1.300E-07 3.400E-10 6.448E+18 7.754E+13 2.794E+29 6.985E+01
  4.525E+06 9.898E-21 1.300E-07 1.300E-07 3.399E-10 6.446E+18 7.167E+13 2.793E+29 6.985E+01
  4.625E+06 9.902E-21 1.300E-07 1.300E-07 3.399E-10 6.446E+18 6.315E+13 2.792E+29 6.985E+01
  4.725E+06 9.900E-21 1.300E-07 1.300E-07 3.398E-10 6.450E+18 5.718E+13 2.793E+29 6.985E+01
  4.825E+06 9.889E-21 1.300E-07 1.300E-07 3.398E-10 6.458E+18 5.234E+13 2.794E+29 6.985E+01
  4.925E+06 9.861E-21 1.300E-07 1.300E-07 3.398E-10 6.477E+18 4.750E+13 2.798E+29 6.985E+01
  5.025E+06 9.809E-21 1.300E-07 1.300E-07 3.400E-10 6.510E+18 4.373E+13 2.806E+29 6.985E+01
  5.125E+06 9.756E-21 1.300E-07 1.300E-07 3.401E-10 6.543E+18 4.060E+13 2.814E+29 6.985E+01
  5.225E+06 9.717E-21 1.300E-07 1.300E-07 3.402E-10 6.569E+18 3.761E+13 2.819E+29 6.985E+01
  5.325E+06 9.688E-21 1.300E-07 1.300E-07 3.403E-10 6.588E+18 3.462E+13 2.824E+29 6.985E+01
  5.425E+06 9.670E-21 1.300E-07 1.300E-07 3.403E-10 6.602E+18 3.155E+13 2.826E+29 6.985E+01
  5.525E+06 9.664E-21 1.300E-07 1.300E-07 3.403E-10 6.608E+18 2.840E+13 2.827E+29 6.985E+01
  5.625E+06 9.675E-21 1.300E-07 1.300E-07 3.402E-10 6.603E+18 2.523E+13 2.826E+29 6.985E+01
  5.725E+06 9.718E-21 1.300E-07 1.300E-07 3.399E-10 6.581E+18 2.206E+13 2.819E+29 6.985E+01
  5.825E+06 9.800E-21 1.300E-07 1.300E-07 3.395E-10 6.535E+18 1.899E+13 2.808E+29 6.985E+01
  5.925E+06 9.914E-21 1.300E-07 1.300E-07 3.390E-10 6.470E+18 1.614E+13 2.792E+29 6.985E+01
  6.025E+06 1.005E-20 1.300E-07 1.300E-07 3.385E-10 6.395E+18 1.362E+13 2.773E+29 6.985E+01
  6.125E+06 1.020E-20 1.300E-07 1.300E-07 3.379E-10 6.311E+18 1.143E+13 2.752E+29 6.985E+01
  6.225E+06 1.037E-20 1.300E-07 1.300E-07 3.374E-10 6.216E+18 9.546E+12 2.729E+29 6.985E+01
  6.325E+06 1.059E-20 1.300E-07 1.300E-07 3.369E-10 6.101E+18 7.922E+12 2.702E+29 6.985E+01
  6.425E+06 1.088E-20 1.300E-07 1.300E-07 3.364E-10 5.948E+18 6.499E+12 2.665E+29 6.985E+01
  6.525E+06 1.133E-20 1.300E-07 1.300E-07 3.361E-10 5.718E+18 5.202E+12 2.612E+29 6.985E+01
  6.625E+06 1.204E-20 1.300E-07 1.300E-07 3.364E-10 5.375E+18 4.007E+12 2.534E+29 6.985E+01
  6.725E+06 1.285E-20 1.300E-07 1.300E-07 3.379E-10 5.015E+18 3.072E+12 2.453E+29 6.985E+01
  6.825E+06 1.372E-20 1.300E-07 1.300E-07 3.405E-10 4.664E+18 2.521E+12 2.374E+29 6.985E+01
  6.925E+06 1.339E-20 1.300E-07 1.300E-07 3.393E-10 4.794E+18 2.646E+12 2.403E+29 6.985E+01
  7.025E+06 1.339E-20 1.300E-07 1.300E-07 3.393E-10 4.796E+18 2.647E+12 2.403E+29 6.985E+01
  7.125E+06 1.339E-20 1.300E-07 1.300E-07 3.392E-10 4.798E+18 2.648E+12 2.403E+29 6.985E+01
  7.225E+06 1.339E-20 1.300E-07 1.300E-07 3.391E-10 4.800E+18 2.650E+12 2.403E+29 6.985E+01
  7.325E+06 1.339E-20 1.300E-07 1.300E-07 3.391E-10 4.802E+18 2.651E+12 2.403E+29 6.985E+01
  7.425E+06 1.339E-20 1.300E-07 1.300E-07 3.390E-10 4.804E+18 2.652E+12 2.404E+29 6.985E+01
  7.525E+06 1.339E-20 1.300E-07 1.300E-07 3.390E-10 4.806E+18 2.654E+12 2.404E+29 6.985E+01
  7.625E+06 1.339E-20 1.300E-07 1.300E-07 3.389E-10 4.808E+18 2.655E+12 2.404E+29 6.985E+01
  7.725E+06 1.339E-20 1.300E-07 1.300E-07 3.389E-10 4.810E+18 2.657E+12 2.404E+29 6.985E+01
  7.825E+06 1.339E-20 1.300E-07 1.300E-07 3.388E-10 4.812E+18 2.658E+12 2.404E+29 6.985E+01
  7.925E+06 1.338E-20 1.300E-07 1.300E-07 3.388E-10 4.814E+18 2.660E+12 2.404E+29 6.985E+01
  8.025E+06 1.338E-20 1.300E-07 1.300E-07 3.387E-10 4.816E+18 2.661E+12 2.404E+29 6.985E+01
  8.125E+06 1.338E-20 1.300E-07 1.300E-07 3.386E-10 4.819E+18 2.663E+12 2.405E+29 6.985E+01
  8.225E+06 1.338E-20 1.300E-07 1.300E-07 3.386E-10 4.821E+18 2.665E+12 2.405E+29 6.985E+01
  8.325E+06 1.338E-20 1.300E-07 1.300E-07 3.385E-10 4.823E+18 2.666E+12 2.405E+29 6.985E+01
  8.425E+06 1.338E-20 1.300E-07 1.300E-07 3.385E-10 4.826E+18 2.668E+12 2.405E+29 6.985E+01
  8.525E+06 1.338E-20 1.300E-07 1.300E-07 3.384E-10 4.829E+18 2.670E+12 2.405E+29 6.985E+01
  8.625E+06 1.338E-20 1.300E-07 1.300E-07 3.384E-10 4.831E+18 2.672E+12 2.405E+29 6.985E+01
  8.725E+06 1.338E-20 1.300E-07 1.300E-07 3.383E-10 4.834E+18 2.675E+12 2.405E+29 6.985E+01
  8.825E+06 1.338E-20 1.300E-07 1.300E-07 3.383E-10 4.837E+18 2.677E+12 2.406E+29 6.985E+01
  8.925E+06 1.338E-20 1.300E-07 1.300E-07 3.382E-10 4.840E+18 2.680E+12 2.406E+29 6.985E+01
  9.025E+06 1.338E-20 1.300E-07 1.300E-07 3.381E-10 4.844E+18 2.682E+12 2.406E+29 6.985E+01
  9.125E+06 1.338E-20 1.300E-07 1.300E-07 3.381E-10 4.847E+18 2.685E+12 2.406E+29 6.985E+01
  9.225E+06 1.337E-20 1.300E-07 1.300E-07 3.380E-10 4.850E+18 2.688E+12 2.406E+29 6.985E+01
  9.325E+06 1.337E-20 1.300E-07 1.300E-07 3.380E-10 4.854E+18 2.691E+12 2.406E+29 6.985E+01
  9.425E+06 1.337E-20 1.300E-07 1.300E-07 3.379E-10 4.857E+18 2.694E+12 2.407E+29 6.985E+01
  9.525E+06 1.337E-20 1.300E-07 1.300E-07 3.379E-10 4.861E+18 2.697E+12 2.407E+29 6.985E+01
  9.625E+06 1.337E-20 1.300E-07 1.300E-07 3.378E-10 4.865E+18 2.700E+12 2.407E+29 6.985E+01
  9.725E+06 1.337E-20 1.300E-07 1.300E-07 3.378E-10 4.868E+18 2.703E+12 2.407E+29 6.985E+01
  9.825E+06 1.337E-20 1.300E-07 1.300E-07 3.377E-10 4.872E+18 2.707E+12 2.407E+29 6.985E+01
  9.925E+06 1.337E-20 1.300E-07 1.300E-07 3.376E-10 4.875E+18 2.710E+12 2.407E+29 6.985E+01
