
O                   PRODUCTION RXS              INT RX RATE    TP =  1.10E+15
   8) H       + HO2     = H2O     + O            5.381E+01
  20) OH      + OH      = H2O     + O            1.401E-04
  21) O1D     + M       = O       + M            2.635E+11
  22) O1D     + O2      = O       + O2           3.894E+07
  24) O2      + HV      = O       + O            6.738E+07
  27) O3      + HV      = O2      + O            1.066E+15
  29) CO2     + HV      = CO      + O            9.225E+08
  50) HO2     + HV      = OH      + O            6.953E+03
  53) NO      + HV      = N       + O            2.886E+04
  54) NO2     + HV      = NO      + O            3.719E+13
  76) N       + O2      = NO      + O            2.334E+04
  79) N       + NO      = N2      + O            9.084E+07
 105) CO      + O1D     = CO      + O            3.108E+09
 107) HNO3    + OH      = H2O     + NO2     O    2.108E+05
 110) SO      + HV      = S       + O            2.350E-01
 112) SO2     + HV      = SO      + O            4.794E+06
 115) SO      + O2      = O       + SO2          4.083E+05
 136) S       + O2      = SO      + O            2.285E-01
 151) SO3     + HV      = SO2     + O            2.007E+02
 156) SO21    + O2      = SO3     + O            3.813E+03
 173) HSO     + HV      = HS      + O            1.120E+03
 197) CS      + O2      = OCS     + O            1.872E-28
 239) C       + O2      = CO      + O            6.285E-29

O                      LOSS RXS                INT RX RATE    TL =  1.13E+15
   3) H2      + O       = OH      + H            3.676E+06
  10) OH      + O       = H       + O2           2.893E+02
  13) HO2     + O       = OH      + O2           4.740E+08
  17) O       + O       = O2      +              1.633E+06
  18) O       + O2      = O3      +              1.112E+15
  19) O       + O3      = O2      + O2           6.599E+09
  32) CO      + O       = CO2     +              1.158E+13
  37) O       + HCO     = H       + CO2          5.799E+01
  38) O       + HCO     = OH      + CO           5.799E+01
  48) H2CO    + O       = HCO     + OH           2.074E+04
  49) H2O2    + O       = OH      + HO2          3.490E+05
  65) CH3     + O       = H2CO    + H            3.190E-03
  81) NO      + O       = NO2     +              7.646E+10
  84) NO2     + O       = NO      + O2           8.978E+12
  90) O       + HNO     = OH      + NO           7.976E+04
  93) CH4     + O       = CH3     + OH           3.100E+05
  97) CH23    + O       = HCO     + H            2.800E-13
 100) C2H6    + O       = C2H5    + OH           3.779E-04
 117) SO      + O       = SO2     +              6.594E+02
 120) SO2     + O       = SO3     +              7.090E+07
 125) HSO3    + O       = OH      + SO3          3.527E-04
 128) H2S     + O       = OH      + HS           5.167E+06
 129) HS      + O       = H       + SO           1.877E+01
 142) S2      + O       = S       + SO           9.367E-16
 179) HSO     + O       = OH      + SO           3.763E+07
 184) O       + OCS     = CO      + SO           2.799E-03
 185) O       + OCS     = S       + CO2          5.132E-09
 202) CS2     + O       = SO      + CS           4.218E-36
 203) CS2     + O       = OCS     + S            3.954E-37
 209) CS2     + O       = CO      + S2           1.203E-37
 212) CS      + O       = CO      + S            5.525E-31
 223) C2H5    + O       = CH3     + HCO     H    4.463E-14
 224) C2H5    + O       = H2CO    + CH3          3.972E-14
 225) C2H5    + O       = CH3CHO  + H            1.978E-13
 243) CH      + O       = CO      + H            6.510E-23
 253) CH23    + O       = CH      + OH           2.240E-13
 254) CH23    + O       = CO      + H       H    2.324E-12
 260) CH3O2   + O       = H2CO    + HO2          6.253E+01
 273) CH2CO   + O       = H2CO    + CO           8.921E-04
 276) CH3CO   + O       = H2CO    + HCO          1.189E+03
 284) C2H     + O       = CO      + CH           4.000E-35
 292) C2      + O       = C       + CO           7.752E-34
 304) C2H4    + O       = HCO     + CH3          9.702E-17
 309) C2H2    + O       = CH23    + CO           7.207E-23
 310) C2H3    + O       = CH2CO   + H            4.682E-26
 322) C2H2OH  + O       = OH      + CH2CO        3.553E-26
 327) C2H4OH  + O       = OH      + CH3CHO       3.585E-20
 330) CH3CHO  + O       = CH3CO   + OH           1.687E-13
 337) C3H8    + O       = C3H7    + OH           6.959E-20
 352) C3H6    + O       = CH3     + CH3     CO   5.236E-30
 356) C3H7    + O       = C2H5CHO + H            7.071E-20

O2                  PRODUCTION RXS              INT RX RATE    TP =  1.12E+15
   5) H       + O3      = OH      + O2           1.629E+09
   7) H       + HO2     = H2      + O2           2.421E+02
  10) OH      + O       = H       + O2           2.893E+02
  11) OH      + HO2     = H2O     + O2           1.793E+03
  12) OH      + O3      = HO2     + O2           9.033E+05
  13) HO2     + O       = OH      + O2           4.740E+08
  14) HO2     + O3      = OH      + O2      O2   5.739E+10
  15) HO2     + HO2     = H2O2    + O2           1.121E+08
  17) O       + O       = O2      +              1.633E+06
  19) O       + O3      = O2      + O2           6.599E+09
  22) O1D     + O2      = O       + O2           3.894E+07
  26) O3      + HV      = O2      + O1D          2.667E+11
  27) O3      + HV      = O2      + O            1.066E+15
  77) N       + O3      = NO      + O2           9.011E+06
  80) NO      + O3      = NO2     + O2           4.557E+13
  84) NO2     + O       = NO      + O2           8.978E+12
 109) HO2     + NO2     = HNO2    + O2           4.650E+08
 131) HS      + HO2     = H2S     + O2           4.217E+00
 139) S       + HO2     = HS      + O2           3.772E-10
 162) SO      + O3      = SO2     + O2           2.524E+06
 164) HS      + O3      = HSO     + O2           5.655E+06
 166) S       + O3      = SO      + O2           1.142E-02
 170) SO      + HO2     = HSO     + O2           8.829E+02
 199) CS      + O3      = OCS     + O2           3.053E-28
 258) CH3O2   + H       = CH4     + O2           3.643E-04
 265) CH3     + O3      = CH3O    + O2           4.588E+02

O2                     LOSS RXS                INT RX RATE    TL =  1.11E+15
   6) H       + O2      = HO2     +              4.974E+11
  18) O       + O2      = O3      +              1.112E+15
  22) O1D     + O2      = O       + O2           3.894E+07
  24) O2      + HV      = O       + O            6.738E+07
  44) HCO     + O2      = HO2     + CO           8.409E+10
  63) CH23    + O2      = HCO     + OH           2.868E-04
  64) CH3     + O2      = H2CO    + OH           3.746E+05
  76) N       + O2      = NO      + O            2.334E+04
 104) C2H5    + O2      = CH3     + HCO     OH   5.038E-04
 115) SO      + O2      = O       + SO2          4.083E+05
 122) HSO3    + O2      = HO2     + SO3          1.218E+05
 130) HS      + O2      = OH      + SO           5.221E+02
 136) S       + O2      = SO      + O            2.285E-01
 156) SO21    + O2      = SO3     + O            3.813E+03
 197) CS      + O2      = OCS     + O            1.872E-28
 198) CS      + O2      = CO      + SO           2.340E-29
 206) CS2X    + O2      = CS      + SO2          1.844E-42
 239) C       + O2      = CO      + O            6.285E-29
 246) CH      + O2      = CO      + OH           4.879E-14
 257) CH3     + O2      = CH3O2   +              1.341E+05
 269) CH3O    + O2      = H2CO    + HO2          1.444E+05
 283) C2H     + O2      = CO      + HCO          3.280E-26
 293) C2      + O2      = CO      + CO           1.072E-26

H2O                 PRODUCTION RXS              INT RX RATE    TP =  4.10E+07
   4) H2      + OH      = H2O     + H            1.413E+06
   8) H       + HO2     = H2O     + O            5.381E+01
  11) OH      + HO2     = H2O     + O2           1.793E+03
  16) H2O2    + OH      = HO2     + H2O          6.402E+04
  20) OH      + OH      = H2O     + O            1.401E-04
  36) OH      + HCO     = H2O     + CO           8.426E-02
  45) H2CO    + OH      = H2O     + HCO          2.787E+02
  46) H       + OH      = H2O     +              3.296E-02
  55) CH4     + OH      = CH3     + H2O          1.057E+05
  91) OH      + HNO     = H2O     + NO           5.256E+01
  92) HNO2    + OH      = H2O     + NO2          1.165E+00
  99) C2H6    + OH      = C2H5    + H2O          1.175E-04
 107) HNO3    + OH      = H2O     + NO2     O    2.108E+05
 123) HSO3    + OH      = H2O     + SO3          7.904E-08
 126) H2S     + OH      = H2O     + HS           6.982E+05
 175) HSO     + OH      = H2O     + SO           8.715E+01
 191) H2S     + HO2     = H2O     + HSO          4.186E+07
 228) C2H5    + OH      = C2H4    + H2O          5.065E-18
 259) CH3O2   + H       = H2O     + H2CO         2.602E-04
 311) C2H3    + OH      = C2H2    + H2O          3.903E-30
 320) C2H2OH  + H       = H2O     + C2H2         7.116E-26
 323) C2H2OH  + OH      = H2O     + CH2CO        4.841E-29
 325) C2H4OH  + H       = H2O     + C2H4         2.192E-19
 328) C2H4OH  + OH      = H2O     + CH3CHO       7.373E-23
 331) CH3CHO  + OH      = CH3CO   + H2O          2.620E-16
 336) C3H8    + OH      = C3H7    + H2O          1.153E-21

H2O                    LOSS RXS                INT RX RATE    TL =  7.02E+07
   1) H2O     + O1D     = OH      + OH           6.759E+03
  25) H2O     + HV      = H       + OH           7.361E+03
 121) SO3     + H2O     = H2SO4   +              7.104E+07

H                   PRODUCTION RXS              INT RX RATE    TP =  5.85E+11
   2) H2      + O1D     = OH      + H            1.414E+06
   3) H2      + O       = OH      + H            3.676E+06
   4) H2      + OH      = H2O     + H            1.413E+06
  10) OH      + O       = H       + O2           2.893E+02
  25) H2O     + HV      = H       + OH           7.361E+03
  31) CO      + OH      = CO2     + H            5.840E+11
  37) O       + HCO     = H       + CO2          5.799E+01
  40) H2CO    + HV      = HCO     + H            8.836E+04
  41) HCO     + HV      = H       + CO           2.947E+06
  61) CH23    + H2      = CH3     + H            5.161E-06
  65) CH3     + O       = H2CO    + H            3.190E-03
  69) CH3     + HV      = CH23    + H            1.304E-02
  78) N       + OH      = NO      + H            7.300E-01
  88) HNO     + HV      = NO      + H            6.063E+08
  97) CH23    + O       = HCO     + H            2.800E-13
 111) H2S     + HV      = HS      + H            4.405E+06
 118) SO      + OH      = SO2     + H            1.208E-02
 129) HS      + O       = H       + SO           1.877E+01
 135) HS      + S       = H       + S2           9.136E-16
 137) S       + OH      = SO      + H            1.841E-14
 183) HS      + CO      = OCS     + H            2.169E-03
 188) S       + HCO     = OCS     + H            1.160E-12
 208) CS      + HS      = CS2     + H            4.735E-36
 218) S       + HCS     = H       + CS2          1.577E-40
 223) C2H5    + O       = CH3     + HCO     H    4.463E-14
 225) C2H5    + O       = CH3CHO  + H            1.978E-13
 232) CH23    + S       = HCS     + H            5.425E-28
 237) C       + OH      = CO      + H            3.262E-42
 240) C       + HS      = CS      + H            1.619E-42
 243) CH      + O       = CO      + H            6.510E-23
 244) CH      + H2      = CH23    + H            1.105E-18
 248) CH      + HV      = C       + H            1.481E-29
 249) CH      + S       = CS      + H            6.101E-39
 254) CH23    + O       = CO      + H       H    2.324E-12
 264) CH3     + OH      = CH3O    + H            1.914E-08
 268) O1D     + CH4     = CH3O    + H            2.539E+04
 280) C2H2    + HV      = C2H     + H            3.264E-26
 285) C2H     + H2      = C2H2    + H            4.363E-31
 288) C2      + H2      = C2H     + H            1.140E-29
 295) C2H4    + HV      = C2H2    + H       H    1.969E-23
 296) CH23    + CH3     = C2H4    + H            1.164E-18
 300) C2H3    + H2      = C2H4    + H            2.316E-23
 307) CH      + CH4     = C2H4    + H            7.249E-17
 310) C2H3    + O       = CH2CO   + H            4.682E-26
 319) C2H2    + OH      = CH2CO   + H            6.362E-25
 345) C3H6    + HV      = C2H2    + CH3     H    2.697E-39
 348) C3H6    + HV      = C2H     + CH4     H    3.966E-40
 356) C3H7    + O       = C2H5CHO + H            7.071E-20
 357) CH      + C2H4    = CH2CCH2 + H            2.848E-44
 358) CH      + C2H4    = CH3C2H  + H            2.848E-44
 361) CH3     + C2H3    = C3H5    + H            2.488E-36
 367) CH      + C2H2    = C3H2    + H            2.276E-49
 376) CH2CCH2 + H       = CH3C2H  + H            1.230E-37
 378) C3H3    + HV      = C3H2    + H            5.494E-35
 379) CH3C2H  + HV      = C3H3    + H            7.106E-37
 382) CH2CCH2 + HV      = C3H3    + H            8.010E-37
 391) C2H     + C2H2    = HCAER   + H            2.438E-61
 392) C2H     + CH2CCH2 = HCAER2  + H            1.821E-73

H                      LOSS RXS                INT RX RATE    TL =  5.85E+11
   5) H       + O3      = OH      + O2           1.629E+09
   6) H       + O2      = HO2     +              4.974E+11
   7) H       + HO2     = H2      + O2           2.421E+02
   8) H       + HO2     = H2O     + O            5.381E+01
   9) H       + HO2     = OH      + OH           2.395E+03
  33) H       + CO      = HCO     +              8.462E+10
  34) H       + HCO     = H2      + CO           8.032E+00
  42) H2CO    + H       = H2      + HCO          2.197E+00
  43) H       + H       = H2      +              1.101E-02
  46) H       + OH      = H2O     +              3.296E-02
  70) CH3     + H       = CH4     +              1.223E-05
  74) H       + NO      = HNO     +              6.380E+07
  86) NO2     + H       = NO      + OH           9.296E+08
  89) H       + HNO     = H2      + NO           2.182E+02
 124) HSO3    + H       = H2      + SO3          3.905E-06
 127) H2S     + H       = H2      + HS           1.872E+06
 134) HS      + H       = H2      + S            5.562E-03
 172) H       + SO      = HSO     +              7.391E-03
 176) HSO     + H       = HS      + OH           2.858E+02
 177) HSO     + H       = H2      + SO           1.429E+02
 182) H       + OCS     = CO      + HS           3.730E-06
 216) H       + CS      = HCS     +              3.764E-36
 217) H       + HCS     = H2      + CS           1.126E-27
 220) C2H5    + H       = CH3     + CH3          3.857E-16
 221) C2H5    + H       = C2H6    +              1.413E-15
 222) C2H5    + H       = C2H4    + H2           1.929E-17
 242) CH      + H       = C       + H2           1.157E-28
 255) CH23    + H       = CH3     +              1.545E-14
 256) CH23    + H       = CH      + H2           1.508E-14
 258) CH3O2   + H       = CH4     + O2           3.643E-04
 259) CH3O2   + H       = H2O     + H2CO         2.602E-04
 272) CH2CO   + H       = CH3     + CO           1.822E-08
 275) CH3CO   + H       = CH4     + CO           8.434E+01
 287) C2H     + H       = C2H2    +              9.177E-40
 298) C2H2    + H       = C2H3    +              9.608E-26
 299) C2H3    + H       = C2H2    + H2           6.207E-28
 305) C2H4    + H       = C2H5    +              6.747E-19
 320) C2H2OH  + H       = H2O     + C2H2         7.116E-26
 321) C2H2OH  + H       = H2      + CH2CO        1.162E-29
 325) C2H4OH  + H       = H2O     + C2H4         2.192E-19
 326) C2H4OH  + H       = H2      + CH3CHO       3.898E-23
 329) CH3CHO  + H       = CH3CO   + H2           2.691E-17
 339) C3H7    + H       = CH3     + C2H5         3.463E-23
 353) C3H6    + H       = C3H7    +              2.482E-32
 359) CH2CCH2 + H       = CH3     + C2H2         1.257E-39
 360) CH2CCH2 + H       = C3H5    +              1.262E-40
 363) C3H5    + H       = C3H6    +              6.091E-38
 364) C3H5    + H       = CH4     + C2H2         9.166E-38
 366) C3H5    + H       = CH2CCH2 + H2           9.166E-38
 369) CH3C2H  + H       = CH3     + C2H2         9.987E-38
 370) CH3C2H  + H       = C3H5    +              9.987E-38
 371) C3H2    + H       = C3H3    +              5.595E-35
 372) C3H3    + H       = CH3C2H  +              1.260E-36
 373) C3H3    + H       = CH2CCH2 +              1.260E-36
 374) C3H5    + H       = CH3C2H  + H2           9.166E-38
 376) CH2CCH2 + H       = CH3C2H  + H            1.230E-37

OH                  PRODUCTION RXS              INT RX RATE    TP =  5.84E+11
   1) H2O     + O1D     = OH      + OH           6.759E+03
   2) H2      + O1D     = OH      + H            1.414E+06
   3) H2      + O       = OH      + H            3.676E+06
   5) H       + O3      = OH      + O2           1.629E+09
   9) H       + HO2     = OH      + OH           2.395E+03
  13) HO2     + O       = OH      + O2           4.740E+08
  14) HO2     + O3      = OH      + O2      O2   5.739E+10
  25) H2O     + HV      = H       + OH           7.361E+03
  28) H2O2    + HV      = OH      + OH           1.057E+08
  38) O       + HCO     = OH      + CO           5.799E+01
  48) H2CO    + O       = HCO     + OH           2.074E+04
  49) H2O2    + O       = OH      + HO2          3.490E+05
  50) HO2     + HV      = OH      + O            6.953E+03
  51) HNO2    + HV      = NO      + OH           4.854E+08
  52) HNO3    + HV      = NO2     + OH           1.355E+07
  56) CH4     + O1D     = CH3     + OH           9.520E+04
  63) CH23    + O2      = HCO     + OH           2.868E-04
  64) CH3     + O2      = H2CO    + OH           3.746E+05
  82) NO      + HO2     = NO2     + OH           5.229E+11
  86) NO2     + H       = NO      + OH           9.296E+08
  90) O       + HNO     = OH      + NO           7.976E+04
  93) CH4     + O       = CH3     + OH           3.100E+05
 100) C2H6    + O       = C2H5    + OH           3.779E-04
 101) C2H6    + O1D     = C2H5    + OH           8.510E-06
 104) C2H5    + O2      = CH3     + HCO     OH   5.038E-04
 108) N       + HO2     = NO      + OH           1.522E+05
 116) SO      + HO2     = SO2     + OH           8.829E+02
 125) HSO3    + O       = OH      + SO3          3.527E-04
 128) H2S     + O       = OH      + HS           5.167E+06
 130) HS      + O2      = OH      + SO           5.221E+02
 140) S       + HO2     = SO      + OH           3.772E-10
 163) SO2     + HO2     = SO3     + OH           1.499E+04
 176) HSO     + H       = HS      + OH           2.858E+02
 179) HSO     + O       = OH      + SO           3.763E+07
 246) CH      + O2      = CO      + OH           4.879E-14
 253) CH23    + O       = CH      + OH           2.240E-13
 322) C2H2OH  + O       = OH      + CH2CO        3.553E-26
 327) C2H4OH  + O       = OH      + CH3CHO       3.585E-20
 330) CH3CHO  + O       = CH3CO   + OH           1.687E-13
 337) C3H8    + O       = C3H7    + OH           6.959E-20
 338) C3H8    + O1D     = C3H7    + OH           2.811E-24

OH                     LOSS RXS                INT RX RATE    TL =  5.84E+11
   4) H2      + OH      = H2O     + H            1.413E+06
  10) OH      + O       = H       + O2           2.893E+02
  11) OH      + HO2     = H2O     + O2           1.793E+03
  12) OH      + O3      = HO2     + O2           9.033E+05
  16) H2O2    + OH      = HO2     + H2O          6.402E+04
  20) OH      + OH      = H2O     + O            1.401E-04
  31) CO      + OH      = CO2     + H            5.840E+11
  36) OH      + HCO     = H2O     + CO           8.426E-02
  45) H2CO    + OH      = H2O     + HCO          2.787E+02
  46) H       + OH      = H2O     +              3.296E-02
  47) OH      + OH      = H2O2    +              7.509E-04
  55) CH4     + OH      = CH3     + H2O          1.057E+05
  67) CH3     + OH      = CO      + H2      H2   9.866E-09
  78) N       + OH      = NO      + H            7.300E-01
  83) NO      + OH      = HNO2    +              2.038E+07
  85) NO2     + OH      = HNO3    +              3.146E+07
  91) OH      + HNO     = H2O     + NO           5.256E+01
  92) HNO2    + OH      = H2O     + NO2          1.165E+00
  99) C2H6    + OH      = C2H5    + H2O          1.175E-04
 107) HNO3    + OH      = H2O     + NO2     O    2.108E+05
 118) SO      + OH      = SO2     + H            1.208E-02
 119) SO2     + OH      = HSO3    +              1.218E+05
 123) HSO3    + OH      = H2O     + SO3          7.904E-08
 126) H2S     + OH      = H2O     + HS           6.982E+05
 137) S       + OH      = SO      + H            1.841E-14
 175) HSO     + OH      = H2O     + SO           8.715E+01
 187) OCS     + OH      = CO2     + HS           5.952E-08
 204) CS2     + OH      = OCS     + HS           2.424E-42
 226) C2H5    + OH      = CH3     + HCO     H2   5.065E-18
 227) C2H5    + OH      = CH3CHO  + H2           1.266E-17
 228) C2H5    + OH      = C2H4    + H2O          5.065E-18
 237) C       + OH      = CO      + H            3.262E-42
 264) CH3     + OH      = CH3O    + H            1.914E-08
 282) C2H2    + OH      = CO      + CH3          5.010E-26
 303) C2H4    + OH      = H2CO    + CH3          3.463E-19
 311) C2H3    + OH      = C2H2    + H2O          3.903E-30
 318) C2H2    + OH      = C2H2OH  +              1.067E-25
 319) C2H2    + OH      = CH2CO   + H            6.362E-25
 323) C2H2OH  + OH      = H2O     + CH2CO        4.841E-29
 324) C2H4    + OH      = C2H4OH  +              2.552E-19
 328) C2H4OH  + OH      = H2O     + CH3CHO       7.373E-23
 331) CH3CHO  + OH      = CH3CO   + H2O          2.620E-16
 336) C3H8    + OH      = C3H7    + H2O          1.153E-21
 351) C3H6    + OH      = CH3CHO  + CH3          3.528E-32
 355) C3H7    + OH      = C2H5CHO + H2           4.970E-24

HO2                 PRODUCTION RXS              INT RX RATE    TP =  5.81E+11
   6) H       + O2      = HO2     +              4.974E+11
  12) OH      + O3      = HO2     + O2           9.033E+05
  16) H2O2    + OH      = HO2     + H2O          6.402E+04
  44) HCO     + O2      = HO2     + CO           8.409E+10
  49) H2O2    + O       = OH      + HO2          3.490E+05
  66) CH3     + O3      = H2CO    + HO2          4.588E+02
 122) HSO3    + O2      = HO2     + SO3          1.218E+05
 260) CH3O2   + O       = H2CO    + HO2          6.253E+01
 269) CH3O    + O2      = H2CO    + HO2          1.444E+05

HO2                    LOSS RXS                INT RX RATE    TL =  5.81E+11
   7) H       + HO2     = H2      + O2           2.421E+02
   8) H       + HO2     = H2O     + O            5.381E+01
   9) H       + HO2     = OH      + OH           2.395E+03
  11) OH      + HO2     = H2O     + O2           1.793E+03
  13) HO2     + O       = OH      + O2           4.740E+08
  14) HO2     + O3      = OH      + O2      O2   5.739E+10
  15) HO2     + HO2     = H2O2    + O2           1.121E+08
  50) HO2     + HV      = OH      + O            6.953E+03
  82) NO      + HO2     = NO2     + OH           5.229E+11
 108) N       + HO2     = NO      + OH           1.522E+05
 109) HO2     + NO2     = HNO2    + O2           4.650E+08
 116) SO      + HO2     = SO2     + OH           8.829E+02
 131) HS      + HO2     = H2S     + O2           4.217E+00
 139) S       + HO2     = HS      + O2           3.772E-10
 140) S       + HO2     = SO      + OH           3.772E-10
 163) SO2     + HO2     = SO3     + OH           1.499E+04
 170) SO      + HO2     = HSO     + O2           8.829E+02
 191) H2S     + HO2     = H2O     + HSO          4.186E+07

H2O2                PRODUCTION RXS              INT RX RATE    TP =  1.12E+08
  15) HO2     + HO2     = H2O2    + O2           1.121E+08
  47) OH      + OH      = H2O2    +              7.509E-04

H2O2                   LOSS RXS                INT RX RATE    TL =  1.12E+08
  16) H2O2    + OH      = HO2     + H2O          6.402E+04
  28) H2O2    + HV      = OH      + OH           1.057E+08
  49) H2O2    + O       = OH      + HO2          3.490E+05

H2                  PRODUCTION RXS              INT RX RATE    TP =  1.72E+08
   7) H       + HO2     = H2      + O2           2.421E+02
  34) H       + HCO     = H2      + CO           8.032E+00
  39) H2CO    + HV      = H2      + CO           3.846E+05
  42) H2CO    + H       = H2      + HCO          2.197E+00
  43) H       + H       = H2      +              1.101E-02
  57) CH4     + O1D     = H2CO    + H2           6.346E+03
  67) CH3     + OH      = CO      + H2      H2   9.866E-09
  89) H       + HNO     = H2      + NO           2.182E+02
 124) HSO3    + H       = H2      + SO3          3.905E-06
 127) H2S     + H       = H2      + HS           1.872E+06
 134) HS      + H       = H2      + S            5.562E-03
 177) HSO     + H       = H2      + SO           1.429E+02
 217) H       + HCS     = H2      + CS           1.126E-27
 222) C2H5    + H       = C2H4    + H2           1.929E-17
 226) C2H5    + OH      = CH3     + HCO     H2   5.065E-18
 227) C2H5    + OH      = CH3CHO  + H2           1.266E-17
 242) CH      + H       = C       + H2           1.157E-28
 256) CH23    + H       = CH      + H2           1.508E-14
 279) CH23    + CH23    = C2H2    + H2           1.647E-27
 281) C2H2    + HV      = C2      + H2           1.088E-26
 294) C2H4    + HV      = C2H2    + H2           5.325E-23
 299) C2H3    + H       = C2H2    + H2           6.207E-28
 321) C2H2OH  + H       = H2      + CH2CO        1.162E-29
 326) C2H4OH  + H       = H2      + CH3CHO       3.898E-23
 329) CH3CHO  + H       = CH3CO   + H2           2.691E-17
 346) C3H6    + HV      = CH2CCH2 + H2           7.933E-41
 355) C3H7    + OH      = C2H5CHO + H2           4.970E-24
 366) C3H5    + H       = CH2CCH2 + H2           9.166E-38
 374) C3H5    + H       = CH3C2H  + H2           9.166E-38
 380) CH3C2H  + HV      = C3H2    + H2           5.583E-37
 383) CH2CCH2 + HV      = C3H2    + H2           4.505E-37

H2                     LOSS RXS                INT RX RATE    TL =  9.35E+06
   2) H2      + O1D     = OH      + H            1.414E+06
   3) H2      + O       = OH      + H            3.676E+06
   4) H2      + OH      = H2O     + H            1.413E+06
  61) CH23    + H2      = CH3     + H            5.161E-06
 238) C       + H2      = CH23    +              6.764E-29
 244) CH      + H2      = CH23    + H            1.105E-18
 245) CH      + H2      = CH3     +              1.082E-15
 285) C2H     + H2      = C2H2    + H            4.363E-31
 288) C2      + H2      = C2H     + H            1.140E-29
 300) C2H3    + H2      = C2H4    + H            2.316E-23

CO                  PRODUCTION RXS              INT RX RATE    TP =  8.92E+10
  29) CO2     + HV      = CO      + O            9.225E+08
  34) H       + HCO     = H2      + CO           8.032E+00
  35) HCO     + HCO     = H2CO    + CO           4.059E+00
  36) OH      + HCO     = H2O     + CO           8.426E-02
  38) O       + HCO     = OH      + CO           5.799E+01
  39) H2CO    + HV      = H2      + CO           3.846E+05
  41) HCO     + HV      = H       + CO           2.947E+06
  44) HCO     + O2      = HO2     + CO           8.409E+10
  67) CH3     + OH      = CO      + H2      H2   9.866E-09
  71) CH3     + HCO     = CH4     + CO           1.803E-05
  87) HCO     + NO      = HNO     + CO           5.264E+08
  98) CH23    + CO2     = H2CO    + CO           1.269E-02
 102) C2H5    + HCO     = C2H6    + CO           4.151E-15
 105) CO      + O1D     = CO      + O            3.108E+09
 133) HS      + HCO     = H2S     + CO           8.427E-03
 138) S       + HCO     = HS      + CO           1.450E-13
 169) S       + CO2     = SO      + CO           4.572E-07
 171) SO      + HCO     = HSO     + CO           2.462E-02
 182) H       + OCS     = CO      + HS           3.730E-06
 184) O       + OCS     = CO      + SO           2.799E-03
 186) OCS     + S       = CO      + S2           2.303E-17
 190) OCS     + HV      = CO      + S            1.748E-04
 198) CS      + O2      = CO      + SO           2.340E-29
 201) CS      + O3      = CO      + SO2          3.053E-28
 209) CS2     + O       = CO      + S2           1.203E-37
 212) CS      + O       = CO      + S            5.525E-31
 237) C       + OH      = CO      + H            3.262E-42
 239) C       + O2      = CO      + O            6.285E-29
 243) CH      + O       = CO      + H            6.510E-23
 246) CH      + O2      = CO      + OH           4.879E-14
 247) CH      + CO2     = HCO     + CO           1.891E-13
 252) OCS     + CH      = CO      + HCS          5.833E-28
 254) CH23    + O       = CO      + H       H    2.324E-12
 262) HCO     + H2CO    = CH3O    + CO           1.206E-03
 270) CH2CO   + HV      = CH23    + CO           2.685E-04
 272) CH2CO   + H       = CH3     + CO           1.822E-08
 273) CH2CO   + O       = H2CO    + CO           8.921E-04
 275) CH3CO   + H       = CH4     + CO           8.434E+01
 277) CH3CO   + CH3     = C2H6    + CO           5.125E-04
 282) C2H2    + OH      = CO      + CH3          5.010E-26
 283) C2H     + O2      = CO      + HCO          3.280E-26
 284) C2H     + O       = CO      + CH           4.000E-35
 292) C2      + O       = C       + CO           7.752E-34
 293) C2      + O2      = CO      + CO           1.072E-26
 309) C2H2    + O       = CH23    + CO           7.207E-23
 334) CH3CHO  + HV      = CH4     + CO           9.091E-15
 352) C3H6    + O       = CH3     + CH3     CO   5.236E-30

CO                     LOSS RXS                INT RX RATE    TL =  1.23E+13
  31) CO      + OH      = CO2     + H            5.840E+11
  32) CO      + O       = CO2     +              1.158E+13
  33) H       + CO      = HCO     +              8.462E+10
 105) CO      + O1D     = CO      + O            3.108E+09
 183) HS      + CO      = OCS     + H            2.169E-03
 189) S       + CO      = OCS     +              8.191E-04
 196) OCS2    + CO      = OCS     + OCS          8.145E-17
 263) CH3O    + CO      = CH3     + CO2          2.360E+01
 271) CH23    + CO      = CH2CO   +              3.437E-04
 274) CH3     + CO      = CH3CO   +              1.273E+03

HCO                 PRODUCTION RXS              INT RX RATE    TP =  8.46E+10
  33) H       + CO      = HCO     +              8.462E+10
  40) H2CO    + HV      = HCO     + H            8.836E+04
  42) H2CO    + H       = H2      + HCO          2.197E+00
  45) H2CO    + OH      = H2O     + HCO          2.787E+02
  48) H2CO    + O       = HCO     + OH           2.074E+04
  63) CH23    + O2      = HCO     + OH           2.868E-04
  73) CH3     + H2CO    = CH4     + HCO          3.008E-11
  97) CH23    + O       = HCO     + H            2.800E-13
 104) C2H5    + O2      = CH3     + HCO     OH   5.038E-04
 143) HS      + H2CO    = H2S     + HCO          4.393E-01
 223) C2H5    + O       = CH3     + HCO     H    4.463E-14
 226) C2H5    + OH      = CH3     + HCO     H2   5.065E-18
 247) CH      + CO2     = HCO     + CO           1.891E-13
 276) CH3CO   + O       = H2CO    + HCO          1.189E+03
 283) C2H     + O2      = CO      + HCO          3.280E-26
 304) C2H4    + O       = HCO     + CH3          9.702E-17
 333) CH3CHO  + HV      = CH3     + HCO          9.091E-15
 349) C2H5CHO + HV      = C2H5    + HCO          6.965E-20

HCO                    LOSS RXS                INT RX RATE    TL =  8.46E+10
  34) H       + HCO     = H2      + CO           8.032E+00
  35) HCO     + HCO     = H2CO    + CO           4.059E+00
  36) OH      + HCO     = H2O     + CO           8.426E-02
  37) O       + HCO     = H       + CO2          5.799E+01
  38) O       + HCO     = OH      + CO           5.799E+01
  41) HCO     + HV      = H       + CO           2.947E+06
  44) HCO     + O2      = HO2     + CO           8.409E+10
  71) CH3     + HCO     = CH4     + CO           1.803E-05
  87) HCO     + NO      = HNO     + CO           5.264E+08
 102) C2H5    + HCO     = C2H6    + CO           4.151E-15
 133) HS      + HCO     = H2S     + CO           8.427E-03
 138) S       + HCO     = HS      + CO           1.450E-13
 171) SO      + HCO     = HSO     + CO           2.462E-02
 188) S       + HCO     = OCS     + H            1.160E-12
 262) HCO     + H2CO    = CH3O    + CO           1.206E-03

H2CO                PRODUCTION RXS              INT RX RATE    TP =  5.43E+05
  35) HCO     + HCO     = H2CO    + CO           4.059E+00
  57) CH4     + O1D     = H2CO    + H2           6.346E+03
  64) CH3     + O2      = H2CO    + OH           3.746E+05
  65) CH3     + O       = H2CO    + H            3.190E-03
  66) CH3     + O3      = H2CO    + HO2          4.588E+02
  98) CH23    + CO2     = H2CO    + CO           1.269E-02
 224) C2H5    + O       = H2CO    + CH3          3.972E-14
 259) CH3O2   + H       = H2O     + H2CO         2.602E-04
 260) CH3O2   + O       = H2CO    + HO2          6.253E+01
 266) NO      + CH3O    = HNO     + H2CO         1.487E+04
 267) NO2     + CH3O    = H2CO    + HNO2         5.781E+02
 269) CH3O    + O2      = H2CO    + HO2          1.444E+05
 273) CH2CO   + O       = H2CO    + CO           8.921E-04
 276) CH3CO   + O       = H2CO    + HCO          1.189E+03
 303) C2H4    + OH      = H2CO    + CH3          3.463E-19

H2CO                   LOSS RXS                INT RX RATE    TL =  5.36E+05
  39) H2CO    + HV      = H2      + CO           3.846E+05
  40) H2CO    + HV      = HCO     + H            8.836E+04
  42) H2CO    + H       = H2      + HCO          2.197E+00
  45) H2CO    + OH      = H2O     + HCO          2.787E+02
  48) H2CO    + O       = HCO     + OH           2.074E+04
  73) CH3     + H2CO    = CH4     + HCO          3.008E-11
 143) HS      + H2CO    = H2S     + HCO          4.393E-01
 262) HCO     + H2CO    = CH3O    + CO           1.206E-03

CH4                 PRODUCTION RXS              INT RX RATE    TP =  8.43E+01
  70) CH3     + H       = CH4     +              1.223E-05
  71) CH3     + HCO     = CH4     + CO           1.803E-05
  72) CH3     + HNO     = CH4     + NO           3.241E-05
  73) CH3     + H2CO    = CH4     + HCO          3.008E-11
 231) CH3     + HCS     = CH4     + CS           1.670E-33
 258) CH3O2   + H       = CH4     + O2           3.643E-04
 275) CH3CO   + H       = CH4     + CO           8.434E+01
 278) CH3CO   + CH3     = CH4     + CH2CO        8.161E-04
 312) C2H3    + CH3     = C2H2    + CH4          3.525E-34
 315) C2H5    + CH3     = C2H4    + CH4          7.075E-20
 332) CH3CHO  + CH3     = CH3CO   + CH4          2.782E-22
 334) CH3CHO  + HV      = CH4     + CO           9.091E-15
 348) C3H6    + HV      = C2H     + CH4     H    3.966E-40
 354) C3H7    + CH3     = C3H6    + CH4          5.295E-30
 364) C3H5    + H       = CH4     + C2H2         9.166E-38
 365) C3H5    + CH3     = CH2CCH2 + CH4          1.242E-43
 375) C3H5    + CH3     = CH3C2H  + CH4          1.242E-43

CH4                    LOSS RXS                INT RX RATE    TL =  1.00E+06
  55) CH4     + OH      = CH3     + H2O          1.057E+05
  56) CH4     + O1D     = CH3     + OH           9.520E+04
  57) CH4     + O1D     = H2CO    + H2           6.346E+03
  62) CH23    + CH4     = CH3     + CH3          5.644E-13
  93) CH4     + O       = CH3     + OH           3.100E+05
 215) CH4     + HS      = CH3     + H2S          2.102E-12
 268) O1D     + CH4     = CH3O    + H            2.539E+04
 286) C2H     + CH4     = C2H2    + CH3          2.883E-30
 289) C2      + CH4     = C2H     + CH3          1.536E-28
 301) C2H3    + CH4     = C2H4    + CH3          2.953E-26
 307) CH      + CH4     = C2H4    + H            7.249E-17

CH3                 PRODUCTION RXS              INT RX RATE    TP =  5.11E+05
  55) CH4     + OH      = CH3     + H2O          1.057E+05
  56) CH4     + O1D     = CH3     + OH           9.520E+04
  61) CH23    + H2      = CH3     + H            5.161E-06
  62) CH23    + CH4     = CH3     + CH3          5.644E-13
  93) CH4     + O       = CH3     + OH           3.100E+05
 104) C2H5    + O2      = CH3     + HCO     OH   5.038E-04
 215) CH4     + HS      = CH3     + H2S          2.102E-12
 220) C2H5    + H       = CH3     + CH3          3.857E-16
 223) C2H5    + O       = CH3     + HCO     H    4.463E-14
 224) C2H5    + O       = H2CO    + CH3          3.972E-14
 226) C2H5    + OH      = CH3     + HCO     H2   5.065E-18
 245) CH      + H2      = CH3     +              1.082E-15
 255) CH23    + H       = CH3     +              1.545E-14
 263) CH3O    + CO      = CH3     + CO2          2.360E+01
 272) CH2CO   + H       = CH3     + CO           1.822E-08
 282) C2H2    + OH      = CO      + CH3          5.010E-26
 286) C2H     + CH4     = C2H2    + CH3          2.883E-30
 289) C2      + CH4     = C2H     + CH3          1.536E-28
 297) CH23    + C2H3    = CH3     + C2H2         5.502E-43
 301) C2H3    + CH4     = C2H4    + CH3          2.953E-26
 303) C2H4    + OH      = H2CO    + CH3          3.463E-19
 304) C2H4    + O       = HCO     + CH3          9.702E-17
 308) CH23    + C2H5    = CH3     + C2H4         8.203E-29
 333) CH3CHO  + HV      = CH3     + HCO          9.091E-15
 339) C3H7    + H       = CH3     + C2H5         3.463E-23
 345) C3H6    + HV      = C2H2    + CH3     H    2.697E-39
 351) C3H6    + OH      = CH3CHO  + CH3          3.528E-32
 352) C3H6    + O       = CH3     + CH3     CO   5.236E-30
 359) CH2CCH2 + H       = CH3     + C2H2         1.257E-39
 362) C2H3    + C2H5    = CH3     + C3H5         1.247E-47
 369) CH3C2H  + H       = CH3     + C2H2         9.987E-38
 381) CH3C2H  + HV      = CH3     + C2H          2.538E-38

CH3                    LOSS RXS                INT RX RATE    TL =  5.11E+05
  64) CH3     + O2      = H2CO    + OH           3.746E+05
  65) CH3     + O       = H2CO    + H            3.190E-03
  66) CH3     + O3      = H2CO    + HO2          4.588E+02
  67) CH3     + OH      = CO      + H2      H2   9.866E-09
  68) CH3     + CH3     = C2H6    +              3.757E-06
  69) CH3     + HV      = CH23    + H            1.304E-02
  70) CH3     + H       = CH4     +              1.223E-05
  71) CH3     + HCO     = CH4     + CO           1.803E-05
  72) CH3     + HNO     = CH4     + NO           3.241E-05
  73) CH3     + H2CO    = CH4     + HCO          3.008E-11
 231) CH3     + HCS     = CH4     + CS           1.670E-33
 257) CH3     + O2      = CH3O2   +              1.341E+05
 264) CH3     + OH      = CH3O    + H            1.914E-08
 265) CH3     + O3      = CH3O    + O2           4.588E+02
 274) CH3     + CO      = CH3CO   +              1.273E+03
 277) CH3CO   + CH3     = C2H6    + CO           5.125E-04
 278) CH3CO   + CH3     = CH4     + CH2CO        8.161E-04
 296) CH23    + CH3     = C2H4    + H            1.164E-18
 312) C2H3    + CH3     = C2H2    + CH4          3.525E-34
 315) C2H5    + CH3     = C2H4    + CH4          7.075E-20
 332) CH3CHO  + CH3     = CH3CO   + CH4          2.782E-22
 335) C2H5    + CH3     = C3H8    +              7.075E-20
 350) C2H3    + CH3     = C3H6    +              1.244E-33
 354) C3H7    + CH3     = C3H6    + CH4          5.295E-30
 361) CH3     + C2H3    = C3H5    + H            2.488E-36
 365) C3H5    + CH3     = CH2CCH2 + CH4          1.242E-43
 375) C3H5    + CH3     = CH3C2H  + CH4          1.242E-43

C2H6                PRODUCTION RXS              INT RX RATE    TP =  5.16E-04
  68) CH3     + CH3     = C2H6    +              3.757E-06
 102) C2H5    + HCO     = C2H6    + CO           4.151E-15
 103) C2H5    + HNO     = C2H6    + NO           1.846E-15
 221) C2H5    + H       = C2H6    +              1.413E-15
 277) CH3CO   + CH3     = C2H6    + CO           5.125E-04
 316) C2H5    + C2H3    = C2H6    + C2H2         7.153E-45
 317) C2H5    + C2H5    = C2H6    + C2H4         5.693E-31

C2H6                   LOSS RXS                INT RX RATE    TL =  5.16E-04
  99) C2H6    + OH      = C2H5    + H2O          1.175E-04
 100) C2H6    + O       = C2H5    + OH           3.779E-04
 101) C2H6    + O1D     = C2H5    + OH           8.510E-06
 302) C2H3    + C2H6    = C2H4    + C2H5         5.865E-40
 306) C2H     + C2H6    = C2H2    + C2H5         9.864E-40

NO                  PRODUCTION RXS              INT RX RATE    TP =  4.62E+13
  51) HNO2    + HV      = NO      + OH           4.854E+08
  54) NO2     + HV      = NO      + O            3.719E+13
  72) CH3     + HNO     = CH4     + NO           3.241E-05
  76) N       + O2      = NO      + O            2.334E+04
  77) N       + O3      = NO      + O2           9.011E+06
  78) N       + OH      = NO      + H            7.300E-01
  84) NO2     + O       = NO      + O2           8.978E+12
  86) NO2     + H       = NO      + OH           9.296E+08
  88) HNO     + HV      = NO      + H            6.063E+08
  89) H       + HNO     = H2      + NO           2.182E+02
  90) O       + HNO     = OH      + NO           7.976E+04
  91) OH      + HNO     = H2O     + NO           5.256E+01
 103) C2H5    + HNO     = C2H6    + NO           1.846E-15
 108) N       + HO2     = NO      + OH           1.522E+05
 161) SO      + NO2     = SO2     + NO           5.585E+07
 165) HS      + NO2     = HSO     + NO           6.487E+06

NO                     LOSS RXS                INT RX RATE    TL =  4.62E+13
  53) NO      + HV      = N       + O            2.886E+04
  74) H       + NO      = HNO     +              6.380E+07
  79) N       + NO      = N2      + O            9.084E+07
  80) NO      + O3      = NO2     + O2           4.557E+13
  81) NO      + O       = NO2     +              7.646E+10
  82) NO      + HO2     = NO2     + OH           5.229E+11
  83) NO      + OH      = HNO2    +              2.038E+07
  87) HCO     + NO      = HNO     + CO           5.264E+08
 174) HSO     + NO      = HNO     + SO           1.636E+07
 261) NO      + CH3O2   = CH3O    + NO2          1.341E+05
 266) NO      + CH3O    = HNO     + H2CO         1.487E+04

NO2                 PRODUCTION RXS              INT RX RATE    TP =  4.62E+13
  52) HNO3    + HV      = NO2     + OH           1.355E+07
  80) NO      + O3      = NO2     + O2           4.557E+13
  81) NO      + O       = NO2     +              7.646E+10
  82) NO      + HO2     = NO2     + OH           5.229E+11
  92) HNO2    + OH      = H2O     + NO2          1.165E+00
 107) HNO3    + OH      = H2O     + NO2     O    2.108E+05
 261) NO      + CH3O2   = CH3O    + NO2          1.341E+05

NO2                    LOSS RXS                INT RX RATE    TL =  4.62E+13
  54) NO2     + HV      = NO      + O            3.719E+13
  84) NO2     + O       = NO      + O2           8.978E+12
  85) NO2     + OH      = HNO3    +              3.146E+07
  86) NO2     + H       = NO      + OH           9.296E+08
 109) HO2     + NO2     = HNO2    + O2           4.650E+08
 161) SO      + NO2     = SO2     + NO           5.585E+07
 165) HS      + NO2     = HSO     + NO           6.487E+06
 267) NO2     + CH3O    = H2CO    + HNO2         5.781E+02

HNO                 PRODUCTION RXS              INT RX RATE    TP =  6.07E+08
  74) H       + NO      = HNO     +              6.380E+07
  87) HCO     + NO      = HNO     + CO           5.264E+08
 174) HSO     + NO      = HNO     + SO           1.636E+07
 266) NO      + CH3O    = HNO     + H2CO         1.487E+04

HNO                    LOSS RXS                INT RX RATE    TL =  6.06E+08
  72) CH3     + HNO     = CH4     + NO           3.241E-05
  88) HNO     + HV      = NO      + H            6.063E+08
  89) H       + HNO     = H2      + NO           2.182E+02
  90) O       + HNO     = OH      + NO           7.976E+04
  91) OH      + HNO     = H2O     + NO           5.256E+01
 103) C2H5    + HNO     = C2H6    + NO           1.846E-15

O3                  PRODUCTION RXS              INT RX RATE    TP =  1.11E+15
  18) O       + O2      = O3      +              1.112E+15

O3                     LOSS RXS                INT RX RATE    TL =  1.11E+15
   5) H       + O3      = OH      + O2           1.629E+09
  12) OH      + O3      = HO2     + O2           9.033E+05
  14) HO2     + O3      = OH      + O2      O2   5.739E+10
  19) O       + O3      = O2      + O2           6.599E+09
  26) O3      + HV      = O2      + O1D          2.667E+11
  27) O3      + HV      = O2      + O            1.066E+15
  66) CH3     + O3      = H2CO    + HO2          4.588E+02
  77) N       + O3      = NO      + O2           9.011E+06
  80) NO      + O3      = NO2     + O2           4.557E+13
 162) SO      + O3      = SO2     + O2           2.524E+06
 164) HS      + O3      = HSO     + O2           5.655E+06
 166) S       + O3      = SO      + O2           1.142E-02
 199) CS      + O3      = OCS     + O2           3.053E-28
 200) CS      + O3      = SO      + CO2          3.053E-28
 201) CS      + O3      = CO      + SO2          3.053E-28
 265) CH3     + O3      = CH3O    + O2           4.588E+02

HNO3                PRODUCTION RXS              INT RX RATE    TP =  3.15E+07
  85) NO2     + OH      = HNO3    +              3.146E+07

HNO3                   LOSS RXS                INT RX RATE    TL =  3.04E+07
  52) HNO3    + HV      = NO2     + OH           1.355E+07
 107) HNO3    + OH      = H2O     + NO2     O    2.108E+05

N                   PRODUCTION RXS              INT RX RATE    TP =  2.89E+04
  53) NO      + HV      = N       + O            2.886E+04

N                      LOSS RXS                INT RX RATE    TL =  1.00E+08
  75) N       + N       = N2      +              4.685E+01
  76) N       + O2      = NO      + O            2.334E+04
  77) N       + O3      = NO      + O2           9.011E+06
  78) N       + OH      = NO      + H            7.300E-01
  79) N       + NO      = N2      + O            9.084E+07
 108) N       + HO2     = NO      + OH           1.522E+05

C3H2                PRODUCTION RXS              INT RX RATE    TP =  5.60E-35
 367) CH      + C2H2    = C3H2    + H            2.276E-49
 378) C3H3    + HV      = C3H2    + H            5.494E-35
 380) CH3C2H  + HV      = C3H2    + H2           5.583E-37
 383) CH2CCH2 + HV      = C3H2    + H2           4.505E-37

C3H2                   LOSS RXS                INT RX RATE    TL =  5.59E-35
 371) C3H2    + H       = C3H3    +              5.595E-35

C3H3                PRODUCTION RXS              INT RX RATE    TP =  5.75E-35
 371) C3H2    + H       = C3H3    +              5.595E-35
 379) CH3C2H  + HV      = C3H3    + H            7.106E-37
 382) CH2CCH2 + HV      = C3H3    + H            8.010E-37

C3H3                   LOSS RXS                INT RX RATE    TL =  5.75E-35
 372) C3H3    + H       = CH3C2H  +              1.260E-36
 373) C3H3    + H       = CH2CCH2 +              1.260E-36
 378) C3H3    + HV      = C3H2    + H            5.494E-35

CH3C2H              PRODUCTION RXS              INT RX RATE    TP =  1.49E-36
 358) CH      + C2H4    = CH3C2H  + H            2.848E-44
 368) CH23    + C2H2    = CH3C2H  +              1.977E-38
 372) C3H3    + H       = CH3C2H  +              1.260E-36
 374) C3H5    + H       = CH3C2H  + H2           9.166E-38
 375) C3H5    + CH3     = CH3C2H  + CH4          1.242E-43
 376) CH2CCH2 + H       = CH3C2H  + H            1.230E-37

CH3C2H                 LOSS RXS                INT RX RATE    TL =  1.49E-36
 369) CH3C2H  + H       = CH3     + C2H2         9.987E-38
 370) CH3C2H  + H       = C3H5    +              9.987E-38
 379) CH3C2H  + HV      = C3H3    + H            7.106E-37
 380) CH3C2H  + HV      = C3H2    + H2           5.583E-37
 381) CH3C2H  + HV      = CH3     + C2H          2.538E-38

CH2CCH2             PRODUCTION RXS              INT RX RATE    TP =  1.37E-36
 346) C3H6    + HV      = CH2CCH2 + H2           7.933E-41
 357) CH      + C2H4    = CH2CCH2 + H            2.848E-44
 365) C3H5    + CH3     = CH2CCH2 + CH4          1.242E-43
 366) C3H5    + H       = CH2CCH2 + H2           9.166E-38
 373) C3H3    + H       = CH2CCH2 +              1.260E-36
 377) CH23    + C2H2    = CH2CCH2 +              1.977E-38

CH2CCH2                LOSS RXS                INT RX RATE    TL =  1.38E-36
 359) CH2CCH2 + H       = CH3     + C2H2         1.257E-39
 360) CH2CCH2 + H       = C3H5    +              1.262E-40
 376) CH2CCH2 + H       = CH3C2H  + H            1.230E-37
 382) CH2CCH2 + HV      = C3H3    + H            8.010E-37
 383) CH2CCH2 + HV      = C3H2    + H2           4.505E-37
 392) C2H     + CH2CCH2 = HCAER2  + H            1.821E-73

C3H5                PRODUCTION RXS              INT RX RATE    TP =  2.59E-36
 360) CH2CCH2 + H       = C3H5    +              1.262E-40
 361) CH3     + C2H3    = C3H5    + H            2.488E-36
 362) C2H3    + C2H5    = CH3     + C3H5         1.247E-47
 370) CH3C2H  + H       = C3H5    +              9.987E-38

C3H5                   LOSS RXS                INT RX RATE    TL =  3.36E-37
 363) C3H5    + H       = C3H6    +              6.091E-38
 364) C3H5    + H       = CH4     + C2H2         9.166E-38
 365) C3H5    + CH3     = CH2CCH2 + CH4          1.242E-43
 366) C3H5    + H       = CH2CCH2 + H2           9.166E-38
 374) C3H5    + H       = CH3C2H  + H2           9.166E-38
 375) C3H5    + CH3     = CH3C2H  + CH4          1.242E-43

C2H5CHO             PRODUCTION RXS              INT RX RATE    TP =  7.07E-20
 355) C3H7    + OH      = C2H5CHO + H2           4.970E-24
 356) C3H7    + O       = C2H5CHO + H            7.071E-20

C2H5CHO                LOSS RXS                INT RX RATE    TL =  7.07E-20
 349) C2H5CHO + HV      = C2H5    + HCO          6.965E-20

C3H6                PRODUCTION RXS              INT RX RATE    TP =  5.30E-30
 350) C2H3    + CH3     = C3H6    +              1.244E-33
 354) C3H7    + CH3     = C3H6    + CH4          5.295E-30
 363) C3H5    + H       = C3H6    +              6.091E-38

C3H6                   LOSS RXS                INT RX RATE    TL =  5.30E-30
 345) C3H6    + HV      = C2H2    + CH3     H    2.697E-39
 346) C3H6    + HV      = CH2CCH2 + H2           7.933E-41
 347) C3H6    + HV      = C2H4    + CH23         1.587E-40
 348) C3H6    + HV      = C2H     + CH4     H    3.966E-40
 351) C3H6    + OH      = CH3CHO  + CH3          3.528E-32
 352) C3H6    + O       = CH3     + CH3     CO   5.236E-30
 353) C3H6    + H       = C3H7    +              2.482E-32

C3H7                PRODUCTION RXS              INT RX RATE    TP =  7.07E-20
 336) C3H8    + OH      = C3H7    + H2O          1.153E-21
 337) C3H8    + O       = C3H7    + OH           6.959E-20
 338) C3H8    + O1D     = C3H7    + OH           2.811E-24
 344) C2H     + C3H8    = C2H2    + C3H7         5.611E-58
 353) C3H6    + H       = C3H7    +              2.482E-32

C3H7                   LOSS RXS                INT RX RATE    TL =  7.07E-20
 339) C3H7    + H       = CH3     + C2H5         3.463E-23
 354) C3H7    + CH3     = C3H6    + CH4          5.295E-30
 355) C3H7    + OH      = C2H5CHO + H2           4.970E-24
 356) C3H7    + O       = C2H5CHO + H            7.071E-20

C3H8                PRODUCTION RXS              INT RX RATE    TP =  7.07E-20
 335) C2H5    + CH3     = C3H8    +              7.075E-20

C3H8                   LOSS RXS                INT RX RATE    TL =  7.07E-20
 336) C3H8    + OH      = C3H7    + H2O          1.153E-21
 337) C3H8    + O       = C3H7    + OH           6.959E-20
 338) C3H8    + O1D     = C3H7    + OH           2.811E-24
 344) C2H     + C3H8    = C2H2    + C3H7         5.611E-58

C2H4OH              PRODUCTION RXS              INT RX RATE    TP =  2.55E-19
 324) C2H4    + OH      = C2H4OH  +              2.552E-19

C2H4OH                 LOSS RXS                INT RX RATE    TL =  2.55E-19
 325) C2H4OH  + H       = H2O     + C2H4         2.192E-19
 326) C2H4OH  + H       = H2      + CH3CHO       3.898E-23
 327) C2H4OH  + O       = OH      + CH3CHO       3.585E-20
 328) C2H4OH  + OH      = H2O     + CH3CHO       7.373E-23

C2H2OH              PRODUCTION RXS              INT RX RATE    TP =  1.07E-25
 318) C2H2    + OH      = C2H2OH  +              1.067E-25

C2H2OH                 LOSS RXS                INT RX RATE    TL =  1.07E-25
 320) C2H2OH  + H       = H2O     + C2H2         7.116E-26
 321) C2H2OH  + H       = H2      + CH2CO        1.162E-29
 322) C2H2OH  + O       = OH      + CH2CO        3.553E-26
 323) C2H2OH  + OH      = H2O     + CH2CO        4.841E-29

C2H5                PRODUCTION RXS              INT RX RATE    TP =  5.04E-04
  99) C2H6    + OH      = C2H5    + H2O          1.175E-04
 100) C2H6    + O       = C2H5    + OH           3.779E-04
 101) C2H6    + O1D     = C2H5    + OH           8.510E-06
 302) C2H3    + C2H6    = C2H4    + C2H5         5.865E-40
 305) C2H4    + H       = C2H5    +              6.747E-19
 306) C2H     + C2H6    = C2H2    + C2H5         9.864E-40
 339) C3H7    + H       = CH3     + C2H5         3.463E-23
 349) C2H5CHO + HV      = C2H5    + HCO          6.965E-20

C2H5                   LOSS RXS                INT RX RATE    TL =  5.04E-04
 102) C2H5    + HCO     = C2H6    + CO           4.151E-15
 103) C2H5    + HNO     = C2H6    + NO           1.846E-15
 104) C2H5    + O2      = CH3     + HCO     OH   5.038E-04
 220) C2H5    + H       = CH3     + CH3          3.857E-16
 221) C2H5    + H       = C2H6    +              1.413E-15
 222) C2H5    + H       = C2H4    + H2           1.929E-17
 223) C2H5    + O       = CH3     + HCO     H    4.463E-14
 224) C2H5    + O       = H2CO    + CH3          3.972E-14
 225) C2H5    + O       = CH3CHO  + H            1.978E-13
 226) C2H5    + OH      = CH3     + HCO     H2   5.065E-18
 227) C2H5    + OH      = CH3CHO  + H2           1.266E-17
 228) C2H5    + OH      = C2H4    + H2O          5.065E-18
 308) CH23    + C2H5    = CH3     + C2H4         8.203E-29
 314) C2H3    + C2H5    = C2H4    + C2H4         3.576E-45
 315) C2H5    + CH3     = C2H4    + CH4          7.075E-20
 316) C2H5    + C2H3    = C2H6    + C2H2         7.153E-45
 317) C2H5    + C2H5    = C2H6    + C2H4         5.693E-31
 335) C2H5    + CH3     = C3H8    +              7.075E-20
 362) C2H3    + C2H5    = CH3     + C3H5         1.247E-47

C2H4                PRODUCTION RXS              INT RX RATE    TP =  9.83E-17
 222) C2H5    + H       = C2H4    + H2           1.929E-17
 228) C2H5    + OH      = C2H4    + H2O          5.065E-18
 296) CH23    + CH3     = C2H4    + H            1.164E-18
 300) C2H3    + H2      = C2H4    + H            2.316E-23
 301) C2H3    + CH4     = C2H4    + CH3          2.953E-26
 302) C2H3    + C2H6    = C2H4    + C2H5         5.865E-40
 307) CH      + CH4     = C2H4    + H            7.249E-17
 308) CH23    + C2H5    = CH3     + C2H4         8.203E-29
 313) C2H3    + C2H3    = C2H4    + C2H2         3.861E-54
 314) C2H3    + C2H5    = C2H4    + C2H4         3.576E-45
 315) C2H5    + CH3     = C2H4    + CH4          7.075E-20
 317) C2H5    + C2H5    = C2H6    + C2H4         5.693E-31
 325) C2H4OH  + H       = H2O     + C2H4         2.192E-19
 347) C3H6    + HV      = C2H4    + CH23         1.587E-40

C2H4                   LOSS RXS                INT RX RATE    TL =  9.83E-17
 294) C2H4    + HV      = C2H2    + H2           5.325E-23
 295) C2H4    + HV      = C2H2    + H       H    1.969E-23
 303) C2H4    + OH      = H2CO    + CH3          3.463E-19
 304) C2H4    + O       = HCO     + CH3          9.702E-17
 305) C2H4    + H       = C2H5    +              6.747E-19
 324) C2H4    + OH      = C2H4OH  +              2.552E-19
 357) CH      + C2H4    = CH2CCH2 + H            2.848E-44
 358) CH      + C2H4    = CH3C2H  + H            2.848E-44

CH                  PRODUCTION RXS              INT RX RATE    TP =  2.39E-13
 253) CH23    + O       = CH      + OH           2.240E-13
 256) CH23    + H       = CH      + H2           1.508E-14
 284) C2H     + O       = CO      + CH           4.000E-35

CH                     LOSS RXS                INT RX RATE    TL =  2.39E-13
 242) CH      + H       = C       + H2           1.157E-28
 243) CH      + O       = CO      + H            6.510E-23
 244) CH      + H2      = CH23    + H            1.105E-18
 245) CH      + H2      = CH3     +              1.082E-15
 246) CH      + O2      = CO      + OH           4.879E-14
 247) CH      + CO2     = HCO     + CO           1.891E-13
 248) CH      + HV      = C       + H            1.481E-29
 249) CH      + S       = CS      + H            6.101E-39
 250) CH      + S2      = CS      + HS           3.172E-44
 251) CH      + CS2     = HCS     + CS           3.521E-63
 252) OCS     + CH      = CO      + HCS          5.833E-28
 307) CH      + CH4     = C2H4    + H            7.249E-17
 357) CH      + C2H4    = CH2CCH2 + H            2.848E-44
 358) CH      + C2H4    = CH3C2H  + H            2.848E-44
 367) CH      + C2H2    = C3H2    + H            2.276E-49

CH3O2               PRODUCTION RXS              INT RX RATE    TP =  1.34E+05
 257) CH3     + O2      = CH3O2   +              1.341E+05

CH3O2                  LOSS RXS                INT RX RATE    TL =  1.34E+05
 258) CH3O2   + H       = CH4     + O2           3.643E-04
 259) CH3O2   + H       = H2O     + H2CO         2.602E-04
 260) CH3O2   + O       = H2CO    + HO2          6.253E+01
 261) NO      + CH3O2   = CH3O    + NO2          1.341E+05

CH3O                PRODUCTION RXS              INT RX RATE    TP =  1.60E+05
 261) NO      + CH3O2   = CH3O    + NO2          1.341E+05
 262) HCO     + H2CO    = CH3O    + CO           1.206E-03
 264) CH3     + OH      = CH3O    + H            1.914E-08
 265) CH3     + O3      = CH3O    + O2           4.588E+02
 268) O1D     + CH4     = CH3O    + H            2.539E+04

CH3O                   LOSS RXS                INT RX RATE    TL =  1.60E+05
 263) CH3O    + CO      = CH3     + CO2          2.360E+01
 266) NO      + CH3O    = HNO     + H2CO         1.487E+04
 267) NO2     + CH3O    = H2CO    + HNO2         5.781E+02
 269) CH3O    + O2      = H2CO    + HO2          1.444E+05

CH2CO               PRODUCTION RXS              INT RX RATE    TP =  1.16E-03
 271) CH23    + CO      = CH2CO   +              3.437E-04
 278) CH3CO   + CH3     = CH4     + CH2CO        8.161E-04
 310) C2H3    + O       = CH2CO   + H            4.682E-26
 319) C2H2    + OH      = CH2CO   + H            6.362E-25
 321) C2H2OH  + H       = H2      + CH2CO        1.162E-29
 322) C2H2OH  + O       = OH      + CH2CO        3.553E-26
 323) C2H2OH  + OH      = H2O     + CH2CO        4.841E-29

CH2CO                  LOSS RXS                INT RX RATE    TL =  1.16E-03
 270) CH2CO   + HV      = CH23    + CO           2.685E-04
 272) CH2CO   + H       = CH3     + CO           1.822E-08
 273) CH2CO   + O       = H2CO    + CO           8.921E-04

CH3CO               PRODUCTION RXS              INT RX RATE    TP =  1.27E+03
 274) CH3     + CO      = CH3CO   +              1.273E+03
 329) CH3CHO  + H       = CH3CO   + H2           2.691E-17
 330) CH3CHO  + O       = CH3CO   + OH           1.687E-13
 331) CH3CHO  + OH      = CH3CO   + H2O          2.620E-16
 332) CH3CHO  + CH3     = CH3CO   + CH4          2.782E-22

CH3CO                  LOSS RXS                INT RX RATE    TL =  1.27E+03
 275) CH3CO   + H       = CH4     + CO           8.434E+01
 276) CH3CO   + O       = H2CO    + HCO          1.189E+03
 277) CH3CO   + CH3     = C2H6    + CO           5.125E-04
 278) CH3CO   + CH3     = CH4     + CH2CO        8.161E-04

CH3CHO              PRODUCTION RXS              INT RX RATE    TP =  1.98E-13
 225) C2H5    + O       = CH3CHO  + H            1.978E-13
 227) C2H5    + OH      = CH3CHO  + H2           1.266E-17
 326) C2H4OH  + H       = H2      + CH3CHO       3.898E-23
 327) C2H4OH  + O       = OH      + CH3CHO       3.585E-20
 328) C2H4OH  + OH      = H2O     + CH3CHO       7.373E-23
 351) C3H6    + OH      = CH3CHO  + CH3          3.528E-32

CH3CHO                 LOSS RXS                INT RX RATE    TL =  1.98E-13
 329) CH3CHO  + H       = CH3CO   + H2           2.691E-17
 330) CH3CHO  + O       = CH3CO   + OH           1.687E-13
 331) CH3CHO  + OH      = CH3CO   + H2O          2.620E-16
 332) CH3CHO  + CH3     = CH3CO   + CH4          2.782E-22
 333) CH3CHO  + HV      = CH3     + HCO          9.091E-15
 334) CH3CHO  + HV      = CH4     + CO           9.091E-15

C2H2                PRODUCTION RXS              INT RX RATE    TP =  7.30E-23
 279) CH23    + CH23    = C2H2    + H2           1.647E-27
 285) C2H     + H2      = C2H2    + H            4.363E-31
 286) C2H     + CH4     = C2H2    + CH3          2.883E-30
 287) C2H     + H       = C2H2    +              9.177E-40
 294) C2H4    + HV      = C2H2    + H2           5.325E-23
 295) C2H4    + HV      = C2H2    + H       H    1.969E-23
 297) CH23    + C2H3    = CH3     + C2H2         5.502E-43
 299) C2H3    + H       = C2H2    + H2           6.207E-28
 306) C2H     + C2H6    = C2H2    + C2H5         9.864E-40
 311) C2H3    + OH      = C2H2    + H2O          3.903E-30
 312) C2H3    + CH3     = C2H2    + CH4          3.525E-34
 313) C2H3    + C2H3    = C2H4    + C2H2         3.861E-54
 316) C2H5    + C2H3    = C2H6    + C2H2         7.153E-45
 320) C2H2OH  + H       = H2O     + C2H2         7.116E-26
 344) C2H     + C3H8    = C2H2    + C3H7         5.611E-58
 345) C3H6    + HV      = C2H2    + CH3     H    2.697E-39
 359) CH2CCH2 + H       = CH3     + C2H2         1.257E-39
 364) C3H5    + H       = CH4     + C2H2         9.166E-38
 369) CH3C2H  + H       = CH3     + C2H2         9.987E-38

C2H2                   LOSS RXS                INT RX RATE    TL =  7.30E-23
 280) C2H2    + HV      = C2H     + H            3.264E-26
 281) C2H2    + HV      = C2      + H2           1.088E-26
 282) C2H2    + OH      = CO      + CH3          5.010E-26
 298) C2H2    + H       = C2H3    +              9.608E-26
 309) C2H2    + O       = CH23    + CO           7.207E-23
 318) C2H2    + OH      = C2H2OH  +              1.067E-25
 319) C2H2    + OH      = CH2CO   + H            6.362E-25
 367) CH      + C2H2    = C3H2    + H            2.276E-49
 368) CH23    + C2H2    = CH3C2H  +              1.977E-38
 377) CH23    + C2H2    = CH2CCH2 +              1.977E-38
 391) C2H     + C2H2    = HCAER   + H            2.438E-61

CH23                PRODUCTION RXS              INT RX RATE    TP =  1.33E-02
  69) CH3     + HV      = CH23    + H            1.304E-02
 238) C       + H2      = CH23    +              6.764E-29
 244) CH      + H2      = CH23    + H            1.105E-18
 270) CH2CO   + HV      = CH23    + CO           2.685E-04
 309) C2H2    + O       = CH23    + CO           7.207E-23
 347) C3H6    + HV      = C2H4    + CH23         1.587E-40

CH23                   LOSS RXS                INT RX RATE    TL =  1.33E-02
  61) CH23    + H2      = CH3     + H            5.161E-06
  62) CH23    + CH4     = CH3     + CH3          5.644E-13
  63) CH23    + O2      = HCO     + OH           2.868E-04
  97) CH23    + O       = HCO     + H            2.800E-13
  98) CH23    + CO2     = H2CO    + CO           1.269E-02
 230) CH23    + S2      = HCS     + HS           5.909E-32
 232) CH23    + S       = HCS     + H            5.425E-28
 253) CH23    + O       = CH      + OH           2.240E-13
 254) CH23    + O       = CO      + H       H    2.324E-12
 255) CH23    + H       = CH3     +              1.545E-14
 256) CH23    + H       = CH      + H2           1.508E-14
 271) CH23    + CO      = CH2CO   +              3.437E-04
 279) CH23    + CH23    = C2H2    + H2           1.647E-27
 296) CH23    + CH3     = C2H4    + H            1.164E-18
 297) CH23    + C2H3    = CH3     + C2H2         5.502E-43
 308) CH23    + C2H5    = CH3     + C2H4         8.203E-29
 368) CH23    + C2H2    = CH3C2H  +              1.977E-38
 377) CH23    + C2H2    = CH2CCH2 +              1.977E-38

C2H                 PRODUCTION RXS              INT RX RATE    TP =  3.28E-26
 280) C2H2    + HV      = C2H     + H            3.264E-26
 288) C2      + H2      = C2H     + H            1.140E-29
 289) C2      + CH4     = C2H     + CH3          1.536E-28
 348) C3H6    + HV      = C2H     + CH4     H    3.966E-40
 381) CH3C2H  + HV      = CH3     + C2H          2.538E-38

C2H                    LOSS RXS                INT RX RATE    TL =  3.28E-26
 283) C2H     + O2      = CO      + HCO          3.280E-26
 284) C2H     + O       = CO      + CH           4.000E-35
 285) C2H     + H2      = C2H2    + H            4.363E-31
 286) C2H     + CH4     = C2H2    + CH3          2.883E-30
 287) C2H     + H       = C2H2    +              9.177E-40
 306) C2H     + C2H6    = C2H2    + C2H5         9.864E-40
 344) C2H     + C3H8    = C2H2    + C3H7         5.611E-58
 391) C2H     + C2H2    = HCAER   + H            2.438E-61
 392) C2H     + CH2CCH2 = HCAER2  + H            1.821E-73

C2                  PRODUCTION RXS              INT RX RATE    TP =  1.09E-26
 281) C2H2    + HV      = C2      + H2           1.088E-26

C2                     LOSS RXS                INT RX RATE    TL =  1.09E-26
 288) C2      + H2      = C2H     + H            1.140E-29
 289) C2      + CH4     = C2H     + CH3          1.536E-28
 290) C2      + S       = C       + CS           7.597E-50
 291) C2      + S2      = CS      + CS           6.816E-59
 292) C2      + O       = C       + CO           7.752E-34
 293) C2      + O2      = CO      + CO           1.072E-26

C2H3                PRODUCTION RXS              INT RX RATE    TP =  9.61E-26
 298) C2H2    + H       = C2H3    +              9.608E-26

C2H3                   LOSS RXS                INT RX RATE    TL =  2.32E-23
 297) CH23    + C2H3    = CH3     + C2H2         5.502E-43
 299) C2H3    + H       = C2H2    + H2           6.207E-28
 300) C2H3    + H2      = C2H4    + H            2.316E-23
 301) C2H3    + CH4     = C2H4    + CH3          2.953E-26
 302) C2H3    + C2H6    = C2H4    + C2H5         5.865E-40
 310) C2H3    + O       = CH2CO   + H            4.682E-26
 311) C2H3    + OH      = C2H2    + H2O          3.903E-30
 312) C2H3    + CH3     = C2H2    + CH4          3.525E-34
 313) C2H3    + C2H3    = C2H4    + C2H2         3.861E-54
 314) C2H3    + C2H5    = C2H4    + C2H4         3.576E-45
 316) C2H5    + C2H3    = C2H6    + C2H2         7.153E-45
 350) C2H3    + CH3     = C3H6    +              1.244E-33
 361) CH3     + C2H3    = C3H5    + H            2.488E-36
 362) C2H3    + C2H5    = CH3     + C3H5         1.247E-47

HCS                 PRODUCTION RXS              INT RX RATE    TP =  1.13E-27
 216) H       + CS      = HCS     +              3.764E-36
 230) CH23    + S2      = HCS     + HS           5.909E-32
 232) CH23    + S       = HCS     + H            5.425E-28
 251) CH      + CS2     = HCS     + CS           3.521E-63
 252) OCS     + CH      = CO      + HCS          5.833E-28

HCS                    LOSS RXS                INT RX RATE    TL =  1.13E-27
 217) H       + HCS     = H2      + CS           1.126E-27
 218) S       + HCS     = H       + CS2          1.577E-40
 219) S       + HCS     = HS      + CS           1.577E-40
 231) CH3     + HCS     = CH4     + CS           1.670E-33
 233) HS      + HCS     = H2S     + CS           1.366E-30

CS2                 PRODUCTION RXS              INT RX RATE    TP =  6.89E-36
 205) CS2X    + M       = CS2     + M            2.154E-36
 208) CS      + HS      = CS2     + H            4.735E-36
 218) S       + HCS     = H       + CS2          1.577E-40

CS2                    LOSS RXS                INT RX RATE    TL =  6.89E-36
 202) CS2     + O       = SO      + CS           4.218E-36
 203) CS2     + O       = OCS     + S            3.954E-37
 204) CS2     + OH      = OCS     + HS           2.424E-42
 207) CS2X    + CS2     = CS      + CS      S2   4.521E-91
 209) CS2     + O       = CO      + S2           1.203E-37
 210) CS2     + SO      = OCS     + S2           8.743E-44
 211) CS2     + S       = CS      + S2           1.057E-53
 213) CS2     + HV      = CS      + S            2.015E-40
 214) CS2     + HV      = CS2X    +              2.154E-36
 251) CH      + CS2     = HCS     + CS           3.521E-63

CS                  PRODUCTION RXS              INT RX RATE    TP =  1.13E-27
 202) CS2     + O       = SO      + CS           4.218E-36
 206) CS2X    + O2      = CS      + SO2          1.844E-42
 207) CS2X    + CS2     = CS      + CS      S2   4.521E-91
 211) CS2     + S       = CS      + S2           1.057E-53
 213) CS2     + HV      = CS      + S            2.015E-40
 217) H       + HCS     = H2      + CS           1.126E-27
 219) S       + HCS     = HS      + CS           1.577E-40
 231) CH3     + HCS     = CH4     + CS           1.670E-33
 233) HS      + HCS     = H2S     + CS           1.366E-30
 240) C       + HS      = CS      + H            1.619E-42
 241) C       + S2      = CS      + S            8.020E-57
 249) CH      + S       = CS      + H            6.101E-39
 250) CH      + S2      = CS      + HS           3.172E-44
 251) CH      + CS2     = HCS     + CS           3.521E-63
 290) C2      + S       = C       + CS           7.597E-50
 291) C2      + S2      = CS      + CS           6.816E-59

CS                     LOSS RXS                INT RX RATE    TL =  1.13E-27
 197) CS      + O2      = OCS     + O            1.872E-28
 198) CS      + O2      = CO      + SO           2.340E-29
 199) CS      + O3      = OCS     + O2           3.053E-28
 200) CS      + O3      = SO      + CO2          3.053E-28
 201) CS      + O3      = CO      + SO2          3.053E-28
 208) CS      + HS      = CS2     + H            4.735E-36
 212) CS      + O       = CO      + S            5.525E-31
 216) H       + CS      = HCS     +              3.764E-36

OCS                 PRODUCTION RXS              INT RX RATE    TP =  2.99E-03
 183) HS      + CO      = OCS     + H            2.169E-03
 188) S       + HCO     = OCS     + H            1.160E-12
 189) S       + CO      = OCS     +              8.191E-04
 193) OCS2    + S       = OCS     + S2           5.488E-43
 196) OCS2    + CO      = OCS     + OCS          8.145E-17
 197) CS      + O2      = OCS     + O            1.872E-28
 199) CS      + O3      = OCS     + O2           3.053E-28
 203) CS2     + O       = OCS     + S            3.954E-37
 204) CS2     + OH      = OCS     + HS           2.424E-42
 210) CS2     + SO      = OCS     + S2           8.743E-44

OCS                    LOSS RXS                INT RX RATE    TL =  2.99E-03
 182) H       + OCS     = CO      + HS           3.730E-06
 184) O       + OCS     = CO      + SO           2.799E-03
 185) O       + OCS     = S       + CO2          5.132E-09
 186) OCS     + S       = CO      + S2           2.303E-17
 187) OCS     + OH      = CO2     + HS           5.952E-08
 190) OCS     + HV      = CO      + S            1.748E-04
 192) OCS     + S       = OCS2    +              8.145E-17
 252) OCS     + CH      = CO      + HCS          5.833E-28

S                   PRODUCTION RXS              INT RX RATE    TP =  2.41E-01
 110) SO      + HV      = S       + O            2.350E-01
 132) HS      + HS      = H2S     + S            4.721E-05
 134) HS      + H       = H2      + S            5.562E-03
 142) S2      + O       = S       + SO           9.367E-16
 144) S2      + HV      = S       + S            8.605E-21
 150) S3      + HV      = S2      + S            6.546E-31
 167) SO      + SO      = SO2     + S            1.195E-06
 185) O       + OCS     = S       + CO2          5.132E-09
 190) OCS     + HV      = CO      + S            1.748E-04
 203) CS2     + O       = OCS     + S            3.954E-37
 212) CS      + O       = CO      + S            5.525E-31
 213) CS2     + HV      = CS      + S            2.015E-40
 241) C       + S2      = CS      + S            8.020E-57

S                      LOSS RXS                INT RX RATE    TL =  2.41E-01
 135) HS      + S       = H       + S2           9.136E-16
 136) S       + O2      = SO      + O            2.285E-01
 137) S       + OH      = SO      + H            1.841E-14
 138) S       + HCO     = HS      + CO           1.450E-13
 139) S       + HO2     = HS      + O2           3.772E-10
 140) S       + HO2     = SO      + OH           3.772E-10
 141) S       + S       = S2      +              3.017E-28
 145) S       + S2      = S3      +              6.546E-31
 147) S       + S3      = S4      +              1.149E-43
 166) S       + O3      = SO      + O2           1.142E-02
 169) S       + CO2     = SO      + CO           4.572E-07
 180) HSO     + S       = HS      + SO           4.043E-10
 186) OCS     + S       = CO      + S2           2.303E-17
 188) S       + HCO     = OCS     + H            1.160E-12
 189) S       + CO      = OCS     +              8.191E-04
 192) OCS     + S       = OCS2    +              8.145E-17
 193) OCS2    + S       = OCS     + S2           5.488E-43
 211) CS2     + S       = CS      + S2           1.057E-53
 218) S       + HCS     = H       + CS2          1.577E-40
 219) S       + HCS     = HS      + CS           1.577E-40
 232) CH23    + S       = HCS     + H            5.425E-28
 249) CH      + S       = CS      + H            6.101E-39
 290) C2      + S       = C       + CS           7.597E-50

HS                  PRODUCTION RXS              INT RX RATE    TP =  1.21E+07
 111) H2S     + HV      = HS      + H            4.405E+06
 126) H2S     + OH      = H2O     + HS           6.982E+05
 127) H2S     + H       = H2      + HS           1.872E+06
 128) H2S     + O       = OH      + HS           5.167E+06
 138) S       + HCO     = HS      + CO           1.450E-13
 139) S       + HO2     = HS      + O2           3.772E-10
 173) HSO     + HV      = HS      + O            1.120E+03
 176) HSO     + H       = HS      + OH           2.858E+02
 180) HSO     + S       = HS      + SO           4.043E-10
 182) H       + OCS     = CO      + HS           3.730E-06
 187) OCS     + OH      = CO2     + HS           5.952E-08
 204) CS2     + OH      = OCS     + HS           2.424E-42
 219) S       + HCS     = HS      + CS           1.577E-40
 230) CH23    + S2      = HCS     + HS           5.909E-32
 250) CH      + S2      = CS      + HS           3.172E-44

HS                     LOSS RXS                INT RX RATE    TL =  1.21E+07
 129) HS      + O       = H       + SO           1.877E+01
 130) HS      + O2      = OH      + SO           5.221E+02
 131) HS      + HO2     = H2S     + O2           4.217E+00
 132) HS      + HS      = H2S     + S            4.721E-05
 133) HS      + HCO     = H2S     + CO           8.427E-03
 134) HS      + H       = H2      + S            5.562E-03
 135) HS      + S       = H       + S2           9.136E-16
 143) HS      + H2CO    = H2S     + HCO          4.393E-01
 164) HS      + O3      = HSO     + O2           5.655E+06
 165) HS      + NO2     = HSO     + NO           6.487E+06
 178) HSO     + HS      = H2S     + SO           6.295E+00
 183) HS      + CO      = OCS     + H            2.169E-03
 208) CS      + HS      = CS2     + H            4.735E-36
 215) CH4     + HS      = CH3     + H2S          2.102E-12
 233) HS      + HCS     = H2S     + CS           1.366E-30
 240) C       + HS      = CS      + H            1.619E-42

H2S                 PRODUCTION RXS              INT RX RATE    TP =  1.10E+01
 131) HS      + HO2     = H2S     + O2           4.217E+00
 132) HS      + HS      = H2S     + S            4.721E-05
 133) HS      + HCO     = H2S     + CO           8.427E-03
 143) HS      + H2CO    = H2S     + HCO          4.393E-01
 178) HSO     + HS      = H2S     + SO           6.295E+00
 215) CH4     + HS      = CH3     + H2S          2.102E-12
 233) HS      + HCS     = H2S     + CS           1.366E-30

H2S                    LOSS RXS                INT RX RATE    TL =  5.42E+07
 111) H2S     + HV      = HS      + H            4.405E+06
 126) H2S     + OH      = H2O     + HS           6.982E+05
 127) H2S     + H       = H2      + HS           1.872E+06
 128) H2S     + O       = OH      + HS           5.167E+06
 191) H2S     + HO2     = H2O     + HSO          4.186E+07

SO3                 PRODUCTION RXS              INT RX RATE    TP =  7.10E+07
 120) SO2     + O       = SO3     +              7.090E+07
 122) HSO3    + O2      = HO2     + SO3          1.218E+05
 123) HSO3    + OH      = H2O     + SO3          7.904E-08
 124) HSO3    + H       = H2      + SO3          3.905E-06
 125) HSO3    + O       = OH      + SO3          3.527E-04
 156) SO21    + O2      = SO3     + O            3.813E+03
 157) SO21    + SO2     = SO3     + SO           9.895E+01
 160) SO23    + SO2     = SO3     + SO           1.665E+01
 163) SO2     + HO2     = SO3     + OH           1.499E+04

SO3                    LOSS RXS                INT RX RATE    TL =  7.10E+07
 121) SO3     + H2O     = H2SO4   +              7.104E+07
 151) SO3     + HV      = SO2     + O            2.007E+02
 168) SO3     + SO      = SO2     + SO2          4.830E-03

S2                  PRODUCTION RXS              INT RX RATE    TP =  9.37E-16
 135) HS      + S       = H       + S2           9.136E-16
 141) S       + S       = S2      +              3.017E-28
 149) S4      + HV      = S2      + S2           1.370-100
 150) S3      + HV      = S2      + S            6.546E-31
 186) OCS     + S       = CO      + S2           2.303E-17
 193) OCS2    + S       = OCS     + S2           5.488E-43
 207) CS2X    + CS2     = CS      + CS      S2   4.521E-91
 209) CS2     + O       = CO      + S2           1.203E-37
 210) CS2     + SO      = OCS     + S2           8.743E-44
 211) CS2     + S       = CS      + S2           1.057E-53

S2                     LOSS RXS                INT RX RATE    TL =  9.37E-16
 142) S2      + O       = S       + SO           9.367E-16
 144) S2      + HV      = S       + S            8.605E-21
 145) S       + S2      = S3      +              6.546E-31
 146) S2      + S2      = S4      +              9.142E-34
 230) CH23    + S2      = HCS     + HS           5.909E-32
 241) C       + S2      = CS      + S            8.020E-57
 250) CH      + S2      = CS      + HS           3.172E-44
 291) C2      + S2      = CS      + CS           6.816E-59

HSO                 PRODUCTION RXS              INT RX RATE    TP =  5.40E+07
 164) HS      + O3      = HSO     + O2           5.655E+06
 165) HS      + NO2     = HSO     + NO           6.487E+06
 170) SO      + HO2     = HSO     + O2           8.829E+02
 171) SO      + HCO     = HSO     + CO           2.462E-02
 172) H       + SO      = HSO     +              7.391E-03
 191) H2S     + HO2     = H2O     + HSO          4.186E+07

HSO                    LOSS RXS                INT RX RATE    TL =  5.40E+07
 173) HSO     + HV      = HS      + O            1.120E+03
 174) HSO     + NO      = HNO     + SO           1.636E+07
 175) HSO     + OH      = H2O     + SO           8.715E+01
 176) HSO     + H       = HS      + OH           2.858E+02
 177) HSO     + H       = H2      + SO           1.429E+02
 178) HSO     + HS      = H2S     + SO           6.295E+00
 179) HSO     + O       = OH      + SO           3.763E+07
 180) HSO     + S       = HS      + SO           4.043E-10

H2SO4               PRODUCTION RXS              INT RX RATE    TP =  1.26E+08
 121) SO3     + H2O     = H2SO4   +              7.104E+07

H2SO4                  LOSS RXS                INT RX RATE    TL =  1.26E+08

SO2                 PRODUCTION RXS              INT RX RATE    TP =  3.51E+08
 115) SO      + O2      = O       + SO2          4.083E+05
 116) SO      + HO2     = SO2     + OH           8.829E+02
 117) SO      + O       = SO2     +              6.594E+02
 118) SO      + OH      = SO2     + H            1.208E-02
 151) SO3     + HV      = SO2     + O            2.007E+02
 153) SO21    + HV      = SO2     +              9.309E-08
 155) SO21    + HV      = SO2     + HV           2.048E+08
 158) SO23    + HV      = SO2     +              1.161E-08
 159) SO23    + HV      = SO2     + HV           8.749E+07
 161) SO      + NO2     = SO2     + NO           5.585E+07
 162) SO      + O3      = SO2     + O2           2.524E+06
 167) SO      + SO      = SO2     + S            1.195E-06
 168) SO3     + SO      = SO2     + SO2          4.830E-03
 201) CS      + O3      = CO      + SO2          3.053E-28
 206) CS2X    + O2      = CS      + SO2          1.844E-42

SO2                    LOSS RXS                INT RX RATE    TL =  1.77E+09
 112) SO2     + HV      = SO      + O            4.794E+06
 113) SO2     + HV      = SO21    +              2.188E+08
 114) SO2     + HV      = SO23    +              7.353E+07
 119) SO2     + OH      = HSO3    +              1.218E+05
 120) SO2     + O       = SO3     +              7.090E+07
 157) SO21    + SO2     = SO3     + SO           9.895E+01
 160) SO23    + SO2     = SO3     + SO           1.665E+01
 163) SO2     + HO2     = SO3     + OH           1.499E+04

SO                  PRODUCTION RXS              INT RX RATE    TP =  5.88E+07
 112) SO2     + HV      = SO      + O            4.794E+06
 129) HS      + O       = H       + SO           1.877E+01
 130) HS      + O2      = OH      + SO           5.221E+02
 136) S       + O2      = SO      + O            2.285E-01
 137) S       + OH      = SO      + H            1.841E-14
 140) S       + HO2     = SO      + OH           3.772E-10
 142) S2      + O       = S       + SO           9.367E-16
 157) SO21    + SO2     = SO3     + SO           9.895E+01
 160) SO23    + SO2     = SO3     + SO           1.665E+01
 166) S       + O3      = SO      + O2           1.142E-02
 169) S       + CO2     = SO      + CO           4.572E-07
 174) HSO     + NO      = HNO     + SO           1.636E+07
 175) HSO     + OH      = H2O     + SO           8.715E+01
 177) HSO     + H       = H2      + SO           1.429E+02
 178) HSO     + HS      = H2S     + SO           6.295E+00
 179) HSO     + O       = OH      + SO           3.763E+07
 180) HSO     + S       = HS      + SO           4.043E-10
 184) O       + OCS     = CO      + SO           2.799E-03
 198) CS      + O2      = CO      + SO           2.340E-29
 200) CS      + O3      = SO      + CO2          3.053E-28
 202) CS2     + O       = SO      + CS           4.218E-36

SO                     LOSS RXS                INT RX RATE    TL =  5.88E+07
 110) SO      + HV      = S       + O            2.350E-01
 115) SO      + O2      = O       + SO2          4.083E+05
 116) SO      + HO2     = SO2     + OH           8.829E+02
 117) SO      + O       = SO2     +              6.594E+02
 118) SO      + OH      = SO2     + H            1.208E-02
 161) SO      + NO2     = SO2     + NO           5.585E+07
 162) SO      + O3      = SO2     + O2           2.524E+06
 167) SO      + SO      = SO2     + S            1.195E-06
 168) SO3     + SO      = SO2     + SO2          4.830E-03
 170) SO      + HO2     = HSO     + O2           8.829E+02
 171) SO      + HCO     = HSO     + CO           2.462E-02
 172) H       + SO      = HSO     +              7.391E-03
 210) CS2     + SO      = OCS     + S2           8.743E-44

CO2                 PRODUCTION RXS              INT RX RATE    TP =  1.22E+13
  31) CO      + OH      = CO2     + H            5.840E+11
  32) CO      + O       = CO2     +              1.158E+13
  37) O       + HCO     = H       + CO2          5.799E+01
 185) O       + OCS     = S       + CO2          5.132E-09
 187) OCS     + OH      = CO2     + HS           5.952E-08
 200) CS      + O3      = SO      + CO2          3.053E-28
 263) CH3O    + CO      = CH3     + CO2          2.360E+01

CO2                    LOSS RXS                INT RX RATE    TL =  9.23E+08
  29) CO2     + HV      = CO      + O            9.225E+08
  98) CH23    + CO2     = H2CO    + CO           1.269E-02
 169) S       + CO2     = SO      + CO           4.572E-07
 247) CH      + CO2     = HCO     + CO           1.891E-13

SO4AER              PRODUCTION RXS              INT RX RATE    TP =  7.10E+07

SO4AER                 LOSS RXS                INT RX RATE    TL =  7.07E+07

S8AER               PRODUCTION RXS              INT RX RATE    TP =  8.52-203
 148) S4      + S4      = S8AER   +              8.523-203

S8AER                  LOSS RXS                INT RX RATE    TL =  2.36E-19

HCAER               PRODUCTION RXS              INT RX RATE    TP =  2.44E-61
 391) C2H     + C2H2    = HCAER   + H            2.438E-61

HCAER                  LOSS RXS                INT RX RATE    TL =  2.36E-19

HCAER2              PRODUCTION RXS              INT RX RATE    TP =  1.82E-73
 392) C2H     + CH2CCH2 = HCAER2  + H            1.821E-73

HCAER2                 LOSS RXS                INT RX RATE    TL =  2.36E-19

HNO2                PRODUCTION RXS              INT RX RATE    TP =  0.00E+00
  83) NO      + OH      = HNO2    +              2.038E+07
 109) HO2     + NO2     = HNO2    + O2           4.650E+08
 267) NO2     + CH3O    = H2CO    + HNO2         5.781E+02

HNO2                   LOSS RXS                INT RX RATE    TL =  0.00E+00
  51) HNO2    + HV      = NO      + OH           4.854E+08
  92) HNO2    + OH      = H2O     + NO2          1.165E+00

O1D                 PRODUCTION RXS              INT RX RATE    TP =  0.00E+00
  26) O3      + HV      = O2      + O1D          2.667E+11

O1D                    LOSS RXS                INT RX RATE    TL =  0.00E+00
   1) H2O     + O1D     = OH      + OH           6.759E+03
   2) H2      + O1D     = OH      + H            1.414E+06
  21) O1D     + M       = O       + M            2.635E+11
  22) O1D     + O2      = O       + O2           3.894E+07
  56) CH4     + O1D     = CH3     + OH           9.520E+04
  57) CH4     + O1D     = H2CO    + H2           6.346E+03
 101) C2H6    + O1D     = C2H5    + OH           8.510E-06
 105) CO      + O1D     = CO      + O            3.108E+09
 268) O1D     + CH4     = CH3O    + H            2.539E+04
 338) C3H8    + O1D     = C3H7    + OH           2.811E-24

CH21                PRODUCTION RXS              INT RX RATE    TP =  0.00E+00

CH21                   LOSS RXS                INT RX RATE    TL =  0.00E+00

C                   PRODUCTION RXS              INT RX RATE    TP =  0.00E+00
 242) CH      + H       = C       + H2           1.157E-28
 248) CH      + HV      = C       + H            1.481E-29
 290) C2      + S       = C       + CS           7.597E-50
 292) C2      + O       = C       + CO           7.752E-34

C                      LOSS RXS                INT RX RATE    TL =  0.00E+00
 237) C       + OH      = CO      + H            3.262E-42
 238) C       + H2      = CH23    +              6.764E-29
 239) C       + O2      = CO      + O            6.285E-29
 240) C       + HS      = CS      + H            1.619E-42
 241) C       + S2      = CS      + S            8.020E-57

SO21                PRODUCTION RXS              INT RX RATE    TP =  0.00E+00
 113) SO2     + HV      = SO21    +              2.188E+08

SO21                   LOSS RXS                INT RX RATE    TL =  0.00E+00
 152) SO21    + HV      = SO23    +              9.309E-09
 153) SO21    + HV      = SO2     +              9.309E-08
 154) SO21    + HV      = SO23    + HV           1.396E+07
 155) SO21    + HV      = SO2     + HV           2.048E+08
 156) SO21    + O2      = SO3     + O            3.813E+03
 157) SO21    + SO2     = SO3     + SO           9.895E+01

SO23                PRODUCTION RXS              INT RX RATE    TP =  0.00E+00
 114) SO2     + HV      = SO23    +              7.353E+07
 152) SO21    + HV      = SO23    +              9.309E-09
 154) SO21    + HV      = SO23    + HV           1.396E+07

SO23                   LOSS RXS                INT RX RATE    TL =  0.00E+00
 158) SO23    + HV      = SO2     +              1.161E-08
 159) SO23    + HV      = SO2     + HV           8.749E+07
 160) SO23    + SO2     = SO3     + SO           1.665E+01

HSO3                PRODUCTION RXS              INT RX RATE    TP =  0.00E+00
 119) SO2     + OH      = HSO3    +              1.218E+05

HSO3                   LOSS RXS                INT RX RATE    TL =  0.00E+00
 122) HSO3    + O2      = HO2     + SO3          1.218E+05
 123) HSO3    + OH      = H2O     + SO3          7.904E-08
 124) HSO3    + H       = H2      + SO3          3.905E-06
 125) HSO3    + O       = OH      + SO3          3.527E-04

OCS2                PRODUCTION RXS              INT RX RATE    TP =  0.00E+00
 192) OCS     + S       = OCS2    +              8.145E-17

OCS2                   LOSS RXS                INT RX RATE    TL =  0.00E+00
 193) OCS2    + S       = OCS     + S2           5.488E-43
 196) OCS2    + CO      = OCS     + OCS          8.145E-17

CS2X                PRODUCTION RXS              INT RX RATE    TP =  0.00E+00
 214) CS2     + HV      = CS2X    +              2.154E-36

CS2X                   LOSS RXS                INT RX RATE    TL =  0.00E+00
 205) CS2X    + M       = CS2     + M            2.154E-36
 206) CS2X    + O2      = CS      + SO2          1.844E-42
 207) CS2X    + CS2     = CS      + CS      S2   4.521E-91

S3                  PRODUCTION RXS              INT RX RATE    TP =  0.00E+00
 145) S       + S2      = S3      +              6.546E-31

S3                     LOSS RXS                INT RX RATE    TL =  0.00E+00
 147) S       + S3      = S4      +              1.149E-43
 150) S3      + HV      = S2      + S            6.546E-31

S4                  PRODUCTION RXS              INT RX RATE    TP =  0.00E+00
 146) S2      + S2      = S4      +              9.142E-34
 147) S       + S3      = S4      +              1.149E-43

S4                     LOSS RXS                INT RX RATE    TL =  0.00E+00
 148) S4      + S4      = S8AER   +              8.523-203
 149) S4      + HV      = S2      + S2           1.370-100

N2                  PRODUCTION RXS              INT RX RATE    TP =  0.00E+00
  75) N       + N       = N2      +              4.685E+01
  79) N       + NO      = N2      + O            9.084E+07

N2                     LOSS RXS                INT RX RATE    TL =  0.00E+00
