
O                   PRODUCTION RXS              INT RX RATE    TP =  1.09E+15
   8) H       + HO2     = H2O     + O            4.754E+01
  20) OH      + OH      = H2O     + O            1.243E-04
  21) O1D     + M       = O       + M            2.638E+11
  22) O1D     + O2      = O       + O2           3.940E+07
  24) O2      + HV      = O       + O            6.820E+07
  27) O3      + HV      = O2      + O            1.057E+15
  29) CO2     + HV      = CO      + O            9.239E+08
  50) HO2     + HV      = OH      + O            6.904E+03
  53) NO      + HV      = N       + O            2.974E+04
  54) NO2     + HV      = NO      + O            3.749E+13
  76) N       + O2      = NO      + O            2.300E+04
  79) N       + NO      = N2      + O            9.113E+07
 105) CO      + O1D     = CO      + O            3.148E+09
 107) HNO3    + OH      = H2O     + NO2     O    1.986E+05
 110) SO      + HV      = S       + O            2.363E-01
 112) SO2     + HV      = SO      + O            4.901E+06
 115) SO      + O2      = O       + SO2          3.904E+05
 136) S       + O2      = SO      + O            2.293E-01
 151) SO3     + HV      = SO2     + O            2.011E+02
 156) SO21    + O2      = SO3     + O            3.912E+03
 173) HSO     + HV      = HS      + O            1.172E+03
 197) CS      + O2      = OCS     + O            1.576E-30
 239) C       + O2      = CO      + O            3.097E-31

O                      LOSS RXS                INT RX RATE    TL =  1.12E+15
   3) H2      + O       = OH      + H            3.547E+06
  10) OH      + O       = H       + O2           2.778E+02
  13) HO2     + O       = OH      + O2           4.569E+08
  17) O       + O       = O2      +              1.582E+06
  18) O       + O2      = O3      +              1.103E+15
  19) O       + O3      = O2      + O2           6.422E+09
  32) CO      + O       = CO2     +              1.145E+13
  37) O       + HCO     = H       + CO2          4.946E+01
  38) O       + HCO     = OH      + CO           4.946E+01
  48) H2CO    + O       = HCO     + OH           8.296E+01
  49) H2O2    + O       = OH      + HO2          3.300E+05
  65) CH3     + O       = H2CO    + H            1.267E-05
  81) NO      + O       = NO2     +              7.622E+10
  84) NO2     + O       = NO      + O2           9.052E+12
  90) O       + HNO     = OH      + NO           7.389E+04
  93) CH4     + O       = CH3     + OH           1.237E+03
  97) CH23    + O       = HCO     + H            1.205E-15
 100) C2H6    + O       = C2H5    + OH           5.589E-09
 117) SO      + O       = SO2     +              6.471E+02
 120) SO2     + O       = SO3     +              7.067E+07
 125) HSO3    + O       = OH      + SO3          3.284E-04
 128) H2S     + O       = OH      + HS           5.140E+06
 129) HS      + O       = H       + SO           1.898E+01
 142) S2      + O       = S       + SO           7.940E-16
 179) HSO     + O       = OH      + SO           3.790E+07
 184) O       + OCS     = CO      + SO           2.580E-03
 185) O       + OCS     = S       + CO2          4.665E-09
 202) CS2     + O       = SO      + CS           3.485E-38
 203) CS2     + O       = OCS     + S            3.267E-39
 209) CS2     + O       = CO      + S2           9.979E-40
 212) CS      + O       = CO      + S            4.474E-33
 223) C2H5    + O       = CH3     + HCO     H    6.352E-19
 224) C2H5    + O       = H2CO    + CH3          5.654E-19
 225) C2H5    + O       = CH3CHO  + H            2.816E-18
 243) CH      + O       = CO      + H            2.593E-25
 253) CH23    + O       = CH      + OH           9.644E-16
 254) CH23    + O       = CO      + H       H    1.001E-14
 260) CH3O2   + O       = H2CO    + HO2          2.448E-01
 273) CH2CO   + O       = H2CO    + CO           1.502E-06
 276) CH3CO   + O       = H2CO    + HCO          4.496E+00
 284) C2H     + O       = CO      + CH           6.669E-40
 292) C2      + O       = C       + CO           1.317E-38
 304) C2H4    + O       = HCO     + CH3          1.459E-21
 309) C2H2    + O       = CH23    + CO           1.204E-27
 310) C2H3    + O       = CH2CO   + H            6.119E-28
 322) C2H2OH  + O       = OH      + CH2CO        5.870E-31
 327) C2H4OH  + O       = OH      + CH3CHO       4.696E-25
 330) CH3CHO  + O       = CH3CO   + OH           2.420E-18
 337) C3H8    + O       = C3H7    + OH           3.646E-27
 352) C3H6    + O       = CH3     + CH3     CO   5.347E-39
 356) C3H7    + O       = C2H5CHO + H            3.702E-27

O2                  PRODUCTION RXS              INT RX RATE    TP =  1.11E+15
   5) H       + O3      = OH      + O2           1.576E+09
   7) H       + HO2     = H2      + O2           2.139E+02
  10) OH      + O       = H       + O2           2.778E+02
  11) OH      + HO2     = H2O     + O2           1.672E+03
  12) OH      + O3      = HO2     + O2           8.729E+05
  13) HO2     + O       = OH      + O2           4.569E+08
  14) HO2     + O3      = OH      + O2      O2   5.561E+10
  15) HO2     + HO2     = H2O2    + O2           1.071E+08
  17) O       + O       = O2      +              1.582E+06
  19) O       + O3      = O2      + O2           6.422E+09
  22) O1D     + O2      = O       + O2           3.940E+07
  26) O3      + HV      = O2      + O1D          2.670E+11
  27) O3      + HV      = O2      + O            1.057E+15
  77) N       + O3      = NO      + O2           8.732E+06
  80) NO      + O3      = NO2     + O2           4.596E+13
  84) NO2     + O       = NO      + O2           9.052E+12
 109) HO2     + NO2     = HNO2    + O2           4.623E+08
 131) HS      + HO2     = H2S     + O2           4.032E+00
 139) S       + HO2     = HS      + O2           3.683E-10
 162) SO      + O3      = SO2     + O2           2.482E+06
 164) HS      + O3      = HSO     + O2           5.760E+06
 166) S       + O3      = SO      + O2           1.130E-02
 170) SO      + HO2     = HSO     + O2           8.477E+02
 199) CS      + O3      = OCS     + O2           2.013E-30
 258) CH3O2   + H       = CH4     + O2           1.374E-06
 265) CH3     + O3      = CH3O    + O2           1.855E+00

O2                     LOSS RXS                INT RX RATE    TL =  1.10E+15
   6) H       + O2      = HO2     +              4.775E+11
  18) O       + O2      = O3      +              1.103E+15
  22) O1D     + O2      = O       + O2           3.940E+07
  24) O2      + HV      = O       + O            6.820E+07
  44) HCO     + O2      = HO2     + CO           7.897E+10
  63) CH23    + O2      = HCO     + OH           1.688E-06
  64) CH3     + O2      = H2CO    + OH           1.501E+03
  76) N       + O2      = NO      + O            2.300E+04
 104) C2H5    + O2      = CH3     + HCO     OH   7.409E-09
 115) SO      + O2      = O       + SO2          3.904E+05
 122) HSO3    + O2      = HO2     + SO3          1.152E+05
 130) HS      + O2      = OH      + SO           5.208E+02
 136) S       + O2      = SO      + O            2.293E-01
 156) SO21    + O2      = SO3     + O            3.912E+03
 197) CS      + O2      = OCS     + O            1.576E-30
 198) CS      + O2      = CO      + SO           1.970E-31
 206) CS2X    + O2      = CS      + SO2          1.628E-44
 239) C       + O2      = CO      + O            3.097E-31
 246) CH      + O2      = CO      + OH           1.982E-16
 257) CH3     + O2      = CH3O2   +              5.339E+02
 269) CH3O    + O2      = H2CO    + HO2          5.811E+02
 283) C2H     + O2      = CO      + HCO          5.593E-31
 293) C2      + O2      = CO      + CO           1.862E-31

H2O                 PRODUCTION RXS              INT RX RATE    TP =  4.04E+07
   4) H2      + OH      = H2O     + H            1.325E+06
   8) H       + HO2     = H2O     + O            4.754E+01
  11) OH      + HO2     = H2O     + O2           1.672E+03
  16) H2O2    + OH      = HO2     + H2O          5.909E+04
  20) OH      + OH      = H2O     + O            1.243E-04
  36) OH      + HCO     = H2O     + CO           7.024E-02
  45) H2CO    + OH      = H2O     + HCO          1.071E+00
  46) H       + OH      = H2O     +              2.872E-02
  55) CH4     + OH      = CH3     + H2O          4.108E+02
  91) OH      + HNO     = H2O     + NO           4.543E+01
  92) HNO2    + OH      = H2O     + NO2          1.105E+00
  99) C2H6    + OH      = C2H5    + H2O          1.689E-09
 107) HNO3    + OH      = H2O     + NO2     O    1.986E+05
 123) HSO3    + OH      = H2O     + SO3          6.657E-08
 126) H2S     + OH      = H2O     + HS           6.594E+05
 175) HSO     + OH      = H2O     + SO           8.287E+01
 191) H2S     + HO2     = H2O     + HSO          4.122E+07
 228) C2H5    + OH      = C2H4    + H2O          6.369E-23
 259) CH3O2   + H       = H2O     + H2CO         9.818E-07
 311) C2H3    + OH      = C2H2    + H2O          6.068E-32
 320) C2H2OH  + H       = H2O     + C2H2         1.155E-30
 323) C2H2OH  + OH      = H2O     + CH2CO        7.778E-34
 325) C2H4OH  + H       = H2O     + C2H4         2.632E-24
 328) C2H4OH  + OH      = H2O     + CH3CHO       9.098E-28
 331) CH3CHO  + OH      = CH3CO   + H2O          3.266E-21
 336) C3H8    + OH      = C3H7    + H2O          5.830E-29
 395) H4      + H4CO2   = CH4     + H2O     H2O  1.791E-75

H2O                    LOSS RXS                INT RX RATE    TL =  7.01E+07
   1) H2O     + O1D     = OH      + OH           6.767E+03
  25) H2O     + HV      = H       + OH           7.373E+03
 121) SO3     + H2O     = H2SO4   +              7.081E+07

H                   PRODUCTION RXS              INT RX RATE    TP =  5.59E+11
   2) H2      + O1D     = OH      + H            1.416E+06
   3) H2      + O       = OH      + H            3.547E+06
   4) H2      + OH      = H2O     + H            1.325E+06
  10) OH      + O       = H       + O2           2.778E+02
  25) H2O     + HV      = H       + OH           7.373E+03
  31) CO      + OH      = CO2     + H            5.589E+11
  37) O       + HCO     = H       + CO2          4.946E+01
  40) H2CO    + HV      = HCO     + H            3.580E+02
  41) HCO     + HV      = H       + CO           2.670E+06
  61) CH23    + H2      = CH3     + H            3.024E-08
  65) CH3     + O       = H2CO    + H            1.267E-05
  69) CH3     + HV      = CH23    + H            4.878E-05
  78) N       + OH      = NO      + H            6.998E-01
  88) HNO     + HV      = NO      + H            5.675E+08
  97) CH23    + O       = HCO     + H            1.205E-15
 111) H2S     + HV      = HS      + H            4.572E+06
 118) SO      + OH      = SO2     + H            1.086E-02
 129) HS      + O       = H       + SO           1.898E+01
 135) HS      + S       = H       + S2           7.757E-16
 137) S       + OH      = SO      + H            1.602E-14
 183) HS      + CO      = OCS     + H            2.055E-03
 188) S       + HCO     = OCS     + H            8.818E-13
 208) CS      + HS      = CS2     + H            3.912E-38
 218) S       + HCS     = H       + CS2          9.033E-43
 223) C2H5    + O       = CH3     + HCO     H    6.352E-19
 225) C2H5    + O       = CH3CHO  + H            2.816E-18
 232) CH23    + S       = HCS     + H            4.424E-30
 237) C       + OH      = CO      + H            1.998E-44
 240) C       + HS      = CS      + H            1.161E-44
 243) CH      + O       = CO      + H            2.593E-25
 244) CH      + H2      = CH23    + H            6.473E-21
 248) CH      + HV      = C       + H            5.985E-32
 249) CH      + S       = CS      + H            2.527E-41
 254) CH23    + O       = CO      + H       H    1.001E-14
 264) CH3     + OH      = CH3O    + H            6.499E-11
 268) O1D     + CH4     = CH3O    + H            1.053E+02
 280) C2H2    + HV      = C2H     + H            5.591E-31
 285) C2H     + H2      = C2H2    + H            7.362E-36
 288) C2      + H2      = C2H     + H            1.960E-34
 295) C2H4    + HV      = C2H2    + H       H    3.289E-28
 296) CH23    + CH3     = C2H4    + H            1.762E-23
 300) C2H3    + H2      = C2H4    + H            3.876E-25
 307) CH      + CH4     = C2H4    + H            1.299E-21
 310) C2H3    + O       = CH2CO   + H            6.119E-28
 319) C2H2    + OH      = CH2CO   + H            1.039E-29
 345) C3H6    + HV      = C2H2    + CH3     H    7.342E-48
 348) C3H6    + HV      = C2H     + CH4     H    1.080E-48
 356) C3H7    + O       = C2H5CHO + H            3.702E-27
 357) CH      + C2H4    = CH2CCH2 + H            2.312E-51
 358) CH      + C2H4    = CH3C2H  + H            2.312E-51
 361) CH3     + C2H3    = C3H5    + H            9.704E-42
 367) CH      + C2H2    = C3H2    + H            1.690E-56
 376) CH2CCH2 + H       = CH3C2H  + H            3.978E-42
 378) C3H3    + HV      = C3H2    + H            1.977E-39
 379) CH3C2H  + HV      = C3H3    + H            2.502E-41
 382) CH2CCH2 + HV      = C3H3    + H            2.821E-41
 391) C2H     + C2H2    = HCAER   + H            7.030E-71
 392) C2H     + CH2CCH2 = HCAER2  + H            1.078E-82

H                      LOSS RXS                INT RX RATE    TL =  5.59E+11
   5) H       + O3      = OH      + O2           1.576E+09
   6) H       + O2      = HO2     +              4.775E+11
   7) H       + HO2     = H2      + O2           2.139E+02
   8) H       + HO2     = H2O     + O            4.754E+01
   9) H       + HO2     = OH      + OH           2.116E+03
  33) H       + CO      = HCO     +              7.946E+10
  34) H       + HCO     = H2      + CO           6.680E+00
  42) H2CO    + H       = H2      + HCO          8.304E-03
  43) H       + H       = H2      +              9.437E-03
  46) H       + OH      = H2O     +              2.872E-02
  70) CH3     + H       = CH4     +              4.115E-08
  74) H       + NO      = HNO     +              6.118E+07
  86) NO2     + H       = NO      + OH           8.616E+08
  89) H       + HNO     = H2      + NO           1.869E+02
 124) HSO3    + H       = H2      + SO3          3.273E-06
 127) H2S     + H       = H2      + HS           1.734E+06
 134) HS      + H       = H2      + S            4.855E-03
 172) H       + SO      = HSO     +              6.457E-03
 176) HSO     + H       = HS      + OH           2.503E+02
 177) HSO     + H       = H2      + SO           1.251E+02
 182) H       + OCS     = CO      + HS           3.238E-06
 216) H       + CS      = HCS     +              3.017E-38
 217) H       + HCS     = H2      + CS           7.809E-30
 220) C2H5    + H       = CH3     + CH3          4.807E-21
 221) C2H5    + H       = C2H6    +              1.760E-20
 222) C2H5    + H       = C2H4    + H2           2.404E-22
 242) CH      + H       = C       + H2           7.114E-31
 255) CH23    + H       = CH3     +              1.204E-16
 256) CH23    + H       = CH      + H2           1.210E-16
 258) CH3O2   + H       = CH4     + O2           1.374E-06
 259) CH3O2   + H       = H2O     + H2CO         9.818E-07
 272) CH2CO   + H       = CH3     + CO           2.889E-11
 275) CH3CO   + H       = CH4     + CO           3.130E-01
 287) C2H     + H       = C2H2    +              1.524E-44
 298) C2H2    + H       = C2H3    +              1.537E-30
 299) C2H3    + H       = C2H2    + H2           1.165E-30
 305) C2H4    + H       = C2H5    +              7.936E-24
 320) C2H2OH  + H       = H2O     + C2H2         1.155E-30
 321) C2H2OH  + H       = H2      + CH2CO        1.875E-34
 325) C2H4OH  + H       = H2O     + C2H4         2.632E-24
 326) C2H4OH  + H       = H2      + CH3CHO       4.624E-28
 329) CH3CHO  + H       = CH3CO   + H2           3.246E-22
 339) C3H7    + H       = CH3     + C2H5         1.703E-30
 353) C3H6    + H       = C3H7    +              1.089E-41
 359) CH2CCH2 + H       = CH3     + C2H2         4.053E-44
 360) CH2CCH2 + H       = C3H5    +              4.105E-45
 363) C3H5    + H       = C3H6    +              2.553E-42
 364) C3H5    + H       = CH4     + C2H2         3.842E-42
 366) C3H5    + H       = CH2CCH2 + H2           3.842E-42
 369) CH3C2H  + H       = CH3     + C2H2         3.239E-42
 370) CH3C2H  + H       = C3H5    +              3.239E-42
 371) C3H2    + H       = C3H3    +              2.012E-39
 372) C3H3    + H       = CH3C2H  +              4.438E-41
 373) C3H3    + H       = CH2CCH2 +              4.438E-41
 374) C3H5    + H       = CH3C2H  + H2           3.842E-42
 376) CH2CCH2 + H       = CH3C2H  + H            3.978E-42

OH                  PRODUCTION RXS              INT RX RATE    TP =  5.59E+11
   1) H2O     + O1D     = OH      + OH           6.767E+03
   2) H2      + O1D     = OH      + H            1.416E+06
   3) H2      + O       = OH      + H            3.547E+06
   5) H       + O3      = OH      + O2           1.576E+09
   9) H       + HO2     = OH      + OH           2.116E+03
  13) HO2     + O       = OH      + O2           4.569E+08
  14) HO2     + O3      = OH      + O2      O2   5.561E+10
  25) H2O     + HV      = H       + OH           7.373E+03
  28) H2O2    + HV      = OH      + OH           1.009E+08
  38) O       + HCO     = OH      + CO           4.946E+01
  48) H2CO    + O       = HCO     + OH           8.296E+01
  49) H2O2    + O       = OH      + HO2          3.300E+05
  50) HO2     + HV      = OH      + O            6.904E+03
  51) HNO2    + HV      = NO      + OH           4.822E+08
  52) HNO3    + HV      = NO2     + OH           1.319E+07
  56) CH4     + O1D     = CH3     + OH           3.949E+02
  63) CH23    + O2      = HCO     + OH           1.688E-06
  64) CH3     + O2      = H2CO    + OH           1.501E+03
  82) NO      + HO2     = NO2     + OH           4.997E+11
  86) NO2     + H       = NO      + OH           8.616E+08
  90) O       + HNO     = OH      + NO           7.389E+04
  93) CH4     + O       = CH3     + OH           1.237E+03
 100) C2H6    + O       = C2H5    + OH           5.589E-09
 101) C2H6    + O1D     = C2H5    + OH           1.303E-10
 104) C2H5    + O2      = CH3     + HCO     OH   7.409E-09
 108) N       + HO2     = NO      + OH           1.467E+05
 116) SO      + HO2     = SO2     + OH           8.477E+02
 125) HSO3    + O       = OH      + SO3          3.284E-04
 128) H2S     + O       = OH      + HS           5.140E+06
 130) HS      + O2      = OH      + SO           5.208E+02
 140) S       + HO2     = SO      + OH           3.683E-10
 163) SO2     + HO2     = SO3     + OH           1.465E+04
 176) HSO     + H       = HS      + OH           2.503E+02
 179) HSO     + O       = OH      + SO           3.790E+07
 246) CH      + O2      = CO      + OH           1.982E-16
 253) CH23    + O       = CH      + OH           9.644E-16
 322) C2H2OH  + O       = OH      + CH2CO        5.870E-31
 327) C2H4OH  + O       = OH      + CH3CHO       4.696E-25
 330) CH3CHO  + O       = CH3CO   + OH           2.420E-18
 337) C3H8    + O       = C3H7    + OH           3.646E-27
 338) C3H8    + O1D     = C3H7    + OH           1.516E-31

OH                     LOSS RXS                INT RX RATE    TL =  5.59E+11
   4) H2      + OH      = H2O     + H            1.325E+06
  10) OH      + O       = H       + O2           2.778E+02
  11) OH      + HO2     = H2O     + O2           1.672E+03
  12) OH      + O3      = HO2     + O2           8.729E+05
  16) H2O2    + OH      = HO2     + H2O          5.909E+04
  20) OH      + OH      = H2O     + O            1.243E-04
  31) CO      + OH      = CO2     + H            5.589E+11
  36) OH      + HCO     = H2O     + CO           7.024E-02
  45) H2CO    + OH      = H2O     + HCO          1.071E+00
  46) H       + OH      = H2O     +              2.872E-02
  47) OH      + OH      = H2O2    +              6.693E-04
  55) CH4     + OH      = CH3     + H2O          4.108E+02
  67) CH3     + OH      = CO      + H2      H2   3.349E-11
  78) N       + OH      = NO      + H            6.998E-01
  83) NO      + OH      = HNO2    +              1.995E+07
  85) NO2     + OH      = HNO3    +              3.043E+07
  91) OH      + HNO     = H2O     + NO           4.543E+01
  92) HNO2    + OH      = H2O     + NO2          1.105E+00
  99) C2H6    + OH      = C2H5    + H2O          1.689E-09
 107) HNO3    + OH      = H2O     + NO2     O    1.986E+05
 118) SO      + OH      = SO2     + H            1.086E-02
 119) SO2     + OH      = HSO3    +              1.152E+05
 123) HSO3    + OH      = H2O     + SO3          6.657E-08
 126) H2S     + OH      = H2O     + HS           6.594E+05
 137) S       + OH      = SO      + H            1.602E-14
 175) HSO     + OH      = H2O     + SO           8.287E+01
 187) OCS     + OH      = CO2     + HS           5.285E-08
 204) CS2     + OH      = OCS     + HS           1.988E-44
 226) C2H5    + OH      = CH3     + HCO     H2   6.369E-23
 227) C2H5    + OH      = CH3CHO  + H2           1.592E-22
 228) C2H5    + OH      = C2H4    + H2O          6.369E-23
 237) C       + OH      = CO      + H            1.998E-44
 264) CH3     + OH      = CH3O    + H            6.499E-11
 282) C2H2    + OH      = CO      + CH3          8.137E-31
 303) C2H4    + OH      = H2CO    + CH3          4.176E-24
 311) C2H3    + OH      = C2H2    + H2O          6.068E-32
 318) C2H2    + OH      = C2H2OH  +              1.744E-30
 319) C2H2    + OH      = CH2CO   + H            1.039E-29
 323) C2H2OH  + OH      = H2O     + CH2CO        7.778E-34
 324) C2H4    + OH      = C2H4OH  +              3.065E-24
 328) C2H4OH  + OH      = H2O     + CH3CHO       9.098E-28
 331) CH3CHO  + OH      = CH3CO   + H2O          3.266E-21
 336) C3H8    + OH      = C3H7    + H2O          5.830E-29
 351) C3H6    + OH      = CH3CHO  + CH3          2.845E-41
 355) C3H7    + OH      = C2H5CHO + H2           2.499E-31

HO2                 PRODUCTION RXS              INT RX RATE    TP =  5.56E+11
   6) H       + O2      = HO2     +              4.775E+11
  12) OH      + O3      = HO2     + O2           8.729E+05
  16) H2O2    + OH      = HO2     + H2O          5.909E+04
  44) HCO     + O2      = HO2     + CO           7.897E+10
  49) H2O2    + O       = OH      + HO2          3.300E+05
  66) CH3     + O3      = H2CO    + HO2          1.855E+00
 122) HSO3    + O2      = HO2     + SO3          1.152E+05
 260) CH3O2   + O       = H2CO    + HO2          2.448E-01
 269) CH3O    + O2      = H2CO    + HO2          5.811E+02

HO2                    LOSS RXS                INT RX RATE    TL =  5.56E+11
   7) H       + HO2     = H2      + O2           2.139E+02
   8) H       + HO2     = H2O     + O            4.754E+01
   9) H       + HO2     = OH      + OH           2.116E+03
  11) OH      + HO2     = H2O     + O2           1.672E+03
  13) HO2     + O       = OH      + O2           4.569E+08
  14) HO2     + O3      = OH      + O2      O2   5.561E+10
  15) HO2     + HO2     = H2O2    + O2           1.071E+08
  50) HO2     + HV      = OH      + O            6.904E+03
  82) NO      + HO2     = NO2     + OH           4.997E+11
 108) N       + HO2     = NO      + OH           1.467E+05
 109) HO2     + NO2     = HNO2    + O2           4.623E+08
 116) SO      + HO2     = SO2     + OH           8.477E+02
 131) HS      + HO2     = H2S     + O2           4.032E+00
 139) S       + HO2     = HS      + O2           3.683E-10
 140) S       + HO2     = SO      + OH           3.683E-10
 163) SO2     + HO2     = SO3     + OH           1.465E+04
 170) SO      + HO2     = HSO     + O2           8.477E+02
 191) H2S     + HO2     = H2O     + HSO          4.122E+07

H2O2                PRODUCTION RXS              INT RX RATE    TP =  1.07E+08
  15) HO2     + HO2     = H2O2    + O2           1.071E+08
  47) OH      + OH      = H2O2    +              6.693E-04

H2O2                   LOSS RXS                INT RX RATE    TL =  1.07E+08
  16) H2O2    + OH      = HO2     + H2O          5.909E+04
  28) H2O2    + HV      = OH      + OH           1.009E+08
  49) H2O2    + O       = OH      + HO2          3.300E+05

H2                  PRODUCTION RXS              INT RX RATE    TP =  1.72E+08
   7) H       + HO2     = H2      + O2           2.139E+02
  34) H       + HCO     = H2      + CO           6.680E+00
  39) H2CO    + HV      = H2      + CO           1.546E+03
  42) H2CO    + H       = H2      + HCO          8.304E-03
  43) H       + H       = H2      +              9.437E-03
  57) CH4     + O1D     = H2CO    + H2           2.633E+01
  67) CH3     + OH      = CO      + H2      H2   3.349E-11
  89) H       + HNO     = H2      + NO           1.869E+02
 124) HSO3    + H       = H2      + SO3          3.273E-06
 127) H2S     + H       = H2      + HS           1.734E+06
 134) HS      + H       = H2      + S            4.855E-03
 177) HSO     + H       = H2      + SO           1.251E+02
 217) H       + HCS     = H2      + CS           7.809E-30
 222) C2H5    + H       = C2H4    + H2           2.404E-22
 226) C2H5    + OH      = CH3     + HCO     H2   6.369E-23
 227) C2H5    + OH      = CH3CHO  + H2           1.592E-22
 242) CH      + H       = C       + H2           7.114E-31
 256) CH23    + H       = CH      + H2           1.210E-16
 279) CH23    + CH23    = C2H2    + H2           3.632E-32
 281) C2H2    + HV      = C2      + H2           1.864E-31
 294) C2H4    + HV      = C2H2    + H2           8.893E-28
 299) C2H3    + H       = C2H2    + H2           1.165E-30
 321) C2H2OH  + H       = H2      + CH2CO        1.875E-34
 326) C2H4OH  + H       = H2      + CH3CHO       4.624E-28
 329) CH3CHO  + H       = CH3CO   + H2           3.246E-22
 346) C3H6    + HV      = CH2CCH2 + H2           2.159E-49
 355) C3H7    + OH      = C2H5CHO + H2           2.499E-31
 366) C3H5    + H       = CH2CCH2 + H2           3.842E-42
 374) C3H5    + H       = CH3C2H  + H2           3.842E-42
 380) CH3C2H  + HV      = C3H2    + H2           1.966E-41
 383) CH2CCH2 + HV      = C3H2    + H2           1.587E-41

H2                     LOSS RXS                INT RX RATE    TL =  9.13E+06
   2) H2      + O1D     = OH      + H            1.416E+06
   3) H2      + O       = OH      + H            3.547E+06
   4) H2      + OH      = H2O     + H            1.325E+06
  61) CH23    + H2      = CH3     + H            3.024E-08
 238) C       + H2      = CH23    +              4.615E-31
 244) CH      + H2      = CH23    + H            6.473E-21
 245) CH      + H2      = CH3     +              4.701E-18
 285) C2H     + H2      = C2H2    + H            7.362E-36
 288) C2      + H2      = C2H     + H            1.960E-34
 300) C2H3    + H2      = C2H4    + H            3.876E-25
 393) H2      + H2      = H4      +              3.583E-75

CO                  PRODUCTION RXS              INT RX RATE    TP =  8.41E+10
  29) CO2     + HV      = CO      + O            9.239E+08
  34) H       + HCO     = H2      + CO           6.680E+00
  35) HCO     + HCO     = H2CO    + CO           3.276E+00
  36) OH      + HCO     = H2O     + CO           7.024E-02
  38) O       + HCO     = OH      + CO           4.946E+01
  39) H2CO    + HV      = H2      + CO           1.546E+03
  41) HCO     + HV      = H       + CO           2.670E+06
  44) HCO     + O2      = HO2     + CO           7.897E+10
  67) CH3     + OH      = CO      + H2      H2   3.349E-11
  71) CH3     + HCO     = CH4     + CO           5.933E-08
  87) HCO     + NO      = HNO     + CO           4.912E+08
  98) CH23    + CO2     = H2CO    + CO           7.437E-05
 102) C2H5    + HCO     = C2H6    + CO           5.067E-20
 105) CO      + O1D     = CO      + O            3.148E+09
 133) HS      + HCO     = H2S     + CO           7.191E-03
 138) S       + HCO     = HS      + CO           1.102E-13
 169) S       + CO2     = SO      + CO           4.167E-07
 171) SO      + HCO     = HSO     + CO           2.089E-02
 182) H       + OCS     = CO      + HS           3.238E-06
 184) O       + OCS     = CO      + SO           2.580E-03
 186) OCS     + S       = CO      + S2           1.836E-17
 190) OCS     + HV      = CO      + S            1.670E-04
 198) CS      + O2      = CO      + SO           1.970E-31
 201) CS      + O3      = CO      + SO2          2.013E-30
 209) CS2     + O       = CO      + S2           9.979E-40
 212) CS      + O       = CO      + S            4.474E-33
 237) C       + OH      = CO      + H            1.998E-44
 239) C       + O2      = CO      + O            3.097E-31
 243) CH      + O       = CO      + H            2.593E-25
 246) CH      + O2      = CO      + OH           1.982E-16
 247) CH      + CO2     = HCO     + CO           8.824E-16
 252) OCS     + CH      = CO      + HCS          2.434E-30
 254) CH23    + O       = CO      + H       H    1.001E-14
 262) HCO     + H2CO    = CH3O    + CO           4.365E-06
 270) CH2CO   + HV      = CH23    + CO           4.578E-07
 272) CH2CO   + H       = CH3     + CO           2.889E-11
 273) CH2CO   + O       = H2CO    + CO           1.502E-06
 275) CH3CO   + H       = CH4     + CO           3.130E-01
 277) CH3CO   + CH3     = C2H6    + CO           7.544E-09
 282) C2H2    + OH      = CO      + CH3          8.137E-31
 283) C2H     + O2      = CO      + HCO          5.593E-31
 284) C2H     + O       = CO      + CH           6.669E-40
 292) C2      + O       = C       + CO           1.317E-38
 293) C2      + O2      = CO      + CO           1.862E-31
 309) C2H2    + O       = CH23    + CO           1.204E-27
 334) CH3CHO  + HV      = CH4     + CO           1.259E-19
 352) C3H6    + O       = CH3     + CH3     CO   5.347E-39

CO                     LOSS RXS                INT RX RATE    TL =  1.21E+13
  31) CO      + OH      = CO2     + H            5.589E+11
  32) CO      + O       = CO2     +              1.145E+13
  33) H       + CO      = HCO     +              7.946E+10
 105) CO      + O1D     = CO      + O            3.148E+09
 183) HS      + CO      = OCS     + H            2.055E-03
 189) S       + CO      = OCS     +              7.054E-04
 196) OCS2    + CO      = OCS     + OCS          7.040E-17
 263) CH3O    + CO      = CH3     + CO2          8.791E-02
 271) CH23    + CO      = CH2CO   +              2.037E-06
 274) CH3     + CO      = CH3CO   +              4.809E+00

HCO                 PRODUCTION RXS              INT RX RATE    TP =  7.95E+10
  33) H       + CO      = HCO     +              7.946E+10
  40) H2CO    + HV      = HCO     + H            3.580E+02
  42) H2CO    + H       = H2      + HCO          8.304E-03
  45) H2CO    + OH      = H2O     + HCO          1.071E+00
  48) H2CO    + O       = HCO     + OH           8.296E+01
  63) CH23    + O2      = HCO     + OH           1.688E-06
  73) CH3     + H2CO    = CH4     + HCO          4.442E-16
  97) CH23    + O       = HCO     + H            1.205E-15
 104) C2H5    + O2      = CH3     + HCO     OH   7.409E-09
 143) HS      + H2CO    = H2S     + HCO          1.701E-03
 223) C2H5    + O       = CH3     + HCO     H    6.352E-19
 226) C2H5    + OH      = CH3     + HCO     H2   6.369E-23
 247) CH      + CO2     = HCO     + CO           8.824E-16
 276) CH3CO   + O       = H2CO    + HCO          4.496E+00
 283) C2H     + O2      = CO      + HCO          5.593E-31
 304) C2H4    + O       = HCO     + CH3          1.459E-21
 333) CH3CHO  + HV      = CH3     + HCO          1.259E-19
 349) C2H5CHO + HV      = C2H5    + HCO          3.648E-27

HCO                    LOSS RXS                INT RX RATE    TL =  7.95E+10
  34) H       + HCO     = H2      + CO           6.680E+00
  35) HCO     + HCO     = H2CO    + CO           3.276E+00
  36) OH      + HCO     = H2O     + CO           7.024E-02
  37) O       + HCO     = H       + CO2          4.946E+01
  38) O       + HCO     = OH      + CO           4.946E+01
  41) HCO     + HV      = H       + CO           2.670E+06
  44) HCO     + O2      = HO2     + CO           7.897E+10
  71) CH3     + HCO     = CH4     + CO           5.933E-08
  87) HCO     + NO      = HNO     + CO           4.912E+08
 102) C2H5    + HCO     = C2H6    + CO           5.067E-20
 133) HS      + HCO     = H2S     + CO           7.191E-03
 138) S       + HCO     = HS      + CO           1.102E-13
 171) SO      + HCO     = HSO     + CO           2.089E-02
 188) S       + HCO     = OCS     + H            8.818E-13
 262) HCO     + H2CO    = CH3O    + CO           4.365E-06

H2CO                PRODUCTION RXS              INT RX RATE    TP =  2.18E+03
  35) HCO     + HCO     = H2CO    + CO           3.276E+00
  57) CH4     + O1D     = H2CO    + H2           2.633E+01
  64) CH3     + O2      = H2CO    + OH           1.501E+03
  65) CH3     + O       = H2CO    + H            1.267E-05
  66) CH3     + O3      = H2CO    + HO2          1.855E+00
  98) CH23    + CO2     = H2CO    + CO           7.437E-05
 224) C2H5    + O       = H2CO    + CH3          5.654E-19
 259) CH3O2   + H       = H2O     + H2CO         9.818E-07
 260) CH3O2   + O       = H2CO    + HO2          2.448E-01
 266) NO      + CH3O    = HNO     + H2CO         5.737E+01
 267) NO2     + CH3O    = H2CO    + HNO2         2.328E+00
 269) CH3O    + O2      = H2CO    + HO2          5.811E+02
 273) CH2CO   + O       = H2CO    + CO           1.502E-06
 276) CH3CO   + O       = H2CO    + HCO          4.496E+00
 303) C2H4    + OH      = H2CO    + CH3          4.176E-24

H2CO                   LOSS RXS                INT RX RATE    TL =  2.15E+03
  39) H2CO    + HV      = H2      + CO           1.546E+03
  40) H2CO    + HV      = HCO     + H            3.580E+02
  42) H2CO    + H       = H2      + HCO          8.304E-03
  45) H2CO    + OH      = H2O     + HCO          1.071E+00
  48) H2CO    + O       = HCO     + OH           8.296E+01
  73) CH3     + H2CO    = CH4     + HCO          4.442E-16
 143) HS      + H2CO    = H2S     + HCO          1.701E-03
 262) HCO     + H2CO    = CH3O    + CO           4.365E-06

CH4                 PRODUCTION RXS              INT RX RATE    TP =  3.13E-01
  70) CH3     + H       = CH4     +              4.115E-08
  71) CH3     + HCO     = CH4     + CO           5.933E-08
  72) CH3     + HNO     = CH4     + NO           1.094E-07
  73) CH3     + H2CO    = CH4     + HCO          4.442E-16
 231) CH3     + HCS     = CH4     + CS           5.538E-38
 258) CH3O2   + H       = CH4     + O2           1.374E-06
 275) CH3CO   + H       = CH4     + CO           3.130E-01
 278) CH3CO   + CH3     = CH4     + CH2CO        1.201E-08
 312) C2H3    + CH3     = C2H2    + CH4          1.375E-39
 315) C2H5    + CH3     = C2H4    + CH4          3.704E-27
 332) CH3CHO  + CH3     = CH3CO   + CH4          1.360E-29
 334) CH3CHO  + HV      = CH4     + CO           1.259E-19
 348) C3H6    + HV      = C2H     + CH4     H    1.080E-48
 354) C3H7    + CH3     = C3H6    + CH4          1.036E-39
 364) C3H5    + H       = CH4     + C2H2         3.842E-42
 365) C3H5    + CH3     = CH2CCH2 + CH4          1.153E-50
 375) C3H5    + CH3     = CH3C2H  + CH4          1.153E-50
 395) H4      + H4CO2   = CH4     + H2O     H2O  1.791E-75

CH4                    LOSS RXS                INT RX RATE    TL =  4.07E+03
  55) CH4     + OH      = CH3     + H2O          4.108E+02
  56) CH4     + O1D     = CH3     + OH           3.949E+02
  57) CH4     + O1D     = H2CO    + H2           2.633E+01
  62) CH23    + CH4     = CH3     + CH3          1.155E-17
  93) CH4     + O       = CH3     + OH           1.237E+03
 215) CH4     + HS      = CH3     + H2S          8.324E-15
 268) O1D     + CH4     = CH3O    + H            1.053E+02
 286) C2H     + CH4     = C2H2    + CH3          2.016E-37
 289) C2      + CH4     = C2H     + CH3          1.095E-35
 301) C2H3    + CH4     = C2H4    + CH3          2.302E-30
 307) CH      + CH4     = C2H4    + H            1.299E-21

CH3                 PRODUCTION RXS              INT RX RATE    TP =  2.04E+03
  55) CH4     + OH      = CH3     + H2O          4.108E+02
  56) CH4     + O1D     = CH3     + OH           3.949E+02
  61) CH23    + H2      = CH3     + H            3.024E-08
  62) CH23    + CH4     = CH3     + CH3          1.155E-17
  93) CH4     + O       = CH3     + OH           1.237E+03
 104) C2H5    + O2      = CH3     + HCO     OH   7.409E-09
 215) CH4     + HS      = CH3     + H2S          8.324E-15
 220) C2H5    + H       = CH3     + CH3          4.807E-21
 223) C2H5    + O       = CH3     + HCO     H    6.352E-19
 224) C2H5    + O       = H2CO    + CH3          5.654E-19
 226) C2H5    + OH      = CH3     + HCO     H2   6.369E-23
 245) CH      + H2      = CH3     +              4.701E-18
 255) CH23    + H       = CH3     +              1.204E-16
 263) CH3O    + CO      = CH3     + CO2          8.791E-02
 272) CH2CO   + H       = CH3     + CO           2.889E-11
 282) C2H2    + OH      = CO      + CH3          8.137E-31
 286) C2H     + CH4     = C2H2    + CH3          2.016E-37
 289) C2      + CH4     = C2H     + CH3          1.095E-35
 297) CH23    + C2H3    = CH3     + C2H2         1.336E-48
 301) C2H3    + CH4     = C2H4    + CH3          2.302E-30
 303) C2H4    + OH      = H2CO    + CH3          4.176E-24
 304) C2H4    + O       = HCO     + CH3          1.459E-21
 308) CH23    + C2H5    = CH3     + C2H4         4.439E-36
 333) CH3CHO  + HV      = CH3     + HCO          1.259E-19
 339) C3H7    + H       = CH3     + C2H5         1.703E-30
 345) C3H6    + HV      = C2H2    + CH3     H    7.342E-48
 351) C3H6    + OH      = CH3CHO  + CH3          2.845E-41
 352) C3H6    + O       = CH3     + CH3     CO   5.347E-39
 359) CH2CCH2 + H       = CH3     + C2H2         4.053E-44
 362) C2H3    + C2H5    = CH3     + C3H5         1.743E-55
 369) CH3C2H  + H       = CH3     + C2H2         3.239E-42
 381) CH3C2H  + HV      = CH3     + C2H          8.937E-43

CH3                    LOSS RXS                INT RX RATE    TL =  2.04E+03
  64) CH3     + O2      = H2CO    + OH           1.501E+03
  65) CH3     + O       = H2CO    + H            1.267E-05
  66) CH3     + O3      = H2CO    + HO2          1.855E+00
  67) CH3     + OH      = CO      + H2      H2   3.349E-11
  68) CH3     + CH3     = C2H6    +              5.284E-11
  69) CH3     + HV      = CH23    + H            4.878E-05
  70) CH3     + H       = CH4     +              4.115E-08
  71) CH3     + HCO     = CH4     + CO           5.933E-08
  72) CH3     + HNO     = CH4     + NO           1.094E-07
  73) CH3     + H2CO    = CH4     + HCO          4.442E-16
 231) CH3     + HCS     = CH4     + CS           5.538E-38
 257) CH3     + O2      = CH3O2   +              5.339E+02
 264) CH3     + OH      = CH3O    + H            6.499E-11
 265) CH3     + O3      = CH3O    + O2           1.855E+00
 274) CH3     + CO      = CH3CO   +              4.809E+00
 277) CH3CO   + CH3     = C2H6    + CO           7.544E-09
 278) CH3CO   + CH3     = CH4     + CH2CO        1.201E-08
 296) CH23    + CH3     = C2H4    + H            1.762E-23
 312) C2H3    + CH3     = C2H2    + CH4          1.375E-39
 315) C2H5    + CH3     = C2H4    + CH4          3.704E-27
 332) CH3CHO  + CH3     = CH3CO   + CH4          1.360E-29
 335) C2H5    + CH3     = C3H8    +              3.704E-27
 350) C2H3    + CH3     = C3H6    +              4.852E-39
 354) C3H7    + CH3     = C3H6    + CH4          1.036E-39
 361) CH3     + C2H3    = C3H5    + H            9.704E-42
 365) C3H5    + CH3     = CH2CCH2 + CH4          1.153E-50
 375) C3H5    + CH3     = CH3C2H  + CH4          1.153E-50

C2H6                PRODUCTION RXS              INT RX RATE    TP =  7.60E-09
  68) CH3     + CH3     = C2H6    +              5.284E-11
 102) C2H5    + HCO     = C2H6    + CO           5.067E-20
 103) C2H5    + HNO     = C2H6    + NO           2.312E-20
 221) C2H5    + H       = C2H6    +              1.760E-20
 277) CH3CO   + CH3     = C2H6    + CO           7.544E-09
 316) C2H5    + C2H3    = C2H6    + C2H2         9.867E-53
 317) C2H5    + C2H5    = C2H6    + C2H4         1.109E-40

C2H6                   LOSS RXS                INT RX RATE    TL =  7.60E-09
  99) C2H6    + OH      = C2H5    + H2O          1.689E-09
 100) C2H6    + O       = C2H5    + OH           5.589E-09
 101) C2H6    + O1D     = C2H5    + OH           1.303E-10
 302) C2H3    + C2H6    = C2H4    + C2H5         1.977E-46
 306) C2H     + C2H6    = C2H2    + C2H5         2.545E-49

NO                  PRODUCTION RXS              INT RX RATE    TP =  4.65E+13
  51) HNO2    + HV      = NO      + OH           4.822E+08
  54) NO2     + HV      = NO      + O            3.749E+13
  72) CH3     + HNO     = CH4     + NO           1.094E-07
  76) N       + O2      = NO      + O            2.300E+04
  77) N       + O3      = NO      + O2           8.732E+06
  78) N       + OH      = NO      + H            6.998E-01
  84) NO2     + O       = NO      + O2           9.052E+12
  86) NO2     + H       = NO      + OH           8.616E+08
  88) HNO     + HV      = NO      + H            5.675E+08
  89) H       + HNO     = H2      + NO           1.869E+02
  90) O       + HNO     = OH      + NO           7.389E+04
  91) OH      + HNO     = H2O     + NO           4.543E+01
 103) C2H5    + HNO     = C2H6    + NO           2.312E-20
 108) N       + HO2     = NO      + OH           1.467E+05
 161) SO      + NO2     = SO2     + NO           5.534E+07
 165) HS      + NO2     = HSO     + NO           6.347E+06

NO                     LOSS RXS                INT RX RATE    TL =  4.65E+13
  53) NO      + HV      = N       + O            2.974E+04
  74) H       + NO      = HNO     +              6.118E+07
  79) N       + NO      = N2      + O            9.113E+07
  80) NO      + O3      = NO2     + O2           4.596E+13
  81) NO      + O       = NO2     +              7.622E+10
  82) NO      + HO2     = NO2     + OH           4.997E+11
  83) NO      + OH      = HNO2    +              1.995E+07
  87) HCO     + NO      = HNO     + CO           4.912E+08
 174) HSO     + NO      = HNO     + SO           1.542E+07
 261) NO      + CH3O2   = CH3O    + NO2          5.337E+02
 266) NO      + CH3O    = HNO     + H2CO         5.737E+01

NO2                 PRODUCTION RXS              INT RX RATE    TP =  4.65E+13
  52) HNO3    + HV      = NO2     + OH           1.319E+07
  80) NO      + O3      = NO2     + O2           4.596E+13
  81) NO      + O       = NO2     +              7.622E+10
  82) NO      + HO2     = NO2     + OH           4.997E+11
  92) HNO2    + OH      = H2O     + NO2          1.105E+00
 107) HNO3    + OH      = H2O     + NO2     O    1.986E+05
 261) NO      + CH3O2   = CH3O    + NO2          5.337E+02

NO2                    LOSS RXS                INT RX RATE    TL =  4.65E+13
  54) NO2     + HV      = NO      + O            3.749E+13
  84) NO2     + O       = NO      + O2           9.052E+12
  85) NO2     + OH      = HNO3    +              3.043E+07
  86) NO2     + H       = NO      + OH           8.616E+08
 109) HO2     + NO2     = HNO2    + O2           4.623E+08
 161) SO      + NO2     = SO2     + NO           5.534E+07
 165) HS      + NO2     = HSO     + NO           6.347E+06
 267) NO2     + CH3O    = H2CO    + HNO2         2.328E+00

HNO                 PRODUCTION RXS              INT RX RATE    TP =  5.68E+08
  74) H       + NO      = HNO     +              6.118E+07
  87) HCO     + NO      = HNO     + CO           4.912E+08
 174) HSO     + NO      = HNO     + SO           1.542E+07
 266) NO      + CH3O    = HNO     + H2CO         5.737E+01

HNO                    LOSS RXS                INT RX RATE    TL =  5.68E+08
  72) CH3     + HNO     = CH4     + NO           1.094E-07
  88) HNO     + HV      = NO      + H            5.675E+08
  89) H       + HNO     = H2      + NO           1.869E+02
  90) O       + HNO     = OH      + NO           7.389E+04
  91) OH      + HNO     = H2O     + NO           4.543E+01
 103) C2H5    + HNO     = C2H6    + NO           2.312E-20

O3                  PRODUCTION RXS              INT RX RATE    TP =  1.10E+15
  18) O       + O2      = O3      +              1.103E+15

O3                     LOSS RXS                INT RX RATE    TL =  1.10E+15
   5) H       + O3      = OH      + O2           1.576E+09
  12) OH      + O3      = HO2     + O2           8.729E+05
  14) HO2     + O3      = OH      + O2      O2   5.561E+10
  19) O       + O3      = O2      + O2           6.422E+09
  26) O3      + HV      = O2      + O1D          2.670E+11
  27) O3      + HV      = O2      + O            1.057E+15
  66) CH3     + O3      = H2CO    + HO2          1.855E+00
  77) N       + O3      = NO      + O2           8.732E+06
  80) NO      + O3      = NO2     + O2           4.596E+13
 162) SO      + O3      = SO2     + O2           2.482E+06
 164) HS      + O3      = HSO     + O2           5.760E+06
 166) S       + O3      = SO      + O2           1.130E-02
 199) CS      + O3      = OCS     + O2           2.013E-30
 200) CS      + O3      = SO      + CO2          2.013E-30
 201) CS      + O3      = CO      + SO2          2.013E-30
 265) CH3     + O3      = CH3O    + O2           1.855E+00

HNO3                PRODUCTION RXS              INT RX RATE    TP =  3.04E+07
  85) NO2     + OH      = HNO3    +              3.043E+07

HNO3                   LOSS RXS                INT RX RATE    TL =  2.94E+07
  52) HNO3    + HV      = NO2     + OH           1.319E+07
 107) HNO3    + OH      = H2O     + NO2     O    1.986E+05

N                   PRODUCTION RXS              INT RX RATE    TP =  2.97E+04
  53) NO      + HV      = N       + O            2.974E+04

N                      LOSS RXS                INT RX RATE    TL =  1.00E+08
  75) N       + N       = N2      +              4.457E+01
  76) N       + O2      = NO      + O            2.300E+04
  77) N       + O3      = NO      + O2           8.732E+06
  78) N       + OH      = NO      + H            6.998E-01
  79) N       + NO      = N2      + O            9.113E+07
 108) N       + HO2     = NO      + OH           1.467E+05

C3H2                PRODUCTION RXS              INT RX RATE    TP =  2.01E-39
 367) CH      + C2H2    = C3H2    + H            1.690E-56
 378) C3H3    + HV      = C3H2    + H            1.977E-39
 380) CH3C2H  + HV      = C3H2    + H2           1.966E-41
 383) CH2CCH2 + HV      = C3H2    + H2           1.587E-41

C3H2                   LOSS RXS                INT RX RATE    TL =  2.01E-39
 371) C3H2    + H       = C3H3    +              2.012E-39

C3H3                PRODUCTION RXS              INT RX RATE    TP =  2.07E-39
 371) C3H2    + H       = C3H3    +              2.012E-39
 379) CH3C2H  + HV      = C3H3    + H            2.502E-41
 382) CH2CCH2 + HV      = C3H3    + H            2.821E-41

C3H3                   LOSS RXS                INT RX RATE    TL =  2.07E-39
 372) C3H3    + H       = CH3C2H  +              4.438E-41
 373) C3H3    + H       = CH2CCH2 +              4.438E-41
 378) C3H3    + HV      = C3H2    + H            1.977E-39

CH3C2H              PRODUCTION RXS              INT RX RATE    TP =  5.22E-41
 358) CH      + C2H4    = CH3C2H  + H            2.312E-51
 368) CH23    + C2H2    = CH3C2H  +              2.006E-45
 372) C3H3    + H       = CH3C2H  +              4.438E-41
 374) C3H5    + H       = CH3C2H  + H2           3.842E-42
 375) C3H5    + CH3     = CH3C2H  + CH4          1.153E-50
 376) CH2CCH2 + H       = CH3C2H  + H            3.978E-42

CH3C2H                 LOSS RXS                INT RX RATE    TL =  5.21E-41
 369) CH3C2H  + H       = CH3     + C2H2         3.239E-42
 370) CH3C2H  + H       = C3H5    +              3.239E-42
 379) CH3C2H  + HV      = C3H3    + H            2.502E-41
 380) CH3C2H  + HV      = C3H2    + H2           1.966E-41
 381) CH3C2H  + HV      = CH3     + C2H          8.937E-43

CH2CCH2             PRODUCTION RXS              INT RX RATE    TP =  4.82E-41
 346) C3H6    + HV      = CH2CCH2 + H2           2.159E-49
 357) CH      + C2H4    = CH2CCH2 + H            2.312E-51
 365) C3H5    + CH3     = CH2CCH2 + CH4          1.153E-50
 366) C3H5    + H       = CH2CCH2 + H2           3.842E-42
 373) C3H3    + H       = CH2CCH2 +              4.438E-41
 377) CH23    + C2H2    = CH2CCH2 +              2.006E-45

CH2CCH2                LOSS RXS                INT RX RATE    TL =  4.81E-41
 359) CH2CCH2 + H       = CH3     + C2H2         4.053E-44
 360) CH2CCH2 + H       = C3H5    +              4.105E-45
 376) CH2CCH2 + H       = CH3C2H  + H            3.978E-42
 382) CH2CCH2 + HV      = C3H3    + H            2.821E-41
 383) CH2CCH2 + HV      = C3H2    + H2           1.587E-41
 392) C2H     + CH2CCH2 = HCAER2  + H            1.078E-82

C3H5                PRODUCTION RXS              INT RX RATE    TP =  1.29E-41
 360) CH2CCH2 + H       = C3H5    +              4.105E-45
 361) CH3     + C2H3    = C3H5    + H            9.704E-42
 362) C2H3    + C2H5    = CH3     + C3H5         1.743E-55
 370) CH3C2H  + H       = C3H5    +              3.239E-42

C3H5                   LOSS RXS                INT RX RATE    TL =  1.41E-41
 363) C3H5    + H       = C3H6    +              2.553E-42
 364) C3H5    + H       = CH4     + C2H2         3.842E-42
 365) C3H5    + CH3     = CH2CCH2 + CH4          1.153E-50
 366) C3H5    + H       = CH2CCH2 + H2           3.842E-42
 374) C3H5    + H       = CH3C2H  + H2           3.842E-42
 375) C3H5    + CH3     = CH3C2H  + CH4          1.153E-50

C2H5CHO             PRODUCTION RXS              INT RX RATE    TP =  3.70E-27
 355) C3H7    + OH      = C2H5CHO + H2           2.499E-31
 356) C3H7    + O       = C2H5CHO + H            3.702E-27

C2H5CHO                LOSS RXS                INT RX RATE    TL =  3.70E-27
 349) C2H5CHO + HV      = C2H5    + HCO          3.648E-27

C3H6                PRODUCTION RXS              INT RX RATE    TP =  5.89E-39
 350) C2H3    + CH3     = C3H6    +              4.852E-39
 354) C3H7    + CH3     = C3H6    + CH4          1.036E-39
 363) C3H5    + H       = C3H6    +              2.553E-42

C3H6                   LOSS RXS                INT RX RATE    TL =  5.39E-39
 345) C3H6    + HV      = C2H2    + CH3     H    7.342E-48
 346) C3H6    + HV      = CH2CCH2 + H2           2.159E-49
 347) C3H6    + HV      = C2H4    + CH23         4.319E-49
 348) C3H6    + HV      = C2H     + CH4     H    1.080E-48
 351) C3H6    + OH      = CH3CHO  + CH3          2.845E-41
 352) C3H6    + O       = CH3     + CH3     CO   5.347E-39
 353) C3H6    + H       = C3H7    +              1.089E-41

C3H7                PRODUCTION RXS              INT RX RATE    TP =  3.70E-27
 336) C3H8    + OH      = C3H7    + H2O          5.830E-29
 337) C3H8    + O       = C3H7    + OH           3.646E-27
 338) C3H8    + O1D     = C3H7    + OH           1.516E-31
 344) C2H     + C3H8    = C2H2    + C3H7         5.101E-70
 353) C3H6    + H       = C3H7    +              1.089E-41

C3H7                   LOSS RXS                INT RX RATE    TL =  3.70E-27
 339) C3H7    + H       = CH3     + C2H5         1.703E-30
 354) C3H7    + CH3     = C3H6    + CH4          1.036E-39
 355) C3H7    + OH      = C2H5CHO + H2           2.499E-31
 356) C3H7    + O       = C2H5CHO + H            3.702E-27

C3H8                PRODUCTION RXS              INT RX RATE    TP =  3.70E-27
 335) C2H5    + CH3     = C3H8    +              3.704E-27

C3H8                   LOSS RXS                INT RX RATE    TL =  3.70E-27
 336) C3H8    + OH      = C3H7    + H2O          5.830E-29
 337) C3H8    + O       = C3H7    + OH           3.646E-27
 338) C3H8    + O1D     = C3H7    + OH           1.516E-31
 344) C2H     + C3H8    = C2H2    + C3H7         5.101E-70

C2H4OH              PRODUCTION RXS              INT RX RATE    TP =  3.06E-24
 324) C2H4    + OH      = C2H4OH  +              3.065E-24

C2H4OH                 LOSS RXS                INT RX RATE    TL =  3.10E-24
 325) C2H4OH  + H       = H2O     + C2H4         2.632E-24
 326) C2H4OH  + H       = H2      + CH3CHO       4.624E-28
 327) C2H4OH  + O       = OH      + CH3CHO       4.696E-25
 328) C2H4OH  + OH      = H2O     + CH3CHO       9.098E-28

C2H2OH              PRODUCTION RXS              INT RX RATE    TP =  1.74E-30
 318) C2H2    + OH      = C2H2OH  +              1.744E-30

C2H2OH                 LOSS RXS                INT RX RATE    TL =  1.74E-30
 320) C2H2OH  + H       = H2O     + C2H2         1.155E-30
 321) C2H2OH  + H       = H2      + CH2CO        1.875E-34
 322) C2H2OH  + O       = OH      + CH2CO        5.870E-31
 323) C2H2OH  + OH      = H2O     + CH2CO        7.778E-34

C2H5                PRODUCTION RXS              INT RX RATE    TP =  7.41E-09
  99) C2H6    + OH      = C2H5    + H2O          1.689E-09
 100) C2H6    + O       = C2H5    + OH           5.589E-09
 101) C2H6    + O1D     = C2H5    + OH           1.303E-10
 302) C2H3    + C2H6    = C2H4    + C2H5         1.977E-46
 305) C2H4    + H       = C2H5    +              7.936E-24
 306) C2H     + C2H6    = C2H2    + C2H5         2.545E-49
 339) C3H7    + H       = CH3     + C2H5         1.703E-30
 349) C2H5CHO + HV      = C2H5    + HCO          3.648E-27

C2H5                   LOSS RXS                INT RX RATE    TL =  7.41E-09
 102) C2H5    + HCO     = C2H6    + CO           5.067E-20
 103) C2H5    + HNO     = C2H6    + NO           2.312E-20
 104) C2H5    + O2      = CH3     + HCO     OH   7.409E-09
 220) C2H5    + H       = CH3     + CH3          4.807E-21
 221) C2H5    + H       = C2H6    +              1.760E-20
 222) C2H5    + H       = C2H4    + H2           2.404E-22
 223) C2H5    + O       = CH3     + HCO     H    6.352E-19
 224) C2H5    + O       = H2CO    + CH3          5.654E-19
 225) C2H5    + O       = CH3CHO  + H            2.816E-18
 226) C2H5    + OH      = CH3     + HCO     H2   6.369E-23
 227) C2H5    + OH      = CH3CHO  + H2           1.592E-22
 228) C2H5    + OH      = C2H4    + H2O          6.369E-23
 308) CH23    + C2H5    = CH3     + C2H4         4.439E-36
 314) C2H3    + C2H5    = C2H4    + C2H4         4.933E-53
 315) C2H5    + CH3     = C2H4    + CH4          3.704E-27
 316) C2H5    + C2H3    = C2H6    + C2H2         9.867E-53
 317) C2H5    + C2H5    = C2H6    + C2H4         1.109E-40
 335) C2H5    + CH3     = C3H8    +              3.704E-27
 362) C2H3    + C2H5    = CH3     + C3H5         1.743E-55

C2H4                PRODUCTION RXS              INT RX RATE    TP =  1.62E-21
 222) C2H5    + H       = C2H4    + H2           2.404E-22
 228) C2H5    + OH      = C2H4    + H2O          6.369E-23
 296) CH23    + CH3     = C2H4    + H            1.762E-23
 300) C2H3    + H2      = C2H4    + H            3.876E-25
 301) C2H3    + CH4     = C2H4    + CH3          2.302E-30
 302) C2H3    + C2H6    = C2H4    + C2H5         1.977E-46
 307) CH      + CH4     = C2H4    + H            1.299E-21
 308) CH23    + C2H5    = CH3     + C2H4         4.439E-36
 313) C2H3    + C2H3    = C2H4    + C2H2         1.318E-57
 314) C2H3    + C2H5    = C2H4    + C2H4         4.933E-53
 315) C2H5    + CH3     = C2H4    + CH4          3.704E-27
 317) C2H5    + C2H5    = C2H6    + C2H4         1.109E-40
 325) C2H4OH  + H       = H2O     + C2H4         2.632E-24
 347) C3H6    + HV      = C2H4    + CH23         4.319E-49

C2H4                   LOSS RXS                INT RX RATE    TL =  1.47E-21
 294) C2H4    + HV      = C2H2    + H2           8.893E-28
 295) C2H4    + HV      = C2H2    + H       H    3.289E-28
 303) C2H4    + OH      = H2CO    + CH3          4.176E-24
 304) C2H4    + O       = HCO     + CH3          1.459E-21
 305) C2H4    + H       = C2H5    +              7.936E-24
 324) C2H4    + OH      = C2H4OH  +              3.065E-24
 357) CH      + C2H4    = CH2CCH2 + H            2.312E-51
 358) CH      + C2H4    = CH3C2H  + H            2.312E-51

CH                  PRODUCTION RXS              INT RX RATE    TP =  1.09E-15
 253) CH23    + O       = CH      + OH           9.644E-16
 256) CH23    + H       = CH      + H2           1.210E-16
 284) C2H     + O       = CO      + CH           6.669E-40

CH                     LOSS RXS                INT RX RATE    TL =  1.09E-15
 242) CH      + H       = C       + H2           7.114E-31
 243) CH      + O       = CO      + H            2.593E-25
 244) CH      + H2      = CH23    + H            6.473E-21
 245) CH      + H2      = CH3     +              4.701E-18
 246) CH      + O2      = CO      + OH           1.982E-16
 247) CH      + CO2     = HCO     + CO           8.824E-16
 248) CH      + HV      = C       + H            5.985E-32
 249) CH      + S       = CS      + H            2.527E-41
 250) CH      + S2      = CS      + HS           1.772E-46
 251) CH      + CS2     = HCS     + CS           2.017E-67
 252) OCS     + CH      = CO      + HCS          2.434E-30
 307) CH      + CH4     = C2H4    + H            1.299E-21
 357) CH      + C2H4    = CH2CCH2 + H            2.312E-51
 358) CH      + C2H4    = CH3C2H  + H            2.312E-51
 367) CH      + C2H2    = C3H2    + H            1.690E-56

CH3O2               PRODUCTION RXS              INT RX RATE    TP =  5.34E+02
 257) CH3     + O2      = CH3O2   +              5.339E+02

CH3O2                  LOSS RXS                INT RX RATE    TL =  5.34E+02
 258) CH3O2   + H       = CH4     + O2           1.374E-06
 259) CH3O2   + H       = H2O     + H2CO         9.818E-07
 260) CH3O2   + O       = H2CO    + HO2          2.448E-01
 261) NO      + CH3O2   = CH3O    + NO2          5.337E+02

CH3O                PRODUCTION RXS              INT RX RATE    TP =  6.41E+02
 261) NO      + CH3O2   = CH3O    + NO2          5.337E+02
 262) HCO     + H2CO    = CH3O    + CO           4.365E-06
 264) CH3     + OH      = CH3O    + H            6.499E-11
 265) CH3     + O3      = CH3O    + O2           1.855E+00
 268) O1D     + CH4     = CH3O    + H            1.053E+02

CH3O                   LOSS RXS                INT RX RATE    TL =  6.41E+02
 263) CH3O    + CO      = CH3     + CO2          8.791E-02
 266) NO      + CH3O    = HNO     + H2CO         5.737E+01
 267) NO2     + CH3O    = H2CO    + HNO2         2.328E+00
 269) CH3O    + O2      = H2CO    + HO2          5.811E+02

CH2CO               PRODUCTION RXS              INT RX RATE    TP =  2.05E-06
 271) CH23    + CO      = CH2CO   +              2.037E-06
 278) CH3CO   + CH3     = CH4     + CH2CO        1.201E-08
 310) C2H3    + O       = CH2CO   + H            6.119E-28
 319) C2H2    + OH      = CH2CO   + H            1.039E-29
 321) C2H2OH  + H       = H2      + CH2CO        1.875E-34
 322) C2H2OH  + O       = OH      + CH2CO        5.870E-31
 323) C2H2OH  + OH      = H2O     + CH2CO        7.778E-34

CH2CO                  LOSS RXS                INT RX RATE    TL =  1.96E-06
 270) CH2CO   + HV      = CH23    + CO           4.578E-07
 272) CH2CO   + H       = CH3     + CO           2.889E-11
 273) CH2CO   + O       = H2CO    + CO           1.502E-06

CH3CO               PRODUCTION RXS              INT RX RATE    TP =  4.81E+00
 274) CH3     + CO      = CH3CO   +              4.809E+00
 329) CH3CHO  + H       = CH3CO   + H2           3.246E-22
 330) CH3CHO  + O       = CH3CO   + OH           2.420E-18
 331) CH3CHO  + OH      = CH3CO   + H2O          3.266E-21
 332) CH3CHO  + CH3     = CH3CO   + CH4          1.360E-29

CH3CO                  LOSS RXS                INT RX RATE    TL =  4.81E+00
 275) CH3CO   + H       = CH4     + CO           3.130E-01
 276) CH3CO   + O       = H2CO    + HCO          4.496E+00
 277) CH3CO   + CH3     = C2H6    + CO           7.544E-09
 278) CH3CO   + CH3     = CH4     + CH2CO        1.201E-08

CH3CHO              PRODUCTION RXS              INT RX RATE    TP =  2.82E-18
 225) C2H5    + O       = CH3CHO  + H            2.816E-18
 227) C2H5    + OH      = CH3CHO  + H2           1.592E-22
 326) C2H4OH  + H       = H2      + CH3CHO       4.624E-28
 327) C2H4OH  + O       = OH      + CH3CHO       4.696E-25
 328) C2H4OH  + OH      = H2O     + CH3CHO       9.098E-28
 351) C3H6    + OH      = CH3CHO  + CH3          2.845E-41

CH3CHO                 LOSS RXS                INT RX RATE    TL =  2.82E-18
 329) CH3CHO  + H       = CH3CO   + H2           3.246E-22
 330) CH3CHO  + O       = CH3CO   + OH           2.420E-18
 331) CH3CHO  + OH      = CH3CO   + H2O          3.266E-21
 332) CH3CHO  + CH3     = CH3CO   + CH4          1.360E-29
 333) CH3CHO  + HV      = CH3     + HCO          1.259E-19
 334) CH3CHO  + HV      = CH4     + CO           1.259E-19

C2H2                PRODUCTION RXS              INT RX RATE    TP =  1.22E-27
 279) CH23    + CH23    = C2H2    + H2           3.632E-32
 285) C2H     + H2      = C2H2    + H            7.362E-36
 286) C2H     + CH4     = C2H2    + CH3          2.016E-37
 287) C2H     + H       = C2H2    +              1.524E-44
 294) C2H4    + HV      = C2H2    + H2           8.893E-28
 295) C2H4    + HV      = C2H2    + H       H    3.289E-28
 297) CH23    + C2H3    = CH3     + C2H2         1.336E-48
 299) C2H3    + H       = C2H2    + H2           1.165E-30
 306) C2H     + C2H6    = C2H2    + C2H5         2.545E-49
 311) C2H3    + OH      = C2H2    + H2O          6.068E-32
 312) C2H3    + CH3     = C2H2    + CH4          1.375E-39
 313) C2H3    + C2H3    = C2H4    + C2H2         1.318E-57
 316) C2H5    + C2H3    = C2H6    + C2H2         9.867E-53
 320) C2H2OH  + H       = H2O     + C2H2         1.155E-30
 344) C2H     + C3H8    = C2H2    + C3H7         5.101E-70
 345) C3H6    + HV      = C2H2    + CH3     H    7.342E-48
 359) CH2CCH2 + H       = CH3     + C2H2         4.053E-44
 364) C3H5    + H       = CH4     + C2H2         3.842E-42
 369) CH3C2H  + H       = CH3     + C2H2         3.239E-42

C2H2                   LOSS RXS                INT RX RATE    TL =  1.22E-27
 280) C2H2    + HV      = C2H     + H            5.591E-31
 281) C2H2    + HV      = C2      + H2           1.864E-31
 282) C2H2    + OH      = CO      + CH3          8.137E-31
 298) C2H2    + H       = C2H3    +              1.537E-30
 309) C2H2    + O       = CH23    + CO           1.204E-27
 318) C2H2    + OH      = C2H2OH  +              1.744E-30
 319) C2H2    + OH      = CH2CO   + H            1.039E-29
 367) CH      + C2H2    = C3H2    + H            1.690E-56
 368) CH23    + C2H2    = CH3C2H  +              2.006E-45
 377) CH23    + C2H2    = CH2CCH2 +              2.006E-45
 391) C2H     + C2H2    = HCAER   + H            7.030E-71

CH23                PRODUCTION RXS              INT RX RATE    TP =  4.92E-05
  69) CH3     + HV      = CH23    + H            4.878E-05
 238) C       + H2      = CH23    +              4.615E-31
 244) CH      + H2      = CH23    + H            6.473E-21
 270) CH2CO   + HV      = CH23    + CO           4.578E-07
 309) C2H2    + O       = CH23    + CO           1.204E-27
 347) C3H6    + HV      = C2H4    + CH23         4.319E-49

CH23                   LOSS RXS                INT RX RATE    TL =  7.81E-05
  61) CH23    + H2      = CH3     + H            3.024E-08
  62) CH23    + CH4     = CH3     + CH3          1.155E-17
  63) CH23    + O2      = HCO     + OH           1.688E-06
  97) CH23    + O       = HCO     + H            1.205E-15
  98) CH23    + CO2     = H2CO    + CO           7.437E-05
 230) CH23    + S2      = HCS     + HS           2.860E-34
 232) CH23    + S       = HCS     + H            4.424E-30
 253) CH23    + O       = CH      + OH           9.644E-16
 254) CH23    + O       = CO      + H       H    1.001E-14
 255) CH23    + H       = CH3     +              1.204E-16
 256) CH23    + H       = CH      + H2           1.210E-16
 271) CH23    + CO      = CH2CO   +              2.037E-06
 279) CH23    + CH23    = C2H2    + H2           3.632E-32
 296) CH23    + CH3     = C2H4    + H            1.762E-23
 297) CH23    + C2H3    = CH3     + C2H2         1.336E-48
 308) CH23    + C2H5    = CH3     + C2H4         4.439E-36
 368) CH23    + C2H2    = CH3C2H  +              2.006E-45
 377) CH23    + C2H2    = CH2CCH2 +              2.006E-45

C2H                 PRODUCTION RXS              INT RX RATE    TP =  5.59E-31
 280) C2H2    + HV      = C2H     + H            5.591E-31
 288) C2      + H2      = C2H     + H            1.960E-34
 289) C2      + CH4     = C2H     + CH3          1.095E-35
 348) C3H6    + HV      = C2H     + CH4     H    1.080E-48
 381) CH3C2H  + HV      = CH3     + C2H          8.937E-43

C2H                    LOSS RXS                INT RX RATE    TL =  5.59E-31
 283) C2H     + O2      = CO      + HCO          5.593E-31
 284) C2H     + O       = CO      + CH           6.669E-40
 285) C2H     + H2      = C2H2    + H            7.362E-36
 286) C2H     + CH4     = C2H2    + CH3          2.016E-37
 287) C2H     + H       = C2H2    +              1.524E-44
 306) C2H     + C2H6    = C2H2    + C2H5         2.545E-49
 344) C2H     + C3H8    = C2H2    + C3H7         5.101E-70
 391) C2H     + C2H2    = HCAER   + H            7.030E-71
 392) C2H     + CH2CCH2 = HCAER2  + H            1.078E-82

C2                  PRODUCTION RXS              INT RX RATE    TP =  1.86E-31
 281) C2H2    + HV      = C2      + H2           1.864E-31

C2                     LOSS RXS                INT RX RATE    TL =  1.86E-31
 288) C2      + H2      = C2H     + H            1.960E-34
 289) C2      + CH4     = C2H     + CH3          1.095E-35
 290) C2      + S       = C       + CS           1.300E-54
 291) C2      + S2      = CS      + CS           1.220E-63
 292) C2      + O       = C       + CO           1.317E-38
 293) C2      + O2      = CO      + CO           1.862E-31

C2H3                PRODUCTION RXS              INT RX RATE    TP =  1.54E-30
 298) C2H2    + H       = C2H3    +              1.537E-30

C2H3                   LOSS RXS                INT RX RATE    TL =  3.88E-25
 297) CH23    + C2H3    = CH3     + C2H2         1.336E-48
 299) C2H3    + H       = C2H2    + H2           1.165E-30
 300) C2H3    + H2      = C2H4    + H            3.876E-25
 301) C2H3    + CH4     = C2H4    + CH3          2.302E-30
 302) C2H3    + C2H6    = C2H4    + C2H5         1.977E-46
 310) C2H3    + O       = CH2CO   + H            6.119E-28
 311) C2H3    + OH      = C2H2    + H2O          6.068E-32
 312) C2H3    + CH3     = C2H2    + CH4          1.375E-39
 313) C2H3    + C2H3    = C2H4    + C2H2         1.318E-57
 314) C2H3    + C2H5    = C2H4    + C2H4         4.933E-53
 316) C2H5    + C2H3    = C2H6    + C2H2         9.867E-53
 350) C2H3    + CH3     = C3H6    +              4.852E-39
 361) CH3     + C2H3    = C3H5    + H            9.704E-42
 362) C2H3    + C2H5    = CH3     + C3H5         1.743E-55

HCS                 PRODUCTION RXS              INT RX RATE    TP =  6.86E-30
 216) H       + CS      = HCS     +              3.017E-38
 230) CH23    + S2      = HCS     + HS           2.860E-34
 232) CH23    + S       = HCS     + H            4.424E-30
 251) CH      + CS2     = HCS     + CS           2.017E-67
 252) OCS     + CH      = CO      + HCS          2.434E-30

HCS                    LOSS RXS                INT RX RATE    TL =  7.82E-30
 217) H       + HCS     = H2      + CS           7.809E-30
 218) S       + HCS     = H       + CS2          9.033E-43
 219) S       + HCS     = HS      + CS           9.033E-43
 231) CH3     + HCS     = CH4     + CS           5.538E-38
 233) HS      + HCS     = H2S     + CS           1.010E-32

CS2                 PRODUCTION RXS              INT RX RATE    TP =  5.73E-38
 205) CS2X    + M       = CS2     + M            1.820E-38
 208) CS      + HS      = CS2     + H            3.912E-38
 218) S       + HCS     = H       + CS2          9.033E-43

CS2                    LOSS RXS                INT RX RATE    TL =  5.73E-38
 202) CS2     + O       = SO      + CS           3.485E-38
 203) CS2     + O       = OCS     + S            3.267E-39
 204) CS2     + OH      = OCS     + HS           1.988E-44
 207) CS2X    + CS2     = CS      + CS      S2   3.320E-95
 209) CS2     + O       = CO      + S2           9.979E-40
 210) CS2     + SO      = OCS     + S2           7.145E-46
 211) CS2     + S       = CS      + S2           7.781E-56
 213) CS2     + HV      = CS      + S            2.014E-42
 214) CS2     + HV      = CS2X    +              1.820E-38
 251) CH      + CS2     = HCS     + CS           2.017E-67

CS                  PRODUCTION RXS              INT RX RATE    TP =  7.82E-30
 202) CS2     + O       = SO      + CS           3.485E-38
 206) CS2X    + O2      = CS      + SO2          1.628E-44
 207) CS2X    + CS2     = CS      + CS      S2   3.320E-95
 211) CS2     + S       = CS      + S2           7.781E-56
 213) CS2     + HV      = CS      + S            2.014E-42
 217) H       + HCS     = H2      + CS           7.809E-30
 219) S       + HCS     = HS      + CS           9.033E-43
 231) CH3     + HCS     = CH4     + CS           5.538E-38
 233) HS      + HCS     = H2S     + CS           1.010E-32
 240) C       + HS      = CS      + H            1.161E-44
 241) C       + S2      = CS      + S            4.860E-59
 249) CH      + S       = CS      + H            2.527E-41
 250) CH      + S2      = CS      + HS           1.772E-46
 251) CH      + CS2     = HCS     + CS           2.017E-67
 290) C2      + S       = C       + CS           1.300E-54
 291) C2      + S2      = CS      + CS           1.220E-63

CS                     LOSS RXS                INT RX RATE    TL =  7.82E-30
 197) CS      + O2      = OCS     + O            1.576E-30
 198) CS      + O2      = CO      + SO           1.970E-31
 199) CS      + O3      = OCS     + O2           2.013E-30
 200) CS      + O3      = SO      + CO2          2.013E-30
 201) CS      + O3      = CO      + SO2          2.013E-30
 208) CS      + HS      = CS2     + H            3.912E-38
 212) CS      + O       = CO      + S            4.474E-33
 216) H       + CS      = HCS     +              3.017E-38

OCS                 PRODUCTION RXS              INT RX RATE    TP =  2.76E-03
 183) HS      + CO      = OCS     + H            2.055E-03
 188) S       + HCO     = OCS     + H            8.818E-13
 189) S       + CO      = OCS     +              7.054E-04
 193) OCS2    + S       = OCS     + S2           4.808E-43
 196) OCS2    + CO      = OCS     + OCS          7.040E-17
 197) CS      + O2      = OCS     + O            1.576E-30
 199) CS      + O3      = OCS     + O2           2.013E-30
 203) CS2     + O       = OCS     + S            3.267E-39
 204) CS2     + OH      = OCS     + HS           1.988E-44
 210) CS2     + SO      = OCS     + S2           7.145E-46

OCS                    LOSS RXS                INT RX RATE    TL =  2.76E-03
 182) H       + OCS     = CO      + HS           3.238E-06
 184) O       + OCS     = CO      + SO           2.580E-03
 185) O       + OCS     = S       + CO2          4.665E-09
 186) OCS     + S       = CO      + S2           1.836E-17
 187) OCS     + OH      = CO2     + HS           5.285E-08
 190) OCS     + HV      = CO      + S            1.670E-04
 192) OCS     + S       = OCS2    +              7.040E-17
 252) OCS     + CH      = CO      + HCS          2.434E-30

S                   PRODUCTION RXS              INT RX RATE    TP =  2.41E-01
 110) SO      + HV      = S       + O            2.363E-01
 132) HS      + HS      = H2S     + S            4.241E-05
 134) HS      + H       = H2      + S            4.855E-03
 142) S2      + O       = S       + SO           7.940E-16
 144) S2      + HV      = S       + S            9.347E-21
 150) S3      + HV      = S2      + S            4.734E-31
 167) SO      + SO      = SO2     + S            1.104E-06
 185) O       + OCS     = S       + CO2          4.665E-09
 190) OCS     + HV      = CO      + S            1.670E-04
 203) CS2     + O       = OCS     + S            3.267E-39
 212) CS      + O       = CO      + S            4.474E-33
 213) CS2     + HV      = CS      + S            2.014E-42
 241) C       + S2      = CS      + S            4.860E-59

S                      LOSS RXS                INT RX RATE    TL =  2.41E-01
 135) HS      + S       = H       + S2           7.757E-16
 136) S       + O2      = SO      + O            2.293E-01
 137) S       + OH      = SO      + H            1.602E-14
 138) S       + HCO     = HS      + CO           1.102E-13
 139) S       + HO2     = HS      + O2           3.683E-10
 140) S       + HO2     = SO      + OH           3.683E-10
 141) S       + S       = S2      +              2.815E-28
 145) S       + S2      = S3      +              4.734E-31
 147) S       + S3      = S4      +              7.286E-44
 166) S       + O3      = SO      + O2           1.130E-02
 169) S       + CO2     = SO      + CO           4.167E-07
 180) HSO     + S       = HS      + SO           4.046E-10
 186) OCS     + S       = CO      + S2           1.836E-17
 188) S       + HCO     = OCS     + H            8.818E-13
 189) S       + CO      = OCS     +              7.054E-04
 192) OCS     + S       = OCS2    +              7.040E-17
 193) OCS2    + S       = OCS     + S2           4.808E-43
 211) CS2     + S       = CS      + S2           7.781E-56
 218) S       + HCS     = H       + CS2          9.033E-43
 219) S       + HCS     = HS      + CS           9.033E-43
 232) CH23    + S       = HCS     + H            4.424E-30
 249) CH      + S       = CS      + H            2.527E-41
 290) C2      + S       = C       + CS           1.300E-54

HS                  PRODUCTION RXS              INT RX RATE    TP =  1.21E+07
 111) H2S     + HV      = HS      + H            4.572E+06
 126) H2S     + OH      = H2O     + HS           6.594E+05
 127) H2S     + H       = H2      + HS           1.734E+06
 128) H2S     + O       = OH      + HS           5.140E+06
 138) S       + HCO     = HS      + CO           1.102E-13
 139) S       + HO2     = HS      + O2           3.683E-10
 173) HSO     + HV      = HS      + O            1.172E+03
 176) HSO     + H       = HS      + OH           2.503E+02
 180) HSO     + S       = HS      + SO           4.046E-10
 182) H       + OCS     = CO      + HS           3.238E-06
 187) OCS     + OH      = CO2     + HS           5.285E-08
 204) CS2     + OH      = OCS     + HS           1.988E-44
 219) S       + HCS     = HS      + CS           9.033E-43
 230) CH23    + S2      = HCS     + HS           2.860E-34
 250) CH      + S2      = CS      + HS           1.772E-46

HS                     LOSS RXS                INT RX RATE    TL =  1.21E+07
 129) HS      + O       = H       + SO           1.898E+01
 130) HS      + O2      = OH      + SO           5.208E+02
 131) HS      + HO2     = H2S     + O2           4.032E+00
 132) HS      + HS      = H2S     + S            4.241E-05
 133) HS      + HCO     = H2S     + CO           7.191E-03
 134) HS      + H       = H2      + S            4.855E-03
 135) HS      + S       = H       + S2           7.757E-16
 143) HS      + H2CO    = H2S     + HCO          1.701E-03
 164) HS      + O3      = HSO     + O2           5.760E+06
 165) HS      + NO2     = HSO     + NO           6.347E+06
 178) HSO     + HS      = H2S     + SO           6.032E+00
 183) HS      + CO      = OCS     + H            2.055E-03
 208) CS      + HS      = CS2     + H            3.912E-38
 215) CH4     + HS      = CH3     + H2S          8.324E-15
 233) HS      + HCS     = H2S     + CS           1.010E-32
 240) C       + HS      = CS      + H            1.161E-44

H2S                 PRODUCTION RXS              INT RX RATE    TP =  1.01E+01
 131) HS      + HO2     = H2S     + O2           4.032E+00
 132) HS      + HS      = H2S     + S            4.241E-05
 133) HS      + HCO     = H2S     + CO           7.191E-03
 143) HS      + H2CO    = H2S     + HCO          1.701E-03
 178) HSO     + HS      = H2S     + SO           6.032E+00
 215) CH4     + HS      = CH3     + H2S          8.324E-15
 233) HS      + HCS     = H2S     + CS           1.010E-32

H2S                    LOSS RXS                INT RX RATE    TL =  5.35E+07
 111) H2S     + HV      = HS      + H            4.572E+06
 126) H2S     + OH      = H2O     + HS           6.594E+05
 127) H2S     + H       = H2      + HS           1.734E+06
 128) H2S     + O       = OH      + HS           5.140E+06
 191) H2S     + HO2     = H2O     + HSO          4.122E+07

SO3                 PRODUCTION RXS              INT RX RATE    TP =  7.08E+07
 120) SO2     + O       = SO3     +              7.067E+07
 122) HSO3    + O2      = HO2     + SO3          1.152E+05
 123) HSO3    + OH      = H2O     + SO3          6.657E-08
 124) HSO3    + H       = H2      + SO3          3.273E-06
 125) HSO3    + O       = OH      + SO3          3.284E-04
 156) SO21    + O2      = SO3     + O            3.912E+03
 157) SO21    + SO2     = SO3     + SO           1.015E+02
 160) SO23    + SO2     = SO3     + SO           1.659E+01
 163) SO2     + HO2     = SO3     + OH           1.465E+04

SO3                    LOSS RXS                INT RX RATE    TL =  7.08E+07
 121) SO3     + H2O     = H2SO4   +              7.081E+07
 151) SO3     + HV      = SO2     + O            2.011E+02
 168) SO3     + SO      = SO2     + SO2          4.829E-03

S2                  PRODUCTION RXS              INT RX RATE    TP =  7.94E-16
 135) HS      + S       = H       + S2           7.757E-16
 141) S       + S       = S2      +              2.815E-28
 149) S4      + HV      = S2      + S2           1.359-100
 150) S3      + HV      = S2      + S            4.734E-31
 186) OCS     + S       = CO      + S2           1.836E-17
 193) OCS2    + S       = OCS     + S2           4.808E-43
 207) CS2X    + CS2     = CS      + CS      S2   3.320E-95
 209) CS2     + O       = CO      + S2           9.979E-40
 210) CS2     + SO      = OCS     + S2           7.145E-46
 211) CS2     + S       = CS      + S2           7.781E-56

S2                     LOSS RXS                INT RX RATE    TL =  7.94E-16
 142) S2      + O       = S       + SO           7.940E-16
 144) S2      + HV      = S       + S            9.347E-21
 145) S       + S2      = S3      +              4.734E-31
 146) S2      + S2      = S4      +              6.653E-34
 230) CH23    + S2      = HCS     + HS           2.860E-34
 241) C       + S2      = CS      + S            4.860E-59
 250) CH      + S2      = CS      + HS           1.772E-46
 291) C2      + S2      = CS      + CS           1.220E-63

HSO                 PRODUCTION RXS              INT RX RATE    TP =  5.33E+07
 164) HS      + O3      = HSO     + O2           5.760E+06
 165) HS      + NO2     = HSO     + NO           6.347E+06
 170) SO      + HO2     = HSO     + O2           8.477E+02
 171) SO      + HCO     = HSO     + CO           2.089E-02
 172) H       + SO      = HSO     +              6.457E-03
 191) H2S     + HO2     = H2O     + HSO          4.122E+07

HSO                    LOSS RXS                INT RX RATE    TL =  5.33E+07
 173) HSO     + HV      = HS      + O            1.172E+03
 174) HSO     + NO      = HNO     + SO           1.542E+07
 175) HSO     + OH      = H2O     + SO           8.287E+01
 176) HSO     + H       = HS      + OH           2.503E+02
 177) HSO     + H       = H2      + SO           1.251E+02
 178) HSO     + HS      = H2S     + SO           6.032E+00
 179) HSO     + O       = OH      + SO           3.790E+07
 180) HSO     + S       = HS      + SO           4.046E-10

H2SO4               PRODUCTION RXS              INT RX RATE    TP =  1.26E+08
 121) SO3     + H2O     = H2SO4   +              7.081E+07

H2SO4                  LOSS RXS                INT RX RATE    TL =  1.26E+08

SO2                 PRODUCTION RXS              INT RX RATE    TP =  3.53E+08
 115) SO      + O2      = O       + SO2          3.904E+05
 116) SO      + HO2     = SO2     + OH           8.477E+02
 117) SO      + O       = SO2     +              6.471E+02
 118) SO      + OH      = SO2     + H            1.086E-02
 151) SO3     + HV      = SO2     + O            2.011E+02
 153) SO21    + HV      = SO2     +              9.432E-08
 155) SO21    + HV      = SO2     + HV           2.075E+08
 158) SO23    + HV      = SO2     +              1.154E-08
 159) SO23    + HV      = SO2     + HV           8.693E+07
 161) SO      + NO2     = SO2     + NO           5.534E+07
 162) SO      + O3      = SO2     + O2           2.482E+06
 167) SO      + SO      = SO2     + S            1.104E-06
 168) SO3     + SO      = SO2     + SO2          4.829E-03
 201) CS      + O3      = CO      + SO2          2.013E-30
 206) CS2X    + O2      = CS      + SO2          1.628E-44

SO2                    LOSS RXS                INT RX RATE    TL =  1.78E+09
 112) SO2     + HV      = SO      + O            4.901E+06
 113) SO2     + HV      = SO21    +              2.217E+08
 114) SO2     + HV      = SO23    +              7.278E+07
 119) SO2     + OH      = HSO3    +              1.152E+05
 120) SO2     + O       = SO3     +              7.067E+07
 157) SO21    + SO2     = SO3     + SO           1.015E+02
 160) SO23    + SO2     = SO3     + SO           1.659E+01
 163) SO2     + HO2     = SO3     + OH           1.465E+04

SO                  PRODUCTION RXS              INT RX RATE    TP =  5.82E+07
 112) SO2     + HV      = SO      + O            4.901E+06
 129) HS      + O       = H       + SO           1.898E+01
 130) HS      + O2      = OH      + SO           5.208E+02
 136) S       + O2      = SO      + O            2.293E-01
 137) S       + OH      = SO      + H            1.602E-14
 140) S       + HO2     = SO      + OH           3.683E-10
 142) S2      + O       = S       + SO           7.940E-16
 157) SO21    + SO2     = SO3     + SO           1.015E+02
 160) SO23    + SO2     = SO3     + SO           1.659E+01
 166) S       + O3      = SO      + O2           1.130E-02
 169) S       + CO2     = SO      + CO           4.167E-07
 174) HSO     + NO      = HNO     + SO           1.542E+07
 175) HSO     + OH      = H2O     + SO           8.287E+01
 177) HSO     + H       = H2      + SO           1.251E+02
 178) HSO     + HS      = H2S     + SO           6.032E+00
 179) HSO     + O       = OH      + SO           3.790E+07
 180) HSO     + S       = HS      + SO           4.046E-10
 184) O       + OCS     = CO      + SO           2.580E-03
 198) CS      + O2      = CO      + SO           1.970E-31
 200) CS      + O3      = SO      + CO2          2.013E-30
 202) CS2     + O       = SO      + CS           3.485E-38

SO                     LOSS RXS                INT RX RATE    TL =  5.82E+07
 110) SO      + HV      = S       + O            2.363E-01
 115) SO      + O2      = O       + SO2          3.904E+05
 116) SO      + HO2     = SO2     + OH           8.477E+02
 117) SO      + O       = SO2     +              6.471E+02
 118) SO      + OH      = SO2     + H            1.086E-02
 161) SO      + NO2     = SO2     + NO           5.534E+07
 162) SO      + O3      = SO2     + O2           2.482E+06
 167) SO      + SO      = SO2     + S            1.104E-06
 168) SO3     + SO      = SO2     + SO2          4.829E-03
 170) SO      + HO2     = HSO     + O2           8.477E+02
 171) SO      + HCO     = HSO     + CO           2.089E-02
 172) H       + SO      = HSO     +              6.457E-03
 210) CS2     + SO      = OCS     + S2           7.145E-46

CO2                 PRODUCTION RXS              INT RX RATE    TP =  1.20E+13
  31) CO      + OH      = CO2     + H            5.589E+11
  32) CO      + O       = CO2     +              1.145E+13
  37) O       + HCO     = H       + CO2          4.946E+01
 185) O       + OCS     = S       + CO2          4.665E-09
 187) OCS     + OH      = CO2     + HS           5.285E-08
 200) CS      + O3      = SO      + CO2          2.013E-30
 263) CH3O    + CO      = CH3     + CO2          8.791E-02

CO2                    LOSS RXS                INT RX RATE    TL =  9.24E+08
  29) CO2     + HV      = CO      + O            9.239E+08
  98) CH23    + CO2     = H2CO    + CO           7.437E-05
 169) S       + CO2     = SO      + CO           4.167E-07
 247) CH      + CO2     = HCO     + CO           8.824E-16
 394) H4      + CO2     = H4CO2   +              1.791E-75

SO4AER              PRODUCTION RXS              INT RX RATE    TP =  7.08E+07

SO4AER                 LOSS RXS                INT RX RATE    TL =  7.05E+07

S8AER               PRODUCTION RXS              INT RX RATE    TP =  8.52-203
 148) S4      + S4      = S8AER   +              8.523-203

S8AER                  LOSS RXS                INT RX RATE    TL =  2.36E-19

HCAER               PRODUCTION RXS              INT RX RATE    TP =  7.03E-71
 391) C2H     + C2H2    = HCAER   + H            7.030E-71

HCAER                  LOSS RXS                INT RX RATE    TL =  2.36E-19

HCAER2              PRODUCTION RXS              INT RX RATE    TP =  1.08E-82
 392) C2H     + CH2CCH2 = HCAER2  + H            1.078E-82

HCAER2                 LOSS RXS                INT RX RATE    TL =  2.36E-19

HNO2                PRODUCTION RXS              INT RX RATE    TP =  0.00E+00
  83) NO      + OH      = HNO2    +              1.995E+07
 109) HO2     + NO2     = HNO2    + O2           4.623E+08
 267) NO2     + CH3O    = H2CO    + HNO2         2.328E+00

HNO2                   LOSS RXS                INT RX RATE    TL =  0.00E+00
  51) HNO2    + HV      = NO      + OH           4.822E+08
  92) HNO2    + OH      = H2O     + NO2          1.105E+00

H4                  PRODUCTION RXS              INT RX RATE    TP =  0.00E+00
 393) H2      + H2      = H4      +              3.583E-75

H4                     LOSS RXS                INT RX RATE    TL =  0.00E+00
 394) H4      + CO2     = H4CO2   +              1.791E-75
 395) H4      + H4CO2   = CH4     + H2O     H2O  1.791E-75

H4CO2               PRODUCTION RXS              INT RX RATE    TP =  0.00E+00
 394) H4      + CO2     = H4CO2   +              1.791E-75

H4CO2                  LOSS RXS                INT RX RATE    TL =  0.00E+00
 395) H4      + H4CO2   = CH4     + H2O     H2O  1.791E-75

O1D                 PRODUCTION RXS              INT RX RATE    TP =  0.00E+00
  26) O3      + HV      = O2      + O1D          2.670E+11

O1D                    LOSS RXS                INT RX RATE    TL =  0.00E+00
   1) H2O     + O1D     = OH      + OH           6.767E+03
   2) H2      + O1D     = OH      + H            1.416E+06
  21) O1D     + M       = O       + M            2.638E+11
  22) O1D     + O2      = O       + O2           3.940E+07
  56) CH4     + O1D     = CH3     + OH           3.949E+02
  57) CH4     + O1D     = H2CO    + H2           2.633E+01
 101) C2H6    + O1D     = C2H5    + OH           1.303E-10
 105) CO      + O1D     = CO      + O            3.148E+09
 268) O1D     + CH4     = CH3O    + H            1.053E+02
 338) C3H8    + O1D     = C3H7    + OH           1.516E-31

CH21                PRODUCTION RXS              INT RX RATE    TP =  0.00E+00

CH21                   LOSS RXS                INT RX RATE    TL =  0.00E+00

C                   PRODUCTION RXS              INT RX RATE    TP =  0.00E+00
 242) CH      + H       = C       + H2           7.114E-31
 248) CH      + HV      = C       + H            5.985E-32
 290) C2      + S       = C       + CS           1.300E-54
 292) C2      + O       = C       + CO           1.317E-38

C                      LOSS RXS                INT RX RATE    TL =  0.00E+00
 237) C       + OH      = CO      + H            1.998E-44
 238) C       + H2      = CH23    +              4.615E-31
 239) C       + O2      = CO      + O            3.097E-31
 240) C       + HS      = CS      + H            1.161E-44
 241) C       + S2      = CS      + S            4.860E-59

SO21                PRODUCTION RXS              INT RX RATE    TP =  0.00E+00
 113) SO2     + HV      = SO21    +              2.217E+08

SO21                   LOSS RXS                INT RX RATE    TL =  0.00E+00
 152) SO21    + HV      = SO23    +              9.432E-09
 153) SO21    + HV      = SO2     +              9.432E-08
 154) SO21    + HV      = SO23    + HV           1.415E+07
 155) SO21    + HV      = SO2     + HV           2.075E+08
 156) SO21    + O2      = SO3     + O            3.912E+03
 157) SO21    + SO2     = SO3     + SO           1.015E+02

SO23                PRODUCTION RXS              INT RX RATE    TP =  0.00E+00
 114) SO2     + HV      = SO23    +              7.278E+07
 152) SO21    + HV      = SO23    +              9.432E-09
 154) SO21    + HV      = SO23    + HV           1.415E+07

SO23                   LOSS RXS                INT RX RATE    TL =  0.00E+00
 158) SO23    + HV      = SO2     +              1.154E-08
 159) SO23    + HV      = SO2     + HV           8.693E+07
 160) SO23    + SO2     = SO3     + SO           1.659E+01

HSO3                PRODUCTION RXS              INT RX RATE    TP =  0.00E+00
 119) SO2     + OH      = HSO3    +              1.152E+05

HSO3                   LOSS RXS                INT RX RATE    TL =  0.00E+00
 122) HSO3    + O2      = HO2     + SO3          1.152E+05
 123) HSO3    + OH      = H2O     + SO3          6.657E-08
 124) HSO3    + H       = H2      + SO3          3.273E-06
 125) HSO3    + O       = OH      + SO3          3.284E-04

OCS2                PRODUCTION RXS              INT RX RATE    TP =  0.00E+00
 192) OCS     + S       = OCS2    +              7.040E-17

OCS2                   LOSS RXS                INT RX RATE    TL =  0.00E+00
 193) OCS2    + S       = OCS     + S2           4.808E-43
 196) OCS2    + CO      = OCS     + OCS          7.040E-17

CS2X                PRODUCTION RXS              INT RX RATE    TP =  0.00E+00
 214) CS2     + HV      = CS2X    +              1.820E-38

CS2X                   LOSS RXS                INT RX RATE    TL =  0.00E+00
 205) CS2X    + M       = CS2     + M            1.820E-38
 206) CS2X    + O2      = CS      + SO2          1.628E-44
 207) CS2X    + CS2     = CS      + CS      S2   3.320E-95

S3                  PRODUCTION RXS              INT RX RATE    TP =  0.00E+00
 145) S       + S2      = S3      +              4.734E-31

S3                     LOSS RXS                INT RX RATE    TL =  0.00E+00
 147) S       + S3      = S4      +              7.286E-44
 150) S3      + HV      = S2      + S            4.734E-31

S4                  PRODUCTION RXS              INT RX RATE    TP =  0.00E+00
 146) S2      + S2      = S4      +              6.653E-34
 147) S       + S3      = S4      +              7.286E-44

S4                     LOSS RXS                INT RX RATE    TL =  0.00E+00
 148) S4      + S4      = S8AER   +              8.523-203
 149) S4      + HV      = S2      + S2           1.359-100

N2                  PRODUCTION RXS              INT RX RATE    TP =  0.00E+00
  75) N       + N       = N2      +              4.457E+01
  79) N       + NO      = N2      + O            9.113E+07

N2                     LOSS RXS                INT RX RATE    TL =  0.00E+00
