
O                   PRODUCTION RXS              INT RX RATE    TP =  3.00E+11
   8) H       + HO2     = H2O     + O            2.190E+09
  20) OH      + OH      = H2O     + O            9.333E+06
  21) O1D     + M       = O       + M            2.028E+11
  22) O1D     + O2      = O       + O2           2.143E+07
  23) O2      + HV      = O       + O1D          9.490E+09
  24) O2      + HV      = O       + O            9.963E+08
  27) O3      + HV      = O2      + O            1.929E+10
  29) CO2     + HV      = CO      + O            3.431E+10
  50) HO2     + HV      = OH      + O            7.046E+07
  53) NO      + HV      = N       + O            5.915E+06
  54) NO2     + HV      = NO      + O            2.872E+10
  76) N       + O2      = NO      + O            9.300E+03
  79) N       + NO      = N2      + O            5.014E+07
 105) CO      + O1D     = CO      + O            3.536E+08
 107) HNO3    + OH      = H2O     + NO2     O    4.139E+06
 110) SO      + HV      = S       + O            1.212E+05
 112) SO2     + HV      = SO      + O            4.634E+08
 115) SO      + O2      = O       + SO2          3.119E+06
 136) S       + O2      = SO      + O            4.119E+05
 151) SO3     + HV      = SO2     + O            2.530E+01
 156) SO21    + O2      = SO3     + O            1.857E+01
 173) HSO     + HV      = HS      + O            1.992E+06
 197) CS      + O2      = OCS     + O            2.780E-18
 239) C       + O2      = CO      + O            9.935E-03

O                      LOSS RXS                INT RX RATE    TL =  3.10E+11
   3) H2      + O       = OH      + H            1.949E+08
  10) OH      + O       = H       + O2           1.211E+11
  13) HO2     + O       = OH      + O2           8.841E+10
  17) O       + O       = O2      +              2.135E+10
  18) O       + O2      = O3      +              3.568E+10
  19) O       + O3      = O2      + O2           5.169E+06
  32) CO      + O       = CO2     +              1.261E+09
  37) O       + HCO     = H       + CO2          6.366E+06
  38) O       + HCO     = OH      + CO           6.366E+06
  48) H2CO    + O       = HCO     + OH           2.503E+02
  49) H2O2    + O       = OH      + HO2          1.195E+07
  65) CH3     + O       = H2CO    + H            4.400E+01
  81) NO      + O       = NO2     +              6.918E+09
  84) NO2     + O       = NO      + O2           1.263E+10
  90) O       + HNO     = OH      + NO           3.373E+06
  93) CH4     + O       = CH3     + OH           9.738E+01
  97) CH23    + O       = HCO     + H            3.667E+00
 100) C2H6    + O       = C2H5    + OH           3.231E-07
 117) SO      + O       = SO2     +              6.412E+06
 120) SO2     + O       = SO3     +              1.960E+08
 125) HSO3    + O       = OH      + SO3          1.367E+05
 128) H2S     + O       = OH      + HS           1.869E+07
 129) HS      + O       = H       + SO           4.492E+06
 142) S2      + O       = S       + SO           1.989E-02
 179) HSO     + O       = OH      + SO           4.237E+08
 184) O       + OCS     = CO      + SO           2.158E+01
 185) O       + OCS     = S       + CO2          3.464E-04
 202) CS2     + O       = SO      + CS           6.206E-21
 203) CS2     + O       = OCS     + S            5.818E-22
 209) CS2     + O       = CO      + S2           4.000E-22
 212) CS      + O       = CO      + S            2.827E-11
 223) C2H5    + O       = CH3     + HCO     H    7.480E-10
 224) C2H5    + O       = H2CO    + CH3          6.657E-10
 225) C2H5    + O       = CH3CHO  + H            3.316E-09
 243) CH      + O       = CO      + H            2.398E+00
 253) CH23    + O       = CH      + OH           2.933E+00
 254) CH23    + O       = CO      + H       H    3.043E+01
 260) CH3O2   + O       = H2CO    + HO2          1.131E+01
 273) CH2CO   + O       = H2CO    + CO           4.659E-04
 276) CH3CO   + O       = H2CO    + HCO          8.190E-02
 284) C2H     + O       = CO      + CH           2.294E-11
 292) C2      + O       = C       + CO           8.312E-12
 304) C2H4    + O       = HCO     + CH3          1.429E-08
 309) C2H2    + O       = CH23    + CO           4.812E-09
 310) C2H3    + O       = CH2CO   + H            3.170E-12
 322) C2H2OH  + O       = OH      + CH2CO        2.057E-19
 327) C2H4OH  + O       = OH      + CH3CHO       5.211E-15
 330) CH3CHO  + O       = CH3CO   + OH           2.439E-09
 337) C3H8    + O       = C3H7    + OH           1.213E-19
 352) C3H6    + O       = CH3     + CH3     CO   7.008E-19
 356) C3H7    + O       = C2H5CHO + H            4.096E-19

O2                  PRODUCTION RXS              INT RX RATE    TP =  2.94E+11
   5) H       + O3      = OH      + O2           8.482E+09
   7) H       + HO2     = H2      + O2           9.856E+09
  10) OH      + O       = H       + O2           1.211E+11
  11) OH      + HO2     = H2O     + O2           8.339E+08
  12) OH      + O3      = HO2     + O2           1.040E+06
  13) HO2     + O       = OH      + O2           8.841E+10
  14) HO2     + O3      = OH      + O2      O2   1.837E+07
  15) HO2     + HO2     = H2O2    + O2           3.809E+09
  17) O       + O       = O2      +              2.135E+10
  19) O       + O3      = O2      + O2           5.169E+06
  22) O1D     + O2      = O       + O2           2.143E+07
  26) O3      + HV      = O2      + O1D          7.037E+09
  27) O3      + HV      = O2      + O            1.929E+10
  77) N       + O3      = NO      + O2           3.105E+02
  80) NO      + O3      = NO2     + O2           8.031E+08
  84) NO2     + O       = NO      + O2           1.263E+10
 109) HO2     + NO2     = HNO2    + O2           2.628E+06
 131) HS      + HO2     = H2S     + O2           3.030E+06
 139) S       + HO2     = HS      + O2           2.047E+01
 162) SO      + O3      = SO2     + O2           3.733E+06
 164) HS      + O3      = HSO     + O2           1.426E+07
 166) S       + O3      = SO      + O2           7.625E+02
 170) SO      + HO2     = HSO     + O2           1.203E+08
 199) CS      + O3      = OCS     + O2           1.246E-17
 258) CH3O2   + H       = CH4     + O2           2.390E+00
 265) CH3     + O3      = CH3O    + O2           2.984E+00

O2                     LOSS RXS                INT RX RATE    TL =  2.93E+11
   6) H       + O2      = HO2     +              2.449E+11
  18) O       + O2      = O3      +              3.568E+10
  22) O1D     + O2      = O       + O2           2.143E+07
  23) O2      + HV      = O       + O1D          9.490E+09
  24) O2      + HV      = O       + O            9.963E+08
  44) HCO     + O2      = HO2     + CO           1.132E+09
  59) CH21    + O2      = HCO     + OH           5.222E-03
  63) CH23    + O2      = HCO     + OH           5.090E-02
  64) CH3     + O2      = H2CO    + OH           1.177E+03
  76) N       + O2      = NO      + O            9.300E+03
 104) C2H5    + O2      = CH3     + HCO     OH   8.433E-06
 115) SO      + O2      = O       + SO2          3.119E+06
 122) HSO3    + O2      = HO2     + SO3          2.930E+08
 130) HS      + O2      = OH      + SO           4.440E+03
 136) S       + O2      = SO      + O            4.119E+05
 156) SO21    + O2      = SO3     + O            1.857E+01
 197) CS      + O2      = OCS     + O            2.780E-18
 198) CS      + O2      = CO      + SO           3.475E-19
 206) CS2X    + O2      = CS      + SO2          4.488E-29
 239) C       + O2      = CO      + O            9.935E-03
 246) CH      + O2      = CO      + OH           2.753E-01
 257) CH3     + O2      = CH3O2   +              6.579E+02
 269) CH3O    + O2      = H2CO    + HO2          1.955E+02
 283) C2H     + O2      = CO      + HCO          2.031E-12
 293) C2      + O2      = CO      + CO           1.327E-14

H2O                 PRODUCTION RXS              INT RX RATE    TP =  3.89E+09
   4) H2      + OH      = H2O     + H            6.143E+09
   8) H       + HO2     = H2O     + O            2.190E+09
  11) OH      + HO2     = H2O     + O2           8.339E+08
  16) H2O2    + OH      = HO2     + H2O          5.079E+08
  20) OH      + OH      = H2O     + O            9.333E+06
  36) OH      + HCO     = H2O     + CO           1.784E+04
  45) H2CO    + OH      = H2O     + HCO          4.744E+02
  46) H       + OH      = H2O     +              2.230E+07
  55) CH4     + OH      = CH3     + H2O          1.749E+03
  91) OH      + HNO     = H2O     + NO           7.456E+04
  92) HNO2    + OH      = H2O     + NO2          1.479E+04
  99) C2H6    + OH      = C2H5    + H2O          8.138E-06
 107) HNO3    + OH      = H2O     + NO2     O    4.139E+06
 123) HSO3    + OH      = H2O     + SO3          2.206E+03
 126) H2S     + OH      = H2O     + HS           1.674E+08
 175) HSO     + OH      = H2O     + SO           6.764E+06
 191) H2S     + HO2     = H2O     + HSO          2.897E+07
 228) C2H5    + OH      = C2H4    + H2O          1.372E-11
 259) CH3O2   + H       = H2O     + H2CO         1.707E+00
 311) C2H3    + OH      = C2H2    + H2O          4.745E-17
 320) C2H2OH  + H       = H2O     + C2H2         4.582E-15
 323) C2H2OH  + OH      = H2O     + CH2CO        1.038E-19
 325) C2H4OH  + H       = H2O     + C2H4         4.175E-12
 328) C2H4OH  + OH      = H2O     + CH3CHO       2.210E-15
 331) CH3CHO  + OH      = CH3CO   + H2O          6.377E-10
 336) C3H8    + OH      = C3H7    + H2O          3.196E-19

H2O                    LOSS RXS                INT RX RATE    TL =  1.40E+10
   1) H2O     + O1D     = OH      + OH           3.522E+07
  25) H2O     + HV      = H       + OH           1.454E+10
 121) SO3     + H2O     = H2SO4   +              4.892E+08

H                   PRODUCTION RXS              INT RX RATE    TP =  3.71E+11
   2) H2      + O1D     = OH      + H            8.777E+06
   3) H2      + O       = OH      + H            1.949E+08
   4) H2      + OH      = H2O     + H            6.143E+09
  10) OH      + O       = H       + O2           1.211E+11
  25) H2O     + HV      = H       + OH           1.454E+10
  31) CO      + OH      = CO2     + H            2.289E+11
  37) O       + HCO     = H       + CO2          6.366E+06
  40) H2CO    + HV      = HCO     + H            1.008E+02
  41) HCO     + HV      = H       + CO           9.751E+06
  61) CH23    + H2      = CH3     + H            7.083E-04
  65) CH3     + O       = H2CO    + H            4.400E+01
  69) CH3     + HV      = CH23    + H            4.911E-02
  78) N       + OH      = NO      + H            4.857E+07
  88) HNO     + HV      = NO      + H            4.074E+07
  94) CH21    + H2      = CH3     + H            1.481E-07
  97) CH23    + O       = HCO     + H            3.667E+00
 111) H2S     + HV      = HS      + H            6.142E+07
 118) SO      + OH      = SO2     + H            1.523E+06
 129) HS      + O       = H       + SO           4.492E+06
 135) HS      + S       = H       + S2           2.808E-02
 137) S       + OH      = SO      + H            8.076E+00
 183) HS      + CO      = OCS     + H            1.083E-03
 188) S       + HCO     = OCS     + H            1.033E-02
 208) CS      + HS      = CS2     + H            1.166E-21
 218) S       + HCS     = H       + CS2          6.378E-21
 223) C2H5    + O       = CH3     + HCO     H    7.480E-10
 225) C2H5    + O       = CH3CHO  + H            3.316E-09
 232) CH23    + S       = HCS     + H            1.611E-11
 235) CH4     + HV      = CH3     + H            3.795E+01
 236) CH4     + HV      = CH23    + H       H    1.861E+01
 237) C       + OH      = CO      + H            1.096E-09
 240) C       + HS      = CS      + H            9.149E-19
 243) CH      + O       = CO      + H            2.398E+00
 244) CH      + H2      = CH23    + H            9.497E-06
 248) CH      + HV      = C       + H            2.992E-06
 249) CH      + S       = CS      + H            1.215E-11
 254) CH23    + O       = CO      + H       H    3.043E+01
 264) CH3     + OH      = CH3O    + H            1.763E-02
 268) O1D     + CH4     = CH3O    + H            5.853E-02
 280) C2H2    + HV      = C2H     + H            2.498E-11
 285) C2H     + H2      = C2H2    + H            2.968E-16
 288) C2      + H2      = C2H     + H            1.639E-16
 295) C2H4    + HV      = C2H2    + H       H    2.273E-12
 296) CH23    + CH3     = C2H4    + H            1.275E-15
 300) C2H3    + H2      = C2H4    + H            1.469E-17
 307) CH      + CH4     = C2H4    + H            1.648E-09
 310) C2H3    + O       = CH2CO   + H            3.170E-12
 319) C2H2    + OH      = CH2CO   + H            1.893E-13
 345) C3H6    + HV      = C2H2    + CH3     H    2.124E-23
 348) C3H6    + HV      = C2H     + CH4     H    3.123E-24
 356) C3H7    + O       = C2H5CHO + H            4.096E-19
 357) CH      + C2H4    = CH2CCH2 + H            2.634E-23
 358) CH      + C2H4    = CH3C2H  + H            2.634E-23
 361) CH3     + C2H3    = C3H5    + H            6.220E-28
 367) CH      + C2H2    = C3H2    + H            9.680E-22
 376) CH2CCH2 + H       = CH3C2H  + H            1.281E-18
 378) C3H3    + HV      = C3H2    + H            7.302E-18
 379) CH3C2H  + HV      = C3H3    + H            6.544E-19
 382) CH2CCH2 + HV      = C3H3    + H            7.351E-19
 388) C2H6    + HV      = C2H4    + H       H    2.539E-09
 391) C2H     + C2H2    = HCAER   + H            1.917E-32
 392) C2H     + CH2CCH2 = HCAER2  + H            6.127E-44

H                      LOSS RXS                INT RX RATE    TL =  3.70E+11
   5) H       + O3      = OH      + O2           8.482E+09
   6) H       + O2      = HO2     +              2.449E+11
   7) H       + HO2     = H2      + O2           9.856E+09
   8) H       + HO2     = H2O     + O            2.190E+09
   9) H       + HO2     = OH      + OH           9.746E+10
  33) H       + CO      = HCO     +              1.171E+09
  34) H       + HCO     = H2      + CO           1.326E+07
  42) H2CO    + H       = H2      + HCO          6.200E+00
  43) H       + H       = H2      +              3.205E+08
  46) H       + OH      = H2O     +              2.230E+07
  70) CH3     + H       = CH4     +              3.981E-01
  74) H       + NO      = HNO     +              4.050E+07
  86) NO2     + H       = NO      + OH           5.355E+09
  89) H       + HNO     = H2      + NO           1.620E+05
 124) HSO3    + H       = H2      + SO3          7.267E+03
 127) H2S     + H       = H2      + HS           5.902E+07
 134) HS      + H       = H2      + S            2.877E+05
 172) H       + SO      = HSO     +              2.895E+04
 176) HSO     + H       = HS      + OH           1.369E+07
 177) HSO     + H       = H2      + SO           6.845E+06
 182) H       + OCS     = CO      + HS           1.294E+00
 216) H       + CS      = HCS     +              1.063E-21
 217) H       + HCS     = H2      + CS           1.611E-11
 220) C2H5    + H       = CH3     + CH3          5.023E-09
 221) C2H5    + H       = C2H6    +              1.791E-08
 222) C2H5    + H       = C2H4    + H2           2.512E-10
 242) CH      + H       = C       + H2           9.932E-03
 255) CH23    + H       = CH3     +              1.117E-04
 256) CH23    + H       = CH      + H2           6.544E-01
 258) CH3O2   + H       = CH4     + O2           2.390E+00
 259) CH3O2   + H       = H2O     + H2CO         1.707E+00
 272) CH2CO   + H       = CH3     + CO           5.467E-09
 275) CH3CO   + H       = CH4     + CO           9.244E-03
 287) C2H     + H       = C2H2    +              5.707E-15
 298) C2H2    + H       = C2H3    +              3.335E-12
 299) C2H3    + H       = C2H2    + H2           1.653E-13
 305) C2H4    + H       = C2H5    +              5.148E-11
 320) C2H2OH  + H       = H2O     + C2H2         4.582E-15
 321) C2H2OH  + H       = H2      + CH2CO        4.448E-19
 325) C2H4OH  + H       = H2O     + C2H4         4.175E-12
 326) C2H4OH  + H       = H2      + CH3CHO       6.086E-16
 329) CH3CHO  + H       = CH3CO   + H2           2.307E-10
 339) C3H7    + H       = CH3     + C2H5         1.218E-20
 353) C3H6    + H       = C3H7    +              1.020E-20
 359) CH2CCH2 + H       = CH3     + C2H2         1.503E-20
 360) CH2CCH2 + H       = C3H5    +              1.009E-21
 363) C3H5    + H       = C3H6    +              8.278E-19
 364) C3H5    + H       = CH4     + C2H2         1.307E-18
 366) C3H5    + H       = CH2CCH2 + H2           1.307E-18
 369) CH3C2H  + H       = CH3     + C2H2         4.550E-18
 370) CH3C2H  + H       = C3H5    +              4.550E-18
 371) C3H2    + H       = C3H3    +              8.230E-18
 372) C3H3    + H       = CH3C2H  +              1.158E-18
 373) C3H3    + H       = CH2CCH2 +              1.158E-18
 374) C3H5    + H       = CH3C2H  + H2           1.307E-18
 376) CH2CCH2 + H       = CH3C2H  + H            1.281E-18

OH                  PRODUCTION RXS              INT RX RATE    TP =  3.58E+11
   1) H2O     + O1D     = OH      + OH           3.522E+07
   2) H2      + O1D     = OH      + H            8.777E+06
   3) H2      + O       = OH      + H            1.949E+08
   5) H       + O3      = OH      + O2           8.482E+09
   9) H       + HO2     = OH      + OH           9.746E+10
  13) HO2     + O       = OH      + O2           8.841E+10
  14) HO2     + O3      = OH      + O2      O2   1.837E+07
  25) H2O     + HV      = H       + OH           1.454E+10
  28) H2O2    + HV      = OH      + OH           2.702E+09
  38) O       + HCO     = OH      + CO           6.366E+06
  48) H2CO    + O       = HCO     + OH           2.503E+02
  49) H2O2    + O       = OH      + HO2          1.195E+07
  50) HO2     + HV      = OH      + O            7.046E+07
  51) HNO2    + HV      = NO      + OH           1.175E+08
  52) HNO3    + HV      = NO2     + OH           1.301E+07
  56) CH4     + O1D     = CH3     + OH           2.195E-01
  59) CH21    + O2      = HCO     + OH           5.222E-03
  63) CH23    + O2      = HCO     + OH           5.090E-02
  64) CH3     + O2      = H2CO    + OH           1.177E+03
  82) NO      + HO2     = NO2     + OH           4.011E+10
  86) NO2     + H       = NO      + OH           5.355E+09
  90) O       + HNO     = OH      + NO           3.373E+06
  93) CH4     + O       = CH3     + OH           9.738E+01
 100) C2H6    + O       = C2H5    + OH           3.231E-07
 101) C2H6    + O1D     = C2H5    + OH           1.617E-10
 104) C2H5    + O2      = CH3     + HCO     OH   8.433E-06
 108) N       + HO2     = NO      + OH           7.183E+06
 116) SO      + HO2     = SO2     + OH           1.203E+08
 125) HSO3    + O       = OH      + SO3          1.367E+05
 128) H2S     + O       = OH      + HS           1.869E+07
 130) HS      + O2      = OH      + SO           4.440E+03
 140) S       + HO2     = SO      + OH           2.047E+01
 163) SO2     + HO2     = SO3     + OH           8.330E+04
 176) HSO     + H       = HS      + OH           1.369E+07
 179) HSO     + O       = OH      + SO           4.237E+08
 246) CH      + O2      = CO      + OH           2.753E-01
 253) CH23    + O       = CH      + OH           2.933E+00
 322) C2H2OH  + O       = OH      + CH2CO        2.057E-19
 327) C2H4OH  + O       = OH      + CH3CHO       5.211E-15
 330) CH3CHO  + O       = CH3CO   + OH           2.439E-09
 337) C3H8    + O       = C3H7    + OH           1.213E-19
 338) C3H8    + O1D     = C3H7    + OH           2.954E-26

OH                     LOSS RXS                INT RX RATE    TL =  3.58E+11
   4) H2      + OH      = H2O     + H            6.143E+09
  10) OH      + O       = H       + O2           1.211E+11
  11) OH      + HO2     = H2O     + O2           8.339E+08
  12) OH      + O3      = HO2     + O2           1.040E+06
  16) H2O2    + OH      = HO2     + H2O          5.079E+08
  20) OH      + OH      = H2O     + O            9.333E+06
  31) CO      + OH      = CO2     + H            2.289E+11
  36) OH      + HCO     = H2O     + CO           1.784E+04
  45) H2CO    + OH      = H2O     + HCO          4.744E+02
  46) H       + OH      = H2O     +              2.230E+07
  47) OH      + OH      = H2O2    +              4.985E+04
  55) CH4     + OH      = CH3     + H2O          1.749E+03
  67) CH3     + OH      = CO      + H2      H2   9.087E-03
  78) N       + OH      = NO      + H            4.857E+07
  83) NO      + OH      = HNO2    +              1.149E+08
  85) NO2     + OH      = HNO3    +              1.829E+08
  91) OH      + HNO     = H2O     + NO           7.456E+04
  92) HNO2    + OH      = H2O     + NO2          1.479E+04
  99) C2H6    + OH      = C2H5    + H2O          8.138E-06
 107) HNO3    + OH      = H2O     + NO2     O    4.139E+06
 118) SO      + OH      = SO2     + H            1.523E+06
 119) SO2     + OH      = HSO3    +              2.931E+08
 123) HSO3    + OH      = H2O     + SO3          2.206E+03
 126) H2S     + OH      = H2O     + HS           1.674E+08
 137) S       + OH      = SO      + H            8.076E+00
 175) HSO     + OH      = H2O     + SO           6.764E+06
 187) OCS     + OH      = CO2     + HS           9.187E-02
 204) CS2     + OH      = OCS     + HS           2.084E-26
 226) C2H5    + OH      = CH3     + HCO     H2   1.372E-11
 227) C2H5    + OH      = CH3CHO  + H2           3.429E-11
 228) C2H5    + OH      = C2H4    + H2O          1.372E-11
 237) C       + OH      = CO      + H            1.096E-09
 264) CH3     + OH      = CH3O    + H            1.763E-02
 282) C2H2    + OH      = CO      + CH3          1.298E-13
 303) C2H4    + OH      = H2CO    + CH3          8.586E-11
 311) C2H3    + OH      = C2H2    + H2O          4.745E-17
 318) C2H2    + OH      = C2H2OH  +              4.583E-15
 319) C2H2    + OH      = CH2CO   + H            1.893E-13
 323) C2H2OH  + OH      = H2O     + CH2CO        1.038E-19
 324) C2H4    + OH      = C2H4OH  +              4.184E-12
 328) C2H4OH  + OH      = H2O     + CH3CHO       2.210E-15
 331) CH3CHO  + OH      = CH3CO   + H2O          6.377E-10
 336) C3H8    + OH      = C3H7    + H2O          3.196E-19
 351) C3H6    + OH      = CH3CHO  + CH3          1.165E-19
 355) C3H7    + OH      = C2H5CHO + H2           7.304E-21

HO2                 PRODUCTION RXS              INT RX RATE    TP =  2.47E+11
   6) H       + O2      = HO2     +              2.449E+11
  12) OH      + O3      = HO2     + O2           1.040E+06
  16) H2O2    + OH      = HO2     + H2O          5.079E+08
  44) HCO     + O2      = HO2     + CO           1.132E+09
  49) H2O2    + O       = OH      + HO2          1.195E+07
  66) CH3     + O3      = H2CO    + HO2          2.984E+00
 122) HSO3    + O2      = HO2     + SO3          2.930E+08
 260) CH3O2   + O       = H2CO    + HO2          1.131E+01
 269) CH3O    + O2      = H2CO    + HO2          1.955E+02

HO2                    LOSS RXS                INT RX RATE    TL =  2.47E+11
   7) H       + HO2     = H2      + O2           9.856E+09
   8) H       + HO2     = H2O     + O            2.190E+09
   9) H       + HO2     = OH      + OH           9.746E+10
  11) OH      + HO2     = H2O     + O2           8.339E+08
  13) HO2     + O       = OH      + O2           8.841E+10
  14) HO2     + O3      = OH      + O2      O2   1.837E+07
  15) HO2     + HO2     = H2O2    + O2           3.809E+09
  50) HO2     + HV      = OH      + O            7.046E+07
  82) NO      + HO2     = NO2     + OH           4.011E+10
 108) N       + HO2     = NO      + OH           7.183E+06
 109) HO2     + NO2     = HNO2    + O2           2.628E+06
 116) SO      + HO2     = SO2     + OH           1.203E+08
 131) HS      + HO2     = H2S     + O2           3.030E+06
 139) S       + HO2     = HS      + O2           2.047E+01
 140) S       + HO2     = SO      + OH           2.047E+01
 163) SO2     + HO2     = SO3     + OH           8.330E+04
 170) SO      + HO2     = HSO     + O2           1.203E+08
 191) H2S     + HO2     = H2O     + HSO          2.897E+07

H2O2                PRODUCTION RXS              INT RX RATE    TP =  3.81E+09
  15) HO2     + HO2     = H2O2    + O2           3.809E+09
  47) OH      + OH      = H2O2    +              4.985E+04

H2O2                   LOSS RXS                INT RX RATE    TL =  3.71E+09
  16) H2O2    + OH      = HO2     + H2O          5.079E+08
  28) H2O2    + HV      = OH      + OH           2.702E+09
  49) H2O2    + O       = OH      + HO2          1.195E+07

H2                  PRODUCTION RXS              INT RX RATE    TP =  1.04E+10
   7) H       + HO2     = H2      + O2           9.856E+09
  34) H       + HCO     = H2      + CO           1.326E+07
  39) H2CO    + HV      = H2      + CO           2.149E+02
  42) H2CO    + H       = H2      + HCO          6.200E+00
  43) H       + H       = H2      +              3.205E+08
  57) CH4     + O1D     = H2CO    + H2           1.463E-02
  67) CH3     + OH      = CO      + H2      H2   9.087E-03
  89) H       + HNO     = H2      + NO           1.620E+05
  95) CH21    + H2      = CH23    + H2           3.732E-04
 124) HSO3    + H       = H2      + SO3          7.267E+03
 127) H2S     + H       = H2      + HS           5.902E+07
 134) HS      + H       = H2      + S            2.877E+05
 177) HSO     + H       = H2      + SO           6.845E+06
 217) H       + HCS     = H2      + CS           1.611E-11
 222) C2H5    + H       = C2H4    + H2           2.512E-10
 226) C2H5    + OH      = CH3     + HCO     H2   1.372E-11
 227) C2H5    + OH      = CH3CHO  + H2           3.429E-11
 234) CH4     + HV      = CH21    + H2           1.937E+01
 242) CH      + H       = C       + H2           9.932E-03
 256) CH23    + H       = CH      + H2           6.544E-01
 279) CH23    + CH23    = C2H2    + H2           8.622E-16
 281) C2H2    + HV      = C2      + H2           8.325E-12
 294) C2H4    + HV      = C2H2    + H2           3.265E-12
 299) C2H3    + H       = C2H2    + H2           1.653E-13
 321) C2H2OH  + H       = H2      + CH2CO        4.448E-19
 326) C2H4OH  + H       = H2      + CH3CHO       6.086E-16
 329) CH3CHO  + H       = CH3CO   + H2           2.307E-10
 340) C3H8    + HV      = C3H6    + H2           4.241E-24
 346) C3H6    + HV      = CH2CCH2 + H2           6.246E-25
 355) C3H7    + OH      = C2H5CHO + H2           7.304E-21
 366) C3H5    + H       = CH2CCH2 + H2           1.307E-18
 374) C3H5    + H       = CH3C2H  + H2           1.307E-18
 380) CH3C2H  + HV      = C3H2    + H2           5.141E-19
 383) CH2CCH2 + HV      = C3H2    + H2           4.135E-19
 387) C2H6    + HV      = C2H2    + H2      H2   4.843E-09
 389) C2H6    + HV      = C2H4    + H2           9.980E-09

H2                     LOSS RXS                INT RX RATE    TL =  6.35E+09
   2) H2      + O1D     = OH      + H            8.777E+06
   3) H2      + O       = OH      + H            1.949E+08
   4) H2      + OH      = H2O     + H            6.143E+09
  61) CH23    + H2      = CH3     + H            7.083E-04
  94) CH21    + H2      = CH3     + H            1.481E-07
  95) CH21    + H2      = CH23    + H2           3.732E-04
 238) C       + H2      = CH23    +              1.727E-07
 244) CH      + H2      = CH23    + H            9.497E-06
 245) CH      + H2      = CH3     +              3.492E-06
 285) C2H     + H2      = C2H2    + H            2.968E-16
 288) C2      + H2      = C2H     + H            1.639E-16
 300) C2H3    + H2      = C2H4    + H            1.469E-17

CO                  PRODUCTION RXS              INT RX RATE    TP =  2.23E+11
  29) CO2     + HV      = CO      + O            3.431E+10
  30) CO2     + HV      = CO      + O1D          1.867E+11
  34) H       + HCO     = H2      + CO           1.326E+07
  35) HCO     + HCO     = H2CO    + CO           5.386E+01
  36) OH      + HCO     = H2O     + CO           1.784E+04
  38) O       + HCO     = OH      + CO           6.366E+06
  39) H2CO    + HV      = H2      + CO           2.149E+02
  41) HCO     + HV      = H       + CO           9.751E+06
  44) HCO     + O2      = HO2     + CO           1.132E+09
  67) CH3     + OH      = CO      + H2      H2   9.087E-03
  71) CH3     + HCO     = CH4     + CO           2.521E-04
  87) HCO     + NO      = HNO     + CO           2.945E+06
  96) CH21    + CO2     = H2CO    + CO           4.089E-02
  98) CH23    + CO2     = H2CO    + CO           2.356E-01
 102) C2H5    + HCO     = C2H6    + CO           2.103E-13
 105) CO      + O1D     = CO      + O            3.536E+08
 133) HS      + HCO     = H2S     + CO           2.575E+02
 138) S       + HCO     = HS      + CO           1.292E-03
 169) S       + CO2     = SO      + CO           5.741E+02
 171) SO      + HCO     = HSO     + CO           5.417E+02
 182) H       + OCS     = CO      + HS           1.294E+00
 184) O       + OCS     = CO      + SO           2.158E+01
 186) OCS     + S       = CO      + S2           2.671E-05
 190) OCS     + HV      = CO      + S            2.570E+01
 198) CS      + O2      = CO      + SO           3.475E-19
 201) CS      + O3      = CO      + SO2          1.246E-17
 209) CS2     + O       = CO      + S2           4.000E-22
 212) CS      + O       = CO      + S            2.827E-11
 237) C       + OH      = CO      + H            1.096E-09
 239) C       + O2      = CO      + O            9.935E-03
 243) CH      + O       = CO      + H            2.398E+00
 246) CH      + O2      = CO      + OH           2.753E-01
 247) CH      + CO2     = HCO     + CO           9.049E-01
 252) OCS     + CH      = CO      + HCS          1.236E-15
 254) CH23    + O       = CO      + H       H    3.043E+01
 262) HCO     + H2CO    = CH3O    + CO           3.569E-05
 270) CH2CO   + HV      = CH23    + CO           8.397E-09
 272) CH2CO   + H       = CH3     + CO           5.467E-09
 273) CH2CO   + O       = H2CO    + CO           4.659E-04
 275) CH3CO   + H       = CH4     + CO           9.244E-03
 277) CH3CO   + CH3     = C2H6    + CO           2.067E-10
 282) C2H2    + OH      = CO      + CH3          1.298E-13
 283) C2H     + O2      = CO      + HCO          2.031E-12
 284) C2H     + O       = CO      + CH           2.294E-11
 292) C2      + O       = C       + CO           8.312E-12
 293) C2      + O2      = CO      + CO           1.327E-14
 309) C2H2    + O       = CH23    + CO           4.812E-09
 334) CH3CHO  + HV      = CH4     + CO           2.071E-11
 352) C3H6    + O       = CH3     + CH3     CO   7.008E-19

CO                     LOSS RXS                INT RX RATE    TL =  2.32E+11
  31) CO      + OH      = CO2     + H            2.289E+11
  32) CO      + O       = CO2     +              1.261E+09
  33) H       + CO      = HCO     +              1.171E+09
 105) CO      + O1D     = CO      + O            3.536E+08
 183) HS      + CO      = OCS     + H            1.083E-03
 189) S       + CO      = OCS     +              4.866E+01
 196) OCS2    + CO      = OCS     + OCS          2.986E-05
 263) CH3O    + CO      = CH3     + CO2          3.022E-02
 271) CH23    + CO      = CH2CO   +              4.659E-04
 274) CH3     + CO      = CH3CO   +              9.114E-02

HCO                 PRODUCTION RXS              INT RX RATE    TP =  1.17E+09
  33) H       + CO      = HCO     +              1.171E+09
  40) H2CO    + HV      = HCO     + H            1.008E+02
  42) H2CO    + H       = H2      + HCO          6.200E+00
  45) H2CO    + OH      = H2O     + HCO          4.744E+02
  48) H2CO    + O       = HCO     + OH           2.503E+02
  59) CH21    + O2      = HCO     + OH           5.222E-03
  63) CH23    + O2      = HCO     + OH           5.090E-02
  73) CH3     + H2CO    = CH4     + HCO          1.485E-12
  97) CH23    + O       = HCO     + H            3.667E+00
 104) C2H5    + O2      = CH3     + HCO     OH   8.433E-06
 143) HS      + H2CO    = H2S     + HCO          9.600E+00
 223) C2H5    + O       = CH3     + HCO     H    7.480E-10
 226) C2H5    + OH      = CH3     + HCO     H2   1.372E-11
 247) CH      + CO2     = HCO     + CO           9.049E-01
 276) CH3CO   + O       = H2CO    + HCO          8.190E-02
 283) C2H     + O2      = CO      + HCO          2.031E-12
 304) C2H4    + O       = HCO     + CH3          1.429E-08
 333) CH3CHO  + HV      = CH3     + HCO          2.071E-11
 349) C2H5CHO + HV      = C2H5    + HCO          4.107E-19

HCO                    LOSS RXS                INT RX RATE    TL =  1.17E+09
  34) H       + HCO     = H2      + CO           1.326E+07
  35) HCO     + HCO     = H2CO    + CO           5.386E+01
  36) OH      + HCO     = H2O     + CO           1.784E+04
  37) O       + HCO     = H       + CO2          6.366E+06
  38) O       + HCO     = OH      + CO           6.366E+06
  41) HCO     + HV      = H       + CO           9.751E+06
  44) HCO     + O2      = HO2     + CO           1.132E+09
  71) CH3     + HCO     = CH4     + CO           2.521E-04
  87) HCO     + NO      = HNO     + CO           2.945E+06
 102) C2H5    + HCO     = C2H6    + CO           2.103E-13
 133) HS      + HCO     = H2S     + CO           2.575E+02
 138) S       + HCO     = HS      + CO           1.292E-03
 171) SO      + HCO     = HSO     + CO           5.417E+02
 188) S       + HCO     = OCS     + H            1.033E-02
 262) HCO     + H2CO    = CH3O    + CO           3.569E-05

H2CO                PRODUCTION RXS              INT RX RATE    TP =  1.94E+03
  35) HCO     + HCO     = H2CO    + CO           5.386E+01
  57) CH4     + O1D     = H2CO    + H2           1.463E-02
  64) CH3     + O2      = H2CO    + OH           1.177E+03
  65) CH3     + O       = H2CO    + H            4.400E+01
  66) CH3     + O3      = H2CO    + HO2          2.984E+00
  96) CH21    + CO2     = H2CO    + CO           4.089E-02
  98) CH23    + CO2     = H2CO    + CO           2.356E-01
 224) C2H5    + O       = H2CO    + CH3          6.657E-10
 259) CH3O2   + H       = H2O     + H2CO         1.707E+00
 260) CH3O2   + O       = H2CO    + HO2          1.131E+01
 266) NO      + CH3O    = HNO     + H2CO         4.187E+02
 267) NO2     + CH3O    = H2CO    + HNO2         3.136E+01
 269) CH3O    + O2      = H2CO    + HO2          1.955E+02
 273) CH2CO   + O       = H2CO    + CO           4.659E-04
 276) CH3CO   + O       = H2CO    + HCO          8.190E-02
 303) C2H4    + OH      = H2CO    + CH3          8.586E-11

H2CO                   LOSS RXS                INT RX RATE    TL =  1.70E+03
  39) H2CO    + HV      = H2      + CO           2.149E+02
  40) H2CO    + HV      = HCO     + H            1.008E+02
  42) H2CO    + H       = H2      + HCO          6.200E+00
  45) H2CO    + OH      = H2O     + HCO          4.744E+02
  48) H2CO    + O       = HCO     + OH           2.503E+02
  73) CH3     + H2CO    = CH4     + HCO          1.485E-12
 143) HS      + H2CO    = H2S     + HCO          9.600E+00
 262) HCO     + H2CO    = CH3O    + CO           3.569E-05

CH4                 PRODUCTION RXS              INT RX RATE    TP =  2.80E+00
  70) CH3     + H       = CH4     +              3.981E-01
  71) CH3     + HCO     = CH4     + CO           2.521E-04
  72) CH3     + HNO     = CH4     + NO           8.826E-06
  73) CH3     + H2CO    = CH4     + HCO          1.485E-12
 231) CH3     + HCS     = CH4     + CS           1.912E-25
 258) CH3O2   + H       = CH4     + O2           2.390E+00
 275) CH3CO   + H       = CH4     + CO           9.244E-03
 278) CH3CO   + CH3     = CH4     + CH2CO        3.292E-10
 312) C2H3    + CH3     = C2H2    + CH4          8.811E-26
 315) C2H5    + CH3     = C2H4    + CH4          4.409E-19
 332) CH3CHO  + CH3     = CH3CO   + CH4          1.147E-19
 334) CH3CHO  + HV      = CH4     + CO           2.071E-11
 342) C3H8    + HV      = C2H4    + CH4          2.607E-24
 348) C3H6    + HV      = C2H     + CH4     H    3.123E-24
 354) C3H7    + CH3     = C3H6    + CH4          7.090E-30
 364) C3H5    + H       = CH4     + C2H2         1.307E-18
 365) C3H5    + CH3     = CH2CCH2 + CH4          1.155E-26
 375) C3H5    + CH3     = CH3C2H  + CH4          1.155E-26
 386) C2H6    + HV      = CH4     + CH21         3.961E-10

CH4                    LOSS RXS                INT RX RATE    TL =  1.93E+03
  55) CH4     + OH      = CH3     + H2O          1.749E+03
  56) CH4     + O1D     = CH3     + OH           2.195E-01
  57) CH4     + O1D     = H2CO    + H2           1.463E-02
  58) CH21    + CH4     = CH3     + CH3          2.559E-11
  62) CH23    + CH4     = CH3     + CH3          6.475E-18
  93) CH4     + O       = CH3     + OH           9.738E+01
 215) CH4     + HS      = CH3     + H2S          4.627E-14
 234) CH4     + HV      = CH21    + H2           1.937E+01
 235) CH4     + HV      = CH3     + H            3.795E+01
 236) CH4     + HV      = CH23    + H       H    1.861E+01
 268) O1D     + CH4     = CH3O    + H            5.853E-02
 286) C2H     + CH4     = C2H2    + CH3          6.727E-22
 289) C2      + CH4     = C2H     + CH3          7.526E-22
 301) C2H3    + CH4     = C2H4    + CH3          3.140E-26
 307) CH      + CH4     = C2H4    + H            1.648E-09

CH3                 PRODUCTION RXS              INT RX RATE    TP =  1.89E+03
  55) CH4     + OH      = CH3     + H2O          1.749E+03
  56) CH4     + O1D     = CH3     + OH           2.195E-01
  58) CH21    + CH4     = CH3     + CH3          2.559E-11
  61) CH23    + H2      = CH3     + H            7.083E-04
  62) CH23    + CH4     = CH3     + CH3          6.475E-18
  93) CH4     + O       = CH3     + OH           9.738E+01
  94) CH21    + H2      = CH3     + H            1.481E-07
 104) C2H5    + O2      = CH3     + HCO     OH   8.433E-06
 215) CH4     + HS      = CH3     + H2S          4.627E-14
 220) C2H5    + H       = CH3     + CH3          5.023E-09
 223) C2H5    + O       = CH3     + HCO     H    7.480E-10
 224) C2H5    + O       = H2CO    + CH3          6.657E-10
 226) C2H5    + OH      = CH3     + HCO     H2   1.372E-11
 235) CH4     + HV      = CH3     + H            3.795E+01
 245) CH      + H2      = CH3     +              3.492E-06
 255) CH23    + H       = CH3     +              1.117E-04
 263) CH3O    + CO      = CH3     + CO2          3.022E-02
 272) CH2CO   + H       = CH3     + CO           5.467E-09
 282) C2H2    + OH      = CO      + CH3          1.298E-13
 286) C2H     + CH4     = C2H2    + CH3          6.727E-22
 289) C2      + CH4     = C2H     + CH3          7.526E-22
 297) CH23    + C2H3    = CH3     + C2H2         5.536E-29
 301) C2H3    + CH4     = C2H4    + CH3          3.140E-26
 303) C2H4    + OH      = H2CO    + CH3          8.586E-11
 304) C2H4    + O       = HCO     + CH3          1.429E-08
 308) CH23    + C2H5    = CH3     + C2H4         1.826E-26
 333) CH3CHO  + HV      = CH3     + HCO          2.071E-11
 339) C3H7    + H       = CH3     + C2H5         1.218E-20
 343) C3H8    + HV      = C2H5    + CH3          4.145E-24
 345) C3H6    + HV      = C2H2    + CH3     H    2.124E-23
 351) C3H6    + OH      = CH3CHO  + CH3          1.165E-19
 352) C3H6    + O       = CH3     + CH3     CO   7.008E-19
 359) CH2CCH2 + H       = CH3     + C2H2         1.503E-20
 362) C2H3    + C2H5    = CH3     + C3H5         5.865E-36
 369) CH3C2H  + H       = CH3     + C2H2         4.550E-18
 381) CH3C2H  + HV      = CH3     + C2H          2.337E-20
 390) C2H6    + HV      = CH3     + CH3          1.908E-10

CH3                    LOSS RXS                INT RX RATE    TL =  1.88E+03
  64) CH3     + O2      = H2CO    + OH           1.177E+03
  65) CH3     + O       = H2CO    + H            4.400E+01
  66) CH3     + O3      = H2CO    + HO2          2.984E+00
  67) CH3     + OH      = CO      + H2      H2   9.087E-03
  68) CH3     + CH3     = C2H6    +              8.461E-06
  69) CH3     + HV      = CH23    + H            4.911E-02
  70) CH3     + H       = CH4     +              3.981E-01
  71) CH3     + HCO     = CH4     + CO           2.521E-04
  72) CH3     + HNO     = CH4     + NO           8.826E-06
  73) CH3     + H2CO    = CH4     + HCO          1.485E-12
 231) CH3     + HCS     = CH4     + CS           1.912E-25
 257) CH3     + O2      = CH3O2   +              6.579E+02
 264) CH3     + OH      = CH3O    + H            1.763E-02
 265) CH3     + O3      = CH3O    + O2           2.984E+00
 274) CH3     + CO      = CH3CO   +              9.114E-02
 277) CH3CO   + CH3     = C2H6    + CO           2.067E-10
 278) CH3CO   + CH3     = CH4     + CH2CO        3.292E-10
 296) CH23    + CH3     = C2H4    + H            1.275E-15
 312) C2H3    + CH3     = C2H2    + CH4          8.811E-26
 315) C2H5    + CH3     = C2H4    + CH4          4.409E-19
 332) CH3CHO  + CH3     = CH3CO   + CH4          1.147E-19
 335) C2H5    + CH3     = C3H8    +              4.409E-19
 350) C2H3    + CH3     = C3H6    +              3.110E-25
 354) C3H7    + CH3     = C3H6    + CH4          7.090E-30
 361) CH3     + C2H3    = C3H5    + H            6.220E-28
 365) C3H5    + CH3     = CH2CCH2 + CH4          1.155E-26
 375) C3H5    + CH3     = CH3C2H  + CH4          1.155E-26

C2H6                PRODUCTION RXS              INT RX RATE    TP =  8.48E-06
  68) CH3     + CH3     = C2H6    +              8.461E-06
 102) C2H5    + HCO     = C2H6    + CO           2.103E-13
 103) C2H5    + HNO     = C2H6    + NO           1.795E-15
 221) C2H5    + H       = C2H6    +              1.791E-08
 277) CH3CO   + CH3     = C2H6    + CO           2.067E-10
 316) C2H5    + C2H3    = C2H6    + C2H2         2.291E-36
 317) C2H5    + C2H5    = C2H6    + C2H4         8.547E-30
 341) C3H8    + HV      = C2H6    + CH21         1.061E-24

C2H6                   LOSS RXS                INT RX RATE    TL =  8.48E-06
  99) C2H6    + OH      = C2H5    + H2O          8.138E-06
 100) C2H6    + O       = C2H5    + OH           3.231E-07
 101) C2H6    + O1D     = C2H5    + OH           1.617E-10
 302) C2H3    + C2H6    = C2H4    + C2H5         5.584E-39
 306) C2H     + C2H6    = C2H2    + C2H5         1.934E-30
 386) C2H6    + HV      = CH4     + CH21         3.961E-10
 387) C2H6    + HV      = C2H2    + H2      H2   4.843E-09
 388) C2H6    + HV      = C2H4    + H       H    2.539E-09
 389) C2H6    + HV      = C2H4    + H2           9.980E-09
 390) C2H6    + HV      = CH3     + CH3          1.908E-10

NO                  PRODUCTION RXS              INT RX RATE    TP =  4.80E+10
  51) HNO2    + HV      = NO      + OH           1.175E+08
  54) NO2     + HV      = NO      + O            2.872E+10
  72) CH3     + HNO     = CH4     + NO           8.826E-06
  76) N       + O2      = NO      + O            9.300E+03
  77) N       + O3      = NO      + O2           3.105E+02
  78) N       + OH      = NO      + H            4.857E+07
  84) NO2     + O       = NO      + O2           1.263E+10
  86) NO2     + H       = NO      + OH           5.355E+09
  88) HNO     + HV      = NO      + H            4.074E+07
  89) H       + HNO     = H2      + NO           1.620E+05
  90) O       + HNO     = OH      + NO           3.373E+06
  91) OH      + HNO     = H2O     + NO           7.456E+04
 103) C2H5    + HNO     = C2H6    + NO           1.795E-15
 108) N       + HO2     = NO      + OH           7.183E+06
 161) SO      + NO2     = SO2     + NO           6.527E+08
 165) HS      + NO2     = HSO     + NO           2.986E+08

NO                     LOSS RXS                INT RX RATE    TL =  4.80E+10
  53) NO      + HV      = N       + O            5.915E+06
  74) H       + NO      = HNO     +              4.050E+07
  79) N       + NO      = N2      + O            5.014E+07
  80) NO      + O3      = NO2     + O2           8.031E+08
  81) NO      + O       = NO2     +              6.918E+09
  82) NO      + HO2     = NO2     + OH           4.011E+10
  83) NO      + OH      = HNO2    +              1.149E+08
  87) HCO     + NO      = HNO     + CO           2.945E+06
 174) HSO     + NO      = HNO     + SO           9.352E+05
 261) NO      + CH3O2   = CH3O    + NO2          6.425E+02
 266) NO      + CH3O    = HNO     + H2CO         4.187E+02

NO2                 PRODUCTION RXS              INT RX RATE    TP =  4.78E+10
  52) HNO3    + HV      = NO2     + OH           1.301E+07
  80) NO      + O3      = NO2     + O2           8.031E+08
  81) NO      + O       = NO2     +              6.918E+09
  82) NO      + HO2     = NO2     + OH           4.011E+10
  92) HNO2    + OH      = H2O     + NO2          1.479E+04
 107) HNO3    + OH      = H2O     + NO2     O    4.139E+06
 261) NO      + CH3O2   = CH3O    + NO2          6.425E+02

NO2                    LOSS RXS                INT RX RATE    TL =  4.78E+10
  54) NO2     + HV      = NO      + O            2.872E+10
  84) NO2     + O       = NO      + O2           1.263E+10
  85) NO2     + OH      = HNO3    +              1.829E+08
  86) NO2     + H       = NO      + OH           5.355E+09
 109) HO2     + NO2     = HNO2    + O2           2.628E+06
 161) SO      + NO2     = SO2     + NO           6.527E+08
 165) HS      + NO2     = HSO     + NO           2.986E+08
 267) NO2     + CH3O    = H2CO    + HNO2         3.136E+01

HNO                 PRODUCTION RXS              INT RX RATE    TP =  4.44E+07
  74) H       + NO      = HNO     +              4.050E+07
  87) HCO     + NO      = HNO     + CO           2.945E+06
 174) HSO     + NO      = HNO     + SO           9.352E+05
 266) NO      + CH3O    = HNO     + H2CO         4.187E+02

HNO                    LOSS RXS                INT RX RATE    TL =  4.43E+07
  72) CH3     + HNO     = CH4     + NO           8.826E-06
  88) HNO     + HV      = NO      + H            4.074E+07
  89) H       + HNO     = H2      + NO           1.620E+05
  90) O       + HNO     = OH      + NO           3.373E+06
  91) OH      + HNO     = H2O     + NO           7.456E+04
 103) C2H5    + HNO     = C2H6    + NO           1.795E-15

O3                  PRODUCTION RXS              INT RX RATE    TP =  3.57E+10
  18) O       + O2      = O3      +              3.568E+10

O3                     LOSS RXS                INT RX RATE    TL =  3.57E+10
   5) H       + O3      = OH      + O2           8.482E+09
  12) OH      + O3      = HO2     + O2           1.040E+06
  14) HO2     + O3      = OH      + O2      O2   1.837E+07
  19) O       + O3      = O2      + O2           5.169E+06
  26) O3      + HV      = O2      + O1D          7.037E+09
  27) O3      + HV      = O2      + O            1.929E+10
  66) CH3     + O3      = H2CO    + HO2          2.984E+00
  77) N       + O3      = NO      + O2           3.105E+02
  80) NO      + O3      = NO2     + O2           8.031E+08
 162) SO      + O3      = SO2     + O2           3.733E+06
 164) HS      + O3      = HSO     + O2           1.426E+07
 166) S       + O3      = SO      + O2           7.625E+02
 199) CS      + O3      = OCS     + O2           1.246E-17
 200) CS      + O3      = SO      + CO2          1.246E-17
 201) CS      + O3      = CO      + SO2          1.246E-17
 265) CH3     + O3      = CH3O    + O2           2.984E+00

HNO3                PRODUCTION RXS              INT RX RATE    TP =  1.83E+08
  85) NO2     + OH      = HNO3    +              1.829E+08

HNO3                   LOSS RXS                INT RX RATE    TL =  1.56E+08
  52) HNO3    + HV      = NO2     + OH           1.301E+07
 107) HNO3    + OH      = H2O     + NO2     O    4.139E+06

N                   PRODUCTION RXS              INT RX RATE    TP =  5.91E+06
  53) NO      + HV      = N       + O            5.915E+06

N                      LOSS RXS                INT RX RATE    TL =  1.06E+08
  75) N       + N       = N2      +              8.483E+03
  76) N       + O2      = NO      + O            9.300E+03
  77) N       + O3      = NO      + O2           3.105E+02
  78) N       + OH      = NO      + H            4.857E+07
  79) N       + NO      = N2      + O            5.014E+07
 108) N       + HO2     = NO      + OH           7.183E+06

C3H2                PRODUCTION RXS              INT RX RATE    TP =  8.23E-18
 367) CH      + C2H2    = C3H2    + H            9.680E-22
 378) C3H3    + HV      = C3H2    + H            7.302E-18
 380) CH3C2H  + HV      = C3H2    + H2           5.141E-19
 383) CH2CCH2 + HV      = C3H2    + H2           4.135E-19

C3H2                   LOSS RXS                INT RX RATE    TL =  8.23E-18
 371) C3H2    + H       = C3H3    +              8.230E-18

C3H3                PRODUCTION RXS              INT RX RATE    TP =  9.62E-18
 371) C3H2    + H       = C3H3    +              8.230E-18
 379) CH3C2H  + HV      = C3H3    + H            6.544E-19
 382) CH2CCH2 + HV      = C3H3    + H            7.351E-19

C3H3                   LOSS RXS                INT RX RATE    TL =  9.62E-18
 372) C3H3    + H       = CH3C2H  +              1.158E-18
 373) C3H3    + H       = CH2CCH2 +              1.158E-18
 378) C3H3    + HV      = C3H2    + H            7.302E-18

CH3C2H              PRODUCTION RXS              INT RX RATE    TP =  3.75E-18
 358) CH      + C2H4    = CH3C2H  + H            2.634E-23
 368) CH23    + C2H2    = CH3C2H  +              1.955E-22
 372) C3H3    + H       = CH3C2H  +              1.158E-18
 374) C3H5    + H       = CH3C2H  + H2           1.307E-18
 375) C3H5    + CH3     = CH3C2H  + CH4          1.155E-26
 376) CH2CCH2 + H       = CH3C2H  + H            1.281E-18

CH3C2H                 LOSS RXS                INT RX RATE    TL =  1.03E-17
 369) CH3C2H  + H       = CH3     + C2H2         4.550E-18
 370) CH3C2H  + H       = C3H5    +              4.550E-18
 379) CH3C2H  + HV      = C3H3    + H            6.544E-19
 380) CH3C2H  + HV      = C3H2    + H2           5.141E-19
 381) CH3C2H  + HV      = CH3     + C2H          2.337E-20

CH2CCH2             PRODUCTION RXS              INT RX RATE    TP =  2.47E-18
 346) C3H6    + HV      = CH2CCH2 + H2           6.246E-25
 357) CH      + C2H4    = CH2CCH2 + H            2.634E-23
 365) C3H5    + CH3     = CH2CCH2 + CH4          1.155E-26
 366) C3H5    + H       = CH2CCH2 + H2           1.307E-18
 373) C3H3    + H       = CH2CCH2 +              1.158E-18
 377) CH23    + C2H2    = CH2CCH2 +              1.955E-22

CH2CCH2                LOSS RXS                INT RX RATE    TL =  2.45E-18
 359) CH2CCH2 + H       = CH3     + C2H2         1.503E-20
 360) CH2CCH2 + H       = C3H5    +              1.009E-21
 376) CH2CCH2 + H       = CH3C2H  + H            1.281E-18
 382) CH2CCH2 + HV      = C3H3    + H            7.351E-19
 383) CH2CCH2 + HV      = C3H2    + H2           4.135E-19
 392) C2H     + CH2CCH2 = HCAER2  + H            6.127E-44

C3H5                PRODUCTION RXS              INT RX RATE    TP =  4.55E-18
 360) CH2CCH2 + H       = C3H5    +              1.009E-21
 361) CH3     + C2H3    = C3H5    + H            6.220E-28
 362) C2H3    + C2H5    = CH3     + C3H5         5.865E-36
 370) CH3C2H  + H       = C3H5    +              4.550E-18

C3H5                   LOSS RXS                INT RX RATE    TL =  4.75E-18
 363) C3H5    + H       = C3H6    +              8.278E-19
 364) C3H5    + H       = CH4     + C2H2         1.307E-18
 365) C3H5    + CH3     = CH2CCH2 + CH4          1.155E-26
 366) C3H5    + H       = CH2CCH2 + H2           1.307E-18
 374) C3H5    + H       = CH3C2H  + H2           1.307E-18
 375) C3H5    + CH3     = CH3C2H  + CH4          1.155E-26

C2H5CHO             PRODUCTION RXS              INT RX RATE    TP =  4.17E-19
 355) C3H7    + OH      = C2H5CHO + H2           7.304E-21
 356) C3H7    + O       = C2H5CHO + H            4.096E-19

C2H5CHO                LOSS RXS                INT RX RATE    TL =  4.17E-19
 349) C2H5CHO + HV      = C2H5    + HCO          4.107E-19

C3H6                PRODUCTION RXS              INT RX RATE    TP =  8.28E-19
 340) C3H8    + HV      = C3H6    + H2           4.241E-24
 350) C2H3    + CH3     = C3H6    +              3.110E-25
 354) C3H7    + CH3     = C3H6    + CH4          7.090E-30
 363) C3H5    + H       = C3H6    +              8.278E-19

C3H6                   LOSS RXS                INT RX RATE    TL =  8.28E-19
 345) C3H6    + HV      = C2H2    + CH3     H    2.124E-23
 346) C3H6    + HV      = CH2CCH2 + H2           6.246E-25
 347) C3H6    + HV      = C2H4    + CH23         1.249E-24
 348) C3H6    + HV      = C2H     + CH4     H    3.123E-24
 351) C3H6    + OH      = CH3CHO  + CH3          1.165E-19
 352) C3H6    + O       = CH3     + CH3     CO   7.008E-19
 353) C3H6    + H       = C3H7    +              1.020E-20

C3H7                PRODUCTION RXS              INT RX RATE    TP =  4.51E-19
 336) C3H8    + OH      = C3H7    + H2O          3.196E-19
 337) C3H8    + O       = C3H7    + OH           1.213E-19
 338) C3H8    + O1D     = C3H7    + OH           2.954E-26
 344) C2H     + C3H8    = C2H2    + C3H7         3.330E-46
 353) C3H6    + H       = C3H7    +              1.020E-20

C3H7                   LOSS RXS                INT RX RATE    TL =  4.29E-19
 339) C3H7    + H       = CH3     + C2H5         1.218E-20
 354) C3H7    + CH3     = C3H6    + CH4          7.090E-30
 355) C3H7    + OH      = C2H5CHO + H2           7.304E-21
 356) C3H7    + O       = C2H5CHO + H            4.096E-19

C3H8                PRODUCTION RXS              INT RX RATE    TP =  4.41E-19
 335) C2H5    + CH3     = C3H8    +              4.409E-19

C3H8                   LOSS RXS                INT RX RATE    TL =  4.41E-19
 336) C3H8    + OH      = C3H7    + H2O          3.196E-19
 337) C3H8    + O       = C3H7    + OH           1.213E-19
 338) C3H8    + O1D     = C3H7    + OH           2.954E-26
 340) C3H8    + HV      = C3H6    + H2           4.241E-24
 341) C3H8    + HV      = C2H6    + CH21         1.061E-24
 342) C3H8    + HV      = C2H4    + CH4          2.607E-24
 343) C3H8    + HV      = C2H5    + CH3          4.145E-24
 344) C2H     + C3H8    = C2H2    + C3H7         3.330E-46

C2H4OH              PRODUCTION RXS              INT RX RATE    TP =  4.18E-12
 324) C2H4    + OH      = C2H4OH  +              4.184E-12

C2H4OH                 LOSS RXS                INT RX RATE    TL =  4.18E-12
 325) C2H4OH  + H       = H2O     + C2H4         4.175E-12
 326) C2H4OH  + H       = H2      + CH3CHO       6.086E-16
 327) C2H4OH  + O       = OH      + CH3CHO       5.211E-15
 328) C2H4OH  + OH      = H2O     + CH3CHO       2.210E-15

C2H2OH              PRODUCTION RXS              INT RX RATE    TP =  4.58E-15
 318) C2H2    + OH      = C2H2OH  +              4.583E-15

C2H2OH                 LOSS RXS                INT RX RATE    TL =  4.58E-15
 320) C2H2OH  + H       = H2O     + C2H2         4.582E-15
 321) C2H2OH  + H       = H2      + CH2CO        4.448E-19
 322) C2H2OH  + O       = OH      + CH2CO        2.057E-19
 323) C2H2OH  + OH      = H2O     + CH2CO        1.038E-19

C2H5                PRODUCTION RXS              INT RX RATE    TP =  8.46E-06
  99) C2H6    + OH      = C2H5    + H2O          8.138E-06
 100) C2H6    + O       = C2H5    + OH           3.231E-07
 101) C2H6    + O1D     = C2H5    + OH           1.617E-10
 302) C2H3    + C2H6    = C2H4    + C2H5         5.584E-39
 305) C2H4    + H       = C2H5    +              5.148E-11
 306) C2H     + C2H6    = C2H2    + C2H5         1.934E-30
 339) C3H7    + H       = CH3     + C2H5         1.218E-20
 343) C3H8    + HV      = C2H5    + CH3          4.145E-24
 349) C2H5CHO + HV      = C2H5    + HCO          4.107E-19

C2H5                   LOSS RXS                INT RX RATE    TL =  8.46E-06
 102) C2H5    + HCO     = C2H6    + CO           2.103E-13
 103) C2H5    + HNO     = C2H6    + NO           1.795E-15
 104) C2H5    + O2      = CH3     + HCO     OH   8.433E-06
 220) C2H5    + H       = CH3     + CH3          5.023E-09
 221) C2H5    + H       = C2H6    +              1.791E-08
 222) C2H5    + H       = C2H4    + H2           2.512E-10
 223) C2H5    + O       = CH3     + HCO     H    7.480E-10
 224) C2H5    + O       = H2CO    + CH3          6.657E-10
 225) C2H5    + O       = CH3CHO  + H            3.316E-09
 226) C2H5    + OH      = CH3     + HCO     H2   1.372E-11
 227) C2H5    + OH      = CH3CHO  + H2           3.429E-11
 228) C2H5    + OH      = C2H4    + H2O          1.372E-11
 308) CH23    + C2H5    = CH3     + C2H4         1.826E-26
 314) C2H3    + C2H5    = C2H4    + C2H4         1.145E-36
 315) C2H5    + CH3     = C2H4    + CH4          4.409E-19
 316) C2H5    + C2H3    = C2H6    + C2H2         2.291E-36
 317) C2H5    + C2H5    = C2H6    + C2H4         8.547E-30
 335) C2H5    + CH3     = C3H8    +              4.409E-19
 362) C2H3    + C2H5    = CH3     + C3H5         5.865E-36

C2H4                PRODUCTION RXS              INT RX RATE    TP =  1.44E-08
 222) C2H5    + H       = C2H4    + H2           2.512E-10
 228) C2H5    + OH      = C2H4    + H2O          1.372E-11
 296) CH23    + CH3     = C2H4    + H            1.275E-15
 300) C2H3    + H2      = C2H4    + H            1.469E-17
 301) C2H3    + CH4     = C2H4    + CH3          3.140E-26
 302) C2H3    + C2H6    = C2H4    + C2H5         5.584E-39
 307) CH      + CH4     = C2H4    + H            1.648E-09
 308) CH23    + C2H5    = CH3     + C2H4         1.826E-26
 313) C2H3    + C2H3    = C2H4    + C2H2         2.994E-39
 314) C2H3    + C2H5    = C2H4    + C2H4         1.145E-36
 315) C2H5    + CH3     = C2H4    + CH4          4.409E-19
 317) C2H5    + C2H5    = C2H6    + C2H4         8.547E-30
 325) C2H4OH  + H       = H2O     + C2H4         4.175E-12
 342) C3H8    + HV      = C2H4    + CH4          2.607E-24
 347) C3H6    + HV      = C2H4    + CH23         1.249E-24
 388) C2H6    + HV      = C2H4    + H       H    2.539E-09
 389) C2H6    + HV      = C2H4    + H2           9.980E-09

C2H4                   LOSS RXS                INT RX RATE    TL =  1.44E-08
 294) C2H4    + HV      = C2H2    + H2           3.265E-12
 295) C2H4    + HV      = C2H2    + H       H    2.273E-12
 303) C2H4    + OH      = H2CO    + CH3          8.586E-11
 304) C2H4    + O       = HCO     + CH3          1.429E-08
 305) C2H4    + H       = C2H5    +              5.148E-11
 324) C2H4    + OH      = C2H4OH  +              4.184E-12
 357) CH      + C2H4    = CH2CCH2 + H            2.634E-23
 358) CH      + C2H4    = CH3C2H  + H            2.634E-23

CH                  PRODUCTION RXS              INT RX RATE    TP =  3.59E+00
 253) CH23    + O       = CH      + OH           2.933E+00
 256) CH23    + H       = CH      + H2           6.544E-01
 284) C2H     + O       = CO      + CH           2.294E-11

CH                     LOSS RXS                INT RX RATE    TL =  3.59E+00
 242) CH      + H       = C       + H2           9.932E-03
 243) CH      + O       = CO      + H            2.398E+00
 244) CH      + H2      = CH23    + H            9.497E-06
 245) CH      + H2      = CH3     +              3.492E-06
 246) CH      + O2      = CO      + OH           2.753E-01
 247) CH      + CO2     = HCO     + CO           9.049E-01
 248) CH      + HV      = C       + H            2.992E-06
 249) CH      + S       = CS      + H            1.215E-11
 250) CH      + S2      = CS      + HS           1.268E-24
 251) CH      + CS2     = HCS     + CS           6.617E-36
 252) OCS     + CH      = CO      + HCS          1.236E-15
 307) CH      + CH4     = C2H4    + H            1.648E-09
 357) CH      + C2H4    = CH2CCH2 + H            2.634E-23
 358) CH      + C2H4    = CH3C2H  + H            2.634E-23
 367) CH      + C2H2    = C3H2    + H            9.680E-22

CH3O2               PRODUCTION RXS              INT RX RATE    TP =  6.58E+02
 257) CH3     + O2      = CH3O2   +              6.579E+02

CH3O2                  LOSS RXS                INT RX RATE    TL =  6.58E+02
 258) CH3O2   + H       = CH4     + O2           2.390E+00
 259) CH3O2   + H       = H2O     + H2CO         1.707E+00
 260) CH3O2   + O       = H2CO    + HO2          1.131E+01
 261) NO      + CH3O2   = CH3O    + NO2          6.425E+02

CH3O                PRODUCTION RXS              INT RX RATE    TP =  6.46E+02
 261) NO      + CH3O2   = CH3O    + NO2          6.425E+02
 262) HCO     + H2CO    = CH3O    + CO           3.569E-05
 264) CH3     + OH      = CH3O    + H            1.763E-02
 265) CH3     + O3      = CH3O    + O2           2.984E+00
 268) O1D     + CH4     = CH3O    + H            5.853E-02

CH3O                   LOSS RXS                INT RX RATE    TL =  6.46E+02
 263) CH3O    + CO      = CH3     + CO2          3.022E-02
 266) NO      + CH3O    = HNO     + H2CO         4.187E+02
 267) NO2     + CH3O    = H2CO    + HNO2         3.136E+01
 269) CH3O    + O2      = H2CO    + HO2          1.955E+02

CH2CO               PRODUCTION RXS              INT RX RATE    TP =  4.66E-04
 271) CH23    + CO      = CH2CO   +              4.659E-04
 278) CH3CO   + CH3     = CH4     + CH2CO        3.292E-10
 310) C2H3    + O       = CH2CO   + H            3.170E-12
 319) C2H2    + OH      = CH2CO   + H            1.893E-13
 321) C2H2OH  + H       = H2      + CH2CO        4.448E-19
 322) C2H2OH  + O       = OH      + CH2CO        2.057E-19
 323) C2H2OH  + OH      = H2O     + CH2CO        1.038E-19

CH2CO                  LOSS RXS                INT RX RATE    TL =  4.66E-04
 270) CH2CO   + HV      = CH23    + CO           8.397E-09
 272) CH2CO   + H       = CH3     + CO           5.467E-09
 273) CH2CO   + O       = H2CO    + CO           4.659E-04

CH3CO               PRODUCTION RXS              INT RX RATE    TP =  9.11E-02
 274) CH3     + CO      = CH3CO   +              9.114E-02
 329) CH3CHO  + H       = CH3CO   + H2           2.307E-10
 330) CH3CHO  + O       = CH3CO   + OH           2.439E-09
 331) CH3CHO  + OH      = CH3CO   + H2O          6.377E-10
 332) CH3CHO  + CH3     = CH3CO   + CH4          1.147E-19

CH3CO                  LOSS RXS                INT RX RATE    TL =  9.11E-02
 275) CH3CO   + H       = CH4     + CO           9.244E-03
 276) CH3CO   + O       = H2CO    + HCO          8.190E-02
 277) CH3CO   + CH3     = C2H6    + CO           2.067E-10
 278) CH3CO   + CH3     = CH4     + CH2CO        3.292E-10

CH3CHO              PRODUCTION RXS              INT RX RATE    TP =  3.35E-09
 225) C2H5    + O       = CH3CHO  + H            3.316E-09
 227) C2H5    + OH      = CH3CHO  + H2           3.429E-11
 326) C2H4OH  + H       = H2      + CH3CHO       6.086E-16
 327) C2H4OH  + O       = OH      + CH3CHO       5.211E-15
 328) C2H4OH  + OH      = H2O     + CH3CHO       2.210E-15
 351) C3H6    + OH      = CH3CHO  + CH3          1.165E-19

CH3CHO                 LOSS RXS                INT RX RATE    TL =  3.35E-09
 329) CH3CHO  + H       = CH3CO   + H2           2.307E-10
 330) CH3CHO  + O       = CH3CO   + OH           2.439E-09
 331) CH3CHO  + OH      = CH3CO   + H2O          6.377E-10
 332) CH3CHO  + CH3     = CH3CO   + CH4          1.147E-19
 333) CH3CHO  + HV      = CH3     + HCO          2.071E-11
 334) CH3CHO  + HV      = CH4     + CO           2.071E-11

C2H2                PRODUCTION RXS              INT RX RATE    TP =  4.85E-09
 279) CH23    + CH23    = C2H2    + H2           8.622E-16
 285) C2H     + H2      = C2H2    + H            2.968E-16
 286) C2H     + CH4     = C2H2    + CH3          6.727E-22
 287) C2H     + H       = C2H2    +              5.707E-15
 294) C2H4    + HV      = C2H2    + H2           3.265E-12
 295) C2H4    + HV      = C2H2    + H       H    2.273E-12
 297) CH23    + C2H3    = CH3     + C2H2         5.536E-29
 299) C2H3    + H       = C2H2    + H2           1.653E-13
 306) C2H     + C2H6    = C2H2    + C2H5         1.934E-30
 311) C2H3    + OH      = C2H2    + H2O          4.745E-17
 312) C2H3    + CH3     = C2H2    + CH4          8.811E-26
 313) C2H3    + C2H3    = C2H4    + C2H2         2.994E-39
 316) C2H5    + C2H3    = C2H6    + C2H2         2.291E-36
 320) C2H2OH  + H       = H2O     + C2H2         4.582E-15
 344) C2H     + C3H8    = C2H2    + C3H7         3.330E-46
 345) C3H6    + HV      = C2H2    + CH3     H    2.124E-23
 359) CH2CCH2 + H       = CH3     + C2H2         1.503E-20
 364) C3H5    + H       = CH4     + C2H2         1.307E-18
 369) CH3C2H  + H       = CH3     + C2H2         4.550E-18
 387) C2H6    + HV      = C2H2    + H2      H2   4.843E-09

C2H2                   LOSS RXS                INT RX RATE    TL =  4.85E-09
 280) C2H2    + HV      = C2H     + H            2.498E-11
 281) C2H2    + HV      = C2      + H2           8.325E-12
 282) C2H2    + OH      = CO      + CH3          1.298E-13
 298) C2H2    + H       = C2H3    +              3.335E-12
 309) C2H2    + O       = CH23    + CO           4.812E-09
 318) C2H2    + OH      = C2H2OH  +              4.583E-15
 319) C2H2    + OH      = CH2CO   + H            1.893E-13
 367) CH      + C2H2    = C3H2    + H            9.680E-22
 368) CH23    + C2H2    = CH3C2H  +              1.955E-22
 377) CH23    + C2H2    = CH2CCH2 +              1.955E-22
 391) C2H     + C2H2    = HCAER   + H            1.917E-32

CH23                PRODUCTION RXS              INT RX RATE    TP =  3.80E+01
  60) CH21    + M       = CH23    + M            1.932E+01
  69) CH3     + HV      = CH23    + H            4.911E-02
  95) CH21    + H2      = CH23    + H2           3.732E-04
 236) CH4     + HV      = CH23    + H       H    1.861E+01
 238) C       + H2      = CH23    +              1.727E-07
 244) CH      + H2      = CH23    + H            9.497E-06
 270) CH2CO   + HV      = CH23    + CO           8.397E-09
 309) C2H2    + O       = CH23    + CO           4.812E-09
 347) C3H6    + HV      = C2H4    + CH23         1.249E-24

CH23                   LOSS RXS                INT RX RATE    TL =  3.80E+01
  61) CH23    + H2      = CH3     + H            7.083E-04
  62) CH23    + CH4     = CH3     + CH3          6.475E-18
  63) CH23    + O2      = HCO     + OH           5.090E-02
  97) CH23    + O       = HCO     + H            3.667E+00
  98) CH23    + CO2     = H2CO    + CO           2.356E-01
 230) CH23    + S2      = HCS     + HS           2.113E-20
 232) CH23    + S       = HCS     + H            1.611E-11
 253) CH23    + O       = CH      + OH           2.933E+00
 254) CH23    + O       = CO      + H       H    3.043E+01
 255) CH23    + H       = CH3     +              1.117E-04
 256) CH23    + H       = CH      + H2           6.544E-01
 271) CH23    + CO      = CH2CO   +              4.659E-04
 279) CH23    + CH23    = C2H2    + H2           8.622E-16
 296) CH23    + CH3     = C2H4    + H            1.275E-15
 297) CH23    + C2H3    = CH3     + C2H2         5.536E-29
 308) CH23    + C2H5    = CH3     + C2H4         1.826E-26
 368) CH23    + C2H2    = CH3C2H  +              1.955E-22
 377) CH23    + C2H2    = CH2CCH2 +              1.955E-22

C2H                 PRODUCTION RXS              INT RX RATE    TP =  2.50E-11
 280) C2H2    + HV      = C2H     + H            2.498E-11
 288) C2      + H2      = C2H     + H            1.639E-16
 289) C2      + CH4     = C2H     + CH3          7.526E-22
 348) C3H6    + HV      = C2H     + CH4     H    3.123E-24
 381) CH3C2H  + HV      = CH3     + C2H          2.337E-20

C2H                    LOSS RXS                INT RX RATE    TL =  2.50E-11
 283) C2H     + O2      = CO      + HCO          2.031E-12
 284) C2H     + O       = CO      + CH           2.294E-11
 285) C2H     + H2      = C2H2    + H            2.968E-16
 286) C2H     + CH4     = C2H2    + CH3          6.727E-22
 287) C2H     + H       = C2H2    +              5.707E-15
 306) C2H     + C2H6    = C2H2    + C2H5         1.934E-30
 344) C2H     + C3H8    = C2H2    + C3H7         3.330E-46
 391) C2H     + C2H2    = HCAER   + H            1.917E-32
 392) C2H     + CH2CCH2 = HCAER2  + H            6.127E-44

C2                  PRODUCTION RXS              INT RX RATE    TP =  8.33E-12
 281) C2H2    + HV      = C2      + H2           8.325E-12

C2                     LOSS RXS                INT RX RATE    TL =  8.33E-12
 288) C2      + H2      = C2H     + H            1.639E-16
 289) C2      + CH4     = C2H     + CH3          7.526E-22
 290) C2      + S       = C       + CS           7.208E-23
 291) C2      + S2      = CS      + CS           6.076E-34
 292) C2      + O       = C       + CO           8.312E-12
 293) C2      + O2      = CO      + CO           1.327E-14

C2H3                PRODUCTION RXS              INT RX RATE    TP =  3.34E-12
 298) C2H2    + H       = C2H3    +              3.335E-12

C2H3                   LOSS RXS                INT RX RATE    TL =  3.34E-12
 297) CH23    + C2H3    = CH3     + C2H2         5.536E-29
 299) C2H3    + H       = C2H2    + H2           1.653E-13
 300) C2H3    + H2      = C2H4    + H            1.469E-17
 301) C2H3    + CH4     = C2H4    + CH3          3.140E-26
 302) C2H3    + C2H6    = C2H4    + C2H5         5.584E-39
 310) C2H3    + O       = CH2CO   + H            3.170E-12
 311) C2H3    + OH      = C2H2    + H2O          4.745E-17
 312) C2H3    + CH3     = C2H2    + CH4          8.811E-26
 313) C2H3    + C2H3    = C2H4    + C2H2         2.994E-39
 314) C2H3    + C2H5    = C2H4    + C2H4         1.145E-36
 316) C2H5    + C2H3    = C2H6    + C2H2         2.291E-36
 350) C2H3    + CH3     = C3H6    +              3.110E-25
 361) CH3     + C2H3    = C3H5    + H            6.220E-28
 362) C2H3    + C2H5    = CH3     + C3H5         5.865E-36

HCS                 PRODUCTION RXS              INT RX RATE    TP =  1.61E-11
 216) H       + CS      = HCS     +              1.063E-21
 229) CH21    + S2      = HCS     + HS           5.414E-31
 230) CH23    + S2      = HCS     + HS           2.113E-20
 232) CH23    + S       = HCS     + H            1.611E-11
 251) CH      + CS2     = HCS     + CS           6.617E-36
 252) OCS     + CH      = CO      + HCS          1.236E-15

HCS                    LOSS RXS                INT RX RATE    TL =  1.61E-11
 217) H       + HCS     = H2      + CS           1.611E-11
 218) S       + HCS     = H       + CS2          6.378E-21
 219) S       + HCS     = HS      + CS           6.378E-21
 231) CH3     + HCS     = CH4     + CS           1.912E-25
 233) HS      + HCS     = H2S     + CS           2.480E-19

CS2                 PRODUCTION RXS              INT RX RATE    TP =  7.60E-21
 205) CS2X    + M       = CS2     + M            5.759E-23
 208) CS      + HS      = CS2     + H            1.166E-21
 218) S       + HCS     = H       + CS2          6.378E-21

CS2                    LOSS RXS                INT RX RATE    TL =  7.60E-21
 202) CS2     + O       = SO      + CS           6.206E-21
 203) CS2     + O       = OCS     + S            5.818E-22
 204) CS2     + OH      = OCS     + HS           2.084E-26
 207) CS2X    + CS2     = CS      + CS      S2   8.928E-63
 209) CS2     + O       = CO      + S2           4.000E-22
 210) CS2     + SO      = OCS     + S2           1.231E-29
 211) CS2     + S       = CS      + S2           1.080E-32
 213) CS2     + HV      = CS      + S            3.559E-22
 214) CS2     + HV      = CS2X    +              5.759E-23
 251) CH      + CS2     = HCS     + CS           6.617E-36

CS                  PRODUCTION RXS              INT RX RATE    TP =  2.83E-11
 202) CS2     + O       = SO      + CS           6.206E-21
 206) CS2X    + O2      = CS      + SO2          4.488E-29
 207) CS2X    + CS2     = CS      + CS      S2   8.928E-63
 211) CS2     + S       = CS      + S2           1.080E-32
 213) CS2     + HV      = CS      + S            3.559E-22
 217) H       + HCS     = H2      + CS           1.611E-11
 219) S       + HCS     = HS      + CS           6.378E-21
 231) CH3     + HCS     = CH4     + CS           1.912E-25
 233) HS      + HCS     = H2S     + CS           2.480E-19
 240) C       + HS      = CS      + H            9.149E-19
 241) C       + S2      = CS      + S            6.777E-29
 249) CH      + S       = CS      + H            1.215E-11
 250) CH      + S2      = CS      + HS           1.268E-24
 251) CH      + CS2     = HCS     + CS           6.617E-36
 290) C2      + S       = C       + CS           7.208E-23
 291) C2      + S2      = CS      + CS           6.076E-34

CS                     LOSS RXS                INT RX RATE    TL =  2.83E-11
 197) CS      + O2      = OCS     + O            2.780E-18
 198) CS      + O2      = CO      + SO           3.475E-19
 199) CS      + O3      = OCS     + O2           1.246E-17
 200) CS      + O3      = SO      + CO2          1.246E-17
 201) CS      + O3      = CO      + SO2          1.246E-17
 208) CS      + HS      = CS2     + H            1.166E-21
 212) CS      + O       = CO      + S            2.827E-11
 216) H       + CS      = HCS     +              1.063E-21

OCS                 PRODUCTION RXS              INT RX RATE    TP =  4.87E+01
 183) HS      + CO      = OCS     + H            1.083E-03
 188) S       + HCO     = OCS     + H            1.033E-02
 189) S       + CO      = OCS     +              4.866E+01
 193) OCS2    + S       = OCS     + S2           7.745E-18
 196) OCS2    + CO      = OCS     + OCS          2.986E-05
 197) CS      + O2      = OCS     + O            2.780E-18
 199) CS      + O3      = OCS     + O2           1.246E-17
 203) CS2     + O       = OCS     + S            5.818E-22
 204) CS2     + OH      = OCS     + HS           2.084E-26
 210) CS2     + SO      = OCS     + S2           1.231E-29

OCS                    LOSS RXS                INT RX RATE    TL =  4.87E+01
 182) H       + OCS     = CO      + HS           1.294E+00
 184) O       + OCS     = CO      + SO           2.158E+01
 185) O       + OCS     = S       + CO2          3.464E-04
 186) OCS     + S       = CO      + S2           2.671E-05
 187) OCS     + OH      = CO2     + HS           9.187E-02
 190) OCS     + HV      = CO      + S            2.570E+01
 192) OCS     + S       = OCS2    +              2.986E-05
 252) OCS     + CH      = CO      + HCS          1.236E-15

S                   PRODUCTION RXS              INT RX RATE    TP =  4.13E+05
 110) SO      + HV      = S       + O            1.212E+05
 132) HS      + HS      = H2S     + S            4.342E+03
 134) HS      + H       = H2      + S            2.877E+05
 142) S2      + O       = S       + SO           1.989E-02
 144) S2      + HV      = S       + S            8.218E-03
 150) S3      + HV      = S2      + S            5.928E-11
 167) SO      + SO      = SO2     + S            1.281E+02
 185) O       + OCS     = S       + CO2          3.464E-04
 190) OCS     + HV      = CO      + S            2.570E+01
 203) CS2     + O       = OCS     + S            5.818E-22
 212) CS      + O       = CO      + S            2.827E-11
 213) CS2     + HV      = CS      + S            3.559E-22
 241) C       + S2      = CS      + S            6.777E-29

S                      LOSS RXS                INT RX RATE    TL =  4.13E+05
 135) HS      + S       = H       + S2           2.808E-02
 136) S       + O2      = SO      + O            4.119E+05
 137) S       + OH      = SO      + H            8.076E+00
 138) S       + HCO     = HS      + CO           1.292E-03
 139) S       + HO2     = HS      + O2           2.047E+01
 140) S       + HO2     = SO      + OH           2.047E+01
 141) S       + S       = S2      +              3.774E-10
 145) S       + S2      = S3      +              5.928E-11
 147) S       + S3      = S4      +              1.077E-17
 166) S       + O3      = SO      + O2           7.625E+02
 169) S       + CO2     = SO      + CO           5.741E+02
 180) HSO     + S       = HS      + SO           1.718E+01
 186) OCS     + S       = CO      + S2           2.671E-05
 188) S       + HCO     = OCS     + H            1.033E-02
 189) S       + CO      = OCS     +              4.866E+01
 192) OCS     + S       = OCS2    +              2.986E-05
 193) OCS2    + S       = OCS     + S2           7.745E-18
 211) CS2     + S       = CS      + S2           1.080E-32
 218) S       + HCS     = H       + CS2          6.378E-21
 219) S       + HCS     = HS      + CS           6.378E-21
 232) CH23    + S       = HCS     + H            1.611E-11
 249) CH      + S       = CS      + H            1.215E-11
 290) C2      + S       = C       + CS           7.208E-23

HS                  PRODUCTION RXS              INT RX RATE    TP =  3.22E+08
 111) H2S     + HV      = HS      + H            6.142E+07
 126) H2S     + OH      = H2O     + HS           1.674E+08
 127) H2S     + H       = H2      + HS           5.902E+07
 128) H2S     + O       = OH      + HS           1.869E+07
 138) S       + HCO     = HS      + CO           1.292E-03
 139) S       + HO2     = HS      + O2           2.047E+01
 173) HSO     + HV      = HS      + O            1.992E+06
 176) HSO     + H       = HS      + OH           1.369E+07
 180) HSO     + S       = HS      + SO           1.718E+01
 182) H       + OCS     = CO      + HS           1.294E+00
 187) OCS     + OH      = CO2     + HS           9.187E-02
 204) CS2     + OH      = OCS     + HS           2.084E-26
 219) S       + HCS     = HS      + CS           6.378E-21
 229) CH21    + S2      = HCS     + HS           5.414E-31
 230) CH23    + S2      = HCS     + HS           2.113E-20
 250) CH      + S2      = CS      + HS           1.268E-24

HS                     LOSS RXS                INT RX RATE    TL =  3.22E+08
 129) HS      + O       = H       + SO           4.492E+06
 130) HS      + O2      = OH      + SO           4.440E+03
 131) HS      + HO2     = H2S     + O2           3.030E+06
 132) HS      + HS      = H2S     + S            4.342E+03
 133) HS      + HCO     = H2S     + CO           2.575E+02
 134) HS      + H       = H2      + S            2.877E+05
 135) HS      + S       = H       + S2           2.808E-02
 143) HS      + H2CO    = H2S     + HCO          9.600E+00
 164) HS      + O3      = HSO     + O2           1.426E+07
 165) HS      + NO2     = HSO     + NO           2.986E+08
 178) HSO     + HS      = H2S     + SO           1.559E+06
 183) HS      + CO      = OCS     + H            1.083E-03
 208) CS      + HS      = CS2     + H            1.166E-21
 215) CH4     + HS      = CH3     + H2S          4.627E-14
 233) HS      + HCS     = H2S     + CS           2.480E-19
 240) C       + HS      = CS      + H            9.149E-19

H2S                 PRODUCTION RXS              INT RX RATE    TP =  4.59E+06
 131) HS      + HO2     = H2S     + O2           3.030E+06
 132) HS      + HS      = H2S     + S            4.342E+03
 133) HS      + HCO     = H2S     + CO           2.575E+02
 143) HS      + H2CO    = H2S     + HCO          9.600E+00
 178) HSO     + HS      = H2S     + SO           1.559E+06
 215) CH4     + HS      = CH3     + H2S          4.627E-14
 233) HS      + HCS     = H2S     + CS           2.480E-19

H2S                    LOSS RXS                INT RX RATE    TL =  3.36E+08
 111) H2S     + HV      = HS      + H            6.142E+07
 126) H2S     + OH      = H2O     + HS           1.674E+08
 127) H2S     + H       = H2      + HS           5.902E+07
 128) H2S     + O       = OH      + HS           1.869E+07
 191) H2S     + HO2     = H2O     + HSO          2.897E+07

SO3                 PRODUCTION RXS              INT RX RATE    TP =  4.89E+08
 120) SO2     + O       = SO3     +              1.960E+08
 122) HSO3    + O2      = HO2     + SO3          2.930E+08
 123) HSO3    + OH      = H2O     + SO3          2.206E+03
 124) HSO3    + H       = H2      + SO3          7.267E+03
 125) HSO3    + O       = OH      + SO3          1.367E+05
 156) SO21    + O2      = SO3     + O            1.857E+01
 157) SO21    + SO2     = SO3     + SO           5.951E+03
 160) SO23    + SO2     = SO3     + SO           1.592E+02
 163) SO2     + HO2     = SO3     + OH           8.330E+04

SO3                    LOSS RXS                INT RX RATE    TL =  4.89E+08
 121) SO3     + H2O     = H2SO4   +              4.892E+08
 151) SO3     + HV      = SO2     + O            2.530E+01
 168) SO3     + SO      = SO2     + SO2          1.506E-01

S2                  PRODUCTION RXS              INT RX RATE    TP =  2.81E-02
 135) HS      + S       = H       + S2           2.808E-02
 141) S       + S       = S2      +              3.774E-10
 149) S4      + HV      = S2      + S2           1.159E-13
 150) S3      + HV      = S2      + S            5.928E-11
 186) OCS     + S       = CO      + S2           2.671E-05
 193) OCS2    + S       = OCS     + S2           7.745E-18
 207) CS2X    + CS2     = CS      + CS      S2   8.928E-63
 209) CS2     + O       = CO      + S2           4.000E-22
 210) CS2     + SO      = OCS     + S2           1.231E-29
 211) CS2     + S       = CS      + S2           1.080E-32

S2                     LOSS RXS                INT RX RATE    TL =  2.81E-02
 142) S2      + O       = S       + SO           1.989E-02
 144) S2      + HV      = S       + S            8.218E-03
 145) S       + S2      = S3      +              5.928E-11
 146) S2      + S2      = S4      +              8.204E-13
 229) CH21    + S2      = HCS     + HS           5.414E-31
 230) CH23    + S2      = HCS     + HS           2.113E-20
 241) C       + S2      = CS      + S            6.777E-29
 250) CH      + S2      = CS      + HS           1.268E-24
 291) C2      + S2      = CS      + CS           6.076E-34

HSO                 PRODUCTION RXS              INT RX RATE    TP =  4.62E+08
 164) HS      + O3      = HSO     + O2           1.426E+07
 165) HS      + NO2     = HSO     + NO           2.986E+08
 170) SO      + HO2     = HSO     + O2           1.203E+08
 171) SO      + HCO     = HSO     + CO           5.417E+02
 172) H       + SO      = HSO     +              2.895E+04
 191) H2S     + HO2     = H2O     + HSO          2.897E+07

HSO                    LOSS RXS                INT RX RATE    TL =  4.57E+08
 173) HSO     + HV      = HS      + O            1.992E+06
 174) HSO     + NO      = HNO     + SO           9.352E+05
 175) HSO     + OH      = H2O     + SO           6.764E+06
 176) HSO     + H       = HS      + OH           1.369E+07
 177) HSO     + H       = H2      + SO           6.845E+06
 178) HSO     + HS      = H2S     + SO           1.559E+06
 179) HSO     + O       = OH      + SO           4.237E+08
 180) HSO     + S       = HS      + SO           1.718E+01

H2SO4               PRODUCTION RXS              INT RX RATE    TP =  4.98E+08
 121) SO3     + H2O     = H2SO4   +              4.892E+08

H2SO4                  LOSS RXS                INT RX RATE    TL =  4.85E+08

SO2                 PRODUCTION RXS              INT RX RATE    TP =  9.55E+09
 115) SO      + O2      = O       + SO2          3.119E+06
 116) SO      + HO2     = SO2     + OH           1.203E+08
 117) SO      + O       = SO2     +              6.412E+06
 118) SO      + OH      = SO2     + H            1.523E+06
 151) SO3     + HV      = SO2     + O            2.530E+01
 153) SO21    + HV      = SO2     +              3.693E-06
 155) SO21    + HV      = SO2     + HV           8.124E+09
 158) SO23    + HV      = SO2     +              8.426E-08
 159) SO23    + HV      = SO2     + HV           6.348E+08
 161) SO      + NO2     = SO2     + NO           6.527E+08
 162) SO      + O3      = SO2     + O2           3.733E+06
 167) SO      + SO      = SO2     + S            1.281E+02
 168) SO3     + SO      = SO2     + SO2          1.506E-01
 201) CS      + O3      = CO      + SO2          1.246E-17
 206) CS2X    + O2      = CS      + SO2          4.488E-29

SO2                    LOSS RXS                INT RX RATE    TL =  1.09E+10
 112) SO2     + HV      = SO      + O            4.634E+08
 113) SO2     + HV      = SO21    +              8.678E+09
 114) SO2     + HV      = SO23    +              8.086E+07
 119) SO2     + OH      = HSO3    +              2.931E+08
 120) SO2     + O       = SO3     +              1.960E+08
 157) SO21    + SO2     = SO3     + SO           5.951E+03
 160) SO23    + SO2     = SO3     + SO           1.592E+02
 163) SO2     + HO2     = SO3     + OH           8.330E+04

SO                  PRODUCTION RXS              INT RX RATE    TP =  9.08E+08
 112) SO2     + HV      = SO      + O            4.634E+08
 129) HS      + O       = H       + SO           4.492E+06
 130) HS      + O2      = OH      + SO           4.440E+03
 136) S       + O2      = SO      + O            4.119E+05
 137) S       + OH      = SO      + H            8.076E+00
 140) S       + HO2     = SO      + OH           2.047E+01
 142) S2      + O       = S       + SO           1.989E-02
 157) SO21    + SO2     = SO3     + SO           5.951E+03
 160) SO23    + SO2     = SO3     + SO           1.592E+02
 166) S       + O3      = SO      + O2           7.625E+02
 169) S       + CO2     = SO      + CO           5.741E+02
 174) HSO     + NO      = HNO     + SO           9.352E+05
 175) HSO     + OH      = H2O     + SO           6.764E+06
 177) HSO     + H       = H2      + SO           6.845E+06
 178) HSO     + HS      = H2S     + SO           1.559E+06
 179) HSO     + O       = OH      + SO           4.237E+08
 180) HSO     + S       = HS      + SO           1.718E+01
 184) O       + OCS     = CO      + SO           2.158E+01
 198) CS      + O2      = CO      + SO           3.475E-19
 200) CS      + O3      = SO      + CO2          1.246E-17
 202) CS2     + O       = SO      + CS           6.206E-21

SO                     LOSS RXS                INT RX RATE    TL =  9.08E+08
 110) SO      + HV      = S       + O            1.212E+05
 115) SO      + O2      = O       + SO2          3.119E+06
 116) SO      + HO2     = SO2     + OH           1.203E+08
 117) SO      + O       = SO2     +              6.412E+06
 118) SO      + OH      = SO2     + H            1.523E+06
 161) SO      + NO2     = SO2     + NO           6.527E+08
 162) SO      + O3      = SO2     + O2           3.733E+06
 167) SO      + SO      = SO2     + S            1.281E+02
 168) SO3     + SO      = SO2     + SO2          1.506E-01
 170) SO      + HO2     = HSO     + O2           1.203E+08
 171) SO      + HCO     = HSO     + CO           5.417E+02
 172) H       + SO      = HSO     +              2.895E+04
 210) CS2     + SO      = OCS     + S2           1.231E-29

CO2                 PRODUCTION RXS              INT RX RATE    TP =  2.30E+11
  31) CO      + OH      = CO2     + H            2.289E+11
  32) CO      + O       = CO2     +              1.261E+09
  37) O       + HCO     = H       + CO2          6.366E+06
 185) O       + OCS     = S       + CO2          3.464E-04
 187) OCS     + OH      = CO2     + HS           9.187E-02
 200) CS      + O3      = SO      + CO2          1.246E-17
 263) CH3O    + CO      = CH3     + CO2          3.022E-02

CO2                    LOSS RXS                INT RX RATE    TL =  2.21E+11
  29) CO2     + HV      = CO      + O            3.431E+10
  30) CO2     + HV      = CO      + O1D          1.867E+11
  96) CH21    + CO2     = H2CO    + CO           4.089E-02
  98) CH23    + CO2     = H2CO    + CO           2.356E-01
 169) S       + CO2     = SO      + CO           5.741E+02
 247) CH      + CO2     = HCO     + CO           9.049E-01

SO4AER              PRODUCTION RXS              INT RX RATE    TP =  4.55E+08

SO4AER                 LOSS RXS                INT RX RATE    TL =  4.51E+08

S8AER               PRODUCTION RXS              INT RX RATE    TP =  6.13E-30
 148) S4      + S4      = S8AER   +              6.128E-30

S8AER                  LOSS RXS                INT RX RATE    TL =  1.73E-19

HCAER               PRODUCTION RXS              INT RX RATE    TP =  1.92E-32
 391) C2H     + C2H2    = HCAER   + H            1.917E-32

HCAER                  LOSS RXS                INT RX RATE    TL =  1.73E-19

HCAER2              PRODUCTION RXS              INT RX RATE    TP =  6.13E-44
 392) C2H     + CH2CCH2 = HCAER2  + H            6.127E-44

HCAER2                 LOSS RXS                INT RX RATE    TL =  1.73E-19

HNO2                PRODUCTION RXS              INT RX RATE    TP =  0.00E+00
  83) NO      + OH      = HNO2    +              1.149E+08
 109) HO2     + NO2     = HNO2    + O2           2.628E+06
 267) NO2     + CH3O    = H2CO    + HNO2         3.136E+01

HNO2                   LOSS RXS                INT RX RATE    TL =  0.00E+00
  51) HNO2    + HV      = NO      + OH           1.175E+08
  92) HNO2    + OH      = H2O     + NO2          1.479E+04

O1D                 PRODUCTION RXS              INT RX RATE    TP =  0.00E+00
  23) O2      + HV      = O       + O1D          9.490E+09
  26) O3      + HV      = O2      + O1D          7.037E+09
  30) CO2     + HV      = CO      + O1D          1.867E+11

O1D                    LOSS RXS                INT RX RATE    TL =  0.00E+00
   1) H2O     + O1D     = OH      + OH           3.522E+07
   2) H2      + O1D     = OH      + H            8.777E+06
  21) O1D     + M       = O       + M            2.028E+11
  22) O1D     + O2      = O       + O2           2.143E+07
  56) CH4     + O1D     = CH3     + OH           2.195E-01
  57) CH4     + O1D     = H2CO    + H2           1.463E-02
 101) C2H6    + O1D     = C2H5    + OH           1.617E-10
 105) CO      + O1D     = CO      + O            3.536E+08
 268) O1D     + CH4     = CH3O    + H            5.853E-02
 338) C3H8    + O1D     = C3H7    + OH           2.954E-26

CH21                PRODUCTION RXS              INT RX RATE    TP =  0.00E+00
 234) CH4     + HV      = CH21    + H2           1.937E+01
 341) C3H8    + HV      = C2H6    + CH21         1.061E-24
 386) C2H6    + HV      = CH4     + CH21         3.961E-10

CH21                   LOSS RXS                INT RX RATE    TL =  0.00E+00
  58) CH21    + CH4     = CH3     + CH3          2.559E-11
  59) CH21    + O2      = HCO     + OH           5.222E-03
  60) CH21    + M       = CH23    + M            1.932E+01
  94) CH21    + H2      = CH3     + H            1.481E-07
  95) CH21    + H2      = CH23    + H2           3.732E-04
  96) CH21    + CO2     = H2CO    + CO           4.089E-02
 229) CH21    + S2      = HCS     + HS           5.414E-31

C                   PRODUCTION RXS              INT RX RATE    TP =  0.00E+00
 242) CH      + H       = C       + H2           9.932E-03
 248) CH      + HV      = C       + H            2.992E-06
 290) C2      + S       = C       + CS           7.208E-23
 292) C2      + O       = C       + CO           8.312E-12

C                      LOSS RXS                INT RX RATE    TL =  0.00E+00
 237) C       + OH      = CO      + H            1.096E-09
 238) C       + H2      = CH23    +              1.727E-07
 239) C       + O2      = CO      + O            9.935E-03
 240) C       + HS      = CS      + H            9.149E-19
 241) C       + S2      = CS      + S            6.777E-29

SO21                PRODUCTION RXS              INT RX RATE    TP =  0.00E+00
 113) SO2     + HV      = SO21    +              8.678E+09

SO21                   LOSS RXS                INT RX RATE    TL =  0.00E+00
 152) SO21    + HV      = SO23    +              3.693E-07
 153) SO21    + HV      = SO2     +              3.693E-06
 154) SO21    + HV      = SO23    + HV           5.539E+08
 155) SO21    + HV      = SO2     + HV           8.124E+09
 156) SO21    + O2      = SO3     + O            1.857E+01
 157) SO21    + SO2     = SO3     + SO           5.951E+03

SO23                PRODUCTION RXS              INT RX RATE    TP =  0.00E+00
 114) SO2     + HV      = SO23    +              8.086E+07
 152) SO21    + HV      = SO23    +              3.693E-07
 154) SO21    + HV      = SO23    + HV           5.539E+08

SO23                   LOSS RXS                INT RX RATE    TL =  0.00E+00
 158) SO23    + HV      = SO2     +              8.426E-08
 159) SO23    + HV      = SO2     + HV           6.348E+08
 160) SO23    + SO2     = SO3     + SO           1.592E+02

HSO3                PRODUCTION RXS              INT RX RATE    TP =  0.00E+00
 119) SO2     + OH      = HSO3    +              2.931E+08

HSO3                   LOSS RXS                INT RX RATE    TL =  0.00E+00
 122) HSO3    + O2      = HO2     + SO3          2.930E+08
 123) HSO3    + OH      = H2O     + SO3          2.206E+03
 124) HSO3    + H       = H2      + SO3          7.267E+03
 125) HSO3    + O       = OH      + SO3          1.367E+05

OCS2                PRODUCTION RXS              INT RX RATE    TP =  0.00E+00
 192) OCS     + S       = OCS2    +              2.986E-05

OCS2                   LOSS RXS                INT RX RATE    TL =  0.00E+00
 193) OCS2    + S       = OCS     + S2           7.745E-18
 196) OCS2    + CO      = OCS     + OCS          2.986E-05

CS2X                PRODUCTION RXS              INT RX RATE    TP =  0.00E+00
 214) CS2     + HV      = CS2X    +              5.759E-23

CS2X                   LOSS RXS                INT RX RATE    TL =  0.00E+00
 205) CS2X    + M       = CS2     + M            5.759E-23
 206) CS2X    + O2      = CS      + SO2          4.488E-29
 207) CS2X    + CS2     = CS      + CS      S2   8.928E-63

S3                  PRODUCTION RXS              INT RX RATE    TP =  0.00E+00
 145) S       + S2      = S3      +              5.928E-11

S3                     LOSS RXS                INT RX RATE    TL =  0.00E+00
 147) S       + S3      = S4      +              1.077E-17
 150) S3      + HV      = S2      + S            5.928E-11

S4                  PRODUCTION RXS              INT RX RATE    TP =  0.00E+00
 146) S2      + S2      = S4      +              8.204E-13
 147) S       + S3      = S4      +              1.077E-17

S4                     LOSS RXS                INT RX RATE    TL =  0.00E+00
 148) S4      + S4      = S8AER   +              6.128E-30
 149) S4      + HV      = S2      + S2           1.159E-13

N2                  PRODUCTION RXS              INT RX RATE    TP =  0.00E+00
  75) N       + N       = N2      +              8.483E+03
  79) N       + NO      = N2      + O            5.014E+07

N2                     LOSS RXS                INT RX RATE    TL =  0.00E+00
