
 HC AEROSOL PARAMETERS

    Z        AERSOL     RPAR      RFRAC      WFALL     TAUSED    TAUEDD    TAUC      CONVER
  2.500E+04 1.826E-08 1.990E-04 4.998E-04 4.153E-06 6.112E+14 6.441E+13 1.834E+17 2.506E+11
  1.250E+05 2.219E-08 1.990E-04 4.998E-04 4.212E-06 5.906E+14 6.188E+13 1.517E+17 2.506E+11
  2.250E+05 3.139E-08 1.990E-04 4.998E-04 4.279E-06 5.691E+14 5.929E+13 1.078E+17 2.506E+11
  3.250E+05 4.518E-08 1.990E-04 4.998E-04 4.352E-06 5.472E+14 5.671E+13 7.523E+16 2.506E+11
  4.250E+05 6.324E-08 1.990E-04 4.998E-04 4.439E-06 5.230E+14 5.391E+13 5.402E+16 2.506E+11
  5.250E+05 8.580E-08 1.990E-04 4.998E-04 4.546E-06 4.961E+14 5.086E+13 4.002E+16 2.506E+11
  6.250E+05 1.131E-07 1.990E-04 4.998E-04 4.666E-06 4.687E+14 4.783E+13 3.050E+16 2.506E+11
  7.250E+05 1.443E-07 1.990E-04 4.998E-04 4.756E-06 4.499E+14 4.577E+13 2.398E+16 2.506E+11
  8.250E+05 1.803E-07 1.990E-04 4.998E-04 4.844E-06 4.326E+14 4.391E+13 1.924E+16 2.506E+11
  9.250E+05 2.201E-07 1.990E-04 4.998E-04 4.917E-06 4.192E+14 4.248E+13 1.578E+16 2.506E+11
  1.025E+06 2.660E-07 1.990E-04 4.998E-04 4.941E-06 4.149E+14 5.253E+13 1.306E+16 2.506E+11
  1.125E+06 3.549E-07 1.990E-04 4.998E-04 4.954E-06 4.126E+14 1.393E+14 9.795E+15 2.506E+11
  1.225E+06 5.640E-07 1.990E-04 4.998E-04 4.945E-06 4.141E+14 2.467E+14 6.163E+15 2.506E+11
  1.325E+06 9.501E-07 1.990E-04 4.998E-04 4.926E-06 4.174E+14 5.286E+14 3.657E+15 2.506E+11
  1.425E+06 1.628E-06 1.990E-04 4.998E-04 4.908E-06 4.208E+14 7.352E+14 2.134E+15 2.506E+11
  1.525E+06 2.492E-06 1.990E-04 4.998E-04 4.888E-06 4.243E+14 9.351E+14 1.394E+15 2.506E+11
  1.625E+06 3.527E-06 1.990E-04 4.998E-04 4.867E-06 4.282E+14 1.086E+15 9.841E+14 2.506E+11
  1.725E+06 4.640E-06 1.990E-04 4.998E-04 4.844E-06 4.326E+14 1.126E+15 7.476E+14 2.506E+11
  1.825E+06 5.759E-06 1.990E-04 4.998E-04 4.820E-06 4.371E+14 1.138E+15 6.021E+14 2.506E+11
  1.925E+06 6.846E-06 1.990E-04 4.998E-04 4.798E-06 4.413E+14 1.093E+15 5.062E+14 2.506E+11
  2.025E+06 7.840E-06 1.990E-04 4.998E-04 4.779E-06 4.451E+14 9.835E+14 4.418E+14 2.506E+11
  2.125E+06 8.726E-06 1.990E-04 4.998E-04 4.761E-06 4.486E+14 8.944E+14 3.968E+14 2.506E+11
  2.225E+06 9.512E-06 1.990E-04 4.998E-04 4.746E-06 4.516E+14 7.920E+14 3.638E+14 2.506E+11
  2.325E+06 1.020E-05 1.990E-04 4.998E-04 4.734E-06 4.541E+14 7.002E+14 3.391E+14 2.506E+11
  2.425E+06 1.081E-05 1.990E-04 4.998E-04 4.724E-06 4.561E+14 6.190E+14 3.200E+14 2.506E+11
  2.525E+06 1.135E-05 1.990E-04 4.998E-04 4.717E-06 4.575E+14 5.480E+14 3.048E+14 2.506E+11
  2.625E+06 1.183E-05 1.990E-04 4.998E-04 4.713E-06 4.583E+14 4.912E+14 2.923E+14 2.506E+11
  2.725E+06 1.227E-05 1.990E-04 4.998E-04 4.712E-06 4.587E+14 4.406E+14 2.819E+14 2.506E+11
  2.825E+06 1.266E-05 1.990E-04 4.998E-04 4.712E-06 4.586E+14 3.891E+14 2.731E+14 2.506E+11
  2.925E+06 1.302E-05 1.990E-04 4.998E-04 4.713E-06 4.583E+14 3.589E+14 2.656E+14 2.506E+11
  3.025E+06 1.335E-05 1.990E-04 4.998E-04 4.715E-06 4.579E+14 3.260E+14 2.591E+14 2.506E+11
  3.125E+06 1.365E-05 1.990E-04 4.998E-04 4.717E-06 4.575E+14 2.911E+14 2.534E+14 2.506E+11
  3.225E+06 1.391E-05 1.990E-04 4.998E-04 4.717E-06 4.575E+14 2.676E+14 2.486E+14 2.506E+11
  3.325E+06 1.412E-05 1.990E-04 4.998E-04 4.707E-06 4.595E+14 2.462E+14 2.448E+14 2.506E+11
  3.425E+06 1.539E-05 1.941E-04 4.846E-04 4.494E-06 4.831E+14 2.245E+14 2.245E+14 2.326E+11
  3.525E+06 1.676E-05 1.894E-04 4.699E-04 4.297E-06 5.065E+14 2.060E+14 2.060E+14 2.161E+11
  3.625E+06 1.888E-05 1.827E-04 4.492E-04 4.032E-06 5.405E+14 1.827E+14 1.827E+14 1.939E+11
  3.725E+06 2.099E-05 1.769E-04 4.316E-04 3.810E-06 5.728E+14 1.643E+14 1.643E+14 1.761E+11
  3.825E+06 2.308E-05 1.719E-04 4.163E-04 3.620E-06 6.039E+14 1.493E+14 1.493E+14 1.615E+11
  3.925E+06 2.586E-05 1.659E-04 3.982E-04 3.399E-06 6.440E+14 1.331E+14 1.331E+14 1.452E+11
  4.025E+06 2.864E-05 1.607E-04 3.826E-04 3.213E-06 6.821E+14 1.201E+14 1.201E+14 1.319E+11
  4.125E+06 3.144E-05 1.561E-04 3.690E-04 3.054E-06 7.182E+14 1.094E+14 1.094E+14 1.210E+11
  4.225E+06 3.496E-05 1.510E-04 3.539E-04 2.882E-06 7.614E+14 9.827E+13 9.827E+13 1.094E+11
  4.325E+06 3.924E-05 1.456E-04 3.381E-04 2.707E-06 8.105E+14 8.750E+13 8.750E+13 9.807E+10
  4.425E+06 4.425E-05 1.401E-04 3.223E-04 2.535E-06 8.649E+14 7.754E+13 7.754E+13 8.744E+10
  4.525E+06 4.785E-05 1.367E-04 3.127E-04 2.432E-06 9.011E+14 7.167E+13 7.167E+13 8.127E+10
  4.625E+06 5.426E-05 1.313E-04 2.972E-04 2.269E-06 9.657E+14 6.315E+13 6.315E+13 7.198E+10
  4.725E+06 5.987E-05 1.272E-04 2.857E-04 2.147E-06 1.021E+15 5.718E+13 5.718E+13 6.544E+10
  4.825E+06 6.535E-05 1.236E-04 2.757E-04 2.042E-06 1.075E+15 5.234E+13 5.234E+13 6.007E+10
  4.925E+06 7.192E-05 1.197E-04 2.649E-04 1.928E-06 1.142E+15 4.750E+13 4.750E+13 5.458E+10
  5.025E+06 7.799E-05 1.164E-04 2.558E-04 1.829E-06 1.210E+15 4.373E+13 4.373E+13 5.020E+10
  5.125E+06 8.388E-05 1.135E-04 2.478E-04 1.743E-06 1.277E+15 4.060E+13 4.060E+13 4.653E+10
  5.225E+06 9.041E-05 1.107E-04 2.400E-04 1.662E-06 1.345E+15 3.761E+13 3.761E+13 4.309E+10
  5.325E+06 9.810E-05 1.077E-04 2.319E-04 1.581E-06 1.418E+15 3.462E+13 3.462E+13 3.967E+10
  5.425E+06 1.075E-04 1.044E-04 2.232E-04 1.498E-06 1.500E+15 3.155E+13 3.155E+13 3.620E+10
  5.525E+06 1.193E-04 1.009E-04 2.139E-04 1.411E-06 1.593E+15 2.840E+13 2.840E+13 3.266E+10
  5.625E+06 1.341E-04 9.711E-05 2.039E-04 1.323E-06 1.698E+15 2.523E+13 2.523E+13 2.912E+10
  5.725E+06 1.532E-04 9.307E-05 1.933E-04 1.235E-06 1.812E+15 2.206E+13 2.206E+13 2.563E+10
  5.825E+06 1.780E-04 8.882E-05 1.824E-04 1.148E-06 1.933E+15 1.899E+13 1.899E+13 2.228E+10
  5.925E+06 2.093E-04 8.450E-05 1.713E-04 1.064E-06 2.060E+15 1.614E+13 1.614E+13 1.918E+10
  6.025E+06 2.481E-04 8.022E-05 1.606E-04 9.853E-07 2.197E+15 1.362E+13 1.362E+13 1.642E+10
  6.125E+06 2.956E-04 7.607E-05 1.504E-04 9.109E-07 2.341E+15 1.143E+13 1.143E+13 1.400E+10
  6.225E+06 3.538E-04 7.207E-05 1.409E-04 8.414E-07 2.493E+15 9.546E+12 9.546E+12 1.190E+10
  6.325E+06 4.262E-04 6.820E-05 1.321E-04 7.765E-07 2.647E+15 7.922E+12 7.922E+12 1.009E+10
  6.425E+06 5.196E-04 6.443E-05 1.241E-04 7.156E-07 2.796E+15 6.499E+12 6.499E+12 8.502E+09
  6.525E+06 6.497E-04 6.062E-05 1.170E-04 6.585E-07 2.919E+15 5.202E+12 5.202E+12 7.084E+09
  6.625E+06 8.434E-04 5.672E-05 1.108E-04 6.051E-07 2.988E+15 4.007E+12 4.007E+12 5.802E+09
  6.725E+06 1.098E-03 5.310E-05 1.064E-04 5.532E-07 3.063E+15 3.072E+12 3.072E+12 4.760E+09
  6.825E+06 1.265E-03 5.176E-05 1.051E-04 5.560E-07 2.856E+15 2.521E+12 2.653E+12 4.408E+09
  6.925E+06 1.236E-03 5.176E-05 1.051E-04 5.417E-07 3.003E+15 2.646E+12 2.721E+12 4.408E+09
  7.025E+06 1.236E-03 5.176E-05 1.051E-04 5.416E-07 3.004E+15 2.647E+12 2.721E+12 4.408E+09
  7.125E+06 1.236E-03 5.176E-05 1.051E-04 5.415E-07 3.005E+15 2.648E+12 2.720E+12 4.408E+09
  7.225E+06 1.236E-03 5.176E-05 1.051E-04 5.414E-07 3.007E+15 2.650E+12 2.720E+12 4.408E+09
  7.325E+06 1.236E-03 5.176E-05 1.051E-04 5.413E-07 3.008E+15 2.651E+12 2.720E+12 4.408E+09
  7.425E+06 1.236E-03 5.176E-05 1.051E-04 5.411E-07 3.010E+15 2.652E+12 2.719E+12 4.408E+09
  7.525E+06 1.237E-03 5.176E-05 1.051E-04 5.410E-07 3.011E+15 2.654E+12 2.719E+12 4.408E+09
  7.625E+06 1.237E-03 5.176E-05 1.051E-04 5.409E-07 3.013E+15 2.655E+12 2.719E+12 4.408E+09
  7.725E+06 1.237E-03 5.176E-05 1.051E-04 5.408E-07 3.014E+15 2.657E+12 2.718E+12 4.408E+09
  7.825E+06 1.237E-03 5.176E-05 1.051E-04 5.407E-07 3.015E+15 2.658E+12 2.718E+12 4.408E+09
  7.925E+06 1.237E-03 5.176E-05 1.051E-04 5.405E-07 3.017E+15 2.660E+12 2.718E+12 4.408E+09
  8.025E+06 1.237E-03 5.176E-05 1.051E-04 5.404E-07 3.019E+15 2.661E+12 2.717E+12 4.408E+09
  8.125E+06 1.237E-03 5.176E-05 1.051E-04 5.403E-07 3.020E+15 2.663E+12 2.717E+12 4.408E+09
  8.225E+06 1.238E-03 5.176E-05 1.051E-04 5.402E-07 3.022E+15 2.665E+12 2.717E+12 4.408E+09
  8.325E+06 1.238E-03 5.176E-05 1.051E-04 5.401E-07 3.024E+15 2.666E+12 2.716E+12 4.408E+09
  8.425E+06 1.238E-03 5.176E-05 1.051E-04 5.399E-07 3.025E+15 2.668E+12 2.716E+12 4.408E+09
  8.525E+06 1.238E-03 5.176E-05 1.051E-04 5.398E-07 3.027E+15 2.670E+12 2.716E+12 4.408E+09
  8.625E+06 1.238E-03 5.176E-05 1.051E-04 5.397E-07 3.029E+15 2.672E+12 2.715E+12 4.408E+09
  8.725E+06 1.238E-03 5.176E-05 1.051E-04 5.396E-07 3.031E+15 2.675E+12 2.715E+12 4.408E+09
  8.825E+06 1.238E-03 5.176E-05 1.051E-04 5.395E-07 3.033E+15 2.677E+12 2.715E+12 4.408E+09
  8.925E+06 1.239E-03 5.176E-05 1.051E-04 5.393E-07 3.035E+15 2.680E+12 2.714E+12 4.408E+09
  9.025E+06 1.239E-03 5.176E-05 1.051E-04 5.392E-07 3.037E+15 2.682E+12 2.714E+12 4.408E+09
  9.125E+06 1.239E-03 5.176E-05 1.051E-04 5.391E-07 3.040E+15 2.685E+12 2.714E+12 4.408E+09
  9.225E+06 1.239E-03 5.176E-05 1.051E-04 5.390E-07 3.042E+15 2.688E+12 2.713E+12 4.408E+09
  9.325E+06 1.239E-03 5.176E-05 1.051E-04 5.389E-07 3.044E+15 2.691E+12 2.713E+12 4.408E+09
  9.425E+06 1.239E-03 5.176E-05 1.051E-04 5.387E-07 3.047E+15 2.694E+12 2.713E+12 4.408E+09
  9.525E+06 1.239E-03 5.176E-05 1.051E-04 5.386E-07 3.049E+15 2.697E+12 2.713E+12 4.408E+09
  9.625E+06 1.240E-03 5.176E-05 1.051E-04 5.385E-07 3.052E+15 2.700E+12 2.712E+12 4.408E+09
  9.725E+06 1.240E-03 5.176E-05 1.051E-04 5.384E-07 3.054E+15 2.703E+12 2.712E+12 4.408E+09
  9.825E+06 1.240E-03 5.176E-05 1.051E-04 5.383E-07 3.056E+15 2.707E+12 2.712E+12 4.408E+09
  9.925E+06 1.240E-03 5.176E-05 1.051E-04 5.381E-07 3.059E+15 2.710E+12 2.711E+12 4.408E+09
