
 HC AEROSOL PARAMETERS

    Z        AERSOL     RPAR      RFRAC      WFALL     TAUSED    TAUEDD    TAUC      CONVER
  2.500E+04 0.000E+00 1.323E-05 3.356E-05 4.153E-06 0.000E+00 6.441E+13 0.000E+00 1.957E+11
  1.250E+05 0.000E+00 1.323E-05 3.356E-05 4.212E-06 0.000E+00 6.188E+13 0.000E+00 1.957E+11
  2.250E+05 0.000E+00 1.323E-05 3.356E-05 4.279E-06 0.000E+00 5.929E+13 0.000E+00 1.957E+11
  3.250E+05 0.000E+00 1.323E-05 3.356E-05 4.352E-06 0.000E+00 5.671E+13 0.000E+00 1.957E+11
  4.250E+05 0.000E+00 1.323E-05 3.356E-05 4.439E-06 0.000E+00 5.391E+13 0.000E+00 1.957E+11
  5.250E+05 0.000E+00 1.323E-05 3.356E-05 4.546E-06 0.000E+00 5.086E+13 0.000E+00 1.957E+11
  6.250E+05 0.000E+00 1.323E-05 3.356E-05 4.666E-06 0.000E+00 4.783E+13 0.000E+00 1.957E+11
  7.250E+05 0.000E+00 1.323E-05 3.356E-05 4.756E-06 0.000E+00 4.577E+13 0.000E+00 1.957E+11
  8.250E+05 0.000E+00 1.323E-05 3.356E-05 4.844E-06 0.000E+00 4.391E+13 0.000E+00 1.957E+11
  9.250E+05 0.000E+00 1.323E-05 3.356E-05 4.917E-06 0.000E+00 4.248E+13 0.000E+00 1.957E+11
  1.025E+06 0.000E+00 1.323E-05 3.356E-05 4.941E-06 0.000E+00 5.253E+13 0.000E+00 1.957E+11
  1.125E+06 0.000E+00 1.323E-05 3.356E-05 4.954E-06 0.000E+00 1.393E+14 0.000E+00 1.957E+11
  1.225E+06 0.000E+00 1.323E-05 3.356E-05 4.945E-06 0.000E+00 2.467E+14 0.000E+00 1.957E+11
  1.325E+06 0.000E+00 1.323E-05 3.356E-05 4.926E-06 0.000E+00 5.286E+14 0.000E+00 1.957E+11
  1.425E+06 0.000E+00 1.323E-05 3.356E-05 4.908E-06 0.000E+00 7.352E+14 0.000E+00 1.957E+11
  1.525E+06 0.000E+00 1.323E-05 3.356E-05 4.888E-06 0.000E+00 9.351E+14 0.000E+00 1.957E+11
  1.625E+06 0.000E+00 1.323E-05 3.356E-05 4.867E-06 0.000E+00 1.086E+15 0.000E+00 1.957E+11
  1.725E+06 0.000E+00 1.323E-05 3.356E-05 4.844E-06 0.000E+00 1.126E+15 0.000E+00 1.957E+11
  1.825E+06 0.000E+00 1.323E-05 3.356E-05 4.820E-06 0.000E+00 1.138E+15 0.000E+00 1.957E+11
  1.925E+06 0.000E+00 1.323E-05 3.356E-05 4.798E-06 0.000E+00 1.093E+15 0.000E+00 1.957E+11
  2.025E+06 0.000E+00 1.323E-05 3.356E-05 4.779E-06 0.000E+00 9.835E+14 0.000E+00 1.957E+11
  2.125E+06 0.000E+00 1.323E-05 3.356E-05 4.761E-06 0.000E+00 8.944E+14 0.000E+00 1.957E+11
  2.225E+06 0.000E+00 1.323E-05 3.356E-05 4.746E-06 0.000E+00 7.920E+14 0.000E+00 1.957E+11
  2.325E+06 0.000E+00 1.321E-05 3.348E-05 4.734E-06 0.000E+00 7.002E+14 0.000E+00 1.957E+11
  2.425E+06 0.000E+00 1.315E-05 3.319E-05 4.724E-06 0.000E+00 6.190E+14 0.000E+00 1.957E+11
  2.525E+06 0.000E+00 1.305E-05 3.276E-05 4.717E-06 0.000E+00 5.480E+14 0.000E+00 1.957E+11
  2.625E+06 0.000E+00 1.297E-05 3.237E-05 4.713E-06 0.000E+00 4.912E+14 0.000E+00 1.957E+11
  2.725E+06 0.000E+00 1.286E-05 3.189E-05 4.712E-06 0.000E+00 4.406E+14 0.000E+00 1.957E+11
  2.825E+06 0.000E+00 1.269E-05 3.109E-05 4.712E-06 0.000E+00 3.891E+14 0.000E+00 1.957E+11
  2.925E+06 0.000E+00 1.262E-05 3.079E-05 4.713E-06 0.000E+00 3.589E+14 0.000E+00 1.957E+11
  3.025E+06 0.000E+00 1.250E-05 3.022E-05 4.715E-06 0.000E+00 3.260E+14 0.000E+00 1.957E+11
  3.125E+06 0.000E+00 1.230E-05 2.931E-05 4.717E-06 0.000E+00 2.911E+14 0.000E+00 1.957E+11
  3.225E+06 0.000E+00 1.216E-05 2.871E-05 4.717E-06 0.000E+00 2.676E+14 0.000E+00 1.957E+11
  3.325E+06 0.000E+00 1.201E-05 2.802E-05 4.707E-06 0.000E+00 2.462E+14 0.000E+00 1.957E+11
  3.425E+06 0.000E+00 1.179E-05 2.708E-05 4.494E-06 0.000E+00 2.245E+14 0.000E+00 1.818E+11
  3.525E+06 0.000E+00 1.156E-05 2.608E-05 4.297E-06 0.000E+00 2.060E+14 0.000E+00 1.688E+11
  3.625E+06 0.000E+00 1.115E-05 2.434E-05 4.032E-06 0.000E+00 1.827E+14 0.000E+00 1.515E+11
  3.725E+06 0.000E+00 1.068E-05 2.244E-05 3.810E-06 0.000E+00 1.643E+14 0.000E+00 1.376E+11
  3.825E+06 0.000E+00 1.011E-05 2.018E-05 3.620E-06 0.000E+00 1.493E+14 0.000E+00 1.262E+11
  3.925E+06 0.000E+00 9.112E-06 1.646E-05 3.399E-06 0.000E+00 1.331E+14 0.000E+00 1.134E+11
  4.025E+06 0.000E+00 7.420E-06 1.098E-05 3.213E-06 0.000E+00 1.201E+14 0.000E+00 1.031E+11
  4.125E+06 0.000E+00 5.289E-06 5.594E-06 3.054E-06 0.000E+00 1.094E+14 0.000E+00 9.451E+10
  4.225E+06 0.000E+00 4.659E-06 4.659E-06 2.882E-06 0.000E+00 9.827E+13 0.000E+00 8.548E+10
  4.325E+06 0.000E+00 4.276E-06 4.276E-06 2.707E-06 0.000E+00 8.750E+13 0.000E+00 7.662E+10
  4.425E+06 0.000E+00 3.917E-06 3.917E-06 2.535E-06 0.000E+00 7.754E+13 0.000E+00 6.831E+10
  4.525E+06 0.000E+00 3.651E-06 3.651E-06 2.432E-06 0.000E+00 7.167E+13 0.000E+00 6.349E+10
  4.625E+06 0.000E+00 3.339E-06 3.339E-06 2.269E-06 0.000E+00 6.315E+13 0.000E+00 5.623E+10
  4.725E+06 0.000E+00 3.087E-06 3.087E-06 2.147E-06 0.000E+00 5.718E+13 0.000E+00 5.112E+10
  4.825E+06 0.000E+00 2.867E-06 2.867E-06 2.042E-06 0.000E+00 5.234E+13 0.000E+00 4.693E+10
  4.925E+06 0.000E+00 2.654E-06 2.654E-06 1.928E-06 0.000E+00 4.750E+13 0.000E+00 4.264E+10
  5.025E+06 0.000E+00 2.470E-06 2.470E-06 1.829E-06 0.000E+00 4.373E+13 0.000E+00 3.922E+10
  5.125E+06 0.000E+00 2.309E-06 2.309E-06 1.743E-06 0.000E+00 4.060E+13 0.000E+00 3.635E+10
  5.225E+06 0.000E+00 2.158E-06 2.158E-06 1.662E-06 0.000E+00 3.761E+13 0.000E+00 3.366E+10
  5.325E+06 0.000E+00 2.014E-06 2.014E-06 1.581E-06 0.000E+00 3.462E+13 0.000E+00 3.099E+10
  5.425E+06 0.000E+00 1.872E-06 1.872E-06 1.498E-06 0.000E+00 3.155E+13 0.000E+00 2.828E+10
  5.525E+06 0.000E+00 1.733E-06 1.733E-06 1.411E-06 0.000E+00 2.840E+13 0.000E+00 2.552E+10
  5.625E+06 0.000E+00 1.595E-06 1.595E-06 1.323E-06 0.000E+00 2.523E+13 0.000E+00 2.275E+10
  5.725E+06 0.000E+00 1.460E-06 1.460E-06 1.235E-06 0.000E+00 2.206E+13 0.000E+00 2.002E+10
  5.825E+06 0.000E+00 1.327E-06 1.327E-06 1.148E-06 0.000E+00 1.899E+13 0.000E+00 1.741E+10
  5.925E+06 0.000E+00 1.200E-06 1.200E-06 1.064E-06 0.000E+00 1.614E+13 0.000E+00 1.499E+10
  6.025E+06 0.000E+00 1.080E-06 1.080E-06 9.853E-07 0.000E+00 1.362E+13 0.000E+00 1.282E+10
  6.125E+06 0.000E+00 9.697E-07 9.697E-07 9.109E-07 0.000E+00 1.143E+13 0.000E+00 1.093E+10
  6.225E+06 0.000E+00 8.678E-07 8.678E-07 8.414E-07 0.000E+00 9.546E+12 0.000E+00 9.297E+09
  6.325E+06 0.000E+00 7.738E-07 7.738E-07 7.765E-07 0.000E+00 7.922E+12 0.000E+00 7.880E+09
  6.425E+06 0.000E+00 6.864E-07 6.864E-07 7.156E-07 0.000E+00 6.499E+12 0.000E+00 6.643E+09
  6.525E+06 0.000E+00 6.030E-07 6.030E-07 6.585E-07 0.000E+00 5.202E+12 0.000E+00 5.535E+09
  6.625E+06 0.000E+00 5.217E-07 5.217E-07 6.051E-07 0.000E+00 4.007E+12 0.000E+00 4.533E+09
  6.725E+06 0.000E+00 4.488E-07 4.488E-07 5.532E-07 0.000E+00 3.072E+12 0.000E+00 3.719E+09
  6.825E+06 0.000E+00 3.948E-07 3.948E-07 5.560E-07 0.000E+00 2.521E+12 0.000E+00 3.444E+09
  6.925E+06 0.000E+00 3.765E-07 3.765E-07 5.417E-07 0.000E+00 2.646E+12 0.000E+00 3.444E+09
  7.025E+06 0.000E+00 3.549E-07 3.549E-07 5.416E-07 0.000E+00 2.647E+12 0.000E+00 3.444E+09
  7.125E+06 0.000E+00 3.354E-07 3.354E-07 5.415E-07 0.000E+00 2.648E+12 0.000E+00 3.444E+09
  7.225E+06 0.000E+00 3.177E-07 3.177E-07 5.414E-07 0.000E+00 2.650E+12 0.000E+00 3.444E+09
  7.325E+06 0.000E+00 3.019E-07 3.019E-07 5.413E-07 0.000E+00 2.651E+12 0.000E+00 3.444E+09
  7.425E+06 0.000E+00 2.876E-07 2.876E-07 5.411E-07 0.000E+00 2.652E+12 0.000E+00 3.444E+09
  7.525E+06 0.000E+00 2.749E-07 2.749E-07 5.410E-07 0.000E+00 2.654E+12 0.000E+00 3.444E+09
  7.625E+06 0.000E+00 2.635E-07 2.635E-07 5.409E-07 0.000E+00 2.655E+12 0.000E+00 3.444E+09
  7.725E+06 0.000E+00 2.534E-07 2.534E-07 5.408E-07 0.000E+00 2.657E+12 0.000E+00 3.444E+09
  7.825E+06 0.000E+00 2.445E-07 2.445E-07 5.407E-07 0.000E+00 2.658E+12 0.000E+00 3.444E+09
  7.925E+06 0.000E+00 2.366E-07 2.366E-07 5.405E-07 0.000E+00 2.660E+12 0.000E+00 3.444E+09
  8.025E+06 0.000E+00 2.295E-07 2.295E-07 5.404E-07 0.000E+00 2.661E+12 0.000E+00 3.444E+09
  8.125E+06 0.000E+00 2.232E-07 2.232E-07 5.403E-07 0.000E+00 2.663E+12 0.000E+00 3.444E+09
  8.225E+06 0.000E+00 2.175E-07 2.175E-07 5.402E-07 0.000E+00 2.665E+12 0.000E+00 3.444E+09
  8.325E+06 0.000E+00 2.122E-07 2.122E-07 5.401E-07 0.000E+00 2.666E+12 0.000E+00 3.444E+09
  8.425E+06 0.000E+00 2.073E-07 2.073E-07 5.399E-07 0.000E+00 2.668E+12 0.000E+00 3.444E+09
  8.525E+06 0.000E+00 2.024E-07 2.024E-07 5.398E-07 0.000E+00 2.670E+12 0.000E+00 3.444E+09
  8.625E+06 0.000E+00 1.972E-07 1.972E-07 5.397E-07 0.000E+00 2.672E+12 0.000E+00 3.444E+09
  8.725E+06 0.000E+00 1.912E-07 1.912E-07 5.396E-07 0.000E+00 2.675E+12 0.000E+00 3.444E+09
  8.825E+06 0.000E+00 1.839E-07 1.839E-07 5.395E-07 0.000E+00 2.677E+12 0.000E+00 3.444E+09
  8.925E+06 0.000E+00 1.746E-07 1.746E-07 5.393E-07 0.000E+00 2.680E+12 0.000E+00 3.444E+09
  9.025E+06 0.000E+00 1.634E-07 1.634E-07 5.392E-07 0.000E+00 2.682E+12 0.000E+00 3.444E+09
  9.125E+06 0.000E+00 1.507E-07 1.507E-07 5.391E-07 0.000E+00 2.685E+12 0.000E+00 3.444E+09
  9.225E+06 0.000E+00 1.373E-07 1.373E-07 5.390E-07 0.000E+00 2.688E+12 0.000E+00 3.444E+09
  9.325E+06 0.000E+00 1.300E-07 1.300E-07 5.389E-07 0.000E+00 2.691E+12 0.000E+00 3.444E+09
  9.425E+06 0.000E+00 1.300E-07 1.300E-07 5.387E-07 0.000E+00 2.694E+12 0.000E+00 3.444E+09
  9.525E+06 0.000E+00 1.300E-07 1.300E-07 5.386E-07 0.000E+00 2.697E+12 0.000E+00 3.444E+09
  9.625E+06 0.000E+00 1.300E-07 1.300E-07 5.385E-07 0.000E+00 2.700E+12 0.000E+00 3.444E+09
  9.725E+06 0.000E+00 1.300E-07 1.300E-07 5.384E-07 0.000E+00 2.703E+12 0.000E+00 3.444E+09
  9.825E+06 0.000E+00 1.300E-07 1.300E-07 5.383E-07 0.000E+00 2.707E+12 0.000E+00 3.444E+09
  9.925E+06 0.000E+00 1.300E-07 1.300E-07 5.381E-07 0.000E+00 2.710E+12 0.000E+00 3.444E+09
