
O                   PRODUCTION RXS              INT RX RATE    TP =  8.78E+10
   8) H       + HO2     = H2O     + O            7.794E+05
  20) OH      + OH      = H2O     + O            5.716E-02
  21) O1D     + M       = O       + M            1.710E+09
  22) O1D     + O2      = O       + O2           3.532E-01
  24) O2      + HV      = O       + O            8.809E+02
  27) O3      + HV      = O2      + O            8.032E+09
  29) CO2     + HV      = CO      + O            1.141E+08
  50) HO2     + HV      = OH      + O            7.243E+06
  53) NO      + HV      = N       + O            1.229E+02
  54) NO2     + HV      = NO      + O            7.744E+10
  76) N       + O2      = NO      + O            2.803E-01
  79) N       + NO      = N2      + O            9.164E+07
 105) CO      + O1D     = CO      + O            1.646E+06
 107) HNO3    + OH      = H2O     + NO2     O    1.689E+03
 110) SO      + HV      = S       + O            7.520E+02
 112) SO2     + HV      = SO      + O            1.987E+06
 115) SO      + O2      = O       + SO2          1.044E+03
 136) S       + O2      = SO      + O            2.358E+03
 151) SO3     + HV      = SO2     + O            8.509E+03
 156) SO21    + O2      = SO3     + O            1.984E-01
 173) HSO     + HV      = HS      + O            9.513E+05
 197) CS      + O2      = OCS     + O            3.225E-11
 239) C       + O2      = CO      + O            5.240E-11

O                      LOSS RXS                INT RX RATE    TL =  3.82E+12
   3) H2      + O       = OH      + H            2.998E+08
  10) OH      + O       = H       + O2           6.934E+05
  13) HO2     + O       = OH      + O2           4.161E+10
  17) O       + O       = O2      +              1.661E+09
  18) O       + O2      = O3      +              1.153E+10
  19) O       + O3      = O2      + O2           1.880E+06
  32) CO      + O       = CO2     +              3.499E+12
  37) O       + HCO     = H       + CO2          1.516E+10
  38) O       + HCO     = OH      + CO           1.516E+10
  48) H2CO    + O       = HCO     + OH           2.945E+09
  49) H2O2    + O       = OH      + HO2          2.145E+07
  65) CH3     + O       = H2CO    + H            4.030E+09
  81) NO      + O       = NO2     +              4.924E+10
  84) NO2     + O       = NO      + O2           5.352E+10
  90) O       + HNO     = OH      + NO           2.861E+09
  93) CH4     + O       = CH3     + OH           9.808E+10
  97) CH23    + O       = HCO     + H            6.640E+03
 100) C2H6    + O       = C2H5    + OH           1.804E+09
 117) SO      + O       = SO2     +              2.204E+07
 120) SO2     + O       = SO3     +              6.400E+07
 125) HSO3    + O       = OH      + SO3          2.095E+04
 128) H2S     + O       = OH      + HS           3.631E+06
 129) HS      + O       = H       + SO           2.667E+06
 142) S2      + O       = S       + SO           4.241E-03
 179) HSO     + O       = OH      + SO           4.721E+07
 184) O       + OCS     = CO      + SO           6.576E+03
 185) O       + OCS     = S       + CO2          1.284E-03
 202) CS2     + O       = SO      + CS           3.474E-11
 203) CS2     + O       = OCS     + S            3.257E-12
 209) CS2     + O       = CO      + S2           2.350E-12
 212) CS      + O       = CO      + S            8.068E-07
 223) C2H5    + O       = CH3     + HCO     H    4.059E+07
 224) C2H5    + O       = H2CO    + CH3          3.612E+07
 225) C2H5    + O       = CH3CHO  + H            1.799E+08
 243) CH      + O       = CO      + H            4.521E-07
 253) CH23    + O       = CH      + OH           5.312E+03
 254) CH23    + O       = CO      + H       H    5.511E+04
 260) CH3O2   + O       = H2CO    + HO2          3.158E+08
 273) CH2CO   + O       = H2CO    + CO           3.257E+09
 276) CH3CO   + O       = H2CO    + HCO          3.387E+08
 284) C2H     + O       = CO      + CH           1.376E-01
 292) C2      + O       = C       + CO           1.215E-04
 304) C2H4    + O       = HCO     + CH3          7.200E+08
 309) C2H2    + O       = CH23    + CO           1.910E+10
 310) C2H3    + O       = CH2CO   + H            2.887E+07
 322) C2H2OH  + O       = OH      + CH2CO        3.056E+05
 327) C2H4OH  + O       = OH      + CH3CHO       5.313E+03
 330) CH3CHO  + O       = CH3CO   + OH           1.717E+08
 337) C3H8    + O       = C3H7    + OH           1.805E+07
 352) C3H6    + O       = CH3     + CH3     CO   6.796E+08
 356) C3H7    + O       = C2H5CHO + H            2.118E+07

O2                  PRODUCTION RXS              INT RX RATE    TP =  1.24E+11
   5) H       + O3      = OH      + O2           1.405E+08
   7) H       + HO2     = H2      + O2           3.507E+06
  10) OH      + O       = H       + O2           6.934E+05
  11) OH      + HO2     = H2O     + O2           3.832E+05
  12) OH      + O3      = HO2     + O2           7.040E+02
  13) HO2     + O       = OH      + O2           4.161E+10
  14) HO2     + O3      = OH      + O2      O2   8.132E+06
  15) HO2     + HO2     = H2O2    + O2           1.563E+10
  17) O       + O       = O2      +              1.661E+09
  19) O       + O3      = O2      + O2           1.880E+06
  22) O1D     + O2      = O       + O2           3.532E-01
  26) O3      + HV      = O2      + O1D          2.575E+09
  27) O3      + HV      = O2      + O            8.032E+09
  77) N       + O3      = NO      + O2           1.876E+03
  80) NO      + O3      = NO2     + O2           3.835E+07
  84) NO2     + O       = NO      + O2           5.352E+10
 109) HO2     + NO2     = HNO2    + O2           3.691E+06
 131) HS      + HO2     = H2S     + O2           1.574E+05
 139) S       + HO2     = HS      + O2           4.316E+01
 162) SO      + O3      = SO2     + O2           3.487E+04
 164) HS      + O3      = HSO     + O2           6.602E+05
 166) S       + O3      = SO      + O2           1.884E+03
 170) SO      + HO2     = HSO     + O2           4.541E+06
 199) CS      + O3      = OCS     + O2           5.017E-06
 258) CH3O2   + H       = CH4     + O2           2.318E+05
 265) CH3     + O3      = CH3O    + O2           3.660E+08

O2                     LOSS RXS                INT RX RATE    TL =  2.15E+11
   6) H       + O2      = HO2     +              6.613E+08
  18) O       + O2      = O3      +              1.153E+10
  22) O1D     + O2      = O       + O2           3.532E-01
  24) O2      + HV      = O       + O            8.809E+02
  44) HCO     + O2      = HO2     + CO           1.322E+11
  63) CH23    + O2      = HCO     + OH           2.159E+05
  64) CH3     + O2      = H2CO    + OH           4.522E+10
  76) N       + O2      = NO      + O            2.803E-01
 104) C2H5    + O2      = CH3     + HCO     OH   2.539E+09
 115) SO      + O2      = O       + SO2          1.044E+03
 122) HSO3    + O2      = HO2     + SO3          6.814E+04
 130) HS      + O2      = OH      + SO           3.169E+00
 136) S       + O2      = SO      + O            2.358E+03
 156) SO21    + O2      = SO3     + O            1.984E-01
 197) CS      + O2      = OCS     + O            3.225E-11
 198) CS      + O2      = CO      + SO           4.031E-12
 206) CS2X    + O2      = CS      + SO2          7.883E-22
 239) C       + O2      = CO      + O            5.240E-11
 246) CH      + O2      = CO      + OH           8.087E-06
 257) CH3     + O2      = CH3O2   +              2.289E+10
 269) CH3O    + O2      = H2CO    + HO2          1.104E+08
 283) C2H     + O2      = CO      + HCO          4.211E+00
 293) C2      + O2      = CO      + CO           5.899E-05

H2O                 PRODUCTION RXS              INT RX RATE    TP =  4.46E+10
   4) H2      + OH      = H2O     + H            2.173E+08
   8) H       + HO2     = H2O     + O            7.794E+05
  11) OH      + HO2     = H2O     + O2           3.832E+05
  16) H2O2    + OH      = HO2     + H2O          5.989E+06
  20) OH      + OH      = H2O     + O            5.716E-02
  36) OH      + HCO     = H2O     + CO           1.117E+05
  45) H2CO    + OH      = H2O     + HCO          3.861E+07
  46) H       + OH      = H2O     +              5.350E+02
  55) CH4     + OH      = CH3     + H2O          1.329E+11
  91) OH      + HNO     = H2O     + NO           3.806E+04
  92) HNO2    + OH      = H2O     + NO2          2.394E+01
  99) C2H6    + OH      = C2H5    + H2O          9.108E+08
 107) HNO3    + OH      = H2O     + NO2     O    1.689E+03
 123) HSO3    + OH      = H2O     + SO3          1.179E+00
 126) H2S     + OH      = H2O     + HS           8.500E+05
 175) HSO     + OH      = H2O     + SO           2.447E+03
 191) H2S     + HO2     = H2O     + HSO          3.552E+07
 228) C2H5    + OH      = C2H4    + H2O          1.915E+02
 259) CH3O2   + H       = H2O     + H2CO         1.656E+05
 311) C2H3    + OH      = C2H2    + H2O          1.768E+01
 320) C2H2OH  + H       = H2O     + C2H2         6.770E+07
 323) C2H2OH  + OH      = H2O     + CH2CO        8.435E+02
 325) C2H4OH  + H       = H2O     + C2H4         6.561E+06
 328) C2H4OH  + OH      = H2O     + CH3CHO       2.221E+02
 331) CH3CHO  + OH      = CH3CO   + H2O          2.154E+04
 336) C3H8    + OH      = C3H7    + H2O          2.486E+05

H2O                    LOSS RXS                INT RX RATE    TL =  6.35E+07
   1) H2O     + O1D     = OH      + OH           1.409E+02
  25) H2O     + HV      = H       + OH           9.667E+02
 121) SO3     + H2O     = H2SO4   +              6.410E+07

H                   PRODUCTION RXS              INT RX RATE    TP =  9.42E+11
   2) H2      + O1D     = OH      + H            1.295E+06
   3) H2      + O       = OH      + H            2.998E+08
   4) H2      + OH      = H2O     + H            2.173E+08
  10) OH      + O       = H       + O2           6.934E+05
  25) H2O     + HV      = H       + OH           9.667E+02
  31) CO      + OH      = CO2     + H            1.705E+11
  37) O       + HCO     = H       + CO2          1.516E+10
  40) H2CO    + HV      = HCO     + H            1.257E+10
  41) HCO     + HV      = H       + CO           1.935E+11
  61) CH23    + H2      = CH3     + H            1.335E+09
  65) CH3     + O       = H2CO    + H            4.030E+09
  69) CH3     + HV      = CH23    + H            7.764E+06
  78) N       + OH      = NO      + H            7.156E+02
  88) HNO     + HV      = NO      + H            1.592E+11
  97) CH23    + O       = HCO     + H            6.640E+03
 111) H2S     + HV      = HS      + H            2.556E+07
 118) SO      + OH      = SO2     + H            3.194E+02
 129) HS      + O       = H       + SO           2.667E+06
 135) HS      + S       = H       + S2           3.643E-03
 137) S       + OH      = SO      + H            2.909E-03
 183) HS      + CO      = OCS     + H            1.379E-02
 188) S       + HCO     = OCS     + H            2.587E+02
 208) CS      + HS      = CS2     + H            2.881E-11
 218) S       + HCS     = H       + CS2          1.106E-11
 223) C2H5    + O       = CH3     + HCO     H    4.059E+07
 225) C2H5    + O       = CH3CHO  + H            1.799E+08
 232) CH23    + S       = HCS     + H            1.582E-05
 237) C       + OH      = CO      + H            7.104E-18
 240) C       + HS      = CS      + H            1.680E-17
 243) CH      + O       = CO      + H            4.521E-07
 244) CH      + H2      = CH23    + H            1.737E-03
 248) CH      + HV      = C       + H            2.299E-16
 249) CH      + S       = CS      + H            1.070E-15
 254) CH23    + O       = CO      + H       H    5.511E+04
 264) CH3     + OH      = CH3O    + H            1.612E+03
 268) O1D     + CH4     = CH3O    + H            1.723E+08
 280) C2H2    + HV      = C2H     + H            1.357E+06
 285) C2H     + H2      = C2H2    + H            4.121E+03
 288) C2      + H2      = C2H     + H            4.515E+00
 295) C2H4    + HV      = C2H2    + H       H    2.720E+00
 296) CH23    + CH3     = C2H4    + H            3.543E+02
 300) C2H3    + H2      = C2H4    + H            8.382E+07
 307) CH      + CH4     = C2H4    + H            5.308E+03
 310) C2H3    + O       = CH2CO   + H            2.887E+07
 319) C2H2    + OH      = CH2CO   + H            4.059E+08
 345) C3H6    + HV      = C2H2    + CH3     H    8.928E+00
 348) C3H6    + HV      = C2H     + CH4     H    1.313E+00
 356) C3H7    + O       = C2H5CHO + H            2.118E+07
 357) CH      + C2H4    = CH2CCH2 + H            2.545E-07
 358) CH      + C2H4    = CH3C2H  + H            2.545E-07
 361) CH3     + C2H3    = C3H5    + H            2.239E+03
 367) CH      + C2H2    = C3H2    + H            1.173E-03
 376) CH2CCH2 + H       = CH3C2H  + H            2.863E+09
 378) C3H3    + HV      = C3H2    + H            3.623E+11
 379) CH3C2H  + HV      = C3H3    + H            5.609E+09
 382) CH2CCH2 + HV      = C3H3    + H            1.385E+10
 391) C2H     + C2H2    = HCAER   + H            1.223E+03
 392) C2H     + CH2CCH2 = HCAER2  + H            6.348E+03

H                      LOSS RXS                INT RX RATE    TL =  9.42E+11
   5) H       + O3      = OH      + O2           1.405E+08
   6) H       + O2      = HO2     +              6.613E+08
   7) H       + HO2     = H2      + O2           3.507E+06
   8) H       + HO2     = H2O     + O            7.794E+05
   9) H       + HO2     = OH      + OH           3.468E+07
  33) H       + CO      = HCO     +              4.877E+11
  34) H       + HCO     = H2      + CO           4.938E+07
  42) H2CO    + H       = H2      + HCO          5.791E+06
  43) H       + H       = H2      +              5.155E+02
  46) H       + OH      = H2O     +              5.350E+02
  70) CH3     + H       = CH4     +              3.853E+06
  74) H       + NO      = HNO     +              1.256E+08
  86) NO2     + H       = NO      + OH           1.059E+09
  89) H       + HNO     = H2      + NO           1.006E+06
 124) HSO3    + H       = H2      + SO3          2.161E+03
 127) H2S     + H       = H2      + HS           1.983E+07
 134) HS      + H       = H2      + S            7.042E+02
 172) H       + SO      = HSO     +              6.150E+03
 176) HSO     + H       = HS      + OH           1.627E+06
 177) HSO     + H       = H2      + SO           8.134E+05
 182) H       + OCS     = CO      + HS           6.855E+01
 216) H       + CS      = HCS     +              5.402E-13
 217) H       + HCS     = H2      + CS           2.051E-06
 220) C2H5    + H       = CH3     + CH3          7.916E+04
 221) C2H5    + H       = C2H6    +              2.751E+05
 222) C2H5    + H       = C2H4    + H2           3.958E+03
 242) CH      + H       = C       + H2           2.705E-11
 255) CH23    + H       = CH3     +              3.730E+01
 256) CH23    + H       = CH      + H2           1.608E+01
 258) CH3O2   + H       = CH4     + O2           2.318E+05
 259) CH3O2   + H       = H2O     + H2CO         1.656E+05
 272) CH2CO   + H       = CH3     + CO           8.245E+05
 275) CH3CO   + H       = CH4     + CO           8.713E+07
 287) C2H     + H       = C2H2    +              7.311E-04
 298) C2H2    + H       = C2H3    +              8.925E+08
 299) C2H3    + H       = C2H2    + H2           2.043E+04
 305) C2H4    + H       = C2H5    +              1.351E+08
 320) C2H2OH  + H       = H2O     + C2H2         6.770E+07
 321) C2H2OH  + H       = H2      + CH2CO        5.587E+03
 325) C2H4OH  + H       = H2O     + C2H4         6.561E+06
 326) C2H4OH  + H       = H2      + CH3CHO       1.685E+03
 329) CH3CHO  + H       = CH3CO   + H2           3.554E+03
 339) C3H7    + H       = CH3     + C2H5         8.651E+05
 353) C3H6    + H       = C3H7    +              5.013E+06
 359) CH2CCH2 + H       = CH3     + C2H2         1.905E+07
 360) CH2CCH2 + H       = C3H5    +              9.232E+06
 363) C3H5    + H       = C3H6    +              6.837E+08
 364) C3H5    + H       = CH4     + C2H2         1.028E+09
 366) C3H5    + H       = CH2CCH2 + H2           1.028E+09
 369) CH3C2H  + H       = CH3     + C2H2         1.920E+10
 370) CH3C2H  + H       = C3H5    +              1.920E+10
 371) C3H2    + H       = C3H3    +              3.746E+11
 372) C3H3    + H       = CH3C2H  +              1.587E+10
 373) C3H3    + H       = CH2CCH2 +              1.587E+10
 374) C3H5    + H       = CH3C2H  + H2           1.028E+09
 376) CH2CCH2 + H       = CH3C2H  + H            2.863E+09

OH                  PRODUCTION RXS              INT RX RATE    TP =  3.05E+11
   1) H2O     + O1D     = OH      + OH           1.409E+02
   2) H2      + O1D     = OH      + H            1.295E+06
   3) H2      + O       = OH      + H            2.998E+08
   5) H       + O3      = OH      + O2           1.405E+08
   9) H       + HO2     = OH      + OH           3.468E+07
  13) HO2     + O       = OH      + O2           4.161E+10
  14) HO2     + O3      = OH      + O2      O2   8.132E+06
  25) H2O     + HV      = H       + OH           9.667E+02
  28) H2O2    + HV      = OH      + OH           1.557E+10
  38) O       + HCO     = OH      + CO           1.516E+10
  48) H2CO    + O       = HCO     + OH           2.945E+09
  49) H2O2    + O       = OH      + HO2          2.145E+07
  50) HO2     + HV      = OH      + O            7.243E+06
  51) HNO2    + HV      = NO      + OH           4.615E+08
  52) HNO3    + HV      = NO2     + OH           2.912E+05
  56) CH4     + O1D     = CH3     + OH           6.460E+08
  63) CH23    + O2      = HCO     + OH           2.159E+05
  64) CH3     + O2      = H2CO    + OH           4.522E+10
  82) NO      + HO2     = NO2     + OH           6.073E+10
  86) NO2     + H       = NO      + OH           1.059E+09
  90) O       + HNO     = OH      + NO           2.861E+09
  93) CH4     + O       = CH3     + OH           9.808E+10
 100) C2H6    + O       = C2H5    + OH           1.804E+09
 101) C2H6    + O1D     = C2H5    + OH           2.745E+05
 104) C2H5    + O2      = CH3     + HCO     OH   2.539E+09
 108) N       + HO2     = NO      + OH           8.354E+06
 116) SO      + HO2     = SO2     + OH           4.541E+06
 125) HSO3    + O       = OH      + SO3          2.095E+04
 128) H2S     + O       = OH      + HS           3.631E+06
 130) HS      + O2      = OH      + SO           3.169E+00
 140) S       + HO2     = SO      + OH           4.316E+01
 163) SO2     + HO2     = SO3     + OH           1.064E+04
 176) HSO     + H       = HS      + OH           1.627E+06
 179) HSO     + O       = OH      + SO           4.721E+07
 246) CH      + O2      = CO      + OH           8.087E-06
 253) CH23    + O       = CH      + OH           5.312E+03
 322) C2H2OH  + O       = OH      + CH2CO        3.056E+05
 327) C2H4OH  + O       = OH      + CH3CHO       5.313E+03
 330) CH3CHO  + O       = CH3CO   + OH           1.717E+08
 337) C3H8    + O       = C3H7    + OH           1.805E+07
 338) C3H8    + O1D     = C3H7    + OH           2.014E+00

OH                     LOSS RXS                INT RX RATE    TL =  3.05E+11
   4) H2      + OH      = H2O     + H            2.173E+08
  10) OH      + O       = H       + O2           6.934E+05
  11) OH      + HO2     = H2O     + O2           3.832E+05
  12) OH      + O3      = HO2     + O2           7.040E+02
  16) H2O2    + OH      = HO2     + H2O          5.989E+06
  20) OH      + OH      = H2O     + O            5.716E-02
  31) CO      + OH      = CO2     + H            1.705E+11
  36) OH      + HCO     = H2O     + CO           1.117E+05
  45) H2CO    + OH      = H2O     + HCO          3.861E+07
  46) H       + OH      = H2O     +              5.350E+02
  47) OH      + OH      = H2O2    +              5.444E-01
  55) CH4     + OH      = CH3     + H2O          1.329E+11
  67) CH3     + OH      = CO      + H2      H2   8.309E+02
  78) N       + OH      = NO      + H            7.156E+02
  83) NO      + OH      = HNO2    +              2.616E+06
  85) NO2     + OH      = HNO3    +              8.702E+05
  91) OH      + HNO     = H2O     + NO           3.806E+04
  92) HNO2    + OH      = H2O     + NO2          2.394E+01
  99) C2H6    + OH      = C2H5    + H2O          9.108E+08
 107) HNO3    + OH      = H2O     + NO2     O    1.689E+03
 118) SO      + OH      = SO2     + H            3.194E+02
 119) SO2     + OH      = HSO3    +              9.125E+04
 123) HSO3    + OH      = H2O     + SO3          1.179E+00
 126) H2S     + OH      = H2O     + HS           8.500E+05
 137) S       + OH      = SO      + H            2.909E-03
 175) HSO     + OH      = H2O     + SO           2.447E+03
 187) OCS     + OH      = CO2     + HS           8.473E-02
 204) CS2     + OH      = OCS     + HS           3.263E-18
 226) C2H5    + OH      = CH3     + HCO     H2   1.915E+02
 227) C2H5    + OH      = CH3CHO  + H2           4.787E+02
 228) C2H5    + OH      = C2H4    + H2O          1.915E+02
 237) C       + OH      = CO      + H            7.104E-18
 264) CH3     + OH      = CH3O    + H            1.612E+03
 282) C2H2    + OH      = CO      + CH3          2.602E+07
 303) C2H4    + OH      = H2CO    + CH3          8.016E+06
 311) C2H3    + OH      = C2H2    + H2O          1.768E+01
 318) C2H2    + OH      = C2H2OH  +              6.800E+07
 319) C2H2    + OH      = CH2CO   + H            4.059E+08
 323) C2H2OH  + OH      = H2O     + CH2CO        8.435E+02
 324) C2H4    + OH      = C2H4OH  +              6.567E+06
 328) C2H4OH  + OH      = H2O     + CH3CHO       2.221E+02
 331) CH3CHO  + OH      = CH3CO   + H2O          2.154E+04
 336) C3H8    + OH      = C3H7    + H2O          2.486E+05
 351) C3H6    + OH      = CH3CHO  + CH3          1.173E+06
 355) C3H7    + OH      = C2H5CHO + H2           4.543E+03

HO2                 PRODUCTION RXS              INT RX RATE    TP =  1.34E+11
   6) H       + O2      = HO2     +              6.613E+08
  12) OH      + O3      = HO2     + O2           7.040E+02
  16) H2O2    + OH      = HO2     + H2O          5.989E+06
  44) HCO     + O2      = HO2     + CO           1.322E+11
  49) H2O2    + O       = OH      + HO2          2.145E+07
  66) CH3     + O3      = H2CO    + HO2          3.660E+08
 122) HSO3    + O2      = HO2     + SO3          6.814E+04
 260) CH3O2   + O       = H2CO    + HO2          3.158E+08
 269) CH3O    + O2      = H2CO    + HO2          1.104E+08

HO2                    LOSS RXS                INT RX RATE    TL =  1.34E+11
   7) H       + HO2     = H2      + O2           3.507E+06
   8) H       + HO2     = H2O     + O            7.794E+05
   9) H       + HO2     = OH      + OH           3.468E+07
  11) OH      + HO2     = H2O     + O2           3.832E+05
  13) HO2     + O       = OH      + O2           4.161E+10
  14) HO2     + O3      = OH      + O2      O2   8.132E+06
  15) HO2     + HO2     = H2O2    + O2           1.563E+10
  50) HO2     + HV      = OH      + O            7.243E+06
  82) NO      + HO2     = NO2     + OH           6.073E+10
 108) N       + HO2     = NO      + OH           8.354E+06
 109) HO2     + NO2     = HNO2    + O2           3.691E+06
 116) SO      + HO2     = SO2     + OH           4.541E+06
 131) HS      + HO2     = H2S     + O2           1.574E+05
 139) S       + HO2     = HS      + O2           4.316E+01
 140) S       + HO2     = SO      + OH           4.316E+01
 163) SO2     + HO2     = SO3     + OH           1.064E+04
 170) SO      + HO2     = HSO     + O2           4.541E+06
 191) H2S     + HO2     = H2O     + HSO          3.552E+07

H2O2                PRODUCTION RXS              INT RX RATE    TP =  1.56E+10
  15) HO2     + HO2     = H2O2    + O2           1.563E+10
  47) OH      + OH      = H2O2    +              5.444E-01

H2O2                   LOSS RXS                INT RX RATE    TL =  1.56E+10
  16) H2O2    + OH      = HO2     + H2O          5.989E+06
  28) H2O2    + HV      = OH      + OH           1.557E+10
  49) H2O2    + O       = OH      + HO2          2.145E+07

H2                  PRODUCTION RXS              INT RX RATE    TP =  4.19E+10
   7) H       + HO2     = H2      + O2           3.507E+06
  34) H       + HCO     = H2      + CO           4.938E+07
  39) H2CO    + HV      = H2      + CO           2.731E+10
  42) H2CO    + H       = H2      + HCO          5.791E+06
  43) H       + H       = H2      +              5.155E+02
  57) CH4     + O1D     = H2CO    + H2           4.307E+07
  67) CH3     + OH      = CO      + H2      H2   8.309E+02
  89) H       + HNO     = H2      + NO           1.006E+06
 124) HSO3    + H       = H2      + SO3          2.161E+03
 127) H2S     + H       = H2      + HS           1.983E+07
 134) HS      + H       = H2      + S            7.042E+02
 177) HSO     + H       = H2      + SO           8.134E+05
 217) H       + HCS     = H2      + CS           2.051E-06
 222) C2H5    + H       = C2H4    + H2           3.958E+03
 226) C2H5    + OH      = CH3     + HCO     H2   1.915E+02
 227) C2H5    + OH      = CH3CHO  + H2           4.787E+02
 242) CH      + H       = C       + H2           2.705E-11
 256) CH23    + H       = CH      + H2           1.608E+01
 279) CH23    + CH23    = C2H2    + H2           4.715E-03
 281) C2H2    + HV      = C2      + H2           4.508E+05
 294) C2H4    + HV      = C2H2    + H2           7.354E+00
 299) C2H3    + H       = C2H2    + H2           2.043E+04
 321) C2H2OH  + H       = H2      + CH2CO        5.587E+03
 326) C2H4OH  + H       = H2      + CH3CHO       1.685E+03
 329) CH3CHO  + H       = CH3CO   + H2           3.554E+03
 346) C3H6    + HV      = CH2CCH2 + H2           2.626E-01
 355) C3H7    + OH      = C2H5CHO + H2           4.543E+03
 366) C3H5    + H       = CH2CCH2 + H2           1.028E+09
 374) C3H5    + H       = CH3C2H  + H2           1.028E+09
 380) CH3C2H  + HV      = C3H2    + H2           4.407E+09
 383) CH2CCH2 + HV      = C3H2    + H2           7.791E+09

H2                     LOSS RXS                INT RX RATE    TL =  2.32E+09
   2) H2      + O1D     = OH      + H            1.295E+06
   3) H2      + O       = OH      + H            2.998E+08
   4) H2      + OH      = H2O     + H            2.173E+08
  61) CH23    + H2      = CH3     + H            1.335E+09
 238) C       + H2      = CH23    +              1.215E-04
 244) CH      + H2      = CH23    + H            1.737E-03
 245) CH      + H2      = CH3     +              1.048E+01
 285) C2H     + H2      = C2H2    + H            4.121E+03
 288) C2      + H2      = C2H     + H            4.515E+00
 300) C2H3    + H2      = C2H4    + H            8.382E+07

CO                  PRODUCTION RXS              INT RX RATE    TP =  5.72E+11
  29) CO2     + HV      = CO      + O            1.141E+08
  34) H       + HCO     = H2      + CO           4.938E+07
  35) HCO     + HCO     = H2CO    + CO           5.538E+09
  36) OH      + HCO     = H2O     + CO           1.117E+05
  38) O       + HCO     = OH      + CO           1.516E+10
  39) H2CO    + HV      = H2      + CO           2.731E+10
  41) HCO     + HV      = H       + CO           1.935E+11
  44) HCO     + O2      = HO2     + CO           1.322E+11
  67) CH3     + OH      = CO      + H2      H2   8.309E+02
  71) CH3     + HCO     = CH4     + CO           2.132E+08
  87) HCO     + NO      = HNO     + CO           1.395E+11
  98) CH23    + CO2     = H2CO    + CO           2.358E+10
 102) C2H5    + HCO     = C2H6    + CO           7.160E+07
 105) CO      + O1D     = CO      + O            1.646E+06
 133) HS      + HCO     = H2S     + CO           3.207E+05
 138) S       + HCO     = HS      + CO           3.234E+01
 169) S       + CO2     = SO      + CO           3.266E+03
 171) SO      + HCO     = HSO     + CO           6.134E+06
 182) H       + OCS     = CO      + HS           6.855E+01
 184) O       + OCS     = CO      + SO           6.576E+03
 186) OCS     + S       = CO      + S2           1.037E-02
 190) OCS     + HV      = CO      + S            6.351E+04
 198) CS      + O2      = CO      + SO           4.031E-12
 201) CS      + O3      = CO      + SO2          5.017E-06
 209) CS2     + O       = CO      + S2           2.350E-12
 212) CS      + O       = CO      + S            8.068E-07
 237) C       + OH      = CO      + H            7.104E-18
 239) C       + O2      = CO      + O            5.240E-11
 243) CH      + O       = CO      + H            4.521E-07
 246) CH      + O2      = CO      + OH           8.087E-06
 247) CH      + CO2     = HCO     + CO           1.024E+01
 252) OCS     + CH      = CO      + HCS          3.869E-08
 254) CH23    + O       = CO      + H       H    5.511E+04
 262) HCO     + H2CO    = CH3O    + CO           1.744E+07
 270) CH2CO   + HV      = CH23    + CO           5.881E+09
 272) CH2CO   + H       = CH3     + CO           8.245E+05
 273) CH2CO   + O       = H2CO    + CO           3.257E+09
 275) CH3CO   + H       = CH4     + CO           8.713E+07
 277) CH3CO   + CH3     = C2H6    + CO           5.431E+09
 282) C2H2    + OH      = CO      + CH3          2.602E+07
 283) C2H     + O2      = CO      + HCO          4.211E+00
 284) C2H     + O       = CO      + CH           1.376E-01
 292) C2      + O       = C       + CO           1.215E-04
 293) C2      + O2      = CO      + CO           5.899E-05
 309) C2H2    + O       = CH23    + CO           1.910E+10
 334) CH3CHO  + HV      = CH4     + CO           4.543E+06
 352) C3H6    + O       = CH3     + CH3     CO   6.796E+08

CO                     LOSS RXS                INT RX RATE    TL =  4.17E+12
  31) CO      + OH      = CO2     + H            1.705E+11
  32) CO      + O       = CO2     +              3.499E+12
  33) H       + CO      = HCO     +              4.877E+11
 105) CO      + O1D     = CO      + O            1.646E+06
 183) HS      + CO      = OCS     + H            1.379E-02
 189) S       + CO      = OCS     +              6.080E+04
 196) OCS2    + CO      = OCS     + OCS          6.011E-01
 263) CH3O    + CO      = CH3     + CO2          5.361E+07
 271) CH23    + CO      = CH2CO   +              5.365E+07
 274) CH3     + CO      = CH3CO   +              1.434E+10

HCO                 PRODUCTION RXS              INT RX RATE    TP =  5.07E+11
  33) H       + CO      = HCO     +              4.877E+11
  40) H2CO    + HV      = HCO     + H            1.257E+10
  42) H2CO    + H       = H2      + HCO          5.791E+06
  45) H2CO    + OH      = H2O     + HCO          3.861E+07
  48) H2CO    + O       = HCO     + OH           2.945E+09
  63) CH23    + O2      = HCO     + OH           2.159E+05
  73) CH3     + H2CO    = CH4     + HCO          5.231E+03
  97) CH23    + O       = HCO     + H            6.640E+03
 104) C2H5    + O2      = CH3     + HCO     OH   2.539E+09
 143) HS      + H2CO    = H2S     + HCO          1.800E+07
 223) C2H5    + O       = CH3     + HCO     H    4.059E+07
 226) C2H5    + OH      = CH3     + HCO     H2   1.915E+02
 247) CH      + CO2     = HCO     + CO           1.024E+01
 276) CH3CO   + O       = H2CO    + HCO          3.387E+08
 283) C2H     + O2      = CO      + HCO          4.211E+00
 304) C2H4    + O       = HCO     + CH3          7.200E+08
 333) CH3CHO  + HV      = CH3     + HCO          4.543E+06
 349) C2H5CHO + HV      = C2H5    + HCO          2.109E+07

HCO                    LOSS RXS                INT RX RATE    TL =  5.07E+11
  34) H       + HCO     = H2      + CO           4.938E+07
  35) HCO     + HCO     = H2CO    + CO           5.538E+09
  36) OH      + HCO     = H2O     + CO           1.117E+05
  37) O       + HCO     = H       + CO2          1.516E+10
  38) O       + HCO     = OH      + CO           1.516E+10
  41) HCO     + HV      = H       + CO           1.935E+11
  44) HCO     + O2      = HO2     + CO           1.322E+11
  71) CH3     + HCO     = CH4     + CO           2.132E+08
  87) HCO     + NO      = HNO     + CO           1.395E+11
 102) C2H5    + HCO     = C2H6    + CO           7.160E+07
 133) HS      + HCO     = H2S     + CO           3.207E+05
 138) S       + HCO     = HS      + CO           3.234E+01
 171) SO      + HCO     = HSO     + CO           6.134E+06
 188) S       + HCO     = OCS     + H            2.587E+02
 262) HCO     + H2CO    = CH3O    + CO           1.744E+07

H2CO                PRODUCTION RXS              INT RX RATE    TP =  1.06E+11
  35) HCO     + HCO     = H2CO    + CO           5.538E+09
  57) CH4     + O1D     = H2CO    + H2           4.307E+07
  64) CH3     + O2      = H2CO    + OH           4.522E+10
  65) CH3     + O       = H2CO    + H            4.030E+09
  66) CH3     + O3      = H2CO    + HO2          3.660E+08
  98) CH23    + CO2     = H2CO    + CO           2.358E+10
 224) C2H5    + O       = H2CO    + CH3          3.612E+07
 259) CH3O2   + H       = H2O     + H2CO         1.656E+05
 260) CH3O2   + O       = H2CO    + HO2          3.158E+08
 266) NO      + CH3O    = HNO     + H2CO         2.251E+10
 267) NO2     + CH3O    = H2CO    + HNO2         4.551E+08
 269) CH3O    + O2      = H2CO    + HO2          1.104E+08
 273) CH2CO   + O       = H2CO    + CO           3.257E+09
 276) CH3CO   + O       = H2CO    + HCO          3.387E+08
 303) C2H4    + OH      = H2CO    + CH3          8.016E+06

H2CO                   LOSS RXS                INT RX RATE    TL =  9.16E+10
  39) H2CO    + HV      = H2      + CO           2.731E+10
  40) H2CO    + HV      = HCO     + H            1.257E+10
  42) H2CO    + H       = H2      + HCO          5.791E+06
  45) H2CO    + OH      = H2O     + HCO          3.861E+07
  48) H2CO    + O       = HCO     + OH           2.945E+09
  73) CH3     + H2CO    = CH4     + HCO          5.231E+03
 143) HS      + H2CO    = H2S     + HCO          1.800E+07
 262) HCO     + H2CO    = CH3O    + CO           1.744E+07

CH4                 PRODUCTION RXS              INT RX RATE    TP =  2.54E+10
  70) CH3     + H       = CH4     +              3.853E+06
  71) CH3     + HCO     = CH4     + CO           2.132E+08
  72) CH3     + HNO     = CH4     + NO           5.477E+05
  73) CH3     + H2CO    = CH4     + HCO          5.231E+03
 231) CH3     + HCS     = CH4     + CS           1.380E-05
 258) CH3O2   + H       = CH4     + O2           2.318E+05
 275) CH3CO   + H       = CH4     + CO           8.713E+07
 278) CH3CO   + CH3     = CH4     + CH2CO        8.650E+09
 312) C2H3    + CH3     = C2H2    + CH4          3.172E+05
 315) C2H5    + CH3     = C2H4    + CH4          1.910E+06
 332) CH3CHO  + CH3     = CH3CO   + CH4          2.186E+05
 334) CH3CHO  + HV      = CH4     + CO           4.543E+06
 348) C3H6    + HV      = C2H     + CH4     H    1.313E+00
 354) C3H7    + CH3     = C3H6    + CH4          1.266E+06
 364) C3H5    + H       = CH4     + C2H2         1.028E+09
 365) C3H5    + CH3     = CH2CCH2 + CH4          7.722E+09
 375) C3H5    + CH3     = CH3C2H  + CH4          7.722E+09

CH4                    LOSS RXS                INT RX RATE    TL =  7.38E+11
  55) CH4     + OH      = CH3     + H2O          1.329E+11
  56) CH4     + O1D     = CH3     + OH           6.460E+08
  57) CH4     + O1D     = H2CO    + H2           4.307E+07
  62) CH23    + CH4     = CH3     + CH3          9.095E+04
  93) CH4     + O       = CH3     + OH           9.808E+10
 215) CH4     + HS      = CH3     + H2S          4.641E-03
 268) O1D     + CH4     = CH3O    + H            1.723E+08
 286) C2H     + CH4     = C2H2    + CH3          2.018E+08
 289) C2      + CH4     = C2H     + CH3          4.508E+05
 301) C2H3    + CH4     = C2H4    + CH3          7.783E+08
 307) CH      + CH4     = C2H4    + H            5.308E+03

CH3                 PRODUCTION RXS              INT RX RATE    TP =  2.58E+11
  55) CH4     + OH      = CH3     + H2O          1.329E+11
  56) CH4     + O1D     = CH3     + OH           6.460E+08
  61) CH23    + H2      = CH3     + H            1.335E+09
  62) CH23    + CH4     = CH3     + CH3          9.095E+04
  93) CH4     + O       = CH3     + OH           9.808E+10
 104) C2H5    + O2      = CH3     + HCO     OH   2.539E+09
 215) CH4     + HS      = CH3     + H2S          4.641E-03
 220) C2H5    + H       = CH3     + CH3          7.916E+04
 223) C2H5    + O       = CH3     + HCO     H    4.059E+07
 224) C2H5    + O       = H2CO    + CH3          3.612E+07
 226) C2H5    + OH      = CH3     + HCO     H2   1.915E+02
 245) CH      + H2      = CH3     +              1.048E+01
 255) CH23    + H       = CH3     +              3.730E+01
 263) CH3O    + CO      = CH3     + CO2          5.361E+07
 272) CH2CO   + H       = CH3     + CO           8.245E+05
 282) C2H2    + OH      = CO      + CH3          2.602E+07
 286) C2H     + CH4     = C2H2    + CH3          2.018E+08
 289) C2      + CH4     = C2H     + CH3          4.508E+05
 297) CH23    + C2H3    = CH3     + C2H2         2.123E+00
 301) C2H3    + CH4     = C2H4    + CH3          7.783E+08
 303) C2H4    + OH      = H2CO    + CH3          8.016E+06
 304) C2H4    + O       = HCO     + CH3          7.200E+08
 308) CH23    + C2H5    = CH3     + C2H4         6.349E+00
 333) CH3CHO  + HV      = CH3     + HCO          4.543E+06
 339) C3H7    + H       = CH3     + C2H5         8.651E+05
 345) C3H6    + HV      = C2H2    + CH3     H    8.928E+00
 351) C3H6    + OH      = CH3CHO  + CH3          1.173E+06
 352) C3H6    + O       = CH3     + CH3     CO   6.796E+08
 359) CH2CCH2 + H       = CH3     + C2H2         1.905E+07
 362) C2H3    + C2H5    = CH3     + C3H5         9.679E+00
 369) CH3C2H  + H       = CH3     + C2H2         1.920E+10
 381) CH3C2H  + HV      = CH3     + C2H          2.003E+08

CH3                    LOSS RXS                INT RX RATE    TL =  2.58E+11
  64) CH3     + O2      = H2CO    + OH           4.522E+10
  65) CH3     + O       = H2CO    + H            4.030E+09
  66) CH3     + O3      = H2CO    + HO2          3.660E+08
  67) CH3     + OH      = CO      + H2      H2   8.309E+02
  68) CH3     + CH3     = C2H6    +              7.060E+10
  69) CH3     + HV      = CH23    + H            7.764E+06
  70) CH3     + H       = CH4     +              3.853E+06
  71) CH3     + HCO     = CH4     + CO           2.132E+08
  72) CH3     + HNO     = CH4     + NO           5.477E+05
  73) CH3     + H2CO    = CH4     + HCO          5.231E+03
 231) CH3     + HCS     = CH4     + CS           1.380E-05
 257) CH3     + O2      = CH3O2   +              2.289E+10
 264) CH3     + OH      = CH3O    + H            1.612E+03
 265) CH3     + O3      = CH3O    + O2           3.660E+08
 274) CH3     + CO      = CH3CO   +              1.434E+10
 277) CH3CO   + CH3     = C2H6    + CO           5.431E+09
 278) CH3CO   + CH3     = CH4     + CH2CO        8.650E+09
 296) CH23    + CH3     = C2H4    + H            3.543E+02
 312) C2H3    + CH3     = C2H2    + CH4          3.172E+05
 315) C2H5    + CH3     = C2H4    + CH4          1.910E+06
 332) CH3CHO  + CH3     = CH3CO   + CH4          2.186E+05
 335) C2H5    + CH3     = C3H8    +              1.910E+06
 350) C2H3    + CH3     = C3H6    +              1.119E+06
 354) C3H7    + CH3     = C3H6    + CH4          1.266E+06
 361) CH3     + C2H3    = C3H5    + H            2.239E+03
 365) C3H5    + CH3     = CH2CCH2 + CH4          7.722E+09
 375) C3H5    + CH3     = CH3C2H  + CH4          7.722E+09

C2H6                PRODUCTION RXS              INT RX RATE    TP =  7.61E+10
  68) CH3     + CH3     = C2H6    +              7.060E+10
 102) C2H5    + HCO     = C2H6    + CO           7.160E+07
 103) C2H5    + HNO     = C2H6    + NO           4.650E+04
 221) C2H5    + H       = C2H6    +              2.751E+05
 277) CH3CO   + CH3     = C2H6    + CO           5.431E+09
 316) C2H5    + C2H3    = C2H6    + C2H2         7.191E+03
 317) C2H5    + C2H5    = C2H6    + C2H4         7.239E+05

C2H6                   LOSS RXS                INT RX RATE    TL =  2.78E+09
  99) C2H6    + OH      = C2H5    + H2O          9.108E+08
 100) C2H6    + O       = C2H5    + OH           1.804E+09
 101) C2H6    + O1D     = C2H5    + OH           2.745E+05
 302) C2H3    + C2H6    = C2H4    + C2H5         1.120E+02
 306) C2H     + C2H6    = C2H2    + C2H5         3.282E+05

NO                  PRODUCTION RXS              INT RX RATE    TP =  2.95E+11
  51) HNO2    + HV      = NO      + OH           4.615E+08
  54) NO2     + HV      = NO      + O            7.744E+10
  72) CH3     + HNO     = CH4     + NO           5.477E+05
  76) N       + O2      = NO      + O            2.803E-01
  77) N       + O3      = NO      + O2           1.876E+03
  78) N       + OH      = NO      + H            7.156E+02
  84) NO2     + O       = NO      + O2           5.352E+10
  86) NO2     + H       = NO      + OH           1.059E+09
  88) HNO     + HV      = NO      + H            1.592E+11
  89) H       + HNO     = H2      + NO           1.006E+06
  90) O       + HNO     = OH      + NO           2.861E+09
  91) OH      + HNO     = H2O     + NO           3.806E+04
 103) C2H5    + HNO     = C2H6    + NO           4.650E+04
 108) N       + HO2     = NO      + OH           8.354E+06
 161) SO      + NO2     = SO2     + NO           4.003E+07
 165) HS      + NO2     = HSO     + NO           3.041E+07

NO                     LOSS RXS                INT RX RATE    TL =  2.95E+11
  53) NO      + HV      = N       + O            1.229E+02
  74) H       + NO      = HNO     +              1.256E+08
  79) N       + NO      = N2      + O            9.164E+07
  80) NO      + O3      = NO2     + O2           3.835E+07
  81) NO      + O       = NO2     +              4.924E+10
  82) NO      + HO2     = NO2     + OH           6.073E+10
  83) NO      + OH      = HNO2    +              2.616E+06
  87) HCO     + NO      = HNO     + CO           1.395E+11
 174) HSO     + NO      = HNO     + SO           2.440E+07
 261) NO      + CH3O2   = CH3O    + NO2          2.257E+10
 266) NO      + CH3O    = HNO     + H2CO         2.251E+10

NO2                 PRODUCTION RXS              INT RX RATE    TP =  1.33E+11
  52) HNO3    + HV      = NO2     + OH           2.912E+05
  80) NO      + O3      = NO2     + O2           3.835E+07
  81) NO      + O       = NO2     +              4.924E+10
  82) NO      + HO2     = NO2     + OH           6.073E+10
  92) HNO2    + OH      = H2O     + NO2          2.394E+01
 107) HNO3    + OH      = H2O     + NO2     O    1.689E+03
 261) NO      + CH3O2   = CH3O    + NO2          2.257E+10

NO2                    LOSS RXS                INT RX RATE    TL =  1.33E+11
  54) NO2     + HV      = NO      + O            7.744E+10
  84) NO2     + O       = NO      + O2           5.352E+10
  85) NO2     + OH      = HNO3    +              8.702E+05
  86) NO2     + H       = NO      + OH           1.059E+09
 109) HO2     + NO2     = HNO2    + O2           3.691E+06
 161) SO      + NO2     = SO2     + NO           4.003E+07
 165) HS      + NO2     = HSO     + NO           3.041E+07
 267) NO2     + CH3O    = H2CO    + HNO2         4.551E+08

HNO                 PRODUCTION RXS              INT RX RATE    TP =  1.62E+11
  74) H       + NO      = HNO     +              1.256E+08
  87) HCO     + NO      = HNO     + CO           1.395E+11
 174) HSO     + NO      = HNO     + SO           2.440E+07
 266) NO      + CH3O    = HNO     + H2CO         2.251E+10

HNO                    LOSS RXS                INT RX RATE    TL =  1.62E+11
  72) CH3     + HNO     = CH4     + NO           5.477E+05
  88) HNO     + HV      = NO      + H            1.592E+11
  89) H       + HNO     = H2      + NO           1.006E+06
  90) O       + HNO     = OH      + NO           2.861E+09
  91) OH      + HNO     = H2O     + NO           3.806E+04
 103) C2H5    + HNO     = C2H6    + NO           4.650E+04

O3                  PRODUCTION RXS              INT RX RATE    TP =  1.15E+10
  18) O       + O2      = O3      +              1.153E+10

O3                     LOSS RXS                INT RX RATE    TL =  1.15E+10
   5) H       + O3      = OH      + O2           1.405E+08
  12) OH      + O3      = HO2     + O2           7.040E+02
  14) HO2     + O3      = OH      + O2      O2   8.132E+06
  19) O       + O3      = O2      + O2           1.880E+06
  26) O3      + HV      = O2      + O1D          2.575E+09
  27) O3      + HV      = O2      + O            8.032E+09
  66) CH3     + O3      = H2CO    + HO2          3.660E+08
  77) N       + O3      = NO      + O2           1.876E+03
  80) NO      + O3      = NO2     + O2           3.835E+07
 162) SO      + O3      = SO2     + O2           3.487E+04
 164) HS      + O3      = HSO     + O2           6.602E+05
 166) S       + O3      = SO      + O2           1.884E+03
 199) CS      + O3      = OCS     + O2           5.017E-06
 200) CS      + O3      = SO      + CO2          5.017E-06
 201) CS      + O3      = CO      + SO2          5.017E-06
 265) CH3     + O3      = CH3O    + O2           3.660E+08

HNO3                PRODUCTION RXS              INT RX RATE    TP =  8.70E+05
  85) NO2     + OH      = HNO3    +              8.702E+05

HNO3                   LOSS RXS                INT RX RATE    TL =  7.62E+05
  52) HNO3    + HV      = NO2     + OH           2.912E+05
 107) HNO3    + OH      = H2O     + NO2     O    1.689E+03

N                   PRODUCTION RXS              INT RX RATE    TP =  1.23E+02
  53) NO      + HV      = N       + O            1.229E+02

N                      LOSS RXS                INT RX RATE    TL =  1.00E+08
  75) N       + N       = N2      +              1.349E+03
  76) N       + O2      = NO      + O            2.803E-01
  77) N       + O3      = NO      + O2           1.876E+03
  78) N       + OH      = NO      + H            7.156E+02
  79) N       + NO      = N2      + O            9.164E+07
 108) N       + HO2     = NO      + OH           8.354E+06

C3H2                PRODUCTION RXS              INT RX RATE    TP =  3.75E+11
 367) CH      + C2H2    = C3H2    + H            1.173E-03
 378) C3H3    + HV      = C3H2    + H            3.623E+11
 380) CH3C2H  + HV      = C3H2    + H2           4.407E+09
 383) CH2CCH2 + HV      = C3H2    + H2           7.791E+09

C3H2                   LOSS RXS                INT RX RATE    TL =  3.75E+11
 371) C3H2    + H       = C3H3    +              3.746E+11

C3H3                PRODUCTION RXS              INT RX RATE    TP =  3.94E+11
 371) C3H2    + H       = C3H3    +              3.746E+11
 379) CH3C2H  + HV      = C3H3    + H            5.609E+09
 382) CH2CCH2 + HV      = C3H3    + H            1.385E+10

C3H3                   LOSS RXS                INT RX RATE    TL =  3.94E+11
 372) C3H3    + H       = CH3C2H  +              1.587E+10
 373) C3H3    + H       = CH2CCH2 +              1.587E+10
 378) C3H3    + HV      = C3H2    + H            3.623E+11

CH3C2H              PRODUCTION RXS              INT RX RATE    TP =  2.75E+10
 358) CH      + C2H4    = CH3C2H  + H            2.545E-07
 368) CH23    + C2H2    = CH3C2H  +              9.315E+06
 372) C3H3    + H       = CH3C2H  +              1.587E+10
 374) C3H5    + H       = CH3C2H  + H2           1.028E+09
 375) C3H5    + CH3     = CH3C2H  + CH4          7.722E+09
 376) CH2CCH2 + H       = CH3C2H  + H            2.863E+09

CH3C2H                 LOSS RXS                INT RX RATE    TL =  4.86E+10
 369) CH3C2H  + H       = CH3     + C2H2         1.920E+10
 370) CH3C2H  + H       = C3H5    +              1.920E+10
 379) CH3C2H  + HV      = C3H3    + H            5.609E+09
 380) CH3C2H  + HV      = C3H2    + H2           4.407E+09
 381) CH3C2H  + HV      = CH3     + C2H          2.003E+08

CH2CCH2             PRODUCTION RXS              INT RX RATE    TP =  2.46E+10
 346) C3H6    + HV      = CH2CCH2 + H2           2.626E-01
 357) CH      + C2H4    = CH2CCH2 + H            2.545E-07
 365) C3H5    + CH3     = CH2CCH2 + CH4          7.722E+09
 366) C3H5    + H       = CH2CCH2 + H2           1.028E+09
 373) C3H3    + H       = CH2CCH2 +              1.587E+10
 377) CH23    + C2H2    = CH2CCH2 +              9.315E+06

CH2CCH2                LOSS RXS                INT RX RATE    TL =  2.45E+10
 359) CH2CCH2 + H       = CH3     + C2H2         1.905E+07
 360) CH2CCH2 + H       = C3H5    +              9.232E+06
 376) CH2CCH2 + H       = CH3C2H  + H            2.863E+09
 382) CH2CCH2 + HV      = C3H3    + H            1.385E+10
 383) CH2CCH2 + HV      = C3H2    + H2           7.791E+09
 392) C2H     + CH2CCH2 = HCAER2  + H            6.348E+03

C3H5                PRODUCTION RXS              INT RX RATE    TP =  1.92E+10
 360) CH2CCH2 + H       = C3H5    +              9.232E+06
 361) CH3     + C2H3    = C3H5    + H            2.239E+03
 362) C2H3    + C2H5    = CH3     + C3H5         9.679E+00
 370) CH3C2H  + H       = C3H5    +              1.920E+10

C3H5                   LOSS RXS                INT RX RATE    TL =  1.92E+10
 363) C3H5    + H       = C3H6    +              6.837E+08
 364) C3H5    + H       = CH4     + C2H2         1.028E+09
 365) C3H5    + CH3     = CH2CCH2 + CH4          7.722E+09
 366) C3H5    + H       = CH2CCH2 + H2           1.028E+09
 374) C3H5    + H       = CH3C2H  + H2           1.028E+09
 375) C3H5    + CH3     = CH3C2H  + CH4          7.722E+09

C2H5CHO             PRODUCTION RXS              INT RX RATE    TP =  2.12E+07
 355) C3H7    + OH      = C2H5CHO + H2           4.543E+03
 356) C3H7    + O       = C2H5CHO + H            2.118E+07

C2H5CHO                LOSS RXS                INT RX RATE    TL =  2.12E+07
 349) C2H5CHO + HV      = C2H5    + HCO          2.109E+07

C3H6                PRODUCTION RXS              INT RX RATE    TP =  6.86E+08
 350) C2H3    + CH3     = C3H6    +              1.119E+06
 354) C3H7    + CH3     = C3H6    + CH4          1.266E+06
 363) C3H5    + H       = C3H6    +              6.837E+08

C3H6                   LOSS RXS                INT RX RATE    TL =  6.86E+08
 345) C3H6    + HV      = C2H2    + CH3     H    8.928E+00
 346) C3H6    + HV      = CH2CCH2 + H2           2.626E-01
 347) C3H6    + HV      = C2H4    + CH23         5.252E-01
 348) C3H6    + HV      = C2H     + CH4     H    1.313E+00
 351) C3H6    + OH      = CH3CHO  + CH3          1.173E+06
 352) C3H6    + O       = CH3     + CH3     CO   6.796E+08
 353) C3H6    + H       = C3H7    +              5.013E+06

C3H7                PRODUCTION RXS              INT RX RATE    TP =  2.33E+07
 336) C3H8    + OH      = C3H7    + H2O          2.486E+05
 337) C3H8    + O       = C3H7    + OH           1.805E+07
 338) C3H8    + O1D     = C3H7    + OH           2.014E+00
 344) C2H     + C3H8    = C2H2    + C3H7         4.145E+00
 353) C3H6    + H       = C3H7    +              5.013E+06

C3H7                   LOSS RXS                INT RX RATE    TL =  2.33E+07
 339) C3H7    + H       = CH3     + C2H5         8.651E+05
 354) C3H7    + CH3     = C3H6    + CH4          1.266E+06
 355) C3H7    + OH      = C2H5CHO + H2           4.543E+03
 356) C3H7    + O       = C2H5CHO + H            2.118E+07

C3H8                PRODUCTION RXS              INT RX RATE    TP =  1.91E+06
 335) C2H5    + CH3     = C3H8    +              1.910E+06

C3H8                   LOSS RXS                INT RX RATE    TL =  1.83E+07
 336) C3H8    + OH      = C3H7    + H2O          2.486E+05
 337) C3H8    + O       = C3H7    + OH           1.805E+07
 338) C3H8    + O1D     = C3H7    + OH           2.014E+00
 344) C2H     + C3H8    = C2H2    + C3H7         4.145E+00

C2H4OH              PRODUCTION RXS              INT RX RATE    TP =  6.57E+06
 324) C2H4    + OH      = C2H4OH  +              6.567E+06

C2H4OH                 LOSS RXS                INT RX RATE    TL =  6.57E+06
 325) C2H4OH  + H       = H2O     + C2H4         6.561E+06
 326) C2H4OH  + H       = H2      + CH3CHO       1.685E+03
 327) C2H4OH  + O       = OH      + CH3CHO       5.313E+03
 328) C2H4OH  + OH      = H2O     + CH3CHO       2.221E+02

C2H2OH              PRODUCTION RXS              INT RX RATE    TP =  6.80E+07
 318) C2H2    + OH      = C2H2OH  +              6.800E+07

C2H2OH                 LOSS RXS                INT RX RATE    TL =  6.80E+07
 320) C2H2OH  + H       = H2O     + C2H2         6.770E+07
 321) C2H2OH  + H       = H2      + CH2CO        5.587E+03
 322) C2H2OH  + O       = OH      + CH2CO        3.056E+05
 323) C2H2OH  + OH      = H2O     + CH2CO        8.435E+02

C2H5                PRODUCTION RXS              INT RX RATE    TP =  2.87E+09
  99) C2H6    + OH      = C2H5    + H2O          9.108E+08
 100) C2H6    + O       = C2H5    + OH           1.804E+09
 101) C2H6    + O1D     = C2H5    + OH           2.745E+05
 302) C2H3    + C2H6    = C2H4    + C2H5         1.120E+02
 305) C2H4    + H       = C2H5    +              1.351E+08
 306) C2H     + C2H6    = C2H2    + C2H5         3.282E+05
 339) C3H7    + H       = CH3     + C2H5         8.651E+05
 349) C2H5CHO + HV      = C2H5    + HCO          2.109E+07

C2H5                   LOSS RXS                INT RX RATE    TL =  2.87E+09
 102) C2H5    + HCO     = C2H6    + CO           7.160E+07
 103) C2H5    + HNO     = C2H6    + NO           4.650E+04
 104) C2H5    + O2      = CH3     + HCO     OH   2.539E+09
 220) C2H5    + H       = CH3     + CH3          7.916E+04
 221) C2H5    + H       = C2H6    +              2.751E+05
 222) C2H5    + H       = C2H4    + H2           3.958E+03
 223) C2H5    + O       = CH3     + HCO     H    4.059E+07
 224) C2H5    + O       = H2CO    + CH3          3.612E+07
 225) C2H5    + O       = CH3CHO  + H            1.799E+08
 226) C2H5    + OH      = CH3     + HCO     H2   1.915E+02
 227) C2H5    + OH      = CH3CHO  + H2           4.787E+02
 228) C2H5    + OH      = C2H4    + H2O          1.915E+02
 308) CH23    + C2H5    = CH3     + C2H4         6.349E+00
 314) C2H3    + C2H5    = C2H4    + C2H4         3.595E+03
 315) C2H5    + CH3     = C2H4    + CH4          1.910E+06
 316) C2H5    + C2H3    = C2H6    + C2H2         7.191E+03
 317) C2H5    + C2H5    = C2H6    + C2H4         7.239E+05
 335) C2H5    + CH3     = C3H8    +              1.910E+06
 362) C2H3    + C2H5    = CH3     + C3H5         9.679E+00

C2H4                PRODUCTION RXS              INT RX RATE    TP =  8.71E+08
 222) C2H5    + H       = C2H4    + H2           3.958E+03
 228) C2H5    + OH      = C2H4    + H2O          1.915E+02
 296) CH23    + CH3     = C2H4    + H            3.543E+02
 300) C2H3    + H2      = C2H4    + H            8.382E+07
 301) C2H3    + CH4     = C2H4    + CH3          7.783E+08
 302) C2H3    + C2H6    = C2H4    + C2H5         1.120E+02
 307) CH      + CH4     = C2H4    + H            5.308E+03
 308) CH23    + C2H5    = CH3     + C2H4         6.349E+00
 313) C2H3    + C2H3    = C2H4    + C2H2         1.764E+04
 314) C2H3    + C2H5    = C2H4    + C2H4         3.595E+03
 315) C2H5    + CH3     = C2H4    + CH4          1.910E+06
 317) C2H5    + C2H5    = C2H6    + C2H4         7.239E+05
 325) C2H4OH  + H       = H2O     + C2H4         6.561E+06
 347) C3H6    + HV      = C2H4    + CH23         5.252E-01

C2H4                   LOSS RXS                INT RX RATE    TL =  8.70E+08
 294) C2H4    + HV      = C2H2    + H2           7.354E+00
 295) C2H4    + HV      = C2H2    + H       H    2.720E+00
 303) C2H4    + OH      = H2CO    + CH3          8.016E+06
 304) C2H4    + O       = HCO     + CH3          7.200E+08
 305) C2H4    + H       = C2H5    +              1.351E+08
 324) C2H4    + OH      = C2H4OH  +              6.567E+06
 357) CH      + C2H4    = CH2CCH2 + H            2.545E-07
 358) CH      + C2H4    = CH3C2H  + H            2.545E-07

CH                  PRODUCTION RXS              INT RX RATE    TP =  5.33E+03
 253) CH23    + O       = CH      + OH           5.312E+03
 256) CH23    + H       = CH      + H2           1.608E+01
 284) C2H     + O       = CO      + CH           1.376E-01

CH                     LOSS RXS                INT RX RATE    TL =  5.33E+03
 242) CH      + H       = C       + H2           2.705E-11
 243) CH      + O       = CO      + H            4.521E-07
 244) CH      + H2      = CH23    + H            1.737E-03
 245) CH      + H2      = CH3     +              1.048E+01
 246) CH      + O2      = CO      + OH           8.087E-06
 247) CH      + CO2     = HCO     + CO           1.024E+01
 248) CH      + HV      = C       + H            2.299E-16
 249) CH      + S       = CS      + H            1.070E-15
 250) CH      + S2      = CS      + HS           1.957E-20
 251) CH      + CS2     = HCS     + CS           1.016E-26
 252) OCS     + CH      = CO      + HCS          3.869E-08
 307) CH      + CH4     = C2H4    + H            5.308E+03
 357) CH      + C2H4    = CH2CCH2 + H            2.545E-07
 358) CH      + C2H4    = CH3C2H  + H            2.545E-07
 367) CH      + C2H2    = C3H2    + H            1.173E-03

CH3O2               PRODUCTION RXS              INT RX RATE    TP =  2.29E+10
 257) CH3     + O2      = CH3O2   +              2.289E+10

CH3O2                  LOSS RXS                INT RX RATE    TL =  2.29E+10
 258) CH3O2   + H       = CH4     + O2           2.318E+05
 259) CH3O2   + H       = H2O     + H2CO         1.656E+05
 260) CH3O2   + O       = H2CO    + HO2          3.158E+08
 261) NO      + CH3O2   = CH3O    + NO2          2.257E+10

CH3O                PRODUCTION RXS              INT RX RATE    TP =  2.31E+10
 261) NO      + CH3O2   = CH3O    + NO2          2.257E+10
 262) HCO     + H2CO    = CH3O    + CO           1.744E+07
 264) CH3     + OH      = CH3O    + H            1.612E+03
 265) CH3     + O3      = CH3O    + O2           3.660E+08
 268) O1D     + CH4     = CH3O    + H            1.723E+08

CH3O                   LOSS RXS                INT RX RATE    TL =  2.31E+10
 263) CH3O    + CO      = CH3     + CO2          5.361E+07
 266) NO      + CH3O    = HNO     + H2CO         2.251E+10
 267) NO2     + CH3O    = H2CO    + HNO2         4.551E+08
 269) CH3O    + O2      = H2CO    + HO2          1.104E+08

CH2CO               PRODUCTION RXS              INT RX RATE    TP =  9.14E+09
 271) CH23    + CO      = CH2CO   +              5.365E+07
 278) CH3CO   + CH3     = CH4     + CH2CO        8.650E+09
 310) C2H3    + O       = CH2CO   + H            2.887E+07
 319) C2H2    + OH      = CH2CO   + H            4.059E+08
 321) C2H2OH  + H       = H2      + CH2CO        5.587E+03
 322) C2H2OH  + O       = OH      + CH2CO        3.056E+05
 323) C2H2OH  + OH      = H2O     + CH2CO        8.435E+02

CH2CO                  LOSS RXS                INT RX RATE    TL =  9.14E+09
 270) CH2CO   + HV      = CH23    + CO           5.881E+09
 272) CH2CO   + H       = CH3     + CO           8.245E+05
 273) CH2CO   + O       = H2CO    + CO           3.257E+09

CH3CO               PRODUCTION RXS              INT RX RATE    TP =  1.45E+10
 274) CH3     + CO      = CH3CO   +              1.434E+10
 329) CH3CHO  + H       = CH3CO   + H2           3.554E+03
 330) CH3CHO  + O       = CH3CO   + OH           1.717E+08
 331) CH3CHO  + OH      = CH3CO   + H2O          2.154E+04
 332) CH3CHO  + CH3     = CH3CO   + CH4          2.186E+05

CH3CO                  LOSS RXS                INT RX RATE    TL =  1.45E+10
 275) CH3CO   + H       = CH4     + CO           8.713E+07
 276) CH3CO   + O       = H2CO    + HCO          3.387E+08
 277) CH3CO   + CH3     = C2H6    + CO           5.431E+09
 278) CH3CO   + CH3     = CH4     + CH2CO        8.650E+09

CH3CHO              PRODUCTION RXS              INT RX RATE    TP =  1.81E+08
 225) C2H5    + O       = CH3CHO  + H            1.799E+08
 227) C2H5    + OH      = CH3CHO  + H2           4.787E+02
 326) C2H4OH  + H       = H2      + CH3CHO       1.685E+03
 327) C2H4OH  + O       = OH      + CH3CHO       5.313E+03
 328) C2H4OH  + OH      = H2O     + CH3CHO       2.221E+02
 351) C3H6    + OH      = CH3CHO  + CH3          1.173E+06

CH3CHO                 LOSS RXS                INT RX RATE    TL =  1.81E+08
 329) CH3CHO  + H       = CH3CO   + H2           3.554E+03
 330) CH3CHO  + O       = CH3CO   + OH           1.717E+08
 331) CH3CHO  + OH      = CH3CO   + H2O          2.154E+04
 332) CH3CHO  + CH3     = CH3CO   + CH4          2.186E+05
 333) CH3CHO  + HV      = CH3     + HCO          4.543E+06
 334) CH3CHO  + HV      = CH4     + CO           4.543E+06

C2H2                PRODUCTION RXS              INT RX RATE    TP =  2.05E+10
 279) CH23    + CH23    = C2H2    + H2           4.715E-03
 285) C2H     + H2      = C2H2    + H            4.121E+03
 286) C2H     + CH4     = C2H2    + CH3          2.018E+08
 287) C2H     + H       = C2H2    +              7.311E-04
 294) C2H4    + HV      = C2H2    + H2           7.354E+00
 295) C2H4    + HV      = C2H2    + H       H    2.720E+00
 297) CH23    + C2H3    = CH3     + C2H2         2.123E+00
 299) C2H3    + H       = C2H2    + H2           2.043E+04
 306) C2H     + C2H6    = C2H2    + C2H5         3.282E+05
 311) C2H3    + OH      = C2H2    + H2O          1.768E+01
 312) C2H3    + CH3     = C2H2    + CH4          3.172E+05
 313) C2H3    + C2H3    = C2H4    + C2H2         1.764E+04
 316) C2H5    + C2H3    = C2H6    + C2H2         7.191E+03
 320) C2H2OH  + H       = H2O     + C2H2         6.770E+07
 344) C2H     + C3H8    = C2H2    + C3H7         4.145E+00
 345) C3H6    + HV      = C2H2    + CH3     H    8.928E+00
 359) CH2CCH2 + H       = CH3     + C2H2         1.905E+07
 364) C3H5    + H       = CH4     + C2H2         1.028E+09
 369) CH3C2H  + H       = CH3     + C2H2         1.920E+10

C2H2                   LOSS RXS                INT RX RATE    TL =  2.05E+10
 280) C2H2    + HV      = C2H     + H            1.357E+06
 281) C2H2    + HV      = C2      + H2           4.508E+05
 282) C2H2    + OH      = CO      + CH3          2.602E+07
 298) C2H2    + H       = C2H3    +              8.925E+08
 309) C2H2    + O       = CH23    + CO           1.910E+10
 318) C2H2    + OH      = C2H2OH  +              6.800E+07
 319) C2H2    + OH      = CH2CO   + H            4.059E+08
 367) CH      + C2H2    = C3H2    + H            1.173E-03
 368) CH23    + C2H2    = CH3C2H  +              9.315E+06
 377) CH23    + C2H2    = CH2CCH2 +              9.315E+06
 391) C2H     + C2H2    = HCAER   + H            1.223E+03

CH23                PRODUCTION RXS              INT RX RATE    TP =  2.50E+10
  69) CH3     + HV      = CH23    + H            7.764E+06
 238) C       + H2      = CH23    +              1.215E-04
 244) CH      + H2      = CH23    + H            1.737E-03
 270) CH2CO   + HV      = CH23    + CO           5.881E+09
 309) C2H2    + O       = CH23    + CO           1.910E+10
 347) C3H6    + HV      = C2H4    + CH23         5.252E-01

CH23                   LOSS RXS                INT RX RATE    TL =  2.50E+10
  61) CH23    + H2      = CH3     + H            1.335E+09
  62) CH23    + CH4     = CH3     + CH3          9.095E+04
  63) CH23    + O2      = HCO     + OH           2.159E+05
  97) CH23    + O       = HCO     + H            6.640E+03
  98) CH23    + CO2     = H2CO    + CO           2.358E+10
 230) CH23    + S2      = HCS     + HS           5.264E-11
 232) CH23    + S       = HCS     + H            1.582E-05
 253) CH23    + O       = CH      + OH           5.312E+03
 254) CH23    + O       = CO      + H       H    5.511E+04
 255) CH23    + H       = CH3     +              3.730E+01
 256) CH23    + H       = CH      + H2           1.608E+01
 271) CH23    + CO      = CH2CO   +              5.365E+07
 279) CH23    + CH23    = C2H2    + H2           4.715E-03
 296) CH23    + CH3     = C2H4    + H            3.543E+02
 297) CH23    + C2H3    = CH3     + C2H2         2.123E+00
 308) CH23    + C2H5    = CH3     + C2H4         6.349E+00
 368) CH23    + C2H2    = CH3C2H  +              9.315E+06
 377) CH23    + C2H2    = CH2CCH2 +              9.315E+06

C2H                 PRODUCTION RXS              INT RX RATE    TP =  2.02E+08
 280) C2H2    + HV      = C2H     + H            1.357E+06
 288) C2      + H2      = C2H     + H            4.515E+00
 289) C2      + CH4     = C2H     + CH3          4.508E+05
 348) C3H6    + HV      = C2H     + CH4     H    1.313E+00
 381) CH3C2H  + HV      = CH3     + C2H          2.003E+08

C2H                    LOSS RXS                INT RX RATE    TL =  2.02E+08
 283) C2H     + O2      = CO      + HCO          4.211E+00
 284) C2H     + O       = CO      + CH           1.376E-01
 285) C2H     + H2      = C2H2    + H            4.121E+03
 286) C2H     + CH4     = C2H2    + CH3          2.018E+08
 287) C2H     + H       = C2H2    +              7.311E-04
 306) C2H     + C2H6    = C2H2    + C2H5         3.282E+05
 344) C2H     + C3H8    = C2H2    + C3H7         4.145E+00
 391) C2H     + C2H2    = HCAER   + H            1.223E+03
 392) C2H     + CH2CCH2 = HCAER2  + H            6.348E+03

C2                  PRODUCTION RXS              INT RX RATE    TP =  4.51E+05
 281) C2H2    + HV      = C2      + H2           4.508E+05

C2                     LOSS RXS                INT RX RATE    TL =  4.51E+05
 288) C2      + H2      = C2H     + H            4.515E+00
 289) C2      + CH4     = C2H     + CH3          4.508E+05
 290) C2      + S       = C       + CS           3.538E-13
 291) C2      + S2      = CS      + CS           4.212E-19
 292) C2      + O       = C       + CO           1.215E-04
 293) C2      + O2      = CO      + CO           5.899E-05

C2H3                PRODUCTION RXS              INT RX RATE    TP =  8.92E+08
 298) C2H2    + H       = C2H3    +              8.925E+08

C2H3                   LOSS RXS                INT RX RATE    TL =  8.92E+08
 297) CH23    + C2H3    = CH3     + C2H2         2.123E+00
 299) C2H3    + H       = C2H2    + H2           2.043E+04
 300) C2H3    + H2      = C2H4    + H            8.382E+07
 301) C2H3    + CH4     = C2H4    + CH3          7.783E+08
 302) C2H3    + C2H6    = C2H4    + C2H5         1.120E+02
 310) C2H3    + O       = CH2CO   + H            2.887E+07
 311) C2H3    + OH      = C2H2    + H2O          1.768E+01
 312) C2H3    + CH3     = C2H2    + CH4          3.172E+05
 313) C2H3    + C2H3    = C2H4    + C2H2         1.764E+04
 314) C2H3    + C2H5    = C2H4    + C2H4         3.595E+03
 316) C2H5    + C2H3    = C2H6    + C2H2         7.191E+03
 350) C2H3    + CH3     = C3H6    +              1.119E+06
 361) CH3     + C2H3    = C3H5    + H            2.239E+03
 362) C2H3    + C2H5    = CH3     + C3H5         9.679E+00

HCS                 PRODUCTION RXS              INT RX RATE    TP =  1.59E-05
 216) H       + CS      = HCS     +              5.402E-13
 230) CH23    + S2      = HCS     + HS           5.264E-11
 232) CH23    + S       = HCS     + H            1.582E-05
 251) CH      + CS2     = HCS     + CS           1.016E-26
 252) OCS     + CH      = CO      + HCS          3.869E-08

HCS                    LOSS RXS                INT RX RATE    TL =  1.59E-05
 217) H       + HCS     = H2      + CS           2.051E-06
 218) S       + HCS     = H       + CS2          1.106E-11
 219) S       + HCS     = HS      + CS           1.106E-11
 231) CH3     + HCS     = CH4     + CS           1.380E-05
 233) HS      + HCS     = H2S     + CS           1.059E-08

CS2                 PRODUCTION RXS              INT RX RATE    TP =  3.47E-10
 205) CS2X    + M       = CS2     + M            3.066E-10
 208) CS      + HS      = CS2     + H            2.881E-11
 218) S       + HCS     = H       + CS2          1.106E-11

CS2                    LOSS RXS                INT RX RATE    TL =  3.47E-10
 202) CS2     + O       = SO      + CS           3.474E-11
 203) CS2     + O       = OCS     + S            3.257E-12
 204) CS2     + OH      = OCS     + HS           3.263E-18
 207) CS2X    + CS2     = CS      + CS      S2   8.836E-41
 209) CS2     + O       = CO      + S2           2.350E-12
 210) CS2     + SO      = OCS     + S2           5.730E-15
 211) CS2     + S       = CS      + S2           1.314E-21
 213) CS2     + HV      = CS      + S            6.441E-14
 214) CS2     + HV      = CS2X    +              3.066E-10
 251) CH      + CS2     = HCS     + CS           1.016E-26

CS                  PRODUCTION RXS              INT RX RATE    TP =  1.59E-05
 202) CS2     + O       = SO      + CS           3.474E-11
 206) CS2X    + O2      = CS      + SO2          7.883E-22
 207) CS2X    + CS2     = CS      + CS      S2   8.836E-41
 211) CS2     + S       = CS      + S2           1.314E-21
 213) CS2     + HV      = CS      + S            6.441E-14
 217) H       + HCS     = H2      + CS           2.051E-06
 219) S       + HCS     = HS      + CS           1.106E-11
 231) CH3     + HCS     = CH4     + CS           1.380E-05
 233) HS      + HCS     = H2S     + CS           1.059E-08
 240) C       + HS      = CS      + H            1.680E-17
 241) C       + S2      = CS      + S            1.274E-25
 249) CH      + S       = CS      + H            1.070E-15
 250) CH      + S2      = CS      + HS           1.957E-20
 251) CH      + CS2     = HCS     + CS           1.016E-26
 290) C2      + S       = C       + CS           3.538E-13
 291) C2      + S2      = CS      + CS           4.212E-19

CS                     LOSS RXS                INT RX RATE    TL =  1.59E-05
 197) CS      + O2      = OCS     + O            3.225E-11
 198) CS      + O2      = CO      + SO           4.031E-12
 199) CS      + O3      = OCS     + O2           5.017E-06
 200) CS      + O3      = SO      + CO2          5.017E-06
 201) CS      + O3      = CO      + SO2          5.017E-06
 208) CS      + HS      = CS2     + H            2.881E-11
 212) CS      + O       = CO      + S            8.068E-07
 216) H       + CS      = HCS     +              5.402E-13

OCS                 PRODUCTION RXS              INT RX RATE    TP =  6.11E+04
 183) HS      + CO      = OCS     + H            1.379E-02
 188) S       + HCO     = OCS     + H            2.587E+02
 189) S       + CO      = OCS     +              6.080E+04
 193) OCS2    + S       = OCS     + S2           6.605E-17
 196) OCS2    + CO      = OCS     + OCS          6.011E-01
 197) CS      + O2      = OCS     + O            3.225E-11
 199) CS      + O3      = OCS     + O2           5.017E-06
 203) CS2     + O       = OCS     + S            3.257E-12
 204) CS2     + OH      = OCS     + HS           3.263E-18
 210) CS2     + SO      = OCS     + S2           5.730E-15

OCS                    LOSS RXS                INT RX RATE    TL =  7.02E+04
 182) H       + OCS     = CO      + HS           6.855E+01
 184) O       + OCS     = CO      + SO           6.576E+03
 185) O       + OCS     = S       + CO2          1.284E-03
 186) OCS     + S       = CO      + S2           1.037E-02
 187) OCS     + OH      = CO2     + HS           8.473E-02
 190) OCS     + HV      = CO      + S            6.351E+04
 192) OCS     + S       = OCS2    +              6.011E-01
 252) OCS     + CH      = CO      + HCS          3.869E-08

S                   PRODUCTION RXS              INT RX RATE    TP =  6.87E+04
 110) SO      + HV      = S       + O            7.520E+02
 132) HS      + HS      = H2S     + S            5.251E+01
 134) HS      + H       = H2      + S            7.042E+02
 142) S2      + O       = S       + SO           4.241E-03
 144) S2      + HV      = S       + S            9.781E-03
 150) S3      + HV      = S2      + S            1.664E-10
 167) SO      + SO      = SO2     + S            3.702E+03
 185) O       + OCS     = S       + CO2          1.284E-03
 190) OCS     + HV      = CO      + S            6.351E+04
 203) CS2     + O       = OCS     + S            3.257E-12
 212) CS      + O       = CO      + S            8.068E-07
 213) CS2     + HV      = CS      + S            6.441E-14
 241) C       + S2      = CS      + S            1.274E-25

S                      LOSS RXS                INT RX RATE    TL =  6.87E+04
 135) HS      + S       = H       + S2           3.643E-03
 136) S       + O2      = SO      + O            2.358E+03
 137) S       + OH      = SO      + H            2.909E-03
 138) S       + HCO     = HS      + CO           3.234E+01
 139) S       + HO2     = HS      + O2           4.316E+01
 140) S       + HO2     = SO      + OH           4.316E+01
 141) S       + S       = S2      +              2.970E-09
 145) S       + S2      = S3      +              1.664E-10
 147) S       + S3      = S4      +              8.329E-17
 166) S       + O3      = SO      + O2           1.884E+03
 169) S       + CO2     = SO      + CO           3.266E+03
 180) HSO     + S       = HS      + SO           3.604E+01
 186) OCS     + S       = CO      + S2           1.037E-02
 188) S       + HCO     = OCS     + H            2.587E+02
 189) S       + CO      = OCS     +              6.080E+04
 192) OCS     + S       = OCS2    +              6.011E-01
 193) OCS2    + S       = OCS     + S2           6.605E-17
 211) CS2     + S       = CS      + S2           1.314E-21
 218) S       + HCS     = H       + CS2          1.106E-11
 219) S       + HCS     = HS      + CS           1.106E-11
 232) CH23    + S       = HCS     + H            1.582E-05
 249) CH      + S       = CS      + H            1.070E-15
 290) C2      + S       = C       + CS           3.538E-13

HS                  PRODUCTION RXS              INT RX RATE    TP =  5.25E+07
 111) H2S     + HV      = HS      + H            2.556E+07
 126) H2S     + OH      = H2O     + HS           8.500E+05
 127) H2S     + H       = H2      + HS           1.983E+07
 128) H2S     + O       = OH      + HS           3.631E+06
 138) S       + HCO     = HS      + CO           3.234E+01
 139) S       + HO2     = HS      + O2           4.316E+01
 173) HSO     + HV      = HS      + O            9.513E+05
 176) HSO     + H       = HS      + OH           1.627E+06
 180) HSO     + S       = HS      + SO           3.604E+01
 182) H       + OCS     = CO      + HS           6.855E+01
 187) OCS     + OH      = CO2     + HS           8.473E-02
 204) CS2     + OH      = OCS     + HS           3.263E-18
 219) S       + HCS     = HS      + CS           1.106E-11
 230) CH23    + S2      = HCS     + HS           5.264E-11
 250) CH      + S2      = CS      + HS           1.957E-20

HS                     LOSS RXS                INT RX RATE    TL =  5.25E+07
 129) HS      + O       = H       + SO           2.667E+06
 130) HS      + O2      = OH      + SO           3.169E+00
 131) HS      + HO2     = H2S     + O2           1.574E+05
 132) HS      + HS      = H2S     + S            5.251E+01
 133) HS      + HCO     = H2S     + CO           3.207E+05
 134) HS      + H       = H2      + S            7.042E+02
 135) HS      + S       = H       + S2           3.643E-03
 143) HS      + H2CO    = H2S     + HCO          1.800E+07
 164) HS      + O3      = HSO     + O2           6.602E+05
 165) HS      + NO2     = HSO     + NO           3.041E+07
 178) HSO     + HS      = H2S     + SO           2.369E+05
 183) HS      + CO      = OCS     + H            1.379E-02
 208) CS      + HS      = CS2     + H            2.881E-11
 215) CH4     + HS      = CH3     + H2S          4.641E-03
 233) HS      + HCS     = H2S     + CS           1.059E-08
 240) C       + HS      = CS      + H            1.680E-17

H2S                 PRODUCTION RXS              INT RX RATE    TP =  1.87E+07
 131) HS      + HO2     = H2S     + O2           1.574E+05
 132) HS      + HS      = H2S     + S            5.251E+01
 133) HS      + HCO     = H2S     + CO           3.207E+05
 143) HS      + H2CO    = H2S     + HCO          1.800E+07
 178) HSO     + HS      = H2S     + SO           2.369E+05
 215) CH4     + HS      = CH3     + H2S          4.641E-03
 233) HS      + HCS     = H2S     + CS           1.059E-08

H2S                    LOSS RXS                INT RX RATE    TL =  8.56E+07
 111) H2S     + HV      = HS      + H            2.556E+07
 126) H2S     + OH      = H2O     + HS           8.500E+05
 127) H2S     + H       = H2      + HS           1.983E+07
 128) H2S     + O       = OH      + HS           3.631E+06
 191) H2S     + HO2     = H2O     + HSO          3.552E+07

SO3                 PRODUCTION RXS              INT RX RATE    TP =  6.41E+07
 120) SO2     + O       = SO3     +              6.400E+07
 122) HSO3    + O2      = HO2     + SO3          6.814E+04
 123) HSO3    + OH      = H2O     + SO3          1.179E+00
 124) HSO3    + H       = H2      + SO3          2.161E+03
 125) HSO3    + O       = OH      + SO3          2.095E+04
 156) SO21    + O2      = SO3     + O            1.984E-01
 157) SO21    + SO2     = SO3     + SO           2.409E+03
 160) SO23    + SO2     = SO3     + SO           6.962E+01
 163) SO2     + HO2     = SO3     + OH           1.064E+04

SO3                    LOSS RXS                INT RX RATE    TL =  6.41E+07
 121) SO3     + H2O     = H2SO4   +              6.410E+07
 151) SO3     + HV      = SO2     + O            8.509E+03
 168) SO3     + SO      = SO2     + SO2          1.961E+01

S2                  PRODUCTION RXS              INT RX RATE    TP =  1.40E-02
 135) HS      + S       = H       + S2           3.643E-03
 141) S       + S       = S2      +              2.970E-09
 149) S4      + HV      = S2      + S2           5.224E-99
 150) S3      + HV      = S2      + S            1.664E-10
 186) OCS     + S       = CO      + S2           1.037E-02
 193) OCS2    + S       = OCS     + S2           6.605E-17
 207) CS2X    + CS2     = CS      + CS      S2   8.836E-41
 209) CS2     + O       = CO      + S2           2.350E-12
 210) CS2     + SO      = OCS     + S2           5.730E-15
 211) CS2     + S       = CS      + S2           1.314E-21

S2                     LOSS RXS                INT RX RATE    TL =  1.40E-02
 142) S2      + O       = S       + SO           4.241E-03
 144) S2      + HV      = S       + S            9.781E-03
 145) S       + S2      = S3      +              1.664E-10
 146) S2      + S2      = S4      +              1.023E-12
 230) CH23    + S2      = HCS     + HS           5.264E-11
 241) C       + S2      = CS      + S            1.274E-25
 250) CH      + S2      = CS      + HS           1.957E-20
 291) C2      + S2      = CS      + CS           4.212E-19

HSO                 PRODUCTION RXS              INT RX RATE    TP =  7.73E+07
 164) HS      + O3      = HSO     + O2           6.602E+05
 165) HS      + NO2     = HSO     + NO           3.041E+07
 170) SO      + HO2     = HSO     + O2           4.541E+06
 171) SO      + HCO     = HSO     + CO           6.134E+06
 172) H       + SO      = HSO     +              6.150E+03
 191) H2S     + HO2     = H2O     + HSO          3.552E+07

HSO                    LOSS RXS                INT RX RATE    TL =  7.57E+07
 173) HSO     + HV      = HS      + O            9.513E+05
 174) HSO     + NO      = HNO     + SO           2.440E+07
 175) HSO     + OH      = H2O     + SO           2.447E+03
 176) HSO     + H       = HS      + OH           1.627E+06
 177) HSO     + H       = H2      + SO           8.134E+05
 178) HSO     + HS      = H2S     + SO           2.369E+05
 179) HSO     + O       = OH      + SO           4.721E+07
 180) HSO     + S       = HS      + SO           3.604E+01

H2SO4               PRODUCTION RXS              INT RX RATE    TP =  6.41E+07
 121) SO3     + H2O     = H2SO4   +              6.410E+07

H2SO4                  LOSS RXS                INT RX RATE    TL =  6.41E+07

SO2                 PRODUCTION RXS              INT RX RATE    TP =  6.47E+09
 115) SO      + O2      = O       + SO2          1.044E+03
 116) SO      + HO2     = SO2     + OH           4.541E+06
 117) SO      + O       = SO2     +              2.204E+07
 118) SO      + OH      = SO2     + H            3.194E+02
 151) SO3     + HV      = SO2     + O            8.509E+03
 153) SO21    + HV      = SO2     +              2.689E-06
 155) SO21    + HV      = SO2     + HV           5.915E+09
 158) SO23    + HV      = SO2     +              6.450E-08
 159) SO23    + HV      = SO2     + HV           4.859E+08
 161) SO      + NO2     = SO2     + NO           4.003E+07
 162) SO      + O3      = SO2     + O2           3.487E+04
 167) SO      + SO      = SO2     + S            3.702E+03
 168) SO3     + SO      = SO2     + SO2          1.961E+01
 201) CS      + O3      = CO      + SO2          5.017E-06
 206) CS2X    + O2      = CS      + SO2          7.883E-22

SO2                    LOSS RXS                INT RX RATE    TL =  8.66E+09
 112) SO2     + HV      = SO      + O            1.987E+06
 113) SO2     + HV      = SO21    +              6.318E+09
 114) SO2     + HV      = SO23    +              8.257E+07
 119) SO2     + OH      = HSO3    +              9.125E+04
 120) SO2     + O       = SO3     +              6.400E+07
 157) SO21    + SO2     = SO3     + SO           2.409E+03
 160) SO23    + SO2     = SO3     + SO           6.962E+01
 163) SO2     + HO2     = SO3     + OH           1.064E+04

SO                  PRODUCTION RXS              INT RX RATE    TP =  7.73E+07
 112) SO2     + HV      = SO      + O            1.987E+06
 129) HS      + O       = H       + SO           2.667E+06
 130) HS      + O2      = OH      + SO           3.169E+00
 136) S       + O2      = SO      + O            2.358E+03
 137) S       + OH      = SO      + H            2.909E-03
 140) S       + HO2     = SO      + OH           4.316E+01
 142) S2      + O       = S       + SO           4.241E-03
 157) SO21    + SO2     = SO3     + SO           2.409E+03
 160) SO23    + SO2     = SO3     + SO           6.962E+01
 166) S       + O3      = SO      + O2           1.884E+03
 169) S       + CO2     = SO      + CO           3.266E+03
 174) HSO     + NO      = HNO     + SO           2.440E+07
 175) HSO     + OH      = H2O     + SO           2.447E+03
 177) HSO     + H       = H2      + SO           8.134E+05
 178) HSO     + HS      = H2S     + SO           2.369E+05
 179) HSO     + O       = OH      + SO           4.721E+07
 180) HSO     + S       = HS      + SO           3.604E+01
 184) O       + OCS     = CO      + SO           6.576E+03
 198) CS      + O2      = CO      + SO           4.031E-12
 200) CS      + O3      = SO      + CO2          5.017E-06
 202) CS2     + O       = SO      + CS           3.474E-11

SO                     LOSS RXS                INT RX RATE    TL =  7.73E+07
 110) SO      + HV      = S       + O            7.520E+02
 115) SO      + O2      = O       + SO2          1.044E+03
 116) SO      + HO2     = SO2     + OH           4.541E+06
 117) SO      + O       = SO2     +              2.204E+07
 118) SO      + OH      = SO2     + H            3.194E+02
 161) SO      + NO2     = SO2     + NO           4.003E+07
 162) SO      + O3      = SO2     + O2           3.487E+04
 167) SO      + SO      = SO2     + S            3.702E+03
 168) SO3     + SO      = SO2     + SO2          1.961E+01
 170) SO      + HO2     = HSO     + O2           4.541E+06
 171) SO      + HCO     = HSO     + CO           6.134E+06
 172) H       + SO      = HSO     +              6.150E+03
 210) CS2     + SO      = OCS     + S2           5.730E-15

CO2                 PRODUCTION RXS              INT RX RATE    TP =  3.69E+12
  31) CO      + OH      = CO2     + H            1.705E+11
  32) CO      + O       = CO2     +              3.499E+12
  37) O       + HCO     = H       + CO2          1.516E+10
 185) O       + OCS     = S       + CO2          1.284E-03
 187) OCS     + OH      = CO2     + HS           8.473E-02
 200) CS      + O3      = SO      + CO2          5.017E-06
 263) CH3O    + CO      = CH3     + CO2          5.361E+07

CO2                    LOSS RXS                INT RX RATE    TL =  2.37E+10
  29) CO2     + HV      = CO      + O            1.141E+08
  98) CH23    + CO2     = H2CO    + CO           2.358E+10
 169) S       + CO2     = SO      + CO           3.266E+03
 247) CH      + CO2     = HCO     + CO           1.024E+01

SO4AER              PRODUCTION RXS              INT RX RATE    TP =  6.41E+07

SO4AER                 LOSS RXS                INT RX RATE    TL =  6.37E+07

S8AER               PRODUCTION RXS              INT RX RATE    TP =  8.52-203
 148) S4      + S4      = S8AER   +              8.523-203

S8AER                  LOSS RXS                INT RX RATE    TL =  2.14E-05

HCAER               PRODUCTION RXS              INT RX RATE    TP =  1.22E+03
 391) C2H     + C2H2    = HCAER   + H            1.223E+03

HCAER                  LOSS RXS                INT RX RATE    TL =  2.60E+03

HCAER2              PRODUCTION RXS              INT RX RATE    TP =  6.35E+03
 392) C2H     + CH2CCH2 = HCAER2  + H            6.348E+03

HCAER2                 LOSS RXS                INT RX RATE    TL =  6.68E+03

HNO2                PRODUCTION RXS              INT RX RATE    TP =  0.00E+00
  83) NO      + OH      = HNO2    +              2.616E+06
 109) HO2     + NO2     = HNO2    + O2           3.691E+06
 267) NO2     + CH3O    = H2CO    + HNO2         4.551E+08

HNO2                   LOSS RXS                INT RX RATE    TL =  0.00E+00
  51) HNO2    + HV      = NO      + OH           4.615E+08
  92) HNO2    + OH      = H2O     + NO2          2.394E+01

O1D                 PRODUCTION RXS              INT RX RATE    TP =  0.00E+00
  26) O3      + HV      = O2      + O1D          2.575E+09

O1D                    LOSS RXS                INT RX RATE    TL =  0.00E+00
   1) H2O     + O1D     = OH      + OH           1.409E+02
   2) H2      + O1D     = OH      + H            1.295E+06
  21) O1D     + M       = O       + M            1.710E+09
  22) O1D     + O2      = O       + O2           3.532E-01
  56) CH4     + O1D     = CH3     + OH           6.460E+08
  57) CH4     + O1D     = H2CO    + H2           4.307E+07
 101) C2H6    + O1D     = C2H5    + OH           2.745E+05
 105) CO      + O1D     = CO      + O            1.646E+06
 268) O1D     + CH4     = CH3O    + H            1.723E+08
 338) C3H8    + O1D     = C3H7    + OH           2.014E+00

CH21                PRODUCTION RXS              INT RX RATE    TP =  0.00E+00

CH21                   LOSS RXS                INT RX RATE    TL =  0.00E+00

C                   PRODUCTION RXS              INT RX RATE    TP =  0.00E+00
 242) CH      + H       = C       + H2           2.705E-11
 248) CH      + HV      = C       + H            2.299E-16
 290) C2      + S       = C       + CS           3.538E-13
 292) C2      + O       = C       + CO           1.215E-04

C                      LOSS RXS                INT RX RATE    TL =  0.00E+00
 237) C       + OH      = CO      + H            7.104E-18
 238) C       + H2      = CH23    +              1.215E-04
 239) C       + O2      = CO      + O            5.240E-11
 240) C       + HS      = CS      + H            1.680E-17
 241) C       + S2      = CS      + S            1.274E-25

SO21                PRODUCTION RXS              INT RX RATE    TP =  0.00E+00
 113) SO2     + HV      = SO21    +              6.318E+09

SO21                   LOSS RXS                INT RX RATE    TL =  0.00E+00
 152) SO21    + HV      = SO23    +              2.689E-07
 153) SO21    + HV      = SO2     +              2.689E-06
 154) SO21    + HV      = SO23    + HV           4.033E+08
 155) SO21    + HV      = SO2     + HV           5.915E+09
 156) SO21    + O2      = SO3     + O            1.984E-01
 157) SO21    + SO2     = SO3     + SO           2.409E+03

SO23                PRODUCTION RXS              INT RX RATE    TP =  0.00E+00
 114) SO2     + HV      = SO23    +              8.257E+07
 152) SO21    + HV      = SO23    +              2.689E-07
 154) SO21    + HV      = SO23    + HV           4.033E+08

SO23                   LOSS RXS                INT RX RATE    TL =  0.00E+00
 158) SO23    + HV      = SO2     +              6.450E-08
 159) SO23    + HV      = SO2     + HV           4.859E+08
 160) SO23    + SO2     = SO3     + SO           6.962E+01

HSO3                PRODUCTION RXS              INT RX RATE    TP =  0.00E+00
 119) SO2     + OH      = HSO3    +              9.125E+04

HSO3                   LOSS RXS                INT RX RATE    TL =  0.00E+00
 122) HSO3    + O2      = HO2     + SO3          6.814E+04
 123) HSO3    + OH      = H2O     + SO3          1.179E+00
 124) HSO3    + H       = H2      + SO3          2.161E+03
 125) HSO3    + O       = OH      + SO3          2.095E+04

OCS2                PRODUCTION RXS              INT RX RATE    TP =  0.00E+00
 192) OCS     + S       = OCS2    +              6.011E-01

OCS2                   LOSS RXS                INT RX RATE    TL =  0.00E+00
 193) OCS2    + S       = OCS     + S2           6.605E-17
 196) OCS2    + CO      = OCS     + OCS          6.011E-01

CS2X                PRODUCTION RXS              INT RX RATE    TP =  0.00E+00
 214) CS2     + HV      = CS2X    +              3.066E-10

CS2X                   LOSS RXS                INT RX RATE    TL =  0.00E+00
 205) CS2X    + M       = CS2     + M            3.066E-10
 206) CS2X    + O2      = CS      + SO2          7.883E-22
 207) CS2X    + CS2     = CS      + CS      S2   8.836E-41

S3                  PRODUCTION RXS              INT RX RATE    TP =  0.00E+00
 145) S       + S2      = S3      +              1.664E-10

S3                     LOSS RXS                INT RX RATE    TL =  0.00E+00
 147) S       + S3      = S4      +              8.329E-17
 150) S3      + HV      = S2      + S            1.664E-10

S4                  PRODUCTION RXS              INT RX RATE    TP =  0.00E+00
 146) S2      + S2      = S4      +              1.023E-12
 147) S       + S3      = S4      +              8.329E-17

S4                     LOSS RXS                INT RX RATE    TL =  0.00E+00
 148) S4      + S4      = S8AER   +              8.523-203
 149) S4      + HV      = S2      + S2           5.224E-99

N2                  PRODUCTION RXS              INT RX RATE    TP =  0.00E+00
  75) N       + N       = N2      +              1.349E+03
  79) N       + NO      = N2      + O            9.164E+07

N2                     LOSS RXS                INT RX RATE    TL =  0.00E+00
