
O                   PRODUCTION RXS              INT RX RATE    TP =  9.30E+10
   8) H       + HO2     = H2O     + O            7.775E+06
  20) OH      + OH      = H2O     + O            2.287E+04
  21) O1D     + M       = O       + M            2.316E+10
  22) O1D     + O2      = O       + O2           2.266E+04
  23) O2      + HV      = O       + O1D          3.482E+07
  24) O2      + HV      = O       + O            1.796E+06
  27) O3      + HV      = O2      + O            8.044E+05
  29) CO2     + HV      = CO      + O            1.469E+10
  50) HO2     + HV      = OH      + O            1.278E+05
  53) NO      + HV      = N       + O            2.952E+06
  54) NO2     + HV      = NO      + O            5.461E+10
  76) N       + O2      = NO      + O            1.895E+00
  79) N       + NO      = N2      + O            5.212E+07
 105) CO      + O1D     = CO      + O            3.190E+07
 107) HNO3    + OH      = H2O     + NO2     O    7.136E+01
 110) SO      + HV      = S       + O            3.116E+05
 112) SO2     + HV      = SO      + O            1.374E+06
 115) SO      + O2      = O       + SO2          2.043E+02
 136) S       + O2      = SO      + O            3.838E+05
 151) SO3     + HV      = SO2     + O            1.213E-01
 156) SO21    + O2      = SO3     + O            8.783E-05
 173) HSO     + HV      = HS      + O            2.308E+04
 197) CS      + O2      = OCS     + O            1.928E-03
 239) C       + O2      = CO      + O            3.075E+07

O                      LOSS RXS                INT RX RATE    TL =  9.96E+10
   3) H2      + O       = OH      + H            2.842E+06
  10) OH      + O       = H       + O2           6.320E+08
  13) HO2     + O       = OH      + O2           8.797E+07
  17) O       + O       = O2      +              7.359E+04
  18) O       + O2      = O3      +              2.631E+06
  19) O       + O3      = O2      + O2           3.645E+00
  32) CO      + O       = CO2     +              9.163E+08
  37) O       + HCO     = H       + CO2          2.306E+08
  38) O       + HCO     = OH      + CO           2.306E+08
  48) H2CO    + O       = HCO     + OH           9.774E+08
  49) H2O2    + O       = OH      + HO2          1.630E+05
  65) CH3     + O       = H2CO    + H            3.875E+09
  81) NO      + O       = NO2     +              1.985E+08
  84) NO2     + O       = NO      + O2           5.447E+08
  90) O       + HNO     = OH      + NO           3.575E+08
  93) CH4     + O       = CH3     + OH           2.772E+10
  97) CH23    + O       = HCO     + H            4.221E+07
 100) C2H6    + O       = C2H5    + OH           2.248E+10
 117) SO      + O       = SO2     +              6.590E+03
 120) SO2     + O       = SO3     +              1.002E+05
 125) HSO3    + O       = OH      + SO3          1.917E+02
 128) H2S     + O       = OH      + HS           5.189E+04
 129) HS      + O       = H       + SO           2.571E+05
 142) S2      + O       = S       + SO           1.232E+02
 179) HSO     + O       = OH      + SO           4.770E+06
 184) O       + OCS     = CO      + SO           6.371E+03
 185) O       + OCS     = S       + CO2          1.360E-01
 202) CS2     + O       = SO      + CS           3.100E-03
 203) CS2     + O       = OCS     + S            2.906E-04
 209) CS2     + O       = CO      + S2           8.368E-05
 212) CS      + O       = CO      + S            8.478E+01
 223) C2H5    + O       = CH3     + HCO     H    1.032E+08
 224) C2H5    + O       = H2CO    + CH3          9.181E+07
 225) C2H5    + O       = CH3CHO  + H            4.573E+08
 243) CH      + O       = CO      + H            1.965E+06
 253) CH23    + O       = CH      + OH           3.377E+07
 254) CH23    + O       = CO      + H       H    3.504E+08
 260) CH3O2   + O       = H2CO    + HO2          2.631E+06
 273) CH2CO   + O       = H2CO    + CO           4.422E+09
 276) CH3CO   + O       = H2CO    + HCO          4.793E+07
 284) C2H     + O       = CO      + CH           3.989E+05
 292) C2      + O       = C       + CO           7.526E+04
 304) C2H4    + O       = HCO     + CH3          2.180E+10
 309) C2H2    + O       = CH23    + CO           1.235E+10
 310) C2H3    + O       = CH2CO   + H            8.958E+08
 322) C2H2OH  + O       = OH      + CH2CO        1.494E+03
 327) C2H4OH  + O       = OH      + CH3CHO       4.326E+03
 330) CH3CHO  + O       = CH3CO   + OH           3.498E+08
 337) C3H8    + O       = C3H7    + OH           1.857E+08
 352) C3H6    + O       = CH3     + CH3     CO   1.028E+08
 356) C3H7    + O       = C2H5CHO + H            8.491E+07

O2                  PRODUCTION RXS              INT RX RATE    TP =  7.78E+10
   5) H       + O3      = OH      + O2           1.067E+05
   7) H       + HO2     = H2      + O2           3.499E+07
  10) OH      + O       = H       + O2           6.320E+08
  11) OH      + HO2     = H2O     + O2           1.190E+06
  12) OH      + O3      = HO2     + O2           6.941E-01
  13) HO2     + O       = OH      + O2           8.797E+07
  14) HO2     + O3      = OH      + O2      O2   6.162E+04
  15) HO2     + HO2     = H2O2    + O2           7.527E+10
  17) O       + O       = O2      +              7.359E+04
  19) O       + O3      = O2      + O2           3.645E+00
  22) O1D     + O2      = O       + O2           2.266E+04
  26) O3      + HV      = O2      + O1D          1.631E+02
  27) O3      + HV      = O2      + O            8.044E+05
  77) N       + O3      = NO      + O2           2.652E-04
  80) NO      + O3      = NO2     + O2           8.828E+05
  84) NO2     + O       = NO      + O2           5.447E+08
 109) HO2     + NO2     = HNO2    + O2           1.114E+09
 131) HS      + HO2     = H2S     + O2           1.247E+04
 139) S       + HO2     = HS      + O2           8.879E+02
 162) SO      + O3      = SO2     + O2           1.728E+00
 164) HS      + O3      = HSO     + O2           1.076E+01
 166) S       + O3      = SO      + O2           1.963E-01
 170) SO      + HO2     = HSO     + O2           8.515E+05
 199) CS      + O3      = OCS     + O2           6.429E-02
 258) CH3O2   + H       = CH4     + O2           3.349E+06
 265) CH3     + O3      = CH3O    + O2           3.556E+05

O2                     LOSS RXS                INT RX RATE    TL =  6.71E+11
   6) H       + O2      = HO2     +              3.525E+08
  18) O       + O2      = O3      +              2.631E+06
  22) O1D     + O2      = O       + O2           2.266E+04
  23) O2      + HV      = O       + O1D          3.482E+07
  24) O2      + HV      = O       + O            1.796E+06
  44) HCO     + O2      = HO2     + CO           2.610E+11
  59) CH21    + O2      = HCO     + OH           6.544E+03
  63) CH23    + O2      = HCO     + OH           3.362E+06
  64) CH3     + O2      = H2CO    + OH           4.103E+10
  76) N       + O2      = NO      + O            1.895E+00
 104) C2H5    + O2      = CH3     + HCO     OH   3.417E+11
 115) SO      + O2      = O       + SO2          2.043E+02
 122) HSO3    + O2      = HO2     + SO3          5.768E+04
 130) HS      + O2      = OH      + SO           1.837E-01
 136) S       + O2      = SO      + O            3.838E+05
 156) SO21    + O2      = SO3     + O            8.783E-05
 197) CS      + O2      = OCS     + O            1.928E-03
 198) CS      + O2      = CO      + SO           2.410E-04
 206) CS2X    + O2      = CS      + SO2          1.101E-13
 239) C       + O2      = CO      + O            3.075E+07
 246) CH      + O2      = CO      + OH           3.010E+04
 257) CH3     + O2      = CH3O2   +              2.551E+10
 269) CH3O    + O2      = H2CO    + HO2          1.163E+09
 283) C2H     + O2      = CO      + HCO          2.217E+05
 293) C2      + O2      = CO      + CO           6.036E+02

H2O                 PRODUCTION RXS              INT RX RATE    TP =  1.00E+10
   4) H2      + OH      = H2O     + H            5.603E+07
   8) H       + HO2     = H2O     + O            7.775E+06
  11) OH      + HO2     = H2O     + O2           1.190E+06
  16) H2O2    + OH      = HO2     + H2O          4.253E+06
  20) OH      + OH      = H2O     + O            2.287E+04
  36) OH      + HCO     = H2O     + CO           3.826E+05
  45) H2CO    + OH      = H2O     + HCO          1.431E+09
  46) H       + OH      = H2O     +              3.014E+05
  55) CH4     + OH      = CH3     + H2O          2.915E+11
  91) OH      + HNO     = H2O     + NO           1.448E+06
  92) HNO2    + OH      = H2O     + NO2          1.086E+04
  99) C2H6    + OH      = C2H5    + H2O          3.242E+11
 107) HNO3    + OH      = H2O     + NO2     O    7.136E+01
 123) HSO3    + OH      = H2O     + SO3          2.074E-01
 126) H2S     + OH      = H2O     + HS           2.447E+05
 175) HSO     + OH      = H2O     + SO           8.767E+04
 191) H2S     + HO2     = H2O     + HSO          2.798E+08
 228) C2H5    + OH      = C2H4    + H2O          1.276E+05
 259) CH3O2   + H       = H2O     + H2CO         2.392E+06
 311) C2H3    + OH      = C2H2    + H2O          8.598E+04
 320) C2H2OH  + H       = H2O     + C2H2         4.654E+07
 323) C2H2OH  + OH      = H2O     + CH2CO        4.515E+02
 325) C2H4OH  + H       = H2O     + C2H4         1.127E+08
 328) C2H4OH  + OH      = H2O     + CH3CHO       1.358E+03
 331) CH3CHO  + OH      = CH3CO   + H2O          6.315E+06
 336) C3H8    + OH      = C3H7    + H2O          3.004E+08

H2O                    LOSS RXS                INT RX RATE    TL =  8.67E+09
   1) H2O     + O1D     = OH      + OH           4.162E+06
  25) H2O     + HV      = H       + OH           8.665E+09
 121) SO3     + H2O     = H2SO4   +              2.524E+05

H                   PRODUCTION RXS              INT RX RATE    TP =  5.15E+11
   2) H2      + O1D     = OH      + H            6.180E+07
   3) H2      + O       = OH      + H            2.842E+06
   4) H2      + OH      = H2O     + H            5.603E+07
  10) OH      + O       = H       + O2           6.320E+08
  25) H2O     + HV      = H       + OH           8.665E+09
  31) CO      + OH      = CO2     + H            1.803E+10
  37) O       + HCO     = H       + CO2          2.306E+08
  40) H2CO    + HV      = HCO     + H            2.051E+09
  41) HCO     + HV      = H       + CO           1.702E+10
  61) CH23    + H2      = CH3     + H            3.267E+08
  65) CH3     + O       = H2CO    + H            3.875E+09
  69) CH3     + HV      = CH23    + H            1.342E+07
  78) N       + OH      = NO      + H            5.064E+07
  88) HNO     + HV      = NO      + H            2.758E+11
  94) CH21    + H2      = CH3     + H            4.481E+04
  97) CH23    + O       = HCO     + H            4.221E+07
 111) H2S     + HV      = HS      + H            1.090E+06
 118) SO      + OH      = SO2     + H            2.673E+05
 129) HS      + O       = H       + SO           2.571E+05
 135) HS      + S       = H       + S2           5.732E+01
 137) S       + OH      = SO      + H            8.515E+02
 183) HS      + CO      = OCS     + H            8.274E-03
 188) S       + HCO     = OCS     + H            4.783E+04
 208) CS      + HS      = CS2     + H            1.195E-03
 218) S       + HCS     = H       + CS2          3.737E-02
 223) C2H5    + O       = CH3     + HCO     H    1.032E+08
 225) C2H5    + O       = CH3CHO  + H            4.573E+08
 232) CH23    + S       = HCS     + H            5.837E+01
 235) CH4     + HV      = CH3     + H            4.456E+10
 236) CH4     + HV      = CH23    + H       H    2.184E+10
 237) C       + OH      = CO      + H            1.334E+07
 240) C       + HS      = CS      + H            3.814E-01
 243) CH      + O       = CO      + H            1.965E+06
 244) CH      + H2      = CH23    + H            1.828E+05
 248) CH      + HV      = C       + H            4.199E+03
 249) CH      + S       = CS      + H            1.662E+00
 254) CH23    + O       = CO      + H       H    3.504E+08
 264) CH3     + OH      = CH3O    + H            6.210E+05
 268) O1D     + CH4     = CH3O    + H            2.242E+09
 280) C2H2    + HV      = C2H     + H            5.564E+09
 285) C2H     + H2      = C2H2    + H            5.285E+05
 288) C2      + H2      = C2H     + H            1.295E+05
 295) C2H4    + HV      = C2H2    + H       H    1.031E+10
 296) CH23    + CH3     = C2H4    + H            6.086E+06
 300) C2H3    + H2      = C2H4    + H            6.889E+07
 307) CH      + CH4     = C2H4    + H            4.709E+10
 310) C2H3    + O       = CH2CO   + H            8.958E+08
 319) C2H2    + OH      = CH2CO   + H            1.148E+09
 345) C3H6    + HV      = C2H2    + CH3     H    1.155E+06
 348) C3H6    + HV      = C2H     + CH4     H    1.699E+05
 356) C3H7    + O       = C2H5CHO + H            8.491E+07
 357) CH      + C2H4    = CH2CCH2 + H            5.688E+08
 358) CH      + C2H4    = CH3C2H  + H            5.688E+08
 361) CH3     + C2H3    = C3H5    + H            4.475E+04
 367) CH      + C2H2    = C3H2    + H            8.166E+08
 376) CH2CCH2 + H       = CH3C2H  + H            8.601E+09
 378) C3H3    + HV      = C3H2    + H            7.462E+08
 379) CH3C2H  + HV      = C3H3    + H            4.239E+09
 382) CH2CCH2 + HV      = C3H3    + H            3.752E+08
 388) C2H6    + HV      = C2H4    + H       H    1.962E+09
 391) C2H     + C2H2    = HCAER   + H            1.075E+09
 392) C2H     + CH2CCH2 = HCAER2  + H            1.581E+06

H                      LOSS RXS                INT RX RATE    TL =  4.62E+11
   5) H       + O3      = OH      + O2           1.067E+05
   6) H       + O2      = HO2     +              3.525E+08
   7) H       + HO2     = H2      + O2           3.499E+07
   8) H       + HO2     = H2O     + O            7.775E+06
   9) H       + HO2     = OH      + OH           3.460E+08
  33) H       + CO      = HCO     +              2.104E+11
  34) H       + HCO     = H2      + CO           3.262E+10
  42) H2CO    + H       = H2      + HCO          1.020E+10
  43) H       + H       = H2      +              1.082E+08
  46) H       + OH      = H2O     +              3.014E+05
  70) CH3     + H       = CH4     +              1.017E+08
  74) H       + NO      = HNO     +              8.849E+08
  86) NO2     + H       = NO      + OH           5.590E+10
  89) H       + HNO     = H2      + NO           7.676E+08
 124) HSO3    + H       = H2      + SO3          5.330E+02
 127) H2S     + H       = H2      + HS           4.264E+07
 134) HS      + H       = H2      + S            3.193E+05
 172) H       + SO      = HSO     +              7.962E+03
 176) HSO     + H       = HS      + OH           3.495E+07
 177) HSO     + H       = H2      + SO           1.747E+07
 182) H       + OCS     = CO      + HS           1.087E+05
 216) H       + CS      = HCS     +              3.740E-05
 217) H       + HCS     = H2      + CS           8.255E+01
 220) C2H5    + H       = CH3     + CH3          3.475E+09
 221) C2H5    + H       = C2H6    +              1.209E+10
 222) C2H5    + H       = C2H4    + H2           1.737E+08
 242) CH      + H       = C       + H2           1.025E+08
 255) CH23    + H       = CH3     +              1.037E+06
 256) CH23    + H       = CH      + H2           4.918E+10
 258) CH3O2   + H       = CH4     + O2           3.349E+06
 259) CH3O2   + H       = H2O     + H2CO         2.392E+06
 272) CH2CO   + H       = CH3     + CO           4.803E+07
 275) CH3CO   + H       = CH4     + CO           7.558E+08
 287) C2H     + H       = C2H2    +              4.759E+05
 298) C2H2    + H       = C2H3    +              1.921E+10
 299) C2H3    + H       = C2H2    + H2           6.520E+09
 305) C2H4    + H       = C2H5    +              2.121E+10
 320) C2H2OH  + H       = H2O     + C2H2         4.654E+07
 321) C2H2OH  + H       = H2      + CH2CO        1.759E+04
 325) C2H4OH  + H       = H2O     + C2H4         1.127E+08
 326) C2H4OH  + H       = H2      + CH3CHO       5.181E+04
 329) CH3CHO  + H       = CH3CO   + H2           4.637E+07
 339) C3H7    + H       = CH3     + C2H5         5.274E+08
 353) C3H6    + H       = C3H7    +              3.110E+08
 359) CH2CCH2 + H       = CH3     + C2H2         2.948E+07
 360) CH2CCH2 + H       = C3H5    +              9.149E+06
 363) C3H5    + H       = C3H6    +              2.140E+08
 364) C3H5    + H       = CH4     + C2H2         1.083E+09
 366) C3H5    + H       = CH2CCH2 + H2           1.083E+09
 369) CH3C2H  + H       = CH3     + C2H2         5.053E+09
 370) CH3C2H  + H       = C3H5    +              5.053E+09
 371) C3H2    + H       = C3H3    +              5.105E+09
 372) C3H3    + H       = CH3C2H  +              4.487E+09
 373) C3H3    + H       = CH2CCH2 +              4.487E+09
 374) C3H5    + H       = CH3C2H  + H2           1.083E+09
 376) CH2CCH2 + H       = CH3C2H  + H            8.601E+09

OH                  PRODUCTION RXS              INT RX RATE    TP =  6.44E+11
   1) H2O     + O1D     = OH      + OH           4.162E+06
   2) H2      + O1D     = OH      + H            6.180E+07
   3) H2      + O       = OH      + H            2.842E+06
   5) H       + O3      = OH      + O2           1.067E+05
   9) H       + HO2     = OH      + OH           3.460E+08
  13) HO2     + O       = OH      + O2           8.797E+07
  14) HO2     + O3      = OH      + O2      O2   6.162E+04
  25) H2O     + HV      = H       + OH           8.665E+09
  28) H2O2    + HV      = OH      + OH           2.661E+07
  38) O       + HCO     = OH      + CO           2.306E+08
  48) H2CO    + O       = HCO     + OH           9.774E+08
  49) H2O2    + O       = OH      + HO2          1.630E+05
  50) HO2     + HV      = OH      + O            1.278E+05
  51) HNO2    + HV      = NO      + OH           2.379E+10
  52) HNO3    + HV      = NO2     + OH           3.802E+02
  56) CH4     + O1D     = CH3     + OH           8.408E+09
  59) CH21    + O2      = HCO     + OH           6.544E+03
  63) CH23    + O2      = HCO     + OH           3.362E+06
  64) CH3     + O2      = H2CO    + OH           4.103E+10
  82) NO      + HO2     = NO2     + OH           1.095E+11
  86) NO2     + H       = NO      + OH           5.590E+10
  90) O       + HNO     = OH      + NO           3.575E+08
  93) CH4     + O       = CH3     + OH           2.772E+10
 100) C2H6    + O       = C2H5    + OH           2.248E+10
 101) C2H6    + O1D     = C2H5    + OH           1.268E+09
 104) C2H5    + O2      = CH3     + HCO     OH   3.417E+11
 108) N       + HO2     = NO      + OH           1.932E+05
 116) SO      + HO2     = SO2     + OH           8.515E+05
 125) HSO3    + O       = OH      + SO3          1.917E+02
 128) H2S     + O       = OH      + HS           5.189E+04
 130) HS      + O2      = OH      + SO           1.837E-01
 140) S       + HO2     = SO      + OH           8.879E+02
 163) SO2     + HO2     = SO3     + OH           9.377E+04
 176) HSO     + H       = HS      + OH           3.495E+07
 179) HSO     + O       = OH      + SO           4.770E+06
 246) CH      + O2      = CO      + OH           3.010E+04
 253) CH23    + O       = CH      + OH           3.377E+07
 322) C2H2OH  + O       = OH      + CH2CO        1.494E+03
 327) C2H4OH  + O       = OH      + CH3CHO       4.326E+03
 330) CH3CHO  + O       = CH3CO   + OH           3.498E+08
 337) C3H8    + O       = C3H7    + OH           1.857E+08
 338) C3H8    + O1D     = C3H7    + OH           4.011E+04

OH                     LOSS RXS                INT RX RATE    TL =  6.44E+11
   4) H2      + OH      = H2O     + H            5.603E+07
  10) OH      + O       = H       + O2           6.320E+08
  11) OH      + HO2     = H2O     + O2           1.190E+06
  12) OH      + O3      = HO2     + O2           6.941E-01
  16) H2O2    + OH      = HO2     + H2O          4.253E+06
  20) OH      + OH      = H2O     + O            2.287E+04
  31) CO      + OH      = CO2     + H            1.803E+10
  36) OH      + HCO     = H2O     + CO           3.826E+05
  45) H2CO    + OH      = H2O     + HCO          1.431E+09
  46) H       + OH      = H2O     +              3.014E+05
  47) OH      + OH      = H2O2    +              5.558E+00
  55) CH4     + OH      = CH3     + H2O          2.915E+11
  67) CH3     + OH      = CO      + H2      H2   3.200E+05
  78) N       + OH      = NO      + H            5.064E+07
  83) NO      + OH      = HNO2    +              1.675E+06
  85) NO2     + OH      = HNO3    +              1.072E+07
  91) OH      + HNO     = H2O     + NO           1.448E+06
  92) HNO2    + OH      = H2O     + NO2          1.086E+04
  99) C2H6    + OH      = C2H5    + H2O          3.242E+11
 107) HNO3    + OH      = H2O     + NO2     O    7.136E+01
 118) SO      + OH      = SO2     + H            2.673E+05
 119) SO2     + OH      = HSO3    +              5.840E+04
 123) HSO3    + OH      = H2O     + SO3          2.074E-01
 126) H2S     + OH      = H2O     + HS           2.447E+05
 137) S       + OH      = SO      + H            8.515E+02
 175) HSO     + OH      = H2O     + SO           8.767E+04
 187) OCS     + OH      = CO2     + HS           1.743E+01
 204) CS2     + OH      = OCS     + HS           8.278E-09
 226) C2H5    + OH      = CH3     + HCO     H2   1.276E+05
 227) C2H5    + OH      = CH3CHO  + H2           3.190E+05
 228) C2H5    + OH      = C2H4    + H2O          1.276E+05
 237) C       + OH      = CO      + H            1.334E+07
 264) CH3     + OH      = CH3O    + H            6.210E+05
 282) C2H2    + OH      = CO      + CH3          1.478E+09
 303) C2H4    + OH      = H2CO    + CH3          4.590E+09
 311) C2H3    + OH      = C2H2    + H2O          8.598E+04
 318) C2H2    + OH      = C2H2OH  +              4.656E+07
 319) C2H2    + OH      = CH2CO   + H            1.148E+09
 323) C2H2OH  + OH      = H2O     + CH2CO        4.515E+02
 324) C2H4    + OH      = C2H4OH  +              1.128E+08
 328) C2H4OH  + OH      = H2O     + CH3CHO       1.358E+03
 331) CH3CHO  + OH      = CH3CO   + H2O          6.315E+06
 336) C3H8    + OH      = C3H7    + H2O          3.004E+08
 351) C3H6    + OH      = CH3CHO  + CH3          8.440E+06
 355) C3H7    + OH      = C2H5CHO + H2           1.235E+06

HO2                 PRODUCTION RXS              INT RX RATE    TP =  2.63E+11
   6) H       + O2      = HO2     +              3.525E+08
  12) OH      + O3      = HO2     + O2           6.941E-01
  16) H2O2    + OH      = HO2     + H2O          4.253E+06
  44) HCO     + O2      = HO2     + CO           2.610E+11
  49) H2O2    + O       = OH      + HO2          1.630E+05
  66) CH3     + O3      = H2CO    + HO2          3.556E+05
 122) HSO3    + O2      = HO2     + SO3          5.768E+04
 260) CH3O2   + O       = H2CO    + HO2          2.631E+06
 269) CH3O    + O2      = H2CO    + HO2          1.163E+09

HO2                    LOSS RXS                INT RX RATE    TL =  2.62E+11
   7) H       + HO2     = H2      + O2           3.499E+07
   8) H       + HO2     = H2O     + O            7.775E+06
   9) H       + HO2     = OH      + OH           3.460E+08
  11) OH      + HO2     = H2O     + O2           1.190E+06
  13) HO2     + O       = OH      + O2           8.797E+07
  14) HO2     + O3      = OH      + O2      O2   6.162E+04
  15) HO2     + HO2     = H2O2    + O2           7.527E+10
  50) HO2     + HV      = OH      + O            1.278E+05
  82) NO      + HO2     = NO2     + OH           1.095E+11
 108) N       + HO2     = NO      + OH           1.932E+05
 109) HO2     + NO2     = HNO2    + O2           1.114E+09
 116) SO      + HO2     = SO2     + OH           8.515E+05
 131) HS      + HO2     = H2S     + O2           1.247E+04
 139) S       + HO2     = HS      + O2           8.879E+02
 140) S       + HO2     = SO      + OH           8.879E+02
 163) SO2     + HO2     = SO3     + OH           9.377E+04
 170) SO      + HO2     = HSO     + O2           8.515E+05
 191) H2S     + HO2     = H2O     + HSO          2.798E+08

H2O2                PRODUCTION RXS              INT RX RATE    TP =  7.53E+10
  15) HO2     + HO2     = H2O2    + O2           7.527E+10
  47) OH      + OH      = H2O2    +              5.558E+00

H2O2                   LOSS RXS                INT RX RATE    TL =  5.36E+10
  16) H2O2    + OH      = HO2     + H2O          4.253E+06
  28) H2O2    + HV      = OH      + OH           2.661E+07
  49) H2O2    + O       = OH      + HO2          1.630E+05

H2                  PRODUCTION RXS              INT RX RATE    TP =  1.81E+11
   7) H       + HO2     = H2      + O2           3.499E+07
  34) H       + HCO     = H2      + CO           3.262E+10
  39) H2CO    + HV      = H2      + CO           4.365E+09
  42) H2CO    + H       = H2      + HCO          1.020E+10
  43) H       + H       = H2      +              1.082E+08
  57) CH4     + O1D     = H2CO    + H2           5.605E+08
  67) CH3     + OH      = CO      + H2      H2   3.200E+05
  89) H       + HNO     = H2      + NO           7.676E+08
  95) CH21    + H2      = CH23    + H2           1.129E+08
 124) HSO3    + H       = H2      + SO3          5.330E+02
 127) H2S     + H       = H2      + HS           4.264E+07
 134) HS      + H       = H2      + S            3.193E+05
 177) HSO     + H       = H2      + SO           1.747E+07
 217) H       + HCS     = H2      + CS           8.255E+01
 222) C2H5    + H       = C2H4    + H2           1.737E+08
 226) C2H5    + OH      = CH3     + HCO     H2   1.276E+05
 227) C2H5    + OH      = CH3CHO  + H2           3.190E+05
 234) CH4     + HV      = CH21    + H2           3.813E+10
 242) CH      + H       = C       + H2           1.025E+08
 256) CH23    + H       = CH      + H2           4.918E+10
 279) CH23    + CH23    = C2H2    + H2           1.616E+06
 281) C2H2    + HV      = C2      + H2           1.855E+09
 294) C2H4    + HV      = C2H2    + H2           1.466E+10
 299) C2H3    + H       = C2H2    + H2           6.520E+09
 321) C2H2OH  + H       = H2      + CH2CO        1.759E+04
 326) C2H4OH  + H       = H2      + CH3CHO       5.181E+04
 329) CH3CHO  + H       = CH3CO   + H2           4.637E+07
 340) C3H8    + HV      = C3H6    + H2           3.643E+06
 346) C3H6    + HV      = CH2CCH2 + H2           4.332E+04
 355) C3H7    + OH      = C2H5CHO + H2           1.235E+06
 366) C3H5    + H       = CH2CCH2 + H2           1.083E+09
 374) C3H5    + H       = CH3C2H  + H2           1.083E+09
 380) CH3C2H  + HV      = C3H2    + H2           3.331E+09
 383) CH2CCH2 + HV      = C3H2    + H2           2.111E+08
 387) C2H6    + HV      = C2H2    + H2      H2   3.769E+09
 389) C2H6    + HV      = C2H4    + H2           7.799E+09

H2                     LOSS RXS                INT RX RATE    TL =  7.13E+08
   2) H2      + O1D     = OH      + H            6.180E+07
   3) H2      + O       = OH      + H            2.842E+06
   4) H2      + OH      = H2O     + H            5.603E+07
  61) CH23    + H2      = CH3     + H            3.267E+08
  94) CH21    + H2      = CH3     + H            4.481E+04
  95) CH21    + H2      = CH23    + H2           1.129E+08
 238) C       + H2      = CH23    +              5.849E+07
 244) CH      + H2      = CH23    + H            1.828E+05
 245) CH      + H2      = CH3     +              2.945E+03
 285) C2H     + H2      = C2H2    + H            5.285E+05
 288) C2      + H2      = C2H     + H            1.295E+05
 300) C2H3    + H2      = C2H4    + H            6.889E+07

CO                  PRODUCTION RXS              INT RX RATE    TP =  6.78E+11
  29) CO2     + HV      = CO      + O            1.469E+10
  30) CO2     + HV      = CO      + O1D          3.571E+10
  34) H       + HCO     = H2      + CO           3.262E+10
  35) HCO     + HCO     = H2CO    + CO           7.603E+08
  36) OH      + HCO     = H2O     + CO           3.826E+05
  38) O       + HCO     = OH      + CO           2.306E+08
  39) H2CO    + HV      = H2      + CO           4.365E+09
  41) HCO     + HV      = H       + CO           1.702E+10
  44) HCO     + O2      = HO2     + CO           2.610E+11
  67) CH3     + OH      = CO      + H2      H2   3.200E+05
  71) CH3     + HCO     = CH4     + CO           1.468E+08
  87) HCO     + NO      = HNO     + CO           2.726E+11
  96) CH21    + CO2     = H2CO    + CO           4.518E+07
  98) CH23    + CO2     = H2CO    + CO           8.327E+09
 102) C2H5    + HCO     = C2H6    + CO           3.574E+09
 105) CO      + O1D     = CO      + O            3.190E+07
 133) HS      + HCO     = H2S     + CO           1.878E+04
 138) S       + HCO     = HS      + CO           5.978E+03
 169) S       + CO2     = SO      + CO           2.101E+05
 171) SO      + HCO     = HSO     + CO           6.808E+05
 182) H       + OCS     = CO      + HS           1.087E+05
 184) O       + OCS     = CO      + SO           6.371E+03
 186) OCS     + S       = CO      + S2           3.104E+03
 190) OCS     + HV      = CO      + S            2.566E+04
 198) CS      + O2      = CO      + SO           2.410E-04
 201) CS      + O3      = CO      + SO2          6.429E-02
 209) CS2     + O       = CO      + S2           8.368E-05
 212) CS      + O       = CO      + S            8.478E+01
 237) C       + OH      = CO      + H            1.334E+07
 239) C       + O2      = CO      + O            3.075E+07
 243) CH      + O       = CO      + H            1.965E+06
 246) CH      + O2      = CO      + OH           3.010E+04
 247) CH      + CO2     = HCO     + CO           6.611E+07
 252) OCS     + CH      = CO      + HCS          2.442E+01
 254) CH23    + O       = CO      + H       H    3.504E+08
 262) HCO     + H2CO    = CH3O    + CO           5.704E+06
 270) CH2CO   + HV      = CH23    + CO           2.910E+09
 272) CH2CO   + H       = CH3     + CO           4.803E+07
 273) CH2CO   + O       = H2CO    + CO           4.422E+09
 275) CH3CO   + H       = CH4     + CO           7.558E+08
 277) CH3CO   + CH3     = C2H6    + CO           3.344E+09
 282) C2H2    + OH      = CO      + CH3          1.478E+09
 283) C2H     + O2      = CO      + HCO          2.217E+05
 284) C2H     + O       = CO      + CH           3.989E+05
 292) C2      + O       = C       + CO           7.526E+04
 293) C2      + O2      = CO      + CO           6.036E+02
 309) C2H2    + O       = CH23    + CO           1.235E+10
 334) CH3CHO  + HV      = CH4     + CO           2.420E+07
 352) C3H6    + O       = CH3     + CH3     CO   1.028E+08

CO                     LOSS RXS                INT RX RATE    TL =  2.39E+11
  31) CO      + OH      = CO2     + H            1.803E+10
  32) CO      + O       = CO2     +              9.163E+08
  33) H       + CO      = HCO     +              2.104E+11
 105) CO      + O1D     = CO      + O            3.190E+07
 183) HS      + CO      = OCS     + H            8.274E-03
 189) S       + CO      = OCS     +              9.698E+04
 196) OCS2    + CO      = OCS     + OCS          6.414E+01
 263) CH3O    + CO      = CH3     + CO2          2.035E+08
 271) CH23    + CO      = CH2CO   +              1.058E+07
 274) CH3     + CO      = CH3CO   +              9.058E+09

HCO                 PRODUCTION RXS              INT RX RATE    TP =  5.89E+11
  33) H       + CO      = HCO     +              2.104E+11
  40) H2CO    + HV      = HCO     + H            2.051E+09
  42) H2CO    + H       = H2      + HCO          1.020E+10
  45) H2CO    + OH      = H2O     + HCO          1.431E+09
  48) H2CO    + O       = HCO     + OH           9.774E+08
  59) CH21    + O2      = HCO     + OH           6.544E+03
  63) CH23    + O2      = HCO     + OH           3.362E+06
  73) CH3     + H2CO    = CH4     + HCO          2.294E+04
  97) CH23    + O       = HCO     + H            4.221E+07
 104) C2H5    + O2      = CH3     + HCO     OH   3.417E+11
 143) HS      + H2CO    = H2S     + HCO          1.055E+07
 223) C2H5    + O       = CH3     + HCO     H    1.032E+08
 226) C2H5    + OH      = CH3     + HCO     H2   1.276E+05
 247) CH      + CO2     = HCO     + CO           6.611E+07
 276) CH3CO   + O       = H2CO    + HCO          4.793E+07
 283) C2H     + O2      = CO      + HCO          2.217E+05
 304) C2H4    + O       = HCO     + CH3          2.180E+10
 333) CH3CHO  + HV      = CH3     + HCO          2.420E+07
 349) C2H5CHO + HV      = C2H5    + HCO          4.677E+07

HCO                    LOSS RXS                INT RX RATE    TL =  5.89E+11
  34) H       + HCO     = H2      + CO           3.262E+10
  35) HCO     + HCO     = H2CO    + CO           7.603E+08
  36) OH      + HCO     = H2O     + CO           3.826E+05
  37) O       + HCO     = H       + CO2          2.306E+08
  38) O       + HCO     = OH      + CO           2.306E+08
  41) HCO     + HV      = H       + CO           1.702E+10
  44) HCO     + O2      = HO2     + CO           2.610E+11
  71) CH3     + HCO     = CH4     + CO           1.468E+08
  87) HCO     + NO      = HNO     + CO           2.726E+11
 102) C2H5    + HCO     = C2H6    + CO           3.574E+09
 133) HS      + HCO     = H2S     + CO           1.878E+04
 138) S       + HCO     = HS      + CO           5.978E+03
 171) SO      + HCO     = HSO     + CO           6.808E+05
 188) S       + HCO     = OCS     + H            4.783E+04
 262) HCO     + H2CO    = CH3O    + CO           5.704E+06

H2CO                PRODUCTION RXS              INT RX RATE    TP =  9.13E+10
  35) HCO     + HCO     = H2CO    + CO           7.603E+08
  57) CH4     + O1D     = H2CO    + H2           5.605E+08
  64) CH3     + O2      = H2CO    + OH           4.103E+10
  65) CH3     + O       = H2CO    + H            3.875E+09
  66) CH3     + O3      = H2CO    + HO2          3.556E+05
  96) CH21    + CO2     = H2CO    + CO           4.518E+07
  98) CH23    + CO2     = H2CO    + CO           8.327E+09
 224) C2H5    + O       = H2CO    + CH3          9.181E+07
 259) CH3O2   + H       = H2O     + H2CO         2.392E+06
 260) CH3O2   + O       = H2CO    + HO2          2.631E+06
 266) NO      + CH3O    = HNO     + H2CO         3.707E+09
 267) NO2     + CH3O    = H2CO    + HNO2         2.267E+10
 269) CH3O    + O2      = H2CO    + HO2          1.163E+09
 273) CH2CO   + O       = H2CO    + CO           4.422E+09
 276) CH3CO   + O       = H2CO    + HCO          4.793E+07
 303) C2H4    + OH      = H2CO    + CH3          4.590E+09

H2CO                   LOSS RXS                INT RX RATE    TL =  6.50E+10
  39) H2CO    + HV      = H2      + CO           4.365E+09
  40) H2CO    + HV      = HCO     + H            2.051E+09
  42) H2CO    + H       = H2      + HCO          1.020E+10
  45) H2CO    + OH      = H2O     + HCO          1.431E+09
  48) H2CO    + O       = HCO     + OH           9.774E+08
  73) CH3     + H2CO    = CH4     + HCO          2.294E+04
 143) HS      + H2CO    = H2S     + HCO          1.055E+07
 262) HCO     + H2CO    = CH3O    + CO           5.704E+06

CH4                 PRODUCTION RXS              INT RX RATE    TP =  1.01E+10
  70) CH3     + H       = CH4     +              1.017E+08
  71) CH3     + HCO     = CH4     + CO           1.468E+08
  72) CH3     + HNO     = CH4     + NO           2.641E+07
  73) CH3     + H2CO    = CH4     + HCO          2.294E+04
 231) CH3     + HCS     = CH4     + CS           1.771E-01
 258) CH3O2   + H       = CH4     + O2           3.349E+06
 275) CH3CO   + H       = CH4     + CO           7.558E+08
 278) CH3CO   + CH3     = CH4     + CH2CO        5.326E+09
 312) C2H3    + CH3     = C2H2    + CH4          6.340E+06
 315) C2H5    + CH3     = C2H4    + CH4          4.916E+08
 332) CH3CHO  + CH3     = CH3CO   + CH4          1.394E+07
 334) CH3CHO  + HV      = CH4     + CO           2.420E+07
 342) C3H8    + HV      = C2H4    + CH4          6.100E+05
 348) C3H6    + HV      = C2H     + CH4     H    1.699E+05
 354) C3H7    + CH3     = C3H6    + CH4          1.837E+08
 364) C3H5    + H       = CH4     + C2H2         1.083E+09
 365) C3H5    + CH3     = CH2CCH2 + CH4          8.253E+08
 375) C3H5    + CH3     = CH3C2H  + CH4          8.253E+08
 386) C2H6    + HV      = CH4     + CH21         2.901E+08

CH4                    LOSS RXS                INT RX RATE    TL =  8.38E+11
  55) CH4     + OH      = CH3     + H2O          2.915E+11
  56) CH4     + O1D     = CH3     + OH           8.408E+09
  57) CH4     + O1D     = H2CO    + H2           5.605E+08
  58) CH21    + CH4     = CH3     + CH3          1.273E+10
  62) CH23    + CH4     = CH3     + CH3          6.893E+04
  93) CH4     + O       = CH3     + OH           2.772E+10
 215) CH4     + HS      = CH3     + H2S          5.833E-05
 234) CH4     + HV      = CH21    + H2           3.813E+10
 235) CH4     + HV      = CH3     + H            4.456E+10
 236) CH4     + HV      = CH23    + H       H    2.184E+10
 268) O1D     + CH4     = CH3O    + H            2.242E+09
 286) C2H     + CH4     = C2H2    + CH3          4.050E+09
 289) C2      + CH4     = C2H     + CH3          1.855E+09
 301) C2H3    + CH4     = C2H4    + CH3          1.147E+10
 307) CH      + CH4     = C2H4    + H            4.709E+10

CH3                 PRODUCTION RXS              INT RX RATE    TP =  7.99E+11
  55) CH4     + OH      = CH3     + H2O          2.915E+11
  56) CH4     + O1D     = CH3     + OH           8.408E+09
  58) CH21    + CH4     = CH3     + CH3          1.273E+10
  61) CH23    + H2      = CH3     + H            3.267E+08
  62) CH23    + CH4     = CH3     + CH3          6.893E+04
  93) CH4     + O       = CH3     + OH           2.772E+10
  94) CH21    + H2      = CH3     + H            4.481E+04
 104) C2H5    + O2      = CH3     + HCO     OH   3.417E+11
 215) CH4     + HS      = CH3     + H2S          5.833E-05
 220) C2H5    + H       = CH3     + CH3          3.475E+09
 223) C2H5    + O       = CH3     + HCO     H    1.032E+08
 224) C2H5    + O       = H2CO    + CH3          9.181E+07
 226) C2H5    + OH      = CH3     + HCO     H2   1.276E+05
 235) CH4     + HV      = CH3     + H            4.456E+10
 245) CH      + H2      = CH3     +              2.945E+03
 255) CH23    + H       = CH3     +              1.037E+06
 263) CH3O    + CO      = CH3     + CO2          2.035E+08
 272) CH2CO   + H       = CH3     + CO           4.803E+07
 282) C2H2    + OH      = CO      + CH3          1.478E+09
 286) C2H     + CH4     = C2H2    + CH3          4.050E+09
 289) C2      + CH4     = C2H     + CH3          1.855E+09
 297) CH23    + C2H3    = CH3     + C2H2         1.106E+05
 301) C2H3    + CH4     = C2H4    + CH3          1.147E+10
 303) C2H4    + OH      = H2CO    + CH3          4.590E+09
 304) C2H4    + O       = HCO     + CH3          2.180E+10
 308) CH23    + C2H5    = CH3     + C2H4         4.825E+04
 333) CH3CHO  + HV      = CH3     + HCO          2.420E+07
 339) C3H7    + H       = CH3     + C2H5         5.274E+08
 343) C3H8    + HV      = C2H5    + CH3          9.154E+05
 345) C3H6    + HV      = C2H2    + CH3     H    1.155E+06
 351) C3H6    + OH      = CH3CHO  + CH3          8.440E+06
 352) C3H6    + O       = CH3     + CH3     CO   1.028E+08
 359) CH2CCH2 + H       = CH3     + C2H2         2.948E+07
 362) C2H3    + C2H5    = CH3     + C3H5         5.164E+07
 369) CH3C2H  + H       = CH3     + C2H2         5.053E+09
 381) CH3C2H  + HV      = CH3     + C2H          1.514E+08
 390) C2H6    + HV      = CH3     + CH3          1.429E+08

CH3                    LOSS RXS                INT RX RATE    TL =  7.99E+11
  64) CH3     + O2      = H2CO    + OH           4.103E+10
  65) CH3     + O       = H2CO    + H            3.875E+09
  66) CH3     + O3      = H2CO    + HO2          3.556E+05
  67) CH3     + OH      = CO      + H2      H2   3.200E+05
  68) CH3     + CH3     = C2H6    +              3.537E+11
  69) CH3     + HV      = CH23    + H            1.342E+07
  70) CH3     + H       = CH4     +              1.017E+08
  71) CH3     + HCO     = CH4     + CO           1.468E+08
  72) CH3     + HNO     = CH4     + NO           2.641E+07
  73) CH3     + H2CO    = CH4     + HCO          2.294E+04
 231) CH3     + HCS     = CH4     + CS           1.771E-01
 257) CH3     + O2      = CH3O2   +              2.551E+10
 264) CH3     + OH      = CH3O    + H            6.210E+05
 265) CH3     + O3      = CH3O    + O2           3.556E+05
 274) CH3     + CO      = CH3CO   +              9.058E+09
 277) CH3CO   + CH3     = C2H6    + CO           3.344E+09
 278) CH3CO   + CH3     = CH4     + CH2CO        5.326E+09
 296) CH23    + CH3     = C2H4    + H            6.086E+06
 312) C2H3    + CH3     = C2H2    + CH4          6.340E+06
 315) C2H5    + CH3     = C2H4    + CH4          4.916E+08
 332) CH3CHO  + CH3     = CH3CO   + CH4          1.394E+07
 335) C2H5    + CH3     = C3H8    +              4.916E+08
 350) C2H3    + CH3     = C3H6    +              2.237E+07
 354) C3H7    + CH3     = C3H6    + CH4          1.837E+08
 361) CH3     + C2H3    = C3H5    + H            4.475E+04
 365) C3H5    + CH3     = CH2CCH2 + CH4          8.253E+08
 375) C3H5    + CH3     = CH3C2H  + CH4          8.253E+08

C2H6                PRODUCTION RXS              INT RX RATE    TP =  3.78E+11
  68) CH3     + CH3     = C2H6    +              3.537E+11
 102) C2H5    + HCO     = C2H6    + CO           3.574E+09
 103) C2H5    + HNO     = C2H6    + NO           2.826E+08
 221) C2H5    + H       = C2H6    +              1.209E+10
 277) CH3CO   + CH3     = C2H6    + CO           3.344E+09
 316) C2H5    + C2H3    = C2H6    + C2H2         3.102E+07
 317) C2H5    + C2H5    = C2H6    + C2H4         4.551E+09
 341) C3H8    + HV      = C2H6    + CH21         2.025E+05

C2H6                   LOSS RXS                INT RX RATE    TL =  3.78E+11
  99) C2H6    + OH      = C2H5    + H2O          3.242E+11
 100) C2H6    + O       = C2H5    + OH           2.248E+10
 101) C2H6    + O1D     = C2H5    + OH           1.268E+09
 302) C2H3    + C2H6    = C2H4    + C2H5         8.386E+05
 306) C2H     + C2H6    = C2H2    + C2H5         2.443E+09
 386) C2H6    + HV      = CH4     + CH21         2.901E+08
 387) C2H6    + HV      = C2H2    + H2      H2   3.769E+09
 388) C2H6    + HV      = C2H4    + H       H    1.962E+09
 389) C2H6    + HV      = C2H4    + H2           7.799E+09
 390) C2H6    + HV      = CH3     + CH3          1.429E+08

NO                  PRODUCTION RXS              INT RX RATE    TP =  4.13E+11
  51) HNO2    + HV      = NO      + OH           2.379E+10
  54) NO2     + HV      = NO      + O            5.461E+10
  72) CH3     + HNO     = CH4     + NO           2.641E+07
  76) N       + O2      = NO      + O            1.895E+00
  77) N       + O3      = NO      + O2           2.652E-04
  78) N       + OH      = NO      + H            5.064E+07
  84) NO2     + O       = NO      + O2           5.447E+08
  86) NO2     + H       = NO      + OH           5.590E+10
  88) HNO     + HV      = NO      + H            2.758E+11
  89) H       + HNO     = H2      + NO           7.676E+08
  90) O       + HNO     = OH      + NO           3.575E+08
  91) OH      + HNO     = H2O     + NO           1.448E+06
 103) C2H5    + HNO     = C2H6    + NO           2.826E+08
 108) N       + HO2     = NO      + OH           1.932E+05
 161) SO      + NO2     = SO2     + NO           1.592E+08
 165) HS      + NO2     = HSO     + NO           6.790E+07

NO                     LOSS RXS                INT RX RATE    TL =  4.13E+11
  53) NO      + HV      = N       + O            2.952E+06
  74) H       + NO      = HNO     +              8.849E+08
  79) N       + NO      = N2      + O            5.212E+07
  80) NO      + O3      = NO2     + O2           8.828E+05
  81) NO      + O       = NO2     +              1.985E+08
  82) NO      + HO2     = NO2     + OH           1.095E+11
  83) NO      + OH      = HNO2    +              1.675E+06
  87) HCO     + NO      = HNO     + CO           2.726E+11
 174) HSO     + NO      = HNO     + SO           1.377E+08
 261) NO      + CH3O2   = CH3O    + NO2          2.550E+10
 266) NO      + CH3O    = HNO     + H2CO         3.707E+09

NO2                 PRODUCTION RXS              INT RX RATE    TP =  1.35E+11
  52) HNO3    + HV      = NO2     + OH           3.802E+02
  80) NO      + O3      = NO2     + O2           8.828E+05
  81) NO      + O       = NO2     +              1.985E+08
  82) NO      + HO2     = NO2     + OH           1.095E+11
  92) HNO2    + OH      = H2O     + NO2          1.086E+04
 107) HNO3    + OH      = H2O     + NO2     O    7.136E+01
 261) NO      + CH3O2   = CH3O    + NO2          2.550E+10

NO2                    LOSS RXS                INT RX RATE    TL =  1.35E+11
  54) NO2     + HV      = NO      + O            5.461E+10
  84) NO2     + O       = NO      + O2           5.447E+08
  85) NO2     + OH      = HNO3    +              1.072E+07
  86) NO2     + H       = NO      + OH           5.590E+10
 109) HO2     + NO2     = HNO2    + O2           1.114E+09
 161) SO      + NO2     = SO2     + NO           1.592E+08
 165) HS      + NO2     = HSO     + NO           6.790E+07
 267) NO2     + CH3O    = H2CO    + HNO2         2.267E+10

HNO                 PRODUCTION RXS              INT RX RATE    TP =  2.77E+11
  74) H       + NO      = HNO     +              8.849E+08
  87) HCO     + NO      = HNO     + CO           2.726E+11
 174) HSO     + NO      = HNO     + SO           1.377E+08
 266) NO      + CH3O    = HNO     + H2CO         3.707E+09

HNO                    LOSS RXS                INT RX RATE    TL =  2.77E+11
  72) CH3     + HNO     = CH4     + NO           2.641E+07
  88) HNO     + HV      = NO      + H            2.758E+11
  89) H       + HNO     = H2      + NO           7.676E+08
  90) O       + HNO     = OH      + NO           3.575E+08
  91) OH      + HNO     = H2O     + NO           1.448E+06
 103) C2H5    + HNO     = C2H6    + NO           2.826E+08

O3                  PRODUCTION RXS              INT RX RATE    TP =  2.63E+06
  18) O       + O2      = O3      +              2.631E+06

O3                     LOSS RXS                INT RX RATE    TL =  2.57E+06
   5) H       + O3      = OH      + O2           1.067E+05
  12) OH      + O3      = HO2     + O2           6.941E-01
  14) HO2     + O3      = OH      + O2      O2   6.162E+04
  19) O       + O3      = O2      + O2           3.645E+00
  26) O3      + HV      = O2      + O1D          1.631E+02
  27) O3      + HV      = O2      + O            8.044E+05
  66) CH3     + O3      = H2CO    + HO2          3.556E+05
  77) N       + O3      = NO      + O2           2.652E-04
  80) NO      + O3      = NO2     + O2           8.828E+05
 162) SO      + O3      = SO2     + O2           1.728E+00
 164) HS      + O3      = HSO     + O2           1.076E+01
 166) S       + O3      = SO      + O2           1.963E-01
 199) CS      + O3      = OCS     + O2           6.429E-02
 200) CS      + O3      = SO      + CO2          6.429E-02
 201) CS      + O3      = CO      + SO2          6.429E-02
 265) CH3     + O3      = CH3O    + O2           3.556E+05

HNO3                PRODUCTION RXS              INT RX RATE    TP =  1.07E+07
  85) NO2     + OH      = HNO3    +              1.072E+07

HNO3                   LOSS RXS                INT RX RATE    TL =  7.83E+06
  52) HNO3    + HV      = NO2     + OH           3.802E+02
 107) HNO3    + OH      = H2O     + NO2     O    7.136E+01

N                   PRODUCTION RXS              INT RX RATE    TP =  2.95E+06
  53) NO      + HV      = N       + O            2.952E+06

N                      LOSS RXS                INT RX RATE    TL =  1.03E+08
  75) N       + N       = N2      +              9.040E+01
  76) N       + O2      = NO      + O            1.895E+00
  77) N       + O3      = NO      + O2           2.652E-04
  78) N       + OH      = NO      + H            5.064E+07
  79) N       + NO      = N2      + O            5.212E+07
 108) N       + HO2     = NO      + OH           1.932E+05

C3H2                PRODUCTION RXS              INT RX RATE    TP =  5.10E+09
 367) CH      + C2H2    = C3H2    + H            8.166E+08
 378) C3H3    + HV      = C3H2    + H            7.462E+08
 380) CH3C2H  + HV      = C3H2    + H2           3.331E+09
 383) CH2CCH2 + HV      = C3H2    + H2           2.111E+08

C3H2                   LOSS RXS                INT RX RATE    TL =  5.10E+09
 371) C3H2    + H       = C3H3    +              5.105E+09

C3H3                PRODUCTION RXS              INT RX RATE    TP =  9.72E+09
 371) C3H2    + H       = C3H3    +              5.105E+09
 379) CH3C2H  + HV      = C3H3    + H            4.239E+09
 382) CH2CCH2 + HV      = C3H3    + H            3.752E+08

C3H3                   LOSS RXS                INT RX RATE    TL =  9.72E+09
 372) C3H3    + H       = CH3C2H  +              4.487E+09
 373) C3H3    + H       = CH2CCH2 +              4.487E+09
 378) C3H3    + HV      = C3H2    + H            7.462E+08

CH3C2H              PRODUCTION RXS              INT RX RATE    TP =  1.78E+10
 358) CH      + C2H4    = CH3C2H  + H            5.688E+08
 368) CH23    + C2H2    = CH3C2H  +              2.263E+09
 372) C3H3    + H       = CH3C2H  +              4.487E+09
 374) C3H5    + H       = CH3C2H  + H2           1.083E+09
 375) C3H5    + CH3     = CH3C2H  + CH4          8.253E+08
 376) CH2CCH2 + H       = CH3C2H  + H            8.601E+09

CH3C2H                 LOSS RXS                INT RX RATE    TL =  1.78E+10
 369) CH3C2H  + H       = CH3     + C2H2         5.053E+09
 370) CH3C2H  + H       = C3H5    +              5.053E+09
 379) CH3C2H  + HV      = C3H3    + H            4.239E+09
 380) CH3C2H  + HV      = C3H2    + H2           3.331E+09
 381) CH3C2H  + HV      = CH3     + C2H          1.514E+08

CH2CCH2             PRODUCTION RXS              INT RX RATE    TP =  9.23E+09
 346) C3H6    + HV      = CH2CCH2 + H2           4.332E+04
 357) CH      + C2H4    = CH2CCH2 + H            5.688E+08
 365) C3H5    + CH3     = CH2CCH2 + CH4          8.253E+08
 366) C3H5    + H       = CH2CCH2 + H2           1.083E+09
 373) C3H3    + H       = CH2CCH2 +              4.487E+09
 377) CH23    + C2H2    = CH2CCH2 +              2.263E+09

CH2CCH2                LOSS RXS                INT RX RATE    TL =  9.23E+09
 359) CH2CCH2 + H       = CH3     + C2H2         2.948E+07
 360) CH2CCH2 + H       = C3H5    +              9.149E+06
 376) CH2CCH2 + H       = CH3C2H  + H            8.601E+09
 382) CH2CCH2 + HV      = C3H3    + H            3.752E+08
 383) CH2CCH2 + HV      = C3H2    + H2           2.111E+08
 392) C2H     + CH2CCH2 = HCAER2  + H            1.581E+06

C3H5                PRODUCTION RXS              INT RX RATE    TP =  5.11E+09
 360) CH2CCH2 + H       = C3H5    +              9.149E+06
 361) CH3     + C2H3    = C3H5    + H            4.475E+04
 362) C2H3    + C2H5    = CH3     + C3H5         5.164E+07
 370) CH3C2H  + H       = C3H5    +              5.053E+09

C3H5                   LOSS RXS                INT RX RATE    TL =  5.11E+09
 363) C3H5    + H       = C3H6    +              2.140E+08
 364) C3H5    + H       = CH4     + C2H2         1.083E+09
 365) C3H5    + CH3     = CH2CCH2 + CH4          8.253E+08
 366) C3H5    + H       = CH2CCH2 + H2           1.083E+09
 374) C3H5    + H       = CH3C2H  + H2           1.083E+09
 375) C3H5    + CH3     = CH3C2H  + CH4          8.253E+08

C2H5CHO             PRODUCTION RXS              INT RX RATE    TP =  8.61E+07
 355) C3H7    + OH      = C2H5CHO + H2           1.235E+06
 356) C3H7    + O       = C2H5CHO + H            8.491E+07

C2H5CHO                LOSS RXS                INT RX RATE    TL =  8.61E+07
 349) C2H5CHO + HV      = C2H5    + HCO          4.677E+07

C3H6                PRODUCTION RXS              INT RX RATE    TP =  4.24E+08
 340) C3H8    + HV      = C3H6    + H2           3.643E+06
 350) C2H3    + CH3     = C3H6    +              2.237E+07
 354) C3H7    + CH3     = C3H6    + CH4          1.837E+08
 363) C3H5    + H       = C3H6    +              2.140E+08

C3H6                   LOSS RXS                INT RX RATE    TL =  4.24E+08
 345) C3H6    + HV      = C2H2    + CH3     H    1.155E+06
 346) C3H6    + HV      = CH2CCH2 + H2           4.332E+04
 347) C3H6    + HV      = C2H4    + CH23         6.797E+04
 348) C3H6    + HV      = C2H     + CH4     H    1.699E+05
 351) C3H6    + OH      = CH3CHO  + CH3          8.440E+06
 352) C3H6    + O       = CH3     + CH3     CO   1.028E+08
 353) C3H6    + H       = C3H7    +              3.110E+08

C3H7                PRODUCTION RXS              INT RX RATE    TP =  7.97E+08
 336) C3H8    + OH      = C3H7    + H2O          3.004E+08
 337) C3H8    + O       = C3H7    + OH           1.857E+08
 338) C3H8    + O1D     = C3H7    + OH           4.011E+04
 344) C2H     + C3H8    = C2H2    + C3H7         1.084E+05
 353) C3H6    + H       = C3H7    +              3.110E+08

C3H7                   LOSS RXS                INT RX RATE    TL =  7.97E+08
 339) C3H7    + H       = CH3     + C2H5         5.274E+08
 354) C3H7    + CH3     = C3H6    + CH4          1.837E+08
 355) C3H7    + OH      = C2H5CHO + H2           1.235E+06
 356) C3H7    + O       = C2H5CHO + H            8.491E+07

C3H8                PRODUCTION RXS              INT RX RATE    TP =  4.92E+08
 335) C2H5    + CH3     = C3H8    +              4.916E+08

C3H8                   LOSS RXS                INT RX RATE    TL =  4.92E+08
 336) C3H8    + OH      = C3H7    + H2O          3.004E+08
 337) C3H8    + O       = C3H7    + OH           1.857E+08
 338) C3H8    + O1D     = C3H7    + OH           4.011E+04
 340) C3H8    + HV      = C3H6    + H2           3.643E+06
 341) C3H8    + HV      = C2H6    + CH21         2.025E+05
 342) C3H8    + HV      = C2H4    + CH4          6.100E+05
 343) C3H8    + HV      = C2H5    + CH3          9.154E+05
 344) C2H     + C3H8    = C2H2    + C3H7         1.084E+05

C2H4OH              PRODUCTION RXS              INT RX RATE    TP =  1.13E+08
 324) C2H4    + OH      = C2H4OH  +              1.128E+08

C2H4OH                 LOSS RXS                INT RX RATE    TL =  1.13E+08
 325) C2H4OH  + H       = H2O     + C2H4         1.127E+08
 326) C2H4OH  + H       = H2      + CH3CHO       5.181E+04
 327) C2H4OH  + O       = OH      + CH3CHO       4.326E+03
 328) C2H4OH  + OH      = H2O     + CH3CHO       1.358E+03

C2H2OH              PRODUCTION RXS              INT RX RATE    TP =  4.66E+07
 318) C2H2    + OH      = C2H2OH  +              4.656E+07

C2H2OH                 LOSS RXS                INT RX RATE    TL =  4.66E+07
 320) C2H2OH  + H       = H2O     + C2H2         4.654E+07
 321) C2H2OH  + H       = H2      + CH2CO        1.759E+04
 322) C2H2OH  + O       = OH      + CH2CO        1.494E+03
 323) C2H2OH  + OH      = H2O     + CH2CO        4.515E+02

C2H5                PRODUCTION RXS              INT RX RATE    TP =  3.72E+11
  99) C2H6    + OH      = C2H5    + H2O          3.242E+11
 100) C2H6    + O       = C2H5    + OH           2.248E+10
 101) C2H6    + O1D     = C2H5    + OH           1.268E+09
 302) C2H3    + C2H6    = C2H4    + C2H5         8.386E+05
 305) C2H4    + H       = C2H5    +              2.121E+10
 306) C2H     + C2H6    = C2H2    + C2H5         2.443E+09
 339) C3H7    + H       = CH3     + C2H5         5.274E+08
 343) C3H8    + HV      = C2H5    + CH3          9.154E+05
 349) C2H5CHO + HV      = C2H5    + HCO          4.677E+07

C2H5                   LOSS RXS                INT RX RATE    TL =  3.72E+11
 102) C2H5    + HCO     = C2H6    + CO           3.574E+09
 103) C2H5    + HNO     = C2H6    + NO           2.826E+08
 104) C2H5    + O2      = CH3     + HCO     OH   3.417E+11
 220) C2H5    + H       = CH3     + CH3          3.475E+09
 221) C2H5    + H       = C2H6    +              1.209E+10
 222) C2H5    + H       = C2H4    + H2           1.737E+08
 223) C2H5    + O       = CH3     + HCO     H    1.032E+08
 224) C2H5    + O       = H2CO    + CH3          9.181E+07
 225) C2H5    + O       = CH3CHO  + H            4.573E+08
 226) C2H5    + OH      = CH3     + HCO     H2   1.276E+05
 227) C2H5    + OH      = CH3CHO  + H2           3.190E+05
 228) C2H5    + OH      = C2H4    + H2O          1.276E+05
 308) CH23    + C2H5    = CH3     + C2H4         4.825E+04
 314) C2H3    + C2H5    = C2H4    + C2H4         1.551E+07
 315) C2H5    + CH3     = C2H4    + CH4          4.916E+08
 316) C2H5    + C2H3    = C2H6    + C2H2         3.102E+07
 317) C2H5    + C2H5    = C2H6    + C2H4         4.551E+09
 335) C2H5    + CH3     = C3H8    +              4.916E+08
 362) C2H3    + C2H5    = CH3     + C3H5         5.164E+07

C2H4                PRODUCTION RXS              INT RX RATE    TP =  7.38E+10
 222) C2H5    + H       = C2H4    + H2           1.737E+08
 228) C2H5    + OH      = C2H4    + H2O          1.276E+05
 296) CH23    + CH3     = C2H4    + H            6.086E+06
 300) C2H3    + H2      = C2H4    + H            6.889E+07
 301) C2H3    + CH4     = C2H4    + CH3          1.147E+10
 302) C2H3    + C2H6    = C2H4    + C2H5         8.386E+05
 307) CH      + CH4     = C2H4    + H            4.709E+10
 308) CH23    + C2H5    = CH3     + C2H4         4.825E+04
 313) C2H3    + C2H3    = C2H4    + C2H2         6.518E+07
 314) C2H3    + C2H5    = C2H4    + C2H4         1.551E+07
 315) C2H5    + CH3     = C2H4    + CH4          4.916E+08
 317) C2H5    + C2H5    = C2H6    + C2H4         4.551E+09
 325) C2H4OH  + H       = H2O     + C2H4         1.127E+08
 342) C3H8    + HV      = C2H4    + CH4          6.100E+05
 347) C3H6    + HV      = C2H4    + CH23         6.797E+04
 388) C2H6    + HV      = C2H4    + H       H    1.962E+09
 389) C2H6    + HV      = C2H4    + H2           7.799E+09

C2H4                   LOSS RXS                INT RX RATE    TL =  7.38E+10
 294) C2H4    + HV      = C2H2    + H2           1.466E+10
 295) C2H4    + HV      = C2H2    + H       H    1.031E+10
 303) C2H4    + OH      = H2CO    + CH3          4.590E+09
 304) C2H4    + O       = HCO     + CH3          2.180E+10
 305) C2H4    + H       = C2H5    +              2.121E+10
 324) C2H4    + OH      = C2H4OH  +              1.128E+08
 357) CH      + C2H4    = CH2CCH2 + H            5.688E+08
 358) CH      + C2H4    = CH3C2H  + H            5.688E+08

CH                  PRODUCTION RXS              INT RX RATE    TP =  4.92E+10
 253) CH23    + O       = CH      + OH           3.377E+07
 256) CH23    + H       = CH      + H2           4.918E+10
 284) C2H     + O       = CO      + CH           3.989E+05

CH                     LOSS RXS                INT RX RATE    TL =  4.92E+10
 242) CH      + H       = C       + H2           1.025E+08
 243) CH      + O       = CO      + H            1.965E+06
 244) CH      + H2      = CH23    + H            1.828E+05
 245) CH      + H2      = CH3     +              2.945E+03
 246) CH      + O2      = CO      + OH           3.010E+04
 247) CH      + CO2     = HCO     + CO           6.611E+07
 248) CH      + HV      = C       + H            4.199E+03
 249) CH      + S       = CS      + H            1.662E+00
 250) CH      + S2      = CS      + HS           1.700E-09
 251) CH      + CS2     = HCS     + CS           5.335E-10
 252) OCS     + CH      = CO      + HCS          2.442E+01
 307) CH      + CH4     = C2H4    + H            4.709E+10
 357) CH      + C2H4    = CH2CCH2 + H            5.688E+08
 358) CH      + C2H4    = CH3C2H  + H            5.688E+08
 367) CH      + C2H2    = C3H2    + H            8.166E+08

CH3O2               PRODUCTION RXS              INT RX RATE    TP =  2.55E+10
 257) CH3     + O2      = CH3O2   +              2.551E+10

CH3O2                  LOSS RXS                INT RX RATE    TL =  2.55E+10
 258) CH3O2   + H       = CH4     + O2           3.349E+06
 259) CH3O2   + H       = H2O     + H2CO         2.392E+06
 260) CH3O2   + O       = H2CO    + HO2          2.631E+06
 261) NO      + CH3O2   = CH3O    + NO2          2.550E+10

CH3O                PRODUCTION RXS              INT RX RATE    TP =  2.77E+10
 261) NO      + CH3O2   = CH3O    + NO2          2.550E+10
 262) HCO     + H2CO    = CH3O    + CO           5.704E+06
 264) CH3     + OH      = CH3O    + H            6.210E+05
 265) CH3     + O3      = CH3O    + O2           3.556E+05
 268) O1D     + CH4     = CH3O    + H            2.242E+09

CH3O                   LOSS RXS                INT RX RATE    TL =  2.77E+10
 263) CH3O    + CO      = CH3     + CO2          2.035E+08
 266) NO      + CH3O    = HNO     + H2CO         3.707E+09
 267) NO2     + CH3O    = H2CO    + HNO2         2.267E+10
 269) CH3O    + O2      = H2CO    + HO2          1.163E+09

CH2CO               PRODUCTION RXS              INT RX RATE    TP =  7.38E+09
 271) CH23    + CO      = CH2CO   +              1.058E+07
 278) CH3CO   + CH3     = CH4     + CH2CO        5.326E+09
 310) C2H3    + O       = CH2CO   + H            8.958E+08
 319) C2H2    + OH      = CH2CO   + H            1.148E+09
 321) C2H2OH  + H       = H2      + CH2CO        1.759E+04
 322) C2H2OH  + O       = OH      + CH2CO        1.494E+03
 323) C2H2OH  + OH      = H2O     + CH2CO        4.515E+02

CH2CO                  LOSS RXS                INT RX RATE    TL =  7.38E+09
 270) CH2CO   + HV      = CH23    + CO           2.910E+09
 272) CH2CO   + H       = CH3     + CO           4.803E+07
 273) CH2CO   + O       = H2CO    + CO           4.422E+09

CH3CO               PRODUCTION RXS              INT RX RATE    TP =  9.47E+09
 274) CH3     + CO      = CH3CO   +              9.058E+09
 329) CH3CHO  + H       = CH3CO   + H2           4.637E+07
 330) CH3CHO  + O       = CH3CO   + OH           3.498E+08
 331) CH3CHO  + OH      = CH3CO   + H2O          6.315E+06
 332) CH3CHO  + CH3     = CH3CO   + CH4          1.394E+07

CH3CO                  LOSS RXS                INT RX RATE    TL =  9.47E+09
 275) CH3CO   + H       = CH4     + CO           7.558E+08
 276) CH3CO   + O       = H2CO    + HCO          4.793E+07
 277) CH3CO   + CH3     = C2H6    + CO           3.344E+09
 278) CH3CO   + CH3     = CH4     + CH2CO        5.326E+09

CH3CHO              PRODUCTION RXS              INT RX RATE    TP =  4.66E+08
 225) C2H5    + O       = CH3CHO  + H            4.573E+08
 227) C2H5    + OH      = CH3CHO  + H2           3.190E+05
 326) C2H4OH  + H       = H2      + CH3CHO       5.181E+04
 327) C2H4OH  + O       = OH      + CH3CHO       4.326E+03
 328) C2H4OH  + OH      = H2O     + CH3CHO       1.358E+03
 351) C3H6    + OH      = CH3CHO  + CH3          8.440E+06

CH3CHO                 LOSS RXS                INT RX RATE    TL =  4.66E+08
 329) CH3CHO  + H       = CH3CO   + H2           4.637E+07
 330) CH3CHO  + O       = CH3CO   + OH           3.498E+08
 331) CH3CHO  + OH      = CH3CO   + H2O          6.315E+06
 332) CH3CHO  + CH3     = CH3CO   + CH4          1.394E+07
 333) CH3CHO  + HV      = CH3     + HCO          2.420E+07
 334) CH3CHO  + HV      = CH4     + CO           2.420E+07

C2H2                PRODUCTION RXS              INT RX RATE    TP =  4.81E+10
 279) CH23    + CH23    = C2H2    + H2           1.616E+06
 285) C2H     + H2      = C2H2    + H            5.285E+05
 286) C2H     + CH4     = C2H2    + CH3          4.050E+09
 287) C2H     + H       = C2H2    +              4.759E+05
 294) C2H4    + HV      = C2H2    + H2           1.466E+10
 295) C2H4    + HV      = C2H2    + H       H    1.031E+10
 297) CH23    + C2H3    = CH3     + C2H2         1.106E+05
 299) C2H3    + H       = C2H2    + H2           6.520E+09
 306) C2H     + C2H6    = C2H2    + C2H5         2.443E+09
 311) C2H3    + OH      = C2H2    + H2O          8.598E+04
 312) C2H3    + CH3     = C2H2    + CH4          6.340E+06
 313) C2H3    + C2H3    = C2H4    + C2H2         6.518E+07
 316) C2H5    + C2H3    = C2H6    + C2H2         3.102E+07
 320) C2H2OH  + H       = H2O     + C2H2         4.654E+07
 344) C2H     + C3H8    = C2H2    + C3H7         1.084E+05
 345) C3H6    + HV      = C2H2    + CH3     H    1.155E+06
 359) CH2CCH2 + H       = CH3     + C2H2         2.948E+07
 364) C3H5    + H       = CH4     + C2H2         1.083E+09
 369) CH3C2H  + H       = CH3     + C2H2         5.053E+09
 387) C2H6    + HV      = C2H2    + H2      H2   3.769E+09

C2H2                   LOSS RXS                INT RX RATE    TL =  4.81E+10
 280) C2H2    + HV      = C2H     + H            5.564E+09
 281) C2H2    + HV      = C2      + H2           1.855E+09
 282) C2H2    + OH      = CO      + CH3          1.478E+09
 298) C2H2    + H       = C2H3    +              1.921E+10
 309) C2H2    + O       = CH23    + CO           1.235E+10
 318) C2H2    + OH      = C2H2OH  +              4.656E+07
 319) C2H2    + OH      = CH2CO   + H            1.148E+09
 367) CH      + C2H2    = C3H2    + H            8.166E+08
 368) CH23    + C2H2    = CH3C2H  +              2.263E+09
 377) CH23    + C2H2    = CH2CCH2 +              2.263E+09
 391) C2H     + C2H2    = HCAER   + H            1.075E+09

CH23                PRODUCTION RXS              INT RX RATE    TP =  6.28E+10
  60) CH21    + M       = CH23    + M            2.553E+10
  69) CH3     + HV      = CH23    + H            1.342E+07
  95) CH21    + H2      = CH23    + H2           1.129E+08
 236) CH4     + HV      = CH23    + H       H    2.184E+10
 238) C       + H2      = CH23    +              5.849E+07
 244) CH      + H2      = CH23    + H            1.828E+05
 270) CH2CO   + HV      = CH23    + CO           2.910E+09
 309) C2H2    + O       = CH23    + CO           1.235E+10
 347) C3H6    + HV      = C2H4    + CH23         6.797E+04

CH23                   LOSS RXS                INT RX RATE    TL =  6.28E+10
  61) CH23    + H2      = CH3     + H            3.267E+08
  62) CH23    + CH4     = CH3     + CH3          6.893E+04
  63) CH23    + O2      = HCO     + OH           3.362E+06
  97) CH23    + O       = HCO     + H            4.221E+07
  98) CH23    + CO2     = H2CO    + CO           8.327E+09
 230) CH23    + S2      = HCS     + HS           1.526E-02
 232) CH23    + S       = HCS     + H            5.837E+01
 253) CH23    + O       = CH      + OH           3.377E+07
 254) CH23    + O       = CO      + H       H    3.504E+08
 255) CH23    + H       = CH3     +              1.037E+06
 256) CH23    + H       = CH      + H2           4.918E+10
 271) CH23    + CO      = CH2CO   +              1.058E+07
 279) CH23    + CH23    = C2H2    + H2           1.616E+06
 296) CH23    + CH3     = C2H4    + H            6.086E+06
 297) CH23    + C2H3    = CH3     + C2H2         1.106E+05
 308) CH23    + C2H5    = CH3     + C2H4         4.825E+04
 368) CH23    + C2H2    = CH3C2H  +              2.263E+09
 377) CH23    + C2H2    = CH2CCH2 +              2.263E+09

C2H                 PRODUCTION RXS              INT RX RATE    TP =  7.57E+09
 280) C2H2    + HV      = C2H     + H            5.564E+09
 288) C2      + H2      = C2H     + H            1.295E+05
 289) C2      + CH4     = C2H     + CH3          1.855E+09
 348) C3H6    + HV      = C2H     + CH4     H    1.699E+05
 381) CH3C2H  + HV      = CH3     + C2H          1.514E+08

C2H                    LOSS RXS                INT RX RATE    TL =  7.57E+09
 283) C2H     + O2      = CO      + HCO          2.217E+05
 284) C2H     + O       = CO      + CH           3.989E+05
 285) C2H     + H2      = C2H2    + H            5.285E+05
 286) C2H     + CH4     = C2H2    + CH3          4.050E+09
 287) C2H     + H       = C2H2    +              4.759E+05
 306) C2H     + C2H6    = C2H2    + C2H5         2.443E+09
 344) C2H     + C3H8    = C2H2    + C3H7         1.084E+05
 391) C2H     + C2H2    = HCAER   + H            1.075E+09
 392) C2H     + CH2CCH2 = HCAER2  + H            1.581E+06

C2                  PRODUCTION RXS              INT RX RATE    TP =  1.85E+09
 281) C2H2    + HV      = C2      + H2           1.855E+09

C2                     LOSS RXS                INT RX RATE    TL =  1.85E+09
 288) C2      + H2      = C2H     + H            1.295E+05
 289) C2      + CH4     = C2H     + CH3          1.855E+09
 290) C2      + S       = C       + CS           1.366E-01
 291) C2      + S2      = CS      + CS           2.055E-07
 292) C2      + O       = C       + CO           7.526E+04
 293) C2      + O2      = CO      + CO           6.036E+02

C2H3                PRODUCTION RXS              INT RX RATE    TP =  1.92E+10
 298) C2H2    + H       = C2H3    +              1.921E+10

C2H3                   LOSS RXS                INT RX RATE    TL =  1.92E+10
 297) CH23    + C2H3    = CH3     + C2H2         1.106E+05
 299) C2H3    + H       = C2H2    + H2           6.520E+09
 300) C2H3    + H2      = C2H4    + H            6.889E+07
 301) C2H3    + CH4     = C2H4    + CH3          1.147E+10
 302) C2H3    + C2H6    = C2H4    + C2H5         8.386E+05
 310) C2H3    + O       = CH2CO   + H            8.958E+08
 311) C2H3    + OH      = C2H2    + H2O          8.598E+04
 312) C2H3    + CH3     = C2H2    + CH4          6.340E+06
 313) C2H3    + C2H3    = C2H4    + C2H2         6.518E+07
 314) C2H3    + C2H5    = C2H4    + C2H4         1.551E+07
 316) C2H5    + C2H3    = C2H6    + C2H2         3.102E+07
 350) C2H3    + CH3     = C3H6    +              2.237E+07
 361) CH3     + C2H3    = C3H5    + H            4.475E+04
 362) C2H3    + C2H5    = CH3     + C3H5         5.164E+07

HCS                 PRODUCTION RXS              INT RX RATE    TP =  8.28E+01
 216) H       + CS      = HCS     +              3.740E-05
 229) CH21    + S2      = HCS     + HS           3.563E-10
 230) CH23    + S2      = HCS     + HS           1.526E-02
 232) CH23    + S       = HCS     + H            5.837E+01
 251) CH      + CS2     = HCS     + CS           5.335E-10
 252) OCS     + CH      = CO      + HCS          2.442E+01

HCS                    LOSS RXS                INT RX RATE    TL =  8.28E+01
 217) H       + HCS     = H2      + CS           8.255E+01
 218) S       + HCS     = H       + CS2          3.737E-02
 219) S       + HCS     = HS      + CS           3.737E-02
 231) CH3     + HCS     = CH4     + CS           1.771E-01
 233) HS      + HCS     = H2S     + CS           7.697E-04

CS2                 PRODUCTION RXS              INT RX RATE    TP =  6.23E-02
 205) CS2X    + M       = CS2     + M            2.369E-02
 208) CS      + HS      = CS2     + H            1.195E-03
 218) S       + HCS     = H       + CS2          3.737E-02

CS2                    LOSS RXS                INT RX RATE    TL =  6.23E-02
 202) CS2     + O       = SO      + CS           3.100E-03
 203) CS2     + O       = OCS     + S            2.906E-04
 204) CS2     + OH      = OCS     + HS           8.278E-09
 207) CS2X    + CS2     = CS      + CS      S2   4.571E-22
 209) CS2     + O       = CO      + S2           8.368E-05
 210) CS2     + SO      = OCS     + S2           9.910E-06
 211) CS2     + S       = CS      + S2           3.731E-07
 213) CS2     + HV      = CS      + S            3.508E-02
 214) CS2     + HV      = CS2X    +              2.369E-02
 251) CH      + CS2     = HCS     + CS           5.335E-10

CS                  PRODUCTION RXS              INT RX RATE    TP =  8.50E+01
 202) CS2     + O       = SO      + CS           3.100E-03
 206) CS2X    + O2      = CS      + SO2          1.101E-13
 207) CS2X    + CS2     = CS      + CS      S2   4.571E-22
 211) CS2     + S       = CS      + S2           3.731E-07
 213) CS2     + HV      = CS      + S            3.508E-02
 217) H       + HCS     = H2      + CS           8.255E+01
 219) S       + HCS     = HS      + CS           3.737E-02
 231) CH3     + HCS     = CH4     + CS           1.771E-01
 233) HS      + HCS     = H2S     + CS           7.697E-04
 240) C       + HS      = CS      + H            3.814E-01
 241) C       + S2      = CS      + S            3.115E-06
 249) CH      + S       = CS      + H            1.662E+00
 250) CH      + S2      = CS      + HS           1.700E-09
 251) CH      + CS2     = HCS     + CS           5.335E-10
 290) C2      + S       = C       + CS           1.366E-01
 291) C2      + S2      = CS      + CS           2.055E-07

CS                     LOSS RXS                INT RX RATE    TL =  8.50E+01
 197) CS      + O2      = OCS     + O            1.928E-03
 198) CS      + O2      = CO      + SO           2.410E-04
 199) CS      + O3      = OCS     + O2           6.429E-02
 200) CS      + O3      = SO      + CO2          6.429E-02
 201) CS      + O3      = CO      + SO2          6.429E-02
 208) CS      + HS      = CS2     + H            1.195E-03
 212) CS      + O       = CO      + S            8.478E+01
 216) H       + CS      = HCS     +              3.740E-05

OCS                 PRODUCTION RXS              INT RX RATE    TP =  1.45E+05
 183) HS      + CO      = OCS     + H            8.274E-03
 188) S       + HCO     = OCS     + H            4.783E+04
 189) S       + CO      = OCS     +              9.698E+04
 193) OCS2    + S       = OCS     + S2           6.434E-08
 196) OCS2    + CO      = OCS     + OCS          6.414E+01
 197) CS      + O2      = OCS     + O            1.928E-03
 199) CS      + O3      = OCS     + O2           6.429E-02
 203) CS2     + O       = OCS     + S            2.906E-04
 204) CS2     + OH      = OCS     + HS           8.278E-09
 210) CS2     + SO      = OCS     + S2           9.910E-06

OCS                    LOSS RXS                INT RX RATE    TL =  1.45E+05
 182) H       + OCS     = CO      + HS           1.087E+05
 184) O       + OCS     = CO      + SO           6.371E+03
 185) O       + OCS     = S       + CO2          1.360E-01
 186) OCS     + S       = CO      + S2           3.104E+03
 187) OCS     + OH      = CO2     + HS           1.743E+01
 190) OCS     + HV      = CO      + S            2.566E+04
 192) OCS     + S       = OCS2    +              6.414E+01
 252) OCS     + CH      = CO      + HCS          2.442E+01

S                   PRODUCTION RXS              INT RX RATE    TP =  8.03E+05
 110) SO      + HV      = S       + O            3.116E+05
 132) HS      + HS      = H2S     + S            1.573E+01
 134) HS      + H       = H2      + S            3.193E+05
 142) S2      + O       = S       + SO           1.232E+02
 144) S2      + HV      = S       + S            2.996E+03
 150) S3      + HV      = S2      + S            8.135E-02
 167) SO      + SO      = SO2     + S            1.408E+05
 185) O       + OCS     = S       + CO2          1.360E-01
 190) OCS     + HV      = CO      + S            2.566E+04
 203) CS2     + O       = OCS     + S            2.906E-04
 212) CS      + O       = CO      + S            8.478E+01
 213) CS2     + HV      = CS      + S            3.508E-02
 241) C       + S2      = CS      + S            3.115E-06

S                      LOSS RXS                INT RX RATE    TL =  8.03E+05
 135) HS      + S       = H       + S2           5.732E+01
 136) S       + O2      = SO      + O            3.838E+05
 137) S       + OH      = SO      + H            8.515E+02
 138) S       + HCO     = HS      + CO           5.978E+03
 139) S       + HO2     = HS      + O2           8.879E+02
 140) S       + HO2     = SO      + OH           8.879E+02
 141) S       + S       = S2      +              4.504E-03
 145) S       + S2      = S3      +              8.137E-02
 147) S       + S3      = S4      +              2.396E-05
 166) S       + O3      = SO      + O2           1.963E-01
 169) S       + CO2     = SO      + CO           2.101E+05
 180) HSO     + S       = HS      + SO           5.290E+04
 186) OCS     + S       = CO      + S2           3.104E+03
 188) S       + HCO     = OCS     + H            4.783E+04
 189) S       + CO      = OCS     +              9.698E+04
 192) OCS     + S       = OCS2    +              6.414E+01
 193) OCS2    + S       = OCS     + S2           6.434E-08
 211) CS2     + S       = CS      + S2           3.731E-07
 218) S       + HCS     = H       + CS2          3.737E-02
 219) S       + HCS     = HS      + CS           3.737E-02
 232) CH23    + S       = HCS     + H            5.837E+01
 249) CH      + S       = CS      + H            1.662E+00
 290) C2      + S       = C       + CS           1.366E-01

HS                  PRODUCTION RXS              INT RX RATE    TP =  7.92E+07
 111) H2S     + HV      = HS      + H            1.090E+06
 126) H2S     + OH      = H2O     + HS           2.447E+05
 127) H2S     + H       = H2      + HS           4.264E+07
 128) H2S     + O       = OH      + HS           5.189E+04
 138) S       + HCO     = HS      + CO           5.978E+03
 139) S       + HO2     = HS      + O2           8.879E+02
 173) HSO     + HV      = HS      + O            2.308E+04
 176) HSO     + H       = HS      + OH           3.495E+07
 180) HSO     + S       = HS      + SO           5.290E+04
 182) H       + OCS     = CO      + HS           1.087E+05
 187) OCS     + OH      = CO2     + HS           1.743E+01
 204) CS2     + OH      = OCS     + HS           8.278E-09
 219) S       + HCS     = HS      + CS           3.737E-02
 229) CH21    + S2      = HCS     + HS           3.563E-10
 230) CH23    + S2      = HCS     + HS           1.526E-02
 250) CH      + S2      = CS      + HS           1.700E-09

HS                     LOSS RXS                INT RX RATE    TL =  7.92E+07
 129) HS      + O       = H       + SO           2.571E+05
 130) HS      + O2      = OH      + SO           1.837E-01
 131) HS      + HO2     = H2S     + O2           1.247E+04
 132) HS      + HS      = H2S     + S            1.573E+01
 133) HS      + HCO     = H2S     + CO           1.878E+04
 134) HS      + H       = H2      + S            3.193E+05
 135) HS      + S       = H       + S2           5.732E+01
 143) HS      + H2CO    = H2S     + HCO          1.055E+07
 164) HS      + O3      = HSO     + O2           1.076E+01
 165) HS      + NO2     = HSO     + NO           6.790E+07
 178) HSO     + HS      = H2S     + SO           1.106E+05
 183) HS      + CO      = OCS     + H            8.274E-03
 208) CS      + HS      = CS2     + H            1.195E-03
 215) CH4     + HS      = CH3     + H2S          5.833E-05
 233) HS      + HCS     = H2S     + CS           7.697E-04
 240) C       + HS      = CS      + H            3.814E-01

H2S                 PRODUCTION RXS              INT RX RATE    TP =  1.07E+07
 131) HS      + HO2     = H2S     + O2           1.247E+04
 132) HS      + HS      = H2S     + S            1.573E+01
 133) HS      + HCO     = H2S     + CO           1.878E+04
 143) HS      + H2CO    = H2S     + HCO          1.055E+07
 178) HSO     + HS      = H2S     + SO           1.106E+05
 215) CH4     + HS      = CH3     + H2S          5.833E-05
 233) HS      + HCS     = H2S     + CS           7.697E-04

H2S                    LOSS RXS                INT RX RATE    TL =  3.24E+08
 111) H2S     + HV      = HS      + H            1.090E+06
 126) H2S     + OH      = H2O     + HS           2.447E+05
 127) H2S     + H       = H2      + HS           4.264E+07
 128) H2S     + O       = OH      + HS           5.189E+04
 191) H2S     + HO2     = H2O     + HSO          2.798E+08

SO3                 PRODUCTION RXS              INT RX RATE    TP =  2.52E+05
 120) SO2     + O       = SO3     +              1.002E+05
 122) HSO3    + O2      = HO2     + SO3          5.768E+04
 123) HSO3    + OH      = H2O     + SO3          2.074E-01
 124) HSO3    + H       = H2      + SO3          5.330E+02
 125) HSO3    + O       = OH      + SO3          1.917E+02
 156) SO21    + O2      = SO3     + O            8.783E-05
 157) SO21    + SO2     = SO3     + SO           4.315E+00
 160) SO23    + SO2     = SO3     + SO           1.535E+00
 163) SO2     + HO2     = SO3     + OH           9.377E+04

SO3                    LOSS RXS                INT RX RATE    TL =  2.52E+05
 121) SO3     + H2O     = H2SO4   +              2.524E+05
 151) SO3     + HV      = SO2     + O            1.213E-01
 168) SO3     + SO      = SO2     + SO2          2.415E-04

S2                  PRODUCTION RXS              INT RX RATE    TP =  3.20E+03
 135) HS      + S       = H       + S2           5.732E+01
 141) S       + S       = S2      +              4.504E-03
 149) S4      + HV      = S2      + S2           1.994E+01
 150) S3      + HV      = S2      + S            8.135E-02
 186) OCS     + S       = CO      + S2           3.104E+03
 193) OCS2    + S       = OCS     + S2           6.434E-08
 207) CS2X    + CS2     = CS      + CS      S2   4.571E-22
 209) CS2     + O       = CO      + S2           8.368E-05
 210) CS2     + SO      = OCS     + S2           9.910E-06
 211) CS2     + S       = CS      + S2           3.731E-07

S2                     LOSS RXS                INT RX RATE    TL =  3.20E+03
 142) S2      + O       = S       + SO           1.232E+02
 144) S2      + HV      = S       + S            2.996E+03
 145) S       + S2      = S3      +              8.137E-02
 146) S2      + S2      = S4      +              4.102E+01
 229) CH21    + S2      = HCS     + HS           3.563E-10
 230) CH23    + S2      = HCS     + HS           1.526E-02
 241) C       + S2      = CS      + S            3.115E-06
 250) CH      + S2      = CS      + HS           1.700E-09
 291) C2      + S2      = CS      + CS           2.055E-07

HSO                 PRODUCTION RXS              INT RX RATE    TP =  3.49E+08
 164) HS      + O3      = HSO     + O2           1.076E+01
 165) HS      + NO2     = HSO     + NO           6.790E+07
 170) SO      + HO2     = HSO     + O2           8.515E+05
 171) SO      + HCO     = HSO     + CO           6.808E+05
 172) H       + SO      = HSO     +              7.962E+03
 191) H2S     + HO2     = H2O     + HSO          2.798E+08

HSO                    LOSS RXS                INT RX RATE    TL =  2.13E+08
 173) HSO     + HV      = HS      + O            2.308E+04
 174) HSO     + NO      = HNO     + SO           1.377E+08
 175) HSO     + OH      = H2O     + SO           8.767E+04
 176) HSO     + H       = HS      + OH           3.495E+07
 177) HSO     + H       = H2      + SO           1.747E+07
 178) HSO     + HS      = H2S     + SO           1.106E+05
 179) HSO     + O       = OH      + SO           4.770E+06
 180) HSO     + S       = HS      + SO           5.290E+04

H2SO4               PRODUCTION RXS              INT RX RATE    TP =  2.53E+05
 121) SO3     + H2O     = H2SO4   +              2.524E+05

H2SO4                  LOSS RXS                INT RX RATE    TL =  2.05E+05

SO2                 PRODUCTION RXS              INT RX RATE    TP =  1.98E+08
 115) SO      + O2      = O       + SO2          2.043E+02
 116) SO      + HO2     = SO2     + OH           8.515E+05
 117) SO      + O       = SO2     +              6.590E+03
 118) SO      + OH      = SO2     + H            2.673E+05
 151) SO3     + HV      = SO2     + O            1.213E-01
 153) SO21    + HV      = SO2     +              1.266E-08
 155) SO21    + HV      = SO2     + HV           2.786E+07
 158) SO23    + HV      = SO2     +              1.347E-09
 159) SO23    + HV      = SO2     + HV           1.015E+07
 161) SO      + NO2     = SO2     + NO           1.592E+08
 162) SO      + O3      = SO2     + O2           1.728E+00
 167) SO      + SO      = SO2     + S            1.408E+05
 168) SO3     + SO      = SO2     + SO2          2.415E-04
 201) CS      + O3      = CO      + SO2          6.429E-02
 206) CS2X    + O2      = CS      + SO2          1.101E-13

SO2                    LOSS RXS                INT RX RATE    TL =  2.18E+09
 112) SO2     + HV      = SO      + O            1.374E+06
 113) SO2     + HV      = SO21    +              2.976E+07
 114) SO2     + HV      = SO23    +              8.251E+06
 119) SO2     + OH      = HSO3    +              5.840E+04
 120) SO2     + O       = SO3     +              1.002E+05
 157) SO21    + SO2     = SO3     + SO           4.315E+00
 160) SO23    + SO2     = SO3     + SO           1.535E+00
 163) SO2     + HO2     = SO3     + OH           9.377E+04

SO                  PRODUCTION RXS              INT RX RATE    TP =  1.62E+08
 112) SO2     + HV      = SO      + O            1.374E+06
 129) HS      + O       = H       + SO           2.571E+05
 130) HS      + O2      = OH      + SO           1.837E-01
 136) S       + O2      = SO      + O            3.838E+05
 137) S       + OH      = SO      + H            8.515E+02
 140) S       + HO2     = SO      + OH           8.879E+02
 142) S2      + O       = S       + SO           1.232E+02
 157) SO21    + SO2     = SO3     + SO           4.315E+00
 160) SO23    + SO2     = SO3     + SO           1.535E+00
 166) S       + O3      = SO      + O2           1.963E-01
 169) S       + CO2     = SO      + CO           2.101E+05
 174) HSO     + NO      = HNO     + SO           1.377E+08
 175) HSO     + OH      = H2O     + SO           8.767E+04
 177) HSO     + H       = H2      + SO           1.747E+07
 178) HSO     + HS      = H2S     + SO           1.106E+05
 179) HSO     + O       = OH      + SO           4.770E+06
 180) HSO     + S       = HS      + SO           5.290E+04
 184) O       + OCS     = CO      + SO           6.371E+03
 198) CS      + O2      = CO      + SO           2.410E-04
 200) CS      + O3      = SO      + CO2          6.429E-02
 202) CS2     + O       = SO      + CS           3.100E-03

SO                     LOSS RXS                INT RX RATE    TL =  1.62E+08
 110) SO      + HV      = S       + O            3.116E+05
 115) SO      + O2      = O       + SO2          2.043E+02
 116) SO      + HO2     = SO2     + OH           8.515E+05
 117) SO      + O       = SO2     +              6.590E+03
 118) SO      + OH      = SO2     + H            2.673E+05
 161) SO      + NO2     = SO2     + NO           1.592E+08
 162) SO      + O3      = SO2     + O2           1.728E+00
 167) SO      + SO      = SO2     + S            1.408E+05
 168) SO3     + SO      = SO2     + SO2          2.415E-04
 170) SO      + HO2     = HSO     + O2           8.515E+05
 171) SO      + HCO     = HSO     + CO           6.808E+05
 172) H       + SO      = HSO     +              7.962E+03
 210) CS2     + SO      = OCS     + S2           9.910E-06

CO2                 PRODUCTION RXS              INT RX RATE    TP =  1.94E+10
  31) CO      + OH      = CO2     + H            1.803E+10
  32) CO      + O       = CO2     +              9.163E+08
  37) O       + HCO     = H       + CO2          2.306E+08
 185) O       + OCS     = S       + CO2          1.360E-01
 187) OCS     + OH      = CO2     + HS           1.743E+01
 200) CS      + O3      = SO      + CO2          6.429E-02
 263) CH3O    + CO      = CH3     + CO2          2.035E+08

CO2                    LOSS RXS                INT RX RATE    TL =  5.88E+10
  29) CO2     + HV      = CO      + O            1.469E+10
  30) CO2     + HV      = CO      + O1D          3.571E+10
  96) CH21    + CO2     = H2CO    + CO           4.518E+07
  98) CH23    + CO2     = H2CO    + CO           8.327E+09
 169) S       + CO2     = SO      + CO           2.101E+05
 247) CH      + CO2     = HCO     + CO           6.611E+07

SO4AER              PRODUCTION RXS              INT RX RATE    TP =  1.81E+05

SO4AER                 LOSS RXS                INT RX RATE    TL =  1.78E+05

S8AER               PRODUCTION RXS              INT RX RATE    TP =  1.05E+01
 148) S4      + S4      = S8AER   +              1.054E+01

S8AER                  LOSS RXS                INT RX RATE    TL =  1.04E+01

HCAER               PRODUCTION RXS              INT RX RATE    TP =  1.07E+09
 391) C2H     + C2H2    = HCAER   + H            1.075E+09

HCAER                  LOSS RXS                INT RX RATE    TL =  1.10E+09

HCAER2              PRODUCTION RXS              INT RX RATE    TP =  1.58E+06
 392) C2H     + CH2CCH2 = HCAER2  + H            1.581E+06

HCAER2                 LOSS RXS                INT RX RATE    TL =  1.64E+06

HNO2                PRODUCTION RXS              INT RX RATE    TP =  0.00E+00
  83) NO      + OH      = HNO2    +              1.675E+06
 109) HO2     + NO2     = HNO2    + O2           1.114E+09
 267) NO2     + CH3O    = H2CO    + HNO2         2.267E+10

HNO2                   LOSS RXS                INT RX RATE    TL =  0.00E+00
  51) HNO2    + HV      = NO      + OH           2.379E+10
  92) HNO2    + OH      = H2O     + NO2          1.086E+04

O1D                 PRODUCTION RXS              INT RX RATE    TP =  0.00E+00
  23) O2      + HV      = O       + O1D          3.482E+07
  26) O3      + HV      = O2      + O1D          1.631E+02
  30) CO2     + HV      = CO      + O1D          3.571E+10

O1D                    LOSS RXS                INT RX RATE    TL =  0.00E+00
   1) H2O     + O1D     = OH      + OH           4.162E+06
   2) H2      + O1D     = OH      + H            6.180E+07
  21) O1D     + M       = O       + M            2.316E+10
  22) O1D     + O2      = O       + O2           2.266E+04
  56) CH4     + O1D     = CH3     + OH           8.408E+09
  57) CH4     + O1D     = H2CO    + H2           5.605E+08
 101) C2H6    + O1D     = C2H5    + OH           1.268E+09
 105) CO      + O1D     = CO      + O            3.190E+07
 268) O1D     + CH4     = CH3O    + H            2.242E+09
 338) C3H8    + O1D     = C3H7    + OH           4.011E+04

CH21                PRODUCTION RXS              INT RX RATE    TP =  0.00E+00
 234) CH4     + HV      = CH21    + H2           3.813E+10
 341) C3H8    + HV      = C2H6    + CH21         2.025E+05
 386) C2H6    + HV      = CH4     + CH21         2.901E+08

CH21                   LOSS RXS                INT RX RATE    TL =  0.00E+00
  58) CH21    + CH4     = CH3     + CH3          1.273E+10
  59) CH21    + O2      = HCO     + OH           6.544E+03
  60) CH21    + M       = CH23    + M            2.553E+10
  94) CH21    + H2      = CH3     + H            4.481E+04
  95) CH21    + H2      = CH23    + H2           1.129E+08
  96) CH21    + CO2     = H2CO    + CO           4.518E+07
 229) CH21    + S2      = HCS     + HS           3.563E-10

C                   PRODUCTION RXS              INT RX RATE    TP =  0.00E+00
 242) CH      + H       = C       + H2           1.025E+08
 248) CH      + HV      = C       + H            4.199E+03
 290) C2      + S       = C       + CS           1.366E-01
 292) C2      + O       = C       + CO           7.526E+04

C                      LOSS RXS                INT RX RATE    TL =  0.00E+00
 237) C       + OH      = CO      + H            1.334E+07
 238) C       + H2      = CH23    +              5.849E+07
 239) C       + O2      = CO      + O            3.075E+07
 240) C       + HS      = CS      + H            3.814E-01
 241) C       + S2      = CS      + S            3.115E-06

SO21                PRODUCTION RXS              INT RX RATE    TP =  0.00E+00
 113) SO2     + HV      = SO21    +              2.976E+07

SO21                   LOSS RXS                INT RX RATE    TL =  0.00E+00
 152) SO21    + HV      = SO23    +              1.266E-09
 153) SO21    + HV      = SO2     +              1.266E-08
 154) SO21    + HV      = SO23    + HV           1.900E+06
 155) SO21    + HV      = SO2     + HV           2.786E+07
 156) SO21    + O2      = SO3     + O            8.783E-05
 157) SO21    + SO2     = SO3     + SO           4.315E+00

SO23                PRODUCTION RXS              INT RX RATE    TP =  0.00E+00
 114) SO2     + HV      = SO23    +              8.251E+06
 152) SO21    + HV      = SO23    +              1.266E-09
 154) SO21    + HV      = SO23    + HV           1.900E+06

SO23                   LOSS RXS                INT RX RATE    TL =  0.00E+00
 158) SO23    + HV      = SO2     +              1.347E-09
 159) SO23    + HV      = SO2     + HV           1.015E+07
 160) SO23    + SO2     = SO3     + SO           1.535E+00

HSO3                PRODUCTION RXS              INT RX RATE    TP =  0.00E+00
 119) SO2     + OH      = HSO3    +              5.840E+04

HSO3                   LOSS RXS                INT RX RATE    TL =  0.00E+00
 122) HSO3    + O2      = HO2     + SO3          5.768E+04
 123) HSO3    + OH      = H2O     + SO3          2.074E-01
 124) HSO3    + H       = H2      + SO3          5.330E+02
 125) HSO3    + O       = OH      + SO3          1.917E+02

OCS2                PRODUCTION RXS              INT RX RATE    TP =  0.00E+00
 192) OCS     + S       = OCS2    +              6.414E+01

OCS2                   LOSS RXS                INT RX RATE    TL =  0.00E+00
 193) OCS2    + S       = OCS     + S2           6.434E-08
 196) OCS2    + CO      = OCS     + OCS          6.414E+01

CS2X                PRODUCTION RXS              INT RX RATE    TP =  0.00E+00
 214) CS2     + HV      = CS2X    +              2.369E-02

CS2X                   LOSS RXS                INT RX RATE    TL =  0.00E+00
 205) CS2X    + M       = CS2     + M            2.369E-02
 206) CS2X    + O2      = CS      + SO2          1.101E-13
 207) CS2X    + CS2     = CS      + CS      S2   4.571E-22

S3                  PRODUCTION RXS              INT RX RATE    TP =  0.00E+00
 145) S       + S2      = S3      +              8.137E-02

S3                     LOSS RXS                INT RX RATE    TL =  0.00E+00
 147) S       + S3      = S4      +              2.396E-05
 150) S3      + HV      = S2      + S            8.135E-02

S4                  PRODUCTION RXS              INT RX RATE    TP =  0.00E+00
 146) S2      + S2      = S4      +              4.102E+01
 147) S       + S3      = S4      +              2.396E-05

S4                     LOSS RXS                INT RX RATE    TL =  0.00E+00
 148) S4      + S4      = S8AER   +              1.054E+01
 149) S4      + HV      = S2      + S2           1.994E+01

N2                  PRODUCTION RXS              INT RX RATE    TP =  0.00E+00
  75) N       + N       = N2      +              9.040E+01
  79) N       + NO      = N2      + O            5.212E+07

N2                     LOSS RXS                INT RX RATE    TL =  0.00E+00
