
 HC AEROSOL PARAMETERS

    Z        AERSOL     RPAR      RFRAC      WFALL     TAUSED    TAUEDD    TAUC      CONVER
  2.500E+04 4.456E-02 1.300E-07 1.300E-07 1.091E-06 7.734E+11 7.118E+06 5.742E+10 6.985E+01
  1.250E+05 4.843E-02 1.300E-07 1.300E-07 1.223E-06 6.762E+11 6.837E+06 5.334E+10 6.985E+01
  2.250E+05 6.250E-02 1.300E-07 1.300E-07 1.374E-06 5.890E+11 6.551E+06 4.177E+10 6.985E+01
  3.250E+05 8.329E-02 1.300E-07 1.300E-07 1.549E-06 5.111E+11 6.266E+06 3.169E+10 6.985E+01
  4.250E+05 1.086E-01 1.300E-07 1.300E-07 1.751E-06 4.409E+11 5.958E+06 2.461E+10 6.985E+01
  5.250E+05 1.375E-01 1.300E-07 1.300E-07 1.986E-06 3.775E+11 5.620E+06 1.971E+10 6.985E+01
  6.250E+05 1.692E-01 1.300E-07 1.300E-07 2.263E-06 3.212E+11 5.285E+06 1.628E+10 6.985E+01
  7.250E+05 2.013E-01 1.300E-07 1.300E-07 2.592E-06 2.743E+11 5.058E+06 1.383E+10 6.985E+01
  8.250E+05 2.346E-01 1.300E-07 1.300E-07 2.980E-06 2.337E+11 4.852E+06 1.199E+10 6.985E+01
  9.250E+05 2.672E-01 1.300E-07 1.300E-07 3.438E-06 1.993E+11 4.694E+06 1.062E+10 6.985E+01
  1.025E+06 3.037E-01 1.300E-07 1.300E-07 3.976E-06 1.714E+11 5.805E+06 9.368E+09 6.985E+01
  1.125E+06 4.014E-01 1.300E-07 1.300E-07 4.602E-06 1.477E+11 1.539E+07 7.099E+09 6.985E+01
  1.225E+06 6.729E-01 1.300E-07 1.300E-07 5.329E-06 1.278E+11 2.726E+07 4.231E+09 6.985E+01
  1.325E+06 1.186E+00 1.300E-07 1.300E-07 6.169E-06 1.108E+11 5.841E+07 2.397E+09 6.985E+01
  1.425E+06 2.081E+00 1.300E-07 1.300E-07 7.138E-06 9.617E+10 8.124E+07 1.363E+09 6.985E+01
  1.525E+06 3.147E+00 1.300E-07 1.300E-07 8.254E-06 8.353E+10 1.033E+08 8.992E+08 6.985E+01
  1.625E+06 4.339E+00 1.300E-07 1.300E-07 9.539E-06 7.262E+10 1.200E+08 6.507E+08 6.985E+01
  1.725E+06 5.499E+00 1.300E-07 1.300E-07 1.102E-05 6.322E+10 1.244E+08 5.122E+08 6.985E+01
  1.825E+06 6.518E+00 1.300E-07 1.300E-07 1.272E-05 5.507E+10 1.257E+08 4.310E+08 6.985E+01
  1.925E+06 7.362E+00 1.300E-07 1.300E-07 1.466E-05 4.800E+10 1.208E+08 3.806E+08 6.985E+01
  2.025E+06 7.956E+00 1.300E-07 1.300E-07 1.690E-05 4.184E+10 1.087E+08 3.515E+08 6.985E+01
  2.125E+06 8.311E+00 1.300E-07 1.300E-07 1.946E-05 3.648E+10 9.883E+07 3.358E+08 6.985E+01
  2.225E+06 8.470E+00 1.300E-07 1.300E-07 2.240E-05 3.180E+10 8.752E+07 3.290E+08 6.985E+01
  2.325E+06 8.460E+00 1.300E-07 1.300E-07 2.577E-05 2.773E+10 7.737E+07 3.289E+08 6.985E+01
  2.425E+06 8.324E+00 1.300E-07 1.300E-07 2.964E-05 2.417E+10 6.840E+07 3.339E+08 6.985E+01
  2.525E+06 8.096E+00 1.300E-07 1.300E-07 3.407E-05 2.106E+10 6.055E+07 3.431E+08 6.985E+01
  2.625E+06 7.808E+00 1.300E-07 1.300E-07 3.915E-05 1.834E+10 5.428E+07 3.556E+08 6.985E+01
  2.725E+06 7.482E+00 1.300E-07 1.300E-07 4.499E-05 1.597E+10 4.868E+07 3.711E+08 6.985E+01
  2.825E+06 7.124E+00 1.300E-07 1.300E-07 5.170E-05 1.389E+10 4.299E+07 3.898E+08 6.985E+01
  2.925E+06 6.755E+00 1.300E-07 1.300E-07 5.940E-05 1.209E+10 3.966E+07 4.112E+08 6.985E+01
  3.025E+06 6.388E+00 1.300E-07 1.300E-07 6.826E-05 1.051E+10 3.602E+07 4.350E+08 6.985E+01
  3.125E+06 6.017E+00 1.300E-07 1.300E-07 7.844E-05 9.145E+09 3.216E+07 4.619E+08 6.985E+01
  3.225E+06 5.649E+00 1.300E-07 1.300E-07 9.015E-05 7.957E+09 2.957E+07 4.921E+08 6.985E+01
  3.325E+06 5.284E+00 1.300E-07 1.300E-07 1.036E-04 6.938E+09 2.721E+07 5.256E+08 6.985E+01
  3.425E+06 4.927E+00 1.300E-07 1.300E-07 1.191E-04 6.062E+09 2.481E+07 5.627E+08 6.985E+01
  3.525E+06 4.595E+00 1.300E-07 1.300E-07 1.367E-04 5.291E+09 2.276E+07 6.027E+08 6.985E+01
  3.625E+06 4.279E+00 1.300E-07 1.300E-07 1.570E-04 4.615E+09 2.019E+07 6.467E+08 6.985E+01
  3.725E+06 3.974E+00 1.300E-07 1.300E-07 1.802E-04 4.027E+09 1.815E+07 6.960E+08 6.985E+01
  3.825E+06 3.684E+00 1.300E-07 1.300E-07 2.068E-04 3.514E+09 1.650E+07 7.502E+08 6.985E+01
  3.925E+06 3.410E+00 1.300E-07 1.300E-07 2.372E-04 3.068E+09 1.471E+07 8.102E+08 6.985E+01
  4.025E+06 3.150E+00 1.300E-07 1.300E-07 2.721E-04 2.678E+09 1.327E+07 8.765E+08 6.985E+01
  4.125E+06 2.908E+00 1.300E-07 1.300E-07 3.121E-04 2.337E+09 1.209E+07 9.490E+08 6.985E+01
  4.225E+06 2.684E+00 1.300E-07 1.300E-07 3.579E-04 2.038E+09 1.086E+07 1.028E+09 6.985E+01
  4.325E+06 2.473E+00 1.300E-07 1.300E-07 4.103E-04 1.777E+09 9.669E+06 1.116E+09 6.985E+01
  4.425E+06 2.275E+00 1.300E-07 1.300E-07 4.705E-04 1.549E+09 8.568E+06 1.214E+09 6.985E+01
  4.525E+06 2.092E+00 1.300E-07 1.300E-07 5.395E-04 1.350E+09 7.919E+06 1.321E+09 6.985E+01
  4.625E+06 1.920E+00 1.300E-07 1.300E-07 6.188E-04 1.177E+09 6.978E+06 1.439E+09 6.985E+01
  4.725E+06 1.759E+00 1.300E-07 1.300E-07 7.097E-04 1.027E+09 6.318E+06 1.571E+09 6.985E+01
  4.825E+06 1.610E+00 1.300E-07 1.300E-07 8.139E-04 8.962E+08 5.783E+06 1.716E+09 6.985E+01
  4.925E+06 1.470E+00 1.300E-07 1.300E-07 9.335E-04 7.838E+08 5.249E+06 1.876E+09 6.985E+01
  5.025E+06 1.340E+00 1.300E-07 1.300E-07 1.070E-03 6.874E+08 4.833E+06 2.053E+09 6.985E+01
  5.125E+06 1.222E+00 1.300E-07 1.300E-07 1.226E-03 6.034E+08 4.486E+06 2.245E+09 6.985E+01
  5.225E+06 1.117E+00 1.300E-07 1.300E-07 1.404E-03 5.293E+08 4.156E+06 2.451E+09 6.985E+01
  5.325E+06 1.023E+00 1.300E-07 1.300E-07 1.606E-03 4.641E+08 3.825E+06 2.673E+09 6.985E+01
  5.425E+06 9.374E-01 1.300E-07 1.300E-07 1.836E-03 4.068E+08 3.486E+06 2.914E+09 6.985E+01
  5.525E+06 8.598E-01 1.300E-07 1.300E-07 2.099E-03 3.561E+08 3.139E+06 3.176E+09 6.985E+01
  5.625E+06 7.891E-01 1.300E-07 1.300E-07 2.398E-03 3.113E+08 2.788E+06 3.463E+09 6.985E+01
  5.725E+06 7.250E-01 1.300E-07 1.300E-07 2.741E-03 2.713E+08 2.438E+06 3.777E+09 6.985E+01
  5.825E+06 6.669E-01 1.300E-07 1.300E-07 3.132E-03 2.354E+08 2.098E+06 4.124E+09 6.985E+01
  5.925E+06 6.132E-01 1.300E-07 1.300E-07 3.584E-03 2.034E+08 1.784E+06 4.511E+09 6.985E+01
  6.025E+06 5.626E-01 1.300E-07 1.300E-07 4.108E-03 1.751E+08 1.505E+06 4.950E+09 6.985E+01
  6.125E+06 5.148E-01 1.300E-07 1.300E-07 4.717E-03 1.503E+08 1.263E+06 5.451E+09 6.985E+01
  6.225E+06 4.700E-01 1.300E-07 1.300E-07 5.428E-03 1.284E+08 1.055E+06 6.021E+09 6.985E+01
  6.325E+06 4.286E-01 1.300E-07 1.300E-07 6.263E-03 1.091E+08 8.754E+05 6.670E+09 6.985E+01
  6.425E+06 3.915E-01 1.300E-07 1.300E-07 7.252E-03 9.172E+07 7.182E+05 7.403E+09 6.985E+01
  6.525E+06 3.600E-01 1.300E-07 1.300E-07 8.441E-03 7.568E+07 5.748E+05 8.215E+09 6.985E+01
  6.625E+06 3.346E-01 1.300E-07 1.300E-07 9.921E-03 6.059E+07 4.428E+05 9.112E+09 6.985E+01
  6.725E+06 3.085E-01 1.300E-07 1.300E-07 1.182E-02 4.764E+07 3.394E+05 1.021E+10 6.985E+01
  6.825E+06 2.809E-01 1.300E-07 1.300E-07 1.430E-02 3.691E+07 2.786E+05 1.159E+10 6.985E+01
  6.925E+06 2.341E-01 1.300E-07 1.300E-07 1.717E-02 3.149E+07 2.924E+05 1.374E+10 6.985E+01
  7.025E+06 2.010E-01 1.300E-07 1.300E-07 2.065E-02 2.619E+07 2.925E+05 1.600E+10 6.985E+01
  7.125E+06 1.735E-01 1.300E-07 1.300E-07 2.484E-02 2.178E+07 2.926E+05 1.854E+10 6.985E+01
  7.225E+06 1.506E-01 1.300E-07 1.300E-07 2.988E-02 1.811E+07 2.928E+05 2.136E+10 6.985E+01
  7.325E+06 1.316E-01 1.300E-07 1.300E-07 3.593E-02 1.506E+07 2.929E+05 2.444E+10 6.985E+01
  7.425E+06 1.157E-01 1.300E-07 1.300E-07 4.321E-02 1.253E+07 2.931E+05 2.779E+10 6.985E+01
  7.525E+06 1.025E-01 1.300E-07 1.300E-07 5.197E-02 1.042E+07 2.932E+05 3.136E+10 6.985E+01
  7.625E+06 9.154E-02 1.300E-07 1.300E-07 6.249E-02 8.668E+06 2.934E+05 3.513E+10 6.985E+01
  7.725E+06 8.237E-02 1.300E-07 1.300E-07 7.514E-02 7.211E+06 2.936E+05 3.904E+10 6.985E+01
  7.825E+06 7.469E-02 1.300E-07 1.300E-07 9.035E-02 5.999E+06 2.937E+05 4.306E+10 6.985E+01
  7.925E+06 6.823E-02 1.300E-07 1.300E-07 1.086E-01 4.991E+06 2.939E+05 4.713E+10 6.985E+01
  8.025E+06 6.275E-02 1.300E-07 1.300E-07 1.306E-01 4.152E+06 2.941E+05 5.125E+10 6.985E+01
  8.125E+06 5.800E-02 1.300E-07 1.300E-07 1.570E-01 3.455E+06 2.942E+05 5.544E+10 6.985E+01
  8.225E+06 5.375E-02 1.300E-07 1.300E-07 1.887E-01 2.875E+06 2.944E+05 5.983E+10 6.985E+01
  8.325E+06 4.977E-02 1.300E-07 1.300E-07 2.269E-01 2.393E+06 2.946E+05 6.462E+10 6.985E+01
  8.425E+06 4.587E-02 1.300E-07 1.300E-07 2.727E-01 1.991E+06 2.948E+05 7.011E+10 6.985E+01
  8.525E+06 4.192E-02 1.300E-07 1.300E-07 3.277E-01 1.657E+06 2.951E+05 7.672E+10 6.985E+01
  8.625E+06 3.787E-02 1.300E-07 1.300E-07 3.939E-01 1.380E+06 2.953E+05 8.492E+10 6.985E+01
  8.725E+06 3.373E-02 1.300E-07 1.300E-07 4.733E-01 1.149E+06 2.956E+05 9.534E+10 6.985E+01
  8.825E+06 2.957E-02 1.300E-07 1.300E-07 5.688E-01 9.563E+05 2.958E+05 1.088E+11 6.985E+01
  8.925E+06 2.547E-02 1.300E-07 1.300E-07 6.834E-01 7.963E+05 2.961E+05 1.263E+11 6.985E+01
  9.025E+06 2.153E-02 1.300E-07 1.300E-07 8.210E-01 6.631E+05 2.964E+05 1.493E+11 6.985E+01
  9.125E+06 1.784E-02 1.300E-07 1.300E-07 9.862E-01 5.523E+05 2.967E+05 1.803E+11 6.985E+01
  9.225E+06 1.446E-02 1.300E-07 1.300E-07 1.185E+00 4.601E+05 2.970E+05 2.224E+11 6.985E+01
  9.325E+06 1.144E-02 1.300E-07 1.300E-07 1.423E+00 3.833E+05 2.974E+05 2.812E+11 6.985E+01
  9.425E+06 8.807E-03 1.300E-07 1.300E-07 1.709E+00 3.193E+05 2.977E+05 3.652E+11 6.985E+01
  9.525E+06 6.575E-03 1.300E-07 1.300E-07 2.052E+00 2.661E+05 2.980E+05 4.891E+11 6.985E+01
  9.625E+06 4.735E-03 1.300E-07 1.300E-07 2.463E+00 2.217E+05 2.984E+05 6.791E+11 6.985E+01
  9.725E+06 3.268E-03 1.300E-07 1.300E-07 2.957E+00 1.848E+05 2.987E+05 9.842E+11 6.985E+01
  9.825E+06 2.139E-03 1.300E-07 1.300E-07 3.550E+00 1.540E+05 2.991E+05 1.503E+12 6.985E+01
  9.925E+06 1.308E-03 1.300E-07 1.300E-07 4.261E+00 1.284E+05 2.994E+05 2.459E+12 6.985E+01
