
O                   PRODUCTION RXS              INT RX RATE    TP =  2.66E+11
   8) H       + HO2     = H2O     + O            3.317E+09
  20) OH      + OH      = H2O     + O            5.604E+07
  21) O1D     + M       = O       + M            1.856E+11
  22) O1D     + O2      = O       + O2           1.716E+07
  23) O2      + HV      = O       + O1D          7.705E+09
  24) O2      + HV      = O       + O            3.207E+08
  27) O3      + HV      = O2      + O            4.467E+08
  29) CO2     + HV      = CO      + O            3.368E+10
  50) HO2     + HV      = OH      + O            7.379E+06
  53) NO      + HV      = N       + O            5.570E+06
  54) NO2     + HV      = NO      + O            3.345E+10
  76) N       + O2      = NO      + O            2.189E+03
  79) N       + NO      = N2      + O            5.060E+07
 105) CO      + O1D     = CO      + O            3.303E+08
 107) HNO3    + OH      = H2O     + NO2     O    3.945E+05
 110) SO      + HV      = S       + O            6.913E+06
 112) SO2     + HV      = SO      + O            5.090E+08
 115) SO      + O2      = O       + SO2          7.605E+04
 136) S       + O2      = SO      + O            2.529E+06
 151) SO3     + HV      = SO2     + O            2.409E+01
 156) SO21    + O2      = SO3     + O            3.147E-01
 173) HSO     + HV      = HS      + O            2.192E+06
 197) CS      + O2      = OCS     + O            4.243E-10
 239) C       + O2      = CO      + O            1.302E+07

O                      LOSS RXS                INT RX RATE    TL =  2.76E+11
   3) H2      + O       = OH      + H            3.389E+08
  10) OH      + O       = H       + O2           1.480E+11
  13) HO2     + O       = OH      + O2           4.969E+10
  17) O       + O       = O2      +              1.051E+10
  18) O       + O2      = O3      +              2.846E+09
  19) O       + O3      = O2      + O2           2.252E+05
  32) CO      + O       = CO2     +              4.271E+09
  37) O       + HCO     = H       + CO2          2.407E+09
  38) O       + HCO     = OH      + CO           2.407E+09
  48) H2CO    + O       = HCO     + OH           7.110E+09
  49) H2O2    + O       = OH      + HO2          8.403E+06
  65) CH3     + O       = H2CO    + H            5.919E+09
  81) NO      + O       = NO2     +              4.396E+09
  84) NO2     + O       = NO      + O2           9.038E+09
  90) O       + HNO     = OH      + NO           5.103E+08
  93) CH4     + O       = CH3     + OH           7.642E+09
  97) CH23    + O       = HCO     + H            4.162E+08
 100) C2H6    + O       = C2H5    + OH           3.628E+09
 117) SO      + O       = SO2     +              5.635E+07
 120) SO2     + O       = SO3     +              5.944E+07
 125) HSO3    + O       = OH      + SO3          3.311E+05
 128) H2S     + O       = OH      + HS           9.222E+06
 129) HS      + O       = H       + SO           1.123E+07
 142) S2      + O       = S       + SO           1.187E+04
 179) HSO     + O       = OH      + SO           2.829E+08
 184) O       + OCS     = CO      + SO           6.871E+05
 185) O       + OCS     = S       + CO2          1.183E+01
 202) CS2     + O       = SO      + CS           3.217E-07
 203) CS2     + O       = OCS     + S            3.016E-08
 209) CS2     + O       = CO      + S2           8.769E-09
 212) CS      + O       = CO      + S            6.787E-03
 223) C2H5    + O       = CH3     + HCO     H    7.968E+07
 224) C2H5    + O       = H2CO    + CH3          7.092E+07
 225) C2H5    + O       = CH3CHO  + H            3.533E+08
 243) CH      + O       = CO      + H            4.789E+08
 253) CH23    + O       = CH      + OH           3.330E+08
 254) CH23    + O       = CO      + H       H    3.455E+09
 260) CH3O2   + O       = H2CO    + HO2          2.129E+08
 273) CH2CO   + O       = H2CO    + CO           1.316E+07
 276) CH3CO   + O       = H2CO    + HCO          1.034E+08
 284) C2H     + O       = CO      + CH           3.391E+05
 292) C2      + O       = C       + CO           1.214E+05
 304) C2H4    + O       = HCO     + CH3          2.109E+08
 309) C2H2    + O       = CH23    + CO           5.680E+07
 310) C2H3    + O       = CH2CO   + H            1.708E+05
 322) C2H2OH  + O       = OH      + CH2CO        8.700E-04
 327) C2H4OH  + O       = OH      + CH3CHO       2.267E+02
 330) CH3CHO  + O       = CH3CO   + OH           2.727E+08
 337) C3H8    + O       = C3H7    + OH           1.174E+06
 352) C3H6    + O       = CH3     + CH3     CO   5.230E+03
 356) C3H7    + O       = C2H5CHO + H            2.229E+06

O2                  PRODUCTION RXS              INT RX RATE    TP =  2.49E+11
   5) H       + O3      = OH      + O2           2.193E+09
   7) H       + HO2     = H2      + O2           1.493E+10
  10) OH      + O       = H       + O2           1.480E+11
  11) OH      + HO2     = H2O     + O2           3.877E+08
  12) OH      + O3      = HO2     + O2           3.713E+04
  13) HO2     + O       = OH      + O2           4.969E+10
  14) HO2     + O3      = OH      + O2      O2   5.685E+06
  15) HO2     + HO2     = H2O2    + O2           1.346E+10
  17) O       + O       = O2      +              1.051E+10
  19) O       + O3      = O2      + O2           2.252E+05
  22) O1D     + O2      = O       + O2           1.716E+07
  26) O3      + HV      = O2      + O1D          7.393E+07
  27) O3      + HV      = O2      + O            4.467E+08
  77) N       + O3      = NO      + O2           1.761E+01
  80) NO      + O3      = NO2     + O2           5.608E+07
  84) NO2     + O       = NO      + O2           9.038E+09
 109) HO2     + NO2     = HNO2    + O2           2.534E+07
 131) HS      + HO2     = H2S     + O2           2.268E+06
 139) S       + HO2     = HS      + O2           2.943E+03
 162) SO      + O3      = SO2     + O2           4.841E+04
 164) HS      + O3      = HSO     + O2           4.125E+05
 166) S       + O3      = SO      + O2           1.907E+03
 170) SO      + HO2     = HSO     + O2           4.326E+07
 199) CS      + O3      = OCS     + O2           5.186E-07
 258) CH3O2   + H       = CH4     + O2           1.004E+08
 265) CH3     + O3      = CH3O    + O2           3.005E+07

O2                     LOSS RXS                INT RX RATE    TL =  4.12E+11
   6) H       + O2      = HO2     +              2.336E+11
  18) O       + O2      = O3      +              2.846E+09
  22) O1D     + O2      = O       + O2           1.716E+07
  23) O2      + HV      = O       + O1D          7.705E+09
  24) O2      + HV      = O       + O            3.207E+08
  44) HCO     + O2      = HO2     + CO           7.481E+10
  59) CH21    + O2      = HCO     + OH           5.353E+05
  63) CH23    + O2      = HCO     + OH           4.701E+06
  64) CH3     + O2      = H2CO    + OH           2.422E+10
  76) N       + O2      = NO      + O            2.189E+03
 104) C2H5    + O2      = CH3     + HCO     OH   4.936E+10
 115) SO      + O2      = O       + SO2          7.605E+04
 122) HSO3    + O2      = HO2     + SO3          4.383E+07
 130) HS      + O2      = OH      + SO           8.307E+01
 136) S       + O2      = SO      + O            2.529E+06
 156) SO21    + O2      = SO3     + O            3.147E-01
 197) CS      + O2      = OCS     + O            4.243E-10
 198) CS      + O2      = CO      + SO           5.304E-11
 206) CS2X    + O2      = CS      + SO2          2.865E-19
 239) C       + O2      = CO      + O            1.302E+07
 246) CH      + O2      = CO      + OH           4.889E+07
 257) CH3     + O2      = CH3O2   +              1.470E+10
 269) CH3O    + O2      = H2CO    + HO2          3.968E+09
 283) C2H     + O2      = CO      + HCO          2.976E+04
 293) C2      + O2      = CO      + CO           1.842E+02

H2O                 PRODUCTION RXS              INT RX RATE    TP =  1.28E+10
   4) H2      + OH      = H2O     + H            6.277E+09
   8) H       + HO2     = H2O     + O            3.317E+09
  11) OH      + HO2     = H2O     + O2           3.877E+08
  16) H2O2    + OH      = HO2     + H2O          2.329E+08
  20) OH      + OH      = H2O     + O            5.604E+07
  36) OH      + HCO     = H2O     + CO           1.852E+06
  45) H2CO    + OH      = H2O     + HCO          3.800E+09
  46) H       + OH      = H2O     +              2.709E+08
  55) CH4     + OH      = CH3     + H2O          8.355E+10
  91) OH      + HNO     = H2O     + NO           9.241E+06
  92) HNO2    + OH      = H2O     + NO2          2.935E+05
  99) C2H6    + OH      = C2H5    + H2O          4.995E+10
 107) HNO3    + OH      = H2O     + NO2     O    3.945E+05
 123) HSO3    + OH      = H2O     + SO3          1.626E+03
 126) H2S     + OH      = H2O     + HS           5.388E+07
 175) HSO     + OH      = H2O     + SO           4.213E+06
 191) H2S     + HO2     = H2O     + HSO          1.015E+08
 228) C2H5    + OH      = C2H4    + H2O          4.986E+05
 259) CH3O2   + H       = H2O     + H2CO         7.169E+07
 311) C2H3    + OH      = C2H2    + H2O          3.017E+00
 320) C2H2OH  + H       = H2O     + C2H2         2.385E+02
 323) C2H2OH  + OH      = H2O     + CH2CO        8.452E-04
 325) C2H4OH  + H       = H2O     + C2H4         5.487E+05
 328) C2H4OH  + OH      = H2O     + CH3CHO       7.399E+01
 331) CH3CHO  + OH      = CH3CO   + H2O          1.487E+07
 336) C3H8    + OH      = C3H7    + H2O          1.670E+06

H2O                    LOSS RXS                INT RX RATE    TL =  1.60E+10
   1) H2O     + O1D     = OH      + OH           2.097E+07
  25) H2O     + HV      = H       + OH           1.659E+10
 121) SO3     + H2O     = H2SO4   +              1.048E+08

H                   PRODUCTION RXS              INT RX RATE    TP =  5.30E+11
   2) H2      + O1D     = OH      + H            3.065E+07
   3) H2      + O       = OH      + H            3.389E+08
   4) H2      + OH      = H2O     + H            6.277E+09
  10) OH      + O       = H       + O2           1.480E+11
  25) H2O     + HV      = H       + OH           1.659E+10
  31) CO      + OH      = CO2     + H            2.824E+11
  37) O       + HCO     = H       + CO2          2.407E+09
  40) H2CO    + HV      = HCO     + H            1.711E+09
  41) HCO     + HV      = H       + CO           1.961E+10
  61) CH23    + H2      = CH3     + H            2.984E+05
  65) CH3     + O       = H2CO    + H            5.919E+09
  69) CH3     + HV      = CH23    + H            4.839E+06
  78) N       + OH      = NO      + H            5.185E+07
  88) HNO     + HV      = NO      + H            2.889E+10
  94) CH21    + H2      = CH3     + H            6.683E+01
  97) CH23    + O       = HCO     + H            4.162E+08
 111) H2S     + HV      = HS      + H            1.077E+08
 118) SO      + OH      = SO2     + H            3.386E+06
 129) HS      + O       = H       + SO           1.123E+07
 135) HS      + S       = H       + S2           3.024E+04
 137) S       + OH      = SO      + H            3.221E+03
 183) HS      + CO      = OCS     + H            6.393E-03
 188) S       + HCO     = OCS     + H            8.245E+05
 208) CS      + HS      = CS2     + H            3.317E-07
 218) S       + HCS     = H       + CS2          2.462E-07
 223) C2H5    + O       = CH3     + HCO     H    7.968E+07
 225) C2H5    + O       = CH3CHO  + H            3.533E+08
 232) CH23    + S       = HCS     + H            3.290E-03
 235) CH4     + HV      = CH3     + H            4.620E+09
 236) CH4     + HV      = CH23    + H       H    2.265E+09
 237) C       + OH      = CO      + H            7.520E+00
 240) C       + HS      = CS      + H            4.963E-08
 243) CH      + O       = CO      + H            4.789E+08
 244) CH      + H2      = CH23    + H            7.498E+03
 248) CH      + HV      = C       + H            7.201E+02
 249) CH      + S       = CS      + H            3.365E-03
 254) CH23    + O       = CO      + H       H    3.455E+09
 264) CH3     + OH      = CH3O    + H            4.281E+06
 268) O1D     + CH4     = CH3O    + H            6.906E+06
 280) C2H2    + HV      = C2H     + H            3.695E+05
 285) C2H     + H2      = C2H2    + H            1.908E+01
 288) C2      + H2      = C2H     + H            9.404E+00
 295) C2H4    + HV      = C2H2    + H       H    4.139E+04
 296) CH23    + CH3     = C2H4    + H            2.631E+01
 300) C2H3    + H2      = C2H4    + H            4.722E+00
 307) CH      + CH4     = C2H4    + H            5.063E+07
 310) C2H3    + O       = CH2CO   + H            1.708E+05
 319) C2H2    + OH      = CH2CO   + H            1.261E+04
 345) C3H6    + HV      = C2H2    + CH3     H    5.130E-03
 348) C3H6    + HV      = C2H     + CH4     H    7.544E-04
 356) C3H7    + O       = C2H5CHO + H            2.229E+06
 357) CH      + C2H4    = CH2CCH2 + H            1.147E+02
 358) CH      + C2H4    = CH3C2H  + H            1.147E+02
 361) CH3     + C2H3    = C3H5    + H            1.930E-03
 367) CH      + C2H2    = C3H2    + H            3.602E+03
 376) CH2CCH2 + H       = CH3C2H  + H            8.656E+03
 378) C3H3    + HV      = C3H2    + H            1.545E+02
 379) CH3C2H  + HV      = C3H3    + H            6.115E+03
 382) CH2CCH2 + HV      = C3H3    + H            2.753E+02
 388) C2H6    + HV      = C2H4    + H       H    3.008E+07
 391) C2H     + C2H2    = HCAER   + H            5.168E+00
 392) C2H     + CH2CCH2 = HCAER2  + H            7.272E-04

H                      LOSS RXS                INT RX RATE    TL =  5.25E+11
   5) H       + O3      = OH      + O2           2.193E+09
   6) H       + O2      = HO2     +              2.336E+11
   7) H       + HO2     = H2      + O2           1.493E+10
   8) H       + HO2     = H2O     + O            3.317E+09
   9) H       + HO2     = OH      + OH           1.476E+11
  33) H       + CO      = HCO     +              5.987E+10
  34) H       + HCO     = H2      + CO           4.147E+09
  42) H2CO    + H       = H2      + HCO          1.438E+09
  43) H       + H       = H2      +              4.290E+09
  46) H       + OH      = H2O     +              2.709E+08
  70) CH3     + H       = CH4     +              4.036E+08
  74) H       + NO      = HNO     +              1.651E+09
  86) NO2     + H       = NO      + OH           4.075E+10
  89) H       + HNO     = H2      + NO           1.170E+08
 124) HSO3    + H       = H2      + SO3          1.084E+06
 127) H2S     + H       = H2      + HS           7.605E+08
 134) HS      + H       = H2      + S            1.416E+07
 172) H       + SO      = HSO     +              1.991E+07
 176) HSO     + H       = HS      + OH           1.795E+08
 177) HSO     + H       = H2      + SO           8.976E+07
 182) H       + OCS     = CO      + HS           7.650E+05
 216) H       + CS      = HCS     +              8.309E-09
 217) H       + HCS     = H2      + CS           3.421E-03
 220) C2H5    + H       = CH3     + CH3          7.928E+08
 221) C2H5    + H       = C2H6    +              2.853E+09
 222) C2H5    + H       = C2H4    + H2           3.964E+07
 242) CH      + H       = C       + H2           1.290E+07
 255) CH23    + H       = CH3     +              6.477E+04
 256) CH23    + H       = CH      + H2           4.662E+08
 258) CH3O2   + H       = CH4     + O2           1.004E+08
 259) CH3O2   + H       = H2O     + H2CO         7.169E+07
 272) CH2CO   + H       = CH3     + CO           6.266E+03
 275) CH3CO   + H       = CH4     + CO           2.631E+08
 287) C2H     + H       = C2H2    +              5.250E+02
 298) C2H2    + H       = C2H3    +              2.117E+05
 299) C2H3    + H       = C2H2    + H2           4.084E+04
 305) C2H4    + H       = C2H5    +              2.335E+07
 320) C2H2OH  + H       = H2O     + C2H2         2.385E+02
 321) C2H2OH  + H       = H2      + CH2CO        1.843E-02
 325) C2H4OH  + H       = H2O     + C2H4         5.487E+05
 326) C2H4OH  + H       = H2      + CH3CHO       1.252E+02
 329) CH3CHO  + H       = CH3CO   + H2           4.898E+07
 339) C3H7    + H       = CH3     + C2H5         5.759E+05
 353) C3H6    + H       = C3H7    +              8.674E+02
 359) CH2CCH2 + H       = CH3     + C2H2         8.369E+00
 360) CH2CCH2 + H       = C3H5    +              7.666E+00
 363) C3H5    + H       = C3H6    +              1.119E+01
 364) C3H5    + H       = CH4     + C2H2         1.102E+03
 366) C3H5    + H       = CH2CCH2 + H2           1.102E+03
 369) CH3C2H  + H       = CH3     + C2H2         3.311E+03
 370) CH3C2H  + H       = C3H5    +              3.311E+03
 371) C3H2    + H       = C3H3    +              8.716E+03
 372) C3H3    + H       = CH3C2H  +              7.476E+03
 373) C3H3    + H       = CH2CCH2 +              7.476E+03
 374) C3H5    + H       = CH3C2H  + H2           1.102E+03
 376) CH2CCH2 + H       = CH3C2H  + H            8.656E+03

OH                  PRODUCTION RXS              INT RX RATE    TP =  5.75E+11
   1) H2O     + O1D     = OH      + OH           2.097E+07
   2) H2      + O1D     = OH      + H            3.065E+07
   3) H2      + O       = OH      + H            3.389E+08
   5) H       + O3      = OH      + O2           2.193E+09
   9) H       + HO2     = OH      + OH           1.476E+11
  13) HO2     + O       = OH      + O2           4.969E+10
  14) HO2     + O3      = OH      + O2      O2   5.685E+06
  25) H2O     + HV      = H       + OH           1.659E+10
  28) H2O2    + HV      = OH      + OH           4.930E+08
  38) O       + HCO     = OH      + CO           2.407E+09
  48) H2CO    + O       = HCO     + OH           7.110E+09
  49) H2O2    + O       = OH      + HO2          8.403E+06
  50) HO2     + HV      = OH      + O            7.379E+06
  51) HNO2    + HV      = NO      + OH           3.834E+09
  52) HNO3    + HV      = NO2     + OH           3.686E+06
  56) CH4     + O1D     = CH3     + OH           2.590E+07
  59) CH21    + O2      = HCO     + OH           5.353E+05
  63) CH23    + O2      = HCO     + OH           4.701E+06
  64) CH3     + O2      = H2CO    + OH           2.422E+10
  82) NO      + HO2     = NO2     + OH           6.953E+10
  86) NO2     + H       = NO      + OH           4.075E+10
  90) O       + HNO     = OH      + NO           5.103E+08
  93) CH4     + O       = CH3     + OH           7.642E+09
 100) C2H6    + O       = C2H5    + OH           3.628E+09
 101) C2H6    + O1D     = C2H5    + OH           1.915E+06
 104) C2H5    + O2      = CH3     + HCO     OH   4.936E+10
 108) N       + HO2     = NO      + OH           3.115E+06
 116) SO      + HO2     = SO2     + OH           4.326E+07
 125) HSO3    + O       = OH      + SO3          3.311E+05
 128) H2S     + O       = OH      + HS           9.222E+06
 130) HS      + O2      = OH      + SO           8.307E+01
 140) S       + HO2     = SO      + OH           2.943E+03
 163) SO2     + HO2     = SO3     + OH           1.073E+05
 176) HSO     + H       = HS      + OH           1.795E+08
 179) HSO     + O       = OH      + SO           2.829E+08
 246) CH      + O2      = CO      + OH           4.889E+07
 253) CH23    + O       = CH      + OH           3.330E+08
 322) C2H2OH  + O       = OH      + CH2CO        8.700E-04
 327) C2H4OH  + O       = OH      + CH3CHO       2.267E+02
 330) CH3CHO  + O       = CH3CO   + OH           2.727E+08
 337) C3H8    + O       = C3H7    + OH           1.174E+06
 338) C3H8    + O1D     = C3H7    + OH           3.749E-02

OH                     LOSS RXS                INT RX RATE    TL =  5.75E+11
   4) H2      + OH      = H2O     + H            6.277E+09
  10) OH      + O       = H       + O2           1.480E+11
  11) OH      + HO2     = H2O     + O2           3.877E+08
  12) OH      + O3      = HO2     + O2           3.713E+04
  16) H2O2    + OH      = HO2     + H2O          2.329E+08
  20) OH      + OH      = H2O     + O            5.604E+07
  31) CO      + OH      = CO2     + H            2.824E+11
  36) OH      + HCO     = H2O     + CO           1.852E+06
  45) H2CO    + OH      = H2O     + HCO          3.800E+09
  46) H       + OH      = H2O     +              2.709E+08
  47) OH      + OH      = H2O2    +              1.803E+05
  55) CH4     + OH      = CH3     + H2O          8.355E+10
  67) CH3     + OH      = CO      + H2      H2   2.206E+06
  78) N       + OH      = NO      + H            5.185E+07
  83) NO      + OH      = HNO2    +              4.469E+07
  85) NO2     + OH      = HNO3    +              1.523E+08
  91) OH      + HNO     = H2O     + NO           9.241E+06
  92) HNO2    + OH      = H2O     + NO2          2.935E+05
  99) C2H6    + OH      = C2H5    + H2O          4.995E+10
 107) HNO3    + OH      = H2O     + NO2     O    3.945E+05
 118) SO      + OH      = SO2     + H            3.386E+06
 119) SO2     + OH      = HSO3    +              4.525E+07
 123) HSO3    + OH      = H2O     + SO3          1.626E+03
 126) H2S     + OH      = H2O     + HS           5.388E+07
 137) S       + OH      = SO      + H            3.221E+03
 175) HSO     + OH      = H2O     + SO           4.213E+06
 187) OCS     + OH      = CO2     + HS           1.812E+03
 204) CS2     + OH      = OCS     + HS           8.250E-13
 226) C2H5    + OH      = CH3     + HCO     H2   4.986E+05
 227) C2H5    + OH      = CH3CHO  + H2           1.247E+06
 228) C2H5    + OH      = C2H4    + H2O          4.986E+05
 237) C       + OH      = CO      + H            7.520E+00
 264) CH3     + OH      = CH3O    + H            4.281E+06
 282) C2H2    + OH      = CO      + CH3          7.325E+03
 303) C2H4    + OH      = H2CO    + CH3          7.912E+06
 311) C2H3    + OH      = C2H2    + H2O          3.017E+00
 318) C2H2    + OH      = C2H2OH  +              2.385E+02
 319) C2H2    + OH      = CH2CO   + H            1.261E+04
 323) C2H2OH  + OH      = H2O     + CH2CO        8.452E-04
 324) C2H4    + OH      = C2H4OH  +              5.491E+05
 328) C2H4OH  + OH      = H2O     + CH3CHO       7.399E+01
 331) CH3CHO  + OH      = CH3CO   + H2O          1.487E+07
 336) C3H8    + OH      = C3H7    + H2O          1.670E+06
 351) C3H6    + OH      = CH3CHO  + CH3          6.974E+02
 355) C3H7    + OH      = C2H5CHO + H2           3.315E+04

HO2                 PRODUCTION RXS              INT RX RATE    TP =  3.13E+11
   6) H       + O2      = HO2     +              2.336E+11
  12) OH      + O3      = HO2     + O2           3.713E+04
  16) H2O2    + OH      = HO2     + H2O          2.329E+08
  44) HCO     + O2      = HO2     + CO           7.481E+10
  49) H2O2    + O       = OH      + HO2          8.403E+06
  66) CH3     + O3      = H2CO    + HO2          3.005E+07
 122) HSO3    + O2      = HO2     + SO3          4.383E+07
 260) CH3O2   + O       = H2CO    + HO2          2.129E+08
 269) CH3O    + O2      = H2CO    + HO2          3.968E+09

HO2                    LOSS RXS                INT RX RATE    TL =  3.13E+11
   7) H       + HO2     = H2      + O2           1.493E+10
   8) H       + HO2     = H2O     + O            3.317E+09
   9) H       + HO2     = OH      + OH           1.476E+11
  11) OH      + HO2     = H2O     + O2           3.877E+08
  13) HO2     + O       = OH      + O2           4.969E+10
  14) HO2     + O3      = OH      + O2      O2   5.685E+06
  15) HO2     + HO2     = H2O2    + O2           1.346E+10
  50) HO2     + HV      = OH      + O            7.379E+06
  82) NO      + HO2     = NO2     + OH           6.953E+10
 108) N       + HO2     = NO      + OH           3.115E+06
 109) HO2     + NO2     = HNO2    + O2           2.534E+07
 116) SO      + HO2     = SO2     + OH           4.326E+07
 131) HS      + HO2     = H2S     + O2           2.268E+06
 139) S       + HO2     = HS      + O2           2.943E+03
 140) S       + HO2     = SO      + OH           2.943E+03
 163) SO2     + HO2     = SO3     + OH           1.073E+05
 170) SO      + HO2     = HSO     + O2           4.326E+07
 191) H2S     + HO2     = H2O     + HSO          1.015E+08

H2O2                PRODUCTION RXS              INT RX RATE    TP =  1.35E+10
  15) HO2     + HO2     = H2O2    + O2           1.346E+10
  47) OH      + OH      = H2O2    +              1.803E+05

H2O2                   LOSS RXS                INT RX RATE    TL =  1.01E+10
  16) H2O2    + OH      = HO2     + H2O          2.329E+08
  28) H2O2    + HV      = OH      + OH           4.930E+08
  49) H2O2    + O       = OH      + HO2          8.403E+06

H2                  PRODUCTION RXS              INT RX RATE    TP =  3.28E+10
   7) H       + HO2     = H2      + O2           1.493E+10
  34) H       + HCO     = H2      + CO           4.147E+09
  39) H2CO    + HV      = H2      + CO           3.679E+09
  42) H2CO    + H       = H2      + HCO          1.438E+09
  43) H       + H       = H2      +              4.290E+09
  57) CH4     + O1D     = H2CO    + H2           1.727E+06
  67) CH3     + OH      = CO      + H2      H2   2.206E+06
  89) H       + HNO     = H2      + NO           1.170E+08
  95) CH21    + H2      = CH23    + H2           1.684E+05
 124) HSO3    + H       = H2      + SO3          1.084E+06
 127) H2S     + H       = H2      + HS           7.605E+08
 134) HS      + H       = H2      + S            1.416E+07
 177) HSO     + H       = H2      + SO           8.976E+07
 217) H       + HCS     = H2      + CS           3.421E-03
 222) C2H5    + H       = C2H4    + H2           3.964E+07
 226) C2H5    + OH      = CH3     + HCO     H2   4.986E+05
 227) C2H5    + OH      = CH3CHO  + H2           1.247E+06
 234) CH4     + HV      = CH21    + H2           2.379E+09
 242) CH      + H       = C       + H2           1.290E+07
 256) CH23    + H       = CH      + H2           4.662E+08
 279) CH23    + CH23    = C2H2    + H2           1.740E+01
 281) C2H2    + HV      = C2      + H2           1.232E+05
 294) C2H4    + HV      = C2H2    + H2           6.087E+04
 299) C2H3    + H       = C2H2    + H2           4.084E+04
 321) C2H2OH  + H       = H2      + CH2CO        1.843E-02
 326) C2H4OH  + H       = H2      + CH3CHO       1.252E+02
 329) CH3CHO  + H       = CH3CO   + H2           4.898E+07
 340) C3H8    + HV      = C3H6    + H2           7.095E+00
 346) C3H6    + HV      = CH2CCH2 + H2           1.680E-04
 355) C3H7    + OH      = C2H5CHO + H2           3.315E+04
 366) C3H5    + H       = CH2CCH2 + H2           1.102E+03
 374) C3H5    + H       = CH3C2H  + H2           1.102E+03
 380) CH3C2H  + HV      = C3H2    + H2           4.804E+03
 383) CH2CCH2 + HV      = C3H2    + H2           1.549E+02
 387) C2H6    + HV      = C2H2    + H2      H2   5.738E+07
 389) C2H6    + HV      = C2H4    + H2           1.183E+08

H2                     LOSS RXS                INT RX RATE    TL =  6.65E+09
   2) H2      + O1D     = OH      + H            3.065E+07
   3) H2      + O       = OH      + H            3.389E+08
   4) H2      + OH      = H2O     + H            6.277E+09
  61) CH23    + H2      = CH3     + H            2.984E+05
  94) CH21    + H2      = CH3     + H            6.683E+01
  95) CH21    + H2      = CH23    + H2           1.684E+05
 238) C       + H2      = CH23    +              8.438E+02
 244) CH      + H2      = CH23    + H            7.498E+03
 245) CH      + H2      = CH3     +              2.334E+03
 285) C2H     + H2      = C2H2    + H            1.908E+01
 288) C2      + H2      = C2H     + H            9.404E+00
 300) C2H3    + H2      = C2H4    + H            4.722E+00

CO                  PRODUCTION RXS              INT RX RATE    TP =  3.44E+11
  29) CO2     + HV      = CO      + O            3.368E+10
  30) CO2     + HV      = CO      + O1D          1.782E+11
  34) H       + HCO     = H2      + CO           4.147E+09
  35) HCO     + HCO     = H2CO    + CO           1.167E+08
  36) OH      + HCO     = H2O     + CO           1.852E+06
  38) O       + HCO     = OH      + CO           2.407E+09
  39) H2CO    + HV      = H2      + CO           3.679E+09
  41) HCO     + HV      = H       + CO           1.961E+10
  44) HCO     + O2      = HO2     + CO           7.481E+10
  67) CH3     + OH      = CO      + H2      H2   2.206E+06
  71) CH3     + HCO     = CH4     + CO           1.540E+07
  87) HCO     + NO      = HNO     + CO           2.127E+10
  96) CH21    + CO2     = H2CO    + CO           5.031E+06
  98) CH23    + CO2     = H2CO    + CO           2.912E+07
 102) C2H5    + HCO     = C2H6    + CO           4.814E+07
 105) CO      + O1D     = CO      + O            3.303E+08
 133) HS      + HCO     = H2S     + CO           5.459E+06
 138) S       + HCO     = HS      + CO           1.031E+05
 169) S       + CO2     = SO      + CO           1.868E+07
 171) SO      + HCO     = HSO     + CO           4.875E+07
 182) H       + OCS     = CO      + HS           7.650E+05
 184) O       + OCS     = CO      + SO           6.871E+05
 186) OCS     + S       = CO      + S2           2.834E+04
 190) OCS     + HV      = CO      + S            1.997E+06
 198) CS      + O2      = CO      + SO           5.304E-11
 201) CS      + O3      = CO      + SO2          5.186E-07
 209) CS2     + O       = CO      + S2           8.769E-09
 212) CS      + O       = CO      + S            6.787E-03
 237) C       + OH      = CO      + H            7.520E+00
 239) C       + O2      = CO      + O            1.302E+07
 243) CH      + O       = CO      + H            4.789E+08
 246) CH      + O2      = CO      + OH           4.889E+07
 247) CH      + CO2     = HCO     + CO           2.081E+08
 252) OCS     + CH      = CO      + HCS          1.319E-04
 254) CH23    + O       = CO      + H       H    3.455E+09
 262) HCO     + H2CO    = CH3O    + CO           7.280E+05
 270) CH2CO   + HV      = CH23    + CO           3.337E+05
 272) CH2CO   + H       = CH3     + CO           6.266E+03
 273) CH2CO   + O       = H2CO    + CO           1.316E+07
 275) CH3CO   + H       = CH4     + CO           2.631E+08
 277) CH3CO   + CH3     = C2H6    + CO           8.323E+06
 282) C2H2    + OH      = CO      + CH3          7.325E+03
 283) C2H     + O2      = CO      + HCO          2.976E+04
 284) C2H     + O       = CO      + CH           3.391E+05
 292) C2      + O       = C       + CO           1.214E+05
 293) C2      + O2      = CO      + CO           1.842E+02
 309) C2H2    + O       = CH23    + CO           5.680E+07
 334) CH3CHO  + HV      = CH4     + CO           8.661E+06
 352) C3H6    + O       = CH3     + CH3     CO   5.230E+03

CO                     LOSS RXS                INT RX RATE    TL =  3.47E+11
  31) CO      + OH      = CO2     + H            2.824E+11
  32) CO      + O       = CO2     +              4.271E+09
  33) H       + CO      = HCO     +              5.987E+10
 105) CO      + O1D     = CO      + O            3.303E+08
 183) HS      + CO      = OCS     + H            6.393E-03
 189) S       + CO      = OCS     +              2.625E+06
 196) OCS2    + CO      = OCS     + OCS          2.992E+04
 263) CH3O    + CO      = CH3     + CO2          1.082E+07
 271) CH23    + CO      = CH2CO   +              5.824E+04
 274) CH3     + CO      = CH3CO   +              5.100E+07

HCO                 PRODUCTION RXS              INT RX RATE    TP =  1.25E+11
  33) H       + CO      = HCO     +              5.987E+10
  40) H2CO    + HV      = HCO     + H            1.711E+09
  42) H2CO    + H       = H2      + HCO          1.438E+09
  45) H2CO    + OH      = H2O     + HCO          3.800E+09
  48) H2CO    + O       = HCO     + OH           7.110E+09
  59) CH21    + O2      = HCO     + OH           5.353E+05
  63) CH23    + O2      = HCO     + OH           4.701E+06
  73) CH3     + H2CO    = CH4     + HCO          3.337E+03
  97) CH23    + O       = HCO     + H            4.162E+08
 104) C2H5    + O2      = CH3     + HCO     OH   4.936E+10
 143) HS      + H2CO    = H2S     + HCO          6.774E+08
 223) C2H5    + O       = CH3     + HCO     H    7.968E+07
 226) C2H5    + OH      = CH3     + HCO     H2   4.986E+05
 247) CH      + CO2     = HCO     + CO           2.081E+08
 276) CH3CO   + O       = H2CO    + HCO          1.034E+08
 283) C2H     + O2      = CO      + HCO          2.976E+04
 304) C2H4    + O       = HCO     + CH3          2.109E+08
 333) CH3CHO  + HV      = CH3     + HCO          8.661E+06
 349) C2H5CHO + HV      = C2H5    + HCO          2.227E+06

HCO                    LOSS RXS                INT RX RATE    TL =  1.25E+11
  34) H       + HCO     = H2      + CO           4.147E+09
  35) HCO     + HCO     = H2CO    + CO           1.167E+08
  36) OH      + HCO     = H2O     + CO           1.852E+06
  37) O       + HCO     = H       + CO2          2.407E+09
  38) O       + HCO     = OH      + CO           2.407E+09
  41) HCO     + HV      = H       + CO           1.961E+10
  44) HCO     + O2      = HO2     + CO           7.481E+10
  71) CH3     + HCO     = CH4     + CO           1.540E+07
  87) HCO     + NO      = HNO     + CO           2.127E+10
 102) C2H5    + HCO     = C2H6    + CO           4.814E+07
 133) HS      + HCO     = H2S     + CO           5.459E+06
 138) S       + HCO     = HS      + CO           1.031E+05
 171) SO      + HCO     = HSO     + CO           4.875E+07
 188) S       + HCO     = OCS     + H            8.245E+05
 262) HCO     + H2CO    = CH3O    + CO           7.280E+05

H2CO                PRODUCTION RXS              INT RX RATE    TP =  4.51E+10
  35) HCO     + HCO     = H2CO    + CO           1.167E+08
  57) CH4     + O1D     = H2CO    + H2           1.727E+06
  64) CH3     + O2      = H2CO    + OH           2.422E+10
  65) CH3     + O       = H2CO    + H            5.919E+09
  66) CH3     + O3      = H2CO    + HO2          3.005E+07
  96) CH21    + CO2     = H2CO    + CO           5.031E+06
  98) CH23    + CO2     = H2CO    + CO           2.912E+07
 224) C2H5    + O       = H2CO    + CH3          7.092E+07
 259) CH3O2   + H       = H2O     + H2CO         7.169E+07
 260) CH3O2   + O       = H2CO    + HO2          2.129E+08
 266) NO      + CH3O    = HNO     + H2CO         6.611E+09
 267) NO2     + CH3O    = H2CO    + HNO2         3.765E+09
 269) CH3O    + O2      = H2CO    + HO2          3.968E+09
 273) CH2CO   + O       = H2CO    + CO           1.316E+07
 276) CH3CO   + O       = H2CO    + HCO          1.034E+08
 303) C2H4    + OH      = H2CO    + CH3          7.912E+06

H2CO                   LOSS RXS                INT RX RATE    TL =  3.58E+10
  39) H2CO    + HV      = H2      + CO           3.679E+09
  40) H2CO    + HV      = HCO     + H            1.711E+09
  42) H2CO    + H       = H2      + HCO          1.438E+09
  45) H2CO    + OH      = H2O     + HCO          3.800E+09
  48) H2CO    + O       = HCO     + OH           7.110E+09
  73) CH3     + H2CO    = CH4     + HCO          3.337E+03
 143) HS      + H2CO    = H2S     + HCO          6.774E+08
 262) HCO     + H2CO    = CH3O    + CO           7.280E+05

CH4                 PRODUCTION RXS              INT RX RATE    TP =  8.13E+08
  70) CH3     + H       = CH4     +              4.036E+08
  71) CH3     + HCO     = CH4     + CO           1.540E+07
  72) CH3     + HNO     = CH4     + NO           3.200E+05
  73) CH3     + H2CO    = CH4     + HCO          3.337E+03
 231) CH3     + HCS     = CH4     + CS           6.241E-07
 258) CH3O2   + H       = CH4     + O2           1.004E+08
 275) CH3CO   + H       = CH4     + CO           2.631E+08
 278) CH3CO   + CH3     = CH4     + CH2CO        1.325E+07
 312) C2H3    + CH3     = C2H2    + CH4          2.734E-01
 315) C2H5    + CH3     = C2H4    + CH4          2.844E+06
 332) CH3CHO  + CH3     = CH3CO   + CH4          5.716E+05
 334) CH3CHO  + HV      = CH4     + CO           8.661E+06
 342) C3H8    + HV      = C2H4    + CH4          4.267E+00
 348) C3H6    + HV      = C2H     + CH4     H    7.544E-04
 354) C3H7    + CH3     = C3H6    + CH4          6.775E+03
 364) C3H5    + H       = CH4     + C2H2         1.102E+03
 365) C3H5    + CH3     = CH2CCH2 + CH4          5.900E-04
 375) C3H5    + CH3     = CH3C2H  + CH4          5.900E-04
 386) C2H6    + HV      = CH4     + CH21         4.689E+06

CH4                    LOSS RXS                INT RX RATE    TL =  1.01E+11
  55) CH4     + OH      = CH3     + H2O          8.355E+10
  56) CH4     + O1D     = CH3     + OH           2.590E+07
  57) CH4     + O1D     = H2CO    + H2           1.727E+06
  58) CH21    + CH4     = CH3     + CH3          4.189E+05
  62) CH23    + CH4     = CH3     + CH3          7.658E-02
  93) CH4     + O       = CH3     + OH           7.642E+09
 215) CH4     + HS      = CH3     + H2S          6.772E-05
 234) CH4     + HV      = CH21    + H2           2.379E+09
 235) CH4     + HV      = CH3     + H            4.620E+09
 236) CH4     + HV      = CH23    + H       H    2.265E+09
 268) O1D     + CH4     = CH3O    + H            6.906E+06
 286) C2H     + CH4     = C2H2    + CH3          1.586E+03
 289) C2      + CH4     = C2H     + CH3          1.628E+03
 301) C2H3    + CH4     = C2H4    + CH3          1.401E+00
 307) CH      + CH4     = C2H4    + H            5.063E+07

CH3                 PRODUCTION RXS              INT RX RATE    TP =  1.47E+11
  55) CH4     + OH      = CH3     + H2O          8.355E+10
  56) CH4     + O1D     = CH3     + OH           2.590E+07
  58) CH21    + CH4     = CH3     + CH3          4.189E+05
  61) CH23    + H2      = CH3     + H            2.984E+05
  62) CH23    + CH4     = CH3     + CH3          7.658E-02
  93) CH4     + O       = CH3     + OH           7.642E+09
  94) CH21    + H2      = CH3     + H            6.683E+01
 104) C2H5    + O2      = CH3     + HCO     OH   4.936E+10
 215) CH4     + HS      = CH3     + H2S          6.772E-05
 220) C2H5    + H       = CH3     + CH3          7.928E+08
 223) C2H5    + O       = CH3     + HCO     H    7.968E+07
 224) C2H5    + O       = H2CO    + CH3          7.092E+07
 226) C2H5    + OH      = CH3     + HCO     H2   4.986E+05
 235) CH4     + HV      = CH3     + H            4.620E+09
 245) CH      + H2      = CH3     +              2.334E+03
 255) CH23    + H       = CH3     +              6.477E+04
 263) CH3O    + CO      = CH3     + CO2          1.082E+07
 272) CH2CO   + H       = CH3     + CO           6.266E+03
 282) C2H2    + OH      = CO      + CH3          7.325E+03
 286) C2H     + CH4     = C2H2    + CH3          1.586E+03
 289) C2      + CH4     = C2H     + CH3          1.628E+03
 297) CH23    + C2H3    = CH3     + C2H2         5.794E-04
 301) C2H3    + CH4     = C2H4    + CH3          1.401E+00
 303) C2H4    + OH      = H2CO    + CH3          7.912E+06
 304) C2H4    + O       = HCO     + CH3          2.109E+08
 308) CH23    + C2H5    = CH3     + C2H4         6.455E-02
 333) CH3CHO  + HV      = CH3     + HCO          8.661E+06
 339) C3H7    + H       = CH3     + C2H5         5.759E+05
 343) C3H8    + HV      = C2H5    + CH3          6.784E+00
 345) C3H6    + HV      = C2H2    + CH3     H    5.130E-03
 351) C3H6    + OH      = CH3CHO  + CH3          6.974E+02
 352) C3H6    + O       = CH3     + CH3     CO   5.230E+03
 359) CH2CCH2 + H       = CH3     + C2H2         8.369E+00
 362) C2H3    + C2H5    = CH3     + C3H5         6.042E-03
 369) CH3C2H  + H       = CH3     + C2H2         3.311E+03
 381) CH3C2H  + HV      = CH3     + C2H          2.184E+02
 390) C2H6    + HV      = CH3     + CH3          2.259E+06

CH3                    LOSS RXS                INT RX RATE    TL =  1.47E+11
  64) CH3     + O2      = H2CO    + OH           2.422E+10
  65) CH3     + O       = H2CO    + H            5.919E+09
  66) CH3     + O3      = H2CO    + HO2          3.005E+07
  67) CH3     + OH      = CO      + H2      H2   2.206E+06
  68) CH3     + CH3     = C2H6    +              5.089E+10
  69) CH3     + HV      = CH23    + H            4.839E+06
  70) CH3     + H       = CH4     +              4.036E+08
  71) CH3     + HCO     = CH4     + CO           1.540E+07
  72) CH3     + HNO     = CH4     + NO           3.200E+05
  73) CH3     + H2CO    = CH4     + HCO          3.337E+03
 231) CH3     + HCS     = CH4     + CS           6.241E-07
 257) CH3     + O2      = CH3O2   +              1.470E+10
 264) CH3     + OH      = CH3O    + H            4.281E+06
 265) CH3     + O3      = CH3O    + O2           3.005E+07
 274) CH3     + CO      = CH3CO   +              5.100E+07
 277) CH3CO   + CH3     = C2H6    + CO           8.323E+06
 278) CH3CO   + CH3     = CH4     + CH2CO        1.325E+07
 296) CH23    + CH3     = C2H4    + H            2.631E+01
 312) C2H3    + CH3     = C2H2    + CH4          2.734E-01
 315) C2H5    + CH3     = C2H4    + CH4          2.844E+06
 332) CH3CHO  + CH3     = CH3CO   + CH4          5.716E+05
 335) C2H5    + CH3     = C3H8    +              2.844E+06
 350) C2H3    + CH3     = C3H6    +              9.650E-01
 354) C3H7    + CH3     = C3H6    + CH4          6.775E+03
 361) CH3     + C2H3    = C3H5    + H            1.930E-03
 365) C3H5    + CH3     = CH2CCH2 + CH4          5.900E-04
 375) C3H5    + CH3     = CH3C2H  + CH4          5.900E-04

C2H6                PRODUCTION RXS              INT RX RATE    TP =  5.38E+10
  68) CH3     + CH3     = C2H6    +              5.089E+10
 102) C2H5    + HCO     = C2H6    + CO           4.814E+07
 103) C2H5    + HNO     = C2H6    + NO           1.221E+05
 221) C2H5    + H       = C2H6    +              2.853E+09
 277) CH3CO   + CH3     = C2H6    + CO           8.323E+06
 316) C2H5    + C2H3    = C2H6    + C2H2         7.152E-02
 317) C2H5    + C2H5    = C2H6    + C2H4         3.269E+05
 341) C3H8    + HV      = C2H6    + CH21         1.735E+00

C2H6                   LOSS RXS                INT RX RATE    TL =  5.38E+10
  99) C2H6    + OH      = C2H5    + H2O          4.995E+10
 100) C2H6    + O       = C2H5    + OH           3.628E+09
 101) C2H6    + O1D     = C2H5    + OH           1.915E+06
 302) C2H3    + C2H6    = C2H4    + C2H5         2.777E-05
 306) C2H     + C2H6    = C2H2    + C2H5         4.459E+02
 386) C2H6    + HV      = CH4     + CH21         4.689E+06
 387) C2H6    + HV      = C2H2    + H2      H2   5.738E+07
 388) C2H6    + HV      = C2H4    + H       H    3.008E+07
 389) C2H6    + HV      = C2H4    + H2           1.183E+08
 390) C2H6    + HV      = CH3     + CH3          2.259E+06

NO                  PRODUCTION RXS              INT RX RATE    TP =  1.18E+11
  51) HNO2    + HV      = NO      + OH           3.834E+09
  54) NO2     + HV      = NO      + O            3.345E+10
  72) CH3     + HNO     = CH4     + NO           3.200E+05
  76) N       + O2      = NO      + O            2.189E+03
  77) N       + O3      = NO      + O2           1.761E+01
  78) N       + OH      = NO      + H            5.185E+07
  84) NO2     + O       = NO      + O2           9.038E+09
  86) NO2     + H       = NO      + OH           4.075E+10
  88) HNO     + HV      = NO      + H            2.889E+10
  89) H       + HNO     = H2      + NO           1.170E+08
  90) O       + HNO     = OH      + NO           5.103E+08
  91) OH      + HNO     = H2O     + NO           9.241E+06
 103) C2H5    + HNO     = C2H6    + NO           1.221E+05
 108) N       + HO2     = NO      + OH           3.115E+06
 161) SO      + NO2     = SO2     + NO           7.174E+08
 165) HS      + NO2     = HSO     + NO           3.838E+08

NO                     LOSS RXS                INT RX RATE    TL =  1.18E+11
  53) NO      + HV      = N       + O            5.570E+06
  74) H       + NO      = HNO     +              1.651E+09
  79) N       + NO      = N2      + O            5.060E+07
  80) NO      + O3      = NO2     + O2           5.608E+07
  81) NO      + O       = NO2     +              4.396E+09
  82) NO      + HO2     = NO2     + OH           6.953E+10
  83) NO      + OH      = HNO2    +              4.469E+07
  87) HCO     + NO      = HNO     + CO           2.127E+10
 174) HSO     + NO      = HNO     + SO           4.544E+06
 261) NO      + CH3O2   = CH3O    + NO2          1.431E+10
 266) NO      + CH3O    = HNO     + H2CO         6.611E+09

NO2                 PRODUCTION RXS              INT RX RATE    TP =  8.83E+10
  52) HNO3    + HV      = NO2     + OH           3.686E+06
  80) NO      + O3      = NO2     + O2           5.608E+07
  81) NO      + O       = NO2     +              4.396E+09
  82) NO      + HO2     = NO2     + OH           6.953E+10
  92) HNO2    + OH      = H2O     + NO2          2.935E+05
 107) HNO3    + OH      = H2O     + NO2     O    3.945E+05
 261) NO      + CH3O2   = CH3O    + NO2          1.431E+10

NO2                    LOSS RXS                INT RX RATE    TL =  8.83E+10
  54) NO2     + HV      = NO      + O            3.345E+10
  84) NO2     + O       = NO      + O2           9.038E+09
  85) NO2     + OH      = HNO3    +              1.523E+08
  86) NO2     + H       = NO      + OH           4.075E+10
 109) HO2     + NO2     = HNO2    + O2           2.534E+07
 161) SO      + NO2     = SO2     + NO           7.174E+08
 165) HS      + NO2     = HSO     + NO           3.838E+08
 267) NO2     + CH3O    = H2CO    + HNO2         3.765E+09

HNO                 PRODUCTION RXS              INT RX RATE    TP =  2.95E+10
  74) H       + NO      = HNO     +              1.651E+09
  87) HCO     + NO      = HNO     + CO           2.127E+10
 174) HSO     + NO      = HNO     + SO           4.544E+06
 266) NO      + CH3O    = HNO     + H2CO         6.611E+09

HNO                    LOSS RXS                INT RX RATE    TL =  2.95E+10
  72) CH3     + HNO     = CH4     + NO           3.200E+05
  88) HNO     + HV      = NO      + H            2.889E+10
  89) H       + HNO     = H2      + NO           1.170E+08
  90) O       + HNO     = OH      + NO           5.103E+08
  91) OH      + HNO     = H2O     + NO           9.241E+06
 103) C2H5    + HNO     = C2H6    + NO           1.221E+05

O3                  PRODUCTION RXS              INT RX RATE    TP =  2.85E+09
  18) O       + O2      = O3      +              2.846E+09

O3                     LOSS RXS                INT RX RATE    TL =  2.84E+09
   5) H       + O3      = OH      + O2           2.193E+09
  12) OH      + O3      = HO2     + O2           3.713E+04
  14) HO2     + O3      = OH      + O2      O2   5.685E+06
  19) O       + O3      = O2      + O2           2.252E+05
  26) O3      + HV      = O2      + O1D          7.393E+07
  27) O3      + HV      = O2      + O            4.467E+08
  66) CH3     + O3      = H2CO    + HO2          3.005E+07
  77) N       + O3      = NO      + O2           1.761E+01
  80) NO      + O3      = NO2     + O2           5.608E+07
 162) SO      + O3      = SO2     + O2           4.841E+04
 164) HS      + O3      = HSO     + O2           4.125E+05
 166) S       + O3      = SO      + O2           1.907E+03
 199) CS      + O3      = OCS     + O2           5.186E-07
 200) CS      + O3      = SO      + CO2          5.186E-07
 201) CS      + O3      = CO      + SO2          5.186E-07
 265) CH3     + O3      = CH3O    + O2           3.005E+07

HNO3                PRODUCTION RXS              INT RX RATE    TP =  1.52E+08
  85) NO2     + OH      = HNO3    +              1.523E+08

HNO3                   LOSS RXS                INT RX RATE    TL =  1.20E+08
  52) HNO3    + HV      = NO2     + OH           3.686E+06
 107) HNO3    + OH      = H2O     + NO2     O    3.945E+05

N                   PRODUCTION RXS              INT RX RATE    TP =  5.57E+06
  53) NO      + HV      = N       + O            5.570E+06

N                      LOSS RXS                INT RX RATE    TL =  1.06E+08
  75) N       + N       = N2      +              4.087E+03
  76) N       + O2      = NO      + O            2.189E+03
  77) N       + O3      = NO      + O2           1.761E+01
  78) N       + OH      = NO      + H            5.185E+07
  79) N       + NO      = N2      + O            5.060E+07
 108) N       + HO2     = NO      + OH           3.115E+06

C3H2                PRODUCTION RXS              INT RX RATE    TP =  8.72E+03
 367) CH      + C2H2    = C3H2    + H            3.602E+03
 378) C3H3    + HV      = C3H2    + H            1.545E+02
 380) CH3C2H  + HV      = C3H2    + H2           4.804E+03
 383) CH2CCH2 + HV      = C3H2    + H2           1.549E+02

C3H2                   LOSS RXS                INT RX RATE    TL =  8.72E+03
 371) C3H2    + H       = C3H3    +              8.716E+03

C3H3                PRODUCTION RXS              INT RX RATE    TP =  1.51E+04
 371) C3H2    + H       = C3H3    +              8.716E+03
 379) CH3C2H  + HV      = C3H3    + H            6.115E+03
 382) CH2CCH2 + HV      = C3H3    + H            2.753E+02

C3H3                   LOSS RXS                INT RX RATE    TL =  1.51E+04
 372) C3H3    + H       = CH3C2H  +              7.476E+03
 373) C3H3    + H       = CH2CCH2 +              7.476E+03
 378) C3H3    + HV      = C3H2    + H            1.545E+02

CH3C2H              PRODUCTION RXS              INT RX RATE    TP =  1.78E+04
 358) CH      + C2H4    = CH3C2H  + H            1.147E+02
 368) CH23    + C2H2    = CH3C2H  +              4.096E+02
 372) C3H3    + H       = CH3C2H  +              7.476E+03
 374) C3H5    + H       = CH3C2H  + H2           1.102E+03
 375) C3H5    + CH3     = CH3C2H  + CH4          5.900E-04
 376) CH2CCH2 + H       = CH3C2H  + H            8.656E+03

CH3C2H                 LOSS RXS                INT RX RATE    TL =  1.78E+04
 369) CH3C2H  + H       = CH3     + C2H2         3.311E+03
 370) CH3C2H  + H       = C3H5    +              3.311E+03
 379) CH3C2H  + HV      = C3H3    + H            6.115E+03
 380) CH3C2H  + HV      = C3H2    + H2           4.804E+03
 381) CH3C2H  + HV      = CH3     + C2H          2.184E+02

CH2CCH2             PRODUCTION RXS              INT RX RATE    TP =  9.10E+03
 346) C3H6    + HV      = CH2CCH2 + H2           1.680E-04
 357) CH      + C2H4    = CH2CCH2 + H            1.147E+02
 365) C3H5    + CH3     = CH2CCH2 + CH4          5.900E-04
 366) C3H5    + H       = CH2CCH2 + H2           1.102E+03
 373) C3H3    + H       = CH2CCH2 +              7.476E+03
 377) CH23    + C2H2    = CH2CCH2 +              4.096E+02

CH2CCH2                LOSS RXS                INT RX RATE    TL =  9.10E+03
 359) CH2CCH2 + H       = CH3     + C2H2         8.369E+00
 360) CH2CCH2 + H       = C3H5    +              7.666E+00
 376) CH2CCH2 + H       = CH3C2H  + H            8.656E+03
 382) CH2CCH2 + HV      = C3H3    + H            2.753E+02
 383) CH2CCH2 + HV      = C3H2    + H2           1.549E+02
 392) C2H     + CH2CCH2 = HCAER2  + H            7.272E-04

C3H5                PRODUCTION RXS              INT RX RATE    TP =  3.32E+03
 360) CH2CCH2 + H       = C3H5    +              7.666E+00
 361) CH3     + C2H3    = C3H5    + H            1.930E-03
 362) C2H3    + C2H5    = CH3     + C3H5         6.042E-03
 370) CH3C2H  + H       = C3H5    +              3.311E+03

C3H5                   LOSS RXS                INT RX RATE    TL =  3.32E+03
 363) C3H5    + H       = C3H6    +              1.119E+01
 364) C3H5    + H       = CH4     + C2H2         1.102E+03
 365) C3H5    + CH3     = CH2CCH2 + CH4          5.900E-04
 366) C3H5    + H       = CH2CCH2 + H2           1.102E+03
 374) C3H5    + H       = CH3C2H  + H2           1.102E+03
 375) C3H5    + CH3     = CH3C2H  + CH4          5.900E-04

C2H5CHO             PRODUCTION RXS              INT RX RATE    TP =  2.26E+06
 355) C3H7    + OH      = C2H5CHO + H2           3.315E+04
 356) C3H7    + O       = C2H5CHO + H            2.229E+06

C2H5CHO                LOSS RXS                INT RX RATE    TL =  2.26E+06
 349) C2H5CHO + HV      = C2H5    + HCO          2.227E+06

C3H6                PRODUCTION RXS              INT RX RATE    TP =  6.79E+03
 340) C3H8    + HV      = C3H6    + H2           7.095E+00
 350) C2H3    + CH3     = C3H6    +              9.650E-01
 354) C3H7    + CH3     = C3H6    + CH4          6.775E+03
 363) C3H5    + H       = C3H6    +              1.119E+01

C3H6                   LOSS RXS                INT RX RATE    TL =  6.79E+03
 345) C3H6    + HV      = C2H2    + CH3     H    5.130E-03
 346) C3H6    + HV      = CH2CCH2 + H2           1.680E-04
 347) C3H6    + HV      = C2H4    + CH23         3.017E-04
 348) C3H6    + HV      = C2H     + CH4     H    7.544E-04
 351) C3H6    + OH      = CH3CHO  + CH3          6.974E+02
 352) C3H6    + O       = CH3     + CH3     CO   5.230E+03
 353) C3H6    + H       = C3H7    +              8.674E+02

C3H7                PRODUCTION RXS              INT RX RATE    TP =  2.84E+06
 336) C3H8    + OH      = C3H7    + H2O          1.670E+06
 337) C3H8    + O       = C3H7    + OH           1.174E+06
 338) C3H8    + O1D     = C3H7    + OH           3.749E-02
 344) C2H     + C3H8    = C2H2    + C3H7         1.155E-05
 353) C3H6    + H       = C3H7    +              8.674E+02

C3H7                   LOSS RXS                INT RX RATE    TL =  2.84E+06
 339) C3H7    + H       = CH3     + C2H5         5.759E+05
 354) C3H7    + CH3     = C3H6    + CH4          6.775E+03
 355) C3H7    + OH      = C2H5CHO + H2           3.315E+04
 356) C3H7    + O       = C2H5CHO + H            2.229E+06

C3H8                PRODUCTION RXS              INT RX RATE    TP =  2.84E+06
 335) C2H5    + CH3     = C3H8    +              2.844E+06

C3H8                   LOSS RXS                INT RX RATE    TL =  2.84E+06
 336) C3H8    + OH      = C3H7    + H2O          1.670E+06
 337) C3H8    + O       = C3H7    + OH           1.174E+06
 338) C3H8    + O1D     = C3H7    + OH           3.749E-02
 340) C3H8    + HV      = C3H6    + H2           7.095E+00
 341) C3H8    + HV      = C2H6    + CH21         1.735E+00
 342) C3H8    + HV      = C2H4    + CH4          4.267E+00
 343) C3H8    + HV      = C2H5    + CH3          6.784E+00
 344) C2H     + C3H8    = C2H2    + C3H7         1.155E-05

C2H4OH              PRODUCTION RXS              INT RX RATE    TP =  5.49E+05
 324) C2H4    + OH      = C2H4OH  +              5.491E+05

C2H4OH                 LOSS RXS                INT RX RATE    TL =  5.49E+05
 325) C2H4OH  + H       = H2O     + C2H4         5.487E+05
 326) C2H4OH  + H       = H2      + CH3CHO       1.252E+02
 327) C2H4OH  + O       = OH      + CH3CHO       2.267E+02
 328) C2H4OH  + OH      = H2O     + CH3CHO       7.399E+01

C2H2OH              PRODUCTION RXS              INT RX RATE    TP =  2.39E+02
 318) C2H2    + OH      = C2H2OH  +              2.385E+02

C2H2OH                 LOSS RXS                INT RX RATE    TL =  2.39E+02
 320) C2H2OH  + H       = H2O     + C2H2         2.385E+02
 321) C2H2OH  + H       = H2      + CH2CO        1.843E-02
 322) C2H2OH  + O       = OH      + CH2CO        8.700E-04
 323) C2H2OH  + OH      = H2O     + CH2CO        8.452E-04

C2H5                PRODUCTION RXS              INT RX RATE    TP =  5.36E+10
  99) C2H6    + OH      = C2H5    + H2O          4.995E+10
 100) C2H6    + O       = C2H5    + OH           3.628E+09
 101) C2H6    + O1D     = C2H5    + OH           1.915E+06
 302) C2H3    + C2H6    = C2H4    + C2H5         2.777E-05
 305) C2H4    + H       = C2H5    +              2.335E+07
 306) C2H     + C2H6    = C2H2    + C2H5         4.459E+02
 339) C3H7    + H       = CH3     + C2H5         5.759E+05
 343) C3H8    + HV      = C2H5    + CH3          6.784E+00
 349) C2H5CHO + HV      = C2H5    + HCO          2.227E+06

C2H5                   LOSS RXS                INT RX RATE    TL =  5.36E+10
 102) C2H5    + HCO     = C2H6    + CO           4.814E+07
 103) C2H5    + HNO     = C2H6    + NO           1.221E+05
 104) C2H5    + O2      = CH3     + HCO     OH   4.936E+10
 220) C2H5    + H       = CH3     + CH3          7.928E+08
 221) C2H5    + H       = C2H6    +              2.853E+09
 222) C2H5    + H       = C2H4    + H2           3.964E+07
 223) C2H5    + O       = CH3     + HCO     H    7.968E+07
 224) C2H5    + O       = H2CO    + CH3          7.092E+07
 225) C2H5    + O       = CH3CHO  + H            3.533E+08
 226) C2H5    + OH      = CH3     + HCO     H2   4.986E+05
 227) C2H5    + OH      = CH3CHO  + H2           1.247E+06
 228) C2H5    + OH      = C2H4    + H2O          4.986E+05
 308) CH23    + C2H5    = CH3     + C2H4         6.455E-02
 314) C2H3    + C2H5    = C2H4    + C2H4         3.576E-02
 315) C2H5    + CH3     = C2H4    + CH4          2.844E+06
 316) C2H5    + C2H3    = C2H6    + C2H2         7.152E-02
 317) C2H5    + C2H5    = C2H6    + C2H4         3.269E+05
 335) C2H5    + CH3     = C3H8    +              2.844E+06
 362) C2H3    + C2H5    = CH3     + C3H5         6.042E-03

C2H4                PRODUCTION RXS              INT RX RATE    TP =  2.43E+08
 222) C2H5    + H       = C2H4    + H2           3.964E+07
 228) C2H5    + OH      = C2H4    + H2O          4.986E+05
 296) CH23    + CH3     = C2H4    + H            2.631E+01
 300) C2H3    + H2      = C2H4    + H            4.722E+00
 301) C2H3    + CH4     = C2H4    + CH3          1.401E+00
 302) C2H3    + C2H6    = C2H4    + C2H5         2.777E-05
 307) CH      + CH4     = C2H4    + H            5.063E+07
 308) CH23    + C2H5    = CH3     + C2H4         6.455E-02
 313) C2H3    + C2H3    = C2H4    + C2H2         2.590E-07
 314) C2H3    + C2H5    = C2H4    + C2H4         3.576E-02
 315) C2H5    + CH3     = C2H4    + CH4          2.844E+06
 317) C2H5    + C2H5    = C2H6    + C2H4         3.269E+05
 325) C2H4OH  + H       = H2O     + C2H4         5.487E+05
 342) C3H8    + HV      = C2H4    + CH4          4.267E+00
 347) C3H6    + HV      = C2H4    + CH23         3.017E-04
 388) C2H6    + HV      = C2H4    + H       H    3.008E+07
 389) C2H6    + HV      = C2H4    + H2           1.183E+08

C2H4                   LOSS RXS                INT RX RATE    TL =  2.43E+08
 294) C2H4    + HV      = C2H2    + H2           6.087E+04
 295) C2H4    + HV      = C2H2    + H       H    4.139E+04
 303) C2H4    + OH      = H2CO    + CH3          7.912E+06
 304) C2H4    + O       = HCO     + CH3          2.109E+08
 305) C2H4    + H       = C2H5    +              2.335E+07
 324) C2H4    + OH      = C2H4OH  +              5.491E+05
 357) CH      + C2H4    = CH2CCH2 + H            1.147E+02
 358) CH      + C2H4    = CH3C2H  + H            1.147E+02

CH                  PRODUCTION RXS              INT RX RATE    TP =  8.00E+08
 253) CH23    + O       = CH      + OH           3.330E+08
 256) CH23    + H       = CH      + H2           4.662E+08
 284) C2H     + O       = CO      + CH           3.391E+05

CH                     LOSS RXS                INT RX RATE    TL =  8.00E+08
 242) CH      + H       = C       + H2           1.290E+07
 243) CH      + O       = CO      + H            4.789E+08
 244) CH      + H2      = CH23    + H            7.498E+03
 245) CH      + H2      = CH3     +              2.334E+03
 246) CH      + O2      = CO      + OH           4.889E+07
 247) CH      + CO2     = HCO     + CO           2.081E+08
 248) CH      + HV      = C       + H            7.201E+02
 249) CH      + S       = CS      + H            3.365E-03
 250) CH      + S2      = CS      + HS           2.423E-13
 251) CH      + CS2     = HCS     + CS           4.280E-20
 252) OCS     + CH      = CO      + HCS          1.319E-04
 307) CH      + CH4     = C2H4    + H            5.063E+07
 357) CH      + C2H4    = CH2CCH2 + H            1.147E+02
 358) CH      + C2H4    = CH3C2H  + H            1.147E+02
 367) CH      + C2H2    = C3H2    + H            3.602E+03

CH3O2               PRODUCTION RXS              INT RX RATE    TP =  1.47E+10
 257) CH3     + O2      = CH3O2   +              1.470E+10

CH3O2                  LOSS RXS                INT RX RATE    TL =  1.47E+10
 258) CH3O2   + H       = CH4     + O2           1.004E+08
 259) CH3O2   + H       = H2O     + H2CO         7.169E+07
 260) CH3O2   + O       = H2CO    + HO2          2.129E+08
 261) NO      + CH3O2   = CH3O    + NO2          1.431E+10

CH3O                PRODUCTION RXS              INT RX RATE    TP =  1.44E+10
 261) NO      + CH3O2   = CH3O    + NO2          1.431E+10
 262) HCO     + H2CO    = CH3O    + CO           7.280E+05
 264) CH3     + OH      = CH3O    + H            4.281E+06
 265) CH3     + O3      = CH3O    + O2           3.005E+07
 268) O1D     + CH4     = CH3O    + H            6.906E+06

CH3O                   LOSS RXS                INT RX RATE    TL =  1.44E+10
 263) CH3O    + CO      = CH3     + CO2          1.082E+07
 266) NO      + CH3O    = HNO     + H2CO         6.611E+09
 267) NO2     + CH3O    = H2CO    + HNO2         3.765E+09
 269) CH3O    + O2      = H2CO    + HO2          3.968E+09

CH2CO               PRODUCTION RXS              INT RX RATE    TP =  1.35E+07
 271) CH23    + CO      = CH2CO   +              5.824E+04
 278) CH3CO   + CH3     = CH4     + CH2CO        1.325E+07
 310) C2H3    + O       = CH2CO   + H            1.708E+05
 319) C2H2    + OH      = CH2CO   + H            1.261E+04
 321) C2H2OH  + H       = H2      + CH2CO        1.843E-02
 322) C2H2OH  + O       = OH      + CH2CO        8.700E-04
 323) C2H2OH  + OH      = H2O     + CH2CO        8.452E-04

CH2CO                  LOSS RXS                INT RX RATE    TL =  1.35E+07
 270) CH2CO   + HV      = CH23    + CO           3.337E+05
 272) CH2CO   + H       = CH3     + CO           6.266E+03
 273) CH2CO   + O       = H2CO    + CO           1.316E+07

CH3CO               PRODUCTION RXS              INT RX RATE    TP =  3.88E+08
 274) CH3     + CO      = CH3CO   +              5.100E+07
 329) CH3CHO  + H       = CH3CO   + H2           4.898E+07
 330) CH3CHO  + O       = CH3CO   + OH           2.727E+08
 331) CH3CHO  + OH      = CH3CO   + H2O          1.487E+07
 332) CH3CHO  + CH3     = CH3CO   + CH4          5.716E+05

CH3CO                  LOSS RXS                INT RX RATE    TL =  3.88E+08
 275) CH3CO   + H       = CH4     + CO           2.631E+08
 276) CH3CO   + O       = H2CO    + HCO          1.034E+08
 277) CH3CO   + CH3     = C2H6    + CO           8.323E+06
 278) CH3CO   + CH3     = CH4     + CH2CO        1.325E+07

CH3CHO              PRODUCTION RXS              INT RX RATE    TP =  3.55E+08
 225) C2H5    + O       = CH3CHO  + H            3.533E+08
 227) C2H5    + OH      = CH3CHO  + H2           1.247E+06
 326) C2H4OH  + H       = H2      + CH3CHO       1.252E+02
 327) C2H4OH  + O       = OH      + CH3CHO       2.267E+02
 328) C2H4OH  + OH      = H2O     + CH3CHO       7.399E+01
 351) C3H6    + OH      = CH3CHO  + CH3          6.974E+02

CH3CHO                 LOSS RXS                INT RX RATE    TL =  3.55E+08
 329) CH3CHO  + H       = CH3CO   + H2           4.898E+07
 330) CH3CHO  + O       = CH3CO   + OH           2.727E+08
 331) CH3CHO  + OH      = CH3CO   + H2O          1.487E+07
 332) CH3CHO  + CH3     = CH3CO   + CH4          5.716E+05
 333) CH3CHO  + HV      = CH3     + HCO          8.661E+06
 334) CH3CHO  + HV      = CH4     + CO           8.661E+06

C2H2                PRODUCTION RXS              INT RX RATE    TP =  5.75E+07
 279) CH23    + CH23    = C2H2    + H2           1.740E+01
 285) C2H     + H2      = C2H2    + H            1.908E+01
 286) C2H     + CH4     = C2H2    + CH3          1.586E+03
 287) C2H     + H       = C2H2    +              5.250E+02
 294) C2H4    + HV      = C2H2    + H2           6.087E+04
 295) C2H4    + HV      = C2H2    + H       H    4.139E+04
 297) CH23    + C2H3    = CH3     + C2H2         5.794E-04
 299) C2H3    + H       = C2H2    + H2           4.084E+04
 306) C2H     + C2H6    = C2H2    + C2H5         4.459E+02
 311) C2H3    + OH      = C2H2    + H2O          3.017E+00
 312) C2H3    + CH3     = C2H2    + CH4          2.734E-01
 313) C2H3    + C2H3    = C2H4    + C2H2         2.590E-07
 316) C2H5    + C2H3    = C2H6    + C2H2         7.152E-02
 320) C2H2OH  + H       = H2O     + C2H2         2.385E+02
 344) C2H     + C3H8    = C2H2    + C3H7         1.155E-05
 345) C3H6    + HV      = C2H2    + CH3     H    5.130E-03
 359) CH2CCH2 + H       = CH3     + C2H2         8.369E+00
 364) C3H5    + H       = CH4     + C2H2         1.102E+03
 369) CH3C2H  + H       = CH3     + C2H2         3.311E+03
 387) C2H6    + HV      = C2H2    + H2      H2   5.738E+07

C2H2                   LOSS RXS                INT RX RATE    TL =  5.75E+07
 280) C2H2    + HV      = C2H     + H            3.695E+05
 281) C2H2    + HV      = C2      + H2           1.232E+05
 282) C2H2    + OH      = CO      + CH3          7.325E+03
 298) C2H2    + H       = C2H3    +              2.117E+05
 309) C2H2    + O       = CH23    + CO           5.680E+07
 318) C2H2    + OH      = C2H2OH  +              2.385E+02
 319) C2H2    + OH      = CH2CO   + H            1.261E+04
 367) CH      + C2H2    = C3H2    + H            3.602E+03
 368) CH23    + C2H2    = CH3C2H  +              4.096E+02
 377) CH23    + C2H2    = CH2CCH2 +              4.096E+02
 391) C2H     + C2H2    = HCAER   + H            5.168E+00

CH23                PRODUCTION RXS              INT RX RATE    TP =  4.70E+09
  60) CH21    + M       = CH23    + M            2.378E+09
  69) CH3     + HV      = CH23    + H            4.839E+06
  95) CH21    + H2      = CH23    + H2           1.684E+05
 236) CH4     + HV      = CH23    + H       H    2.265E+09
 238) C       + H2      = CH23    +              8.438E+02
 244) CH      + H2      = CH23    + H            7.498E+03
 270) CH2CO   + HV      = CH23    + CO           3.337E+05
 309) C2H2    + O       = CH23    + CO           5.680E+07
 347) C3H6    + HV      = C2H4    + CH23         3.017E-04

CH23                   LOSS RXS                INT RX RATE    TL =  4.70E+09
  61) CH23    + H2      = CH3     + H            2.984E+05
  62) CH23    + CH4     = CH3     + CH3          7.658E-02
  63) CH23    + O2      = HCO     + OH           4.701E+06
  97) CH23    + O       = HCO     + H            4.162E+08
  98) CH23    + CO2     = H2CO    + CO           2.912E+07
 230) CH23    + S2      = HCS     + HS           9.442E-07
 232) CH23    + S       = HCS     + H            3.290E-03
 253) CH23    + O       = CH      + OH           3.330E+08
 254) CH23    + O       = CO      + H       H    3.455E+09
 255) CH23    + H       = CH3     +              6.477E+04
 256) CH23    + H       = CH      + H2           4.662E+08
 271) CH23    + CO      = CH2CO   +              5.824E+04
 279) CH23    + CH23    = C2H2    + H2           1.740E+01
 296) CH23    + CH3     = C2H4    + H            2.631E+01
 297) CH23    + C2H3    = CH3     + C2H2         5.794E-04
 308) CH23    + C2H5    = CH3     + C2H4         6.455E-02
 368) CH23    + C2H2    = CH3C2H  +              4.096E+02
 377) CH23    + C2H2    = CH2CCH2 +              4.096E+02

C2H                 PRODUCTION RXS              INT RX RATE    TP =  3.71E+05
 280) C2H2    + HV      = C2H     + H            3.695E+05
 288) C2      + H2      = C2H     + H            9.404E+00
 289) C2      + CH4     = C2H     + CH3          1.628E+03
 348) C3H6    + HV      = C2H     + CH4     H    7.544E-04
 381) CH3C2H  + HV      = CH3     + C2H          2.184E+02

C2H                    LOSS RXS                INT RX RATE    TL =  3.71E+05
 283) C2H     + O2      = CO      + HCO          2.976E+04
 284) C2H     + O       = CO      + CH           3.391E+05
 285) C2H     + H2      = C2H2    + H            1.908E+01
 286) C2H     + CH4     = C2H2    + CH3          1.586E+03
 287) C2H     + H       = C2H2    +              5.250E+02
 306) C2H     + C2H6    = C2H2    + C2H5         4.459E+02
 344) C2H     + C3H8    = C2H2    + C3H7         1.155E-05
 391) C2H     + C2H2    = HCAER   + H            5.168E+00
 392) C2H     + CH2CCH2 = HCAER2  + H            7.272E-04

C2                  PRODUCTION RXS              INT RX RATE    TP =  1.23E+05
 281) C2H2    + HV      = C2      + H2           1.232E+05

C2                     LOSS RXS                INT RX RATE    TL =  1.23E+05
 288) C2      + H2      = C2H     + H            9.404E+00
 289) C2      + CH4     = C2H     + CH3          1.628E+03
 290) C2      + S       = C       + CS           1.360E-06
 291) C2      + S2      = CS      + CS           6.016E-16
 292) C2      + O       = C       + CO           1.214E+05
 293) C2      + O2      = CO      + CO           1.842E+02

C2H3                PRODUCTION RXS              INT RX RATE    TP =  2.12E+05
 298) C2H2    + H       = C2H3    +              2.117E+05

C2H3                   LOSS RXS                INT RX RATE    TL =  2.12E+05
 297) CH23    + C2H3    = CH3     + C2H2         5.794E-04
 299) C2H3    + H       = C2H2    + H2           4.084E+04
 300) C2H3    + H2      = C2H4    + H            4.722E+00
 301) C2H3    + CH4     = C2H4    + CH3          1.401E+00
 302) C2H3    + C2H6    = C2H4    + C2H5         2.777E-05
 310) C2H3    + O       = CH2CO   + H            1.708E+05
 311) C2H3    + OH      = C2H2    + H2O          3.017E+00
 312) C2H3    + CH3     = C2H2    + CH4          2.734E-01
 313) C2H3    + C2H3    = C2H4    + C2H2         2.590E-07
 314) C2H3    + C2H5    = C2H4    + C2H4         3.576E-02
 316) C2H5    + C2H3    = C2H6    + C2H2         7.152E-02
 350) C2H3    + CH3     = C3H6    +              9.650E-01
 361) CH3     + C2H3    = C3H5    + H            1.930E-03
 362) C2H3    + C2H5    = CH3     + C3H5         6.042E-03

HCS                 PRODUCTION RXS              INT RX RATE    TP =  3.42E-03
 216) H       + CS      = HCS     +              8.309E-09
 229) CH21    + S2      = HCS     + HS           6.414E-21
 230) CH23    + S2      = HCS     + HS           9.442E-07
 232) CH23    + S       = HCS     + H            3.290E-03
 251) CH      + CS2     = HCS     + CS           4.280E-20
 252) OCS     + CH      = CO      + HCS          1.319E-04

HCS                    LOSS RXS                INT RX RATE    TL =  3.42E-03
 217) H       + HCS     = H2      + CS           3.421E-03
 218) S       + HCS     = H       + CS2          2.462E-07
 219) S       + HCS     = HS      + CS           2.462E-07
 231) CH3     + HCS     = CH4     + CS           6.241E-07
 233) HS      + HCS     = H2S     + CS           4.584E-07

CS2                 PRODUCTION RXS              INT RX RATE    TP =  7.05E-07
 205) CS2X    + M       = CS2     + M            1.274E-07
 208) CS      + HS      = CS2     + H            3.317E-07
 218) S       + HCS     = H       + CS2          2.462E-07

CS2                    LOSS RXS                INT RX RATE    TL =  7.05E-07
 202) CS2     + O       = SO      + CS           3.217E-07
 203) CS2     + O       = OCS     + S            3.016E-08
 204) CS2     + OH      = OCS     + HS           8.250E-13
 207) CS2X    + CS2     = CS      + CS      S2   1.406E-34
 209) CS2     + O       = CO      + S2           8.769E-09
 210) CS2     + SO      = OCS     + S2           1.966E-11
 211) CS2     + S       = CS      + S2           1.222E-12
 213) CS2     + HV      = CS      + S            2.172E-07
 214) CS2     + HV      = CS2X    +              1.274E-07
 251) CH      + CS2     = HCS     + CS           4.280E-20

CS                  PRODUCTION RXS              INT RX RATE    TP =  6.79E-03
 202) CS2     + O       = SO      + CS           3.217E-07
 206) CS2X    + O2      = CS      + SO2          2.865E-19
 207) CS2X    + CS2     = CS      + CS      S2   1.406E-34
 211) CS2     + S       = CS      + S2           1.222E-12
 213) CS2     + HV      = CS      + S            2.172E-07
 217) H       + HCS     = H2      + CS           3.421E-03
 219) S       + HCS     = HS      + CS           2.462E-07
 231) CH3     + HCS     = CH4     + CS           6.241E-07
 233) HS      + HCS     = H2S     + CS           4.584E-07
 240) C       + HS      = CS      + H            4.963E-08
 241) C       + S2      = CS      + S            4.217E-18
 249) CH      + S       = CS      + H            3.365E-03
 250) CH      + S2      = CS      + HS           2.423E-13
 251) CH      + CS2     = HCS     + CS           4.280E-20
 290) C2      + S       = C       + CS           1.360E-06
 291) C2      + S2      = CS      + CS           6.016E-16

CS                     LOSS RXS                INT RX RATE    TL =  6.79E-03
 197) CS      + O2      = OCS     + O            4.243E-10
 198) CS      + O2      = CO      + SO           5.304E-11
 199) CS      + O3      = OCS     + O2           5.186E-07
 200) CS      + O3      = SO      + CO2          5.186E-07
 201) CS      + O3      = CO      + SO2          5.186E-07
 208) CS      + HS      = CS2     + H            3.317E-07
 212) CS      + O       = CO      + S            6.787E-03
 216) H       + CS      = HCS     +              8.309E-09

OCS                 PRODUCTION RXS              INT RX RATE    TP =  3.51E+06
 183) HS      + CO      = OCS     + H            6.393E-03
 188) S       + HCO     = OCS     + H            8.245E+05
 189) S       + CO      = OCS     +              2.625E+06
 193) OCS2    + S       = OCS     + S2           1.335E-04
 196) OCS2    + CO      = OCS     + OCS          2.992E+04
 197) CS      + O2      = OCS     + O            4.243E-10
 199) CS      + O3      = OCS     + O2           5.186E-07
 203) CS2     + O       = OCS     + S            3.016E-08
 204) CS2     + OH      = OCS     + HS           8.250E-13
 210) CS2     + SO      = OCS     + S2           1.966E-11

OCS                    LOSS RXS                INT RX RATE    TL =  3.51E+06
 182) H       + OCS     = CO      + HS           7.650E+05
 184) O       + OCS     = CO      + SO           6.871E+05
 185) O       + OCS     = S       + CO2          1.183E+01
 186) OCS     + S       = CO      + S2           2.834E+04
 187) OCS     + OH      = CO2     + HS           1.812E+03
 190) OCS     + HV      = CO      + S            1.997E+06
 192) OCS     + S       = OCS2    +              2.992E+04
 252) OCS     + CH      = CO      + HCS          1.319E-04

S                   PRODUCTION RXS              INT RX RATE    TP =  2.53E+07
 110) SO      + HV      = S       + O            6.913E+06
 132) HS      + HS      = H2S     + S            1.788E+06
 134) HS      + H       = H2      + S            1.416E+07
 142) S2      + O       = S       + SO           1.187E+04
 144) S2      + HV      = S       + S            4.671E+04
 150) S3      + HV      = S2      + S            1.010E+01
 167) SO      + SO      = SO2     + S            2.915E+05
 185) O       + OCS     = S       + CO2          1.183E+01
 190) OCS     + HV      = CO      + S            1.997E+06
 203) CS2     + O       = OCS     + S            3.016E-08
 212) CS      + O       = CO      + S            6.787E-03
 213) CS2     + HV      = CS      + S            2.172E-07
 241) C       + S2      = CS      + S            4.217E-18

S                      LOSS RXS                INT RX RATE    TL =  2.53E+07
 135) HS      + S       = H       + S2           3.024E+04
 136) S       + O2      = SO      + O            2.529E+06
 137) S       + OH      = SO      + H            3.221E+03
 138) S       + HCO     = HS      + CO           1.031E+05
 139) S       + HO2     = HS      + O2           2.943E+03
 140) S       + HO2     = SO      + OH           2.943E+03
 141) S       + S       = S2      +              7.935E-01
 145) S       + S2      = S3      +              1.015E+01
 147) S       + S3      = S4      +              4.901E-02
 166) S       + O3      = SO      + O2           1.907E+03
 169) S       + CO2     = SO      + CO           1.868E+07
 180) HSO     + S       = HS      + SO           3.984E+05
 186) OCS     + S       = CO      + S2           2.834E+04
 188) S       + HCO     = OCS     + H            8.245E+05
 189) S       + CO      = OCS     +              2.625E+06
 192) OCS     + S       = OCS2    +              2.992E+04
 193) OCS2    + S       = OCS     + S2           1.335E-04
 211) CS2     + S       = CS      + S2           1.222E-12
 218) S       + HCS     = H       + CS2          2.462E-07
 219) S       + HCS     = HS      + CS           2.462E-07
 232) CH23    + S       = HCS     + H            3.290E-03
 249) CH      + S       = CS      + H            3.365E-03
 290) C2      + S       = C       + CS           1.360E-06

HS                  PRODUCTION RXS              INT RX RATE    TP =  1.11E+09
 111) H2S     + HV      = HS      + H            1.077E+08
 126) H2S     + OH      = H2O     + HS           5.388E+07
 127) H2S     + H       = H2      + HS           7.605E+08
 128) H2S     + O       = OH      + HS           9.222E+06
 138) S       + HCO     = HS      + CO           1.031E+05
 139) S       + HO2     = HS      + O2           2.943E+03
 173) HSO     + HV      = HS      + O            2.192E+06
 176) HSO     + H       = HS      + OH           1.795E+08
 180) HSO     + S       = HS      + SO           3.984E+05
 182) H       + OCS     = CO      + HS           7.650E+05
 187) OCS     + OH      = CO2     + HS           1.812E+03
 204) CS2     + OH      = OCS     + HS           8.250E-13
 219) S       + HCS     = HS      + CS           2.462E-07
 229) CH21    + S2      = HCS     + HS           6.414E-21
 230) CH23    + S2      = HCS     + HS           9.442E-07
 250) CH      + S2      = CS      + HS           2.423E-13

HS                     LOSS RXS                INT RX RATE    TL =  1.11E+09
 129) HS      + O       = H       + SO           1.123E+07
 130) HS      + O2      = OH      + SO           8.307E+01
 131) HS      + HO2     = H2S     + O2           2.268E+06
 132) HS      + HS      = H2S     + S            1.788E+06
 133) HS      + HCO     = H2S     + CO           5.459E+06
 134) HS      + H       = H2      + S            1.416E+07
 135) HS      + S       = H       + S2           3.024E+04
 143) HS      + H2CO    = H2S     + HCO          6.774E+08
 164) HS      + O3      = HSO     + O2           4.125E+05
 165) HS      + NO2     = HSO     + NO           3.838E+08
 178) HSO     + HS      = H2S     + SO           1.596E+07
 183) HS      + CO      = OCS     + H            6.393E-03
 208) CS      + HS      = CS2     + H            3.317E-07
 215) CH4     + HS      = CH3     + H2S          6.772E-05
 233) HS      + HCS     = H2S     + CS           4.584E-07
 240) C       + HS      = CS      + H            4.963E-08

H2S                 PRODUCTION RXS              INT RX RATE    TP =  7.03E+08
 131) HS      + HO2     = H2S     + O2           2.268E+06
 132) HS      + HS      = H2S     + S            1.788E+06
 133) HS      + HCO     = H2S     + CO           5.459E+06
 143) HS      + H2CO    = H2S     + HCO          6.774E+08
 178) HSO     + HS      = H2S     + SO           1.596E+07
 215) CH4     + HS      = CH3     + H2S          6.772E-05
 233) HS      + HCS     = H2S     + CS           4.584E-07

H2S                    LOSS RXS                INT RX RATE    TL =  1.03E+09
 111) H2S     + HV      = HS      + H            1.077E+08
 126) H2S     + OH      = H2O     + HS           5.388E+07
 127) H2S     + H       = H2      + HS           7.605E+08
 128) H2S     + O       = OH      + HS           9.222E+06
 191) H2S     + HO2     = H2O     + HSO          1.015E+08

SO3                 PRODUCTION RXS              INT RX RATE    TP =  1.05E+08
 120) SO2     + O       = SO3     +              5.944E+07
 122) HSO3    + O2      = HO2     + SO3          4.383E+07
 123) HSO3    + OH      = H2O     + SO3          1.626E+03
 124) HSO3    + H       = H2      + SO3          1.084E+06
 125) HSO3    + O       = OH      + SO3          3.311E+05
 156) SO21    + O2      = SO3     + O            3.147E-01
 157) SO21    + SO2     = SO3     + SO           5.634E+03
 160) SO23    + SO2     = SO3     + SO           1.503E+02
 163) SO2     + HO2     = SO3     + OH           1.073E+05

SO3                    LOSS RXS                INT RX RATE    TL =  1.05E+08
 121) SO3     + H2O     = H2SO4   +              1.048E+08
 151) SO3     + HV      = SO2     + O            2.409E+01
 168) SO3     + SO      = SO2     + SO2          8.332E-01

S2                  PRODUCTION RXS              INT RX RATE    TP =  5.86E+04
 135) HS      + S       = H       + S2           3.024E+04
 141) S       + S       = S2      +              7.935E-01
 149) S4      + HV      = S2      + S2           1.466E+01
 150) S3      + HV      = S2      + S            1.010E+01
 186) OCS     + S       = CO      + S2           2.834E+04
 193) OCS2    + S       = OCS     + S2           1.335E-04
 207) CS2X    + CS2     = CS      + CS      S2   1.406E-34
 209) CS2     + O       = CO      + S2           8.769E-09
 210) CS2     + SO      = OCS     + S2           1.966E-11
 211) CS2     + S       = CS      + S2           1.222E-12

S2                     LOSS RXS                INT RX RATE    TL =  5.86E+04
 142) S2      + O       = S       + SO           1.187E+04
 144) S2      + HV      = S       + S            4.671E+04
 145) S       + S2      = S3      +              1.015E+01
 146) S2      + S2      = S4      +              1.461E+01
 229) CH21    + S2      = HCS     + HS           6.414E-21
 230) CH23    + S2      = HCS     + HS           9.442E-07
 241) C       + S2      = CS      + S            4.217E-18
 250) CH      + S2      = CS      + HS           2.423E-13
 291) C2      + S2      = CS      + CS           6.016E-16

HSO                 PRODUCTION RXS              INT RX RATE    TP =  5.98E+08
 164) HS      + O3      = HSO     + O2           4.125E+05
 165) HS      + NO2     = HSO     + NO           3.838E+08
 170) SO      + HO2     = HSO     + O2           4.326E+07
 171) SO      + HCO     = HSO     + CO           4.875E+07
 172) H       + SO      = HSO     +              1.991E+07
 191) H2S     + HO2     = H2O     + HSO          1.015E+08

HSO                    LOSS RXS                INT RX RATE    TL =  5.84E+08
 173) HSO     + HV      = HS      + O            2.192E+06
 174) HSO     + NO      = HNO     + SO           4.544E+06
 175) HSO     + OH      = H2O     + SO           4.213E+06
 176) HSO     + H       = HS      + OH           1.795E+08
 177) HSO     + H       = H2      + SO           8.976E+07
 178) HSO     + HS      = H2S     + SO           1.596E+07
 179) HSO     + O       = OH      + SO           2.829E+08
 180) HSO     + S       = HS      + SO           3.984E+05

H2SO4               PRODUCTION RXS              INT RX RATE    TP =  1.18E+08
 121) SO3     + H2O     = H2SO4   +              1.048E+08

H2SO4                  LOSS RXS                INT RX RATE    TL =  1.12E+08

SO2                 PRODUCTION RXS              INT RX RATE    TP =  1.00E+10
 115) SO      + O2      = O       + SO2          7.605E+04
 116) SO      + HO2     = SO2     + OH           4.326E+07
 117) SO      + O       = SO2     +              5.635E+07
 118) SO      + OH      = SO2     + H            3.386E+06
 151) SO3     + HV      = SO2     + O            2.409E+01
 153) SO21    + HV      = SO2     +              3.870E-06
 155) SO21    + HV      = SO2     + HV           8.515E+09
 158) SO23    + HV      = SO2     +              8.808E-08
 159) SO23    + HV      = SO2     + HV           6.635E+08
 161) SO      + NO2     = SO2     + NO           7.174E+08
 162) SO      + O3      = SO2     + O2           4.841E+04
 167) SO      + SO      = SO2     + S            2.915E+05
 168) SO3     + SO      = SO2     + SO2          8.332E-01
 201) CS      + O3      = CO      + SO2          5.186E-07
 206) CS2X    + O2      = CS      + SO2          2.865E-19

SO2                    LOSS RXS                INT RX RATE    TL =  1.17E+10
 112) SO2     + HV      = SO      + O            5.090E+08
 113) SO2     + HV      = SO21    +              9.095E+09
 114) SO2     + HV      = SO23    +              8.301E+07
 119) SO2     + OH      = HSO3    +              4.525E+07
 120) SO2     + O       = SO3     +              5.944E+07
 157) SO21    + SO2     = SO3     + SO           5.634E+03
 160) SO23    + SO2     = SO3     + SO           1.503E+02
 163) SO2     + HO2     = SO3     + OH           1.073E+05

SO                  PRODUCTION RXS              INT RX RATE    TP =  9.40E+08
 112) SO2     + HV      = SO      + O            5.090E+08
 129) HS      + O       = H       + SO           1.123E+07
 130) HS      + O2      = OH      + SO           8.307E+01
 136) S       + O2      = SO      + O            2.529E+06
 137) S       + OH      = SO      + H            3.221E+03
 140) S       + HO2     = SO      + OH           2.943E+03
 142) S2      + O       = S       + SO           1.187E+04
 157) SO21    + SO2     = SO3     + SO           5.634E+03
 160) SO23    + SO2     = SO3     + SO           1.503E+02
 166) S       + O3      = SO      + O2           1.907E+03
 169) S       + CO2     = SO      + CO           1.868E+07
 174) HSO     + NO      = HNO     + SO           4.544E+06
 175) HSO     + OH      = H2O     + SO           4.213E+06
 177) HSO     + H       = H2      + SO           8.976E+07
 178) HSO     + HS      = H2S     + SO           1.596E+07
 179) HSO     + O       = OH      + SO           2.829E+08
 180) HSO     + S       = HS      + SO           3.984E+05
 184) O       + OCS     = CO      + SO           6.871E+05
 198) CS      + O2      = CO      + SO           5.304E-11
 200) CS      + O3      = SO      + CO2          5.186E-07
 202) CS2     + O       = SO      + CS           3.217E-07

SO                     LOSS RXS                INT RX RATE    TL =  9.40E+08
 110) SO      + HV      = S       + O            6.913E+06
 115) SO      + O2      = O       + SO2          7.605E+04
 116) SO      + HO2     = SO2     + OH           4.326E+07
 117) SO      + O       = SO2     +              5.635E+07
 118) SO      + OH      = SO2     + H            3.386E+06
 161) SO      + NO2     = SO2     + NO           7.174E+08
 162) SO      + O3      = SO2     + O2           4.841E+04
 167) SO      + SO      = SO2     + S            2.915E+05
 168) SO3     + SO      = SO2     + SO2          8.332E-01
 170) SO      + HO2     = HSO     + O2           4.326E+07
 171) SO      + HCO     = HSO     + CO           4.875E+07
 172) H       + SO      = HSO     +              1.991E+07
 210) CS2     + SO      = OCS     + S2           1.966E-11

CO2                 PRODUCTION RXS              INT RX RATE    TP =  2.89E+11
  31) CO      + OH      = CO2     + H            2.824E+11
  32) CO      + O       = CO2     +              4.271E+09
  37) O       + HCO     = H       + CO2          2.407E+09
 185) O       + OCS     = S       + CO2          1.183E+01
 187) OCS     + OH      = CO2     + HS           1.812E+03
 200) CS      + O3      = SO      + CO2          5.186E-07
 263) CH3O    + CO      = CH3     + CO2          1.082E+07

CO2                    LOSS RXS                INT RX RATE    TL =  2.12E+11
  29) CO2     + HV      = CO      + O            3.368E+10
  30) CO2     + HV      = CO      + O1D          1.782E+11
  96) CH21    + CO2     = H2CO    + CO           5.031E+06
  98) CH23    + CO2     = H2CO    + CO           2.912E+07
 169) S       + CO2     = SO      + CO           1.868E+07
 247) CH      + CO2     = HCO     + CO           2.081E+08

SO4AER              PRODUCTION RXS              INT RX RATE    TP =  9.12E+07

SO4AER                 LOSS RXS                INT RX RATE    TL =  9.01E+07

S8AER               PRODUCTION RXS              INT RX RATE    TP =  7.93E-04
 148) S4      + S4      = S8AER   +              7.926E-04

S8AER                  LOSS RXS                INT RX RATE    TL =  7.87E-04

HCAER               PRODUCTION RXS              INT RX RATE    TP =  5.17E+00
 391) C2H     + C2H2    = HCAER   + H            5.168E+00

HCAER                  LOSS RXS                INT RX RATE    TL =  5.17E+00

HCAER2              PRODUCTION RXS              INT RX RATE    TP =  7.27E-04
 392) C2H     + CH2CCH2 = HCAER2  + H            7.272E-04

HCAER2                 LOSS RXS                INT RX RATE    TL =  7.33E-04

HNO2                PRODUCTION RXS              INT RX RATE    TP =  0.00E+00
  83) NO      + OH      = HNO2    +              4.469E+07
 109) HO2     + NO2     = HNO2    + O2           2.534E+07
 267) NO2     + CH3O    = H2CO    + HNO2         3.765E+09

HNO2                   LOSS RXS                INT RX RATE    TL =  0.00E+00
  51) HNO2    + HV      = NO      + OH           3.834E+09
  92) HNO2    + OH      = H2O     + NO2          2.935E+05

O1D                 PRODUCTION RXS              INT RX RATE    TP =  0.00E+00
  23) O2      + HV      = O       + O1D          7.705E+09
  26) O3      + HV      = O2      + O1D          7.393E+07
  30) CO2     + HV      = CO      + O1D          1.782E+11

O1D                    LOSS RXS                INT RX RATE    TL =  0.00E+00
   1) H2O     + O1D     = OH      + OH           2.097E+07
   2) H2      + O1D     = OH      + H            3.065E+07
  21) O1D     + M       = O       + M            1.856E+11
  22) O1D     + O2      = O       + O2           1.716E+07
  56) CH4     + O1D     = CH3     + OH           2.590E+07
  57) CH4     + O1D     = H2CO    + H2           1.727E+06
 101) C2H6    + O1D     = C2H5    + OH           1.915E+06
 105) CO      + O1D     = CO      + O            3.303E+08
 268) O1D     + CH4     = CH3O    + H            6.906E+06
 338) C3H8    + O1D     = C3H7    + OH           3.749E-02

CH21                PRODUCTION RXS              INT RX RATE    TP =  0.00E+00
 234) CH4     + HV      = CH21    + H2           2.379E+09
 341) C3H8    + HV      = C2H6    + CH21         1.735E+00
 386) C2H6    + HV      = CH4     + CH21         4.689E+06

CH21                   LOSS RXS                INT RX RATE    TL =  0.00E+00
  58) CH21    + CH4     = CH3     + CH3          4.189E+05
  59) CH21    + O2      = HCO     + OH           5.353E+05
  60) CH21    + M       = CH23    + M            2.378E+09
  94) CH21    + H2      = CH3     + H            6.683E+01
  95) CH21    + H2      = CH23    + H2           1.684E+05
  96) CH21    + CO2     = H2CO    + CO           5.031E+06
 229) CH21    + S2      = HCS     + HS           6.414E-21

C                   PRODUCTION RXS              INT RX RATE    TP =  0.00E+00
 242) CH      + H       = C       + H2           1.290E+07
 248) CH      + HV      = C       + H            7.201E+02
 290) C2      + S       = C       + CS           1.360E-06
 292) C2      + O       = C       + CO           1.214E+05

C                      LOSS RXS                INT RX RATE    TL =  0.00E+00
 237) C       + OH      = CO      + H            7.520E+00
 238) C       + H2      = CH23    +              8.438E+02
 239) C       + O2      = CO      + O            1.302E+07
 240) C       + HS      = CS      + H            4.963E-08
 241) C       + S2      = CS      + S            4.217E-18

SO21                PRODUCTION RXS              INT RX RATE    TP =  0.00E+00
 113) SO2     + HV      = SO21    +              9.095E+09

SO21                   LOSS RXS                INT RX RATE    TL =  0.00E+00
 152) SO21    + HV      = SO23    +              3.870E-07
 153) SO21    + HV      = SO2     +              3.870E-06
 154) SO21    + HV      = SO23    + HV           5.805E+08
 155) SO21    + HV      = SO2     + HV           8.515E+09
 156) SO21    + O2      = SO3     + O            3.147E-01
 157) SO21    + SO2     = SO3     + SO           5.634E+03

SO23                PRODUCTION RXS              INT RX RATE    TP =  0.00E+00
 114) SO2     + HV      = SO23    +              8.301E+07
 152) SO21    + HV      = SO23    +              3.870E-07
 154) SO21    + HV      = SO23    + HV           5.805E+08

SO23                   LOSS RXS                INT RX RATE    TL =  0.00E+00
 158) SO23    + HV      = SO2     +              8.808E-08
 159) SO23    + HV      = SO2     + HV           6.635E+08
 160) SO23    + SO2     = SO3     + SO           1.503E+02

HSO3                PRODUCTION RXS              INT RX RATE    TP =  0.00E+00
 119) SO2     + OH      = HSO3    +              4.525E+07

HSO3                   LOSS RXS                INT RX RATE    TL =  0.00E+00
 122) HSO3    + O2      = HO2     + SO3          4.383E+07
 123) HSO3    + OH      = H2O     + SO3          1.626E+03
 124) HSO3    + H       = H2      + SO3          1.084E+06
 125) HSO3    + O       = OH      + SO3          3.311E+05

OCS2                PRODUCTION RXS              INT RX RATE    TP =  0.00E+00
 192) OCS     + S       = OCS2    +              2.992E+04

OCS2                   LOSS RXS                INT RX RATE    TL =  0.00E+00
 193) OCS2    + S       = OCS     + S2           1.335E-04
 196) OCS2    + CO      = OCS     + OCS          2.992E+04

CS2X                PRODUCTION RXS              INT RX RATE    TP =  0.00E+00
 214) CS2     + HV      = CS2X    +              1.274E-07

CS2X                   LOSS RXS                INT RX RATE    TL =  0.00E+00
 205) CS2X    + M       = CS2     + M            1.274E-07
 206) CS2X    + O2      = CS      + SO2          2.865E-19
 207) CS2X    + CS2     = CS      + CS      S2   1.406E-34

S3                  PRODUCTION RXS              INT RX RATE    TP =  0.00E+00
 145) S       + S2      = S3      +              1.015E+01

S3                     LOSS RXS                INT RX RATE    TL =  0.00E+00
 147) S       + S3      = S4      +              4.901E-02
 150) S3      + HV      = S2      + S            1.010E+01

S4                  PRODUCTION RXS              INT RX RATE    TP =  0.00E+00
 146) S2      + S2      = S4      +              1.461E+01
 147) S       + S3      = S4      +              4.901E-02

S4                     LOSS RXS                INT RX RATE    TL =  0.00E+00
 148) S4      + S4      = S8AER   +              7.926E-04
 149) S4      + HV      = S2      + S2           1.466E+01

N2                  PRODUCTION RXS              INT RX RATE    TP =  0.00E+00
  75) N       + N       = N2      +              4.087E+03
  79) N       + NO      = N2      + O            5.060E+07

N2                     LOSS RXS                INT RX RATE    TL =  0.00E+00
