
 HC AEROSOL PARAMETERS

    Z        AERSOL     RPAR      RFRAC      WFALL     TAUSED    TAUEDD    TAUC      CONVER
  2.500E+04 0.000E+00 1.323E-05 3.356E-05 2.073E-03 0.000E+00 7.329E+06 0.000E+00 8.451E+09
  1.250E+05 0.000E+00 1.323E-05 3.356E-05 2.116E-03 0.000E+00 6.837E+06 0.000E+00 8.451E+09
  2.250E+05 0.000E+00 1.323E-05 3.356E-05 2.164E-03 0.000E+00 6.551E+06 0.000E+00 8.451E+09
  3.250E+05 0.000E+00 1.323E-05 3.356E-05 2.218E-03 0.000E+00 6.266E+06 0.000E+00 8.451E+09
  4.250E+05 0.000E+00 1.323E-05 3.356E-05 2.282E-03 0.000E+00 5.958E+06 0.000E+00 8.451E+09
  5.250E+05 0.000E+00 1.323E-05 3.356E-05 2.358E-03 0.000E+00 5.620E+06 0.000E+00 8.451E+09
  6.250E+05 0.000E+00 1.323E-05 3.356E-05 2.446E-03 0.000E+00 5.285E+06 0.000E+00 8.451E+09
  7.250E+05 0.000E+00 1.323E-05 3.356E-05 2.524E-03 0.000E+00 5.058E+06 0.000E+00 8.451E+09
  8.250E+05 0.000E+00 1.323E-05 3.356E-05 2.608E-03 0.000E+00 4.852E+06 0.000E+00 8.451E+09
  9.250E+05 0.000E+00 1.323E-05 3.356E-05 2.692E-03 0.000E+00 4.694E+06 0.000E+00 8.451E+09
  1.025E+06 0.000E+00 1.323E-05 3.356E-05 2.762E-03 0.000E+00 5.805E+06 0.000E+00 8.451E+09
  1.125E+06 0.000E+00 1.323E-05 3.356E-05 2.836E-03 0.000E+00 1.539E+07 0.000E+00 8.451E+09
  1.225E+06 0.000E+00 1.323E-05 3.356E-05 2.911E-03 0.000E+00 2.726E+07 0.000E+00 8.451E+09
  1.325E+06 0.000E+00 1.323E-05 3.356E-05 2.993E-03 0.000E+00 5.841E+07 0.000E+00 8.451E+09
  1.425E+06 0.000E+00 1.323E-05 3.356E-05 3.091E-03 0.000E+00 8.124E+07 0.000E+00 8.451E+09
  1.525E+06 0.000E+00 1.323E-05 3.356E-05 3.206E-03 0.000E+00 1.033E+08 0.000E+00 8.451E+09
  1.625E+06 0.000E+00 1.323E-05 3.356E-05 3.341E-03 0.000E+00 1.200E+08 0.000E+00 8.451E+09
  1.725E+06 0.000E+00 1.323E-05 3.356E-05 3.501E-03 0.000E+00 1.244E+08 0.000E+00 8.451E+09
  1.825E+06 0.000E+00 1.323E-05 3.356E-05 3.690E-03 0.000E+00 1.257E+08 0.000E+00 8.451E+09
  1.925E+06 0.000E+00 1.323E-05 3.356E-05 3.915E-03 0.000E+00 1.208E+08 0.000E+00 8.451E+09
  2.025E+06 0.000E+00 1.323E-05 3.356E-05 4.177E-03 0.000E+00 1.087E+08 0.000E+00 8.426E+09
  2.125E+06 0.000E+00 1.323E-05 3.356E-05 4.481E-03 0.000E+00 9.883E+07 0.000E+00 8.372E+09
  2.225E+06 0.000E+00 1.323E-05 3.356E-05 4.776E-03 0.000E+00 8.752E+07 0.000E+00 8.042E+09
  2.325E+06 0.000E+00 1.321E-05 3.348E-05 5.111E-03 0.000E+00 7.737E+07 0.000E+00 7.651E+09
  2.425E+06 0.000E+00 1.315E-05 3.319E-05 5.496E-03 0.000E+00 6.840E+07 0.000E+00 7.244E+09
  2.525E+06 0.000E+00 1.305E-05 3.276E-05 5.941E-03 0.000E+00 6.055E+07 0.000E+00 6.845E+09
  2.625E+06 0.000E+00 1.297E-05 3.237E-05 6.476E-03 0.000E+00 5.428E+07 0.000E+00 6.520E+09
  2.725E+06 0.000E+00 1.286E-05 3.189E-05 7.088E-03 0.000E+00 4.868E+07 0.000E+00 6.205E+09
  2.825E+06 0.000E+00 1.269E-05 3.109E-05 7.739E-03 0.000E+00 4.299E+07 0.000E+00 5.823E+09
  2.925E+06 0.000E+00 1.262E-05 3.079E-05 8.597E-03 0.000E+00 3.966E+07 0.000E+00 5.652E+09
  3.025E+06 0.000E+00 1.250E-05 3.022E-05 9.520E-03 0.000E+00 3.602E+07 0.000E+00 5.416E+09
  3.125E+06 0.000E+00 1.230E-05 2.931E-05 1.049E-02 0.000E+00 3.216E+07 0.000E+00 5.110E+09
  3.225E+06 0.000E+00 1.216E-05 2.871E-05 1.169E-02 0.000E+00 2.957E+07 0.000E+00 4.931E+09
  3.325E+06 0.000E+00 1.201E-05 2.802E-05 1.305E-02 0.000E+00 2.721E+07 0.000E+00 4.756E+09
  3.425E+06 0.000E+00 1.179E-05 2.708E-05 1.450E-02 0.000E+00 2.481E+07 0.000E+00 4.547E+09
  3.525E+06 0.000E+00 1.156E-05 2.608E-05 1.614E-02 0.000E+00 2.276E+07 0.000E+00 4.364E+09
  3.625E+06 0.000E+00 1.115E-05 2.434E-05 1.765E-02 0.000E+00 2.019E+07 0.000E+00 4.062E+09
  3.725E+06 0.000E+00 1.068E-05 2.244E-05 1.936E-02 0.000E+00 1.815E+07 0.000E+00 3.814E+09
  3.825E+06 0.000E+00 1.011E-05 2.018E-05 2.130E-02 0.000E+00 1.650E+07 0.000E+00 3.608E+09
  3.925E+06 0.000E+00 9.112E-06 1.646E-05 2.309E-02 0.000E+00 1.471E+07 0.000E+00 3.349E+09
  4.025E+06 0.000E+00 7.420E-06 1.098E-05 2.511E-02 0.000E+00 1.327E+07 0.000E+00 3.134E+09
  4.125E+06 0.000E+00 5.289E-06 5.594E-06 2.738E-02 0.000E+00 1.209E+07 0.000E+00 2.951E+09
  4.225E+06 0.000E+00 4.659E-06 4.659E-06 2.946E-02 0.000E+00 1.086E+07 0.000E+00 2.741E+09
  4.325E+06 0.000E+00 4.276E-06 4.276E-06 3.135E-02 0.000E+00 9.669E+06 0.000E+00 2.521E+09
  4.425E+06 0.000E+00 3.917E-06 3.917E-06 3.308E-02 0.000E+00 8.568E+06 0.000E+00 2.304E+09
  4.525E+06 0.000E+00 3.651E-06 3.651E-06 3.603E-02 0.000E+00 7.919E+06 0.000E+00 2.184E+09
  4.625E+06 0.000E+00 3.339E-06 3.339E-06 3.759E-02 0.000E+00 6.978E+06 0.000E+00 1.981E+09
  4.725E+06 0.000E+00 3.087E-06 3.087E-06 4.003E-02 0.000E+00 6.318E+06 0.000E+00 1.838E+09
  4.825E+06 0.000E+00 2.867E-06 2.867E-06 4.295E-02 0.000E+00 5.783E+06 0.000E+00 1.720E+09
  4.925E+06 0.000E+00 2.654E-06 2.654E-06 4.566E-02 0.000E+00 5.249E+06 0.000E+00 1.595E+09
  5.025E+06 0.000E+00 2.470E-06 2.470E-06 4.905E-02 0.000E+00 4.833E+06 0.000E+00 1.496E+09
  5.125E+06 0.000E+00 2.309E-06 2.309E-06 5.296E-02 0.000E+00 4.486E+06 0.000E+00 1.410E+09
  5.225E+06 0.000E+00 2.158E-06 2.158E-06 5.697E-02 0.000E+00 4.156E+06 0.000E+00 1.325E+09
  5.325E+06 0.000E+00 2.014E-06 2.014E-06 6.084E-02 0.000E+00 3.825E+06 0.000E+00 1.235E+09
  5.425E+06 0.000E+00 1.872E-06 1.872E-06 6.439E-02 0.000E+00 3.486E+06 0.000E+00 1.140E+09
  5.525E+06 0.000E+00 1.733E-06 1.733E-06 6.746E-02 0.000E+00 3.139E+06 0.000E+00 1.040E+09
  5.625E+06 0.000E+00 1.595E-06 1.595E-06 6.999E-02 0.000E+00 2.788E+06 0.000E+00 9.345E+08
  5.725E+06 0.000E+00 1.460E-06 1.460E-06 7.196E-02 0.000E+00 2.438E+06 0.000E+00 8.263E+08
  5.825E+06 0.000E+00 1.327E-06 1.327E-06 7.350E-02 0.000E+00 2.098E+06 0.000E+00 7.174E+08
  5.925E+06 0.000E+00 1.200E-06 1.200E-06 7.499E-02 0.000E+00 1.784E+06 0.000E+00 6.112E+08
  6.025E+06 0.000E+00 1.080E-06 1.080E-06 7.688E-02 0.000E+00 1.505E+06 0.000E+00 5.108E+08
  6.125E+06 0.000E+00 9.697E-07 9.697E-07 7.959E-02 0.000E+00 1.263E+06 0.000E+00 4.167E+08
  6.225E+06 0.000E+00 8.678E-07 8.678E-07 8.357E-02 0.000E+00 1.055E+06 0.000E+00 3.280E+08
  6.325E+06 0.000E+00 7.738E-07 7.738E-07 8.967E-02 0.000E+00 8.754E+05 0.000E+00 2.428E+08
  6.425E+06 0.000E+00 6.864E-07 6.864E-07 1.003E-01 0.000E+00 7.182E+05 0.000E+00 1.589E+08
  6.525E+06 0.000E+00 6.030E-07 6.030E-07 1.259E-01 0.000E+00 5.748E+05 0.000E+00 7.613E+07
  6.625E+06 0.000E+00 5.217E-07 5.217E-07 2.215E-01 0.000E+00 4.428E+05 0.000E+00 1.653E+07
  6.725E+06 0.000E+00 4.488E-07 4.488E-07 4.360E-01 0.000E+00 3.394E+05 0.000E+00 2.740E+06
  6.825E+06 0.000E+00 3.948E-07 3.948E-07 4.589E-01 0.000E+00 2.786E+05 0.000E+00 1.805E+06
  6.925E+06 0.000E+00 3.765E-07 3.765E-07 5.198E-01 0.000E+00 2.924E+05 0.000E+00 1.516E+06
  7.025E+06 0.000E+00 3.549E-07 3.549E-07 5.829E-01 0.000E+00 2.925E+05 0.000E+00 1.228E+06
  7.125E+06 0.000E+00 3.354E-07 3.354E-07 6.550E-01 0.000E+00 2.926E+05 0.000E+00 1.002E+06
  7.225E+06 0.000E+00 3.177E-07 3.177E-07 7.378E-01 0.000E+00 2.928E+05 0.000E+00 8.229E+05
  7.325E+06 0.000E+00 3.019E-07 3.019E-07 8.333E-01 0.000E+00 2.929E+05 0.000E+00 6.816E+05
  7.425E+06 0.000E+00 2.876E-07 2.876E-07 9.439E-01 0.000E+00 2.931E+05 0.000E+00 5.696E+05
  7.525E+06 0.000E+00 2.749E-07 2.749E-07 1.072E+00 0.000E+00 2.932E+05 0.000E+00 4.802E+05
  7.625E+06 0.000E+00 2.635E-07 2.635E-07 1.222E+00 0.000E+00 2.934E+05 0.000E+00 4.086E+05
  7.725E+06 0.000E+00 2.534E-07 2.534E-07 1.396E+00 0.000E+00 2.936E+05 0.000E+00 3.505E+05
  7.825E+06 0.000E+00 2.445E-07 2.445E-07 1.599E+00 0.000E+00 2.937E+05 0.000E+00 3.029E+05
  7.925E+06 0.000E+00 2.366E-07 2.366E-07 1.835E+00 0.000E+00 2.939E+05 0.000E+00 2.633E+05
  8.025E+06 0.000E+00 2.295E-07 2.295E-07 2.031E+00 0.000E+00 2.941E+05 0.000E+00 2.055E+05
  8.125E+06 0.000E+00 2.232E-07 2.232E-07 2.251E+00 0.000E+00 2.942E+05 0.000E+00 1.610E+05
  8.225E+06 0.000E+00 2.175E-07 2.175E-07 2.499E+00 0.000E+00 2.944E+05 0.000E+00 1.268E+05
  8.325E+06 0.000E+00 2.122E-07 2.122E-07 2.778E+00 0.000E+00 2.946E+05 0.000E+00 1.003E+05
  8.425E+06 0.000E+00 2.073E-07 2.073E-07 3.090E+00 0.000E+00 2.948E+05 0.000E+00 7.952E+04
  8.525E+06 0.000E+00 2.024E-07 2.024E-07 3.438E+00 0.000E+00 2.951E+05 0.000E+00 6.310E+04
  8.625E+06 0.000E+00 1.972E-07 1.972E-07 3.825E+00 0.000E+00 2.953E+05 0.000E+00 5.004E+04
  8.725E+06 0.000E+00 1.912E-07 1.912E-07 4.253E+00 0.000E+00 2.956E+05 0.000E+00 3.962E+04
  8.825E+06 0.000E+00 1.839E-07 1.839E-07 4.723E+00 0.000E+00 2.958E+05 0.000E+00 3.129E+04
  8.925E+06 0.000E+00 1.746E-07 1.746E-07 5.239E+00 0.000E+00 2.961E+05 0.000E+00 2.462E+04
  9.025E+06 0.000E+00 1.634E-07 1.634E-07 5.802E+00 0.000E+00 2.964E+05 0.000E+00 1.928E+04
  9.125E+06 0.000E+00 1.507E-07 1.507E-07 6.412E+00 0.000E+00 2.967E+05 0.000E+00 1.502E+04
  9.225E+06 0.000E+00 1.373E-07 1.373E-07 7.071E+00 0.000E+00 2.970E+05 0.000E+00 1.162E+04
  9.325E+06 0.000E+00 1.300E-07 1.300E-07 7.775E+00 0.000E+00 2.974E+05 0.000E+00 8.919E+03
  9.425E+06 0.000E+00 1.300E-07 1.300E-07 8.524E+00 0.000E+00 2.977E+05 0.000E+00 6.784E+03
  9.525E+06 0.000E+00 1.300E-07 1.300E-07 9.310E+00 0.000E+00 2.980E+05 0.000E+00 5.105E+03
  9.625E+06 0.000E+00 1.300E-07 1.300E-07 1.012E+01 0.000E+00 2.984E+05 0.000E+00 3.793E+03
  9.725E+06 0.000E+00 1.300E-07 1.300E-07 1.094E+01 0.000E+00 2.987E+05 0.000E+00 2.769E+03
  9.825E+06 0.000E+00 1.300E-07 1.300E-07 1.171E+01 0.000E+00 2.991E+05 0.000E+00 1.959E+03
  9.925E+06 0.000E+00 1.300E-07 1.300E-07 1.215E+01 0.000E+00 2.994E+05 0.000E+00 1.266E+03
