
O                   PRODUCTION RXS              INT RX RATE    TP =  7.34E+10
   8) H       + HO2     = H2O     + O            8.942E+06
  20) OH      + OH      = H2O     + O            1.549E+04
  21) O1D     + M       = O       + M            3.214E+10
  22) O1D     + O2      = O       + O2           4.405E+04
  23) O2      + HV      = O       + O1D          5.229E+07
  24) O2      + HV      = O       + O            2.608E+06
  27) O3      + HV      = O2      + O            8.771E+05
  29) CO2     + HV      = CO      + O            1.244E+10
  50) HO2     + HV      = OH      + O            1.576E+05
  53) NO      + HV      = N       + O            2.216E+06
  54) NO2     + HV      = NO      + O            2.820E+10
  76) N       + O2      = NO      + O            4.119E+00
  79) N       + NO      = N2      + O            5.155E+07
 105) CO      + O1D     = CO      + O            4.999E+07
 107) HNO3    + OH      = H2O     + NO2     O    1.923E+02
 110) SO      + HV      = S       + O            7.464E+04
 112) SO2     + HV      = SO      + O            8.755E+05
 115) SO      + O2      = O       + SO2          1.737E+02
 136) S       + O2      = SO      + O            2.379E+05
 151) SO3     + HV      = SO2     + O            1.460E-01
 156) SO21    + O2      = SO3     + O            8.820E-06
 173) HSO     + HV      = HS      + O            5.363E+03
 197) CS      + O2      = OCS     + O            2.575E-04
 239) C       + O2      = CO      + O            5.515E+07

O                      LOSS RXS                INT RX RATE    TL =  8.19E+10
   3) H2      + O       = OH      + H            3.247E+06
  10) OH      + O       = H       + O2           9.301E+08
  13) HO2     + O       = OH      + O2           1.101E+08
  17) O       + O       = O2      +              1.562E+05
  18) O       + O2      = O3      +              2.339E+06
  19) O       + O3      = O2      + O2           3.586E+00
  32) CO      + O       = CO2     +              7.502E+08
  37) O       + HCO     = H       + CO2          3.310E+08
  38) O       + HCO     = OH      + CO           3.310E+08
  48) H2CO    + O       = HCO     + OH           1.246E+09
  49) H2O2    + O       = OH      + HO2          1.109E+05
  65) CH3     + O       = H2CO    + H            5.274E+09
  81) NO      + O       = NO2     +              3.980E+08
  84) NO2     + O       = NO      + O2           7.354E+08
  90) O       + HNO     = OH      + NO           1.990E+08
  93) CH4     + O       = CH3     + OH           1.071E+10
  97) CH23    + O       = HCO     + H            6.762E+07
 100) C2H6    + O       = C2H5    + OH           9.928E+09
 117) SO      + O       = SO2     +              5.055E+03
 120) SO2     + O       = SO3     +              1.832E+05
 125) HSO3    + O       = OH      + SO3          9.301E+02
 128) H2S     + O       = OH      + HS           7.526E+04
 129) HS      + O       = H       + SO           1.978E+05
 142) S2      + O       = S       + SO           2.636E+01
 179) HSO     + O       = OH      + SO           5.755E+06
 184) O       + OCS     = CO      + SO           3.429E+03
 185) O       + OCS     = S       + CO2          6.477E-02
 202) CS2     + O       = SO      + CS           3.012E-04
 203) CS2     + O       = OCS     + S            2.824E-05
 209) CS2     + O       = CO      + S2           7.987E-06
 212) CS      + O       = CO      + S            7.059E+01
 223) C2H5    + O       = CH3     + HCO     H    6.871E+07
 224) C2H5    + O       = H2CO    + CH3          6.115E+07
 225) C2H5    + O       = CH3CHO  + H            3.046E+08
 243) CH      + O       = CO      + H            6.445E+06
 253) CH23    + O       = CH      + OH           5.410E+07
 254) CH23    + O       = CO      + H       H    5.613E+08
 260) CH3O2   + O       = H2CO    + HO2          2.990E+06
 273) CH2CO   + O       = H2CO    + CO           4.853E+09
 276) CH3CO   + O       = H2CO    + HCO          3.717E+07
 284) C2H     + O       = CO      + CH           1.610E+06
 292) C2      + O       = C       + CO           4.539E+05
 304) C2H4    + O       = HCO     + CH3          2.947E+10
 309) C2H2    + O       = CH23    + CO           1.392E+10
 310) C2H3    + O       = CH2CO   + H            8.466E+08
 322) C2H2OH  + O       = OH      + CH2CO        1.703E+04
 327) C2H4OH  + O       = OH      + CH3CHO       4.142E+04
 330) CH3CHO  + O       = CH3CO   + OH           2.353E+08
 337) C3H8    + O       = C3H7    + OH           1.086E+08
 352) C3H6    + O       = CH3     + CH3     CO   1.769E+08
 356) C3H7    + O       = C2H5CHO + H            1.180E+08

O2                  PRODUCTION RXS              INT RX RATE    TP =  4.97E+10
   5) H       + O3      = OH      + O2           1.583E+05
   7) H       + HO2     = H2      + O2           4.024E+07
  10) OH      + O       = H       + O2           9.301E+08
  11) OH      + HO2     = H2O     + O2           1.399E+06
  12) OH      + O3      = HO2     + O2           1.047E+00
  13) HO2     + O       = OH      + O2           1.101E+08
  14) HO2     + O3      = OH      + O2      O2   5.653E+04
  15) HO2     + HO2     = H2O2    + O2           4.669E+10
  17) O       + O       = O2      +              1.562E+05
  19) O       + O3      = O2      + O2           3.586E+00
  22) O1D     + O2      = O       + O2           4.405E+04
  26) O3      + HV      = O2      + O1D          3.096E+02
  27) O3      + HV      = O2      + O            8.771E+05
  77) N       + O3      = NO      + O2           9.151E-04
  80) NO      + O3      = NO2     + O2           5.927E+05
  84) NO2     + O       = NO      + O2           7.354E+08
 109) HO2     + NO2     = HNO2    + O2           1.087E+09
 131) HS      + HO2     = H2S     + O2           8.777E+03
 139) S       + HO2     = HS      + O2           2.574E+02
 162) SO      + O3      = SO2     + O2           1.092E+00
 164) HS      + O3      = HSO     + O2           5.105E+00
 166) S       + O3      = SO      + O2           1.489E-01
 170) SO      + HO2     = HSO     + O2           6.692E+05
 199) CS      + O3      = OCS     + O2           9.060E-03
 258) CH3O2   + H       = CH4     + O2           3.645E+06
 265) CH3     + O3      = CH3O    + O2           2.941E+05

O2                     LOSS RXS                INT RX RATE    TL =  4.05E+11
   6) H       + O2      = HO2     +              2.460E+08
  18) O       + O2      = O3      +              2.339E+06
  22) O1D     + O2      = O       + O2           4.405E+04
  23) O2      + HV      = O       + O1D          5.229E+07
  24) O2      + HV      = O       + O            2.608E+06
  44) HCO     + O2      = HO2     + CO           1.547E+11
  59) CH21    + O2      = HCO     + OH           1.096E+04
  63) CH23    + O2      = HCO     + OH           6.306E+06
  64) CH3     + O2      = H2CO    + OH           3.096E+10
  76) N       + O2      = NO      + O            4.119E+00
 104) C2H5    + O2      = CH3     + HCO     OH   1.993E+11
 115) SO      + O2      = O       + SO2          1.737E+02
 122) HSO3    + O2      = HO2     + SO3          1.100E+05
 130) HS      + O2      = OH      + SO           1.361E-01
 136) S       + O2      = SO      + O            2.379E+05
 156) SO21    + O2      = SO3     + O            8.820E-06
 197) CS      + O2      = OCS     + O            2.575E-04
 198) CS      + O2      = CO      + SO           3.219E-05
 206) CS2X    + O2      = CS      + SO2          2.285E-14
 239) C       + O2      = CO      + O            5.515E+07
 246) CH      + O2      = CO      + OH           1.593E+05
 257) CH3     + O2      = CH3O2   +              1.916E+10
 269) CH3O    + O2      = H2CO    + HO2          8.250E+08
 283) C2H     + O2      = CO      + HCO          5.821E+05
 293) C2      + O2      = CO      + CO           1.885E+03

H2O                 PRODUCTION RXS              INT RX RATE    TP =  5.70E+09
   4) H2      + OH      = H2O     + H            8.607E+07
   8) H       + HO2     = H2O     + O            8.942E+06
  11) OH      + HO2     = H2O     + O2           1.399E+06
  16) H2O2    + OH      = HO2     + H2O          3.854E+06
  20) OH      + OH      = H2O     + O            1.549E+04
  36) OH      + HCO     = H2O     + CO           3.941E+05
  45) H2CO    + OH      = H2O     + HCO          1.430E+09
  46) H       + OH      = H2O     +              2.504E+05
  55) CH4     + OH      = CH3     + H2O          1.575E+11
  91) OH      + HNO     = H2O     + NO           5.876E+05
  92) HNO2    + OH      = H2O     + NO2          9.391E+03
  99) C2H6    + OH      = C2H5    + H2O          1.906E+11
 107) HNO3    + OH      = H2O     + NO2     O    1.923E+02
 123) HSO3    + OH      = H2O     + SO3          7.762E-01
 126) H2S     + OH      = H2O     + HS           4.249E+05
 175) HSO     + OH      = H2O     + SO           1.579E+05
 191) H2S     + HO2     = H2O     + HSO          2.951E+08
 228) C2H5    + OH      = C2H4    + H2O          1.087E+05
 259) CH3O2   + H       = H2O     + H2CO         2.604E+06
 311) C2H3    + OH      = C2H2    + H2O          7.580E+04
 320) C2H2OH  + H       = H2O     + C2H2         1.540E+08
 323) C2H2OH  + OH      = H2O     + CH2CO        6.612E+03
 325) C2H4OH  + H       = H2O     + C2H4         3.548E+08
 328) C2H4OH  + OH      = H2O     + CH3CHO       1.618E+04
 331) CH3CHO  + OH      = CH3CO   + H2O          5.136E+06
 336) C3H8    + OH      = C3H7    + H2O          2.186E+08

H2O                    LOSS RXS                INT RX RATE    TL =  6.91E+09
   1) H2O     + O1D     = OH      + OH           4.954E+06
  25) H2O     + HV      = H       + OH           6.900E+09
 121) SO3     + H2O     = H2SO4   +              3.999E+05

H                   PRODUCTION RXS              INT RX RATE    TP =  3.36E+11
   2) H2      + O1D     = OH      + H            1.012E+08
   3) H2      + O       = OH      + H            3.247E+06
   4) H2      + OH      = H2O     + H            8.607E+07
  10) OH      + O       = H       + O2           9.301E+08
  25) H2O     + HV      = H       + OH           6.900E+09
  31) CO      + OH      = CO2     + H            1.908E+10
  37) O       + HCO     = H       + CO2          3.310E+08
  40) H2CO    + HV      = HCO     + H            1.585E+09
  41) HCO     + HV      = H       + CO           1.182E+10
  61) CH23    + H2      = CH3     + H            3.777E+08
  65) CH3     + O       = H2CO    + H            5.274E+09
  69) CH3     + HV      = CH23    + H            1.214E+07
  78) N       + OH      = NO      + H            5.036E+07
  88) HNO     + HV      = NO      + H            8.247E+10
  94) CH21    + H2      = CH3     + H            5.467E+04
  97) CH23    + O       = HCO     + H            6.762E+07
 111) H2S     + HV      = HS      + H            2.918E+05
 118) SO      + OH      = SO2     + H            2.281E+05
 129) HS      + O       = H       + SO           1.978E+05
 135) HS      + S       = H       + S2           3.466E+00
 137) S       + OH      = SO      + H            3.702E+02
 183) HS      + CO      = OCS     + H            1.105E-03
 188) S       + HCO     = OCS     + H            6.261E+03
 208) CS      + HS      = CS2     + H            3.520E-05
 218) S       + HCS     = H       + CS2          1.602E-03
 223) C2H5    + O       = CH3     + HCO     H    6.871E+07
 225) C2H5    + O       = CH3CHO  + H            3.046E+08
 232) CH23    + S       = HCS     + H            3.989E+01
 235) CH4     + HV      = CH3     + H            4.600E+10
 236) CH4     + HV      = CH23    + H       H    2.255E+10
 237) C       + OH      = CO      + H            3.035E+07
 240) C       + HS      = CS      + H            7.962E-01
 243) CH      + O       = CO      + H            6.445E+06
 244) CH      + H2      = CH23    + H            6.059E+05
 248) CH      + HV      = C       + H            1.345E+04
 249) CH      + S       = CS      + H            5.902E+00
 254) CH23    + O       = CO      + H       H    5.613E+08
 264) CH3     + OH      = CH3O    + H            4.468E+05
 268) O1D     + CH4     = CH3O    + H            1.102E+09
 280) C2H2    + HV      = C2H     + H            5.580E+09
 285) C2H     + H2      = C2H2    + H            1.345E+06
 288) C2      + H2      = C2H     + H            4.849E+05
 295) C2H4    + HV      = C2H2    + H       H    1.007E+10
 296) CH23    + CH3     = C2H4    + H            4.730E+06
 300) C2H3    + H2      = C2H4    + H            1.387E+08
 307) CH      + CH4     = C2H4    + H            5.072E+10
 310) C2H3    + O       = CH2CO   + H            8.466E+08
 319) C2H2    + OH      = CH2CO   + H            1.721E+09
 345) C3H6    + HV      = C2H2    + CH3     H    5.900E+05
 348) C3H6    + HV      = C2H     + CH4     H    8.676E+04
 356) C3H7    + O       = C2H5CHO + H            1.180E+08
 357) CH      + C2H4    = CH2CCH2 + H            1.401E+09
 358) CH      + C2H4    = CH3C2H  + H            1.401E+09
 361) CH3     + C2H3    = C3H5    + H            3.253E+04
 367) CH      + C2H2    = C3H2    + H            2.214E+09
 376) CH2CCH2 + H       = CH3C2H  + H            1.409E+10
 378) C3H3    + HV      = C3H2    + H            4.554E+08
 379) CH3C2H  + HV      = C3H3    + H            7.689E+09
 382) CH2CCH2 + HV      = C3H3    + H            3.970E+08
 388) C2H6    + HV      = C2H4    + H       H    2.181E+09
 391) C2H     + C2H2    = HCAER   + H            2.158E+09
 392) C2H     + CH2CCH2 = HCAER2  + H            8.538E+06

H                      LOSS RXS                INT RX RATE    TL =  2.87E+11
   5) H       + O3      = OH      + O2           1.583E+05
   6) H       + O2      = HO2     +              2.460E+08
   7) H       + HO2     = H2      + O2           4.024E+07
   8) H       + HO2     = H2O     + O            8.942E+06
   9) H       + HO2     = OH      + OH           3.979E+08
  33) H       + CO      = HCO     +              4.588E+10
  34) H       + HCO     = H2      + CO           3.800E+10
  42) H2CO    + H       = H2      + HCO          8.890E+09
  43) H       + H       = H2      +              1.012E+08
  46) H       + OH      = H2O     +              2.504E+05
  70) CH3     + H       = CH4     +              8.332E+07
  74) H       + NO      = HNO     +              1.850E+08
  86) NO2     + H       = NO      + OH           3.151E+10
  89) H       + HNO     = H2      + NO           1.960E+08
 124) HSO3    + H       = H2      + SO3          5.502E+02
 127) H2S     + H       = H2      + HS           1.618E+07
 134) HS      + H       = H2      + S            1.977E+05
 172) H       + SO      = HSO     +              5.106E+03
 176) HSO     + H       = HS      + OH           1.549E+07
 177) HSO     + H       = H2      + SO           7.744E+06
 182) H       + OCS     = CO      + HS           1.731E+04
 216) H       + CS      = HCS     +              5.053E-06
 217) H       + HCS     = H2      + CS           6.334E+01
 220) C2H5    + H       = CH3     + CH3          2.329E+09
 221) C2H5    + H       = C2H6    +              8.080E+09
 222) C2H5    + H       = C2H4    + H2           1.164E+08
 242) CH      + H       = C       + H2           2.921E+08
 255) CH23    + H       = CH3     +              1.301E+06
 256) CH23    + H       = CH      + H2           5.620E+10
 258) CH3O2   + H       = CH4     + O2           3.645E+06
 259) CH3O2   + H       = H2O     + H2CO         2.604E+06
 272) CH2CO   + H       = CH3     + CO           1.310E+07
 275) CH3CO   + H       = CH4     + CO           3.233E+08
 287) C2H     + H       = C2H2    +              1.046E+06
 298) C2H2    + H       = C2H3    +              1.488E+10
 299) C2H3    + H       = C2H2    + H2           4.788E+09
 305) C2H4    + H       = C2H5    +              1.491E+10
 320) C2H2OH  + H       = H2O     + C2H2         1.540E+08
 321) C2H2OH  + H       = H2      + CH2CO        6.380E+04
 325) C2H4OH  + H       = H2O     + C2H4         3.548E+08
 326) C2H4OH  + H       = H2      + CH3CHO       1.548E+05
 329) CH3CHO  + H       = CH3CO   + H2           2.686E+07
 339) C3H7    + H       = CH3     + C2H5         2.004E+08
 353) C3H6    + H       = C3H7    +              1.496E+08
 359) CH2CCH2 + H       = CH3     + C2H2         3.962E+07
 360) CH2CCH2 + H       = C3H5    +              1.150E+07
 363) C3H5    + H       = C3H6    +              1.707E+08
 364) C3H5    + H       = CH4     + C2H2         1.350E+09
 366) C3H5    + H       = CH2CCH2 + H2           1.350E+09
 369) CH3C2H  + H       = CH3     + C2H2         7.431E+09
 370) CH3C2H  + H       = C3H5    +              7.431E+09
 371) C3H2    + H       = C3H3    +              8.935E+09
 372) C3H3    + H       = CH3C2H  +              8.283E+09
 373) C3H3    + H       = CH2CCH2 +              8.283E+09
 374) C3H5    + H       = CH3C2H  + H2           1.350E+09
 376) CH2CCH2 + H       = CH3C2H  + H            1.409E+10

OH                  PRODUCTION RXS              INT RX RATE    TP =  3.76E+11
   1) H2O     + O1D     = OH      + OH           4.954E+06
   2) H2      + O1D     = OH      + H            1.012E+08
   3) H2      + O       = OH      + H            3.247E+06
   5) H       + O3      = OH      + O2           1.583E+05
   9) H       + HO2     = OH      + OH           3.979E+08
  13) HO2     + O       = OH      + O2           1.101E+08
  14) HO2     + O3      = OH      + O2      O2   5.653E+04
  25) H2O     + HV      = H       + OH           6.900E+09
  28) H2O2    + HV      = OH      + OH           3.205E+06
  38) O       + HCO     = OH      + CO           3.310E+08
  48) H2CO    + O       = HCO     + OH           1.246E+09
  49) H2O2    + O       = OH      + HO2          1.109E+05
  50) HO2     + HV      = OH      + O            1.576E+05
  51) HNO2    + HV      = NO      + OH           1.882E+10
  52) HNO3    + HV      = NO2     + OH           4.620E+02
  56) CH4     + O1D     = CH3     + OH           4.134E+09
  59) CH21    + O2      = HCO     + OH           1.096E+04
  63) CH23    + O2      = HCO     + OH           6.306E+06
  64) CH3     + O2      = H2CO    + OH           3.096E+10
  82) NO      + HO2     = NO2     + OH           6.003E+10
  86) NO2     + H       = NO      + OH           3.151E+10
  90) O       + HNO     = OH      + NO           1.990E+08
  93) CH4     + O       = CH3     + OH           1.071E+10
 100) C2H6    + O       = C2H5    + OH           9.928E+09
 101) C2H6    + O1D     = C2H5    + OH           7.897E+08
 104) C2H5    + O2      = CH3     + HCO     OH   1.993E+11
 108) N       + HO2     = NO      + OH           2.995E+05
 116) SO      + HO2     = SO2     + OH           6.692E+05
 125) HSO3    + O       = OH      + SO3          9.301E+02
 128) H2S     + O       = OH      + HS           7.526E+04
 130) HS      + O2      = OH      + SO           1.361E-01
 140) S       + HO2     = SO      + OH           2.574E+02
 163) SO2     + HO2     = SO3     + OH           1.053E+05
 176) HSO     + H       = HS      + OH           1.549E+07
 179) HSO     + O       = OH      + SO           5.755E+06
 246) CH      + O2      = CO      + OH           1.593E+05
 253) CH23    + O       = CH      + OH           5.410E+07
 322) C2H2OH  + O       = OH      + CH2CO        1.703E+04
 327) C2H4OH  + O       = OH      + CH3CHO       4.142E+04
 330) CH3CHO  + O       = CH3CO   + OH           2.353E+08
 337) C3H8    + O       = C3H7    + OH           1.086E+08
 338) C3H8    + O1D     = C3H7    + OH           2.503E+04

OH                     LOSS RXS                INT RX RATE    TL =  3.76E+11
   4) H2      + OH      = H2O     + H            8.607E+07
  10) OH      + O       = H       + O2           9.301E+08
  11) OH      + HO2     = H2O     + O2           1.399E+06
  12) OH      + O3      = HO2     + O2           1.047E+00
  16) H2O2    + OH      = HO2     + H2O          3.854E+06
  20) OH      + OH      = H2O     + O            1.549E+04
  31) CO      + OH      = CO2     + H            1.908E+10
  36) OH      + HCO     = H2O     + CO           3.941E+05
  45) H2CO    + OH      = H2O     + HCO          1.430E+09
  46) H       + OH      = H2O     +              2.504E+05
  47) OH      + OH      = H2O2    +              4.974E+00
  55) CH4     + OH      = CH3     + H2O          1.575E+11
  67) CH3     + OH      = CO      + H2      H2   2.303E+05
  78) N       + OH      = NO      + H            5.036E+07
  83) NO      + OH      = HNO2    +              1.634E+06
  85) NO2     + OH      = HNO3    +              1.891E+07
  91) OH      + HNO     = H2O     + NO           5.876E+05
  92) HNO2    + OH      = H2O     + NO2          9.391E+03
  99) C2H6    + OH      = C2H5    + H2O          1.906E+11
 107) HNO3    + OH      = H2O     + NO2     O    1.923E+02
 118) SO      + OH      = SO2     + H            2.281E+05
 119) SO2     + OH      = HSO3    +              1.114E+05
 123) HSO3    + OH      = H2O     + SO3          7.762E-01
 126) H2S     + OH      = H2O     + HS           4.249E+05
 137) S       + OH      = SO      + H            3.702E+02
 175) HSO     + OH      = H2O     + SO           1.579E+05
 187) OCS     + OH      = CO2     + HS           1.221E+01
 204) CS2     + OH      = OCS     + HS           1.570E-09
 226) C2H5    + OH      = CH3     + HCO     H2   1.087E+05
 227) C2H5    + OH      = CH3CHO  + H2           2.719E+05
 228) C2H5    + OH      = C2H4    + H2O          1.087E+05
 237) C       + OH      = CO      + H            3.035E+07
 264) CH3     + OH      = CH3O    + H            4.468E+05
 282) C2H2    + OH      = CO      + CH3          1.154E+09
 303) C2H4    + OH      = H2CO    + CH3          2.968E+09
 311) C2H3    + OH      = C2H2    + H2O          7.580E+04
 318) C2H2    + OH      = C2H2OH  +              1.541E+08
 319) C2H2    + OH      = CH2CO   + H            1.721E+09
 323) C2H2OH  + OH      = H2O     + CH2CO        6.612E+03
 324) C2H4    + OH      = C2H4OH  +              3.550E+08
 328) C2H4OH  + OH      = H2O     + CH3CHO       1.618E+04
 331) CH3CHO  + OH      = CH3CO   + H2O          5.136E+06
 336) C3H8    + OH      = C3H7    + H2O          2.186E+08
 351) C3H6    + OH      = CH3CHO  + CH3          1.852E+07
 355) C3H7    + OH      = C2H5CHO + H2           1.969E+06

HO2                 PRODUCTION RXS              INT RX RATE    TP =  1.56E+11
   6) H       + O2      = HO2     +              2.460E+08
  12) OH      + O3      = HO2     + O2           1.047E+00
  16) H2O2    + OH      = HO2     + H2O          3.854E+06
  44) HCO     + O2      = HO2     + CO           1.547E+11
  49) H2O2    + O       = OH      + HO2          1.109E+05
  66) CH3     + O3      = H2CO    + HO2          2.941E+05
 122) HSO3    + O2      = HO2     + SO3          1.100E+05
 260) CH3O2   + O       = H2CO    + HO2          2.990E+06
 269) CH3O    + O2      = H2CO    + HO2          8.250E+08

HO2                    LOSS RXS                INT RX RATE    TL =  1.55E+11
   7) H       + HO2     = H2      + O2           4.024E+07
   8) H       + HO2     = H2O     + O            8.942E+06
   9) H       + HO2     = OH      + OH           3.979E+08
  11) OH      + HO2     = H2O     + O2           1.399E+06
  13) HO2     + O       = OH      + O2           1.101E+08
  14) HO2     + O3      = OH      + O2      O2   5.653E+04
  15) HO2     + HO2     = H2O2    + O2           4.669E+10
  50) HO2     + HV      = OH      + O            1.576E+05
  82) NO      + HO2     = NO2     + OH           6.003E+10
 108) N       + HO2     = NO      + OH           2.995E+05
 109) HO2     + NO2     = HNO2    + O2           1.087E+09
 116) SO      + HO2     = SO2     + OH           6.692E+05
 131) HS      + HO2     = H2S     + O2           8.777E+03
 139) S       + HO2     = HS      + O2           2.574E+02
 140) S       + HO2     = SO      + OH           2.574E+02
 163) SO2     + HO2     = SO3     + OH           1.053E+05
 170) SO      + HO2     = HSO     + O2           6.692E+05
 191) H2S     + HO2     = H2O     + HSO          2.951E+08

H2O2                PRODUCTION RXS              INT RX RATE    TP =  4.67E+10
  15) HO2     + HO2     = H2O2    + O2           4.669E+10
  47) OH      + OH      = H2O2    +              4.974E+00

H2O2                   LOSS RXS                INT RX RATE    TL =  3.40E+10
  16) H2O2    + OH      = HO2     + H2O          3.854E+06
  28) H2O2    + HV      = OH      + OH           3.205E+06
  49) H2O2    + O       = OH      + HO2          1.109E+05

H2                  PRODUCTION RXS              INT RX RATE    TP =  1.90E+11
   7) H       + HO2     = H2      + O2           4.024E+07
  34) H       + HCO     = H2      + CO           3.800E+10
  39) H2CO    + HV      = H2      + CO           3.247E+09
  42) H2CO    + H       = H2      + HCO          8.890E+09
  43) H       + H       = H2      +              1.012E+08
  57) CH4     + O1D     = H2CO    + H2           2.756E+08
  67) CH3     + OH      = CO      + H2      H2   2.303E+05
  89) H       + HNO     = H2      + NO           1.960E+08
  95) CH21    + H2      = CH23    + H2           1.378E+08
 124) HSO3    + H       = H2      + SO3          5.502E+02
 127) H2S     + H       = H2      + HS           1.618E+07
 134) HS      + H       = H2      + S            1.977E+05
 177) HSO     + H       = H2      + SO           7.744E+06
 217) H       + HCS     = H2      + CS           6.334E+01
 222) C2H5    + H       = C2H4    + H2           1.164E+08
 226) C2H5    + OH      = CH3     + HCO     H2   1.087E+05
 227) C2H5    + OH      = CH3CHO  + H2           2.719E+05
 234) CH4     + HV      = CH21    + H2           3.560E+10
 242) CH      + H       = C       + H2           2.921E+08
 256) CH23    + H       = CH      + H2           5.620E+10
 279) CH23    + CH23    = C2H2    + H2           1.053E+06
 281) C2H2    + HV      = C2      + H2           1.860E+09
 294) C2H4    + HV      = C2H2    + H2           1.426E+10
 299) C2H3    + H       = C2H2    + H2           4.788E+09
 321) C2H2OH  + H       = H2      + CH2CO        6.380E+04
 326) C2H4OH  + H       = H2      + CH3CHO       1.548E+05
 329) CH3CHO  + H       = CH3CO   + H2           2.686E+07
 340) C3H8    + HV      = C3H6    + H2           2.285E+06
 346) C3H6    + HV      = CH2CCH2 + H2           2.363E+04
 355) C3H7    + OH      = C2H5CHO + H2           1.969E+06
 366) C3H5    + H       = CH2CCH2 + H2           1.350E+09
 374) C3H5    + H       = CH3C2H  + H2           1.350E+09
 380) CH3C2H  + HV      = C3H2    + H2           6.042E+09
 383) CH2CCH2 + HV      = C3H2    + H2           2.233E+08
 387) C2H6    + HV      = C2H2    + H2      H2   4.180E+09
 389) C2H6    + HV      = C2H4    + H2           8.640E+09

H2                     LOSS RXS                INT RX RATE    TL =  1.08E+09
   2) H2      + O1D     = OH      + H            1.012E+08
   3) H2      + O       = OH      + H            3.247E+06
   4) H2      + OH      = H2O     + H            8.607E+07
  61) CH23    + H2      = CH3     + H            3.777E+08
  94) CH21    + H2      = CH3     + H            5.467E+04
  95) CH21    + H2      = CH23    + H2           1.378E+08
 238) C       + H2      = CH23    +              2.071E+08
 244) CH      + H2      = CH23    + H            6.059E+05
 245) CH      + H2      = CH3     +              1.084E+04
 285) C2H     + H2      = C2H2    + H            1.345E+06
 288) C2      + H2      = C2H     + H            4.849E+05
 300) C2H3    + H2      = C2H4    + H            1.387E+08

CO                  PRODUCTION RXS              INT RX RATE    TP =  3.73E+11
  29) CO2     + HV      = CO      + O            1.244E+10
  30) CO2     + HV      = CO      + O1D          3.855E+10
  34) H       + HCO     = H2      + CO           3.800E+10
  35) HCO     + HCO     = H2CO    + CO           3.030E+08
  36) OH      + HCO     = H2O     + CO           3.941E+05
  38) O       + HCO     = OH      + CO           3.310E+08
  39) H2CO    + HV      = H2      + CO           3.247E+09
  41) HCO     + HV      = H       + CO           1.182E+10
  44) HCO     + O2      = HO2     + CO           1.547E+11
  67) CH3     + OH      = CO      + H2      H2   2.303E+05
  71) CH3     + HCO     = CH4     + CO           7.073E+07
  87) HCO     + NO      = HNO     + CO           8.103E+10
  96) CH21    + CO2     = H2CO    + CO           5.513E+07
  98) CH23    + CO2     = H2CO    + CO           6.618E+09
 102) C2H5    + HCO     = C2H6    + CO           1.314E+09
 105) CO      + O1D     = CO      + O            4.999E+07
 133) HS      + HCO     = H2S     + CO           3.106E+03
 138) S       + HCO     = HS      + CO           7.827E+02
 169) S       + CO2     = SO      + CO           4.173E+04
 171) SO      + HCO     = HSO     + CO           2.320E+05
 182) H       + OCS     = CO      + HS           1.731E+04
 184) O       + OCS     = CO      + SO           3.429E+03
 186) OCS     + S       = CO      + S2           1.726E+02
 190) OCS     + HV      = CO      + S            2.911E+03
 198) CS      + O2      = CO      + SO           3.219E-05
 201) CS      + O3      = CO      + SO2          9.060E-03
 209) CS2     + O       = CO      + S2           7.987E-06
 212) CS      + O       = CO      + S            7.059E+01
 237) C       + OH      = CO      + H            3.035E+07
 239) C       + O2      = CO      + O            5.515E+07
 243) CH      + O       = CO      + H            6.445E+06
 246) CH      + O2      = CO      + OH           1.593E+05
 247) CH      + CO2     = HCO     + CO           2.212E+08
 252) OCS     + CH      = CO      + HCS          2.348E+01
 254) CH23    + O       = CO      + H       H    5.613E+08
 262) HCO     + H2CO    = CH3O    + CO           2.666E+06
 270) CH2CO   + HV      = CH23    + CO           5.571E+08
 272) CH2CO   + H       = CH3     + CO           1.310E+07
 273) CH2CO   + O       = H2CO    + CO           4.853E+09
 275) CH3CO   + H       = CH4     + CO           3.233E+08
 277) CH3CO   + CH3     = C2H6    + CO           1.788E+09
 282) C2H2    + OH      = CO      + CH3          1.154E+09
 283) C2H     + O2      = CO      + HCO          5.821E+05
 284) C2H     + O       = CO      + CH           1.610E+06
 292) C2      + O       = C       + CO           4.539E+05
 293) C2      + O2      = CO      + CO           1.885E+03
 309) C2H2    + O       = CH23    + CO           1.392E+10
 334) CH3CHO  + HV      = CH4     + CO           1.216E+07
 352) C3H6    + O       = CH3     + CH3     CO   1.769E+08

CO                     LOSS RXS                INT RX RATE    TL =  7.08E+10
  31) CO      + OH      = CO2     + H            1.908E+10
  32) CO      + O       = CO2     +              7.502E+08
  33) H       + CO      = HCO     +              4.588E+10
 105) CO      + O1D     = CO      + O            4.999E+07
 183) HS      + CO      = OCS     + H            1.105E-03
 189) S       + CO      = OCS     +              1.805E+04
 196) OCS2    + CO      = OCS     + OCS          5.310E+00
 263) CH3O    + CO      = CH3     + CO2          1.017E+08
 271) CH23    + CO      = CH2CO   +              8.787E+06
 274) CH3     + CO      = CH3CO   +              4.699E+09

HCO                 PRODUCTION RXS              INT RX RATE    TP =  2.88E+11
  33) H       + CO      = HCO     +              4.588E+10
  40) H2CO    + HV      = HCO     + H            1.585E+09
  42) H2CO    + H       = H2      + HCO          8.890E+09
  45) H2CO    + OH      = H2O     + HCO          1.430E+09
  48) H2CO    + O       = HCO     + OH           1.246E+09
  59) CH21    + O2      = HCO     + OH           1.096E+04
  63) CH23    + O2      = HCO     + OH           6.306E+06
  73) CH3     + H2CO    = CH4     + HCO          1.264E+04
  97) CH23    + O       = HCO     + H            6.762E+07
 104) C2H5    + O2      = CH3     + HCO     OH   1.993E+11
 143) HS      + H2CO    = H2S     + HCO          2.871E+06
 223) C2H5    + O       = CH3     + HCO     H    6.871E+07
 226) C2H5    + OH      = CH3     + HCO     H2   1.087E+05
 247) CH      + CO2     = HCO     + CO           2.212E+08
 276) CH3CO   + O       = H2CO    + HCO          3.717E+07
 283) C2H     + O2      = CO      + HCO          5.821E+05
 304) C2H4    + O       = HCO     + CH3          2.947E+10
 333) CH3CHO  + HV      = CH3     + HCO          1.216E+07
 349) C2H5CHO + HV      = C2H5    + HCO          1.783E+07

HCO                    LOSS RXS                INT RX RATE    TL =  2.88E+11
  34) H       + HCO     = H2      + CO           3.800E+10
  35) HCO     + HCO     = H2CO    + CO           3.030E+08
  36) OH      + HCO     = H2O     + CO           3.941E+05
  37) O       + HCO     = H       + CO2          3.310E+08
  38) O       + HCO     = OH      + CO           3.310E+08
  41) HCO     + HV      = H       + CO           1.182E+10
  44) HCO     + O2      = HO2     + CO           1.547E+11
  71) CH3     + HCO     = CH4     + CO           7.073E+07
  87) HCO     + NO      = HNO     + CO           8.103E+10
 102) C2H5    + HCO     = C2H6    + CO           1.314E+09
 133) HS      + HCO     = H2S     + CO           3.106E+03
 138) S       + HCO     = HS      + CO           7.827E+02
 171) SO      + HCO     = HSO     + CO           2.320E+05
 188) S       + HCO     = OCS     + H            6.261E+03
 262) HCO     + H2CO    = CH3O    + CO           2.666E+06

H2CO                PRODUCTION RXS              INT RX RATE    TP =  7.16E+10
  35) HCO     + HCO     = H2CO    + CO           3.030E+08
  57) CH4     + O1D     = H2CO    + H2           2.756E+08
  64) CH3     + O2      = H2CO    + OH           3.096E+10
  65) CH3     + O       = H2CO    + H            5.274E+09
  66) CH3     + O3      = H2CO    + HO2          2.941E+05
  96) CH21    + CO2     = H2CO    + CO           5.513E+07
  98) CH23    + CO2     = H2CO    + CO           6.618E+09
 224) C2H5    + O       = H2CO    + CH3          6.115E+07
 259) CH3O2   + H       = H2O     + H2CO         2.604E+06
 260) CH3O2   + O       = H2CO    + HO2          2.990E+06
 266) NO      + CH3O    = HNO     + H2CO         1.601E+09
 267) NO2     + CH3O    = H2CO    + HNO2         1.773E+10
 269) CH3O    + O2      = H2CO    + HO2          8.250E+08
 273) CH2CO   + O       = H2CO    + CO           4.853E+09
 276) CH3CO   + O       = H2CO    + HCO          3.717E+07
 303) C2H4    + OH      = H2CO    + CH3          2.968E+09

H2CO                   LOSS RXS                INT RX RATE    TL =  5.22E+10
  39) H2CO    + HV      = H2      + CO           3.247E+09
  40) H2CO    + HV      = HCO     + H            1.585E+09
  42) H2CO    + H       = H2      + HCO          8.890E+09
  45) H2CO    + OH      = H2O     + HCO          1.430E+09
  48) H2CO    + O       = HCO     + OH           1.246E+09
  73) CH3     + H2CO    = CH4     + HCO          1.264E+04
 143) HS      + H2CO    = H2S     + HCO          2.871E+06
 262) HCO     + H2CO    = CH3O    + CO           2.666E+06

CH4                 PRODUCTION RXS              INT RX RATE    TP =  8.79E+09
  70) CH3     + H       = CH4     +              8.332E+07
  71) CH3     + HCO     = CH4     + CO           7.073E+07
  72) CH3     + HNO     = CH4     + NO           5.387E+06
  73) CH3     + H2CO    = CH4     + HCO          1.264E+04
 231) CH3     + HCS     = CH4     + CS           2.593E-02
 258) CH3O2   + H       = CH4     + O2           3.645E+06
 275) CH3CO   + H       = CH4     + CO           3.233E+08
 278) CH3CO   + CH3     = CH4     + CH2CO        2.847E+09
 312) C2H3    + CH3     = C2H2    + CH4          4.609E+06
 315) C2H5    + CH3     = C2H4    + CH4          3.309E+08
 332) CH3CHO  + CH3     = CH3CO   + CH4          2.856E+07
 334) CH3CHO  + HV      = CH4     + CO           1.216E+07
 342) C3H8    + HV      = C2H4    + CH4          4.608E+05
 348) C3H6    + HV      = C2H     + CH4     H    8.676E+04
 354) C3H7    + CH3     = C3H6    + CH4          1.565E+08
 364) C3H5    + H       = CH4     + C2H2         1.350E+09
 365) C3H5    + CH3     = CH2CCH2 + CH4          1.624E+09
 375) C3H5    + CH3     = CH3C2H  + CH4          1.624E+09
 386) C2H6    + HV      = CH4     + CH21         3.274E+08

CH4                    LOSS RXS                INT RX RATE    TL =  4.65E+11
  55) CH4     + OH      = CH3     + H2O          1.575E+11
  56) CH4     + O1D     = CH3     + OH           4.134E+09
  57) CH4     + O1D     = H2CO    + H2           2.756E+08
  58) CH21    + CH4     = CH3     + CH3          4.987E+09
  62) CH23    + CH4     = CH3     + CH3          1.423E+04
  93) CH4     + O       = CH3     + OH           1.071E+10
 215) CH4     + HS      = CH3     + H2S          4.797E-06
 234) CH4     + HV      = CH21    + H2           3.560E+10
 235) CH4     + HV      = CH3     + H            4.600E+10
 236) CH4     + HV      = CH23    + H       H    2.255E+10
 268) O1D     + CH4     = CH3O    + H            1.102E+09
 286) C2H     + CH4     = C2H2    + CH3          2.987E+09
 289) C2      + CH4     = C2H     + CH3          1.859E+09
 301) C2H3    + CH4     = C2H4    + CH3          8.947E+09
 307) CH      + CH4     = C2H4    + H            5.072E+10

CH3                 PRODUCTION RXS              INT RX RATE    TP =  4.89E+11
  55) CH4     + OH      = CH3     + H2O          1.575E+11
  56) CH4     + O1D     = CH3     + OH           4.134E+09
  58) CH21    + CH4     = CH3     + CH3          4.987E+09
  61) CH23    + H2      = CH3     + H            3.777E+08
  62) CH23    + CH4     = CH3     + CH3          1.423E+04
  93) CH4     + O       = CH3     + OH           1.071E+10
  94) CH21    + H2      = CH3     + H            5.467E+04
 104) C2H5    + O2      = CH3     + HCO     OH   1.993E+11
 215) CH4     + HS      = CH3     + H2S          4.797E-06
 220) C2H5    + H       = CH3     + CH3          2.329E+09
 223) C2H5    + O       = CH3     + HCO     H    6.871E+07
 224) C2H5    + O       = H2CO    + CH3          6.115E+07
 226) C2H5    + OH      = CH3     + HCO     H2   1.087E+05
 235) CH4     + HV      = CH3     + H            4.600E+10
 245) CH      + H2      = CH3     +              1.084E+04
 255) CH23    + H       = CH3     +              1.301E+06
 263) CH3O    + CO      = CH3     + CO2          1.017E+08
 272) CH2CO   + H       = CH3     + CO           1.310E+07
 282) C2H2    + OH      = CO      + CH3          1.154E+09
 286) C2H     + CH4     = C2H2    + CH3          2.987E+09
 289) C2      + CH4     = C2H     + CH3          1.859E+09
 297) CH23    + C2H3    = CH3     + C2H2         7.986E+04
 301) C2H3    + CH4     = C2H4    + CH3          8.947E+09
 303) C2H4    + OH      = H2CO    + CH3          2.968E+09
 304) C2H4    + O       = HCO     + CH3          2.947E+10
 308) CH23    + C2H5    = CH3     + C2H4         2.639E+04
 333) CH3CHO  + HV      = CH3     + HCO          1.216E+07
 339) C3H7    + H       = CH3     + C2H5         2.004E+08
 343) C3H8    + HV      = C2H5    + CH3          7.186E+05
 345) C3H6    + HV      = C2H2    + CH3     H    5.900E+05
 351) C3H6    + OH      = CH3CHO  + CH3          1.852E+07
 352) C3H6    + O       = CH3     + CH3     CO   1.769E+08
 359) CH2CCH2 + H       = CH3     + C2H2         3.962E+07
 362) C2H3    + C2H5    = CH3     + C3H5         2.562E+07
 369) CH3C2H  + H       = CH3     + C2H2         7.431E+09
 381) CH3C2H  + HV      = CH3     + C2H          2.746E+08
 390) C2H6    + HV      = CH3     + CH3          1.603E+08

CH3                    LOSS RXS                INT RX RATE    TL =  4.89E+11
  64) CH3     + O2      = H2CO    + OH           3.096E+10
  65) CH3     + O       = H2CO    + H            5.274E+09
  66) CH3     + O3      = H2CO    + HO2          2.941E+05
  67) CH3     + OH      = CO      + H2      H2   2.303E+05
  68) CH3     + CH3     = C2H6    +              2.099E+11
  69) CH3     + HV      = CH23    + H            1.214E+07
  70) CH3     + H       = CH4     +              8.332E+07
  71) CH3     + HCO     = CH4     + CO           7.073E+07
  72) CH3     + HNO     = CH4     + NO           5.387E+06
  73) CH3     + H2CO    = CH4     + HCO          1.264E+04
 231) CH3     + HCS     = CH4     + CS           2.593E-02
 257) CH3     + O2      = CH3O2   +              1.916E+10
 264) CH3     + OH      = CH3O    + H            4.468E+05
 265) CH3     + O3      = CH3O    + O2           2.941E+05
 274) CH3     + CO      = CH3CO   +              4.699E+09
 277) CH3CO   + CH3     = C2H6    + CO           1.788E+09
 278) CH3CO   + CH3     = CH4     + CH2CO        2.847E+09
 296) CH23    + CH3     = C2H4    + H            4.730E+06
 312) C2H3    + CH3     = C2H2    + CH4          4.609E+06
 315) C2H5    + CH3     = C2H4    + CH4          3.309E+08
 332) CH3CHO  + CH3     = CH3CO   + CH4          2.856E+07
 335) C2H5    + CH3     = C3H8    +              3.309E+08
 350) C2H3    + CH3     = C3H6    +              1.626E+07
 354) C3H7    + CH3     = C3H6    + CH4          1.565E+08
 361) CH3     + C2H3    = C3H5    + H            3.253E+04
 365) C3H5    + CH3     = CH2CCH2 + CH4          1.624E+09
 375) C3H5    + CH3     = CH3C2H  + CH4          1.624E+09

C2H6                PRODUCTION RXS              INT RX RATE    TP =  2.25E+11
  68) CH3     + CH3     = C2H6    +              2.099E+11
 102) C2H5    + HCO     = C2H6    + CO           1.314E+09
 103) C2H5    + HNO     = C2H6    + NO           6.251E+07
 221) C2H5    + H       = C2H6    +              8.080E+09
 277) CH3CO   + CH3     = C2H6    + CO           1.788E+09
 316) C2H5    + C2H3    = C2H6    + C2H2         1.824E+07
 317) C2H5    + C2H5    = C2H6    + C2H4         3.345E+09
 341) C3H8    + HV      = C2H6    + CH21         1.635E+05

C2H6                   LOSS RXS                INT RX RATE    TL =  2.25E+11
  99) C2H6    + OH      = C2H5    + H2O          1.906E+11
 100) C2H6    + O       = C2H5    + OH           9.928E+09
 101) C2H6    + O1D     = C2H5    + OH           7.897E+08
 302) C2H3    + C2H6    = C2H4    + C2H5         6.830E+05
 306) C2H     + C2H6    = C2H2    + C2H5         2.556E+09
 386) C2H6    + HV      = CH4     + CH21         3.274E+08
 387) C2H6    + HV      = C2H2    + H2      H2   4.180E+09
 388) C2H6    + HV      = C2H4    + H       H    2.181E+09
 389) C2H6    + HV      = C2H4    + H2           8.640E+09
 390) C2H6    + HV      = CH3     + CH3          1.603E+08

NO                  PRODUCTION RXS              INT RX RATE    TP =  1.63E+11
  51) HNO2    + HV      = NO      + OH           1.882E+10
  54) NO2     + HV      = NO      + O            2.820E+10
  72) CH3     + HNO     = CH4     + NO           5.387E+06
  76) N       + O2      = NO      + O            4.119E+00
  77) N       + O3      = NO      + O2           9.151E-04
  78) N       + OH      = NO      + H            5.036E+07
  84) NO2     + O       = NO      + O2           7.354E+08
  86) NO2     + H       = NO      + OH           3.151E+10
  88) HNO     + HV      = NO      + H            8.247E+10
  89) H       + HNO     = H2      + NO           1.960E+08
  90) O       + HNO     = OH      + NO           1.990E+08
  91) OH      + HNO     = H2O     + NO           5.876E+05
 103) C2H5    + HNO     = C2H6    + NO           6.251E+07
 108) N       + HO2     = NO      + OH           2.995E+05
 161) SO      + NO2     = SO2     + NO           1.338E+08
 165) HS      + NO2     = HSO     + NO           2.917E+07

NO                     LOSS RXS                INT RX RATE    TL =  1.63E+11
  53) NO      + HV      = N       + O            2.216E+06
  74) H       + NO      = HNO     +              1.850E+08
  79) N       + NO      = N2      + O            5.155E+07
  80) NO      + O3      = NO2     + O2           5.927E+05
  81) NO      + O       = NO2     +              3.980E+08
  82) NO      + HO2     = NO2     + OH           6.003E+10
  83) NO      + OH      = HNO2    +              1.634E+06
  87) HCO     + NO      = HNO     + CO           8.103E+10
 174) HSO     + NO      = HNO     + SO           1.207E+08
 261) NO      + CH3O2   = CH3O    + NO2          1.915E+10
 266) NO      + CH3O    = HNO     + H2CO         1.601E+09

NO2                 PRODUCTION RXS              INT RX RATE    TP =  7.96E+10
  52) HNO3    + HV      = NO2     + OH           4.620E+02
  80) NO      + O3      = NO2     + O2           5.927E+05
  81) NO      + O       = NO2     +              3.980E+08
  82) NO      + HO2     = NO2     + OH           6.003E+10
  92) HNO2    + OH      = H2O     + NO2          9.391E+03
 107) HNO3    + OH      = H2O     + NO2     O    1.923E+02
 261) NO      + CH3O2   = CH3O    + NO2          1.915E+10

NO2                    LOSS RXS                INT RX RATE    TL =  7.94E+10
  54) NO2     + HV      = NO      + O            2.820E+10
  84) NO2     + O       = NO      + O2           7.354E+08
  85) NO2     + OH      = HNO3    +              1.891E+07
  86) NO2     + H       = NO      + OH           3.151E+10
 109) HO2     + NO2     = HNO2    + O2           1.087E+09
 161) SO      + NO2     = SO2     + NO           1.338E+08
 165) HS      + NO2     = HSO     + NO           2.917E+07
 267) NO2     + CH3O    = H2CO    + HNO2         1.773E+10

HNO                 PRODUCTION RXS              INT RX RATE    TP =  8.29E+10
  74) H       + NO      = HNO     +              1.850E+08
  87) HCO     + NO      = HNO     + CO           8.103E+10
 174) HSO     + NO      = HNO     + SO           1.207E+08
 266) NO      + CH3O    = HNO     + H2CO         1.601E+09

HNO                    LOSS RXS                INT RX RATE    TL =  8.29E+10
  72) CH3     + HNO     = CH4     + NO           5.387E+06
  88) HNO     + HV      = NO      + H            8.247E+10
  89) H       + HNO     = H2      + NO           1.960E+08
  90) O       + HNO     = OH      + NO           1.990E+08
  91) OH      + HNO     = H2O     + NO           5.876E+05
 103) C2H5    + HNO     = C2H6    + NO           6.251E+07

O3                  PRODUCTION RXS              INT RX RATE    TP =  2.34E+06
  18) O       + O2      = O3      +              2.339E+06

O3                     LOSS RXS                INT RX RATE    TL =  2.27E+06
   5) H       + O3      = OH      + O2           1.583E+05
  12) OH      + O3      = HO2     + O2           1.047E+00
  14) HO2     + O3      = OH      + O2      O2   5.653E+04
  19) O       + O3      = O2      + O2           3.586E+00
  26) O3      + HV      = O2      + O1D          3.096E+02
  27) O3      + HV      = O2      + O            8.771E+05
  66) CH3     + O3      = H2CO    + HO2          2.941E+05
  77) N       + O3      = NO      + O2           9.151E-04
  80) NO      + O3      = NO2     + O2           5.927E+05
 162) SO      + O3      = SO2     + O2           1.092E+00
 164) HS      + O3      = HSO     + O2           5.105E+00
 166) S       + O3      = SO      + O2           1.489E-01
 199) CS      + O3      = OCS     + O2           9.060E-03
 200) CS      + O3      = SO      + CO2          9.060E-03
 201) CS      + O3      = CO      + SO2          9.060E-03
 265) CH3     + O3      = CH3O    + O2           2.941E+05

HNO3                PRODUCTION RXS              INT RX RATE    TP =  1.89E+07
  85) NO2     + OH      = HNO3    +              1.891E+07

HNO3                   LOSS RXS                INT RX RATE    TL =  1.43E+07
  52) HNO3    + HV      = NO2     + OH           4.620E+02
 107) HNO3    + OH      = H2O     + NO2     O    1.923E+02

N                   PRODUCTION RXS              INT RX RATE    TP =  2.22E+06
  53) NO      + HV      = N       + O            2.216E+06

N                      LOSS RXS                INT RX RATE    TL =  1.02E+08
  75) N       + N       = N2      +              1.408E+02
  76) N       + O2      = NO      + O            4.119E+00
  77) N       + O3      = NO      + O2           9.151E-04
  78) N       + OH      = NO      + H            5.036E+07
  79) N       + NO      = N2      + O            5.155E+07
 108) N       + HO2     = NO      + OH           2.995E+05

C3H2                PRODUCTION RXS              INT RX RATE    TP =  8.93E+09
 367) CH      + C2H2    = C3H2    + H            2.214E+09
 378) C3H3    + HV      = C3H2    + H            4.554E+08
 380) CH3C2H  + HV      = C3H2    + H2           6.042E+09
 383) CH2CCH2 + HV      = C3H2    + H2           2.233E+08

C3H2                   LOSS RXS                INT RX RATE    TL =  8.93E+09
 371) C3H2    + H       = C3H3    +              8.935E+09

C3H3                PRODUCTION RXS              INT RX RATE    TP =  1.70E+10
 371) C3H2    + H       = C3H3    +              8.935E+09
 379) CH3C2H  + HV      = C3H3    + H            7.689E+09
 382) CH2CCH2 + HV      = C3H3    + H            3.970E+08

C3H3                   LOSS RXS                INT RX RATE    TL =  1.70E+10
 372) C3H3    + H       = CH3C2H  +              8.283E+09
 373) C3H3    + H       = CH2CCH2 +              8.283E+09
 378) C3H3    + HV      = C3H2    + H            4.554E+08

CH3C2H              PRODUCTION RXS              INT RX RATE    TP =  2.89E+10
 358) CH      + C2H4    = CH3C2H  + H            1.401E+09
 368) CH23    + C2H2    = CH3C2H  +              2.116E+09
 372) C3H3    + H       = CH3C2H  +              8.283E+09
 374) C3H5    + H       = CH3C2H  + H2           1.350E+09
 375) C3H5    + CH3     = CH3C2H  + CH4          1.624E+09
 376) CH2CCH2 + H       = CH3C2H  + H            1.409E+10

CH3C2H                 LOSS RXS                INT RX RATE    TL =  2.89E+10
 369) CH3C2H  + H       = CH3     + C2H2         7.431E+09
 370) CH3C2H  + H       = C3H5    +              7.431E+09
 379) CH3C2H  + HV      = C3H3    + H            7.689E+09
 380) CH3C2H  + HV      = C3H2    + H2           6.042E+09
 381) CH3C2H  + HV      = CH3     + C2H          2.746E+08

CH2CCH2             PRODUCTION RXS              INT RX RATE    TP =  1.48E+10
 346) C3H6    + HV      = CH2CCH2 + H2           2.363E+04
 357) CH      + C2H4    = CH2CCH2 + H            1.401E+09
 365) C3H5    + CH3     = CH2CCH2 + CH4          1.624E+09
 366) C3H5    + H       = CH2CCH2 + H2           1.350E+09
 373) C3H3    + H       = CH2CCH2 +              8.283E+09
 377) CH23    + C2H2    = CH2CCH2 +              2.116E+09

CH2CCH2                LOSS RXS                INT RX RATE    TL =  1.48E+10
 359) CH2CCH2 + H       = CH3     + C2H2         3.962E+07
 360) CH2CCH2 + H       = C3H5    +              1.150E+07
 376) CH2CCH2 + H       = CH3C2H  + H            1.409E+10
 382) CH2CCH2 + HV      = C3H3    + H            3.970E+08
 383) CH2CCH2 + HV      = C3H2    + H2           2.233E+08
 392) C2H     + CH2CCH2 = HCAER2  + H            8.538E+06

C3H5                PRODUCTION RXS              INT RX RATE    TP =  7.47E+09
 360) CH2CCH2 + H       = C3H5    +              1.150E+07
 361) CH3     + C2H3    = C3H5    + H            3.253E+04
 362) C2H3    + C2H5    = CH3     + C3H5         2.562E+07
 370) CH3C2H  + H       = C3H5    +              7.431E+09

C3H5                   LOSS RXS                INT RX RATE    TL =  7.47E+09
 363) C3H5    + H       = C3H6    +              1.707E+08
 364) C3H5    + H       = CH4     + C2H2         1.350E+09
 365) C3H5    + CH3     = CH2CCH2 + CH4          1.624E+09
 366) C3H5    + H       = CH2CCH2 + H2           1.350E+09
 374) C3H5    + H       = CH3C2H  + H2           1.350E+09
 375) C3H5    + CH3     = CH3C2H  + CH4          1.624E+09

C2H5CHO             PRODUCTION RXS              INT RX RATE    TP =  1.20E+08
 355) C3H7    + OH      = C2H5CHO + H2           1.969E+06
 356) C3H7    + O       = C2H5CHO + H            1.180E+08

C2H5CHO                LOSS RXS                INT RX RATE    TL =  1.20E+08
 349) C2H5CHO + HV      = C2H5    + HCO          1.783E+07

C3H6                PRODUCTION RXS              INT RX RATE    TP =  3.46E+08
 340) C3H8    + HV      = C3H6    + H2           2.285E+06
 350) C2H3    + CH3     = C3H6    +              1.626E+07
 354) C3H7    + CH3     = C3H6    + CH4          1.565E+08
 363) C3H5    + H       = C3H6    +              1.707E+08

C3H6                   LOSS RXS                INT RX RATE    TL =  3.46E+08
 345) C3H6    + HV      = C2H2    + CH3     H    5.900E+05
 346) C3H6    + HV      = CH2CCH2 + H2           2.363E+04
 347) C3H6    + HV      = C2H4    + CH23         3.470E+04
 348) C3H6    + HV      = C2H     + CH4     H    8.676E+04
 351) C3H6    + OH      = CH3CHO  + CH3          1.852E+07
 352) C3H6    + O       = CH3     + CH3     CO   1.769E+08
 353) C3H6    + H       = C3H7    +              1.496E+08

C3H7                PRODUCTION RXS              INT RX RATE    TP =  4.77E+08
 336) C3H8    + OH      = C3H7    + H2O          2.186E+08
 337) C3H8    + O       = C3H7    + OH           1.086E+08
 338) C3H8    + O1D     = C3H7    + OH           2.503E+04
 344) C2H     + C3H8    = C2H2    + C3H7         9.920E+04
 353) C3H6    + H       = C3H7    +              1.496E+08

C3H7                   LOSS RXS                INT RX RATE    TL =  4.77E+08
 339) C3H7    + H       = CH3     + C2H5         2.004E+08
 354) C3H7    + CH3     = C3H6    + CH4          1.565E+08
 355) C3H7    + OH      = C2H5CHO + H2           1.969E+06
 356) C3H7    + O       = C2H5CHO + H            1.180E+08

C3H8                PRODUCTION RXS              INT RX RATE    TP =  3.31E+08
 335) C2H5    + CH3     = C3H8    +              3.309E+08

C3H8                   LOSS RXS                INT RX RATE    TL =  3.31E+08
 336) C3H8    + OH      = C3H7    + H2O          2.186E+08
 337) C3H8    + O       = C3H7    + OH           1.086E+08
 338) C3H8    + O1D     = C3H7    + OH           2.503E+04
 340) C3H8    + HV      = C3H6    + H2           2.285E+06
 341) C3H8    + HV      = C2H6    + CH21         1.635E+05
 342) C3H8    + HV      = C2H4    + CH4          4.608E+05
 343) C3H8    + HV      = C2H5    + CH3          7.186E+05
 344) C2H     + C3H8    = C2H2    + C3H7         9.920E+04

C2H4OH              PRODUCTION RXS              INT RX RATE    TP =  3.55E+08
 324) C2H4    + OH      = C2H4OH  +              3.550E+08

C2H4OH                 LOSS RXS                INT RX RATE    TL =  3.55E+08
 325) C2H4OH  + H       = H2O     + C2H4         3.548E+08
 326) C2H4OH  + H       = H2      + CH3CHO       1.548E+05
 327) C2H4OH  + O       = OH      + CH3CHO       4.142E+04
 328) C2H4OH  + OH      = H2O     + CH3CHO       1.618E+04

C2H2OH              PRODUCTION RXS              INT RX RATE    TP =  1.54E+08
 318) C2H2    + OH      = C2H2OH  +              1.541E+08

C2H2OH                 LOSS RXS                INT RX RATE    TL =  1.54E+08
 320) C2H2OH  + H       = H2O     + C2H2         1.540E+08
 321) C2H2OH  + H       = H2      + CH2CO        6.380E+04
 322) C2H2OH  + O       = OH      + CH2CO        1.703E+04
 323) C2H2OH  + OH      = H2O     + CH2CO        6.612E+03

C2H5                PRODUCTION RXS              INT RX RATE    TP =  2.19E+11
  99) C2H6    + OH      = C2H5    + H2O          1.906E+11
 100) C2H6    + O       = C2H5    + OH           9.928E+09
 101) C2H6    + O1D     = C2H5    + OH           7.897E+08
 302) C2H3    + C2H6    = C2H4    + C2H5         6.830E+05
 305) C2H4    + H       = C2H5    +              1.491E+10
 306) C2H     + C2H6    = C2H2    + C2H5         2.556E+09
 339) C3H7    + H       = CH3     + C2H5         2.004E+08
 343) C3H8    + HV      = C2H5    + CH3          7.186E+05
 349) C2H5CHO + HV      = C2H5    + HCO          1.783E+07

C2H5                   LOSS RXS                INT RX RATE    TL =  2.19E+11
 102) C2H5    + HCO     = C2H6    + CO           1.314E+09
 103) C2H5    + HNO     = C2H6    + NO           6.251E+07
 104) C2H5    + O2      = CH3     + HCO     OH   1.993E+11
 220) C2H5    + H       = CH3     + CH3          2.329E+09
 221) C2H5    + H       = C2H6    +              8.080E+09
 222) C2H5    + H       = C2H4    + H2           1.164E+08
 223) C2H5    + O       = CH3     + HCO     H    6.871E+07
 224) C2H5    + O       = H2CO    + CH3          6.115E+07
 225) C2H5    + O       = CH3CHO  + H            3.046E+08
 226) C2H5    + OH      = CH3     + HCO     H2   1.087E+05
 227) C2H5    + OH      = CH3CHO  + H2           2.719E+05
 228) C2H5    + OH      = C2H4    + H2O          1.087E+05
 308) CH23    + C2H5    = CH3     + C2H4         2.639E+04
 314) C2H3    + C2H5    = C2H4    + C2H4         9.120E+06
 315) C2H5    + CH3     = C2H4    + CH4          3.309E+08
 316) C2H5    + C2H3    = C2H6    + C2H2         1.824E+07
 317) C2H5    + C2H5    = C2H6    + C2H4         3.345E+09
 335) C2H5    + CH3     = C3H8    +              3.309E+08
 362) C2H3    + C2H5    = CH3     + C3H5         2.562E+07

C2H4                PRODUCTION RXS              INT RX RATE    TP =  7.48E+10
 222) C2H5    + H       = C2H4    + H2           1.164E+08
 228) C2H5    + OH      = C2H4    + H2O          1.087E+05
 296) CH23    + CH3     = C2H4    + H            4.730E+06
 300) C2H3    + H2      = C2H4    + H            1.387E+08
 301) C2H3    + CH4     = C2H4    + CH3          8.947E+09
 302) C2H3    + C2H6    = C2H4    + C2H5         6.830E+05
 307) CH      + CH4     = C2H4    + H            5.072E+10
 308) CH23    + C2H5    = CH3     + C2H4         2.639E+04
 313) C2H3    + C2H3    = C2H4    + C2H2         4.454E+07
 314) C2H3    + C2H5    = C2H4    + C2H4         9.120E+06
 315) C2H5    + CH3     = C2H4    + CH4          3.309E+08
 317) C2H5    + C2H5    = C2H6    + C2H4         3.345E+09
 325) C2H4OH  + H       = H2O     + C2H4         3.548E+08
 342) C3H8    + HV      = C2H4    + CH4          4.608E+05
 347) C3H6    + HV      = C2H4    + CH23         3.470E+04
 388) C2H6    + HV      = C2H4    + H       H    2.181E+09
 389) C2H6    + HV      = C2H4    + H2           8.640E+09

C2H4                   LOSS RXS                INT RX RATE    TL =  7.48E+10
 294) C2H4    + HV      = C2H2    + H2           1.426E+10
 295) C2H4    + HV      = C2H2    + H       H    1.007E+10
 303) C2H4    + OH      = H2CO    + CH3          2.968E+09
 304) C2H4    + O       = HCO     + CH3          2.947E+10
 305) C2H4    + H       = C2H5    +              1.491E+10
 324) C2H4    + OH      = C2H4OH  +              3.550E+08
 357) CH      + C2H4    = CH2CCH2 + H            1.401E+09
 358) CH      + C2H4    = CH3C2H  + H            1.401E+09

CH                  PRODUCTION RXS              INT RX RATE    TP =  5.63E+10
 253) CH23    + O       = CH      + OH           5.410E+07
 256) CH23    + H       = CH      + H2           5.620E+10
 284) C2H     + O       = CO      + CH           1.610E+06

CH                     LOSS RXS                INT RX RATE    TL =  5.63E+10
 242) CH      + H       = C       + H2           2.921E+08
 243) CH      + O       = CO      + H            6.445E+06
 244) CH      + H2      = CH23    + H            6.059E+05
 245) CH      + H2      = CH3     +              1.084E+04
 246) CH      + O2      = CO      + OH           1.593E+05
 247) CH      + CO2     = HCO     + CO           2.212E+08
 248) CH      + HV      = C       + H            1.345E+04
 249) CH      + S       = CS      + H            5.902E+00
 250) CH      + S2      = CS      + HS           7.943E-10
 251) CH      + CS2     = HCS     + CS           1.617E-09
 252) OCS     + CH      = CO      + HCS          2.348E+01
 307) CH      + CH4     = C2H4    + H            5.072E+10
 357) CH      + C2H4    = CH2CCH2 + H            1.401E+09
 358) CH      + C2H4    = CH3C2H  + H            1.401E+09
 367) CH      + C2H2    = C3H2    + H            2.214E+09

CH3O2               PRODUCTION RXS              INT RX RATE    TP =  1.92E+10
 257) CH3     + O2      = CH3O2   +              1.916E+10

CH3O2                  LOSS RXS                INT RX RATE    TL =  1.92E+10
 258) CH3O2   + H       = CH4     + O2           3.645E+06
 259) CH3O2   + H       = H2O     + H2CO         2.604E+06
 260) CH3O2   + O       = H2CO    + HO2          2.990E+06
 261) NO      + CH3O2   = CH3O    + NO2          1.915E+10

CH3O                PRODUCTION RXS              INT RX RATE    TP =  2.03E+10
 261) NO      + CH3O2   = CH3O    + NO2          1.915E+10
 262) HCO     + H2CO    = CH3O    + CO           2.666E+06
 264) CH3     + OH      = CH3O    + H            4.468E+05
 265) CH3     + O3      = CH3O    + O2           2.941E+05
 268) O1D     + CH4     = CH3O    + H            1.102E+09

CH3O                   LOSS RXS                INT RX RATE    TL =  2.03E+10
 263) CH3O    + CO      = CH3     + CO2          1.017E+08
 266) NO      + CH3O    = HNO     + H2CO         1.601E+09
 267) NO2     + CH3O    = H2CO    + HNO2         1.773E+10
 269) CH3O    + O2      = H2CO    + HO2          8.250E+08

CH2CO               PRODUCTION RXS              INT RX RATE    TP =  5.42E+09
 271) CH23    + CO      = CH2CO   +              8.787E+06
 278) CH3CO   + CH3     = CH4     + CH2CO        2.847E+09
 310) C2H3    + O       = CH2CO   + H            8.466E+08
 319) C2H2    + OH      = CH2CO   + H            1.721E+09
 321) C2H2OH  + H       = H2      + CH2CO        6.380E+04
 322) C2H2OH  + O       = OH      + CH2CO        1.703E+04
 323) C2H2OH  + OH      = H2O     + CH2CO        6.612E+03

CH2CO                  LOSS RXS                INT RX RATE    TL =  5.42E+09
 270) CH2CO   + HV      = CH23    + CO           5.571E+08
 272) CH2CO   + H       = CH3     + CO           1.310E+07
 273) CH2CO   + O       = H2CO    + CO           4.853E+09

CH3CO               PRODUCTION RXS              INT RX RATE    TP =  5.00E+09
 274) CH3     + CO      = CH3CO   +              4.699E+09
 329) CH3CHO  + H       = CH3CO   + H2           2.686E+07
 330) CH3CHO  + O       = CH3CO   + OH           2.353E+08
 331) CH3CHO  + OH      = CH3CO   + H2O          5.136E+06
 332) CH3CHO  + CH3     = CH3CO   + CH4          2.856E+07

CH3CO                  LOSS RXS                INT RX RATE    TL =  5.00E+09
 275) CH3CO   + H       = CH4     + CO           3.233E+08
 276) CH3CO   + O       = H2CO    + HCO          3.717E+07
 277) CH3CO   + CH3     = C2H6    + CO           1.788E+09
 278) CH3CO   + CH3     = CH4     + CH2CO        2.847E+09

CH3CHO              PRODUCTION RXS              INT RX RATE    TP =  3.24E+08
 225) C2H5    + O       = CH3CHO  + H            3.046E+08
 227) C2H5    + OH      = CH3CHO  + H2           2.719E+05
 326) C2H4OH  + H       = H2      + CH3CHO       1.548E+05
 327) C2H4OH  + O       = OH      + CH3CHO       4.142E+04
 328) C2H4OH  + OH      = H2O     + CH3CHO       1.618E+04
 351) C3H6    + OH      = CH3CHO  + CH3          1.852E+07

CH3CHO                 LOSS RXS                INT RX RATE    TL =  3.24E+08
 329) CH3CHO  + H       = CH3CO   + H2           2.686E+07
 330) CH3CHO  + O       = CH3CO   + OH           2.353E+08
 331) CH3CHO  + OH      = CH3CO   + H2O          5.136E+06
 332) CH3CHO  + CH3     = CH3CO   + CH4          2.856E+07
 333) CH3CHO  + HV      = CH3     + HCO          1.216E+07
 334) CH3CHO  + HV      = CH4     + CO           1.216E+07

C2H2                PRODUCTION RXS              INT RX RATE    TP =  4.79E+10
 279) CH23    + CH23    = C2H2    + H2           1.053E+06
 285) C2H     + H2      = C2H2    + H            1.345E+06
 286) C2H     + CH4     = C2H2    + CH3          2.987E+09
 287) C2H     + H       = C2H2    +              1.046E+06
 294) C2H4    + HV      = C2H2    + H2           1.426E+10
 295) C2H4    + HV      = C2H2    + H       H    1.007E+10
 297) CH23    + C2H3    = CH3     + C2H2         7.986E+04
 299) C2H3    + H       = C2H2    + H2           4.788E+09
 306) C2H     + C2H6    = C2H2    + C2H5         2.556E+09
 311) C2H3    + OH      = C2H2    + H2O          7.580E+04
 312) C2H3    + CH3     = C2H2    + CH4          4.609E+06
 313) C2H3    + C2H3    = C2H4    + C2H2         4.454E+07
 316) C2H5    + C2H3    = C2H6    + C2H2         1.824E+07
 320) C2H2OH  + H       = H2O     + C2H2         1.540E+08
 344) C2H     + C3H8    = C2H2    + C3H7         9.920E+04
 345) C3H6    + HV      = C2H2    + CH3     H    5.900E+05
 359) CH2CCH2 + H       = CH3     + C2H2         3.962E+07
 364) C3H5    + H       = CH4     + C2H2         1.350E+09
 369) CH3C2H  + H       = CH3     + C2H2         7.431E+09
 387) C2H6    + HV      = C2H2    + H2      H2   4.180E+09

C2H2                   LOSS RXS                INT RX RATE    TL =  4.79E+10
 280) C2H2    + HV      = C2H     + H            5.580E+09
 281) C2H2    + HV      = C2      + H2           1.860E+09
 282) C2H2    + OH      = CO      + CH3          1.154E+09
 298) C2H2    + H       = C2H3    +              1.488E+10
 309) C2H2    + O       = CH23    + CO           1.392E+10
 318) C2H2    + OH      = C2H2OH  +              1.541E+08
 319) C2H2    + OH      = CH2CO   + H            1.721E+09
 367) CH      + C2H2    = C3H2    + H            2.214E+09
 368) CH23    + C2H2    = CH3C2H  +              2.116E+09
 377) CH23    + C2H2    = CH2CCH2 +              2.116E+09
 391) C2H     + C2H2    = HCAER   + H            2.158E+09

CH23                PRODUCTION RXS              INT RX RATE    TP =  6.81E+10
  60) CH21    + M       = CH23    + M            3.075E+10
  69) CH3     + HV      = CH23    + H            1.214E+07
  95) CH21    + H2      = CH23    + H2           1.378E+08
 236) CH4     + HV      = CH23    + H       H    2.255E+10
 238) C       + H2      = CH23    +              2.071E+08
 244) CH      + H2      = CH23    + H            6.059E+05
 270) CH2CO   + HV      = CH23    + CO           5.571E+08
 309) C2H2    + O       = CH23    + CO           1.392E+10
 347) C3H6    + HV      = C2H4    + CH23         3.470E+04

CH23                   LOSS RXS                INT RX RATE    TL =  6.81E+10
  61) CH23    + H2      = CH3     + H            3.777E+08
  62) CH23    + CH4     = CH3     + CH3          1.423E+04
  63) CH23    + O2      = HCO     + OH           6.306E+06
  97) CH23    + O       = HCO     + H            6.762E+07
  98) CH23    + CO2     = H2CO    + CO           6.618E+09
 230) CH23    + S2      = HCS     + HS           1.298E-03
 232) CH23    + S       = HCS     + H            3.989E+01
 253) CH23    + O       = CH      + OH           5.410E+07
 254) CH23    + O       = CO      + H       H    5.613E+08
 255) CH23    + H       = CH3     +              1.301E+06
 256) CH23    + H       = CH      + H2           5.620E+10
 271) CH23    + CO      = CH2CO   +              8.787E+06
 279) CH23    + CH23    = C2H2    + H2           1.053E+06
 296) CH23    + CH3     = C2H4    + H            4.730E+06
 297) CH23    + C2H3    = CH3     + C2H2         7.986E+04
 308) CH23    + C2H5    = CH3     + C2H4         2.639E+04
 368) CH23    + C2H2    = CH3C2H  +              2.116E+09
 377) CH23    + C2H2    = CH2CCH2 +              2.116E+09

C2H                 PRODUCTION RXS              INT RX RATE    TP =  7.71E+09
 280) C2H2    + HV      = C2H     + H            5.580E+09
 288) C2      + H2      = C2H     + H            4.849E+05
 289) C2      + CH4     = C2H     + CH3          1.859E+09
 348) C3H6    + HV      = C2H     + CH4     H    8.676E+04
 381) CH3C2H  + HV      = CH3     + C2H          2.746E+08

C2H                    LOSS RXS                INT RX RATE    TL =  7.71E+09
 283) C2H     + O2      = CO      + HCO          5.821E+05
 284) C2H     + O       = CO      + CH           1.610E+06
 285) C2H     + H2      = C2H2    + H            1.345E+06
 286) C2H     + CH4     = C2H2    + CH3          2.987E+09
 287) C2H     + H       = C2H2    +              1.046E+06
 306) C2H     + C2H6    = C2H2    + C2H5         2.556E+09
 344) C2H     + C3H8    = C2H2    + C3H7         9.920E+04
 391) C2H     + C2H2    = HCAER   + H            2.158E+09
 392) C2H     + CH2CCH2 = HCAER2  + H            8.538E+06

C2                  PRODUCTION RXS              INT RX RATE    TP =  1.86E+09
 281) C2H2    + HV      = C2      + H2           1.860E+09

C2                     LOSS RXS                INT RX RATE    TL =  1.86E+09
 288) C2      + H2      = C2H     + H            4.849E+05
 289) C2      + CH4     = C2H     + CH3          1.859E+09
 290) C2      + S       = C       + CS           5.439E-01
 291) C2      + S2      = CS      + CS           2.002E-08
 292) C2      + O       = C       + CO           4.539E+05
 293) C2      + O2      = CO      + CO           1.885E+03

C2H3                PRODUCTION RXS              INT RX RATE    TP =  1.49E+10
 298) C2H2    + H       = C2H3    +              1.488E+10

C2H3                   LOSS RXS                INT RX RATE    TL =  1.49E+10
 297) CH23    + C2H3    = CH3     + C2H2         7.986E+04
 299) C2H3    + H       = C2H2    + H2           4.788E+09
 300) C2H3    + H2      = C2H4    + H            1.387E+08
 301) C2H3    + CH4     = C2H4    + CH3          8.947E+09
 302) C2H3    + C2H6    = C2H4    + C2H5         6.830E+05
 310) C2H3    + O       = CH2CO   + H            8.466E+08
 311) C2H3    + OH      = C2H2    + H2O          7.580E+04
 312) C2H3    + CH3     = C2H2    + CH4          4.609E+06
 313) C2H3    + C2H3    = C2H4    + C2H2         4.454E+07
 314) C2H3    + C2H5    = C2H4    + C2H4         9.120E+06
 316) C2H5    + C2H3    = C2H6    + C2H2         1.824E+07
 350) C2H3    + CH3     = C3H6    +              1.626E+07
 361) CH3     + C2H3    = C3H5    + H            3.253E+04
 362) C2H3    + C2H5    = CH3     + C3H5         2.562E+07

HCS                 PRODUCTION RXS              INT RX RATE    TP =  6.34E+01
 216) H       + CS      = HCS     +              5.053E-06
 229) CH21    + S2      = HCS     + HS           8.025E-11
 230) CH23    + S2      = HCS     + HS           1.298E-03
 232) CH23    + S       = HCS     + H            3.989E+01
 251) CH      + CS2     = HCS     + CS           1.617E-09
 252) OCS     + CH      = CO      + HCS          2.348E+01

HCS                    LOSS RXS                INT RX RATE    TL =  6.34E+01
 217) H       + HCS     = H2      + CS           6.334E+01
 218) S       + HCS     = H       + CS2          1.602E-03
 219) S       + HCS     = HS      + CS           1.602E-03
 231) CH3     + HCS     = CH4     + CS           2.593E-02
 233) HS      + HCS     = H2S     + CS           5.338E-05

CS2                 PRODUCTION RXS              INT RX RATE    TP =  3.27E-03
 205) CS2X    + M       = CS2     + M            1.631E-03
 208) CS      + HS      = CS2     + H            3.520E-05
 218) S       + HCS     = H       + CS2          1.602E-03

CS2                    LOSS RXS                INT RX RATE    TL =  3.27E-03
 202) CS2     + O       = SO      + CS           3.012E-04
 203) CS2     + O       = OCS     + S            2.824E-05
 204) CS2     + OH      = OCS     + HS           1.570E-09
 207) CS2X    + CS2     = CS      + CS      S2   3.576E-24
 209) CS2     + O       = CO      + S2           7.987E-06
 210) CS2     + SO      = OCS     + S2           9.313E-07
 211) CS2     + S       = CS      + S2           8.070E-09
 213) CS2     + HV      = CS      + S            1.299E-03
 214) CS2     + HV      = CS2X    +              1.631E-03
 251) CH      + CS2     = HCS     + CS           1.617E-09

CS                  PRODUCTION RXS              INT RX RATE    TP =  7.06E+01
 202) CS2     + O       = SO      + CS           3.012E-04
 206) CS2X    + O2      = CS      + SO2          2.285E-14
 207) CS2X    + CS2     = CS      + CS      S2   3.576E-24
 211) CS2     + S       = CS      + S2           8.070E-09
 213) CS2     + HV      = CS      + S            1.299E-03
 217) H       + HCS     = H2      + CS           6.334E+01
 219) S       + HCS     = HS      + CS           1.602E-03
 231) CH3     + HCS     = CH4     + CS           2.593E-02
 233) HS      + HCS     = H2S     + CS           5.338E-05
 240) C       + HS      = CS      + H            7.962E-01
 241) C       + S2      = CS      + S            1.622E-06
 249) CH      + S       = CS      + H            5.902E+00
 250) CH      + S2      = CS      + HS           7.943E-10
 251) CH      + CS2     = HCS     + CS           1.617E-09
 290) C2      + S       = C       + CS           5.439E-01
 291) C2      + S2      = CS      + CS           2.002E-08

CS                     LOSS RXS                INT RX RATE    TL =  7.06E+01
 197) CS      + O2      = OCS     + O            2.575E-04
 198) CS      + O2      = CO      + SO           3.219E-05
 199) CS      + O3      = OCS     + O2           9.060E-03
 200) CS      + O3      = SO      + CO2          9.060E-03
 201) CS      + O3      = CO      + SO2          9.060E-03
 208) CS      + HS      = CS2     + H            3.520E-05
 212) CS      + O       = CO      + S            7.059E+01
 216) H       + CS      = HCS     +              5.053E-06

OCS                 PRODUCTION RXS              INT RX RATE    TP =  2.43E+04
 183) HS      + CO      = OCS     + H            1.105E-03
 188) S       + HCO     = OCS     + H            6.261E+03
 189) S       + CO      = OCS     +              1.805E+04
 193) OCS2    + S       = OCS     + S2           8.695E-10
 196) OCS2    + CO      = OCS     + OCS          5.310E+00
 197) CS      + O2      = OCS     + O            2.575E-04
 199) CS      + O3      = OCS     + O2           9.060E-03
 203) CS2     + O       = OCS     + S            2.824E-05
 204) CS2     + OH      = OCS     + HS           1.570E-09
 210) CS2     + SO      = OCS     + S2           9.313E-07

OCS                    LOSS RXS                INT RX RATE    TL =  2.43E+04
 182) H       + OCS     = CO      + HS           1.731E+04
 184) O       + OCS     = CO      + SO           3.429E+03
 185) O       + OCS     = S       + CO2          6.477E-02
 186) OCS     + S       = CO      + S2           1.726E+02
 187) OCS     + OH      = CO2     + HS           1.221E+01
 190) OCS     + HV      = CO      + S            2.911E+03
 192) OCS     + S       = OCS2    +              5.310E+00
 252) OCS     + CH      = CO      + HCS          2.348E+01

S                   PRODUCTION RXS              INT RX RATE    TP =  3.11E+05
 110) SO      + HV      = S       + O            7.464E+04
 132) HS      + HS      = H2S     + S            4.109E+00
 134) HS      + H       = H2      + S            1.977E+05
 142) S2      + O       = S       + SO           2.636E+01
 144) S2      + HV      = S       + S            1.439E+02
 150) S3      + HV      = S2      + S            6.720E-03
 167) SO      + SO      = SO2     + S            3.563E+04
 185) O       + OCS     = S       + CO2          6.477E-02
 190) OCS     + HV      = CO      + S            2.911E+03
 203) CS2     + O       = OCS     + S            2.824E-05
 212) CS      + O       = CO      + S            7.059E+01
 213) CS2     + HV      = CS      + S            1.299E-03
 241) C       + S2      = CS      + S            1.622E-06

S                      LOSS RXS                INT RX RATE    TL =  3.11E+05
 135) HS      + S       = H       + S2           3.466E+00
 136) S       + O2      = SO      + O            2.379E+05
 137) S       + OH      = SO      + H            3.702E+02
 138) S       + HCO     = HS      + CO           7.827E+02
 139) S       + HO2     = HS      + O2           2.574E+02
 140) S       + HO2     = SO      + OH           2.574E+02
 141) S       + S       = S2      +              1.793E-04
 145) S       + S2      = S3      +              6.726E-03
 147) S       + S3      = S4      +              5.986E-06
 166) S       + O3      = SO      + O2           1.489E-01
 169) S       + CO2     = SO      + CO           4.173E+04
 180) HSO     + S       = HS      + SO           5.429E+03
 186) OCS     + S       = CO      + S2           1.726E+02
 188) S       + HCO     = OCS     + H            6.261E+03
 189) S       + CO      = OCS     +              1.805E+04
 192) OCS     + S       = OCS2    +              5.310E+00
 193) OCS2    + S       = OCS     + S2           8.695E-10
 211) CS2     + S       = CS      + S2           8.070E-09
 218) S       + HCS     = H       + CS2          1.602E-03
 219) S       + HCS     = HS      + CS           1.602E-03
 232) CH23    + S       = HCS     + H            3.989E+01
 249) CH      + S       = CS      + H            5.902E+00
 290) C2      + S       = C       + CS           5.439E-01

HS                  PRODUCTION RXS              INT RX RATE    TP =  3.25E+07
 111) H2S     + HV      = HS      + H            2.918E+05
 126) H2S     + OH      = H2O     + HS           4.249E+05
 127) H2S     + H       = H2      + HS           1.618E+07
 128) H2S     + O       = OH      + HS           7.526E+04
 138) S       + HCO     = HS      + CO           7.827E+02
 139) S       + HO2     = HS      + O2           2.574E+02
 173) HSO     + HV      = HS      + O            5.363E+03
 176) HSO     + H       = HS      + OH           1.549E+07
 180) HSO     + S       = HS      + SO           5.429E+03
 182) H       + OCS     = CO      + HS           1.731E+04
 187) OCS     + OH      = CO2     + HS           1.221E+01
 204) CS2     + OH      = OCS     + HS           1.570E-09
 219) S       + HCS     = HS      + CS           1.602E-03
 229) CH21    + S2      = HCS     + HS           8.025E-11
 230) CH23    + S2      = HCS     + HS           1.298E-03
 250) CH      + S2      = CS      + HS           7.943E-10

HS                     LOSS RXS                INT RX RATE    TL =  3.25E+07
 129) HS      + O       = H       + SO           1.978E+05
 130) HS      + O2      = OH      + SO           1.361E-01
 131) HS      + HO2     = H2S     + O2           8.777E+03
 132) HS      + HS      = H2S     + S            4.109E+00
 133) HS      + HCO     = H2S     + CO           3.106E+03
 134) HS      + H       = H2      + S            1.977E+05
 135) HS      + S       = H       + S2           3.466E+00
 143) HS      + H2CO    = H2S     + HCO          2.871E+06
 164) HS      + O3      = HSO     + O2           5.105E+00
 165) HS      + NO2     = HSO     + NO           2.917E+07
 178) HSO     + HS      = H2S     + SO           3.490E+04
 183) HS      + CO      = OCS     + H            1.105E-03
 208) CS      + HS      = CS2     + H            3.520E-05
 215) CH4     + HS      = CH3     + H2S          4.797E-06
 233) HS      + HCS     = H2S     + CS           5.338E-05
 240) C       + HS      = CS      + H            7.962E-01

H2S                 PRODUCTION RXS              INT RX RATE    TP =  2.92E+06
 131) HS      + HO2     = H2S     + O2           8.777E+03
 132) HS      + HS      = H2S     + S            4.109E+00
 133) HS      + HCO     = H2S     + CO           3.106E+03
 143) HS      + H2CO    = H2S     + HCO          2.871E+06
 178) HSO     + HS      = H2S     + SO           3.490E+04
 215) CH4     + HS      = CH3     + H2S          4.797E-06
 233) HS      + HCS     = H2S     + CS           5.338E-05

H2S                    LOSS RXS                INT RX RATE    TL =  3.12E+08
 111) H2S     + HV      = HS      + H            2.918E+05
 126) H2S     + OH      = H2O     + HS           4.249E+05
 127) H2S     + H       = H2      + HS           1.618E+07
 128) H2S     + O       = OH      + HS           7.526E+04
 191) H2S     + HO2     = H2O     + HSO          2.951E+08

SO3                 PRODUCTION RXS              INT RX RATE    TP =  4.00E+05
 120) SO2     + O       = SO3     +              1.832E+05
 122) HSO3    + O2      = HO2     + SO3          1.100E+05
 123) HSO3    + OH      = H2O     + SO3          7.762E-01
 124) HSO3    + H       = H2      + SO3          5.502E+02
 125) HSO3    + O       = OH      + SO3          9.301E+02
 156) SO21    + O2      = SO3     + O            8.820E-06
 157) SO21    + SO2     = SO3     + SO           2.087E-01
 160) SO23    + SO2     = SO3     + SO           3.396E-01
 163) SO2     + HO2     = SO3     + OH           1.053E+05

SO3                    LOSS RXS                INT RX RATE    TL =  4.00E+05
 121) SO3     + H2O     = H2SO4   +              3.999E+05
 151) SO3     + HV      = SO2     + O            1.460E-01
 168) SO3     + SO      = SO2     + SO2          2.311E-04

S2                  PRODUCTION RXS              INT RX RATE    TP =  1.78E+02
 135) HS      + S       = H       + S2           3.466E+00
 141) S       + S       = S2      +              1.793E-04
 149) S4      + HV      = S2      + S2           1.056E+00
 150) S3      + HV      = S2      + S            6.720E-03
 186) OCS     + S       = CO      + S2           1.726E+02
 193) OCS2    + S       = OCS     + S2           8.695E-10
 207) CS2X    + CS2     = CS      + CS      S2   3.576E-24
 209) CS2     + O       = CO      + S2           7.987E-06
 210) CS2     + SO      = OCS     + S2           9.313E-07
 211) CS2     + S       = CS      + S2           8.070E-09

S2                     LOSS RXS                INT RX RATE    TL =  1.78E+02
 142) S2      + O       = S       + SO           2.636E+01
 144) S2      + HV      = S       + S            1.439E+02
 145) S       + S2      = S3      +              6.726E-03
 146) S2      + S2      = S4      +              3.961E+00
 229) CH21    + S2      = HCS     + HS           8.025E-11
 230) CH23    + S2      = HCS     + HS           1.298E-03
 241) C       + S2      = CS      + S            1.622E-06
 250) CH      + S2      = CS      + HS           7.943E-10
 291) C2      + S2      = CS      + CS           2.002E-08

HSO                 PRODUCTION RXS              INT RX RATE    TP =  3.25E+08
 164) HS      + O3      = HSO     + O2           5.105E+00
 165) HS      + NO2     = HSO     + NO           2.917E+07
 170) SO      + HO2     = HSO     + O2           6.692E+05
 171) SO      + HCO     = HSO     + CO           2.320E+05
 172) H       + SO      = HSO     +              5.106E+03
 191) H2S     + HO2     = H2O     + HSO          2.951E+08

HSO                    LOSS RXS                INT RX RATE    TL =  1.77E+08
 173) HSO     + HV      = HS      + O            5.363E+03
 174) HSO     + NO      = HNO     + SO           1.207E+08
 175) HSO     + OH      = H2O     + SO           1.579E+05
 176) HSO     + H       = HS      + OH           1.549E+07
 177) HSO     + H       = H2      + SO           7.744E+06
 178) HSO     + HS      = H2S     + SO           3.490E+04
 179) HSO     + O       = OH      + SO           5.755E+06
 180) HSO     + S       = HS      + SO           5.429E+03

H2SO4               PRODUCTION RXS              INT RX RATE    TP =  4.01E+05
 121) SO3     + H2O     = H2SO4   +              3.999E+05

H2SO4                  LOSS RXS                INT RX RATE    TL =  3.54E+05

SO2                 PRODUCTION RXS              INT RX RATE    TP =  1.50E+08
 115) SO      + O2      = O       + SO2          1.737E+02
 116) SO      + HO2     = SO2     + OH           6.692E+05
 117) SO      + O       = SO2     +              5.055E+03
 118) SO      + OH      = SO2     + H            2.281E+05
 151) SO3     + HV      = SO2     + O            1.460E-01
 153) SO21    + HV      = SO2     +              5.564E-09
 155) SO21    + HV      = SO2     + HV           1.224E+07
 158) SO23    + HV      = SO2     +              4.346E-10
 159) SO23    + HV      = SO2     + HV           3.274E+06
 161) SO      + NO2     = SO2     + NO           1.338E+08
 162) SO      + O3      = SO2     + O2           1.092E+00
 167) SO      + SO      = SO2     + S            3.563E+04
 168) SO3     + SO      = SO2     + SO2          2.311E-04
 201) CS      + O3      = CO      + SO2          9.060E-03
 206) CS2X    + O2      = CS      + SO2          2.285E-14

SO2                    LOSS RXS                INT RX RATE    TL =  2.09E+09
 112) SO2     + HV      = SO      + O            8.755E+05
 113) SO2     + HV      = SO21    +              1.307E+07
 114) SO2     + HV      = SO23    +              2.439E+06
 119) SO2     + OH      = HSO3    +              1.114E+05
 120) SO2     + O       = SO3     +              1.832E+05
 157) SO21    + SO2     = SO3     + SO           2.087E-01
 160) SO23    + SO2     = SO3     + SO           3.396E-01
 163) SO2     + HO2     = SO3     + OH           1.053E+05

SO                  PRODUCTION RXS              INT RX RATE    TP =  1.36E+08
 112) SO2     + HV      = SO      + O            8.755E+05
 129) HS      + O       = H       + SO           1.978E+05
 130) HS      + O2      = OH      + SO           1.361E-01
 136) S       + O2      = SO      + O            2.379E+05
 137) S       + OH      = SO      + H            3.702E+02
 140) S       + HO2     = SO      + OH           2.574E+02
 142) S2      + O       = S       + SO           2.636E+01
 157) SO21    + SO2     = SO3     + SO           2.087E-01
 160) SO23    + SO2     = SO3     + SO           3.396E-01
 166) S       + O3      = SO      + O2           1.489E-01
 169) S       + CO2     = SO      + CO           4.173E+04
 174) HSO     + NO      = HNO     + SO           1.207E+08
 175) HSO     + OH      = H2O     + SO           1.579E+05
 177) HSO     + H       = H2      + SO           7.744E+06
 178) HSO     + HS      = H2S     + SO           3.490E+04
 179) HSO     + O       = OH      + SO           5.755E+06
 180) HSO     + S       = HS      + SO           5.429E+03
 184) O       + OCS     = CO      + SO           3.429E+03
 198) CS      + O2      = CO      + SO           3.219E-05
 200) CS      + O3      = SO      + CO2          9.060E-03
 202) CS2     + O       = SO      + CS           3.012E-04

SO                     LOSS RXS                INT RX RATE    TL =  1.36E+08
 110) SO      + HV      = S       + O            7.464E+04
 115) SO      + O2      = O       + SO2          1.737E+02
 116) SO      + HO2     = SO2     + OH           6.692E+05
 117) SO      + O       = SO2     +              5.055E+03
 118) SO      + OH      = SO2     + H            2.281E+05
 161) SO      + NO2     = SO2     + NO           1.338E+08
 162) SO      + O3      = SO2     + O2           1.092E+00
 167) SO      + SO      = SO2     + S            3.563E+04
 168) SO3     + SO      = SO2     + SO2          2.311E-04
 170) SO      + HO2     = HSO     + O2           6.692E+05
 171) SO      + HCO     = HSO     + CO           2.320E+05
 172) H       + SO      = HSO     +              5.106E+03
 210) CS2     + SO      = OCS     + S2           9.313E-07

CO2                 PRODUCTION RXS              INT RX RATE    TP =  2.03E+10
  31) CO      + OH      = CO2     + H            1.908E+10
  32) CO      + O       = CO2     +              7.502E+08
  37) O       + HCO     = H       + CO2          3.310E+08
 185) O       + OCS     = S       + CO2          6.477E-02
 187) OCS     + OH      = CO2     + HS           1.221E+01
 200) CS      + O3      = SO      + CO2          9.060E-03
 263) CH3O    + CO      = CH3     + CO2          1.017E+08

CO2                    LOSS RXS                INT RX RATE    TL =  5.79E+10
  29) CO2     + HV      = CO      + O            1.244E+10
  30) CO2     + HV      = CO      + O1D          3.855E+10
  96) CH21    + CO2     = H2CO    + CO           5.513E+07
  98) CH23    + CO2     = H2CO    + CO           6.618E+09
 169) S       + CO2     = SO      + CO           4.173E+04
 247) CH      + CO2     = HCO     + CO           2.212E+08

SO4AER              PRODUCTION RXS              INT RX RATE    TP =  3.21E+05

SO4AER                 LOSS RXS                INT RX RATE    TL =  3.16E+05

S8AER               PRODUCTION RXS              INT RX RATE    TP =  1.45E+00
 148) S4      + S4      = S8AER   +              1.452E+00

S8AER                  LOSS RXS                INT RX RATE    TL =  1.44E+00

HCAER               PRODUCTION RXS              INT RX RATE    TP =  2.16E+09
 391) C2H     + C2H2    = HCAER   + H            2.158E+09

HCAER                  LOSS RXS                INT RX RATE    TL =  2.25E+09

HCAER2              PRODUCTION RXS              INT RX RATE    TP =  8.54E+06
 392) C2H     + CH2CCH2 = HCAER2  + H            8.538E+06

HCAER2                 LOSS RXS                INT RX RATE    TL =  9.15E+06

HNO2                PRODUCTION RXS              INT RX RATE    TP =  0.00E+00
  83) NO      + OH      = HNO2    +              1.634E+06
 109) HO2     + NO2     = HNO2    + O2           1.087E+09
 267) NO2     + CH3O    = H2CO    + HNO2         1.773E+10

HNO2                   LOSS RXS                INT RX RATE    TL =  0.00E+00
  51) HNO2    + HV      = NO      + OH           1.882E+10
  92) HNO2    + OH      = H2O     + NO2          9.391E+03

O1D                 PRODUCTION RXS              INT RX RATE    TP =  0.00E+00
  23) O2      + HV      = O       + O1D          5.229E+07
  26) O3      + HV      = O2      + O1D          3.096E+02
  30) CO2     + HV      = CO      + O1D          3.855E+10

O1D                    LOSS RXS                INT RX RATE    TL =  0.00E+00
   1) H2O     + O1D     = OH      + OH           4.954E+06
   2) H2      + O1D     = OH      + H            1.012E+08
  21) O1D     + M       = O       + M            3.214E+10
  22) O1D     + O2      = O       + O2           4.405E+04
  56) CH4     + O1D     = CH3     + OH           4.134E+09
  57) CH4     + O1D     = H2CO    + H2           2.756E+08
 101) C2H6    + O1D     = C2H5    + OH           7.897E+08
 105) CO      + O1D     = CO      + O            4.999E+07
 268) O1D     + CH4     = CH3O    + H            1.102E+09
 338) C3H8    + O1D     = C3H7    + OH           2.503E+04

CH21                PRODUCTION RXS              INT RX RATE    TP =  0.00E+00
 234) CH4     + HV      = CH21    + H2           3.560E+10
 341) C3H8    + HV      = C2H6    + CH21         1.635E+05
 386) C2H6    + HV      = CH4     + CH21         3.274E+08

CH21                   LOSS RXS                INT RX RATE    TL =  0.00E+00
  58) CH21    + CH4     = CH3     + CH3          4.987E+09
  59) CH21    + O2      = HCO     + OH           1.096E+04
  60) CH21    + M       = CH23    + M            3.075E+10
  94) CH21    + H2      = CH3     + H            5.467E+04
  95) CH21    + H2      = CH23    + H2           1.378E+08
  96) CH21    + CO2     = H2CO    + CO           5.513E+07
 229) CH21    + S2      = HCS     + HS           8.025E-11

C                   PRODUCTION RXS              INT RX RATE    TP =  0.00E+00
 242) CH      + H       = C       + H2           2.921E+08
 248) CH      + HV      = C       + H            1.345E+04
 290) C2      + S       = C       + CS           5.439E-01
 292) C2      + O       = C       + CO           4.539E+05

C                      LOSS RXS                INT RX RATE    TL =  0.00E+00
 237) C       + OH      = CO      + H            3.035E+07
 238) C       + H2      = CH23    +              2.071E+08
 239) C       + O2      = CO      + O            5.515E+07
 240) C       + HS      = CS      + H            7.962E-01
 241) C       + S2      = CS      + S            1.622E-06

SO21                PRODUCTION RXS              INT RX RATE    TP =  0.00E+00
 113) SO2     + HV      = SO21    +              1.307E+07

SO21                   LOSS RXS                INT RX RATE    TL =  0.00E+00
 152) SO21    + HV      = SO23    +              5.564E-10
 153) SO21    + HV      = SO2     +              5.564E-09
 154) SO21    + HV      = SO23    + HV           8.346E+05
 155) SO21    + HV      = SO2     + HV           1.224E+07
 156) SO21    + O2      = SO3     + O            8.820E-06
 157) SO21    + SO2     = SO3     + SO           2.087E-01

SO23                PRODUCTION RXS              INT RX RATE    TP =  0.00E+00
 114) SO2     + HV      = SO23    +              2.439E+06
 152) SO21    + HV      = SO23    +              5.564E-10
 154) SO21    + HV      = SO23    + HV           8.346E+05

SO23                   LOSS RXS                INT RX RATE    TL =  0.00E+00
 158) SO23    + HV      = SO2     +              4.346E-10
 159) SO23    + HV      = SO2     + HV           3.274E+06
 160) SO23    + SO2     = SO3     + SO           3.396E-01

HSO3                PRODUCTION RXS              INT RX RATE    TP =  0.00E+00
 119) SO2     + OH      = HSO3    +              1.114E+05

HSO3                   LOSS RXS                INT RX RATE    TL =  0.00E+00
 122) HSO3    + O2      = HO2     + SO3          1.100E+05
 123) HSO3    + OH      = H2O     + SO3          7.762E-01
 124) HSO3    + H       = H2      + SO3          5.502E+02
 125) HSO3    + O       = OH      + SO3          9.301E+02

OCS2                PRODUCTION RXS              INT RX RATE    TP =  0.00E+00
 192) OCS     + S       = OCS2    +              5.310E+00

OCS2                   LOSS RXS                INT RX RATE    TL =  0.00E+00
 193) OCS2    + S       = OCS     + S2           8.695E-10
 196) OCS2    + CO      = OCS     + OCS          5.310E+00

CS2X                PRODUCTION RXS              INT RX RATE    TP =  0.00E+00
 214) CS2     + HV      = CS2X    +              1.631E-03

CS2X                   LOSS RXS                INT RX RATE    TL =  0.00E+00
 205) CS2X    + M       = CS2     + M            1.631E-03
 206) CS2X    + O2      = CS      + SO2          2.285E-14
 207) CS2X    + CS2     = CS      + CS      S2   3.576E-24

S3                  PRODUCTION RXS              INT RX RATE    TP =  0.00E+00
 145) S       + S2      = S3      +              6.726E-03

S3                     LOSS RXS                INT RX RATE    TL =  0.00E+00
 147) S       + S3      = S4      +              5.986E-06
 150) S3      + HV      = S2      + S            6.720E-03

S4                  PRODUCTION RXS              INT RX RATE    TP =  0.00E+00
 146) S2      + S2      = S4      +              3.961E+00
 147) S       + S3      = S4      +              5.986E-06

S4                     LOSS RXS                INT RX RATE    TL =  0.00E+00
 148) S4      + S4      = S8AER   +              1.452E+00
 149) S4      + HV      = S2      + S2           1.056E+00

N2                  PRODUCTION RXS              INT RX RATE    TP =  0.00E+00
  75) N       + N       = N2      +              1.408E+02
  79) N       + NO      = N2      + O            5.155E+07

N2                     LOSS RXS                INT RX RATE    TL =  0.00E+00
