
 HC AEROSOL PARAMETERS

    Z        AERSOL     RPAR      RFRAC      WFALL     TAUSED    TAUEDD    TAUC      CONVER
  2.500E+04 1.160E-01 1.990E-04 4.998E-04 4.153E-06 6.112E+14 6.441E+13 2.888E+10 2.506E+11
  1.250E+05 1.411E-01 1.990E-04 4.998E-04 4.212E-06 5.906E+14 6.188E+13 2.386E+10 2.506E+11
  2.250E+05 2.000E-01 1.990E-04 4.998E-04 4.279E-06 5.691E+14 5.929E+13 1.692E+10 2.506E+11
  3.250E+05 2.884E-01 1.990E-04 4.998E-04 4.352E-06 5.472E+14 5.671E+13 1.179E+10 2.506E+11
  4.250E+05 4.046E-01 1.990E-04 4.998E-04 4.439E-06 5.230E+14 5.391E+13 8.445E+09 2.506E+11
  5.250E+05 5.503E-01 1.990E-04 4.998E-04 4.546E-06 4.961E+14 5.086E+13 6.241E+09 2.506E+11
  6.250E+05 7.273E-01 1.990E-04 4.998E-04 4.666E-06 4.687E+14 4.783E+13 4.744E+09 2.506E+11
  7.250E+05 9.306E-01 1.990E-04 4.998E-04 4.756E-06 4.499E+14 4.577E+13 3.719E+09 2.506E+11
  8.250E+05 1.166E+00 1.990E-04 4.998E-04 4.844E-06 4.326E+14 4.391E+13 2.975E+09 2.506E+11
  9.250E+05 1.429E+00 1.990E-04 4.998E-04 4.917E-06 4.192E+14 4.248E+13 2.432E+09 2.506E+11
  1.025E+06 1.734E+00 1.990E-04 4.998E-04 4.941E-06 4.149E+14 5.253E+13 2.005E+09 2.506E+11
  1.125E+06 2.329E+00 1.990E-04 4.998E-04 4.954E-06 4.126E+14 1.393E+14 1.493E+09 2.506E+11
  1.225E+06 3.748E+00 1.990E-04 4.998E-04 4.945E-06 4.141E+14 2.467E+14 9.276E+08 2.506E+11
  1.325E+06 6.421E+00 1.990E-04 4.998E-04 4.926E-06 4.174E+14 5.286E+14 5.413E+08 2.506E+11
  1.425E+06 1.126E+01 1.990E-04 4.998E-04 4.908E-06 4.208E+14 7.352E+14 3.085E+08 2.506E+11
  1.525E+06 1.777E+01 1.990E-04 4.998E-04 4.888E-06 4.243E+14 9.351E+14 1.955E+08 2.506E+11
  1.625E+06 2.616E+01 1.990E-04 4.998E-04 4.867E-06 4.282E+14 1.086E+15 1.327E+08 2.506E+11
  1.725E+06 3.610E+01 1.990E-04 4.998E-04 4.844E-06 4.326E+14 1.126E+15 9.610E+07 2.506E+11
  1.825E+06 4.728E+01 1.990E-04 4.998E-04 4.820E-06 4.371E+14 1.138E+15 7.333E+07 2.506E+11
  1.925E+06 5.958E+01 1.990E-04 4.998E-04 4.798E-06 4.413E+14 1.093E+15 5.816E+07 2.506E+11
  2.025E+06 7.235E+01 1.990E-04 4.998E-04 4.779E-06 4.451E+14 9.835E+14 4.788E+07 2.506E+11
  2.125E+06 8.524E+01 1.990E-04 4.998E-04 4.761E-06 4.486E+14 8.944E+14 4.062E+07 2.506E+11
  2.225E+06 9.814E+01 1.990E-04 4.998E-04 4.746E-06 4.516E+14 7.920E+14 3.526E+07 2.506E+11
  2.325E+06 1.108E+02 1.990E-04 4.998E-04 4.734E-06 4.541E+14 7.002E+14 3.123E+07 2.506E+11
  2.425E+06 1.231E+02 1.990E-04 4.998E-04 4.724E-06 4.561E+14 6.190E+14 2.811E+07 2.506E+11
  2.525E+06 1.350E+02 1.990E-04 4.998E-04 4.717E-06 4.575E+14 5.480E+14 2.562E+07 2.506E+11
  2.625E+06 1.465E+02 1.990E-04 4.998E-04 4.713E-06 4.583E+14 4.912E+14 2.360E+07 2.506E+11
  2.725E+06 1.577E+02 1.990E-04 4.998E-04 4.712E-06 4.587E+14 4.406E+14 2.193E+07 2.506E+11
  2.825E+06 1.684E+02 1.990E-04 4.998E-04 4.712E-06 4.586E+14 3.891E+14 2.054E+07 2.506E+11
  2.925E+06 1.787E+02 1.990E-04 4.998E-04 4.713E-06 4.583E+14 3.589E+14 1.936E+07 2.506E+11
  3.025E+06 1.886E+02 1.990E-04 4.998E-04 4.715E-06 4.579E+14 3.260E+14 1.833E+07 2.506E+11
  3.125E+06 1.980E+02 1.990E-04 4.998E-04 4.717E-06 4.575E+14 2.911E+14 1.747E+07 2.506E+11
  3.225E+06 2.068E+02 1.990E-04 4.998E-04 4.717E-06 4.575E+14 2.676E+14 1.673E+07 2.506E+11
  3.325E+06 2.147E+02 1.990E-04 4.998E-04 4.707E-06 4.595E+14 2.462E+14 1.611E+07 2.506E+11
  3.425E+06 2.216E+02 1.990E-04 4.998E-04 4.691E-06 4.629E+14 2.245E+14 1.560E+07 2.506E+11
  3.525E+06 2.284E+02 1.990E-04 4.998E-04 4.681E-06 4.650E+14 2.060E+14 1.513E+07 2.506E+11
  3.625E+06 2.348E+02 1.990E-04 4.998E-04 4.675E-06 4.662E+14 1.827E+14 1.472E+07 2.506E+11
  3.725E+06 2.405E+02 1.990E-04 4.998E-04 4.670E-06 4.674E+14 1.643E+14 1.436E+07 2.506E+11
  3.825E+06 2.457E+02 1.990E-04 4.998E-04 4.664E-06 4.687E+14 1.493E+14 1.406E+07 2.506E+11
  3.925E+06 2.504E+02 1.990E-04 4.998E-04 4.657E-06 4.700E+14 1.331E+14 1.379E+07 2.506E+11
  4.025E+06 2.546E+02 1.990E-04 4.998E-04 4.652E-06 4.712E+14 1.201E+14 1.356E+07 2.506E+11
  4.125E+06 2.586E+02 1.990E-04 4.998E-04 4.649E-06 4.719E+14 1.094E+14 1.335E+07 2.506E+11
  4.225E+06 2.623E+02 1.990E-04 4.998E-04 4.648E-06 4.721E+14 9.827E+13 1.316E+07 2.506E+11
  4.325E+06 2.657E+02 1.990E-04 4.998E-04 4.648E-06 4.719E+14 8.750E+13 1.299E+07 2.506E+11
  4.425E+06 2.689E+02 1.990E-04 4.998E-04 4.651E-06 4.714E+14 7.754E+13 1.284E+07 2.506E+11
  4.525E+06 2.718E+02 1.990E-04 4.998E-04 4.653E-06 4.709E+14 7.167E+13 1.271E+07 2.506E+11
  4.625E+06 2.743E+02 1.990E-04 4.998E-04 4.654E-06 4.707E+14 6.315E+13 1.259E+07 2.506E+11
  4.725E+06 2.764E+02 1.990E-04 4.998E-04 4.652E-06 4.711E+14 5.718E+13 1.249E+07 2.506E+11
  4.825E+06 2.780E+02 1.990E-04 4.998E-04 4.647E-06 4.722E+14 5.234E+13 1.242E+07 2.506E+11
  4.925E+06 2.790E+02 1.990E-04 4.998E-04 4.634E-06 4.750E+14 4.750E+13 1.237E+07 2.506E+11
  5.025E+06 2.791E+02 1.990E-04 4.998E-04 4.613E-06 4.798E+14 4.373E+13 1.236E+07 2.506E+11
  5.125E+06 2.790E+02 1.990E-04 4.998E-04 4.590E-06 4.848E+14 4.060E+13 1.235E+07 2.506E+11
  5.225E+06 2.792E+02 1.990E-04 4.998E-04 4.574E-06 4.886E+14 3.761E+13 1.234E+07 2.506E+11
  5.325E+06 2.795E+02 1.990E-04 4.998E-04 4.561E-06 4.915E+14 3.462E+13 1.232E+07 2.506E+11
  5.425E+06 2.800E+02 1.990E-04 4.998E-04 4.553E-06 4.935E+14 3.155E+13 1.229E+07 2.506E+11
  5.525E+06 2.808E+02 1.990E-04 4.998E-04 4.550E-06 4.942E+14 2.840E+13 1.226E+07 2.506E+11
  5.625E+06 2.820E+02 1.990E-04 4.998E-04 4.554E-06 4.933E+14 2.523E+13 1.221E+07 2.506E+11
  5.725E+06 2.839E+02 1.990E-04 4.998E-04 4.570E-06 4.895E+14 2.206E+13 1.213E+07 2.506E+11
  5.825E+06 2.870E+02 1.990E-04 4.998E-04 4.602E-06 4.821E+14 1.899E+13 1.202E+07 2.506E+11
  5.925E+06 2.909E+02 1.990E-04 4.998E-04 4.648E-06 4.719E+14 1.614E+13 1.188E+07 2.506E+11
  6.025E+06 2.953E+02 1.990E-04 4.998E-04 4.702E-06 4.603E+14 1.362E+13 1.172E+07 2.506E+11
  6.125E+06 3.001E+02 1.990E-04 4.998E-04 4.764E-06 4.477E+14 1.143E+13 1.155E+07 2.506E+11
  6.225E+06 3.056E+02 1.990E-04 4.998E-04 4.836E-06 4.337E+14 9.546E+12 1.136E+07 2.506E+11
  6.325E+06 3.121E+02 1.990E-04 4.998E-04 4.926E-06 4.172E+14 7.922E+12 1.114E+07 2.506E+11
  6.425E+06 3.209E+02 1.990E-04 4.998E-04 5.051E-06 3.962E+14 6.499E+12 1.086E+07 2.506E+11
  6.525E+06 3.344E+02 1.990E-04 4.998E-04 5.250E-06 3.661E+14 5.202E+12 1.044E+07 2.506E+11
  6.625E+06 3.556E+02 1.990E-04 4.998E-04 5.579E-06 3.241E+14 4.007E+12 9.818E+06 2.506E+11
  6.725E+06 3.797E+02 1.990E-04 4.998E-04 5.972E-06 2.838E+14 3.072E+12 9.167E+06 2.506E+11
  6.825E+06 4.054E+02 1.990E-04 4.998E-04 6.414E-06 2.476E+14 2.521E+12 8.532E+06 2.506E+11
  6.925E+06 3.960E+02 1.990E-04 4.998E-04 6.244E-06 2.605E+14 2.646E+12 8.759E+06 2.506E+11
  7.025E+06 3.961E+02 1.990E-04 4.998E-04 6.243E-06 2.606E+14 2.647E+12 8.757E+06 2.506E+11
  7.125E+06 3.961E+02 1.990E-04 4.998E-04 6.241E-06 2.607E+14 2.648E+12 8.755E+06 2.506E+11
  7.225E+06 3.962E+02 1.990E-04 4.998E-04 6.240E-06 2.609E+14 2.650E+12 8.753E+06 2.506E+11
  7.325E+06 3.963E+02 1.990E-04 4.998E-04 6.239E-06 2.610E+14 2.651E+12 8.752E+06 2.506E+11
  7.425E+06 3.964E+02 1.990E-04 4.998E-04 6.237E-06 2.611E+14 2.652E+12 8.750E+06 2.506E+11
  7.525E+06 3.965E+02 1.990E-04 4.998E-04 6.236E-06 2.612E+14 2.654E+12 8.748E+06 2.506E+11
  7.625E+06 3.965E+02 1.990E-04 4.998E-04 6.234E-06 2.614E+14 2.655E+12 8.747E+06 2.506E+11
  7.725E+06 3.966E+02 1.990E-04 4.998E-04 6.233E-06 2.615E+14 2.657E+12 8.745E+06 2.506E+11
  7.825E+06 3.967E+02 1.990E-04 4.998E-04 6.232E-06 2.616E+14 2.658E+12 8.744E+06 2.506E+11
  7.925E+06 3.967E+02 1.990E-04 4.998E-04 6.230E-06 2.618E+14 2.660E+12 8.743E+06 2.506E+11
  8.025E+06 3.968E+02 1.990E-04 4.998E-04 6.229E-06 2.619E+14 2.661E+12 8.742E+06 2.506E+11
  8.125E+06 3.968E+02 1.990E-04 4.998E-04 6.227E-06 2.620E+14 2.663E+12 8.740E+06 2.506E+11
  8.225E+06 3.969E+02 1.990E-04 4.998E-04 6.226E-06 2.622E+14 2.665E+12 8.739E+06 2.506E+11
  8.325E+06 3.969E+02 1.990E-04 4.998E-04 6.225E-06 2.623E+14 2.666E+12 8.738E+06 2.506E+11
  8.425E+06 3.969E+02 1.990E-04 4.998E-04 6.223E-06 2.625E+14 2.668E+12 8.738E+06 2.506E+11
  8.525E+06 3.970E+02 1.990E-04 4.998E-04 6.222E-06 2.626E+14 2.670E+12 8.737E+06 2.506E+11
  8.625E+06 3.970E+02 1.990E-04 4.998E-04 6.220E-06 2.628E+14 2.672E+12 8.736E+06 2.506E+11
  8.725E+06 3.970E+02 1.990E-04 4.998E-04 6.219E-06 2.630E+14 2.675E+12 8.736E+06 2.506E+11
  8.825E+06 3.971E+02 1.990E-04 4.998E-04 6.218E-06 2.632E+14 2.677E+12 8.735E+06 2.506E+11
  8.925E+06 3.971E+02 1.990E-04 4.998E-04 6.216E-06 2.633E+14 2.680E+12 8.735E+06 2.506E+11
  9.025E+06 3.971E+02 1.990E-04 4.998E-04 6.215E-06 2.635E+14 2.682E+12 8.734E+06 2.506E+11
  9.125E+06 3.971E+02 1.990E-04 4.998E-04 6.214E-06 2.637E+14 2.685E+12 8.734E+06 2.506E+11
  9.225E+06 3.971E+02 1.990E-04 4.998E-04 6.212E-06 2.639E+14 2.688E+12 8.734E+06 2.506E+11
  9.325E+06 3.971E+02 1.990E-04 4.998E-04 6.211E-06 2.641E+14 2.691E+12 8.734E+06 2.506E+11
  9.425E+06 3.971E+02 1.990E-04 4.998E-04 6.209E-06 2.643E+14 2.694E+12 8.734E+06 2.506E+11
  9.525E+06 3.971E+02 1.990E-04 4.998E-04 6.208E-06 2.646E+14 2.697E+12 8.734E+06 2.506E+11
  9.625E+06 3.971E+02 1.990E-04 4.998E-04 6.207E-06 2.648E+14 2.700E+12 8.734E+06 2.506E+11
  9.725E+06 3.971E+02 1.990E-04 4.998E-04 6.205E-06 2.650E+14 2.703E+12 8.734E+06 2.506E+11
  9.825E+06 3.971E+02 1.990E-04 4.998E-04 6.204E-06 2.652E+14 2.707E+12 8.735E+06 2.506E+11
  9.925E+06 3.971E+02 1.990E-04 4.998E-04 6.202E-06 2.654E+14 2.710E+12 8.735E+06 2.506E+11
