
O                   PRODUCTION RXS              INT RX RATE    TP =  9.46E+10
   8) H       + HO2     = H2O     + O            5.566E+03
  20) OH      + OH      = H2O     + O            1.948E-04
  21) O1D     + M       = O       + M            1.271E-27
  22) O1D     + O2      = O       + O2           1.087E-32
  24) O2      + HV      = O       + O            3.075E-65
  27) O3      + HV      = O2      + O            9.418E+10
  29) CO2     + HV      = CO      + O            2.596E-64
  50) HO2     + HV      = OH      + O            1.435E-65
  53) NO      + HV      = N       + O            2.477E-72
  54) NO2     + HV      = NO      + O            7.780E+05
  76) N       + O2      = NO      + O            1.353E+04
  79) N       + NO      = N2      + O            3.468E+07
 105) CO      + O1D     = CO      + O            2.589E-30
 107) HNO3    + OH      = H2O     + NO2     O    4.617E+05
 110) SO      + HV      = S       + O            2.058E-72
 112) SO2     + HV      = SO      + O            2.926E-64
 115) SO      + O2      = O       + SO2          1.580E+02
 136) S       + O2      = SO      + O            7.007E+00
 151) SO3     + HV      = SO2     + O            5.789E-16
 156) SO21    + O2      = SO3     + O            3.872E-19
 173) HSO     + HV      = HS      + O            2.035E-65
 197) CS      + O2      = OCS     + O            3.604E-06
 239) C       + O2      = CO      + O            3.038E-20

O                      LOSS RXS                INT RX RATE    TL =  9.46E+10
   3) H2      + O       = OH      + H            8.600E+04
  10) OH      + O       = H       + O2           3.164E+00
  13) HO2     + O       = OH      + O2           1.796E+07
  17) O       + O       = O2      +              1.007E+01
  18) O       + O2      = O3      +              2.705E+10
  19) O       + O3      = O2      + O2           5.725E+04
  32) CO      + O       = CO2     +              6.369E+08
  37) O       + HCO     = H       + CO2          3.061E+01
  38) O       + HCO     = OH      + CO           3.061E+01
  48) H2CO    + O       = HCO     + OH           1.125E+09
  49) H2O2    + O       = OH      + HO2          2.476E+05
  65) CH3     + O       = H2CO    + H            8.057E+01
  81) NO      + O       = NO2     +              8.941E+05
  84) NO2     + O       = NO      + O2           8.847E+09
  90) O       + HNO     = OH      + NO           6.216E+03
  93) CH4     + O       = CH3     + OH           3.522E+08
  97) CH23    + O       = HCO     + H            2.530E-02
 100) C2H6    + O       = C2H5    + OH           7.247E+04
 117) SO      + O       = SO2     +              8.880E-01
 120) SO2     + O       = SO3     +              1.479E+05
 125) HSO3    + O       = OH      + SO3          2.563E-04
 128) H2S     + O       = OH      + HS           4.769E+02
 129) HS      + O       = H       + SO           1.981E-03
 142) S2      + O       = S       + SO           7.082E+00
 179) HSO     + O       = OH      + SO           9.005E+06
 184) O       + OCS     = CO      + SO           6.717E+02
 185) O       + OCS     = S       + CO2          3.040E-04
 202) CS2     + O       = SO      + CS           1.641E-01
 203) CS2     + O       = OCS     + S            1.538E-02
 209) CS2     + O       = CO      + S2           1.142E-02
 212) CS      + O       = CO      + S            2.976E-09
 223) C2H5    + O       = CH3     + HCO     H    1.571E-02
 224) C2H5    + O       = H2CO    + CH3          1.398E-02
 225) C2H5    + O       = CH3CHO  + H            6.963E-02
 243) CH      + O       = CO      + H            3.561E-15
 253) CH23    + O       = CH      + OH           2.024E-02
 254) CH23    + O       = CO      + H       H    2.100E-01
 260) CH3O2   + O       = H2CO    + HO2          2.348E+06
 273) CH2CO   + O       = H2CO    + CO           2.679E+10
 276) CH3CO   + O       = H2CO    + HCO          1.111E+09
 284) C2H     + O       = CO      + CH           1.923E-74
 292) C2      + O       = C       + CO           1.664E-75
 304) C2H4    + O       = HCO     + CH3          2.541E+10
 309) C2H2    + O       = CH23    + CO           1.337E+09
 310) C2H3    + O       = CH2CO   + H            3.824E+04
 322) C2H2OH  + O       = OH      + CH2CO        1.185E+05
 327) C2H4OH  + O       = OH      + CH3CHO       1.032E+05
 330) CH3CHO  + O       = CH3CO   + OH           1.230E+09
 337) C3H8    + O       = C3H7    + OH           4.580E+03
 352) C3H6    + O       = CH3     + CH3     CO   6.531E+08
 356) C3H7    + O       = C2H5CHO + H            2.343E+06

O2                  PRODUCTION RXS              INT RX RATE    TP =  1.44E+11
   5) H       + O3      = OH      + O2           1.433E+08
   7) H       + HO2     = H2      + O2           2.505E+04
  10) OH      + O       = H       + O2           3.164E+00
  11) OH      + HO2     = H2O     + O2           9.382E+04
  12) OH      + O3      = HO2     + O2           1.620E+04
  13) HO2     + O       = OH      + O2           1.796E+07
  14) HO2     + O3      = OH      + O2      O2   4.967E+09
  15) HO2     + HO2     = H2O2    + O2           2.637E+10
  17) O       + O       = O2      +              1.007E+01
  19) O       + O3      = O2      + O2           5.725E+04
  22) O1D     + O2      = O       + O2           1.087E-32
  26) O3      + HV      = O2      + O1D          1.298E-27
  27) O3      + HV      = O2      + O            9.418E+10
  77) N       + O3      = NO      + O2           1.176E+06
  80) NO      + O3      = NO2     + O2           1.676E+09
  84) NO2     + O       = NO      + O2           8.847E+09
 109) HO2     + NO2     = HNO2    + O2           2.958E+09
 131) HS      + HO2     = H2S     + O2           2.260E+00
 139) S       + HO2     = HS      + O2           9.022E-06
 162) SO      + O3      = SO2     + O2           6.027E+03
 164) HS      + O3      = HSO     + O2           1.806E+03
 166) S       + O3      = SO      + O2           8.380E-02
 170) SO      + HO2     = HSO     + O2           6.583E+03
 199) CS      + O3      = OCS     + O2           6.021E-02
 258) CH3O2   + H       = CH4     + O2           2.990E+05
 265) CH3     + O3      = CH3O    + O2           1.673E+08

O2                     LOSS RXS                INT RX RATE    TL =  1.33E+11
   6) H       + O2      = HO2     +              2.597E+10
  18) O       + O2      = O3      +              2.705E+10
  22) O1D     + O2      = O       + O2           1.087E-32
  24) O2      + HV      = O       + O            3.075E-65
  44) HCO     + O2      = HO2     + CO           3.637E+10
  63) CH23    + O2      = HCO     + OH           1.728E+07
  64) CH3     + O2      = H2CO    + OH           3.163E+10
  76) N       + O2      = NO      + O            1.353E+04
 104) C2H5    + O2      = CH3     + HCO     OH   2.958E+08
 115) SO      + O2      = O       + SO2          1.580E+02
 122) HSO3    + O2      = HO2     + SO3          6.399E+04
 130) HS      + O2      = OH      + SO           1.404E-01
 136) S       + O2      = SO      + O            7.007E+00
 156) SO21    + O2      = SO3     + O            3.872E-19
 197) CS      + O2      = OCS     + O            3.604E-06
 198) CS      + O2      = CO      + SO           4.506E-07
 206) CS2X    + O2      = CS      + SO2          6.155E-22
 239) C       + O2      = CO      + O            3.038E-20
 246) CH      + O2      = CO      + OH           2.250E-05
 257) CH3     + O2      = CH3O2   +              6.839E+09
 269) CH3O    + O2      = H2CO    + HO2          4.739E+09
 283) C2H     + O2      = CO      + HCO          1.576E-64
 293) C2      + O2      = CO      + CO           2.299E-67

H2O                 PRODUCTION RXS              INT RX RATE    TP =  8.38E+09
   4) H2      + OH      = H2O     + H            8.989E+06
   8) H       + HO2     = H2O     + O            5.566E+03
  11) OH      + HO2     = H2O     + O2           9.382E+04
  16) H2O2    + OH      = HO2     + H2O          4.123E+07
  20) OH      + OH      = H2O     + O            1.948E-04
  36) OH      + HCO     = H2O     + CO           1.485E-01
  45) H2CO    + OH      = H2O     + HCO          7.676E+09
  46) H       + OH      = H2O     +              1.013E-01
  55) CH4     + OH      = CH3     + H2O          5.402E+09
  91) OH      + HNO     = H2O     + NO           1.999E+01
  92) HNO2    + OH      = H2O     + NO2          1.548E+02
  99) C2H6    + OH      = C2H5    + H2O          9.893E+06
 107) HNO3    + OH      = H2O     + NO2     O    4.617E+05
 123) HSO3    + OH      = H2O     + SO3          6.232E-07
 126) H2S     + OH      = H2O     + HS           4.713E+03
 175) HSO     + OH      = H2O     + SO           2.392E+04
 191) H2S     + HO2     = H2O     + HSO          1.410E+08
 228) C2H5    + OH      = C2H4    + H2O          5.104E-05
 259) CH3O2   + H       = H2O     + H2CO         2.136E+05
 311) C2H3    + OH      = C2H2    + H2O          1.409E+01
 320) C2H2OH  + H       = H2O     + C2H2         2.557E+08
 323) C2H2OH  + OH      = H2O     + CH2CO        4.404E+04
 325) C2H4OH  + H       = H2O     + C2H4         2.229E+08
 328) C2H4OH  + OH      = H2O     + CH3CHO       3.839E+04
 331) CH3CHO  + OH      = CH3CO   + H2O          8.963E+07
 336) C3H8    + OH      = C3H7    + H2O          2.566E+04
 395) H4      + H4CO2   = CH4     + H2O     H2O  2.447E-72

H2O                    LOSS RXS                INT RX RATE    TL =  4.02E+05
   1) H2O     + O1D     = OH      + OH           3.298E-35
  25) H2O     + HV      = H       + OH           3.282E-69
 121) SO3     + H2O     = H2SO4   +              4.212E+05

H                   PRODUCTION RXS              INT RX RATE    TP =  2.85E+10
   2) H2      + O1D     = OH      + H            3.381E-30
   3) H2      + O       = OH      + H            8.600E+04
   4) H2      + OH      = H2O     + H            8.989E+06
  10) OH      + O       = H       + O2           3.164E+00
  25) H2O     + HV      = H       + OH           3.282E-69
  31) CO      + OH      = CO2     + H            1.626E+10
  37) O       + HCO     = H       + CO2          3.061E+01
  40) H2CO    + HV      = HCO     + H            2.806E-07
  41) HCO     + HV      = H       + CO           3.088E+05
  61) CH23    + H2      = CH3     + H            1.898E+08
  65) CH3     + O       = H2CO    + H            8.057E+01
  69) CH3     + HV      = CH23    + H            4.653E+04
  78) N       + OH      = NO      + H            6.625E+01
  88) HNO     + HV      = NO      + H            1.490E+07
  97) CH23    + O       = HCO     + H            2.530E-02
 111) H2S     + HV      = HS      + H            7.420E-66
 118) SO      + OH      = SO2     + H            7.544E-03
 129) HS      + O       = H       + SO           1.981E-03
 135) HS      + S       = H       + S2           3.741E-15
 137) S       + OH      = SO      + H            4.334E-11
 183) HS      + CO      = OCS     + H            2.322E-07
 188) S       + HCO     = OCS     + H            4.407E-10
 208) CS      + HS      = CS2     + H            1.941E-16
 218) S       + HCS     = H       + CS2          1.325E-12
 223) C2H5    + O       = CH3     + HCO     H    1.571E-02
 225) C2H5    + O       = CH3CHO  + H            6.963E-02
 232) CH23    + S       = HCS     + H            2.263E-13
 237) C       + OH      = CO      + H            8.804E-33
 240) C       + HS      = CS      + H            3.391E-36
 243) CH      + O       = CO      + H            3.561E-15
 244) CH      + H2      = CH23    + H            6.258E-07
 248) CH      + HV      = C       + H            8.040E-92
 249) CH      + S       = CS      + H            3.184E-26
 254) CH23    + O       = CO      + H       H    2.100E-01
 264) CH3     + OH      = CH3O    + H            2.545E-02
 268) O1D     + CH4     = CH3O    + H            4.210E-30
 280) C2H2    + HV      = C2H     + H            5.900E-63
 285) C2H     + H2      = C2H2    + H            1.795E-65
 288) C2      + H2      = C2H     + H            2.095E-66
 295) C2H4    + HV      = C2H2    + H       H    6.532E-66
 296) CH23    + CH3     = C2H4    + H            4.238E-03
 300) C2H3    + H2      = C2H4    + H            1.148E+08
 307) CH      + CH4     = C2H4    + H            1.791E-02
 310) C2H3    + O       = CH2CO   + H            3.824E+04
 319) C2H2    + OH      = CH2CO   + H            1.189E+10
 345) C3H6    + HV      = C2H2    + CH3     H    2.849E-67
 348) C3H6    + HV      = C2H     + CH4     H    4.189E-68
 356) C3H7    + O       = C2H5CHO + H            2.343E+06
 357) CH      + C2H4    = CH2CCH2 + H            1.797E-05
 358) CH      + C2H4    = CH3C2H  + H            1.797E-05
 361) CH3     + C2H3    = C3H5    + H            3.974E+00
 367) CH      + C2H2    = C3H2    + H            1.012E-04
 376) CH2CCH2 + H       = CH3C2H  + H            7.865E+06
 378) C3H3    + HV      = C3H2    + H            2.749E-11
 379) CH3C2H  + HV      = C3H3    + H            5.616E-62
 382) CH2CCH2 + HV      = C3H3    + H            3.754E-62
 391) C2H     + C2H2    = HCAER   + H            1.273E-63
 392) C2H     + CH2CCH2 = HCAER2  + H            3.922E-65

H                      LOSS RXS                INT RX RATE    TL =  2.85E+10
   5) H       + O3      = OH      + O2           1.433E+08
   6) H       + O2      = HO2     +              2.597E+10
   7) H       + HO2     = H2      + O2           2.505E+04
   8) H       + HO2     = H2O     + O            5.566E+03
   9) H       + HO2     = OH      + OH           2.477E+05
  33) H       + CO      = HCO     +              7.297E+08
  34) H       + HCO     = H2      + CO           1.932E+00
  42) H2CO    + H       = H2      + HCO          1.028E+07
  43) H       + H       = H2      +              4.492E-03
  46) H       + OH      = H2O     +              1.013E-01
  70) CH3     + H       = CH4     +              3.661E+00
  74) H       + NO      = HNO     +              2.801E+03
  86) NO2     + H       = NO      + OH           6.545E+08
  89) H       + HNO     = H2      + NO           5.241E+00
 124) HSO3    + H       = H2      + SO3          4.509E-06
 127) H2S     + H       = H2      + HS           6.896E+03
 134) HS      + H       = H2      + S            1.013E-05
 172) H       + SO      = HSO     +              2.547E-03
 176) HSO     + H       = HS      + OH           1.197E+05
 177) HSO     + H       = H2      + SO           5.985E+04
 182) H       + OCS     = CO      + HS           3.432E+01
 216) H       + CS      = HCS     +              9.574E-15
 217) H       + HCS     = H2      + CS           6.751E-03
 220) C2H5    + H       = CH3     + CH3          5.585E-04
 221) C2H5    + H       = C2H6    +              1.931E-03
 222) C2H5    + H       = C2H4    + H2           2.792E-05
 242) CH      + H       = C       + H2           9.151E-18
 255) CH23    + H       = CH3     +              6.094E-03
 256) CH23    + H       = CH      + H2           2.613E-03
 258) CH3O2   + H       = CH4     + O2           2.990E+05
 259) CH3O2   + H       = H2O     + H2CO         2.136E+05
 272) CH2CO   + H       = CH3     + CO           1.886E+04
 275) CH3CO   + H       = CH4     + CO           4.240E+07
 287) C2H     + H       = C2H2    +              4.075E-75
 298) C2H2    + H       = C2H3    +              1.190E+08
 299) C2H3    + H       = C2H2    + H2           4.048E+02
 305) C2H4    + H       = C2H5    +              2.858E+08
 320) C2H2OH  + H       = H2O     + C2H2         2.557E+08
 321) C2H2OH  + H       = H2      + CH2CO        2.276E+03
 325) C2H4OH  + H       = H2O     + C2H4         2.229E+08
 326) C2H4OH  + H       = H2      + CH3CHO       1.980E+03
 329) CH3CHO  + H       = CH3CO   + H2           2.013E+05
 339) C3H7    + H       = CH3     + C2H5         1.599E+04
 353) C3H6    + H       = C3H7    +              5.126E+05
 359) CH2CCH2 + H       = CH3     + C2H2         3.497E+04
 360) CH2CCH2 + H       = C3H5    +              3.480E+04
 363) C3H5    + H       = C3H6    +              1.831E+06
 364) C3H5    + H       = CH4     + C2H2         2.753E+06
 366) C3H5    + H       = CH2CCH2 + H2           2.753E+06
 369) CH3C2H  + H       = CH3     + C2H2         1.628E+07
 370) CH3C2H  + H       = C3H5    +              1.628E+07
 371) C3H2    + H       = C3H3    +              4.368E+01
 372) C3H3    + H       = CH3C2H  +              3.578E+01
 373) C3H3    + H       = CH2CCH2 +              3.578E+01
 374) C3H5    + H       = CH3C2H  + H2           2.753E+06
 376) CH2CCH2 + H       = CH3C2H  + H            7.865E+06

OH                  PRODUCTION RXS              INT RX RATE    TP =  5.19E+10
   1) H2O     + O1D     = OH      + OH           3.298E-35
   2) H2      + O1D     = OH      + H            3.381E-30
   3) H2      + O       = OH      + H            8.600E+04
   5) H       + O3      = OH      + O2           1.433E+08
   9) H       + HO2     = OH      + OH           2.477E+05
  13) HO2     + O       = OH      + O2           1.796E+07
  14) HO2     + O3      = OH      + O2      O2   4.967E+09
  25) H2O     + HV      = H       + OH           3.282E-69
  28) H2O2    + HV      = OH      + OH           1.999E-05
  38) O       + HCO     = OH      + CO           3.061E+01
  48) H2CO    + O       = HCO     + OH           1.125E+09
  49) H2O2    + O       = OH      + HO2          2.476E+05
  50) HO2     + HV      = OH      + O            1.435E-65
  51) HNO2    + HV      = NO      + OH           5.002E+09
  52) HNO3    + HV      = NO2     + OH           2.959E-15
  56) CH4     + O1D     = CH3     + OH           1.579E-29
  63) CH23    + O2      = HCO     + OH           1.728E+07
  64) CH3     + O2      = H2CO    + OH           3.163E+10
  82) NO      + HO2     = NO2     + OH           6.396E+09
  86) NO2     + H       = NO      + OH           6.545E+08
  90) O       + HNO     = OH      + NO           6.216E+03
  93) CH4     + O       = CH3     + OH           3.522E+08
 100) C2H6    + O       = C2H5    + OH           7.247E+04
 101) C2H6    + O1D     = C2H5    + OH           7.035E-32
 104) C2H5    + O2      = CH3     + HCO     OH   2.958E+08
 108) N       + HO2     = NO      + OH           6.412E+07
 116) SO      + HO2     = SO2     + OH           6.583E+03
 125) HSO3    + O       = OH      + SO3          2.563E-04
 128) H2S     + O       = OH      + HS           4.769E+02
 130) HS      + O2      = OH      + SO           1.404E-01
 140) S       + HO2     = SO      + OH           9.022E-06
 163) SO2     + HO2     = SO3     + OH           2.092E+05
 176) HSO     + H       = HS      + OH           1.197E+05
 179) HSO     + O       = OH      + SO           9.005E+06
 246) CH      + O2      = CO      + OH           2.250E-05
 253) CH23    + O       = CH      + OH           2.024E-02
 322) C2H2OH  + O       = OH      + CH2CO        1.185E+05
 327) C2H4OH  + O       = OH      + CH3CHO       1.032E+05
 330) CH3CHO  + O       = CH3CO   + OH           1.230E+09
 337) C3H8    + O       = C3H7    + OH           4.580E+03
 338) C3H8    + O1D     = C3H7    + OH           4.182E-36

OH                     LOSS RXS                INT RX RATE    TL =  5.19E+10
   4) H2      + OH      = H2O     + H            8.989E+06
  10) OH      + O       = H       + O2           3.164E+00
  11) OH      + HO2     = H2O     + O2           9.382E+04
  12) OH      + O3      = HO2     + O2           1.620E+04
  16) H2O2    + OH      = HO2     + H2O          4.123E+07
  20) OH      + OH      = H2O     + O            1.948E-04
  31) CO      + OH      = CO2     + H            1.626E+10
  36) OH      + HCO     = H2O     + CO           1.485E-01
  45) H2CO    + OH      = H2O     + HCO          7.676E+09
  46) H       + OH      = H2O     +              1.013E-01
  47) OH      + OH      = H2O2    +              1.859E-03
  55) CH4     + OH      = CH3     + H2O          5.402E+09
  67) CH3     + OH      = CO      + H2      H2   1.312E-02
  78) N       + OH      = NO      + H            6.625E+01
  83) NO      + OH      = HNO2    +              2.888E+03
  85) NO2     + OH      = HNO3    +              2.894E+07
  91) OH      + HNO     = H2O     + NO           1.999E+01
  92) HNO2    + OH      = H2O     + NO2          1.548E+02
  99) C2H6    + OH      = C2H5    + H2O          9.893E+06
 107) HNO3    + OH      = H2O     + NO2     O    4.617E+05
 118) SO      + OH      = SO2     + H            7.544E-03
 119) SO2     + OH      = HSO3    +              6.399E+04
 123) HSO3    + OH      = H2O     + SO3          6.232E-07
 126) H2S     + OH      = H2O     + HS           4.713E+03
 137) S       + OH      = SO      + H            4.334E-11
 175) HSO     + OH      = H2O     + SO           2.392E+04
 187) OCS     + OH      = CO2     + HS           2.487E+00
 204) CS2     + OH      = OCS     + HS           1.039E-06
 226) C2H5    + OH      = CH3     + HCO     H2   5.104E-05
 227) C2H5    + OH      = CH3CHO  + H2           1.276E-04
 228) C2H5    + OH      = C2H4    + H2O          5.104E-05
 237) C       + OH      = CO      + H            8.804E-33
 264) CH3     + OH      = CH3O    + H            2.545E-02
 282) C2H2    + OH      = CO      + CH3          4.741E+08
 303) C2H4    + OH      = H2CO    + CH3          5.542E+09
 311) C2H3    + OH      = C2H2    + H2O          1.409E+01
 318) C2H2    + OH      = C2H2OH  +              2.022E+09
 319) C2H2    + OH      = CH2CO   + H            1.189E+10
 323) C2H2OH  + OH      = H2O     + CH2CO        4.404E+04
 324) C2H4    + OH      = C2H4OH  +              2.414E+09
 328) C2H4OH  + OH      = H2O     + CH3CHO       3.839E+04
 331) CH3CHO  + OH      = CH3CO   + H2O          8.963E+07
 336) C3H8    + OH      = C3H7    + H2O          2.566E+04
 351) C3H6    + OH      = CH3CHO  + CH3          4.418E+07
 355) C3H7    + OH      = C2H5CHO + H2           6.204E+03

HO2                 PRODUCTION RXS              INT RX RATE    TP =  6.73E+10
   6) H       + O2      = HO2     +              2.597E+10
  12) OH      + O3      = HO2     + O2           1.620E+04
  16) H2O2    + OH      = HO2     + H2O          4.123E+07
  44) HCO     + O2      = HO2     + CO           3.637E+10
  49) H2O2    + O       = OH      + HO2          2.476E+05
  66) CH3     + O3      = H2CO    + HO2          1.673E+08
 122) HSO3    + O2      = HO2     + SO3          6.399E+04
 260) CH3O2   + O       = H2CO    + HO2          2.348E+06
 269) CH3O    + O2      = H2CO    + HO2          4.739E+09

HO2                    LOSS RXS                INT RX RATE    TL =  6.73E+10
   7) H       + HO2     = H2      + O2           2.505E+04
   8) H       + HO2     = H2O     + O            5.566E+03
   9) H       + HO2     = OH      + OH           2.477E+05
  11) OH      + HO2     = H2O     + O2           9.382E+04
  13) HO2     + O       = OH      + O2           1.796E+07
  14) HO2     + O3      = OH      + O2      O2   4.967E+09
  15) HO2     + HO2     = H2O2    + O2           2.637E+10
  50) HO2     + HV      = OH      + O            1.435E-65
  82) NO      + HO2     = NO2     + OH           6.396E+09
 108) N       + HO2     = NO      + OH           6.412E+07
 109) HO2     + NO2     = HNO2    + O2           2.958E+09
 116) SO      + HO2     = SO2     + OH           6.583E+03
 131) HS      + HO2     = H2S     + O2           2.260E+00
 139) S       + HO2     = HS      + O2           9.022E-06
 140) S       + HO2     = SO      + OH           9.022E-06
 163) SO2     + HO2     = SO3     + OH           2.092E+05
 170) SO      + HO2     = HSO     + O2           6.583E+03
 191) H2S     + HO2     = H2O     + HSO          1.410E+08

H2O2                PRODUCTION RXS              INT RX RATE    TP =  2.64E+10
  15) HO2     + HO2     = H2O2    + O2           2.637E+10
  47) OH      + OH      = H2O2    +              1.859E-03

H2O2                   LOSS RXS                INT RX RATE    TL =  4.23E+09
  16) H2O2    + OH      = HO2     + H2O          4.123E+07
  28) H2O2    + HV      = OH      + OH           1.999E-05
  49) H2O2    + O       = OH      + HO2          2.476E+05

H2                  PRODUCTION RXS              INT RX RATE    TP =  1.86E+08
   7) H       + HO2     = H2      + O2           2.505E+04
  34) H       + HCO     = H2      + CO           1.932E+00
  39) H2CO    + HV      = H2      + CO           8.057E-03
  42) H2CO    + H       = H2      + HCO          1.028E+07
  43) H       + H       = H2      +              4.492E-03
  57) CH4     + O1D     = H2CO    + H2           1.053E-30
  67) CH3     + OH      = CO      + H2      H2   1.312E-02
  89) H       + HNO     = H2      + NO           5.241E+00
 124) HSO3    + H       = H2      + SO3          4.509E-06
 127) H2S     + H       = H2      + HS           6.896E+03
 134) HS      + H       = H2      + S            1.013E-05
 177) HSO     + H       = H2      + SO           5.985E+04
 217) H       + HCS     = H2      + CS           6.751E-03
 222) C2H5    + H       = C2H4    + H2           2.792E-05
 226) C2H5    + OH      = CH3     + HCO     H2   5.104E-05
 227) C2H5    + OH      = CH3CHO  + H2           1.276E-04
 242) CH      + H       = C       + H2           9.151E-18
 256) CH23    + H       = CH      + H2           2.613E-03
 279) CH23    + CH23    = C2H2    + H2           1.121E-05
 281) C2H2    + HV      = C2      + H2           1.963E-63
 294) C2H4    + HV      = C2H2    + H2           1.766E-65
 299) C2H3    + H       = C2H2    + H2           4.048E+02
 321) C2H2OH  + H       = H2      + CH2CO        2.276E+03
 326) C2H4OH  + H       = H2      + CH3CHO       1.980E+03
 329) CH3CHO  + H       = CH3CO   + H2           2.013E+05
 346) C3H6    + HV      = CH2CCH2 + H2           8.378E-69
 355) C3H7    + OH      = C2H5CHO + H2           6.204E+03
 366) C3H5    + H       = CH2CCH2 + H2           2.753E+06
 374) C3H5    + H       = CH3C2H  + H2           2.753E+06
 380) CH3C2H  + HV      = C3H2    + H2           4.412E-62
 383) CH2CCH2 + HV      = C3H2    + H2           2.112E-62

H2                     LOSS RXS                INT RX RATE    TL =  4.19E+08
   2) H2      + O1D     = OH      + H            3.381E-30
   3) H2      + O       = OH      + H            8.600E+04
   4) H2      + OH      = H2O     + H            8.989E+06
  61) CH23    + H2      = CH3     + H            1.898E+08
 238) C       + H2      = CH23    +              9.121E-18
 244) CH      + H2      = CH23    + H            6.258E-07
 245) CH      + H2      = CH3     +              3.778E-03
 285) C2H     + H2      = C2H2    + H            1.795E-65
 288) C2      + H2      = C2H     + H            2.095E-66
 300) C2H3    + H2      = C2H4    + H            1.148E+08
 393) H2      + H2      = H4      +              4.895E-72

CO                  PRODUCTION RXS              INT RX RATE    TP =  6.72E+10
  29) CO2     + HV      = CO      + O            2.596E-64
  34) H       + HCO     = H2      + CO           1.932E+00
  35) HCO     + HCO     = H2CO    + CO           5.580E-01
  36) OH      + HCO     = H2O     + CO           1.485E-01
  38) O       + HCO     = OH      + CO           3.061E+01
  39) H2CO    + HV      = H2      + CO           8.057E-03
  41) HCO     + HV      = H       + CO           3.088E+05
  44) HCO     + O2      = HO2     + CO           3.637E+10
  67) CH3     + OH      = CO      + H2      H2   1.312E-02
  71) CH3     + HCO     = CH4     + CO           1.741E+00
  87) HCO     + NO      = HNO     + CO           1.664E+04
  98) CH23    + CO2     = H2CO    + CO           8.995E+08
 102) C2H5    + HCO     = C2H6    + CO           1.095E-03
 105) CO      + O1D     = CO      + O            2.589E-30
 133) HS      + HCO     = H2S     + CO           1.188E-05
 138) S       + HCO     = HS      + CO           5.508E-11
 169) S       + CO2     = SO      + CO           1.953E-04
 171) SO      + HCO     = HSO     + CO           3.805E-03
 182) H       + OCS     = CO      + HS           3.432E+01
 184) O       + OCS     = CO      + SO           6.717E+02
 186) OCS     + S       = CO      + S2           3.466E-06
 190) OCS     + HV      = CO      + S            1.328E-47
 198) CS      + O2      = CO      + SO           4.506E-07
 201) CS      + O3      = CO      + SO2          6.021E-02
 209) CS2     + O       = CO      + S2           1.142E-02
 212) CS      + O       = CO      + S            2.976E-09
 237) C       + OH      = CO      + H            8.804E-33
 239) C       + O2      = CO      + O            3.038E-20
 243) CH      + O       = CO      + H            3.561E-15
 246) CH      + O2      = CO      + OH           2.250E-05
 247) CH      + CO2     = HCO     + CO           1.002E-03
 252) OCS     + CH      = CO      + HCS          4.525E-09
 254) CH23    + O       = CO      + H       H    2.100E-01
 262) HCO     + H2CO    = CH3O    + CO           2.056E+05
 270) CH2CO   + HV      = CH23    + CO           1.386E+04
 272) CH2CO   + H       = CH3     + CO           1.886E+04
 273) CH2CO   + O       = H2CO    + CO           2.679E+10
 275) CH3CO   + H       = CH4     + CO           4.240E+07
 277) CH3CO   + CH3     = C2H6    + CO           5.202E+07
 282) C2H2    + OH      = CO      + CH3          4.741E+08
 283) C2H     + O2      = CO      + HCO          1.576E-64
 284) C2H     + O       = CO      + CH           1.923E-74
 292) C2      + O       = C       + CO           1.664E-75
 293) C2      + O2      = CO      + CO           2.299E-67
 309) C2H2    + O       = CH23    + CO           1.337E+09
 334) CH3CHO  + HV      = CH4     + CO           7.898E-06
 352) C3H6    + O       = CH3     + CH3     CO   6.531E+08

CO                     LOSS RXS                INT RX RATE    TL =  1.79E+10
  31) CO      + OH      = CO2     + H            1.626E+10
  32) CO      + O       = CO2     +              6.369E+08
  33) H       + CO      = HCO     +              7.297E+08
 105) CO      + O1D     = CO      + O            2.589E-30
 183) HS      + CO      = OCS     + H            2.322E-07
 189) S       + CO      = OCS     +              6.734E-03
 196) OCS2    + CO      = OCS     + OCS          2.971E-05
 263) CH3O    + CO      = CH3     + CO2          8.523E+06
 271) CH23    + CO      = CH2CO   +              4.567E+06
 274) CH3     + CO      = CH3CO   +              5.356E+07

HCO                 PRODUCTION RXS              INT RX RATE    TP =  3.64E+10
  33) H       + CO      = HCO     +              7.297E+08
  40) H2CO    + HV      = HCO     + H            2.806E-07
  42) H2CO    + H       = H2      + HCO          1.028E+07
  45) H2CO    + OH      = H2O     + HCO          7.676E+09
  48) H2CO    + O       = HCO     + OH           1.125E+09
  63) CH23    + O2      = HCO     + OH           1.728E+07
  73) CH3     + H2CO    = CH4     + HCO          1.564E+02
  97) CH23    + O       = HCO     + H            2.530E-02
 104) C2H5    + O2      = CH3     + HCO     OH   2.958E+08
 143) HS      + H2CO    = H2S     + HCO          5.216E+04
 223) C2H5    + O       = CH3     + HCO     H    1.571E-02
 226) C2H5    + OH      = CH3     + HCO     H2   5.104E-05
 247) CH      + CO2     = HCO     + CO           1.002E-03
 276) CH3CO   + O       = H2CO    + HCO          1.111E+09
 283) C2H     + O2      = CO      + HCO          1.576E-64
 304) C2H4    + O       = HCO     + CH3          2.541E+10
 333) CH3CHO  + HV      = CH3     + HCO          7.898E-06
 349) C2H5CHO + HV      = C2H5    + HCO          3.700E-08

HCO                    LOSS RXS                INT RX RATE    TL =  3.64E+10
  34) H       + HCO     = H2      + CO           1.932E+00
  35) HCO     + HCO     = H2CO    + CO           5.580E-01
  36) OH      + HCO     = H2O     + CO           1.485E-01
  37) O       + HCO     = H       + CO2          3.061E+01
  38) O       + HCO     = OH      + CO           3.061E+01
  41) HCO     + HV      = H       + CO           3.088E+05
  44) HCO     + O2      = HO2     + CO           3.637E+10
  71) CH3     + HCO     = CH4     + CO           1.741E+00
  87) HCO     + NO      = HNO     + CO           1.664E+04
 102) C2H5    + HCO     = C2H6    + CO           1.095E-03
 133) HS      + HCO     = H2S     + CO           1.188E-05
 138) S       + HCO     = HS      + CO           5.508E-11
 171) SO      + HCO     = HSO     + CO           3.805E-03
 188) S       + HCO     = OCS     + H            4.407E-10
 262) HCO     + H2CO    = CH3O    + CO           2.056E+05

H2CO                PRODUCTION RXS              INT RX RATE    TP =  7.29E+10
  35) HCO     + HCO     = H2CO    + CO           5.580E-01
  57) CH4     + O1D     = H2CO    + H2           1.053E-30
  64) CH3     + O2      = H2CO    + OH           3.163E+10
  65) CH3     + O       = H2CO    + H            8.057E+01
  66) CH3     + O3      = H2CO    + HO2          1.673E+08
  98) CH23    + CO2     = H2CO    + CO           8.995E+08
 224) C2H5    + O       = H2CO    + CH3          1.398E-02
 259) CH3O2   + H       = H2O     + H2CO         2.136E+05
 260) CH3O2   + O       = H2CO    + HO2          2.348E+06
 266) NO      + CH3O    = HNO     + H2CO         1.388E+07
 267) NO2     + CH3O    = H2CO    + HNO2         2.044E+09
 269) CH3O    + O2      = H2CO    + HO2          4.739E+09
 273) CH2CO   + O       = H2CO    + CO           2.679E+10
 276) CH3CO   + O       = H2CO    + HCO          1.111E+09
 303) C2H4    + OH      = H2CO    + CH3          5.542E+09

H2CO                   LOSS RXS                INT RX RATE    TL =  9.08E+10
  39) H2CO    + HV      = H2      + CO           8.057E-03
  40) H2CO    + HV      = HCO     + H            2.806E-07
  42) H2CO    + H       = H2      + HCO          1.028E+07
  45) H2CO    + OH      = H2O     + HCO          7.676E+09
  48) H2CO    + O       = HCO     + OH           1.125E+09
  73) CH3     + H2CO    = CH4     + HCO          1.564E+02
 143) HS      + H2CO    = H2S     + HCO          5.216E+04
 262) HCO     + H2CO    = CH3O    + CO           2.056E+05

CH4                 PRODUCTION RXS              INT RX RATE    TP =  1.37E+08
  70) CH3     + H       = CH4     +              3.661E+00
  71) CH3     + HCO     = CH4     + CO           1.741E+00
  72) CH3     + HNO     = CH4     + NO           7.180E-02
  73) CH3     + H2CO    = CH4     + HCO          1.564E+02
 231) CH3     + HCS     = CH4     + CS           4.539E-03
 258) CH3O2   + H       = CH4     + O2           2.990E+05
 275) CH3CO   + H       = CH4     + CO           4.240E+07
 278) CH3CO   + CH3     = CH4     + CH2CO        8.285E+07
 312) C2H3    + CH3     = C2H2    + CH4          5.629E+02
 315) C2H5    + CH3     = C2H4    + CH4          4.338E-02
 332) CH3CHO  + CH3     = CH3CO   + CH4          4.826E+06
 334) CH3CHO  + HV      = CH4     + CO           7.898E-06
 348) C3H6    + HV      = C2H     + CH4     H    4.189E-68
 354) C3H7    + CH3     = C3H6    + CH4          1.115E+04
 364) C3H5    + H       = CH4     + C2H2         2.753E+06
 365) C3H5    + CH3     = CH2CCH2 + CH4          1.709E+06
 375) C3H5    + CH3     = CH3C2H  + CH4          1.709E+06
 395) H4      + H4CO2   = CH4     + H2O     H2O  2.447E-72

CH4                    LOSS RXS                INT RX RATE    TL =  8.22E+12
  55) CH4     + OH      = CH3     + H2O          5.402E+09
  56) CH4     + O1D     = CH3     + OH           1.579E-29
  57) CH4     + O1D     = H2CO    + H2           1.053E-30
  62) CH23    + CH4     = CH3     + CH3          1.257E+02
  93) CH4     + O       = CH3     + OH           3.522E+08
 215) CH4     + HS      = CH3     + H2S          1.297E-07
 268) O1D     + CH4     = CH3O    + H            4.210E-30
 286) C2H     + CH4     = C2H2    + CH3          8.226E-63
 289) C2      + CH4     = C2H     + CH3          1.958E-63
 301) C2H3    + CH4     = C2H4    + CH3          3.385E+06
 307) CH      + CH4     = C2H4    + H            1.791E-02

CH3                 PRODUCTION RXS              INT RX RATE    TP =  3.90E+10
  55) CH4     + OH      = CH3     + H2O          5.402E+09
  56) CH4     + O1D     = CH3     + OH           1.579E-29
  61) CH23    + H2      = CH3     + H            1.898E+08
  62) CH23    + CH4     = CH3     + CH3          1.257E+02
  93) CH4     + O       = CH3     + OH           3.522E+08
 104) C2H5    + O2      = CH3     + HCO     OH   2.958E+08
 215) CH4     + HS      = CH3     + H2S          1.297E-07
 220) C2H5    + H       = CH3     + CH3          5.585E-04
 223) C2H5    + O       = CH3     + HCO     H    1.571E-02
 224) C2H5    + O       = H2CO    + CH3          1.398E-02
 226) C2H5    + OH      = CH3     + HCO     H2   5.104E-05
 245) CH      + H2      = CH3     +              3.778E-03
 255) CH23    + H       = CH3     +              6.094E-03
 263) CH3O    + CO      = CH3     + CO2          8.523E+06
 272) CH2CO   + H       = CH3     + CO           1.886E+04
 282) C2H2    + OH      = CO      + CH3          4.741E+08
 286) C2H     + CH4     = C2H2    + CH3          8.226E-63
 289) C2      + CH4     = C2H     + CH3          1.958E-63
 297) CH23    + C2H3    = CH3     + C2H2         1.744E+00
 301) C2H3    + CH4     = C2H4    + CH3          3.385E+06
 303) C2H4    + OH      = H2CO    + CH3          5.542E+09
 304) C2H4    + O       = HCO     + CH3          2.541E+10
 308) CH23    + C2H5    = CH3     + C2H4         1.313E-06
 333) CH3CHO  + HV      = CH3     + HCO          7.898E-06
 339) C3H7    + H       = CH3     + C2H5         1.599E+04
 345) C3H6    + HV      = C2H2    + CH3     H    2.849E-67
 351) C3H6    + OH      = CH3CHO  + CH3          4.418E+07
 352) C3H6    + O       = CH3     + CH3     CO   6.531E+08
 359) CH2CCH2 + H       = CH3     + C2H2         3.497E+04
 362) C2H3    + C2H5    = CH3     + C3H5         9.724E-05
 369) CH3C2H  + H       = CH3     + C2H2         1.628E+07
 381) CH3C2H  + HV      = CH3     + C2H          2.006E-63

CH3                    LOSS RXS                INT RX RATE    TL =  3.90E+10
  64) CH3     + O2      = H2CO    + OH           3.163E+10
  65) CH3     + O       = H2CO    + H            8.057E+01
  66) CH3     + O3      = H2CO    + HO2          1.673E+08
  67) CH3     + OH      = CO      + H2      H2   1.312E-02
  68) CH3     + CH3     = C2H6    +              2.116E+07
  69) CH3     + HV      = CH23    + H            4.653E+04
  70) CH3     + H       = CH4     +              3.661E+00
  71) CH3     + HCO     = CH4     + CO           1.741E+00
  72) CH3     + HNO     = CH4     + NO           7.180E-02
  73) CH3     + H2CO    = CH4     + HCO          1.564E+02
 231) CH3     + HCS     = CH4     + CS           4.539E-03
 257) CH3     + O2      = CH3O2   +              6.839E+09
 264) CH3     + OH      = CH3O    + H            2.545E-02
 265) CH3     + O3      = CH3O    + O2           1.673E+08
 274) CH3     + CO      = CH3CO   +              5.356E+07
 277) CH3CO   + CH3     = C2H6    + CO           5.202E+07
 278) CH3CO   + CH3     = CH4     + CH2CO        8.285E+07
 296) CH23    + CH3     = C2H4    + H            4.238E-03
 312) C2H3    + CH3     = C2H2    + CH4          5.629E+02
 315) C2H5    + CH3     = C2H4    + CH4          4.338E-02
 332) CH3CHO  + CH3     = CH3CO   + CH4          4.826E+06
 335) C2H5    + CH3     = C3H8    +              4.338E-02
 350) C2H3    + CH3     = C3H6    +              1.987E+03
 354) C3H7    + CH3     = C3H6    + CH4          1.115E+04
 361) CH3     + C2H3    = C3H5    + H            3.974E+00
 365) C3H5    + CH3     = CH2CCH2 + CH4          1.709E+06
 375) C3H5    + CH3     = CH3C2H  + CH4          1.709E+06

C2H6                PRODUCTION RXS              INT RX RATE    TP =  7.32E+07
  68) CH3     + CH3     = C2H6    +              2.116E+07
 102) C2H5    + HCO     = C2H6    + CO           1.095E-03
 103) C2H5    + HNO     = C2H6    + NO           1.689E-05
 221) C2H5    + H       = C2H6    +              1.931E-03
 277) CH3CO   + CH3     = C2H6    + CO           5.202E+07
 316) C2H5    + C2H3    = C2H6    + C2H2         7.267E-02
 317) C2H5    + C2H5    = C2H6    + C2H4         5.527E-08

C2H6                   LOSS RXS                INT RX RATE    TL =  2.77E+07
  99) C2H6    + OH      = C2H5    + H2O          9.893E+06
 100) C2H6    + O       = C2H5    + OH           7.247E+04
 101) C2H6    + O1D     = C2H5    + OH           7.035E-32
 302) C2H3    + C2H6    = C2H4    + C2H5         3.473E-01
 306) C2H     + C2H6    = C2H2    + C2H5         1.403E-64

NO                  PRODUCTION RXS              INT RX RATE    TP =  1.48E+10
  51) HNO2    + HV      = NO      + OH           5.002E+09
  54) NO2     + HV      = NO      + O            7.780E+05
  72) CH3     + HNO     = CH4     + NO           7.180E-02
  76) N       + O2      = NO      + O            1.353E+04
  77) N       + O3      = NO      + O2           1.176E+06
  78) N       + OH      = NO      + H            6.625E+01
  84) NO2     + O       = NO      + O2           8.847E+09
  86) NO2     + H       = NO      + OH           6.545E+08
  88) HNO     + HV      = NO      + H            1.490E+07
  89) H       + HNO     = H2      + NO           5.241E+00
  90) O       + HNO     = OH      + NO           6.216E+03
  91) OH      + HNO     = H2O     + NO           1.999E+01
 103) C2H5    + HNO     = C2H6    + NO           1.689E-05
 108) N       + HO2     = NO      + OH           6.412E+07
 161) SO      + NO2     = SO2     + NO           1.007E+07
 165) HS      + NO2     = HSO     + NO           7.780E+04

NO                     LOSS RXS                INT RX RATE    TL =  1.48E+10
  53) NO      + HV      = N       + O            2.477E-72
  74) H       + NO      = HNO     +              2.801E+03
  79) N       + NO      = N2      + O            3.468E+07
  80) NO      + O3      = NO2     + O2           1.676E+09
  81) NO      + O       = NO2     +              8.941E+05
  82) NO      + HO2     = NO2     + OH           6.396E+09
  83) NO      + OH      = HNO2    +              2.888E+03
  87) HCO     + NO      = HNO     + CO           1.664E+04
 174) HSO     + NO      = HNO     + SO           1.003E+06
 261) NO      + CH3O2   = CH3O    + NO2          6.638E+09
 266) NO      + CH3O    = HNO     + H2CO         1.388E+07

NO2                 PRODUCTION RXS              INT RX RATE    TP =  1.47E+10
  52) HNO3    + HV      = NO2     + OH           2.959E-15
  80) NO      + O3      = NO2     + O2           1.676E+09
  81) NO      + O       = NO2     +              8.941E+05
  82) NO      + HO2     = NO2     + OH           6.396E+09
  92) HNO2    + OH      = H2O     + NO2          1.548E+02
 107) HNO3    + OH      = H2O     + NO2     O    4.617E+05
 261) NO      + CH3O2   = CH3O    + NO2          6.638E+09

NO2                    LOSS RXS                INT RX RATE    TL =  1.45E+10
  54) NO2     + HV      = NO      + O            7.780E+05
  84) NO2     + O       = NO      + O2           8.847E+09
  85) NO2     + OH      = HNO3    +              2.894E+07
  86) NO2     + H       = NO      + OH           6.545E+08
 109) HO2     + NO2     = HNO2    + O2           2.958E+09
 161) SO      + NO2     = SO2     + NO           1.007E+07
 165) HS      + NO2     = HSO     + NO           7.780E+04
 267) NO2     + CH3O    = H2CO    + HNO2         2.044E+09

HNO                 PRODUCTION RXS              INT RX RATE    TP =  1.49E+07
  74) H       + NO      = HNO     +              2.801E+03
  87) HCO     + NO      = HNO     + CO           1.664E+04
 174) HSO     + NO      = HNO     + SO           1.003E+06
 266) NO      + CH3O    = HNO     + H2CO         1.388E+07

HNO                    LOSS RXS                INT RX RATE    TL =  1.49E+07
  72) CH3     + HNO     = CH4     + NO           7.180E-02
  88) HNO     + HV      = NO      + H            1.490E+07
  89) H       + HNO     = H2      + NO           5.241E+00
  90) O       + HNO     = OH      + NO           6.216E+03
  91) OH      + HNO     = H2O     + NO           1.999E+01
 103) C2H5    + HNO     = C2H6    + NO           1.689E-05

O3                  PRODUCTION RXS              INT RX RATE    TP =  2.70E+10
  18) O       + O2      = O3      +              2.705E+10

O3                     LOSS RXS                INT RX RATE    TL =  1.01E+11
   5) H       + O3      = OH      + O2           1.433E+08
  12) OH      + O3      = HO2     + O2           1.620E+04
  14) HO2     + O3      = OH      + O2      O2   4.967E+09
  19) O       + O3      = O2      + O2           5.725E+04
  26) O3      + HV      = O2      + O1D          1.298E-27
  27) O3      + HV      = O2      + O            9.418E+10
  66) CH3     + O3      = H2CO    + HO2          1.673E+08
  77) N       + O3      = NO      + O2           1.176E+06
  80) NO      + O3      = NO2     + O2           1.676E+09
 162) SO      + O3      = SO2     + O2           6.027E+03
 164) HS      + O3      = HSO     + O2           1.806E+03
 166) S       + O3      = SO      + O2           8.380E-02
 199) CS      + O3      = OCS     + O2           6.021E-02
 200) CS      + O3      = SO      + CO2          6.021E-02
 201) CS      + O3      = CO      + SO2          6.021E-02
 265) CH3     + O3      = CH3O    + O2           1.673E+08

HNO3                PRODUCTION RXS              INT RX RATE    TP =  2.89E+07
  85) NO2     + OH      = HNO3    +              2.894E+07

HNO3                   LOSS RXS                INT RX RATE    TL =  1.02E+07
  52) HNO3    + HV      = NO2     + OH           2.959E-15
 107) HNO3    + OH      = H2O     + NO2     O    4.617E+05

N                   PRODUCTION RXS              INT RX RATE    TP =  2.48E-72
  53) NO      + HV      = N       + O            2.477E-72

N                      LOSS RXS                INT RX RATE    TL =  1.00E+08
  75) N       + N       = N2      +              3.362E+03
  76) N       + O2      = NO      + O            1.353E+04
  77) N       + O3      = NO      + O2           1.176E+06
  78) N       + OH      = NO      + H            6.625E+01
  79) N       + NO      = N2      + O            3.468E+07
 108) N       + HO2     = NO      + OH           6.412E+07

C3H2                PRODUCTION RXS              INT RX RATE    TP =  1.01E-04
 367) CH      + C2H2    = C3H2    + H            1.012E-04
 378) C3H3    + HV      = C3H2    + H            2.749E-11
 380) CH3C2H  + HV      = C3H2    + H2           4.412E-62
 383) CH2CCH2 + HV      = C3H2    + H2           2.112E-62

C3H2                   LOSS RXS                INT RX RATE    TL =  4.37E+01
 371) C3H2    + H       = C3H3    +              4.368E+01

C3H3                PRODUCTION RXS              INT RX RATE    TP =  4.37E+01
 371) C3H2    + H       = C3H3    +              4.368E+01
 379) CH3C2H  + HV      = C3H3    + H            5.616E-62
 382) CH2CCH2 + HV      = C3H3    + H            3.754E-62

C3H3                   LOSS RXS                INT RX RATE    TL =  7.16E+01
 372) C3H3    + H       = CH3C2H  +              3.578E+01
 373) C3H3    + H       = CH2CCH2 +              3.578E+01
 378) C3H3    + HV      = C3H2    + H            2.749E-11

CH3C2H              PRODUCTION RXS              INT RX RATE    TP =  1.25E+08
 358) CH      + C2H4    = CH3C2H  + H            1.797E-05
 368) CH23    + C2H2    = CH3C2H  +              1.129E+08
 372) C3H3    + H       = CH3C2H  +              3.578E+01
 374) C3H5    + H       = CH3C2H  + H2           2.753E+06
 375) C3H5    + CH3     = CH3C2H  + CH4          1.709E+06
 376) CH2CCH2 + H       = CH3C2H  + H            7.865E+06

CH3C2H                 LOSS RXS                INT RX RATE    TL =  3.26E+07
 369) CH3C2H  + H       = CH3     + C2H2         1.628E+07
 370) CH3C2H  + H       = C3H5    +              1.628E+07
 379) CH3C2H  + HV      = C3H3    + H            5.616E-62
 380) CH3C2H  + HV      = C3H2    + H2           4.412E-62
 381) CH3C2H  + HV      = CH3     + C2H          2.006E-63

CH2CCH2             PRODUCTION RXS              INT RX RATE    TP =  1.17E+08
 346) C3H6    + HV      = CH2CCH2 + H2           8.378E-69
 357) CH      + C2H4    = CH2CCH2 + H            1.797E-05
 365) C3H5    + CH3     = CH2CCH2 + CH4          1.709E+06
 366) C3H5    + H       = CH2CCH2 + H2           2.753E+06
 373) C3H3    + H       = CH2CCH2 +              3.578E+01
 377) CH23    + C2H2    = CH2CCH2 +              1.129E+08

CH2CCH2                LOSS RXS                INT RX RATE    TL =  7.93E+06
 359) CH2CCH2 + H       = CH3     + C2H2         3.497E+04
 360) CH2CCH2 + H       = C3H5    +              3.480E+04
 376) CH2CCH2 + H       = CH3C2H  + H            7.865E+06
 382) CH2CCH2 + HV      = C3H3    + H            3.754E-62
 383) CH2CCH2 + HV      = C3H2    + H2           2.112E-62
 392) C2H     + CH2CCH2 = HCAER2  + H            3.922E-65

C3H5                PRODUCTION RXS              INT RX RATE    TP =  1.63E+07
 360) CH2CCH2 + H       = C3H5    +              3.480E+04
 361) CH3     + C2H3    = C3H5    + H            3.974E+00
 362) C2H3    + C2H5    = CH3     + C3H5         9.724E-05
 370) CH3C2H  + H       = C3H5    +              1.628E+07

C3H5                   LOSS RXS                INT RX RATE    TL =  1.35E+07
 363) C3H5    + H       = C3H6    +              1.831E+06
 364) C3H5    + H       = CH4     + C2H2         2.753E+06
 365) C3H5    + CH3     = CH2CCH2 + CH4          1.709E+06
 366) C3H5    + H       = CH2CCH2 + H2           2.753E+06
 374) C3H5    + H       = CH3C2H  + H2           2.753E+06
 375) C3H5    + CH3     = CH3C2H  + CH4          1.709E+06

C2H5CHO             PRODUCTION RXS              INT RX RATE    TP =  2.35E+06
 355) C3H7    + OH      = C2H5CHO + H2           6.204E+03
 356) C3H7    + O       = C2H5CHO + H            2.343E+06

C2H5CHO                LOSS RXS                INT RX RATE    TL =  2.24E+06
 349) C2H5CHO + HV      = C2H5    + HCO          3.700E-08

C3H6                PRODUCTION RXS              INT RX RATE    TP =  1.84E+06
 350) C2H3    + CH3     = C3H6    +              1.987E+03
 354) C3H7    + CH3     = C3H6    + CH4          1.115E+04
 363) C3H5    + H       = C3H6    +              1.831E+06

C3H6                   LOSS RXS                INT RX RATE    TL =  6.98E+08
 345) C3H6    + HV      = C2H2    + CH3     H    2.849E-67
 346) C3H6    + HV      = CH2CCH2 + H2           8.378E-69
 347) C3H6    + HV      = C2H4    + CH23         1.676E-68
 348) C3H6    + HV      = C2H     + CH4     H    4.189E-68
 351) C3H6    + OH      = CH3CHO  + CH3          4.418E+07
 352) C3H6    + O       = CH3     + CH3     CO   6.531E+08
 353) C3H6    + H       = C3H7    +              5.126E+05

C3H7                PRODUCTION RXS              INT RX RATE    TP =  5.43E+05
 336) C3H8    + OH      = C3H7    + H2O          2.566E+04
 337) C3H8    + O       = C3H7    + OH           4.580E+03
 338) C3H8    + O1D     = C3H7    + OH           4.182E-36
 344) C2H     + C3H8    = C2H2    + C3H7         1.436E-68
 353) C3H6    + H       = C3H7    +              5.126E+05

C3H7                   LOSS RXS                INT RX RATE    TL =  2.38E+06
 339) C3H7    + H       = CH3     + C2H5         1.599E+04
 354) C3H7    + CH3     = C3H6    + CH4          1.115E+04
 355) C3H7    + OH      = C2H5CHO + H2           6.204E+03
 356) C3H7    + O       = C2H5CHO + H            2.343E+06

C3H8                PRODUCTION RXS              INT RX RATE    TP =  4.34E-02
 335) C2H5    + CH3     = C3H8    +              4.338E-02

C3H8                   LOSS RXS                INT RX RATE    TL =  3.02E+04
 336) C3H8    + OH      = C3H7    + H2O          2.566E+04
 337) C3H8    + O       = C3H7    + OH           4.580E+03
 338) C3H8    + O1D     = C3H7    + OH           4.182E-36
 344) C2H     + C3H8    = C2H2    + C3H7         1.436E-68

C2H4OH              PRODUCTION RXS              INT RX RATE    TP =  2.41E+09
 324) C2H4    + OH      = C2H4OH  +              2.414E+09

C2H4OH                 LOSS RXS                INT RX RATE    TL =  2.23E+08
 325) C2H4OH  + H       = H2O     + C2H4         2.229E+08
 326) C2H4OH  + H       = H2      + CH3CHO       1.980E+03
 327) C2H4OH  + O       = OH      + CH3CHO       1.032E+05
 328) C2H4OH  + OH      = H2O     + CH3CHO       3.839E+04

C2H2OH              PRODUCTION RXS              INT RX RATE    TP =  2.02E+09
 318) C2H2    + OH      = C2H2OH  +              2.022E+09

C2H2OH                 LOSS RXS                INT RX RATE    TL =  2.56E+08
 320) C2H2OH  + H       = H2O     + C2H2         2.557E+08
 321) C2H2OH  + H       = H2      + CH2CO        2.276E+03
 322) C2H2OH  + O       = OH      + CH2CO        1.185E+05
 323) C2H2OH  + OH      = H2O     + CH2CO        4.404E+04

C2H5                PRODUCTION RXS              INT RX RATE    TP =  2.96E+08
  99) C2H6    + OH      = C2H5    + H2O          9.893E+06
 100) C2H6    + O       = C2H5    + OH           7.247E+04
 101) C2H6    + O1D     = C2H5    + OH           7.035E-32
 302) C2H3    + C2H6    = C2H4    + C2H5         3.473E-01
 305) C2H4    + H       = C2H5    +              2.858E+08
 306) C2H     + C2H6    = C2H2    + C2H5         1.403E-64
 339) C3H7    + H       = CH3     + C2H5         1.599E+04
 349) C2H5CHO + HV      = C2H5    + HCO          3.700E-08

C2H5                   LOSS RXS                INT RX RATE    TL =  2.96E+08
 102) C2H5    + HCO     = C2H6    + CO           1.095E-03
 103) C2H5    + HNO     = C2H6    + NO           1.689E-05
 104) C2H5    + O2      = CH3     + HCO     OH   2.958E+08
 220) C2H5    + H       = CH3     + CH3          5.585E-04
 221) C2H5    + H       = C2H6    +              1.931E-03
 222) C2H5    + H       = C2H4    + H2           2.792E-05
 223) C2H5    + O       = CH3     + HCO     H    1.571E-02
 224) C2H5    + O       = H2CO    + CH3          1.398E-02
 225) C2H5    + O       = CH3CHO  + H            6.963E-02
 226) C2H5    + OH      = CH3     + HCO     H2   5.104E-05
 227) C2H5    + OH      = CH3CHO  + H2           1.276E-04
 228) C2H5    + OH      = C2H4    + H2O          5.104E-05
 308) CH23    + C2H5    = CH3     + C2H4         1.313E-06
 314) C2H3    + C2H5    = C2H4    + C2H4         3.633E-02
 315) C2H5    + CH3     = C2H4    + CH4          4.338E-02
 316) C2H5    + C2H3    = C2H6    + C2H2         7.267E-02
 317) C2H5    + C2H5    = C2H6    + C2H4         5.527E-08
 335) C2H5    + CH3     = C3H8    +              4.338E-02
 362) C2H3    + C2H5    = CH3     + C3H5         9.724E-05

C2H4                PRODUCTION RXS              INT RX RATE    TP =  3.41E+08
 222) C2H5    + H       = C2H4    + H2           2.792E-05
 228) C2H5    + OH      = C2H4    + H2O          5.104E-05
 296) CH23    + CH3     = C2H4    + H            4.238E-03
 300) C2H3    + H2      = C2H4    + H            1.148E+08
 301) C2H3    + CH4     = C2H4    + CH3          3.385E+06
 302) C2H3    + C2H6    = C2H4    + C2H5         3.473E-01
 307) CH      + CH4     = C2H4    + H            1.791E-02
 308) CH23    + C2H5    = CH3     + C2H4         1.313E-06
 313) C2H3    + C2H3    = C2H4    + C2H2         3.911E+05
 314) C2H3    + C2H5    = C2H4    + C2H4         3.633E-02
 315) C2H5    + CH3     = C2H4    + CH4          4.338E-02
 317) C2H5    + C2H5    = C2H6    + C2H4         5.527E-08
 325) C2H4OH  + H       = H2O     + C2H4         2.229E+08
 347) C3H6    + HV      = C2H4    + CH23         1.676E-68

C2H4                   LOSS RXS                INT RX RATE    TL =  3.36E+10
 294) C2H4    + HV      = C2H2    + H2           1.766E-65
 295) C2H4    + HV      = C2H2    + H       H    6.532E-66
 303) C2H4    + OH      = H2CO    + CH3          5.542E+09
 304) C2H4    + O       = HCO     + CH3          2.541E+10
 305) C2H4    + H       = C2H5    +              2.858E+08
 324) C2H4    + OH      = C2H4OH  +              2.414E+09
 357) CH      + C2H4    = CH2CCH2 + H            1.797E-05
 358) CH      + C2H4    = CH3C2H  + H            1.797E-05

CH                  PRODUCTION RXS              INT RX RATE    TP =  2.29E-02
 253) CH23    + O       = CH      + OH           2.024E-02
 256) CH23    + H       = CH      + H2           2.613E-03
 284) C2H     + O       = CO      + CH           1.923E-74

CH                     LOSS RXS                INT RX RATE    TL =  2.29E-02
 242) CH      + H       = C       + H2           9.151E-18
 243) CH      + O       = CO      + H            3.561E-15
 244) CH      + H2      = CH23    + H            6.258E-07
 245) CH      + H2      = CH3     +              3.778E-03
 246) CH      + O2      = CO      + OH           2.250E-05
 247) CH      + CO2     = HCO     + CO           1.002E-03
 248) CH      + HV      = C       + H            8.040E-92
 249) CH      + S       = CS      + H            3.184E-26
 250) CH      + S2      = CS      + HS           4.249E-17
 251) CH      + CS2     = HCS     + CS           6.172E-17
 252) OCS     + CH      = CO      + HCS          4.525E-09
 307) CH      + CH4     = C2H4    + H            1.791E-02
 357) CH      + C2H4    = CH2CCH2 + H            1.797E-05
 358) CH      + C2H4    = CH3C2H  + H            1.797E-05
 367) CH      + C2H2    = C3H2    + H            1.012E-04

CH3O2               PRODUCTION RXS              INT RX RATE    TP =  6.84E+09
 257) CH3     + O2      = CH3O2   +              6.839E+09

CH3O2                  LOSS RXS                INT RX RATE    TL =  6.67E+09
 258) CH3O2   + H       = CH4     + O2           2.990E+05
 259) CH3O2   + H       = H2O     + H2CO         2.136E+05
 260) CH3O2   + O       = H2CO    + HO2          2.348E+06
 261) NO      + CH3O2   = CH3O    + NO2          6.638E+09

CH3O                PRODUCTION RXS              INT RX RATE    TP =  6.81E+09
 261) NO      + CH3O2   = CH3O    + NO2          6.638E+09
 262) HCO     + H2CO    = CH3O    + CO           2.056E+05
 264) CH3     + OH      = CH3O    + H            2.545E-02
 265) CH3     + O3      = CH3O    + O2           1.673E+08
 268) O1D     + CH4     = CH3O    + H            4.210E-30

CH3O                   LOSS RXS                INT RX RATE    TL =  6.81E+09
 263) CH3O    + CO      = CH3     + CO2          8.523E+06
 266) NO      + CH3O    = HNO     + H2CO         1.388E+07
 267) NO2     + CH3O    = H2CO    + HNO2         2.044E+09
 269) CH3O    + O2      = H2CO    + HO2          4.739E+09

CH2CO               PRODUCTION RXS              INT RX RATE    TP =  1.20E+10
 271) CH23    + CO      = CH2CO   +              4.567E+06
 278) CH3CO   + CH3     = CH4     + CH2CO        8.285E+07
 310) C2H3    + O       = CH2CO   + H            3.824E+04
 319) C2H2    + OH      = CH2CO   + H            1.189E+10
 321) C2H2OH  + H       = H2      + CH2CO        2.276E+03
 322) C2H2OH  + O       = OH      + CH2CO        1.185E+05
 323) C2H2OH  + OH      = H2O     + CH2CO        4.404E+04

CH2CO                  LOSS RXS                INT RX RATE    TL =  2.68E+10
 270) CH2CO   + HV      = CH23    + CO           1.386E+04
 272) CH2CO   + H       = CH3     + CO           1.886E+04
 273) CH2CO   + O       = H2CO    + CO           2.679E+10

CH3CO               PRODUCTION RXS              INT RX RATE    TP =  1.38E+09
 274) CH3     + CO      = CH3CO   +              5.356E+07
 329) CH3CHO  + H       = CH3CO   + H2           2.013E+05
 330) CH3CHO  + O       = CH3CO   + OH           1.230E+09
 331) CH3CHO  + OH      = CH3CO   + H2O          8.963E+07
 332) CH3CHO  + CH3     = CH3CO   + CH4          4.826E+06

CH3CO                  LOSS RXS                INT RX RATE    TL =  1.29E+09
 275) CH3CO   + H       = CH4     + CO           4.240E+07
 276) CH3CO   + O       = H2CO    + HCO          1.111E+09
 277) CH3CO   + CH3     = C2H6    + CO           5.202E+07
 278) CH3CO   + CH3     = CH4     + CH2CO        8.285E+07

CH3CHO              PRODUCTION RXS              INT RX RATE    TP =  4.43E+07
 225) C2H5    + O       = CH3CHO  + H            6.963E-02
 227) C2H5    + OH      = CH3CHO  + H2           1.276E-04
 326) C2H4OH  + H       = H2      + CH3CHO       1.980E+03
 327) C2H4OH  + O       = OH      + CH3CHO       1.032E+05
 328) C2H4OH  + OH      = H2O     + CH3CHO       3.839E+04
 351) C3H6    + OH      = CH3CHO  + CH3          4.418E+07

CH3CHO                 LOSS RXS                INT RX RATE    TL =  1.38E+09
 329) CH3CHO  + H       = CH3CO   + H2           2.013E+05
 330) CH3CHO  + O       = CH3CO   + OH           1.230E+09
 331) CH3CHO  + OH      = CH3CO   + H2O          8.963E+07
 332) CH3CHO  + CH3     = CH3CO   + CH4          4.826E+06
 333) CH3CHO  + HV      = CH3     + HCO          7.898E-06
 334) CH3CHO  + HV      = CH4     + CO           7.898E-06

C2H2                PRODUCTION RXS              INT RX RATE    TP =  2.75E+08
 279) CH23    + CH23    = C2H2    + H2           1.121E-05
 285) C2H     + H2      = C2H2    + H            1.795E-65
 286) C2H     + CH4     = C2H2    + CH3          8.226E-63
 287) C2H     + H       = C2H2    +              4.075E-75
 294) C2H4    + HV      = C2H2    + H2           1.766E-65
 295) C2H4    + HV      = C2H2    + H       H    6.532E-66
 297) CH23    + C2H3    = CH3     + C2H2         1.744E+00
 299) C2H3    + H       = C2H2    + H2           4.048E+02
 306) C2H     + C2H6    = C2H2    + C2H5         1.403E-64
 311) C2H3    + OH      = C2H2    + H2O          1.409E+01
 312) C2H3    + CH3     = C2H2    + CH4          5.629E+02
 313) C2H3    + C2H3    = C2H4    + C2H2         3.911E+05
 316) C2H5    + C2H3    = C2H6    + C2H2         7.267E-02
 320) C2H2OH  + H       = H2O     + C2H2         2.557E+08
 344) C2H     + C3H8    = C2H2    + C3H7         1.436E-68
 345) C3H6    + HV      = C2H2    + CH3     H    2.849E-67
 359) CH2CCH2 + H       = CH3     + C2H2         3.497E+04
 364) C3H5    + H       = CH4     + C2H2         2.753E+06
 369) CH3C2H  + H       = CH3     + C2H2         1.628E+07

C2H2                   LOSS RXS                INT RX RATE    TL =  1.61E+10
 280) C2H2    + HV      = C2H     + H            5.900E-63
 281) C2H2    + HV      = C2      + H2           1.963E-63
 282) C2H2    + OH      = CO      + CH3          4.741E+08
 298) C2H2    + H       = C2H3    +              1.190E+08
 309) C2H2    + O       = CH23    + CO           1.337E+09
 318) C2H2    + OH      = C2H2OH  +              2.022E+09
 319) C2H2    + OH      = CH2CO   + H            1.189E+10
 367) CH      + C2H2    = C3H2    + H            1.012E-04
 368) CH23    + C2H2    = CH3C2H  +              1.129E+08
 377) CH23    + C2H2    = CH2CCH2 +              1.129E+08
 391) C2H     + C2H2    = HCAER   + H            1.273E-63

CH23                PRODUCTION RXS              INT RX RATE    TP =  1.34E+09
  69) CH3     + HV      = CH23    + H            4.653E+04
 238) C       + H2      = CH23    +              9.121E-18
 244) CH      + H2      = CH23    + H            6.258E-07
 270) CH2CO   + HV      = CH23    + CO           1.386E+04
 309) C2H2    + O       = CH23    + CO           1.337E+09
 347) C3H6    + HV      = C2H4    + CH23         1.676E-68

CH23                   LOSS RXS                INT RX RATE    TL =  1.34E+09
  61) CH23    + H2      = CH3     + H            1.898E+08
  62) CH23    + CH4     = CH3     + CH3          1.257E+02
  63) CH23    + O2      = HCO     + OH           1.728E+07
  97) CH23    + O       = HCO     + H            2.530E-02
  98) CH23    + CO2     = H2CO    + CO           8.995E+08
 230) CH23    + S2      = HCS     + HS           3.276E-05
 232) CH23    + S       = HCS     + H            2.263E-13
 253) CH23    + O       = CH      + OH           2.024E-02
 254) CH23    + O       = CO      + H       H    2.100E-01
 255) CH23    + H       = CH3     +              6.094E-03
 256) CH23    + H       = CH      + H2           2.613E-03
 271) CH23    + CO      = CH2CO   +              4.567E+06
 279) CH23    + CH23    = C2H2    + H2           1.121E-05
 296) CH23    + CH3     = C2H4    + H            4.238E-03
 297) CH23    + C2H3    = CH3     + C2H2         1.744E+00
 308) CH23    + C2H5    = CH3     + C2H4         1.313E-06
 368) CH23    + C2H2    = CH3C2H  +              1.129E+08
 377) CH23    + C2H2    = CH2CCH2 +              1.129E+08

C2H                 PRODUCTION RXS              INT RX RATE    TP =  9.87E-63
 280) C2H2    + HV      = C2H     + H            5.900E-63
 288) C2      + H2      = C2H     + H            2.095E-66
 289) C2      + CH4     = C2H     + CH3          1.958E-63
 348) C3H6    + HV      = C2H     + CH4     H    4.189E-68
 381) CH3C2H  + HV      = CH3     + C2H          2.006E-63

C2H                    LOSS RXS                INT RX RATE    TL =  9.85E-63
 283) C2H     + O2      = CO      + HCO          1.576E-64
 284) C2H     + O       = CO      + CH           1.923E-74
 285) C2H     + H2      = C2H2    + H            1.795E-65
 286) C2H     + CH4     = C2H2    + CH3          8.226E-63
 287) C2H     + H       = C2H2    +              4.075E-75
 306) C2H     + C2H6    = C2H2    + C2H5         1.403E-64
 344) C2H     + C3H8    = C2H2    + C3H7         1.436E-68
 391) C2H     + C2H2    = HCAER   + H            1.273E-63
 392) C2H     + CH2CCH2 = HCAER2  + H            3.922E-65

C2                  PRODUCTION RXS              INT RX RATE    TP =  1.96E-63
 281) C2H2    + HV      = C2      + H2           1.963E-63

C2                     LOSS RXS                INT RX RATE    TL =  1.96E-63
 288) C2      + H2      = C2H     + H            2.095E-66
 289) C2      + CH4     = C2H     + CH3          1.958E-63
 290) C2      + S       = C       + CS           1.488E-86
 291) C2      + S2      = CS      + CS           4.340E-79
 292) C2      + O       = C       + CO           1.664E-75
 293) C2      + O2      = CO      + CO           2.299E-67

C2H3                PRODUCTION RXS              INT RX RATE    TP =  1.19E+08
 298) C2H2    + H       = C2H3    +              1.190E+08

C2H3                   LOSS RXS                INT RX RATE    TL =  1.19E+08
 297) CH23    + C2H3    = CH3     + C2H2         1.744E+00
 299) C2H3    + H       = C2H2    + H2           4.048E+02
 300) C2H3    + H2      = C2H4    + H            1.148E+08
 301) C2H3    + CH4     = C2H4    + CH3          3.385E+06
 302) C2H3    + C2H6    = C2H4    + C2H5         3.473E-01
 310) C2H3    + O       = CH2CO   + H            3.824E+04
 311) C2H3    + OH      = C2H2    + H2O          1.409E+01
 312) C2H3    + CH3     = C2H2    + CH4          5.629E+02
 313) C2H3    + C2H3    = C2H4    + C2H2         3.911E+05
 314) C2H3    + C2H5    = C2H4    + C2H4         3.633E-02
 316) C2H5    + C2H3    = C2H6    + C2H2         7.267E-02
 350) C2H3    + CH3     = C3H6    +              1.987E+03
 361) CH3     + C2H3    = C3H5    + H            3.974E+00
 362) C2H3    + C2H5    = CH3     + C3H5         9.724E-05

HCS                 PRODUCTION RXS              INT RX RATE    TP =  3.28E-05
 216) H       + CS      = HCS     +              9.574E-15
 230) CH23    + S2      = HCS     + HS           3.276E-05
 232) CH23    + S       = HCS     + H            2.263E-13
 251) CH      + CS2     = HCS     + CS           6.172E-17
 252) OCS     + CH      = CO      + HCS          4.525E-09

HCS                    LOSS RXS                INT RX RATE    TL =  1.13E-02
 217) H       + HCS     = H2      + CS           6.751E-03
 218) S       + HCS     = H       + CS2          1.325E-12
 219) S       + HCS     = HS      + CS           1.325E-12
 231) CH3     + HCS     = CH4     + CS           4.539E-03
 233) HS      + HCS     = H2S     + CS           6.097E-08

CS2                 PRODUCTION RXS              INT RX RATE    TP =  1.33E-12
 205) CS2X    + M       = CS2     + M            2.555E-15
 208) CS      + HS      = CS2     + H            1.941E-16
 218) S       + HCS     = H       + CS2          1.325E-12

CS2                    LOSS RXS                INT RX RATE    TL =  1.91E-01
 202) CS2     + O       = SO      + CS           1.641E-01
 203) CS2     + O       = OCS     + S            1.538E-02
 204) CS2     + OH      = OCS     + HS           1.039E-06
 207) CS2X    + CS2     = CS      + CS      S2   3.572E-34
 209) CS2     + O       = CO      + S2           1.142E-02
 210) CS2     + SO      = OCS     + S2           1.034E-10
 211) CS2     + S       = CS      + S2           1.858E-16
 213) CS2     + HV      = CS      + S            1.993E-71
 214) CS2     + HV      = CS2X    +              2.555E-15
 251) CH      + CS2     = HCS     + CS           6.172E-17

CS                  PRODUCTION RXS              INT RX RATE    TP =  1.75E-01
 202) CS2     + O       = SO      + CS           1.641E-01
 206) CS2X    + O2      = CS      + SO2          6.155E-22
 207) CS2X    + CS2     = CS      + CS      S2   3.572E-34
 211) CS2     + S       = CS      + S2           1.858E-16
 213) CS2     + HV      = CS      + S            1.993E-71
 217) H       + HCS     = H2      + CS           6.751E-03
 219) S       + HCS     = HS      + CS           1.325E-12
 231) CH3     + HCS     = CH4     + CS           4.539E-03
 233) HS      + HCS     = H2S     + CS           6.097E-08
 240) C       + HS      = CS      + H            3.391E-36
 241) C       + S2      = CS      + S            5.737E-32
 249) CH      + S       = CS      + H            3.184E-26
 250) CH      + S2      = CS      + HS           4.249E-17
 251) CH      + CS2     = HCS     + CS           6.172E-17
 290) C2      + S       = C       + CS           1.488E-86
 291) C2      + S2      = CS      + CS           4.340E-79

CS                     LOSS RXS                INT RX RATE    TL =  1.81E-01
 197) CS      + O2      = OCS     + O            3.604E-06
 198) CS      + O2      = CO      + SO           4.506E-07
 199) CS      + O3      = OCS     + O2           6.021E-02
 200) CS      + O3      = SO      + CO2          6.021E-02
 201) CS      + O3      = CO      + SO2          6.021E-02
 208) CS      + HS      = CS2     + H            1.941E-16
 212) CS      + O       = CO      + S            2.976E-09
 216) H       + CS      = HCS     +              9.574E-15

OCS                 PRODUCTION RXS              INT RX RATE    TP =  8.24E-02
 183) HS      + CO      = OCS     + H            2.322E-07
 188) S       + HCO     = OCS     + H            4.407E-10
 189) S       + CO      = OCS     +              6.734E-03
 193) OCS2    + S       = OCS     + S2           1.190E-27
 196) OCS2    + CO      = OCS     + OCS          2.971E-05
 197) CS      + O2      = OCS     + O            3.604E-06
 199) CS      + O3      = OCS     + O2           6.021E-02
 203) CS2     + O       = OCS     + S            1.538E-02
 204) CS2     + OH      = OCS     + HS           1.039E-06
 210) CS2     + SO      = OCS     + S2           1.034E-10

OCS                    LOSS RXS                INT RX RATE    TL =  6.01E+03
 182) H       + OCS     = CO      + HS           3.432E+01
 184) O       + OCS     = CO      + SO           6.717E+02
 185) O       + OCS     = S       + CO2          3.040E-04
 186) OCS     + S       = CO      + S2           3.466E-06
 187) OCS     + OH      = CO2     + HS           2.487E+00
 190) OCS     + HV      = CO      + S            1.328E-47
 192) OCS     + S       = OCS2    +              2.971E-05
 252) OCS     + CH      = CO      + HCS          4.525E-09

S                   PRODUCTION RXS              INT RX RATE    TP =  7.10E+00
 110) SO      + HV      = S       + O            2.058E-72
 132) HS      + HS      = H2S     + S            1.855E-09
 134) HS      + H       = H2      + S            1.013E-05
 142) S2      + O       = S       + SO           7.082E+00
 144) S2      + HV      = S       + S            2.548E-56
 150) S3      + HV      = S2      + S            1.082E-18
 167) SO      + SO      = SO2     + S            8.647E-08
 185) O       + OCS     = S       + CO2          3.040E-04
 190) OCS     + HV      = CO      + S            1.328E-47
 203) CS2     + O       = OCS     + S            1.538E-02
 212) CS      + O       = CO      + S            2.976E-09
 213) CS2     + HV      = CS      + S            1.993E-71
 241) C       + S2      = CS      + S            5.737E-32

S                      LOSS RXS                INT RX RATE    TL =  7.10E+00
 135) HS      + S       = H       + S2           3.741E-15
 136) S       + O2      = SO      + O            7.007E+00
 137) S       + OH      = SO      + H            4.334E-11
 138) S       + HCO     = HS      + CO           5.508E-11
 139) S       + HO2     = HS      + O2           9.022E-06
 140) S       + HO2     = SO      + OH           9.022E-06
 141) S       + S       = S2      +              6.559E-23
 145) S       + S2      = S3      +              2.694E-11
 147) S       + S3      = S4      +              2.694E-11
 166) S       + O3      = SO      + O2           8.380E-02
 169) S       + CO2     = SO      + CO           1.953E-04
 180) HSO     + S       = HS      + SO           2.223E-04
 186) OCS     + S       = CO      + S2           3.466E-06
 188) S       + HCO     = OCS     + H            4.407E-10
 189) S       + CO      = OCS     +              6.734E-03
 192) OCS     + S       = OCS2    +              2.971E-05
 193) OCS2    + S       = OCS     + S2           1.190E-27
 211) CS2     + S       = CS      + S2           1.858E-16
 218) S       + HCS     = H       + CS2          1.325E-12
 219) S       + HCS     = HS      + CS           1.325E-12
 232) CH23    + S       = HCS     + H            2.263E-13
 249) CH      + S       = CS      + H            3.184E-26
 290) C2      + S       = C       + CS           1.488E-86

HS                  PRODUCTION RXS              INT RX RATE    TP =  1.32E+05
 111) H2S     + HV      = HS      + H            7.420E-66
 126) H2S     + OH      = H2O     + HS           4.713E+03
 127) H2S     + H       = H2      + HS           6.896E+03
 128) H2S     + O       = OH      + HS           4.769E+02
 138) S       + HCO     = HS      + CO           5.508E-11
 139) S       + HO2     = HS      + O2           9.022E-06
 173) HSO     + HV      = HS      + O            2.035E-65
 176) HSO     + H       = HS      + OH           1.197E+05
 180) HSO     + S       = HS      + SO           2.223E-04
 182) H       + OCS     = CO      + HS           3.432E+01
 187) OCS     + OH      = CO2     + HS           2.487E+00
 204) CS2     + OH      = OCS     + HS           1.039E-06
 219) S       + HCS     = HS      + CS           1.325E-12
 230) CH23    + S2      = HCS     + HS           3.276E-05
 250) CH      + S2      = CS      + HS           4.249E-17

HS                     LOSS RXS                INT RX RATE    TL =  1.32E+05
 129) HS      + O       = H       + SO           1.981E-03
 130) HS      + O2      = OH      + SO           1.404E-01
 131) HS      + HO2     = H2S     + O2           2.260E+00
 132) HS      + HS      = H2S     + S            1.855E-09
 133) HS      + HCO     = H2S     + CO           1.188E-05
 134) HS      + H       = H2      + S            1.013E-05
 135) HS      + S       = H       + S2           3.741E-15
 143) HS      + H2CO    = H2S     + HCO          5.216E+04
 164) HS      + O3      = HSO     + O2           1.806E+03
 165) HS      + NO2     = HSO     + NO           7.780E+04
 178) HSO     + HS      = H2S     + SO           6.586E+01
 183) HS      + CO      = OCS     + H            2.322E-07
 208) CS      + HS      = CS2     + H            1.941E-16
 215) CH4     + HS      = CH3     + H2S          1.297E-07
 233) HS      + HCS     = H2S     + CS           6.097E-08
 240) C       + HS      = CS      + H            3.391E-36

H2S                 PRODUCTION RXS              INT RX RATE    TP =  5.22E+04
 131) HS      + HO2     = H2S     + O2           2.260E+00
 132) HS      + HS      = H2S     + S            1.855E-09
 133) HS      + HCO     = H2S     + CO           1.188E-05
 143) HS      + H2CO    = H2S     + HCO          5.216E+04
 178) HSO     + HS      = H2S     + SO           6.586E+01
 215) CH4     + HS      = CH3     + H2S          1.297E-07
 233) HS      + HCS     = H2S     + CS           6.097E-08

H2S                    LOSS RXS                INT RX RATE    TL =  1.41E+08
 111) H2S     + HV      = HS      + H            7.420E-66
 126) H2S     + OH      = H2O     + HS           4.713E+03
 127) H2S     + H       = H2      + HS           6.896E+03
 128) H2S     + O       = OH      + HS           4.769E+02
 191) H2S     + HO2     = H2O     + HSO          1.410E+08

SO3                 PRODUCTION RXS              INT RX RATE    TP =  4.21E+05
 120) SO2     + O       = SO3     +              1.479E+05
 122) HSO3    + O2      = HO2     + SO3          6.399E+04
 123) HSO3    + OH      = H2O     + SO3          6.232E-07
 124) HSO3    + H       = H2      + SO3          4.509E-06
 125) HSO3    + O       = OH      + SO3          2.563E-04
 156) SO21    + O2      = SO3     + O            3.872E-19
 157) SO21    + SO2     = SO3     + SO           8.620E-19
 160) SO23    + SO2     = SO3     + SO           1.544E-07
 163) SO2     + HO2     = SO3     + OH           2.092E+05

SO3                    LOSS RXS                INT RX RATE    TL =  4.21E+05
 121) SO3     + H2O     = H2SO4   +              4.212E+05
 151) SO3     + HV      = SO2     + O            5.789E-16
 168) SO3     + SO      = SO2     + SO2          5.286E-05

S2                  PRODUCTION RXS              INT RX RATE    TP =  1.14E-02
 135) HS      + S       = H       + S2           3.741E-15
 141) S       + S       = S2      +              6.559E-23
 149) S4      + HV      = S2      + S2           7.652E-19
 150) S3      + HV      = S2      + S            1.082E-18
 186) OCS     + S       = CO      + S2           3.466E-06
 193) OCS2    + S       = OCS     + S2           1.190E-27
 207) CS2X    + CS2     = CS      + CS      S2   3.572E-34
 209) CS2     + O       = CO      + S2           1.142E-02
 210) CS2     + SO      = OCS     + S2           1.034E-10
 211) CS2     + S       = CS      + S2           1.858E-16

S2                     LOSS RXS                INT RX RATE    TL =  5.07E+01
 142) S2      + O       = S       + SO           7.082E+00
 144) S2      + HV      = S       + S            2.548E-56
 145) S       + S2      = S3      +              2.694E-11
 146) S2      + S2      = S4      +              2.179E+01
 230) CH23    + S2      = HCS     + HS           3.276E-05
 241) C       + S2      = CS      + S            5.737E-32
 250) CH      + S2      = CS      + HS           4.249E-17
 291) C2      + S2      = CS      + CS           4.340E-79

HSO                 PRODUCTION RXS              INT RX RATE    TP =  1.41E+08
 164) HS      + O3      = HSO     + O2           1.806E+03
 165) HS      + NO2     = HSO     + NO           7.780E+04
 170) SO      + HO2     = HSO     + O2           6.583E+03
 171) SO      + HCO     = HSO     + CO           3.805E-03
 172) H       + SO      = HSO     +              2.547E-03
 191) H2S     + HO2     = H2O     + HSO          1.410E+08

HSO                    LOSS RXS                INT RX RATE    TL =  7.70E+07
 173) HSO     + HV      = HS      + O            2.035E-65
 174) HSO     + NO      = HNO     + SO           1.003E+06
 175) HSO     + OH      = H2O     + SO           2.392E+04
 176) HSO     + H       = HS      + OH           1.197E+05
 177) HSO     + H       = H2      + SO           5.985E+04
 178) HSO     + HS      = H2S     + SO           6.586E+01
 179) HSO     + O       = OH      + SO           9.005E+06
 180) HSO     + S       = HS      + SO           2.223E-04

H2SO4               PRODUCTION RXS              INT RX RATE    TP =  4.21E+05
 121) SO3     + H2O     = H2SO4   +              4.212E+05

H2SO4                  LOSS RXS                INT RX RATE    TL =  4.21E+05

SO2                 PRODUCTION RXS              INT RX RATE    TP =  1.01E+07
 115) SO      + O2      = O       + SO2          1.580E+02
 116) SO      + HO2     = SO2     + OH           6.583E+03
 117) SO      + O       = SO2     +              8.880E-01
 118) SO      + OH      = SO2     + H            7.544E-03
 151) SO3     + HV      = SO2     + O            5.789E-16
 153) SO21    + HV      = SO2     +              1.570E-28
 155) SO21    + HV      = SO2     + HV           3.454E-13
 158) SO23    + HV      = SO2     +              2.410E-17
 159) SO23    + HV      = SO2     + HV           1.816E-01
 161) SO      + NO2     = SO2     + NO           1.007E+07
 162) SO      + O3      = SO2     + O2           6.027E+03
 167) SO      + SO      = SO2     + S            8.647E-08
 168) SO3     + SO      = SO2     + SO2          5.286E-05
 201) CS      + O3      = CO      + SO2          6.021E-02
 206) CS2X    + O2      = CS      + SO2          6.155E-22

SO2                    LOSS RXS                INT RX RATE    TL =  2.28E+09
 112) SO2     + HV      = SO      + O            2.926E-64
 113) SO2     + HV      = SO21    +              3.689E-13
 114) SO2     + HV      = SO23    +              1.816E-01
 119) SO2     + OH      = HSO3    +              6.399E+04
 120) SO2     + O       = SO3     +              1.479E+05
 157) SO21    + SO2     = SO3     + SO           8.620E-19
 160) SO23    + SO2     = SO3     + SO           1.544E-07
 163) SO2     + HO2     = SO3     + OH           2.092E+05

SO                  PRODUCTION RXS              INT RX RATE    TP =  1.01E+07
 112) SO2     + HV      = SO      + O            2.926E-64
 129) HS      + O       = H       + SO           1.981E-03
 130) HS      + O2      = OH      + SO           1.404E-01
 136) S       + O2      = SO      + O            7.007E+00
 137) S       + OH      = SO      + H            4.334E-11
 140) S       + HO2     = SO      + OH           9.022E-06
 142) S2      + O       = S       + SO           7.082E+00
 157) SO21    + SO2     = SO3     + SO           8.620E-19
 160) SO23    + SO2     = SO3     + SO           1.544E-07
 166) S       + O3      = SO      + O2           8.380E-02
 169) S       + CO2     = SO      + CO           1.953E-04
 174) HSO     + NO      = HNO     + SO           1.003E+06
 175) HSO     + OH      = H2O     + SO           2.392E+04
 177) HSO     + H       = H2      + SO           5.985E+04
 178) HSO     + HS      = H2S     + SO           6.586E+01
 179) HSO     + O       = OH      + SO           9.005E+06
 180) HSO     + S       = HS      + SO           2.223E-04
 184) O       + OCS     = CO      + SO           6.717E+02
 198) CS      + O2      = CO      + SO           4.506E-07
 200) CS      + O3      = SO      + CO2          6.021E-02
 202) CS2     + O       = SO      + CS           1.641E-01

SO                     LOSS RXS                INT RX RATE    TL =  1.01E+07
 110) SO      + HV      = S       + O            2.058E-72
 115) SO      + O2      = O       + SO2          1.580E+02
 116) SO      + HO2     = SO2     + OH           6.583E+03
 117) SO      + O       = SO2     +              8.880E-01
 118) SO      + OH      = SO2     + H            7.544E-03
 161) SO      + NO2     = SO2     + NO           1.007E+07
 162) SO      + O3      = SO2     + O2           6.027E+03
 167) SO      + SO      = SO2     + S            8.647E-08
 168) SO3     + SO      = SO2     + SO2          5.286E-05
 170) SO      + HO2     = HSO     + O2           6.583E+03
 171) SO      + HCO     = HSO     + CO           3.805E-03
 172) H       + SO      = HSO     +              2.547E-03
 210) CS2     + SO      = OCS     + S2           1.034E-10

CO2                 PRODUCTION RXS              INT RX RATE    TP =  1.69E+10
  31) CO      + OH      = CO2     + H            1.626E+10
  32) CO      + O       = CO2     +              6.369E+08
  37) O       + HCO     = H       + CO2          3.061E+01
 185) O       + OCS     = S       + CO2          3.040E-04
 187) OCS     + OH      = CO2     + HS           2.487E+00
 200) CS      + O3      = SO      + CO2          6.021E-02
 263) CH3O    + CO      = CH3     + CO2          8.523E+06

CO2                    LOSS RXS                INT RX RATE    TL =  9.00E+08
  29) CO2     + HV      = CO      + O            2.596E-64
  98) CH23    + CO2     = H2CO    + CO           8.995E+08
 169) S       + CO2     = SO      + CO           1.953E-04
 247) CH      + CO2     = HCO     + CO           1.002E-03
 394) H4      + CO2     = H4CO2   +              2.447E-72

SO4AER              PRODUCTION RXS              INT RX RATE    TP =  4.20E+05

SO4AER                 LOSS RXS                INT RX RATE    TL =  5.62E+05

S8AER               PRODUCTION RXS              INT RX RATE    TP =  1.09E+01
 148) S4      + S4      = S8AER   +              1.089E+01

S8AER                  LOSS RXS                INT RX RATE    TL =  1.77E+04

HCAER               PRODUCTION RXS              INT RX RATE    TP =  1.27E-63
 391) C2H     + C2H2    = HCAER   + H            1.273E-63

HCAER                  LOSS RXS                INT RX RATE    TL =  6.94E+10

HCAER2              PRODUCTION RXS              INT RX RATE    TP =  3.92E-65
 392) C2H     + CH2CCH2 = HCAER2  + H            3.922E-65

HCAER2                 LOSS RXS                INT RX RATE    TL =  1.64E+09

HNO2                PRODUCTION RXS              INT RX RATE    TP =  0.00E+00
  83) NO      + OH      = HNO2    +              2.888E+03
 109) HO2     + NO2     = HNO2    + O2           2.958E+09
 267) NO2     + CH3O    = H2CO    + HNO2         2.044E+09

HNO2                   LOSS RXS                INT RX RATE    TL =  0.00E+00
  51) HNO2    + HV      = NO      + OH           5.002E+09
  92) HNO2    + OH      = H2O     + NO2          1.548E+02

H4                  PRODUCTION RXS              INT RX RATE    TP =  0.00E+00
 393) H2      + H2      = H4      +              4.895E-72

H4                     LOSS RXS                INT RX RATE    TL =  0.00E+00
 394) H4      + CO2     = H4CO2   +              2.447E-72
 395) H4      + H4CO2   = CH4     + H2O     H2O  2.447E-72

H4CO2               PRODUCTION RXS              INT RX RATE    TP =  0.00E+00
 394) H4      + CO2     = H4CO2   +              2.447E-72

H4CO2                  LOSS RXS                INT RX RATE    TL =  0.00E+00
 395) H4      + H4CO2   = CH4     + H2O     H2O  2.447E-72

O1D                 PRODUCTION RXS              INT RX RATE    TP =  0.00E+00
  26) O3      + HV      = O2      + O1D          1.298E-27

O1D                    LOSS RXS                INT RX RATE    TL =  0.00E+00
   1) H2O     + O1D     = OH      + OH           3.298E-35
   2) H2      + O1D     = OH      + H            3.381E-30
  21) O1D     + M       = O       + M            1.271E-27
  22) O1D     + O2      = O       + O2           1.087E-32
  56) CH4     + O1D     = CH3     + OH           1.579E-29
  57) CH4     + O1D     = H2CO    + H2           1.053E-30
 101) C2H6    + O1D     = C2H5    + OH           7.035E-32
 105) CO      + O1D     = CO      + O            2.589E-30
 268) O1D     + CH4     = CH3O    + H            4.210E-30
 338) C3H8    + O1D     = C3H7    + OH           4.182E-36

CH21                PRODUCTION RXS              INT RX RATE    TP =  0.00E+00

CH21                   LOSS RXS                INT RX RATE    TL =  0.00E+00

C                   PRODUCTION RXS              INT RX RATE    TP =  0.00E+00
 242) CH      + H       = C       + H2           9.151E-18
 248) CH      + HV      = C       + H            8.040E-92
 290) C2      + S       = C       + CS           1.488E-86
 292) C2      + O       = C       + CO           1.664E-75

C                      LOSS RXS                INT RX RATE    TL =  0.00E+00
 237) C       + OH      = CO      + H            8.804E-33
 238) C       + H2      = CH23    +              9.121E-18
 239) C       + O2      = CO      + O            3.038E-20
 240) C       + HS      = CS      + H            3.391E-36
 241) C       + S2      = CS      + S            5.737E-32

SO21                PRODUCTION RXS              INT RX RATE    TP =  0.00E+00
 113) SO2     + HV      = SO21    +              3.689E-13

SO21                   LOSS RXS                INT RX RATE    TL =  0.00E+00
 152) SO21    + HV      = SO23    +              1.570E-29
 153) SO21    + HV      = SO2     +              1.570E-28
 154) SO21    + HV      = SO23    + HV           2.355E-14
 155) SO21    + HV      = SO2     + HV           3.454E-13
 156) SO21    + O2      = SO3     + O            3.872E-19
 157) SO21    + SO2     = SO3     + SO           8.620E-19

SO23                PRODUCTION RXS              INT RX RATE    TP =  0.00E+00
 114) SO2     + HV      = SO23    +              1.816E-01
 152) SO21    + HV      = SO23    +              1.570E-29
 154) SO21    + HV      = SO23    + HV           2.355E-14

SO23                   LOSS RXS                INT RX RATE    TL =  0.00E+00
 158) SO23    + HV      = SO2     +              2.410E-17
 159) SO23    + HV      = SO2     + HV           1.816E-01
 160) SO23    + SO2     = SO3     + SO           1.544E-07

HSO3                PRODUCTION RXS              INT RX RATE    TP =  0.00E+00
 119) SO2     + OH      = HSO3    +              6.399E+04

HSO3                   LOSS RXS                INT RX RATE    TL =  0.00E+00
 122) HSO3    + O2      = HO2     + SO3          6.399E+04
 123) HSO3    + OH      = H2O     + SO3          6.232E-07
 124) HSO3    + H       = H2      + SO3          4.509E-06
 125) HSO3    + O       = OH      + SO3          2.563E-04

OCS2                PRODUCTION RXS              INT RX RATE    TP =  0.00E+00
 192) OCS     + S       = OCS2    +              2.971E-05

OCS2                   LOSS RXS                INT RX RATE    TL =  0.00E+00
 193) OCS2    + S       = OCS     + S2           1.190E-27
 196) OCS2    + CO      = OCS     + OCS          2.971E-05

CS2X                PRODUCTION RXS              INT RX RATE    TP =  0.00E+00
 214) CS2     + HV      = CS2X    +              2.555E-15

CS2X                   LOSS RXS                INT RX RATE    TL =  0.00E+00
 205) CS2X    + M       = CS2     + M            2.555E-15
 206) CS2X    + O2      = CS      + SO2          6.155E-22
 207) CS2X    + CS2     = CS      + CS      S2   3.572E-34

S3                  PRODUCTION RXS              INT RX RATE    TP =  0.00E+00
 145) S       + S2      = S3      +              2.694E-11

S3                     LOSS RXS                INT RX RATE    TL =  0.00E+00
 147) S       + S3      = S4      +              2.694E-11
 150) S3      + HV      = S2      + S            1.082E-18

S4                  PRODUCTION RXS              INT RX RATE    TP =  0.00E+00
 146) S2      + S2      = S4      +              2.179E+01
 147) S       + S3      = S4      +              2.694E-11

S4                     LOSS RXS                INT RX RATE    TL =  0.00E+00
 148) S4      + S4      = S8AER   +              1.089E+01
 149) S4      + HV      = S2      + S2           7.652E-19

N2                  PRODUCTION RXS              INT RX RATE    TP =  0.00E+00
  75) N       + N       = N2      +              3.362E+03
  79) N       + NO      = N2      + O            3.468E+07

N2                     LOSS RXS                INT RX RATE    TL =  0.00E+00
