
O                   PRODUCTION RXS              INT RX RATE    TP =  1.10E+15
   8) H       + HO2     = H2O     + O            4.810E+01
  20) OH      + OH      = H2O     + O            1.268E-04
  21) O1D     + M       = O       + M            2.640E+11
  22) O1D     + O2      = O       + O2           3.953E+07
  24) O2      + HV      = O       + O            6.853E+07
  27) O3      + HV      = O2      + O            1.057E+15
  29) CO2     + HV      = CO      + O            9.261E+08
  50) HO2     + HV      = OH      + O            6.906E+03
  53) NO      + HV      = N       + O            2.987E+04
  54) NO2     + HV      = NO      + O            3.779E+13
  76) N       + O2      = NO      + O            2.302E+04
  79) N       + NO      = N2      + O            9.113E+07
 105) CO      + O1D     = CO      + O            3.158E+09
 107) HNO3    + OH      = H2O     + NO2     O    2.002E+05
 110) SO      + HV      = S       + O            2.358E-01
 112) SO2     + HV      = SO      + O            4.919E+06
 115) SO      + O2      = O       + SO2          3.914E+05
 136) S       + O2      = SO      + O            2.290E-01
 151) SO3     + HV      = SO2     + O            2.014E+02
 156) SO21    + O2      = SO3     + O            3.947E+03
 173) HSO     + HV      = HS      + O            1.177E+03
 197) CS      + O2      = OCS     + O            3.312E-31
 239) C       + O2      = CO      + O            7.865E-32

O                      LOSS RXS                INT RX RATE    TL =  1.12E+15
   3) H2      + O       = OH      + H            3.545E+06
  10) OH      + O       = H       + O2           2.766E+02
  13) HO2     + O       = OH      + O2           4.549E+08
  17) O       + O       = O2      +              1.575E+06
  18) O       + O2      = O3      +              1.104E+15
  19) O       + O3      = O2      + O2           6.413E+09
  32) CO      + O       = CO2     +              1.146E+13
  37) O       + HCO     = H       + CO2          5.077E+01
  38) O       + HCO     = OH      + CO           5.077E+01
  48) H2CO    + O       = HCO     + OH           2.749E+01
  49) H2O2    + O       = OH      + HO2          3.267E+05
  65) CH3     + O       = H2CO    + H            4.215E-06
  81) NO      + O       = NO2     +              7.695E+10
  84) NO2     + O       = NO      + O2           9.081E+12
  90) O       + HNO     = OH      + NO           7.562E+04
  93) CH4     + O       = CH3     + OH           4.128E+02
  97) CH23    + O       = HCO     + H            3.700E-16
 100) C2H6    + O       = C2H5    + OH           6.250E-10
 117) SO      + O       = SO2     +              6.427E+02
 120) SO2     + O       = SO3     +              7.067E+07
 125) HSO3    + O       = OH      + SO3          3.297E-04
 128) H2S     + O       = OH      + HS           5.145E+06
 129) HS      + O       = H       + SO           1.893E+01
 142) S2      + O       = S       + SO           8.198E-16
 179) HSO     + O       = OH      + SO           3.784E+07
 184) O       + OCS     = CO      + SO           2.640E-03
 185) O       + OCS     = S       + CO2          4.780E-09
 202) CS2     + O       = SO      + CS           7.086E-39
 203) CS2     + O       = OCS     + S            6.643E-40
 209) CS2     + O       = CO      + S2           2.028E-40
 212) CS      + O       = CO      + S            9.074E-34
 223) C2H5    + O       = CH3     + HCO     H    7.088E-20
 224) C2H5    + O       = H2CO    + CH3          6.308E-20
 225) C2H5    + O       = CH3CHO  + H            3.142E-19
 243) CH      + O       = CO      + H            8.580E-26
 253) CH23    + O       = CH      + OH           2.960E-16
 254) CH23    + O       = CO      + H       H    3.071E-15
 260) CH3O2   + O       = H2CO    + HO2          8.083E-02
 273) CH2CO   + O       = H2CO    + CO           3.889E-07
 276) CH3CO   + O       = H2CO    + HCO          1.512E+00
 284) C2H     + O       = CO      + CH           7.317E-41
 292) C2      + O       = C       + CO           1.445E-39
 304) C2H4    + O       = HCO     + CH3          1.692E-22
 309) C2H2    + O       = CH23    + CO           1.318E-28
 310) C2H3    + O       = CH2CO   + H            7.452E-29
 322) C2H2OH  + O       = OH      + CH2CO        6.336E-32
 327) C2H4OH  + O       = OH      + CH3CHO       5.735E-26
 330) CH3CHO  + O       = CH3CO   + OH           2.694E-19
 337) C3H8    + O       = C3H7    + OH           1.375E-28
 352) C3H6    + O       = CH3     + CH3     CO   2.608E-37
 356) C3H7    + O       = C2H5CHO + H            1.396E-28

O2                  PRODUCTION RXS              INT RX RATE    TP =  1.11E+15
   5) H       + O3      = OH      + O2           1.574E+09
   7) H       + HO2     = H2      + O2           2.164E+02
  10) OH      + O       = H       + O2           2.766E+02
  11) OH      + HO2     = H2O     + O2           1.672E+03
  12) OH      + O3      = HO2     + O2           8.721E+05
  13) HO2     + O       = OH      + O2           4.549E+08
  14) HO2     + O3      = OH      + O2      O2   5.555E+10
  15) HO2     + HO2     = H2O2    + O2           1.067E+08
  17) O       + O       = O2      +              1.575E+06
  19) O       + O3      = O2      + O2           6.413E+09
  22) O1D     + O2      = O       + O2           3.953E+07
  26) O3      + HV      = O2      + O1D          2.672E+11
  27) O3      + HV      = O2      + O            1.057E+15
  77) N       + O3      = NO      + O2           8.728E+06
  80) NO      + O3      = NO2     + O2           4.629E+13
  84) NO2     + O       = NO      + O2           9.081E+12
 109) HO2     + NO2     = HNO2    + O2           4.641E+08
 131) HS      + HO2     = H2S     + O2           4.044E+00
 139) S       + HO2     = HS      + O2           3.666E-10
 162) SO      + O3      = SO2     + O2           2.472E+06
 164) HS      + O3      = HSO     + O2           5.756E+06
 166) S       + O3      = SO      + O2           1.126E-02
 170) SO      + HO2     = HSO     + O2           8.434E+02
 199) CS      + O3      = OCS     + O2           4.694E-31
 258) CH3O2   + H       = CH4     + O2           4.560E-07
 265) CH3     + O3      = CH3O    + O2           6.176E-01

O2                     LOSS RXS                INT RX RATE    TL =  1.10E+15
   6) H       + O2      = HO2     +              4.828E+11
  18) O       + O2      = O3      +              1.104E+15
  22) O1D     + O2      = O       + O2           3.953E+07
  24) O2      + HV      = O       + O            6.853E+07
  44) HCO     + O2      = HO2     + CO           8.022E+10
  63) CH23    + O2      = HCO     + OH           3.881E-07
  64) CH3     + O2      = H2CO    + OH           5.019E+02
  76) N       + O2      = NO      + O            2.302E+04
 104) C2H5    + O2      = CH3     + HCO     OH   8.308E-10
 115) SO      + O2      = O       + SO2          3.914E+05
 122) HSO3    + O2      = HO2     + SO3          1.165E+05
 130) HS      + O2      = OH      + SO           5.237E+02
 136) S       + O2      = SO      + O            2.290E-01
 156) SO21    + O2      = SO3     + O            3.947E+03
 197) CS      + O2      = OCS     + O            3.312E-31
 198) CS      + O2      = CO      + SO           4.140E-32
 206) CS2X    + O2      = CS      + SO2          3.335E-45
 239) C       + O2      = CO      + O            7.865E-32
 246) CH      + O2      = CO      + OH           6.569E-17
 257) CH3     + O2      = CH3O2   +              1.787E+02
 269) CH3O    + O2      = H2CO    + HO2          1.941E+02
 283) C2H     + O2      = CO      + HCO          6.169E-32
 293) C2      + O2      = CO      + CO           2.053E-32

H2O                 PRODUCTION RXS              INT RX RATE    TP =  4.04E+07
   4) H2      + OH      = H2O     + H            1.340E+06
   8) H       + HO2     = H2O     + O            4.810E+01
  11) OH      + HO2     = H2O     + O2           1.672E+03
  16) H2O2    + OH      = HO2     + H2O          5.903E+04
  20) OH      + OH      = H2O     + O            1.268E-04
  36) OH      + HCO     = H2O     + CO           7.222E-02
  45) H2CO    + OH      = H2O     + HCO          3.592E-01
  46) H       + OH      = H2O     +              2.946E-02
  55) CH4     + OH      = CH3     + H2O          1.387E+02
  91) OH      + HNO     = H2O     + NO           4.695E+01
  92) HNO2    + OH      = H2O     + NO2          1.114E+00
  99) C2H6    + OH      = C2H5    + H2O          1.912E-10
 107) HNO3    + OH      = H2O     + NO2     O    2.002E+05
 123) HSO3    + OH      = H2O     + SO3          6.830E-08
 126) H2S     + OH      = H2O     + HS           6.672E+05
 175) HSO     + OH      = H2O     + SO           8.309E+01
 191) H2S     + HO2     = H2O     + HSO          4.124E+07
 228) C2H5    + OH      = C2H4    + H2O          7.297E-24
 259) CH3O2   + H       = H2O     + H2CO         3.257E-07
 311) C2H3    + OH      = C2H2    + H2O          7.209E-33
 320) C2H2OH  + H       = H2O     + C2H2         1.212E-31
 323) C2H2OH  + OH      = H2O     + CH2CO        8.408E-35
 325) C2H4OH  + H       = H2O     + C2H4         3.349E-25
 328) C2H4OH  + OH      = H2O     + CH3CHO       1.142E-28
 331) CH3CHO  + OH      = CH3CO   + H2O          3.726E-22
 336) C3H8    + OH      = C3H7    + H2O          2.225E-30

H2O                    LOSS RXS                INT RX RATE    TL =  7.00E+07
   1) H2O     + O1D     = OH      + OH           6.771E+03
  25) H2O     + HV      = H       + OH           7.391E+03
 121) SO3     + H2O     = H2SO4   +              7.081E+07

H                   PRODUCTION RXS              INT RX RATE    TP =  5.66E+11
   2) H2      + O1D     = OH      + H            1.416E+06
   3) H2      + O       = OH      + H            3.545E+06
   4) H2      + OH      = H2O     + H            1.340E+06
  10) OH      + O       = H       + O2           2.766E+02
  25) H2O     + HV      = H       + OH           7.391E+03
  31) CO      + OH      = CO2     + H            5.655E+11
  37) O       + HCO     = H       + CO2          5.077E+01
  40) H2CO    + HV      = HCO     + H            1.198E+02
  41) HCO     + HV      = H       + CO           2.704E+06
  61) CH23    + H2      = CH3     + H            7.041E-09
  65) CH3     + O       = H2CO    + H            4.215E-06
  69) CH3     + HV      = CH23    + H            1.638E-05
  78) N       + OH      = NO      + H            6.971E-01
  88) HNO     + HV      = NO      + H            5.781E+08
  97) CH23    + O       = HCO     + H            3.700E-16
 111) H2S     + HV      = HS      + H            4.582E+06
 118) SO      + OH      = SO2     + H            1.103E-02
 129) HS      + O       = H       + SO           1.893E+01
 135) HS      + S       = H       + S2           8.005E-16
 137) S       + OH      = SO      + H            1.630E-14
 183) HS      + CO      = OCS     + H            2.099E-03
 188) S       + HCO     = OCS     + H            9.186E-13
 208) CS      + HS      = CS2     + H            7.963E-39
 218) S       + HCS     = H       + CS2          2.307E-43
 223) C2H5    + O       = CH3     + HCO     H    7.088E-20
 225) C2H5    + O       = CH3CHO  + H            3.142E-19
 232) CH23    + S       = HCS     + H            7.695E-31
 237) C       + OH      = CO      + H            3.670E-45
 240) C       + HS      = CS      + H            2.035E-45
 243) CH      + O       = CO      + H            8.580E-26
 244) CH      + H2      = CH23    + H            1.465E-21
 248) CH      + HV      = C       + H            1.989E-32
 249) CH      + S       = CS      + H            8.078E-42
 254) CH23    + O       = CO      + H       H    3.071E-15
 264) CH3     + OH      = CH3O    + H            2.219E-11
 268) O1D     + CH4     = CH3O    + H            3.517E+01
 280) C2H2    + HV      = C2H     + H            6.166E-32
 285) C2H     + H2      = C2H2    + H            8.096E-37
 288) C2      + H2      = C2H     + H            2.156E-35
 295) C2H4    + HV      = C2H2    + H       H    3.687E-29
 296) CH23    + CH3     = C2H4    + H            1.860E-24
 300) C2H3    + H2      = C2H4    + H            8.446E-25
 307) CH      + CH4     = C2H4    + H            1.330E-22
 310) C2H3    + O       = CH2CO   + H            7.452E-29
 319) C2H2    + OH      = CH2CO   + H            1.100E-30
 345) C3H6    + HV      = C2H2    + CH3     H    4.350E-47
 348) C3H6    + HV      = C2H     + CH4     H    6.397E-48
 356) C3H7    + O       = C2H5CHO + H            1.396E-28
 357) CH      + C2H4    = CH2CCH2 + H            6.109E-53
 358) CH      + C2H4    = CH3C2H  + H            6.109E-53
 361) CH3     + C2H3    = C3H5    + H            5.364E-40
 367) CH      + C2H2    = C3H2    + H            5.529E-58
 376) CH2CCH2 + H       = CH3C2H  + H            5.398E-40
 378) C3H3    + HV      = C3H2    + H            2.672E-37
 379) CH3C2H  + HV      = C3H3    + H            3.347E-39
 382) CH2CCH2 + HV      = C3H3    + H            3.768E-39
 391) C2H     + C2H2    = HCAER   + H            8.507E-73
 392) C2H     + CH2CCH2 = HCAER2  + H            1.580E-81

H                      LOSS RXS                INT RX RATE    TL =  5.66E+11
   5) H       + O3      = OH      + O2           1.574E+09
   6) H       + O2      = HO2     +              4.828E+11
   7) H       + HO2     = H2      + O2           2.164E+02
   8) H       + HO2     = H2O     + O            4.810E+01
   9) H       + HO2     = OH      + OH           2.140E+03
  33) H       + CO      = HCO     +              8.072E+10
  34) H       + HCO     = H2      + CO           6.869E+00
  42) H2CO    + H       = H2      + HCO          2.813E-03
  43) H       + H       = H2      +              9.711E-03
  46) H       + OH      = H2O     +              2.946E-02
  70) CH3     + H       = CH4     +              1.407E-08
  74) H       + NO      = HNO     +              6.238E+07
  86) NO2     + H       = NO      + OH           8.722E+08
  89) H       + HNO     = H2      + NO           1.932E+02
 124) HSO3    + H       = H2      + SO3          3.359E-06
 127) H2S     + H       = H2      + HS           1.757E+06
 134) HS      + H       = H2      + S            5.000E-03
 172) H       + SO      = HSO     +              6.628E-03
 176) HSO     + H       = HS      + OH           2.532E+02
 177) HSO     + H       = H2      + SO           1.266E+02
 182) H       + OCS     = CO      + HS           3.361E-06
 216) H       + CS      = HCS     +              6.108E-39
 217) H       + HCS     = H2      + CS           1.779E-30
 220) C2H5    + H       = CH3     + CH3          5.511E-22
 221) C2H5    + H       = C2H6    +              2.018E-21
 222) C2H5    + H       = C2H4    + H2           2.756E-23
 242) CH      + H       = C       + H2           1.434E-31
 255) CH23    + H       = CH3     +              2.148E-17
 256) CH23    + H       = CH      + H2           2.130E-17
 258) CH3O2   + H       = CH4     + O2           4.560E-07
 259) CH3O2   + H       = H2O     + H2CO         3.257E-07
 272) CH2CO   + H       = CH3     + CO           7.517E-12
 275) CH3CO   + H       = CH4     + CO           1.055E-01
 287) C2H     + H       = C2H2    +              1.672E-45
 298) C2H2    + H       = C2H3    +              1.415E-31
 299) C2H3    + H       = C2H2    + H2           1.625E-30
 305) C2H4    + H       = C2H5    +              1.019E-24
 320) C2H2OH  + H       = H2O     + C2H2         1.212E-31
 321) C2H2OH  + H       = H2      + CH2CO        1.959E-35
 325) C2H4OH  + H       = H2O     + C2H4         3.349E-25
 326) C2H4OH  + H       = H2      + CH3CHO       5.888E-29
 329) CH3CHO  + H       = CH3CO   + H2           3.720E-23
 339) C3H7    + H       = CH3     + C2H5         6.518E-32
 353) C3H6    + H       = C3H7    +              1.222E-39
 359) CH2CCH2 + H       = CH3     + C2H2         5.499E-42
 360) CH2CCH2 + H       = C3H5    +              5.567E-43
 363) C3H5    + H       = C3H6    +              3.324E-40
 364) C3H5    + H       = CH4     + C2H2         5.003E-40
 366) C3H5    + H       = CH2CCH2 + H2           5.003E-40
 369) CH3C2H  + H       = CH3     + C2H2         4.381E-40
 370) CH3C2H  + H       = C3H5    +              4.381E-40
 371) C3H2    + H       = C3H3    +              2.719E-37
 372) C3H3    + H       = CH3C2H  +              5.932E-39
 373) C3H3    + H       = CH2CCH2 +              5.932E-39
 374) C3H5    + H       = CH3C2H  + H2           5.003E-40
 376) CH2CCH2 + H       = CH3C2H  + H            5.398E-40

OH                  PRODUCTION RXS              INT RX RATE    TP =  5.66E+11
   1) H2O     + O1D     = OH      + OH           6.771E+03
   2) H2      + O1D     = OH      + H            1.416E+06
   3) H2      + O       = OH      + H            3.545E+06
   5) H       + O3      = OH      + O2           1.574E+09
   9) H       + HO2     = OH      + OH           2.140E+03
  13) HO2     + O       = OH      + O2           4.549E+08
  14) HO2     + O3      = OH      + O2      O2   5.555E+10
  25) H2O     + HV      = H       + OH           7.391E+03
  28) H2O2    + HV      = OH      + OH           1.006E+08
  38) O       + HCO     = OH      + CO           5.077E+01
  48) H2CO    + O       = HCO     + OH           2.749E+01
  49) H2O2    + O       = OH      + HO2          3.267E+05
  50) HO2     + HV      = OH      + O            6.906E+03
  51) HNO2    + HV      = NO      + OH           4.844E+08
  52) HNO3    + HV      = NO2     + OH           1.332E+07
  56) CH4     + O1D     = CH3     + OH           1.319E+02
  63) CH23    + O2      = HCO     + OH           3.881E-07
  64) CH3     + O2      = H2CO    + OH           5.019E+02
  82) NO      + HO2     = NO2     + OH           5.063E+11
  86) NO2     + H       = NO      + OH           8.722E+08
  90) O       + HNO     = OH      + NO           7.562E+04
  93) CH4     + O       = CH3     + OH           4.128E+02
 100) C2H6    + O       = C2H5    + OH           6.250E-10
 101) C2H6    + O1D     = C2H5    + OH           1.459E-11
 104) C2H5    + O2      = CH3     + HCO     OH   8.308E-10
 108) N       + HO2     = NO      + OH           1.462E+05
 116) SO      + HO2     = SO2     + OH           8.434E+02
 125) HSO3    + O       = OH      + SO3          3.297E-04
 128) H2S     + O       = OH      + HS           5.145E+06
 130) HS      + O2      = OH      + SO           5.237E+02
 140) S       + HO2     = SO      + OH           3.666E-10
 163) SO2     + HO2     = SO3     + OH           1.466E+04
 176) HSO     + H       = HS      + OH           2.532E+02
 179) HSO     + O       = OH      + SO           3.784E+07
 246) CH      + O2      = CO      + OH           6.569E-17
 253) CH23    + O       = CH      + OH           2.960E-16
 322) C2H2OH  + O       = OH      + CH2CO        6.336E-32
 327) C2H4OH  + O       = OH      + CH3CHO       5.735E-26
 330) CH3CHO  + O       = CH3CO   + OH           2.694E-19
 337) C3H8    + O       = C3H7    + OH           1.375E-28
 338) C3H8    + O1D     = C3H7    + OH           5.728E-33

OH                     LOSS RXS                INT RX RATE    TL =  5.66E+11
   4) H2      + OH      = H2O     + H            1.340E+06
  10) OH      + O       = H       + O2           2.766E+02
  11) OH      + HO2     = H2O     + O2           1.672E+03
  12) OH      + O3      = HO2     + O2           8.721E+05
  16) H2O2    + OH      = HO2     + H2O          5.903E+04
  20) OH      + OH      = H2O     + O            1.268E-04
  31) CO      + OH      = CO2     + H            5.655E+11
  36) OH      + HCO     = H2O     + CO           7.222E-02
  45) H2CO    + OH      = H2O     + HCO          3.592E-01
  46) H       + OH      = H2O     +              2.946E-02
  47) OH      + OH      = H2O2    +              6.819E-04
  55) CH4     + OH      = CH3     + H2O          1.387E+02
  67) CH3     + OH      = CO      + H2      H2   1.144E-11
  78) N       + OH      = NO      + H            6.971E-01
  83) NO      + OH      = HNO2    +              2.033E+07
  85) NO2     + OH      = HNO3    +              3.070E+07
  91) OH      + HNO     = H2O     + NO           4.695E+01
  92) HNO2    + OH      = H2O     + NO2          1.114E+00
  99) C2H6    + OH      = C2H5    + H2O          1.912E-10
 107) HNO3    + OH      = H2O     + NO2     O    2.002E+05
 118) SO      + OH      = SO2     + H            1.103E-02
 119) SO2     + OH      = HSO3    +              1.165E+05
 123) HSO3    + OH      = H2O     + SO3          6.830E-08
 126) H2S     + OH      = H2O     + HS           6.672E+05
 137) S       + OH      = SO      + H            1.630E-14
 175) HSO     + OH      = H2O     + SO           8.309E+01
 187) OCS     + OH      = CO2     + HS           5.475E-08
 204) CS2     + OH      = OCS     + HS           4.045E-45
 226) C2H5    + OH      = CH3     + HCO     H2   7.297E-24
 227) C2H5    + OH      = CH3CHO  + H2           1.824E-23
 228) C2H5    + OH      = C2H4    + H2O          7.297E-24
 237) C       + OH      = CO      + H            3.670E-45
 264) CH3     + OH      = CH3O    + H            2.219E-11
 282) C2H2    + OH      = CO      + CH3          8.532E-32
 303) C2H4    + OH      = H2CO    + CH3          5.339E-25
 311) C2H3    + OH      = C2H2    + H2O          7.209E-33
 318) C2H2    + OH      = C2H2OH  +              1.847E-31
 319) C2H2    + OH      = CH2CO   + H            1.100E-30
 323) C2H2OH  + OH      = H2O     + CH2CO        8.408E-35
 324) C2H4    + OH      = C2H4OH  +              3.924E-25
 328) C2H4OH  + OH      = H2O     + CH3CHO       1.142E-28
 331) CH3CHO  + OH      = CH3CO   + H2O          3.726E-22
 336) C3H8    + OH      = C3H7    + H2O          2.225E-30
 351) C3H6    + OH      = CH3CHO  + CH3          1.772E-39
 355) C3H7    + OH      = C2H5CHO + H2           9.546E-33

HO2                 PRODUCTION RXS              INT RX RATE    TP =  5.63E+11
   6) H       + O2      = HO2     +              4.828E+11
  12) OH      + O3      = HO2     + O2           8.721E+05
  16) H2O2    + OH      = HO2     + H2O          5.903E+04
  44) HCO     + O2      = HO2     + CO           8.022E+10
  49) H2O2    + O       = OH      + HO2          3.267E+05
  66) CH3     + O3      = H2CO    + HO2          6.176E-01
 122) HSO3    + O2      = HO2     + SO3          1.165E+05
 260) CH3O2   + O       = H2CO    + HO2          8.083E-02
 269) CH3O    + O2      = H2CO    + HO2          1.941E+02

HO2                    LOSS RXS                INT RX RATE    TL =  5.63E+11
   7) H       + HO2     = H2      + O2           2.164E+02
   8) H       + HO2     = H2O     + O            4.810E+01
   9) H       + HO2     = OH      + OH           2.140E+03
  11) OH      + HO2     = H2O     + O2           1.672E+03
  13) HO2     + O       = OH      + O2           4.549E+08
  14) HO2     + O3      = OH      + O2      O2   5.555E+10
  15) HO2     + HO2     = H2O2    + O2           1.067E+08
  50) HO2     + HV      = OH      + O            6.906E+03
  82) NO      + HO2     = NO2     + OH           5.063E+11
 108) N       + HO2     = NO      + OH           1.462E+05
 109) HO2     + NO2     = HNO2    + O2           4.641E+08
 116) SO      + HO2     = SO2     + OH           8.434E+02
 131) HS      + HO2     = H2S     + O2           4.044E+00
 139) S       + HO2     = HS      + O2           3.666E-10
 140) S       + HO2     = SO      + OH           3.666E-10
 163) SO2     + HO2     = SO3     + OH           1.466E+04
 170) SO      + HO2     = HSO     + O2           8.434E+02
 191) H2S     + HO2     = H2O     + HSO          4.124E+07

H2O2                PRODUCTION RXS              INT RX RATE    TP =  1.07E+08
  15) HO2     + HO2     = H2O2    + O2           1.067E+08
  47) OH      + OH      = H2O2    +              6.819E-04

H2O2                   LOSS RXS                INT RX RATE    TL =  1.06E+08
  16) H2O2    + OH      = HO2     + H2O          5.903E+04
  28) H2O2    + HV      = OH      + OH           1.006E+08
  49) H2O2    + O       = OH      + HO2          3.267E+05

H2                  PRODUCTION RXS              INT RX RATE    TP =  1.72E+08
   7) H       + HO2     = H2      + O2           2.164E+02
  34) H       + HCO     = H2      + CO           6.869E+00
  39) H2CO    + HV      = H2      + CO           5.168E+02
  42) H2CO    + H       = H2      + HCO          2.813E-03
  43) H       + H       = H2      +              9.711E-03
  57) CH4     + O1D     = H2CO    + H2           8.792E+00
  67) CH3     + OH      = CO      + H2      H2   1.144E-11
  89) H       + HNO     = H2      + NO           1.932E+02
 124) HSO3    + H       = H2      + SO3          3.359E-06
 127) H2S     + H       = H2      + HS           1.757E+06
 134) HS      + H       = H2      + S            5.000E-03
 177) HSO     + H       = H2      + SO           1.266E+02
 217) H       + HCS     = H2      + CS           1.779E-30
 222) C2H5    + H       = C2H4    + H2           2.756E-23
 226) C2H5    + OH      = CH3     + HCO     H2   7.297E-24
 227) C2H5    + OH      = CH3CHO  + H2           1.824E-23
 242) CH      + H       = C       + H2           1.434E-31
 256) CH23    + H       = CH      + H2           2.130E-17
 279) CH23    + CH23    = C2H2    + H2           2.772E-33
 281) C2H2    + HV      = C2      + H2           2.055E-32
 294) C2H4    + HV      = C2H2    + H2           9.968E-29
 299) C2H3    + H       = C2H2    + H2           1.625E-30
 321) C2H2OH  + H       = H2      + CH2CO        1.959E-35
 326) C2H4OH  + H       = H2      + CH3CHO       5.888E-29
 329) CH3CHO  + H       = CH3CO   + H2           3.720E-23
 346) C3H6    + HV      = CH2CCH2 + H2           1.279E-48
 355) C3H7    + OH      = C2H5CHO + H2           9.546E-33
 366) C3H5    + H       = CH2CCH2 + H2           5.003E-40
 374) C3H5    + H       = CH3C2H  + H2           5.003E-40
 380) CH3C2H  + HV      = C3H2    + H2           2.630E-39
 383) CH2CCH2 + HV      = C3H2    + H2           2.120E-39

H2                     LOSS RXS                INT RX RATE    TL =  9.15E+06
   2) H2      + O1D     = OH      + H            1.416E+06
   3) H2      + O       = OH      + H            3.545E+06
   4) H2      + OH      = H2O     + H            1.340E+06
  61) CH23    + H2      = CH3     + H            7.041E-09
 238) C       + H2      = CH23    +              8.464E-32
 244) CH      + H2      = CH23    + H            1.465E-21
 245) CH      + H2      = CH3     +              1.435E-18
 285) C2H     + H2      = C2H2    + H            8.096E-37
 288) C2      + H2      = C2H     + H            2.156E-35
 300) C2H3    + H2      = C2H4    + H            8.446E-25

CO                  PRODUCTION RXS              INT RX RATE    TP =  8.54E+10
  29) CO2     + HV      = CO      + O            9.261E+08
  34) H       + HCO     = H2      + CO           6.869E+00
  35) HCO     + HCO     = H2CO    + CO           3.360E+00
  36) OH      + HCO     = H2O     + CO           7.222E-02
  38) O       + HCO     = OH      + CO           5.077E+01
  39) H2CO    + HV      = H2      + CO           5.168E+02
  41) HCO     + HV      = H       + CO           2.704E+06
  44) HCO     + O2      = HO2     + CO           8.022E+10
  67) CH3     + OH      = CO      + H2      H2   1.144E-11
  71) CH3     + HCO     = CH4     + CO           2.014E-08
  87) HCO     + NO      = HNO     + CO           5.004E+08
  98) CH23    + CO2     = H2CO    + CO           1.732E-05
 102) C2H5    + HCO     = C2H6    + CO           5.765E-21
 105) CO      + O1D     = CO      + O            3.158E+09
 133) HS      + HCO     = H2S     + CO           7.409E-03
 138) S       + HCO     = HS      + CO           1.148E-13
 169) S       + CO2     = SO      + CO           4.221E-07
 171) SO      + HCO     = HSO     + CO           2.149E-02
 182) H       + OCS     = CO      + HS           3.361E-06
 184) O       + OCS     = CO      + SO           2.640E-03
 186) OCS     + S       = CO      + S2           1.932E-17
 190) OCS     + HV      = CO      + S            1.712E-04
 198) CS      + O2      = CO      + SO           4.140E-32
 201) CS      + O3      = CO      + SO2          4.694E-31
 209) CS2     + O       = CO      + S2           2.028E-40
 212) CS      + O       = CO      + S            9.074E-34
 237) C       + OH      = CO      + H            3.670E-45
 239) C       + O2      = CO      + O            7.865E-32
 243) CH      + O       = CO      + H            8.580E-26
 246) CH      + O2      = CO      + OH           6.569E-17
 247) CH      + CO2     = HCO     + CO           2.502E-16
 252) OCS     + CH      = CO      + HCS          7.505E-31
 254) CH23    + O       = CO      + H       H    3.071E-15
 262) HCO     + H2CO    = CH3O    + CO           1.524E-06
 270) CH2CO   + HV      = CH23    + CO           1.195E-07
 272) CH2CO   + H       = CH3     + CO           7.517E-12
 273) CH2CO   + O       = H2CO    + CO           3.889E-07
 275) CH3CO   + H       = CH4     + CO           1.055E-01
 277) CH3CO   + CH3     = C2H6    + CO           8.459E-10
 282) C2H2    + OH      = CO      + CH3          8.532E-32
 283) C2H     + O2      = CO      + HCO          6.169E-32
 284) C2H     + O       = CO      + CH           7.317E-41
 292) C2      + O       = C       + CO           1.445E-39
 293) C2      + O2      = CO      + CO           2.053E-32
 309) C2H2    + O       = CH23    + CO           1.318E-28
 334) CH3CHO  + HV      = CH4     + CO           1.427E-20
 352) C3H6    + O       = CH3     + CH3     CO   2.608E-37

CO                     LOSS RXS                INT RX RATE    TL =  1.21E+13
  31) CO      + OH      = CO2     + H            5.655E+11
  32) CO      + O       = CO2     +              1.146E+13
  33) H       + CO      = HCO     +              8.072E+10
 105) CO      + O1D     = CO      + O            3.158E+09
 183) HS      + CO      = OCS     + H            2.099E-03
 189) S       + CO      = OCS     +              7.257E-04
 196) OCS2    + CO      = OCS     + OCS          7.301E-17
 263) CH3O    + CO      = CH3     + CO2          2.955E-02
 271) CH23    + CO      = CH2CO   +              4.755E-07
 274) CH3     + CO      = CH3CO   +              1.618E+00

HCO                 PRODUCTION RXS              INT RX RATE    TP =  8.07E+10
  33) H       + CO      = HCO     +              8.072E+10
  40) H2CO    + HV      = HCO     + H            1.198E+02
  42) H2CO    + H       = H2      + HCO          2.813E-03
  45) H2CO    + OH      = H2O     + HCO          3.592E-01
  48) H2CO    + O       = HCO     + OH           2.749E+01
  63) CH23    + O2      = HCO     + OH           3.881E-07
  73) CH3     + H2CO    = CH4     + HCO          5.185E-17
  97) CH23    + O       = HCO     + H            3.700E-16
 104) C2H5    + O2      = CH3     + HCO     OH   8.308E-10
 143) HS      + H2CO    = H2S     + HCO          5.767E-04
 223) C2H5    + O       = CH3     + HCO     H    7.088E-20
 226) C2H5    + OH      = CH3     + HCO     H2   7.297E-24
 247) CH      + CO2     = HCO     + CO           2.502E-16
 276) CH3CO   + O       = H2CO    + HCO          1.512E+00
 283) C2H     + O2      = CO      + HCO          6.169E-32
 304) C2H4    + O       = HCO     + CH3          1.692E-22
 333) CH3CHO  + HV      = CH3     + HCO          1.427E-20
 349) C2H5CHO + HV      = C2H5    + HCO          1.376E-28

HCO                    LOSS RXS                INT RX RATE    TL =  8.07E+10
  34) H       + HCO     = H2      + CO           6.869E+00
  35) HCO     + HCO     = H2CO    + CO           3.360E+00
  36) OH      + HCO     = H2O     + CO           7.222E-02
  37) O       + HCO     = H       + CO2          5.077E+01
  38) O       + HCO     = OH      + CO           5.077E+01
  41) HCO     + HV      = H       + CO           2.704E+06
  44) HCO     + O2      = HO2     + CO           8.022E+10
  71) CH3     + HCO     = CH4     + CO           2.014E-08
  87) HCO     + NO      = HNO     + CO           5.004E+08
 102) C2H5    + HCO     = C2H6    + CO           5.765E-21
 133) HS      + HCO     = H2S     + CO           7.409E-03
 138) S       + HCO     = HS      + CO           1.148E-13
 171) SO      + HCO     = HSO     + CO           2.149E-02
 188) S       + HCO     = OCS     + H            9.186E-13
 262) HCO     + H2CO    = CH3O    + CO           1.524E-06

H2CO                PRODUCTION RXS              INT RX RATE    TP =  7.31E+02
  35) HCO     + HCO     = H2CO    + CO           3.360E+00
  57) CH4     + O1D     = H2CO    + H2           8.792E+00
  64) CH3     + O2      = H2CO    + OH           5.019E+02
  65) CH3     + O       = H2CO    + H            4.215E-06
  66) CH3     + O3      = H2CO    + HO2          6.176E-01
  98) CH23    + CO2     = H2CO    + CO           1.732E-05
 224) C2H5    + O       = H2CO    + CH3          6.308E-20
 259) CH3O2   + H       = H2O     + H2CO         3.257E-07
 260) CH3O2   + O       = H2CO    + HO2          8.083E-02
 266) NO      + CH3O    = HNO     + H2CO         1.942E+01
 267) NO2     + CH3O    = H2CO    + HNO2         7.786E-01
 269) CH3O    + O2      = H2CO    + HO2          1.941E+02
 273) CH2CO   + O       = H2CO    + CO           3.889E-07
 276) CH3CO   + O       = H2CO    + HCO          1.512E+00
 303) C2H4    + OH      = H2CO    + CH3          5.339E-25

H2CO                   LOSS RXS                INT RX RATE    TL =  7.21E+02
  39) H2CO    + HV      = H2      + CO           5.168E+02
  40) H2CO    + HV      = HCO     + H            1.198E+02
  42) H2CO    + H       = H2      + HCO          2.813E-03
  45) H2CO    + OH      = H2O     + HCO          3.592E-01
  48) H2CO    + O       = HCO     + OH           2.749E+01
  73) CH3     + H2CO    = CH4     + HCO          5.185E-17
 143) HS      + H2CO    = H2S     + HCO          5.767E-04
 262) HCO     + H2CO    = CH3O    + CO           1.524E-06

CH4                 PRODUCTION RXS              INT RX RATE    TP =  1.05E-01
  70) CH3     + H       = CH4     +              1.407E-08
  71) CH3     + HCO     = CH4     + CO           2.014E-08
  72) CH3     + HNO     = CH4     + NO           3.734E-08
  73) CH3     + H2CO    = CH4     + HCO          5.185E-17
 231) CH3     + HCS     = CH4     + CS           3.805E-39
 258) CH3O2   + H       = CH4     + O2           4.560E-07
 275) CH3CO   + H       = CH4     + CO           1.055E-01
 278) CH3CO   + CH3     = CH4     + CH2CO        1.347E-09
 312) C2H3    + CH3     = C2H2    + CH4          7.599E-38
 315) C2H5    + CH3     = C2H4    + CH4          1.397E-28
 332) CH3CHO  + CH3     = CH3CO   + CH4          5.162E-31
 334) CH3CHO  + HV      = CH4     + CO           1.427E-20
 348) C3H6    + HV      = C2H     + CH4     H    6.397E-48
 354) C3H7    + CH3     = C3H6    + CH4          1.315E-41
 364) C3H5    + H       = CH4     + C2H2         5.003E-40
 365) C3H5    + CH3     = CH2CCH2 + CH4          9.019E-49
 375) C3H5    + CH3     = CH3C2H  + CH4          9.019E-49

CH4                    LOSS RXS                INT RX RATE    TL =  1.36E+03
  55) CH4     + OH      = CH3     + H2O          1.387E+02
  56) CH4     + O1D     = CH3     + OH           1.319E+02
  57) CH4     + O1D     = H2CO    + H2           8.792E+00
  62) CH23    + CH4     = CH3     + CH3          1.030E-18
  93) CH4     + O       = CH3     + OH           4.128E+02
 215) CH4     + HS      = CH3     + H2S          2.814E-15
 268) O1D     + CH4     = CH3O    + H            3.517E+01
 286) C2H     + CH4     = C2H2    + CH3          7.400E-39
 289) C2      + CH4     = C2H     + CH3          4.018E-37
 301) C2H3    + CH4     = C2H4    + CH3          3.136E-30
 307) CH      + CH4     = C2H4    + H            1.330E-22

CH3                 PRODUCTION RXS              INT RX RATE    TP =  6.83E+02
  55) CH4     + OH      = CH3     + H2O          1.387E+02
  56) CH4     + O1D     = CH3     + OH           1.319E+02
  61) CH23    + H2      = CH3     + H            7.041E-09
  62) CH23    + CH4     = CH3     + CH3          1.030E-18
  93) CH4     + O       = CH3     + OH           4.128E+02
 104) C2H5    + O2      = CH3     + HCO     OH   8.308E-10
 215) CH4     + HS      = CH3     + H2S          2.814E-15
 220) C2H5    + H       = CH3     + CH3          5.511E-22
 223) C2H5    + O       = CH3     + HCO     H    7.088E-20
 224) C2H5    + O       = H2CO    + CH3          6.308E-20
 226) C2H5    + OH      = CH3     + HCO     H2   7.297E-24
 245) CH      + H2      = CH3     +              1.435E-18
 255) CH23    + H       = CH3     +              2.148E-17
 263) CH3O    + CO      = CH3     + CO2          2.955E-02
 272) CH2CO   + H       = CH3     + CO           7.517E-12
 282) C2H2    + OH      = CO      + CH3          8.532E-32
 286) C2H     + CH4     = C2H2    + CH3          7.400E-39
 289) C2      + CH4     = C2H     + CH3          4.018E-37
 297) CH23    + C2H3    = CH3     + C2H2         1.230E-46
 301) C2H3    + CH4     = C2H4    + CH3          3.136E-30
 303) C2H4    + OH      = H2CO    + CH3          5.339E-25
 304) C2H4    + O       = HCO     + CH3          1.692E-22
 308) CH23    + C2H5    = CH3     + C2H4         1.627E-37
 333) CH3CHO  + HV      = CH3     + HCO          1.427E-20
 339) C3H7    + H       = CH3     + C2H5         6.518E-32
 345) C3H6    + HV      = C2H2    + CH3     H    4.350E-47
 351) C3H6    + OH      = CH3CHO  + CH3          1.772E-39
 352) C3H6    + O       = CH3     + CH3     CO   2.608E-37
 359) CH2CCH2 + H       = CH3     + C2H2         5.499E-42
 362) C2H3    + C2H5    = CH3     + C3H5         2.351E-54
 369) CH3C2H  + H       = CH3     + C2H2         4.381E-40
 381) CH3C2H  + HV      = CH3     + C2H          1.195E-40

CH3                    LOSS RXS                INT RX RATE    TL =  6.83E+02
  64) CH3     + O2      = H2CO    + OH           5.019E+02
  65) CH3     + O       = H2CO    + H            4.215E-06
  66) CH3     + O3      = H2CO    + HO2          6.176E-01
  67) CH3     + OH      = CO      + H2      H2   1.144E-11
  68) CH3     + CH3     = C2H6    +              5.935E-12
  69) CH3     + HV      = CH23    + H            1.638E-05
  70) CH3     + H       = CH4     +              1.407E-08
  71) CH3     + HCO     = CH4     + CO           2.014E-08
  72) CH3     + HNO     = CH4     + NO           3.734E-08
  73) CH3     + H2CO    = CH4     + HCO          5.185E-17
 231) CH3     + HCS     = CH4     + CS           3.805E-39
 257) CH3     + O2      = CH3O2   +              1.787E+02
 264) CH3     + OH      = CH3O    + H            2.219E-11
 265) CH3     + O3      = CH3O    + O2           6.176E-01
 274) CH3     + CO      = CH3CO   +              1.618E+00
 277) CH3CO   + CH3     = C2H6    + CO           8.459E-10
 278) CH3CO   + CH3     = CH4     + CH2CO        1.347E-09
 296) CH23    + CH3     = C2H4    + H            1.860E-24
 312) C2H3    + CH3     = C2H2    + CH4          7.599E-38
 315) C2H5    + CH3     = C2H4    + CH4          1.397E-28
 332) CH3CHO  + CH3     = CH3CO   + CH4          5.162E-31
 335) C2H5    + CH3     = C3H8    +              1.397E-28
 350) C2H3    + CH3     = C3H6    +              2.682E-37
 354) C3H7    + CH3     = C3H6    + CH4          1.315E-41
 361) CH3     + C2H3    = C3H5    + H            5.364E-40
 365) C3H5    + CH3     = CH2CCH2 + CH4          9.019E-49
 375) C3H5    + CH3     = CH3C2H  + CH4          9.019E-49

C2H6                PRODUCTION RXS              INT RX RATE    TP =  8.52E-10
  68) CH3     + CH3     = C2H6    +              5.935E-12
 102) C2H5    + HCO     = C2H6    + CO           5.765E-21
 103) C2H5    + HNO     = C2H6    + NO           2.645E-21
 221) C2H5    + H       = C2H6    +              2.018E-21
 277) CH3CO   + CH3     = C2H6    + CO           8.459E-10
 316) C2H5    + C2H3    = C2H6    + C2H2         1.138E-51
 317) C2H5    + C2H5    = C2H6    + C2H4         1.405E-42

C2H6                   LOSS RXS                INT RX RATE    TL =  8.52E-10
  99) C2H6    + OH      = C2H5    + H2O          1.912E-10
 100) C2H6    + O       = C2H5    + OH           6.250E-10
 101) C2H6    + O1D     = C2H5    + OH           1.459E-11
 302) C2H3    + C2H6    = C2H4    + C2H5         1.930E-46
 306) C2H     + C2H6    = C2H2    + C2H5         3.132E-51

NO                  PRODUCTION RXS              INT RX RATE    TP =  4.69E+13
  51) HNO2    + HV      = NO      + OH           4.844E+08
  54) NO2     + HV      = NO      + O            3.779E+13
  72) CH3     + HNO     = CH4     + NO           3.734E-08
  76) N       + O2      = NO      + O            2.302E+04
  77) N       + O3      = NO      + O2           8.728E+06
  78) N       + OH      = NO      + H            6.971E-01
  84) NO2     + O       = NO      + O2           9.081E+12
  86) NO2     + H       = NO      + OH           8.722E+08
  88) HNO     + HV      = NO      + H            5.781E+08
  89) H       + HNO     = H2      + NO           1.932E+02
  90) O       + HNO     = OH      + NO           7.562E+04
  91) OH      + HNO     = H2O     + NO           4.695E+01
 103) C2H5    + HNO     = C2H6    + NO           2.645E-21
 108) N       + HO2     = NO      + OH           1.462E+05
 161) SO      + NO2     = SO2     + NO           5.544E+07
 165) HS      + NO2     = HSO     + NO           6.397E+06

NO                     LOSS RXS                INT RX RATE    TL =  4.69E+13
  53) NO      + HV      = N       + O            2.987E+04
  74) H       + NO      = HNO     +              6.238E+07
  79) N       + NO      = N2      + O            9.113E+07
  80) NO      + O3      = NO2     + O2           4.629E+13
  81) NO      + O       = NO2     +              7.695E+10
  82) NO      + HO2     = NO2     + OH           5.063E+11
  83) NO      + OH      = HNO2    +              2.033E+07
  87) HCO     + NO      = HNO     + CO           5.004E+08
 174) HSO     + NO      = HNO     + SO           1.554E+07
 261) NO      + CH3O2   = CH3O    + NO2          1.786E+02
 266) NO      + CH3O    = HNO     + H2CO         1.942E+01

NO2                 PRODUCTION RXS              INT RX RATE    TP =  4.69E+13
  52) HNO3    + HV      = NO2     + OH           1.332E+07
  80) NO      + O3      = NO2     + O2           4.629E+13
  81) NO      + O       = NO2     +              7.695E+10
  82) NO      + HO2     = NO2     + OH           5.063E+11
  92) HNO2    + OH      = H2O     + NO2          1.114E+00
 107) HNO3    + OH      = H2O     + NO2     O    2.002E+05
 261) NO      + CH3O2   = CH3O    + NO2          1.786E+02

NO2                    LOSS RXS                INT RX RATE    TL =  4.69E+13
  54) NO2     + HV      = NO      + O            3.779E+13
  84) NO2     + O       = NO      + O2           9.081E+12
  85) NO2     + OH      = HNO3    +              3.070E+07
  86) NO2     + H       = NO      + OH           8.722E+08
 109) HO2     + NO2     = HNO2    + O2           4.641E+08
 161) SO      + NO2     = SO2     + NO           5.544E+07
 165) HS      + NO2     = HSO     + NO           6.397E+06
 267) NO2     + CH3O    = H2CO    + HNO2         7.786E-01

HNO                 PRODUCTION RXS              INT RX RATE    TP =  5.78E+08
  74) H       + NO      = HNO     +              6.238E+07
  87) HCO     + NO      = HNO     + CO           5.004E+08
 174) HSO     + NO      = HNO     + SO           1.554E+07
 266) NO      + CH3O    = HNO     + H2CO         1.942E+01

HNO                    LOSS RXS                INT RX RATE    TL =  5.78E+08
  72) CH3     + HNO     = CH4     + NO           3.734E-08
  88) HNO     + HV      = NO      + H            5.781E+08
  89) H       + HNO     = H2      + NO           1.932E+02
  90) O       + HNO     = OH      + NO           7.562E+04
  91) OH      + HNO     = H2O     + NO           4.695E+01
 103) C2H5    + HNO     = C2H6    + NO           2.645E-21

O3                  PRODUCTION RXS              INT RX RATE    TP =  1.10E+15
  18) O       + O2      = O3      +              1.104E+15

O3                     LOSS RXS                INT RX RATE    TL =  1.10E+15
   5) H       + O3      = OH      + O2           1.574E+09
  12) OH      + O3      = HO2     + O2           8.721E+05
  14) HO2     + O3      = OH      + O2      O2   5.555E+10
  19) O       + O3      = O2      + O2           6.413E+09
  26) O3      + HV      = O2      + O1D          2.672E+11
  27) O3      + HV      = O2      + O            1.057E+15
  66) CH3     + O3      = H2CO    + HO2          6.176E-01
  77) N       + O3      = NO      + O2           8.728E+06
  80) NO      + O3      = NO2     + O2           4.629E+13
 162) SO      + O3      = SO2     + O2           2.472E+06
 164) HS      + O3      = HSO     + O2           5.756E+06
 166) S       + O3      = SO      + O2           1.126E-02
 199) CS      + O3      = OCS     + O2           4.694E-31
 200) CS      + O3      = SO      + CO2          4.694E-31
 201) CS      + O3      = CO      + SO2          4.694E-31
 265) CH3     + O3      = CH3O    + O2           6.176E-01

HNO3                PRODUCTION RXS              INT RX RATE    TP =  3.07E+07
  85) NO2     + OH      = HNO3    +              3.070E+07

HNO3                   LOSS RXS                INT RX RATE    TL =  2.97E+07
  52) HNO3    + HV      = NO2     + OH           1.332E+07
 107) HNO3    + OH      = H2O     + NO2     O    2.002E+05

N                   PRODUCTION RXS              INT RX RATE    TP =  2.99E+04
  53) NO      + HV      = N       + O            2.987E+04

N                      LOSS RXS                INT RX RATE    TL =  1.00E+08
  75) N       + N       = N2      +              4.440E+01
  76) N       + O2      = NO      + O            2.302E+04
  77) N       + O3      = NO      + O2           8.728E+06
  78) N       + OH      = NO      + H            6.971E-01
  79) N       + NO      = N2      + O            9.113E+07
 108) N       + HO2     = NO      + OH           1.462E+05

C3H2                PRODUCTION RXS              INT RX RATE    TP =  2.72E-37
 367) CH      + C2H2    = C3H2    + H            5.529E-58
 378) C3H3    + HV      = C3H2    + H            2.672E-37
 380) CH3C2H  + HV      = C3H2    + H2           2.630E-39
 383) CH2CCH2 + HV      = C3H2    + H2           2.120E-39

C3H2                   LOSS RXS                INT RX RATE    TL =  2.72E-37
 371) C3H2    + H       = C3H3    +              2.719E-37

C3H3                PRODUCTION RXS              INT RX RATE    TP =  2.79E-37
 371) C3H2    + H       = C3H3    +              2.719E-37
 379) CH3C2H  + HV      = C3H3    + H            3.347E-39
 382) CH2CCH2 + HV      = C3H3    + H            3.768E-39

C3H3                   LOSS RXS                INT RX RATE    TL =  2.79E-37
 372) C3H3    + H       = CH3C2H  +              5.932E-39
 373) C3H3    + H       = CH2CCH2 +              5.932E-39
 378) C3H3    + HV      = C3H2    + H            2.672E-37

CH3C2H              PRODUCTION RXS              INT RX RATE    TP =  6.97E-39
 358) CH      + C2H4    = CH3C2H  + H            6.109E-53
 368) CH23    + C2H2    = CH3C2H  +              4.024E-47
 372) C3H3    + H       = CH3C2H  +              5.932E-39
 374) C3H5    + H       = CH3C2H  + H2           5.003E-40
 375) C3H5    + CH3     = CH3C2H  + CH4          9.019E-49
 376) CH2CCH2 + H       = CH3C2H  + H            5.398E-40

CH3C2H                 LOSS RXS                INT RX RATE    TL =  6.97E-39
 369) CH3C2H  + H       = CH3     + C2H2         4.381E-40
 370) CH3C2H  + H       = C3H5    +              4.381E-40
 379) CH3C2H  + HV      = C3H3    + H            3.347E-39
 380) CH3C2H  + HV      = C3H2    + H2           2.630E-39
 381) CH3C2H  + HV      = CH3     + C2H          1.195E-40

CH2CCH2             PRODUCTION RXS              INT RX RATE    TP =  6.43E-39
 346) C3H6    + HV      = CH2CCH2 + H2           1.279E-48
 357) CH      + C2H4    = CH2CCH2 + H            6.109E-53
 365) C3H5    + CH3     = CH2CCH2 + CH4          9.019E-49
 366) C3H5    + H       = CH2CCH2 + H2           5.003E-40
 373) C3H3    + H       = CH2CCH2 +              5.932E-39
 377) CH23    + C2H2    = CH2CCH2 +              4.024E-47

CH2CCH2                LOSS RXS                INT RX RATE    TL =  6.43E-39
 359) CH2CCH2 + H       = CH3     + C2H2         5.499E-42
 360) CH2CCH2 + H       = C3H5    +              5.567E-43
 376) CH2CCH2 + H       = CH3C2H  + H            5.398E-40
 382) CH2CCH2 + HV      = C3H3    + H            3.768E-39
 383) CH2CCH2 + HV      = C3H2    + H2           2.120E-39
 392) C2H     + CH2CCH2 = HCAER2  + H            1.580E-81

C3H5                PRODUCTION RXS              INT RX RATE    TP =  9.75E-40
 360) CH2CCH2 + H       = C3H5    +              5.567E-43
 361) CH3     + C2H3    = C3H5    + H            5.364E-40
 362) C2H3    + C2H5    = CH3     + C3H5         2.351E-54
 370) CH3C2H  + H       = C3H5    +              4.381E-40

C3H5                   LOSS RXS                INT RX RATE    TL =  1.83E-39
 363) C3H5    + H       = C3H6    +              3.324E-40
 364) C3H5    + H       = CH4     + C2H2         5.003E-40
 365) C3H5    + CH3     = CH2CCH2 + CH4          9.019E-49
 366) C3H5    + H       = CH2CCH2 + H2           5.003E-40
 374) C3H5    + H       = CH3C2H  + H2           5.003E-40
 375) C3H5    + CH3     = CH3C2H  + CH4          9.019E-49

C2H5CHO             PRODUCTION RXS              INT RX RATE    TP =  1.40E-28
 355) C3H7    + OH      = C2H5CHO + H2           9.546E-33
 356) C3H7    + O       = C2H5CHO + H            1.396E-28

C2H5CHO                LOSS RXS                INT RX RATE    TL =  1.40E-28
 349) C2H5CHO + HV      = C2H5    + HCO          1.376E-28

C3H6                PRODUCTION RXS              INT RX RATE    TP =  2.69E-37
 350) C2H3    + CH3     = C3H6    +              2.682E-37
 354) C3H7    + CH3     = C3H6    + CH4          1.315E-41
 363) C3H5    + H       = C3H6    +              3.324E-40

C3H6                   LOSS RXS                INT RX RATE    TL =  2.64E-37
 345) C3H6    + HV      = C2H2    + CH3     H    4.350E-47
 346) C3H6    + HV      = CH2CCH2 + H2           1.279E-48
 347) C3H6    + HV      = C2H4    + CH23         2.559E-48
 348) C3H6    + HV      = C2H     + CH4     H    6.397E-48
 351) C3H6    + OH      = CH3CHO  + CH3          1.772E-39
 352) C3H6    + O       = CH3     + CH3     CO   2.608E-37
 353) C3H6    + H       = C3H7    +              1.222E-39

C3H7                PRODUCTION RXS              INT RX RATE    TP =  1.40E-28
 336) C3H8    + OH      = C3H7    + H2O          2.225E-30
 337) C3H8    + O       = C3H7    + OH           1.375E-28
 338) C3H8    + O1D     = C3H7    + OH           5.728E-33
 344) C2H     + C3H8    = C2H2    + C3H7         2.118E-72
 353) C3H6    + H       = C3H7    +              1.222E-39

C3H7                   LOSS RXS                INT RX RATE    TL =  1.40E-28
 339) C3H7    + H       = CH3     + C2H5         6.518E-32
 354) C3H7    + CH3     = C3H6    + CH4          1.315E-41
 355) C3H7    + OH      = C2H5CHO + H2           9.546E-33
 356) C3H7    + O       = C2H5CHO + H            1.396E-28

C3H8                PRODUCTION RXS              INT RX RATE    TP =  1.40E-28
 335) C2H5    + CH3     = C3H8    +              1.397E-28

C3H8                   LOSS RXS                INT RX RATE    TL =  1.40E-28
 336) C3H8    + OH      = C3H7    + H2O          2.225E-30
 337) C3H8    + O       = C3H7    + OH           1.375E-28
 338) C3H8    + O1D     = C3H7    + OH           5.728E-33
 344) C2H     + C3H8    = C2H2    + C3H7         2.118E-72

C2H4OH              PRODUCTION RXS              INT RX RATE    TP =  3.92E-25
 324) C2H4    + OH      = C2H4OH  +              3.924E-25

C2H4OH                 LOSS RXS                INT RX RATE    TL =  3.92E-25
 325) C2H4OH  + H       = H2O     + C2H4         3.349E-25
 326) C2H4OH  + H       = H2      + CH3CHO       5.888E-29
 327) C2H4OH  + O       = OH      + CH3CHO       5.735E-26
 328) C2H4OH  + OH      = H2O     + CH3CHO       1.142E-28

C2H2OH              PRODUCTION RXS              INT RX RATE    TP =  1.85E-31
 318) C2H2    + OH      = C2H2OH  +              1.847E-31

C2H2OH                 LOSS RXS                INT RX RATE    TL =  1.85E-31
 320) C2H2OH  + H       = H2O     + C2H2         1.212E-31
 321) C2H2OH  + H       = H2      + CH2CO        1.959E-35
 322) C2H2OH  + O       = OH      + CH2CO        6.336E-32
 323) C2H2OH  + OH      = H2O     + CH2CO        8.408E-35

C2H5                PRODUCTION RXS              INT RX RATE    TP =  8.31E-10
  99) C2H6    + OH      = C2H5    + H2O          1.912E-10
 100) C2H6    + O       = C2H5    + OH           6.250E-10
 101) C2H6    + O1D     = C2H5    + OH           1.459E-11
 302) C2H3    + C2H6    = C2H4    + C2H5         1.930E-46
 305) C2H4    + H       = C2H5    +              1.019E-24
 306) C2H     + C2H6    = C2H2    + C2H5         3.132E-51
 339) C3H7    + H       = CH3     + C2H5         6.518E-32
 349) C2H5CHO + HV      = C2H5    + HCO          1.376E-28

C2H5                   LOSS RXS                INT RX RATE    TL =  8.31E-10
 102) C2H5    + HCO     = C2H6    + CO           5.765E-21
 103) C2H5    + HNO     = C2H6    + NO           2.645E-21
 104) C2H5    + O2      = CH3     + HCO     OH   8.308E-10
 220) C2H5    + H       = CH3     + CH3          5.511E-22
 221) C2H5    + H       = C2H6    +              2.018E-21
 222) C2H5    + H       = C2H4    + H2           2.756E-23
 223) C2H5    + O       = CH3     + HCO     H    7.088E-20
 224) C2H5    + O       = H2CO    + CH3          6.308E-20
 225) C2H5    + O       = CH3CHO  + H            3.142E-19
 226) C2H5    + OH      = CH3     + HCO     H2   7.297E-24
 227) C2H5    + OH      = CH3CHO  + H2           1.824E-23
 228) C2H5    + OH      = C2H4    + H2O          7.297E-24
 308) CH23    + C2H5    = CH3     + C2H4         1.627E-37
 314) C2H3    + C2H5    = C2H4    + C2H4         5.691E-52
 315) C2H5    + CH3     = C2H4    + CH4          1.397E-28
 316) C2H5    + C2H3    = C2H6    + C2H2         1.138E-51
 317) C2H5    + C2H5    = C2H6    + C2H4         1.405E-42
 335) C2H5    + CH3     = C3H8    +              1.397E-28
 362) C2H3    + C2H5    = CH3     + C3H5         2.351E-54

C2H4                PRODUCTION RXS              INT RX RATE    TP =  1.71E-22
 222) C2H5    + H       = C2H4    + H2           2.756E-23
 228) C2H5    + OH      = C2H4    + H2O          7.297E-24
 296) CH23    + CH3     = C2H4    + H            1.860E-24
 300) C2H3    + H2      = C2H4    + H            8.446E-25
 301) C2H3    + CH4     = C2H4    + CH3          3.136E-30
 302) C2H3    + C2H6    = C2H4    + C2H5         1.930E-46
 307) CH      + CH4     = C2H4    + H            1.330E-22
 308) CH23    + C2H5    = CH3     + C2H4         1.627E-37
 313) C2H3    + C2H3    = C2H4    + C2H2         4.692E-58
 314) C2H3    + C2H5    = C2H4    + C2H4         5.691E-52
 315) C2H5    + CH3     = C2H4    + CH4          1.397E-28
 317) C2H5    + C2H5    = C2H6    + C2H4         1.405E-42
 325) C2H4OH  + H       = H2O     + C2H4         3.349E-25
 347) C3H6    + HV      = C2H4    + CH23         2.559E-48

C2H4                   LOSS RXS                INT RX RATE    TL =  1.71E-22
 294) C2H4    + HV      = C2H2    + H2           9.968E-29
 295) C2H4    + HV      = C2H2    + H       H    3.687E-29
 303) C2H4    + OH      = H2CO    + CH3          5.339E-25
 304) C2H4    + O       = HCO     + CH3          1.692E-22
 305) C2H4    + H       = C2H5    +              1.019E-24
 324) C2H4    + OH      = C2H4OH  +              3.924E-25
 357) CH      + C2H4    = CH2CCH2 + H            6.109E-53
 358) CH      + C2H4    = CH3C2H  + H            6.109E-53

CH                  PRODUCTION RXS              INT RX RATE    TP =  3.17E-16
 253) CH23    + O       = CH      + OH           2.960E-16
 256) CH23    + H       = CH      + H2           2.130E-17
 284) C2H     + O       = CO      + CH           7.317E-41

CH                     LOSS RXS                INT RX RATE    TL =  3.17E-16
 242) CH      + H       = C       + H2           1.434E-31
 243) CH      + O       = CO      + H            8.580E-26
 244) CH      + H2      = CH23    + H            1.465E-21
 245) CH      + H2      = CH3     +              1.435E-18
 246) CH      + O2      = CO      + OH           6.569E-17
 247) CH      + CO2     = HCO     + CO           2.502E-16
 248) CH      + HV      = C       + H            1.989E-32
 249) CH      + S       = CS      + H            8.078E-42
 250) CH      + S2      = CS      + HS           3.671E-47
 251) CH      + CS2     = HCS     + CS           8.127E-69
 252) OCS     + CH      = CO      + HCS          7.505E-31
 307) CH      + CH4     = C2H4    + H            1.330E-22
 357) CH      + C2H4    = CH2CCH2 + H            6.109E-53
 358) CH      + C2H4    = CH3C2H  + H            6.109E-53
 367) CH      + C2H2    = C3H2    + H            5.529E-58

CH3O2               PRODUCTION RXS              INT RX RATE    TP =  1.79E+02
 257) CH3     + O2      = CH3O2   +              1.787E+02

CH3O2                  LOSS RXS                INT RX RATE    TL =  1.79E+02
 258) CH3O2   + H       = CH4     + O2           4.560E-07
 259) CH3O2   + H       = H2O     + H2CO         3.257E-07
 260) CH3O2   + O       = H2CO    + HO2          8.083E-02
 261) NO      + CH3O2   = CH3O    + NO2          1.786E+02

CH3O                PRODUCTION RXS              INT RX RATE    TP =  2.14E+02
 261) NO      + CH3O2   = CH3O    + NO2          1.786E+02
 262) HCO     + H2CO    = CH3O    + CO           1.524E-06
 264) CH3     + OH      = CH3O    + H            2.219E-11
 265) CH3     + O3      = CH3O    + O2           6.176E-01
 268) O1D     + CH4     = CH3O    + H            3.517E+01

CH3O                   LOSS RXS                INT RX RATE    TL =  2.14E+02
 263) CH3O    + CO      = CH3     + CO2          2.955E-02
 266) NO      + CH3O    = HNO     + H2CO         1.942E+01
 267) NO2     + CH3O    = H2CO    + HNO2         7.786E-01
 269) CH3O    + O2      = H2CO    + HO2          1.941E+02

CH2CO               PRODUCTION RXS              INT RX RATE    TP =  4.77E-07
 271) CH23    + CO      = CH2CO   +              4.755E-07
 278) CH3CO   + CH3     = CH4     + CH2CO        1.347E-09
 310) C2H3    + O       = CH2CO   + H            7.452E-29
 319) C2H2    + OH      = CH2CO   + H            1.100E-30
 321) C2H2OH  + H       = H2      + CH2CO        1.959E-35
 322) C2H2OH  + O       = OH      + CH2CO        6.336E-32
 323) C2H2OH  + OH      = H2O     + CH2CO        8.408E-35

CH2CO                  LOSS RXS                INT RX RATE    TL =  5.08E-07
 270) CH2CO   + HV      = CH23    + CO           1.195E-07
 272) CH2CO   + H       = CH3     + CO           7.517E-12
 273) CH2CO   + O       = H2CO    + CO           3.889E-07

CH3CO               PRODUCTION RXS              INT RX RATE    TP =  1.62E+00
 274) CH3     + CO      = CH3CO   +              1.618E+00
 329) CH3CHO  + H       = CH3CO   + H2           3.720E-23
 330) CH3CHO  + O       = CH3CO   + OH           2.694E-19
 331) CH3CHO  + OH      = CH3CO   + H2O          3.726E-22
 332) CH3CHO  + CH3     = CH3CO   + CH4          5.162E-31

CH3CO                  LOSS RXS                INT RX RATE    TL =  1.62E+00
 275) CH3CO   + H       = CH4     + CO           1.055E-01
 276) CH3CO   + O       = H2CO    + HCO          1.512E+00
 277) CH3CO   + CH3     = C2H6    + CO           8.459E-10
 278) CH3CO   + CH3     = CH4     + CH2CO        1.347E-09

CH3CHO              PRODUCTION RXS              INT RX RATE    TP =  3.14E-19
 225) C2H5    + O       = CH3CHO  + H            3.142E-19
 227) C2H5    + OH      = CH3CHO  + H2           1.824E-23
 326) C2H4OH  + H       = H2      + CH3CHO       5.888E-29
 327) C2H4OH  + O       = OH      + CH3CHO       5.735E-26
 328) C2H4OH  + OH      = H2O     + CH3CHO       1.142E-28
 351) C3H6    + OH      = CH3CHO  + CH3          1.772E-39

CH3CHO                 LOSS RXS                INT RX RATE    TL =  3.14E-19
 329) CH3CHO  + H       = CH3CO   + H2           3.720E-23
 330) CH3CHO  + O       = CH3CO   + OH           2.694E-19
 331) CH3CHO  + OH      = CH3CO   + H2O          3.726E-22
 332) CH3CHO  + CH3     = CH3CO   + CH4          5.162E-31
 333) CH3CHO  + HV      = CH3     + HCO          1.427E-20
 334) CH3CHO  + HV      = CH4     + CO           1.427E-20

C2H2                PRODUCTION RXS              INT RX RATE    TP =  1.38E-28
 279) CH23    + CH23    = C2H2    + H2           2.772E-33
 285) C2H     + H2      = C2H2    + H            8.096E-37
 286) C2H     + CH4     = C2H2    + CH3          7.400E-39
 287) C2H     + H       = C2H2    +              1.672E-45
 294) C2H4    + HV      = C2H2    + H2           9.968E-29
 295) C2H4    + HV      = C2H2    + H       H    3.687E-29
 297) CH23    + C2H3    = CH3     + C2H2         1.230E-46
 299) C2H3    + H       = C2H2    + H2           1.625E-30
 306) C2H     + C2H6    = C2H2    + C2H5         3.132E-51
 311) C2H3    + OH      = C2H2    + H2O          7.209E-33
 312) C2H3    + CH3     = C2H2    + CH4          7.599E-38
 313) C2H3    + C2H3    = C2H4    + C2H2         4.692E-58
 316) C2H5    + C2H3    = C2H6    + C2H2         1.138E-51
 320) C2H2OH  + H       = H2O     + C2H2         1.212E-31
 344) C2H     + C3H8    = C2H2    + C3H7         2.118E-72
 345) C3H6    + HV      = C2H2    + CH3     H    4.350E-47
 359) CH2CCH2 + H       = CH3     + C2H2         5.499E-42
 364) C3H5    + H       = CH4     + C2H2         5.003E-40
 369) CH3C2H  + H       = CH3     + C2H2         4.381E-40

C2H2                   LOSS RXS                INT RX RATE    TL =  1.33E-28
 280) C2H2    + HV      = C2H     + H            6.166E-32
 281) C2H2    + HV      = C2      + H2           2.055E-32
 282) C2H2    + OH      = CO      + CH3          8.532E-32
 298) C2H2    + H       = C2H3    +              1.415E-31
 309) C2H2    + O       = CH23    + CO           1.318E-28
 318) C2H2    + OH      = C2H2OH  +              1.847E-31
 319) C2H2    + OH      = CH2CO   + H            1.100E-30
 367) CH      + C2H2    = C3H2    + H            5.529E-58
 368) CH23    + C2H2    = CH3C2H  +              4.024E-47
 377) CH23    + C2H2    = CH2CCH2 +              4.024E-47
 391) C2H     + C2H2    = HCAER   + H            8.507E-73

CH23                PRODUCTION RXS              INT RX RATE    TP =  1.65E-05
  69) CH3     + HV      = CH23    + H            1.638E-05
 238) C       + H2      = CH23    +              8.464E-32
 244) CH      + H2      = CH23    + H            1.465E-21
 270) CH2CO   + HV      = CH23    + CO           1.195E-07
 309) C2H2    + O       = CH23    + CO           1.318E-28
 347) C3H6    + HV      = C2H4    + CH23         2.559E-48

CH23                   LOSS RXS                INT RX RATE    TL =  1.82E-05
  61) CH23    + H2      = CH3     + H            7.041E-09
  62) CH23    + CH4     = CH3     + CH3          1.030E-18
  63) CH23    + O2      = HCO     + OH           3.881E-07
  97) CH23    + O       = HCO     + H            3.700E-16
  98) CH23    + CO2     = H2CO    + CO           1.732E-05
 230) CH23    + S2      = HCS     + HS           7.040E-35
 232) CH23    + S       = HCS     + H            7.695E-31
 253) CH23    + O       = CH      + OH           2.960E-16
 254) CH23    + O       = CO      + H       H    3.071E-15
 255) CH23    + H       = CH3     +              2.148E-17
 256) CH23    + H       = CH      + H2           2.130E-17
 271) CH23    + CO      = CH2CO   +              4.755E-07
 279) CH23    + CH23    = C2H2    + H2           2.772E-33
 296) CH23    + CH3     = C2H4    + H            1.860E-24
 297) CH23    + C2H3    = CH3     + C2H2         1.230E-46
 308) CH23    + C2H5    = CH3     + C2H4         1.627E-37
 368) CH23    + C2H2    = CH3C2H  +              4.024E-47
 377) CH23    + C2H2    = CH2CCH2 +              4.024E-47

C2H                 PRODUCTION RXS              INT RX RATE    TP =  6.17E-32
 280) C2H2    + HV      = C2H     + H            6.166E-32
 288) C2      + H2      = C2H     + H            2.156E-35
 289) C2      + CH4     = C2H     + CH3          4.018E-37
 348) C3H6    + HV      = C2H     + CH4     H    6.397E-48
 381) CH3C2H  + HV      = CH3     + C2H          1.195E-40

C2H                    LOSS RXS                INT RX RATE    TL =  6.17E-32
 283) C2H     + O2      = CO      + HCO          6.169E-32
 284) C2H     + O       = CO      + CH           7.317E-41
 285) C2H     + H2      = C2H2    + H            8.096E-37
 286) C2H     + CH4     = C2H2    + CH3          7.400E-39
 287) C2H     + H       = C2H2    +              1.672E-45
 306) C2H     + C2H6    = C2H2    + C2H5         3.132E-51
 344) C2H     + C3H8    = C2H2    + C3H7         2.118E-72
 391) C2H     + C2H2    = HCAER   + H            8.507E-73
 392) C2H     + CH2CCH2 = HCAER2  + H            1.580E-81

C2                  PRODUCTION RXS              INT RX RATE    TP =  2.06E-32
 281) C2H2    + HV      = C2      + H2           2.055E-32

C2                     LOSS RXS                INT RX RATE    TL =  2.06E-32
 288) C2      + H2      = C2H     + H            2.156E-35
 289) C2      + CH4     = C2H     + CH3          4.018E-37
 290) C2      + S       = C       + CS           1.422E-55
 291) C2      + S2      = CS      + CS           1.336E-64
 292) C2      + O       = C       + CO           1.445E-39
 293) C2      + O2      = CO      + CO           2.053E-32

C2H3                PRODUCTION RXS              INT RX RATE    TP =  1.42E-31
 298) C2H2    + H       = C2H3    +              1.415E-31

C2H3                   LOSS RXS                INT RX RATE    TL =  8.45E-25
 297) CH23    + C2H3    = CH3     + C2H2         1.230E-46
 299) C2H3    + H       = C2H2    + H2           1.625E-30
 300) C2H3    + H2      = C2H4    + H            8.446E-25
 301) C2H3    + CH4     = C2H4    + CH3          3.136E-30
 302) C2H3    + C2H6    = C2H4    + C2H5         1.930E-46
 310) C2H3    + O       = CH2CO   + H            7.452E-29
 311) C2H3    + OH      = C2H2    + H2O          7.209E-33
 312) C2H3    + CH3     = C2H2    + CH4          7.599E-38
 313) C2H3    + C2H3    = C2H4    + C2H2         4.692E-58
 314) C2H3    + C2H5    = C2H4    + C2H4         5.691E-52
 316) C2H5    + C2H3    = C2H6    + C2H2         1.138E-51
 350) C2H3    + CH3     = C3H6    +              2.682E-37
 361) CH3     + C2H3    = C3H5    + H            5.364E-40
 362) C2H3    + C2H5    = CH3     + C3H5         2.351E-54

HCS                 PRODUCTION RXS              INT RX RATE    TP =  1.52E-30
 216) H       + CS      = HCS     +              6.108E-39
 230) CH23    + S2      = HCS     + HS           7.040E-35
 232) CH23    + S       = HCS     + H            7.695E-31
 251) CH      + CS2     = HCS     + CS           8.127E-69
 252) OCS     + CH      = CO      + HCS          7.505E-31

HCS                    LOSS RXS                INT RX RATE    TL =  1.78E-30
 217) H       + HCS     = H2      + CS           1.779E-30
 218) S       + HCS     = H       + CS2          2.307E-43
 219) S       + HCS     = HS      + CS           2.307E-43
 231) CH3     + HCS     = CH4     + CS           3.805E-39
 233) HS      + HCS     = H2S     + CS           2.255E-33

CS2                 PRODUCTION RXS              INT RX RATE    TP =  1.17E-38
 205) CS2X    + M       = CS2     + M            3.752E-39
 208) CS      + HS      = CS2     + H            7.963E-39
 218) S       + HCS     = H       + CS2          2.307E-43

CS2                    LOSS RXS                INT RX RATE    TL =  1.17E-38
 202) CS2     + O       = SO      + CS           7.086E-39
 203) CS2     + O       = OCS     + S            6.643E-40
 204) CS2     + OH      = OCS     + HS           4.045E-45
 207) CS2X    + CS2     = CS      + CS      S2   1.379E-96
 209) CS2     + O       = CO      + S2           2.028E-40
 210) CS2     + SO      = OCS     + S2           1.458E-46
 211) CS2     + S       = CS      + S2           1.609E-56
 213) CS2     + HV      = CS      + S            4.037E-43
 214) CS2     + HV      = CS2X    +              3.752E-39
 251) CH      + CS2     = HCS     + CS           8.127E-69

CS                  PRODUCTION RXS              INT RX RATE    TP =  1.78E-30
 202) CS2     + O       = SO      + CS           7.086E-39
 206) CS2X    + O2      = CS      + SO2          3.335E-45
 207) CS2X    + CS2     = CS      + CS      S2   1.379E-96
 211) CS2     + S       = CS      + S2           1.609E-56
 213) CS2     + HV      = CS      + S            4.037E-43
 217) H       + HCS     = H2      + CS           1.779E-30
 219) S       + HCS     = HS      + CS           2.307E-43
 231) CH3     + HCS     = CH4     + CS           3.805E-39
 233) HS      + HCS     = H2S     + CS           2.255E-33
 240) C       + HS      = CS      + H            2.035E-45
 241) C       + S2      = CS      + S            8.945E-60
 249) CH      + S       = CS      + H            8.078E-42
 250) CH      + S2      = CS      + HS           3.671E-47
 251) CH      + CS2     = HCS     + CS           8.127E-69
 290) C2      + S       = C       + CS           1.422E-55
 291) C2      + S2      = CS      + CS           1.336E-64

CS                     LOSS RXS                INT RX RATE    TL =  1.78E-30
 197) CS      + O2      = OCS     + O            3.312E-31
 198) CS      + O2      = CO      + SO           4.140E-32
 199) CS      + O3      = OCS     + O2           4.694E-31
 200) CS      + O3      = SO      + CO2          4.694E-31
 201) CS      + O3      = CO      + SO2          4.694E-31
 208) CS      + HS      = CS2     + H            7.963E-39
 212) CS      + O       = CO      + S            9.074E-34
 216) H       + CS      = HCS     +              6.108E-39

OCS                 PRODUCTION RXS              INT RX RATE    TP =  2.82E-03
 183) HS      + CO      = OCS     + H            2.099E-03
 188) S       + HCO     = OCS     + H            9.186E-13
 189) S       + CO      = OCS     +              7.257E-04
 193) OCS2    + S       = OCS     + S2           4.914E-43
 196) OCS2    + CO      = OCS     + OCS          7.301E-17
 197) CS      + O2      = OCS     + O            3.312E-31
 199) CS      + O3      = OCS     + O2           4.694E-31
 203) CS2     + O       = OCS     + S            6.643E-40
 204) CS2     + OH      = OCS     + HS           4.045E-45
 210) CS2     + SO      = OCS     + S2           1.458E-46

OCS                    LOSS RXS                INT RX RATE    TL =  2.82E-03
 182) H       + OCS     = CO      + HS           3.361E-06
 184) O       + OCS     = CO      + SO           2.640E-03
 185) O       + OCS     = S       + CO2          4.780E-09
 186) OCS     + S       = CO      + S2           1.932E-17
 187) OCS     + OH      = CO2     + HS           5.475E-08
 190) OCS     + HV      = CO      + S            1.712E-04
 192) OCS     + S       = OCS2    +              7.301E-17
 252) OCS     + CH      = CO      + HCS          7.505E-31

S                   PRODUCTION RXS              INT RX RATE    TP =  2.41E-01
 110) SO      + HV      = S       + O            2.358E-01
 132) HS      + HS      = H2S     + S            4.376E-05
 134) HS      + H       = H2      + S            5.000E-03
 142) S2      + O       = S       + SO           8.198E-16
 144) S2      + HV      = S       + S            9.209E-21
 150) S3      + HV      = S2      + S            5.026E-31
 167) SO      + SO      = SO2     + S            1.118E-06
 185) O       + OCS     = S       + CO2          4.780E-09
 190) OCS     + HV      = CO      + S            1.712E-04
 203) CS2     + O       = OCS     + S            6.643E-40
 212) CS      + O       = CO      + S            9.074E-34
 213) CS2     + HV      = CS      + S            4.037E-43
 241) C       + S2      = CS      + S            8.945E-60

S                      LOSS RXS                INT RX RATE    TL =  2.41E-01
 135) HS      + S       = H       + S2           8.005E-16
 136) S       + O2      = SO      + O            2.290E-01
 137) S       + OH      = SO      + H            1.630E-14
 138) S       + HCO     = HS      + CO           1.148E-13
 139) S       + HO2     = HS      + O2           3.666E-10
 140) S       + HO2     = SO      + OH           3.666E-10
 141) S       + S       = S2      +              2.818E-28
 145) S       + S2      = S3      +              5.026E-31
 147) S       + S3      = S4      +              7.678E-44
 166) S       + O3      = SO      + O2           1.126E-02
 169) S       + CO2     = SO      + CO           4.221E-07
 180) HSO     + S       = HS      + SO           4.051E-10
 186) OCS     + S       = CO      + S2           1.932E-17
 188) S       + HCO     = OCS     + H            9.186E-13
 189) S       + CO      = OCS     +              7.257E-04
 192) OCS     + S       = OCS2    +              7.301E-17
 193) OCS2    + S       = OCS     + S2           4.914E-43
 211) CS2     + S       = CS      + S2           1.609E-56
 218) S       + HCS     = H       + CS2          2.307E-43
 219) S       + HCS     = HS      + CS           2.307E-43
 232) CH23    + S       = HCS     + H            7.695E-31
 249) CH      + S       = CS      + H            8.078E-42
 290) C2      + S       = C       + CS           1.422E-55

HS                  PRODUCTION RXS              INT RX RATE    TP =  1.22E+07
 111) H2S     + HV      = HS      + H            4.582E+06
 126) H2S     + OH      = H2O     + HS           6.672E+05
 127) H2S     + H       = H2      + HS           1.757E+06
 128) H2S     + O       = OH      + HS           5.145E+06
 138) S       + HCO     = HS      + CO           1.148E-13
 139) S       + HO2     = HS      + O2           3.666E-10
 173) HSO     + HV      = HS      + O            1.177E+03
 176) HSO     + H       = HS      + OH           2.532E+02
 180) HSO     + S       = HS      + SO           4.051E-10
 182) H       + OCS     = CO      + HS           3.361E-06
 187) OCS     + OH      = CO2     + HS           5.475E-08
 204) CS2     + OH      = OCS     + HS           4.045E-45
 219) S       + HCS     = HS      + CS           2.307E-43
 230) CH23    + S2      = HCS     + HS           7.040E-35
 250) CH      + S2      = CS      + HS           3.671E-47

HS                     LOSS RXS                INT RX RATE    TL =  1.22E+07
 129) HS      + O       = H       + SO           1.893E+01
 130) HS      + O2      = OH      + SO           5.237E+02
 131) HS      + HO2     = H2S     + O2           4.044E+00
 132) HS      + HS      = H2S     + S            4.376E-05
 133) HS      + HCO     = H2S     + CO           7.409E-03
 134) HS      + H       = H2      + S            5.000E-03
 135) HS      + S       = H       + S2           8.005E-16
 143) HS      + H2CO    = H2S     + HCO          5.767E-04
 164) HS      + O3      = HSO     + O2           5.756E+06
 165) HS      + NO2     = HSO     + NO           6.397E+06
 178) HSO     + HS      = H2S     + SO           6.039E+00
 183) HS      + CO      = OCS     + H            2.099E-03
 208) CS      + HS      = CS2     + H            7.963E-39
 215) CH4     + HS      = CH3     + H2S          2.814E-15
 233) HS      + HCS     = H2S     + CS           2.255E-33
 240) C       + HS      = CS      + H            2.035E-45

H2S                 PRODUCTION RXS              INT RX RATE    TP =  1.01E+01
 131) HS      + HO2     = H2S     + O2           4.044E+00
 132) HS      + HS      = H2S     + S            4.376E-05
 133) HS      + HCO     = H2S     + CO           7.409E-03
 143) HS      + H2CO    = H2S     + HCO          5.767E-04
 178) HSO     + HS      = H2S     + SO           6.039E+00
 215) CH4     + HS      = CH3     + H2S          2.814E-15
 233) HS      + HCS     = H2S     + CS           2.255E-33

H2S                    LOSS RXS                INT RX RATE    TL =  5.36E+07
 111) H2S     + HV      = HS      + H            4.582E+06
 126) H2S     + OH      = H2O     + HS           6.672E+05
 127) H2S     + H       = H2      + HS           1.757E+06
 128) H2S     + O       = OH      + HS           5.145E+06
 191) H2S     + HO2     = H2O     + HSO          4.124E+07

SO3                 PRODUCTION RXS              INT RX RATE    TP =  7.08E+07
 120) SO2     + O       = SO3     +              7.067E+07
 122) HSO3    + O2      = HO2     + SO3          1.165E+05
 123) HSO3    + OH      = H2O     + SO3          6.830E-08
 124) HSO3    + H       = H2      + SO3          3.359E-06
 125) HSO3    + O       = OH      + SO3          3.297E-04
 156) SO21    + O2      = SO3     + O            3.947E+03
 157) SO21    + SO2     = SO3     + SO           1.026E+02
 160) SO23    + SO2     = SO3     + SO           1.678E+01
 163) SO2     + HO2     = SO3     + OH           1.466E+04

SO3                    LOSS RXS                INT RX RATE    TL =  7.08E+07
 121) SO3     + H2O     = H2SO4   +              7.081E+07
 151) SO3     + HV      = SO2     + O            2.014E+02
 168) SO3     + SO      = SO2     + SO2          4.802E-03

S2                  PRODUCTION RXS              INT RX RATE    TP =  8.20E-16
 135) HS      + S       = H       + S2           8.005E-16
 141) S       + S       = S2      +              2.818E-28
 149) S4      + HV      = S2      + S2           1.367-100
 150) S3      + HV      = S2      + S            5.026E-31
 186) OCS     + S       = CO      + S2           1.932E-17
 193) OCS2    + S       = OCS     + S2           4.914E-43
 207) CS2X    + CS2     = CS      + CS      S2   1.379E-96
 209) CS2     + O       = CO      + S2           2.028E-40
 210) CS2     + SO      = OCS     + S2           1.458E-46
 211) CS2     + S       = CS      + S2           1.609E-56

S2                     LOSS RXS                INT RX RATE    TL =  8.20E-16
 142) S2      + O       = S       + SO           8.198E-16
 144) S2      + HV      = S       + S            9.209E-21
 145) S       + S2      = S3      +              5.026E-31
 146) S2      + S2      = S4      +              7.084E-34
 230) CH23    + S2      = HCS     + HS           7.040E-35
 241) C       + S2      = CS      + S            8.945E-60
 250) CH      + S2      = CS      + HS           3.671E-47
 291) C2      + S2      = CS      + CS           1.336E-64

HSO                 PRODUCTION RXS              INT RX RATE    TP =  5.34E+07
 164) HS      + O3      = HSO     + O2           5.756E+06
 165) HS      + NO2     = HSO     + NO           6.397E+06
 170) SO      + HO2     = HSO     + O2           8.434E+02
 171) SO      + HCO     = HSO     + CO           2.149E-02
 172) H       + SO      = HSO     +              6.628E-03
 191) H2S     + HO2     = H2O     + HSO          4.124E+07

HSO                    LOSS RXS                INT RX RATE    TL =  5.34E+07
 173) HSO     + HV      = HS      + O            1.177E+03
 174) HSO     + NO      = HNO     + SO           1.554E+07
 175) HSO     + OH      = H2O     + SO           8.309E+01
 176) HSO     + H       = HS      + OH           2.532E+02
 177) HSO     + H       = H2      + SO           1.266E+02
 178) HSO     + HS      = H2S     + SO           6.039E+00
 179) HSO     + O       = OH      + SO           3.784E+07
 180) HSO     + S       = HS      + SO           4.051E-10

H2SO4               PRODUCTION RXS              INT RX RATE    TP =  1.26E+08
 121) SO3     + H2O     = H2SO4   +              7.081E+07

H2SO4                  LOSS RXS                INT RX RATE    TL =  1.26E+08

SO2                 PRODUCTION RXS              INT RX RATE    TP =  3.55E+08
 115) SO      + O2      = O       + SO2          3.914E+05
 116) SO      + HO2     = SO2     + OH           8.434E+02
 117) SO      + O       = SO2     +              6.427E+02
 118) SO      + OH      = SO2     + H            1.103E-02
 151) SO3     + HV      = SO2     + O            2.014E+02
 153) SO21    + HV      = SO2     +              9.498E-08
 155) SO21    + HV      = SO2     + HV           2.090E+08
 158) SO23    + HV      = SO2     +              1.162E-08
 159) SO23    + HV      = SO2     + HV           8.756E+07
 161) SO      + NO2     = SO2     + NO           5.544E+07
 162) SO      + O3      = SO2     + O2           2.472E+06
 167) SO      + SO      = SO2     + S            1.118E-06
 168) SO3     + SO      = SO2     + SO2          4.802E-03
 201) CS      + O3      = CO      + SO2          4.694E-31
 206) CS2X    + O2      = CS      + SO2          3.335E-45

SO2                    LOSS RXS                INT RX RATE    TL =  1.78E+09
 112) SO2     + HV      = SO      + O            4.919E+06
 113) SO2     + HV      = SO21    +              2.232E+08
 114) SO2     + HV      = SO23    +              7.331E+07
 119) SO2     + OH      = HSO3    +              1.165E+05
 120) SO2     + O       = SO3     +              7.067E+07
 157) SO21    + SO2     = SO3     + SO           1.026E+02
 160) SO23    + SO2     = SO3     + SO           1.678E+01
 163) SO2     + HO2     = SO3     + OH           1.466E+04

SO                  PRODUCTION RXS              INT RX RATE    TP =  5.83E+07
 112) SO2     + HV      = SO      + O            4.919E+06
 129) HS      + O       = H       + SO           1.893E+01
 130) HS      + O2      = OH      + SO           5.237E+02
 136) S       + O2      = SO      + O            2.290E-01
 137) S       + OH      = SO      + H            1.630E-14
 140) S       + HO2     = SO      + OH           3.666E-10
 142) S2      + O       = S       + SO           8.198E-16
 157) SO21    + SO2     = SO3     + SO           1.026E+02
 160) SO23    + SO2     = SO3     + SO           1.678E+01
 166) S       + O3      = SO      + O2           1.126E-02
 169) S       + CO2     = SO      + CO           4.221E-07
 174) HSO     + NO      = HNO     + SO           1.554E+07
 175) HSO     + OH      = H2O     + SO           8.309E+01
 177) HSO     + H       = H2      + SO           1.266E+02
 178) HSO     + HS      = H2S     + SO           6.039E+00
 179) HSO     + O       = OH      + SO           3.784E+07
 180) HSO     + S       = HS      + SO           4.051E-10
 184) O       + OCS     = CO      + SO           2.640E-03
 198) CS      + O2      = CO      + SO           4.140E-32
 200) CS      + O3      = SO      + CO2          4.694E-31
 202) CS2     + O       = SO      + CS           7.086E-39

SO                     LOSS RXS                INT RX RATE    TL =  5.83E+07
 110) SO      + HV      = S       + O            2.358E-01
 115) SO      + O2      = O       + SO2          3.914E+05
 116) SO      + HO2     = SO2     + OH           8.434E+02
 117) SO      + O       = SO2     +              6.427E+02
 118) SO      + OH      = SO2     + H            1.103E-02
 161) SO      + NO2     = SO2     + NO           5.544E+07
 162) SO      + O3      = SO2     + O2           2.472E+06
 167) SO      + SO      = SO2     + S            1.118E-06
 168) SO3     + SO      = SO2     + SO2          4.802E-03
 170) SO      + HO2     = HSO     + O2           8.434E+02
 171) SO      + HCO     = HSO     + CO           2.149E-02
 172) H       + SO      = HSO     +              6.628E-03
 210) CS2     + SO      = OCS     + S2           1.458E-46

CO2                 PRODUCTION RXS              INT RX RATE    TP =  1.20E+13
  31) CO      + OH      = CO2     + H            5.655E+11
  32) CO      + O       = CO2     +              1.146E+13
  37) O       + HCO     = H       + CO2          5.077E+01
 185) O       + OCS     = S       + CO2          4.780E-09
 187) OCS     + OH      = CO2     + HS           5.475E-08
 200) CS      + O3      = SO      + CO2          4.694E-31
 263) CH3O    + CO      = CH3     + CO2          2.955E-02

CO2                    LOSS RXS                INT RX RATE    TL =  9.26E+08
  29) CO2     + HV      = CO      + O            9.261E+08
  98) CH23    + CO2     = H2CO    + CO           1.732E-05
 169) S       + CO2     = SO      + CO           4.221E-07
 247) CH      + CO2     = HCO     + CO           2.502E-16

SO4AER              PRODUCTION RXS              INT RX RATE    TP =  7.08E+07

SO4AER                 LOSS RXS                INT RX RATE    TL =  7.05E+07

S8AER               PRODUCTION RXS              INT RX RATE    TP =  8.52-203
 148) S4      + S4      = S8AER   +              8.523-203

S8AER                  LOSS RXS                INT RX RATE    TL =  2.36E-19

HCAER               PRODUCTION RXS              INT RX RATE    TP =  8.51E-73
 391) C2H     + C2H2    = HCAER   + H            8.507E-73

HCAER                  LOSS RXS                INT RX RATE    TL =  2.36E-19

HCAER2              PRODUCTION RXS              INT RX RATE    TP =  1.58E-81
 392) C2H     + CH2CCH2 = HCAER2  + H            1.580E-81

HCAER2                 LOSS RXS                INT RX RATE    TL =  2.36E-19

HNO2                PRODUCTION RXS              INT RX RATE    TP =  0.00E+00
  83) NO      + OH      = HNO2    +              2.033E+07
 109) HO2     + NO2     = HNO2    + O2           4.641E+08
 267) NO2     + CH3O    = H2CO    + HNO2         7.786E-01

HNO2                   LOSS RXS                INT RX RATE    TL =  0.00E+00
  51) HNO2    + HV      = NO      + OH           4.844E+08
  92) HNO2    + OH      = H2O     + NO2          1.114E+00

O1D                 PRODUCTION RXS              INT RX RATE    TP =  0.00E+00
  26) O3      + HV      = O2      + O1D          2.672E+11

O1D                    LOSS RXS                INT RX RATE    TL =  0.00E+00
   1) H2O     + O1D     = OH      + OH           6.771E+03
   2) H2      + O1D     = OH      + H            1.416E+06
  21) O1D     + M       = O       + M            2.640E+11
  22) O1D     + O2      = O       + O2           3.953E+07
  56) CH4     + O1D     = CH3     + OH           1.319E+02
  57) CH4     + O1D     = H2CO    + H2           8.792E+00
 101) C2H6    + O1D     = C2H5    + OH           1.459E-11
 105) CO      + O1D     = CO      + O            3.158E+09
 268) O1D     + CH4     = CH3O    + H            3.517E+01
 338) C3H8    + O1D     = C3H7    + OH           5.728E-33

CH21                PRODUCTION RXS              INT RX RATE    TP =  0.00E+00

CH21                   LOSS RXS                INT RX RATE    TL =  0.00E+00

C                   PRODUCTION RXS              INT RX RATE    TP =  0.00E+00
 242) CH      + H       = C       + H2           1.434E-31
 248) CH      + HV      = C       + H            1.989E-32
 290) C2      + S       = C       + CS           1.422E-55
 292) C2      + O       = C       + CO           1.445E-39

C                      LOSS RXS                INT RX RATE    TL =  0.00E+00
 237) C       + OH      = CO      + H            3.670E-45
 238) C       + H2      = CH23    +              8.464E-32
 239) C       + O2      = CO      + O            7.865E-32
 240) C       + HS      = CS      + H            2.035E-45
 241) C       + S2      = CS      + S            8.945E-60

SO21                PRODUCTION RXS              INT RX RATE    TP =  0.00E+00
 113) SO2     + HV      = SO21    +              2.232E+08

SO21                   LOSS RXS                INT RX RATE    TL =  0.00E+00
 152) SO21    + HV      = SO23    +              9.498E-09
 153) SO21    + HV      = SO2     +              9.498E-08
 154) SO21    + HV      = SO23    + HV           1.425E+07
 155) SO21    + HV      = SO2     + HV           2.090E+08
 156) SO21    + O2      = SO3     + O            3.947E+03
 157) SO21    + SO2     = SO3     + SO           1.026E+02

SO23                PRODUCTION RXS              INT RX RATE    TP =  0.00E+00
 114) SO2     + HV      = SO23    +              7.331E+07
 152) SO21    + HV      = SO23    +              9.498E-09
 154) SO21    + HV      = SO23    + HV           1.425E+07

SO23                   LOSS RXS                INT RX RATE    TL =  0.00E+00
 158) SO23    + HV      = SO2     +              1.162E-08
 159) SO23    + HV      = SO2     + HV           8.756E+07
 160) SO23    + SO2     = SO3     + SO           1.678E+01

HSO3                PRODUCTION RXS              INT RX RATE    TP =  0.00E+00
 119) SO2     + OH      = HSO3    +              1.165E+05

HSO3                   LOSS RXS                INT RX RATE    TL =  0.00E+00
 122) HSO3    + O2      = HO2     + SO3          1.165E+05
 123) HSO3    + OH      = H2O     + SO3          6.830E-08
 124) HSO3    + H       = H2      + SO3          3.359E-06
 125) HSO3    + O       = OH      + SO3          3.297E-04

OCS2                PRODUCTION RXS              INT RX RATE    TP =  0.00E+00
 192) OCS     + S       = OCS2    +              7.301E-17

OCS2                   LOSS RXS                INT RX RATE    TL =  0.00E+00
 193) OCS2    + S       = OCS     + S2           4.914E-43
 196) OCS2    + CO      = OCS     + OCS          7.301E-17

CS2X                PRODUCTION RXS              INT RX RATE    TP =  0.00E+00
 214) CS2     + HV      = CS2X    +              3.752E-39

CS2X                   LOSS RXS                INT RX RATE    TL =  0.00E+00
 205) CS2X    + M       = CS2     + M            3.752E-39
 206) CS2X    + O2      = CS      + SO2          3.335E-45
 207) CS2X    + CS2     = CS      + CS      S2   1.379E-96

S3                  PRODUCTION RXS              INT RX RATE    TP =  0.00E+00
 145) S       + S2      = S3      +              5.026E-31

S3                     LOSS RXS                INT RX RATE    TL =  0.00E+00
 147) S       + S3      = S4      +              7.678E-44
 150) S3      + HV      = S2      + S            5.026E-31

S4                  PRODUCTION RXS              INT RX RATE    TP =  0.00E+00
 146) S2      + S2      = S4      +              7.084E-34
 147) S       + S3      = S4      +              7.678E-44

S4                     LOSS RXS                INT RX RATE    TL =  0.00E+00
 148) S4      + S4      = S8AER   +              8.523-203
 149) S4      + HV      = S2      + S2           1.367-100

N2                  PRODUCTION RXS              INT RX RATE    TP =  0.00E+00
  75) N       + N       = N2      +              4.440E+01
  79) N       + NO      = N2      + O            9.113E+07

N2                     LOSS RXS                INT RX RATE    TL =  0.00E+00
