
 HC AEROSOL PARAMETERS

    Z        AERSOL     RPAR      RFRAC      WFALL     TAUSED    TAUEDD    TAUC      CONVER
  2.500E+04 1.333E-01 6.187E-05 1.192E-04 1.655E-03 5.097E+08 7.118E+06 2.401E+10 7.530E+09
  1.250E+05 1.450E-01 6.187E-05 1.192E-04 1.691E-03 4.891E+08 6.837E+06 2.202E+10 7.530E+09
  2.250E+05 1.871E-01 6.187E-05 1.192E-04 1.731E-03 4.676E+08 6.551E+06 1.702E+10 7.530E+09
  3.250E+05 2.491E-01 6.187E-05 1.192E-04 1.776E-03 4.458E+08 6.266E+06 1.274E+10 7.530E+09
  4.250E+05 3.244E-01 6.187E-05 1.192E-04 1.829E-03 4.221E+08 5.958E+06 9.740E+09 7.530E+09
  5.250E+05 4.102E-01 6.187E-05 1.192E-04 1.892E-03 3.962E+08 5.620E+06 7.664E+09 7.530E+09
  6.250E+05 5.037E-01 6.187E-05 1.192E-04 1.964E-03 3.701E+08 5.285E+06 6.199E+09 7.530E+09
  7.250E+05 5.983E-01 6.187E-05 1.192E-04 2.031E-03 3.502E+08 5.058E+06 5.162E+09 7.530E+09
  8.250E+05 6.957E-01 6.187E-05 1.192E-04 2.102E-03 3.314E+08 4.852E+06 4.380E+09 7.530E+09
  9.250E+05 7.905E-01 6.187E-05 1.192E-04 2.174E-03 3.152E+08 4.694E+06 3.790E+09 7.530E+09
  1.025E+06 8.964E-01 6.187E-05 1.192E-04 2.236E-03 3.048E+08 5.805E+06 3.268E+09 7.530E+09
  1.125E+06 1.179E+00 6.187E-05 1.192E-04 2.302E-03 2.952E+08 1.539E+07 2.420E+09 7.530E+09
  1.225E+06 1.960E+00 6.187E-05 1.192E-04 2.370E-03 2.873E+08 2.726E+07 1.412E+09 7.530E+09
  1.325E+06 3.402E+00 6.187E-05 1.192E-04 2.446E-03 2.795E+08 5.841E+07 7.852E+08 7.530E+09
  1.425E+06 5.823E+00 6.187E-05 1.192E-04 2.536E-03 2.707E+08 8.124E+07 4.408E+08 7.530E+09
  1.525E+06 8.511E+00 6.187E-05 1.192E-04 2.643E-03 2.609E+08 1.033E+08 2.883E+08 7.530E+09
  1.625E+06 1.123E+01 6.187E-05 1.192E-04 2.768E-03 2.503E+08 1.200E+08 2.077E+08 7.530E+09
  1.725E+06 1.350E+01 6.187E-05 1.192E-04 2.916E-03 2.388E+08 1.244E+08 1.632E+08 7.530E+09
  1.825E+06 1.509E+01 6.187E-05 1.192E-04 3.092E-03 2.265E+08 1.257E+08 1.371E+08 7.530E+09
  1.925E+06 1.597E+01 6.187E-05 1.192E-04 3.300E-03 2.133E+08 1.208E+08 1.208E+08 7.530E+09
  2.025E+06 1.641E+01 6.151E-05 1.186E-04 3.516E-03 2.011E+08 1.087E+08 1.087E+08 7.401E+09
  2.125E+06 1.653E+01 6.086E-05 1.174E-04 3.742E-03 1.897E+08 9.883E+07 9.883E+07 7.166E+09
  2.225E+06 1.687E+01 5.944E-05 1.150E-04 3.931E-03 1.812E+08 8.752E+07 8.752E+07 6.676E+09
  2.325E+06 1.711E+01 5.780E-05 1.124E-04 4.121E-03 1.734E+08 7.737E+07 7.737E+07 6.141E+09
  2.425E+06 1.724E+01 5.606E-05 1.099E-04 4.313E-03 1.661E+08 6.840E+07 6.840E+07 5.602E+09
  2.525E+06 1.728E+01 5.427E-05 1.077E-04 4.506E-03 1.592E+08 6.055E+07 6.055E+07 5.083E+09
  2.625E+06 1.708E+01 5.264E-05 1.059E-04 4.724E-03 1.520E+08 5.428E+07 5.428E+07 4.637E+09
  2.725E+06 1.684E+01 5.098E-05 1.045E-04 4.936E-03 1.455E+08 4.868E+07 4.868E+07 4.213E+09
  2.825E+06 1.682E+01 4.907E-05 1.031E-04 5.074E-03 1.416E+08 4.299E+07 4.299E+07 3.758E+09
  2.925E+06 1.612E+01 4.781E-05 1.024E-04 5.362E-03 1.339E+08 3.966E+07 3.966E+07 3.475E+09
  3.025E+06 1.567E+01 4.631E-05 1.017E-04 5.577E-03 1.287E+08 3.602E+07 3.602E+07 3.158E+09
  3.125E+06 1.546E+01 4.458E-05 1.012E-04 5.692E-03 1.260E+08 3.216E+07 3.216E+07 2.817E+09
  3.225E+06 1.483E+01 4.328E-05 1.010E-04 5.941E-03 1.207E+08 2.957E+07 2.957E+07 2.577E+09
  3.325E+06 1.418E+01 4.200E-05 1.009E-04 6.191E-03 1.161E+08 2.721E+07 2.721E+07 2.355E+09
  3.425E+06 1.365E+01 4.062E-05 1.008E-04 6.388E-03 1.130E+08 2.481E+07 2.481E+07 2.131E+09
  3.525E+06 1.308E+01 3.935E-05 1.008E-04 6.625E-03 1.092E+08 2.276E+07 2.276E+07 1.938E+09
  3.625E+06 1.295E+01 3.771E-05 1.007E-04 6.658E-03 1.088E+08 2.019E+07 2.019E+07 1.706E+09
  3.725E+06 1.265E+01 3.631E-05 1.006E-04 6.800E-03 1.067E+08 1.815E+07 1.815E+07 1.522E+09
  3.825E+06 1.221E+01 3.508E-05 1.003E-04 7.042E-03 1.032E+08 1.650E+07 1.650E+07 1.373E+09
  3.925E+06 1.198E+01 3.370E-05 9.979E-05 7.209E-03 1.009E+08 1.471E+07 1.471E+07 1.217E+09
  4.025E+06 1.162E+01 3.251E-05 9.907E-05 7.500E-03 9.714E+07 1.327E+07 1.327E+07 1.092E+09
  4.125E+06 1.116E+01 3.145E-05 9.819E-05 7.903E-03 9.227E+07 1.209E+07 1.209E+07 9.889E+08
  4.225E+06 1.085E+01 3.031E-05 9.693E-05 8.300E-03 8.788E+07 1.086E+07 1.086E+07 8.851E+08
  4.325E+06 1.062E+01 2.914E-05 9.526E-05 8.734E-03 8.350E+07 9.669E+06 9.669E+06 7.865E+08
  4.425E+06 1.043E+01 2.798E-05 9.319E-05 9.245E-03 7.884E+07 8.568E+06 8.568E+06 6.963E+08
  4.525E+06 9.883E+00 2.718E-05 9.149E-05 1.006E-02 7.239E+07 7.919E+06 7.919E+06 6.383E+08
  4.625E+06 9.753E+00 2.604E-05 8.869E-05 1.078E-02 6.754E+07 6.978E+06 6.978E+06 5.614E+08
  4.725E+06 9.419E+00 2.512E-05 8.608E-05 1.177E-02 6.192E+07 6.318E+06 6.318E+06 5.039E+08
  4.825E+06 9.035E+00 2.427E-05 8.342E-05 1.295E-02 5.632E+07 5.783E+06 5.783E+06 4.546E+08
  4.925E+06 8.754E+00 2.336E-05 8.026E-05 1.429E-02 5.122E+07 5.249E+06 5.249E+06 4.052E+08
  5.025E+06 8.420E+00 2.252E-05 7.709E-05 1.588E-02 4.632E+07 4.833E+06 4.833E+06 3.629E+08
  5.125E+06 8.116E+00 2.169E-05 7.376E-05 1.775E-02 4.168E+07 4.486E+06 4.486E+06 3.243E+08
  5.225E+06 7.949E+00 2.078E-05 6.991E-05 1.990E-02 3.734E+07 4.156E+06 4.156E+06 2.855E+08
  5.325E+06 7.993E+00 1.975E-05 6.525E-05 2.241E-02 3.325E+07 3.825E+06 3.826E+06 2.450E+08
  5.425E+06 8.394E+00 1.850E-05 5.934E-05 2.546E-02 2.934E+07 3.486E+06 3.486E+06 2.013E+08
  5.525E+06 9.549E+00 1.688E-05 5.137E-05 2.946E-02 2.537E+07 3.139E+06 3.139E+06 1.529E+08
  5.625E+06 1.300E+01 1.450E-05 3.965E-05 3.584E-02 2.084E+07 2.788E+06 2.788E+06 9.699E+07
  5.725E+06 2.851E+01 1.063E-05 2.223E-05 5.131E-02 1.449E+07 2.438E+06 2.438E+06 3.822E+07
  5.825E+06 1.249E+02 6.174E-06 7.617E-06 9.777E-02 7.544E+06 2.098E+06 2.099E+06 7.484E+06
  5.925E+06 2.616E+02 4.568E-06 4.568E-06 1.260E-01 5.789E+06 1.784E+06 1.784E+06 3.031E+06
  6.025E+06 3.342E+02 3.989E-06 3.989E-06 1.260E-01 5.708E+06 1.505E+06 1.505E+06 2.018E+06
  6.125E+06 4.294E+02 3.482E-06 3.482E-06 1.263E-01 5.612E+06 1.263E+06 1.263E+06 1.342E+06
  6.225E+06 5.551E+02 3.037E-06 3.037E-06 1.268E-01 5.498E+06 1.055E+06 1.055E+06 8.904E+05
  6.325E+06 7.240E+02 2.645E-06 2.645E-06 1.274E-01 5.361E+06 8.754E+05 8.754E+05 5.883E+05
  6.425E+06 9.602E+02 2.296E-06 2.296E-06 1.281E-01 5.194E+06 7.182E+05 7.182E+05 3.847E+05
  6.525E+06 1.319E+03 1.977E-06 1.977E-06 1.283E-01 4.977E+06 5.748E+05 5.748E+05 2.455E+05
  6.625E+06 1.916E+03 1.679E-06 1.679E-06 1.281E-01 4.691E+06 4.428E+05 4.428E+05 1.506E+05
  6.725E+06 2.808E+03 1.420E-06 1.420E-06 1.291E-01 4.362E+06 3.394E+05 3.394E+05 9.103E+04
  6.825E+06 3.799E+03 1.229E-06 1.229E-06 1.352E-01 3.904E+06 2.786E+05 2.786E+05 5.903E+04
  6.925E+06 3.696E+03 1.151E-06 1.151E-06 1.520E-01 3.556E+06 2.924E+05 2.924E+05 4.850E+04
  7.025E+06 3.845E+03 1.063E-06 1.063E-06 1.688E-01 3.204E+06 2.925E+05 2.925E+05 3.815E+04
  7.125E+06 4.002E+03 9.803E-07 9.803E-07 1.873E-01 2.888E+06 2.926E+05 2.927E+05 2.995E+04
  7.225E+06 4.166E+03 9.036E-07 9.036E-07 2.077E-01 2.606E+06 2.928E+05 2.928E+05 2.346E+04
  7.325E+06 4.339E+03 8.322E-07 8.322E-07 2.300E-01 2.353E+06 2.929E+05 2.929E+05 1.833E+04
  7.425E+06 4.521E+03 7.658E-07 7.658E-07 2.546E-01 2.127E+06 2.931E+05 2.931E+05 1.428E+04
  7.525E+06 4.713E+03 7.040E-07 7.040E-07 2.814E-01 1.924E+06 2.932E+05 2.932E+05 1.109E+04
  7.625E+06 4.916E+03 6.464E-07 6.464E-07 3.107E-01 1.743E+06 2.934E+05 2.934E+05 8.587E+03
  7.725E+06 5.130E+03 5.928E-07 5.928E-07 3.427E-01 1.581E+06 2.936E+05 2.936E+05 6.624E+03
  7.825E+06 5.357E+03 5.430E-07 5.430E-07 3.774E-01 1.436E+06 2.937E+05 2.937E+05 5.090E+03
  7.925E+06 5.599E+03 4.966E-07 4.966E-07 4.150E-01 1.306E+06 2.939E+05 2.939E+05 3.895E+03
  8.025E+06 5.855E+03 4.536E-07 4.536E-07 4.556E-01 1.190E+06 2.941E+05 2.941E+05 2.966E+03
  8.125E+06 6.128E+03 4.135E-07 4.135E-07 4.994E-01 1.086E+06 2.942E+05 2.942E+05 2.248E+03
  8.225E+06 6.419E+03 3.763E-07 3.763E-07 5.464E-01 9.931E+05 2.944E+05 2.944E+05 1.695E+03
  8.325E+06 6.731E+03 3.419E-07 3.419E-07 5.966E-01 9.098E+05 2.946E+05 2.946E+05 1.270E+03
  8.425E+06 7.064E+03 3.099E-07 3.099E-07 6.501E-01 8.352E+05 2.948E+05 2.948E+05 9.465E+02
  8.525E+06 7.421E+03 2.804E-07 2.804E-07 7.068E-01 7.685E+05 2.951E+05 2.951E+05 7.007E+02
  8.625E+06 7.805E+03 2.531E-07 2.531E-07 7.667E-01 7.087E+05 2.953E+05 2.953E+05 5.152E+02
  8.725E+06 8.218E+03 2.279E-07 2.279E-07 8.297E-01 6.552E+05 2.956E+05 2.956E+05 3.762E+02
  8.825E+06 8.664E+03 2.047E-07 2.047E-07 8.955E-01 6.073E+05 2.958E+05 2.958E+05 2.727E+02
  8.925E+06 9.144E+03 1.834E-07 1.834E-07 9.640E-01 5.645E+05 2.961E+05 2.961E+05 1.961E+02
  9.025E+06 9.663E+03 1.639E-07 1.639E-07 1.035E+00 5.260E+05 2.964E+05 2.964E+05 1.399E+02
  9.125E+06 1.022E+04 1.461E-07 1.461E-07 1.108E+00 4.916E+05 2.967E+05 2.967E+05 9.907E+01
  9.225E+06 1.079E+04 1.300E-07 1.300E-07 1.185E+00 4.601E+05 2.970E+05 2.980E+05 6.985E+01
  9.325E+06 7.913E+03 1.300E-07 1.300E-07 1.423E+00 3.833E+05 2.974E+05 4.064E+05 6.985E+01
  9.425E+06 5.661E+03 1.300E-07 1.300E-07 1.709E+00 3.193E+05 2.977E+05 5.681E+05 6.985E+01
  9.525E+06 3.931E+03 1.300E-07 1.300E-07 2.052E+00 2.661E+05 2.980E+05 8.181E+05 6.985E+01
  9.625E+06 2.635E+03 1.300E-07 1.300E-07 2.463E+00 2.217E+05 2.984E+05 1.220E+06 6.985E+01
  9.725E+06 1.695E+03 1.300E-07 1.300E-07 2.957E+00 1.848E+05 2.987E+05 1.897E+06 6.985E+01
  9.825E+06 1.040E+03 1.300E-07 1.300E-07 3.550E+00 1.540E+05 2.991E+05 3.092E+06 6.985E+01
  9.925E+06 6.048E+02 1.300E-07 1.300E-07 4.261E+00 1.284E+05 2.994E+05 5.318E+06 6.985E+01
