
O                   PRODUCTION RXS              INT RX RATE    TP =  4.90E+10
   8) H       + HO2     = H2O     + O            5.091E+07
  20) OH      + OH      = H2O     + O            6.830E+05
  21) O1D     + M       = O       + M            3.379E+09
  22) O1D     + O2      = O       + O2           3.263E+04
  23) O2      + HV      = O       + O1D          5.166E+08
  24) O2      + HV      = O       + O            9.004E+06
  27) O3      + HV      = O2      + O            2.871E+03
  29) CO2     + HV      = CO      + O            2.223E+10
  50) HO2     + HV      = OH      + O            1.397E+04
  53) NO      + HV      = N       + O            5.448E+06
  54) NO2     + HV      = NO      + O            2.233E+10
  76) N       + O2      = NO      + O            6.084E+00
  79) N       + NO      = N2      + O            5.185E+07
 105) CO      + O1D     = CO      + O            2.866E+06
 107) HNO3    + OH      = H2O     + NO2     O    1.438E-01
 110) SO      + HV      = S       + O            5.420E+06
 112) SO2     + HV      = SO      + O            6.080E+06
 115) SO      + O2      = O       + SO2          1.242E+04
 136) S       + O2      = SO      + O            6.117E+06
 151) SO3     + HV      = SO2     + O            1.679E-01
 156) SO21    + O2      = SO3     + O            5.155E-04
 173) HSO     + HV      = HS      + O            4.055E+04
 197) CS      + O2      = OCS     + O            1.539E-03
 239) C       + O2      = CO      + O            3.269E+03

O                      LOSS RXS                INT RX RATE    TL =  5.19E+10
   3) H2      + O       = OH      + H            4.363E+05
  10) OH      + O       = H       + O2           2.811E+09
  13) HO2     + O       = OH      + O2           6.686E+07
  17) O       + O       = O2      +              8.297E+05
  18) O       + O2      = O3      +              6.561E+05
  19) O       + O3      = O2      + O2           2.189E-01
  32) CO      + O       = CO2     +              1.467E+06
  37) O       + HCO     = H       + CO2          1.796E+08
  38) O       + HCO     = OH      + CO           1.796E+08
  48) H2CO    + O       = HCO     + OH           9.708E+08
  49) H2O2    + O       = OH      + HO2          5.198E+02
  65) CH3     + O       = H2CO    + H            1.226E+10
  81) NO      + O       = NO2     +              3.674E+06
  84) NO2     + O       = NO      + O2           8.158E+05
  90) O       + HNO     = OH      + NO           1.965E+09
  93) CH4     + O       = CH3     + OH           3.241E+10
  97) CH23    + O       = HCO     + H            1.195E+07
 100) C2H6    + O       = C2H5    + OH           2.339E+07
 117) SO      + O       = SO2     +              8.664E+04
 120) SO2     + O       = SO3     +              1.318E+03
 125) HSO3    + O       = OH      + SO3          2.673E+00
 128) H2S     + O       = OH      + HS           2.413E+03
 129) HS      + O       = H       + SO           5.068E+04
 142) S2      + O       = S       + SO           9.819E+02
 179) HSO     + O       = OH      + SO           2.844E+04
 184) O       + OCS     = CO      + SO           3.073E+02
 185) O       + OCS     = S       + CO2          1.482E-03
 202) CS2     + O       = SO      + CS           1.241E-04
 203) CS2     + O       = OCS     + S            1.164E-05
 209) CS2     + O       = CO      + S2           3.360E-06
 212) CS      + O       = CO      + S            1.015E+00
 223) C2H5    + O       = CH3     + HCO     H    1.517E+06
 224) C2H5    + O       = H2CO    + CH3          1.350E+06
 225) C2H5    + O       = CH3CHO  + H            6.724E+06
 243) CH      + O       = CO      + H            2.382E+03
 253) CH23    + O       = CH      + OH           9.559E+06
 254) CH23    + O       = CO      + H       H    9.917E+07
 260) CH3O2   + O       = H2CO    + HO2          1.276E+04
 273) CH2CO   + O       = H2CO    + CO           4.633E+07
 276) CH3CO   + O       = H2CO    + HCO          1.278E+05
 284) C2H     + O       = CO      + CH           6.886E+02
 292) C2      + O       = C       + CO           6.278E+01
 304) C2H4    + O       = HCO     + CH3          5.760E+08
 309) C2H2    + O       = CH23    + CO           2.128E+08
 310) C2H3    + O       = CH2CO   + H            2.916E+07
 322) C2H2OH  + O       = OH      + CH2CO        2.488E-02
 327) C2H4OH  + O       = OH      + CH3CHO       2.499E-02
 330) CH3CHO  + O       = CH3CO   + OH           4.302E+06
 337) C3H8    + O       = C3H7    + OH           4.442E+04
 352) C3H6    + O       = CH3     + CH3     CO   2.761E+05
 356) C3H7    + O       = C2H5CHO + H            3.170E+04

O2                  PRODUCTION RXS              INT RX RATE    TP =  3.21E+09
   5) H       + O3      = OH      + O2           6.313E+05
   7) H       + HO2     = H2      + O2           2.291E+08
  10) OH      + O       = H       + O2           2.811E+09
  11) OH      + HO2     = H2O     + O2           1.339E+05
  12) OH      + O3      = HO2     + O2           3.965E-03
  13) HO2     + O       = OH      + O2           6.686E+07
  14) HO2     + O3      = OH      + O2      O2   1.913E-02
  15) HO2     + HO2     = H2O2    + O2           3.685E+04
  17) O       + O       = O2      +              8.297E+05
  19) O       + O3      = O2      + O2           2.189E-01
  22) O1D     + O2      = O       + O2           3.263E+04
  26) O3      + HV      = O2      + O1D          7.701E+01
  27) O3      + HV      = O2      + O            2.871E+03
  77) N       + O3      = NO      + O2           6.468E-05
  80) NO      + O3      = NO2     + O2           2.171E+04
  84) NO2     + O       = NO      + O2           8.158E+05
 109) HO2     + NO2     = HNO2    + O2           3.915E+05
 131) HS      + HO2     = H2S     + O2           1.895E+03
 139) S       + HO2     = HS      + O2           7.491E+03
 162) SO      + O3      = SO2     + O2           8.701E-02
 164) HS      + O3      = HSO     + O2           2.528E-01
 166) S       + O3      = SO      + O2           6.912E-02
 170) SO      + HO2     = HSO     + O2           2.462E+06
 199) CS      + O3      = OCS     + O2           1.935E-05
 258) CH3O2   + H       = CH4     + O2           6.836E+05
 265) CH3     + O3      = CH3O    + O2           9.590E+01

O2                     LOSS RXS                INT RX RATE    TL =  6.38E+10
   6) H       + O2      = HO2     +              2.455E+09
  18) O       + O2      = O3      +              6.561E+05
  22) O1D     + O2      = O       + O2           3.263E+04
  23) O2      + HV      = O       + O1D          5.166E+08
  24) O2      + HV      = O       + O            9.004E+06
  44) HCO     + O2      = HO2     + CO           1.013E+10
  59) CH21    + O2      = HCO     + OH           6.563E+04
  63) CH23    + O2      = HCO     + OH           1.770E+06
  64) CH3     + O2      = H2CO    + OH           3.146E+10
  76) N       + O2      = NO      + O            6.084E+00
 104) C2H5    + O2      = CH3     + HCO     OH   4.934E+07
 115) SO      + O2      = O       + SO2          1.242E+04
 122) HSO3    + O2      = HO2     + SO3          1.670E+02
 130) HS      + O2      = OH      + SO           1.104E+01
 136) S       + O2      = SO      + O            6.117E+06
 156) SO21    + O2      = SO3     + O            5.155E-04
 197) CS      + O2      = OCS     + O            1.539E-03
 198) CS      + O2      = CO      + SO           1.924E-04
 206) CS2X    + O2      = CS      + SO2          1.213E-13
 239) C       + O2      = CO      + O            3.269E+03
 246) CH      + O2      = CO      + OH           3.300E+03
 257) CH3     + O2      = CH3O2   +              1.784E+10
 269) CH3O    + O2      = H2CO    + HO2          1.285E+09
 283) C2H     + O2      = CO      + HCO          3.827E+03
 293) C2      + O2      = CO      + CO           5.879E+00

H2O                 PRODUCTION RXS              INT RX RATE    TP =  7.23E+10
   4) H2      + OH      = H2O     + H            2.839E+06
   8) H       + HO2     = H2O     + O            5.091E+07
  11) OH      + HO2     = H2O     + O2           1.339E+05
  16) H2O2    + OH      = HO2     + H2O          5.394E+03
  20) OH      + OH      = H2O     + O            6.830E+05
  36) OH      + HCO     = H2O     + CO           1.147E+06
  45) H2CO    + OH      = H2O     + HCO          4.669E+09
  46) H       + OH      = H2O     +              1.192E+06
  55) CH4     + OH      = CH3     + H2O          1.382E+11
  91) OH      + HNO     = H2O     + NO           1.248E+07
  92) HNO2    + OH      = H2O     + NO2          1.649E-01
  99) C2H6    + OH      = C2H5    + H2O          5.359E+08
 107) HNO3    + OH      = H2O     + NO2     O    1.438E-01
 123) HSO3    + OH      = H2O     + SO3          1.236E-03
 126) H2S     + OH      = H2O     + HS           2.344E+03
 175) HSO     + OH      = H2O     + SO           1.040E+01
 191) H2S     + HO2     = H2O     + HSO          3.007E+06
 228) C2H5    + OH      = C2H4    + H2O          1.240E+04
 259) CH3O2   + H       = H2O     + H2CO         4.883E+05
 311) C2H3    + OH      = C2H2    + H2O          1.068E+03
 320) C2H2OH  + H       = H2O     + C2H2         9.559E+04
 323) C2H2OH  + OH      = H2O     + CH2CO        8.297E-03
 325) C2H4OH  + H       = H2O     + C2H4         1.300E+05
 328) C2H4OH  + OH      = H2O     + CH3CHO       3.090E-02
 331) CH3CHO  + OH      = CH3CO   + H2O          5.706E+05
 336) C3H8    + OH      = C3H7    + H2O          1.860E+04

H2O                    LOSS RXS                INT RX RATE    TL =  2.69E+10
   1) H2O     + O1D     = OH      + OH           2.667E+06
  25) H2O     + HV      = H       + OH           2.692E+10
 121) SO3     + H2O     = H2SO4   +              1.844E+03

H                   PRODUCTION RXS              INT RX RATE    TP =  8.59E+10
   2) H2      + O1D     = OH      + H            2.893E+06
   3) H2      + O       = OH      + H            4.363E+05
   4) H2      + OH      = H2O     + H            2.839E+06
  10) OH      + O       = H       + O2           2.811E+09
  25) H2O     + HV      = H       + OH           2.692E+10
  31) CO      + OH      = CO2     + H            6.964E+09
  37) O       + HCO     = H       + CO2          1.796E+08
  40) H2CO    + HV      = HCO     + H            9.162E+08
  41) HCO     + HV      = H       + CO           1.131E+09
  61) CH23    + H2      = CH3     + H            1.302E+07
  65) CH3     + O       = H2CO    + H            1.226E+10
  69) CH3     + HV      = CH23    + H            1.616E+07
  78) N       + OH      = NO      + H            5.355E+07
  88) HNO     + HV      = NO      + H            2.326E+10
  94) CH21    + H2      = CH3     + H            2.444E+02
  97) CH23    + O       = HCO     + H            1.195E+07
 111) H2S     + HV      = HS      + H            4.506E+06
 118) SO      + OH      = SO2     + H            5.636E+05
 129) HS      + O       = H       + SO           5.068E+04
 135) HS      + S       = H       + S2           4.896E+04
 137) S       + OH      = SO      + H            4.806E+02
 183) HS      + CO      = OCS     + H            2.304E-03
 188) S       + HCO     = OCS     + H            5.232E+05
 208) CS      + HS      = CS2     + H            8.536E-03
 218) S       + HCS     = H       + CS2          9.204E-03
 223) C2H5    + O       = CH3     + HCO     H    1.517E+06
 225) C2H5    + O       = CH3CHO  + H            6.724E+06
 232) CH23    + S       = HCS     + H            1.249E+00
 235) CH4     + HV      = CH3     + H            3.030E+01
 236) CH4     + HV      = CH23    + H       H    1.485E+01
 237) C       + OH      = CO      + H            5.799E+00
 240) C       + HS      = CS      + H            2.226E-08
 243) CH      + O       = CO      + H            2.382E+03
 244) CH      + H2      = CH23    + H            1.630E+01
 248) CH      + HV      = C       + H            1.148E+00
 249) CH      + S       = CS      + H            3.931E-06
 254) CH23    + O       = CO      + H       H    9.917E+07
 264) CH3     + OH      = CH3O    + H            4.730E+06
 268) O1D     + CH4     = CH3O    + H            9.923E+09
 280) C2H2    + HV      = C2H     + H            7.325E+07
 285) C2H     + H2      = C2H2    + H            1.095E+02
 288) C2      + H2      = C2H     + H            1.333E+01
 295) C2H4    + HV      = C2H2    + H       H    6.903E+07
 296) CH23    + CH3     = C2H4    + H            3.675E+05
 300) C2H3    + H2      = C2H4    + H            6.793E+05
 307) CH      + CH4     = C2H4    + H            7.471E+08
 310) C2H3    + O       = CH2CO   + H            2.916E+07
 319) C2H2    + OH      = CH2CO   + H            1.055E+07
 345) C3H6    + HV      = C2H2    + CH3     H    7.111E+04
 348) C3H6    + HV      = C2H     + CH4     H    1.046E+04
 356) C3H7    + O       = C2H5CHO + H            3.170E+04
 357) CH      + C2H4    = CH2CCH2 + H            1.161E+03
 358) CH      + C2H4    = CH3C2H  + H            1.161E+03
 361) CH3     + C2H3    = C3H5    + H            1.440E+03
 367) CH      + C2H2    = C3H2    + H            3.056E+03
 376) CH2CCH2 + H       = CH3C2H  + H            3.917E+07
 378) C3H3    + HV      = C3H2    + H            2.215E+07
 379) CH3C2H  + HV      = C3H3    + H            9.471E+06
 382) CH2CCH2 + HV      = C3H3    + H            3.302E+06
 388) C2H6    + HV      = C2H4    + H       H    8.500E+07
 391) C2H     + C2H2    = HCAER   + H            6.123E+03
 392) C2H     + CH2CCH2 = HCAER2  + H            2.676E+00

H                      LOSS RXS                INT RX RATE    TL =  8.24E+10
   5) H       + O3      = OH      + O2           6.313E+05
   6) H       + O2      = HO2     +              2.455E+09
   7) H       + HO2     = H2      + O2           2.291E+08
   8) H       + HO2     = H2O     + O            5.091E+07
   9) H       + HO2     = OH      + OH           2.265E+09
  33) H       + CO      = HCO     +              1.548E+10
  34) H       + HCO     = H2      + CO           2.418E+10
  42) H2CO    + H       = H2      + HCO          1.729E+10
  43) H       + H       = H2      +              9.690E+08
  46) H       + OH      = H2O     +              1.192E+06
  70) CH3     + H       = CH4     +              9.714E+08
  74) H       + NO      = HNO     +              1.821E+08
  86) NO2     + H       = NO      + OH           5.979E+09
  89) H       + HNO     = H2      + NO           4.774E+09
 124) HSO3    + H       = H2      + SO3          7.820E+01
 127) H2S     + H       = H2      + HS           8.502E+07
 134) HS      + H       = H2      + S            4.933E+06
 172) H       + SO      = HSO     +              2.182E+06
 176) HSO     + H       = HS      + OH           4.929E+06
 177) HSO     + H       = H2      + SO           2.464E+06
 182) H       + OCS     = CO      + HS           3.734E+05
 216) H       + CS      = HCS     +              8.775E-05
 217) H       + HCS     = H2      + CS           1.231E+00
 220) C2H5    + H       = CH3     + CH3          2.462E+08
 221) C2H5    + H       = C2H6    +              8.707E+08
 222) C2H5    + H       = C2H4    + H2           1.231E+07
 242) CH      + H       = C       + H2           3.215E+03
 255) CH23    + H       = CH3     +              8.878E+04
 256) CH23    + H       = CH      + H2           7.376E+08
 258) CH3O2   + H       = CH4     + O2           6.836E+05
 259) CH3O2   + H       = H2O     + H2CO         4.883E+05
 272) CH2CO   + H       = CH3     + CO           2.678E+06
 275) CH3CO   + H       = CH4     + CO           2.808E+07
 287) C2H     + H       = C2H2    +              9.804E+01
 298) C2H2    + H       = C2H3    +              2.097E+09
 299) C2H3    + H       = C2H2    + H2           1.472E+09
 305) C2H4    + H       = C2H5    +              6.150E+08
 320) C2H2OH  + H       = H2O     + C2H2         9.559E+04
 321) C2H2OH  + H       = H2      + CH2CO        2.509E+00
 325) C2H4OH  + H       = H2O     + C2H4         1.300E+05
 326) C2H4OH  + H       = H2      + CH3CHO       2.111E+00
 329) CH3CHO  + H       = CH3CO   + H2           1.707E+06
 339) C3H7    + H       = CH3     + C2H5         5.903E+06
 353) C3H6    + H       = C3H7    +              5.923E+06
 359) CH2CCH2 + H       = CH3     + C2H2         3.422E+05
 360) CH2CCH2 + H       = C3H5    +              3.832E+04
 363) C3H5    + H       = C3H6    +              5.547E+06
 364) C3H5    + H       = CH4     + C2H2         2.831E+07
 366) C3H5    + H       = CH2CCH2 + H2           2.831E+07
 369) CH3C2H  + H       = CH3     + C2H2         9.273E+07
 370) CH3C2H  + H       = C3H5    +              9.273E+07
 371) C3H2    + H       = C3H3    +              3.168E+07
 372) C3H3    + H       = CH3C2H  +              1.116E+07
 373) C3H3    + H       = CH2CCH2 +              1.116E+07
 374) C3H5    + H       = CH3C2H  + H2           2.831E+07
 376) CH2CCH2 + H       = CH3C2H  + H            3.917E+07

OH                  PRODUCTION RXS              INT RX RATE    TP =  1.54E+11
   1) H2O     + O1D     = OH      + OH           2.667E+06
   2) H2      + O1D     = OH      + H            2.893E+06
   3) H2      + O       = OH      + H            4.363E+05
   5) H       + O3      = OH      + O2           6.313E+05
   9) H       + HO2     = OH      + OH           2.265E+09
  13) HO2     + O       = OH      + O2           6.686E+07
  14) HO2     + O3      = OH      + O2      O2   1.913E-02
  25) H2O     + HV      = H       + OH           2.692E+10
  28) H2O2    + HV      = OH      + OH           2.003E+06
  38) O       + HCO     = OH      + CO           1.796E+08
  48) H2CO    + O       = HCO     + OH           9.708E+08
  49) H2O2    + O       = OH      + HO2          5.198E+02
  50) HO2     + HV      = OH      + O            1.397E+04
  51) HNO2    + HV      = NO      + OH           6.578E+08
  52) HNO3    + HV      = NO2     + OH           1.711E+03
  56) CH4     + O1D     = CH3     + OH           3.721E+10
  59) CH21    + O2      = HCO     + OH           6.563E+04
  63) CH23    + O2      = HCO     + OH           1.770E+06
  64) CH3     + O2      = H2CO    + OH           3.146E+10
  82) NO      + HO2     = NO2     + OH           1.125E+10
  86) NO2     + H       = NO      + OH           5.979E+09
  90) O       + HNO     = OH      + NO           1.965E+09
  93) CH4     + O       = CH3     + OH           3.241E+10
 100) C2H6    + O       = C2H5    + OH           2.339E+07
 101) C2H6    + O1D     = C2H5    + OH           1.444E+07
 104) C2H5    + O2      = CH3     + HCO     OH   4.934E+07
 108) N       + HO2     = NO      + OH           3.556E+04
 116) SO      + HO2     = SO2     + OH           2.462E+06
 125) HSO3    + O       = OH      + SO3          2.673E+00
 128) H2S     + O       = OH      + HS           2.413E+03
 130) HS      + O2      = OH      + SO           1.104E+01
 140) S       + HO2     = SO      + OH           7.491E+03
 163) SO2     + HO2     = SO3     + OH           2.736E+02
 176) HSO     + H       = HS      + OH           4.929E+06
 179) HSO     + O       = OH      + SO           2.844E+04
 246) CH      + O2      = CO      + OH           3.300E+03
 253) CH23    + O       = CH      + OH           9.559E+06
 322) C2H2OH  + O       = OH      + CH2CO        2.488E-02
 327) C2H4OH  + O       = OH      + CH3CHO       2.499E-02
 330) CH3CHO  + O       = CH3CO   + OH           4.302E+06
 337) C3H8    + O       = C3H7    + OH           4.442E+04
 338) C3H8    + O1D     = C3H7    + OH           8.090E+00

OH                     LOSS RXS                INT RX RATE    TL =  1.54E+11
   4) H2      + OH      = H2O     + H            2.839E+06
  10) OH      + O       = H       + O2           2.811E+09
  11) OH      + HO2     = H2O     + O2           1.339E+05
  12) OH      + O3      = HO2     + O2           3.965E-03
  16) H2O2    + OH      = HO2     + H2O          5.394E+03
  20) OH      + OH      = H2O     + O            6.830E+05
  31) CO      + OH      = CO2     + H            6.964E+09
  36) OH      + HCO     = H2O     + CO           1.147E+06
  45) H2CO    + OH      = H2O     + HCO          4.669E+09
  46) H       + OH      = H2O     +              1.192E+06
  47) OH      + OH      = H2O2    +              4.493E+01
  55) CH4     + OH      = CH3     + H2O          1.382E+11
  67) CH3     + OH      = CO      + H2      H2   2.438E+06
  78) N       + OH      = NO      + H            5.355E+07
  83) NO      + OH      = HNO2    +              5.354E+03
  85) NO2     + OH      = HNO3    +              2.670E+03
  91) OH      + HNO     = H2O     + NO           1.248E+07
  92) HNO2    + OH      = H2O     + NO2          1.649E-01
  99) C2H6    + OH      = C2H5    + H2O          5.359E+08
 107) HNO3    + OH      = H2O     + NO2     O    1.438E-01
 118) SO      + OH      = SO2     + H            5.636E+05
 119) SO2     + OH      = HSO3    +              2.478E+02
 123) HSO3    + OH      = H2O     + SO3          1.236E-03
 126) H2S     + OH      = H2O     + HS           2.344E+03
 137) S       + OH      = SO      + H            4.806E+02
 175) HSO     + OH      = H2O     + SO           1.040E+01
 187) OCS     + OH      = CO2     + HS           8.675E-02
 204) CS2     + OH      = OCS     + HS           6.400E-11
 226) C2H5    + OH      = CH3     + HCO     H2   1.240E+04
 227) C2H5    + OH      = CH3CHO  + H2           3.101E+04
 228) C2H5    + OH      = C2H4    + H2O          1.240E+04
 237) C       + OH      = CO      + H            5.799E+00
 264) CH3     + OH      = CH3O    + H            4.730E+06
 282) C2H2    + OH      = CO      + CH3          5.823E+07
 303) C2H4    + OH      = H2CO    + CH3          3.920E+08
 311) C2H3    + OH      = C2H2    + H2O          1.068E+03
 318) C2H2    + OH      = C2H2OH  +              9.552E+04
 319) C2H2    + OH      = CH2CO   + H            1.055E+07
 323) C2H2OH  + OH      = H2O     + CH2CO        8.297E-03
 324) C2H4    + OH      = C2H4OH  +              1.299E+05
 328) C2H4OH  + OH      = H2O     + CH3CHO       3.090E-02
 331) CH3CHO  + OH      = CH3CO   + H2O          5.706E+05
 336) C3H8    + OH      = C3H7    + H2O          1.860E+04
 351) C3H6    + OH      = CH3CHO  + CH3          3.375E+03
 355) C3H7    + OH      = C2H5CHO + H2           1.745E+01

HO2                 PRODUCTION RXS              INT RX RATE    TP =  1.39E+10
   6) H       + O2      = HO2     +              2.455E+09
  12) OH      + O3      = HO2     + O2           3.965E-03
  16) H2O2    + OH      = HO2     + H2O          5.394E+03
  44) HCO     + O2      = HO2     + CO           1.013E+10
  49) H2O2    + O       = OH      + HO2          5.198E+02
  66) CH3     + O3      = H2CO    + HO2          9.590E+01
 122) HSO3    + O2      = HO2     + SO3          1.670E+02
 260) CH3O2   + O       = H2CO    + HO2          1.276E+04
 269) CH3O    + O2      = H2CO    + HO2          1.285E+09

HO2                    LOSS RXS                INT RX RATE    TL =  1.39E+10
   7) H       + HO2     = H2      + O2           2.291E+08
   8) H       + HO2     = H2O     + O            5.091E+07
   9) H       + HO2     = OH      + OH           2.265E+09
  11) OH      + HO2     = H2O     + O2           1.339E+05
  13) HO2     + O       = OH      + O2           6.686E+07
  14) HO2     + O3      = OH      + O2      O2   1.913E-02
  15) HO2     + HO2     = H2O2    + O2           3.685E+04
  50) HO2     + HV      = OH      + O            1.397E+04
  82) NO      + HO2     = NO2     + OH           1.125E+10
 108) N       + HO2     = NO      + OH           3.556E+04
 109) HO2     + NO2     = HNO2    + O2           3.915E+05
 116) SO      + HO2     = SO2     + OH           2.462E+06
 131) HS      + HO2     = H2S     + O2           1.895E+03
 139) S       + HO2     = HS      + O2           7.491E+03
 140) S       + HO2     = SO      + OH           7.491E+03
 163) SO2     + HO2     = SO3     + OH           2.736E+02
 170) SO      + HO2     = HSO     + O2           2.462E+06
 191) H2S     + HO2     = H2O     + HSO          3.007E+06

H2O2                PRODUCTION RXS              INT RX RATE    TP =  3.69E+04
  15) HO2     + HO2     = H2O2    + O2           3.685E+04
  47) OH      + OH      = H2O2    +              4.493E+01

H2O2                   LOSS RXS                INT RX RATE    TL =  3.33E+06
  16) H2O2    + OH      = HO2     + H2O          5.394E+03
  28) H2O2    + HV      = OH      + OH           2.003E+06
  49) H2O2    + O       = OH      + HO2          5.198E+02

H2                  PRODUCTION RXS              INT RX RATE    TP =  6.75E+10
   7) H       + HO2     = H2      + O2           2.291E+08
  34) H       + HCO     = H2      + CO           2.418E+10
  39) H2CO    + HV      = H2      + CO           1.668E+09
  42) H2CO    + H       = H2      + HCO          1.729E+10
  43) H       + H       = H2      +              9.690E+08
  57) CH4     + O1D     = H2CO    + H2           2.481E+09
  67) CH3     + OH      = CO      + H2      H2   2.438E+06
  89) H       + HNO     = H2      + NO           4.774E+09
  95) CH21    + H2      = CH23    + H2           6.158E+05
 124) HSO3    + H       = H2      + SO3          7.820E+01
 127) H2S     + H       = H2      + HS           8.502E+07
 134) HS      + H       = H2      + S            4.933E+06
 177) HSO     + H       = H2      + SO           2.464E+06
 217) H       + HCS     = H2      + CS           1.231E+00
 222) C2H5    + H       = C2H4    + H2           1.231E+07
 226) C2H5    + OH      = CH3     + HCO     H2   1.240E+04
 227) C2H5    + OH      = CH3CHO  + H2           3.101E+04
 234) CH4     + HV      = CH21    + H2           1.251E+10
 242) CH      + H       = C       + H2           3.215E+03
 256) CH23    + H       = CH      + H2           7.376E+08
 279) CH23    + CH23    = C2H2    + H2           2.297E+04
 281) C2H2    + HV      = C2      + H2           2.442E+07
 294) C2H4    + HV      = C2H2    + H2           9.825E+07
 299) C2H3    + H       = C2H2    + H2           1.472E+09
 321) C2H2OH  + H       = H2      + CH2CO        2.509E+00
 326) C2H4OH  + H       = H2      + CH3CHO       2.111E+00
 329) CH3CHO  + H       = CH3CO   + H2           1.707E+06
 340) C3H8    + HV      = C3H6    + H2           5.350E+03
 346) C3H6    + HV      = CH2CCH2 + H2           2.094E+03
 355) C3H7    + OH      = C2H5CHO + H2           1.745E+01
 366) C3H5    + H       = CH2CCH2 + H2           2.831E+07
 374) C3H5    + H       = CH3C2H  + H2           2.831E+07
 380) CH3C2H  + HV      = C3H2    + H2           7.441E+06
 383) CH2CCH2 + HV      = C3H2    + H2           1.857E+06
 387) C2H6    + HV      = C2H2    + H2      H2   1.639E+08
 389) C2H6    + HV      = C2H4    + H2           3.400E+08

H2                     LOSS RXS                INT RX RATE    TL =  7.95E+07
   2) H2      + O1D     = OH      + H            2.893E+06
   3) H2      + O       = OH      + H            4.363E+05
   4) H2      + OH      = H2O     + H            2.839E+06
  61) CH23    + H2      = CH3     + H            1.302E+07
  94) CH21    + H2      = CH3     + H            2.444E+02
  95) CH21    + H2      = CH23    + H2           6.158E+05
 238) C       + H2      = CH23    +              3.447E+00
 244) CH      + H2      = CH23    + H            1.630E+01
 245) CH      + H2      = CH3     +              1.623E+00
 285) C2H     + H2      = C2H2    + H            1.095E+02
 288) C2      + H2      = C2H     + H            1.333E+01
 300) C2H3    + H2      = C2H4    + H            6.793E+05

CO                  PRODUCTION RXS              INT RX RATE    TP =  1.19E+11
  29) CO2     + HV      = CO      + O            2.223E+10
  30) CO2     + HV      = CO      + O1D          5.250E+10
  34) H       + HCO     = H2      + CO           2.418E+10
  35) HCO     + HCO     = H2CO    + CO           8.165E+04
  36) OH      + HCO     = H2O     + CO           1.147E+06
  38) O       + HCO     = OH      + CO           1.796E+08
  39) H2CO    + HV      = H2      + CO           1.668E+09
  41) HCO     + HV      = H       + CO           1.131E+09
  44) HCO     + O2      = HO2     + CO           1.013E+10
  67) CH3     + OH      = CO      + H2      H2   2.438E+06
  71) CH3     + HCO     = CH4     + CO           9.802E+05
  87) HCO     + NO      = HNO     + CO           4.189E+09
  96) CH21    + CO2     = H2CO    + CO           1.369E+06
  98) CH23    + CO2     = H2CO    + CO           6.711E+08
 102) C2H5    + HCO     = C2H6    + CO           1.142E+06
 105) CO      + O1D     = CO      + O            2.866E+06
 133) HS      + HCO     = H2S     + CO           1.322E+04
 138) S       + HCO     = HS      + CO           6.540E+04
 169) S       + CO2     = SO      + CO           3.708E+06
 171) SO      + HCO     = HSO     + CO           1.974E+06
 182) H       + OCS     = CO      + HS           3.734E+05
 184) O       + OCS     = CO      + SO           3.073E+02
 186) OCS     + S       = CO      + S2           1.152E+05
 190) OCS     + HV      = CO      + S            1.873E+05
 198) CS      + O2      = CO      + SO           1.924E-04
 201) CS      + O3      = CO      + SO2          1.935E-05
 209) CS2     + O       = CO      + S2           3.360E-06
 212) CS      + O       = CO      + S            1.015E+00
 237) C       + OH      = CO      + H            5.799E+00
 239) C       + O2      = CO      + O            3.269E+03
 243) CH      + O       = CO      + H            2.382E+03
 246) CH      + O2      = CO      + OH           3.300E+03
 247) CH      + CO2     = HCO     + CO           3.670E+04
 252) OCS     + CH      = CO      + HCS          7.389E-04
 254) CH23    + O       = CO      + H       H    9.917E+07
 262) HCO     + H2CO    = CH3O    + CO           4.893E+04
 270) CH2CO   + HV      = CH23    + CO           5.638E+08
 272) CH2CO   + H       = CH3     + CO           2.678E+06
 273) CH2CO   + O       = H2CO    + CO           4.633E+07
 275) CH3CO   + H       = CH4     + CO           2.808E+07
 277) CH3CO   + CH3     = C2H6    + CO           3.015E+08
 282) C2H2    + OH      = CO      + CH3          5.823E+07
 283) C2H     + O2      = CO      + HCO          3.827E+03
 284) C2H     + O       = CO      + CH           6.886E+02
 292) C2      + O       = C       + CO           6.278E+01
 293) C2      + O2      = CO      + CO           5.879E+00
 309) C2H2    + O       = CH23    + CO           2.128E+08
 334) CH3CHO  + HV      = CH4     + CO           1.009E+05
 352) C3H6    + O       = CH3     + CH3     CO   2.761E+05

CO                     LOSS RXS                INT RX RATE    TL =  2.34E+10
  31) CO      + OH      = CO2     + H            6.964E+09
  32) CO      + O       = CO2     +              1.467E+06
  33) H       + CO      = HCO     +              1.548E+10
 105) CO      + O1D     = CO      + O            2.866E+06
 183) HS      + CO      = OCS     + H            2.304E-03
 189) S       + CO      = OCS     +              4.716E+05
 196) OCS2    + CO      = OCS     + OCS          1.109E+03
 263) CH3O    + CO      = CH3     + CO2          1.480E+07
 271) CH23    + CO      = CH2CO   +              2.956E+05
 274) CH3     + CO      = CH3CO   +              8.034E+08

HCO                 PRODUCTION RXS              INT RX RATE    TP =  4.00E+10
  33) H       + CO      = HCO     +              1.548E+10
  40) H2CO    + HV      = HCO     + H            9.162E+08
  42) H2CO    + H       = H2      + HCO          1.729E+10
  45) H2CO    + OH      = H2O     + HCO          4.669E+09
  48) H2CO    + O       = HCO     + OH           9.708E+08
  59) CH21    + O2      = HCO     + OH           6.563E+04
  63) CH23    + O2      = HCO     + OH           1.770E+06
  73) CH3     + H2CO    = CH4     + HCO          3.861E+03
  97) CH23    + O       = HCO     + H            1.195E+07
 104) C2H5    + O2      = CH3     + HCO     OH   4.934E+07
 143) HS      + H2CO    = H2S     + HCO          3.475E+07
 223) C2H5    + O       = CH3     + HCO     H    1.517E+06
 226) C2H5    + OH      = CH3     + HCO     H2   1.240E+04
 247) CH      + CO2     = HCO     + CO           3.670E+04
 276) CH3CO   + O       = H2CO    + HCO          1.278E+05
 283) C2H     + O2      = CO      + HCO          3.827E+03
 304) C2H4    + O       = HCO     + CH3          5.760E+08
 333) CH3CHO  + HV      = CH3     + HCO          1.009E+05
 349) C2H5CHO + HV      = C2H5    + HCO          1.081E+06

HCO                    LOSS RXS                INT RX RATE    TL =  4.00E+10
  34) H       + HCO     = H2      + CO           2.418E+10
  35) HCO     + HCO     = H2CO    + CO           8.165E+04
  36) OH      + HCO     = H2O     + CO           1.147E+06
  37) O       + HCO     = H       + CO2          1.796E+08
  38) O       + HCO     = OH      + CO           1.796E+08
  41) HCO     + HV      = H       + CO           1.131E+09
  44) HCO     + O2      = HO2     + CO           1.013E+10
  71) CH3     + HCO     = CH4     + CO           9.802E+05
  87) HCO     + NO      = HNO     + CO           4.189E+09
 102) C2H5    + HCO     = C2H6    + CO           1.142E+06
 133) HS      + HCO     = H2S     + CO           1.322E+04
 138) S       + HCO     = HS      + CO           6.540E+04
 171) SO      + HCO     = HSO     + CO           1.974E+06
 188) S       + HCO     = OCS     + H            5.232E+05
 262) HCO     + H2CO    = CH3O    + CO           4.893E+04

H2CO                PRODUCTION RXS              INT RX RATE    TP =  7.49E+10
  35) HCO     + HCO     = H2CO    + CO           8.165E+04
  57) CH4     + O1D     = H2CO    + H2           2.481E+09
  64) CH3     + O2      = H2CO    + OH           3.146E+10
  65) CH3     + O       = H2CO    + H            1.226E+10
  66) CH3     + O3      = H2CO    + HO2          9.590E+01
  96) CH21    + CO2     = H2CO    + CO           1.369E+06
  98) CH23    + CO2     = H2CO    + CO           6.711E+08
 224) C2H5    + O       = H2CO    + CH3          1.350E+06
 259) CH3O2   + H       = H2O     + H2CO         4.883E+05
 260) CH3O2   + O       = H2CO    + HO2          1.276E+04
 266) NO      + CH3O    = HNO     + H2CO         2.561E+10
 267) NO2     + CH3O    = H2CO    + HNO2         6.574E+08
 269) CH3O    + O2      = H2CO    + HO2          1.285E+09
 273) CH2CO   + O       = H2CO    + CO           4.633E+07
 276) CH3CO   + O       = H2CO    + HCO          1.278E+05
 303) C2H4    + OH      = H2CO    + CH3          3.920E+08

H2CO                   LOSS RXS                INT RX RATE    TL =  6.24E+10
  39) H2CO    + HV      = H2      + CO           1.668E+09
  40) H2CO    + HV      = HCO     + H            9.162E+08
  42) H2CO    + H       = H2      + HCO          1.729E+10
  45) H2CO    + OH      = H2O     + HCO          4.669E+09
  48) H2CO    + O       = HCO     + OH           9.708E+08
  73) CH3     + H2CO    = CH4     + HCO          3.861E+03
 143) HS      + H2CO    = H2S     + HCO          3.475E+07
 262) HCO     + H2CO    = CH3O    + CO           4.893E+04

CH4                 PRODUCTION RXS              INT RX RATE    TP =  1.53E+09
  70) CH3     + H       = CH4     +              9.714E+08
  71) CH3     + HCO     = CH4     + CO           9.802E+05
  72) CH3     + HNO     = CH4     + NO           2.767E+05
  73) CH3     + H2CO    = CH4     + HCO          3.861E+03
 231) CH3     + HCS     = CH4     + CS           3.915E-03
 258) CH3O2   + H       = CH4     + O2           6.836E+05
 275) CH3CO   + H       = CH4     + CO           2.808E+07
 278) CH3CO   + CH3     = CH4     + CH2CO        4.802E+08
 312) C2H3    + CH3     = C2H2    + CH4          2.040E+05
 315) C2H5    + CH3     = C2H4    + CH4          2.048E+06
 332) CH3CHO  + CH3     = CH3CO   + CH4          8.606E+03
 334) CH3CHO  + HV      = CH4     + CO           1.009E+05
 342) C3H8    + HV      = C2H4    + CH4          6.990E+02
 348) C3H6    + HV      = C2H     + CH4     H    1.046E+04
 354) C3H7    + CH3     = C3H6    + CH4          4.888E+04
 364) C3H5    + H       = CH4     + C2H2         2.831E+07
 365) C3H5    + CH3     = CH2CCH2 + CH4          1.173E+06
 375) C3H5    + CH3     = CH3C2H  + CH4          1.173E+06
 386) C2H6    + HV      = CH4     + CH21         1.214E+07

CH4                    LOSS RXS                INT RX RATE    TL =  1.03E+14
  55) CH4     + OH      = CH3     + H2O          1.382E+11
  56) CH4     + O1D     = CH3     + OH           3.721E+10
  57) CH4     + O1D     = H2CO    + H2           2.481E+09
  58) CH21    + CH4     = CH3     + CH3          1.176E+10
  62) CH23    + CH4     = CH3     + CH3          1.763E+06
  93) CH4     + O       = CH3     + OH           3.241E+10
 215) CH4     + HS      = CH3     + H2S          8.350E-02
 234) CH4     + HV      = CH21    + H2           1.251E+10
 235) CH4     + HV      = CH3     + H            3.030E+01
 236) CH4     + HV      = CH23    + H       H    1.485E+01
 268) O1D     + CH4     = CH3O    + H            9.923E+09
 286) C2H     + CH4     = C2H2    + CH3          9.780E+07
 289) C2      + CH4     = C2H     + CH3          2.441E+07
 301) C2H3    + CH4     = C2H4    + CH3          5.944E+08
 307) CH      + CH4     = C2H4    + H            7.471E+08

CH3                 PRODUCTION RXS              INT RX RATE    TP =  2.34E+11
  55) CH4     + OH      = CH3     + H2O          1.382E+11
  56) CH4     + O1D     = CH3     + OH           3.721E+10
  58) CH21    + CH4     = CH3     + CH3          1.176E+10
  61) CH23    + H2      = CH3     + H            1.302E+07
  62) CH23    + CH4     = CH3     + CH3          1.763E+06
  93) CH4     + O       = CH3     + OH           3.241E+10
  94) CH21    + H2      = CH3     + H            2.444E+02
 104) C2H5    + O2      = CH3     + HCO     OH   4.934E+07
 215) CH4     + HS      = CH3     + H2S          8.350E-02
 220) C2H5    + H       = CH3     + CH3          2.462E+08
 223) C2H5    + O       = CH3     + HCO     H    1.517E+06
 224) C2H5    + O       = H2CO    + CH3          1.350E+06
 226) C2H5    + OH      = CH3     + HCO     H2   1.240E+04
 235) CH4     + HV      = CH3     + H            3.030E+01
 245) CH      + H2      = CH3     +              1.623E+00
 255) CH23    + H       = CH3     +              8.878E+04
 263) CH3O    + CO      = CH3     + CO2          1.480E+07
 272) CH2CO   + H       = CH3     + CO           2.678E+06
 282) C2H2    + OH      = CO      + CH3          5.823E+07
 286) C2H     + CH4     = C2H2    + CH3          9.780E+07
 289) C2      + CH4     = C2H     + CH3          2.441E+07
 297) CH23    + C2H3    = CH3     + C2H2         1.933E+01
 301) C2H3    + CH4     = C2H4    + CH3          5.944E+08
 303) C2H4    + OH      = H2CO    + CH3          3.920E+08
 304) C2H4    + O       = HCO     + CH3          5.760E+08
 308) CH23    + C2H5    = CH3     + C2H4         6.236E+01
 333) CH3CHO  + HV      = CH3     + HCO          1.009E+05
 339) C3H7    + H       = CH3     + C2H5         5.903E+06
 343) C3H8    + HV      = C2H5    + CH3          9.466E+02
 345) C3H6    + HV      = C2H2    + CH3     H    7.111E+04
 351) C3H6    + OH      = CH3CHO  + CH3          3.375E+03
 352) C3H6    + O       = CH3     + CH3     CO   2.761E+05
 359) CH2CCH2 + H       = CH3     + C2H2         3.422E+05
 362) C2H3    + C2H5    = CH3     + C3H5         1.450E+04
 369) CH3C2H  + H       = CH3     + C2H2         9.273E+07
 381) CH3C2H  + HV      = CH3     + C2H          3.382E+05
 390) C2H6    + HV      = CH3     + CH3          6.071E+06

CH3                    LOSS RXS                INT RX RATE    TL =  2.34E+11
  64) CH3     + O2      = H2CO    + OH           3.146E+10
  65) CH3     + O       = H2CO    + H            1.226E+10
  66) CH3     + O3      = H2CO    + HO2          9.590E+01
  67) CH3     + OH      = CO      + H2      H2   2.438E+06
  68) CH3     + CH3     = C2H6    +              8.482E+10
  69) CH3     + HV      = CH23    + H            1.616E+07
  70) CH3     + H       = CH4     +              9.714E+08
  71) CH3     + HCO     = CH4     + CO           9.802E+05
  72) CH3     + HNO     = CH4     + NO           2.767E+05
  73) CH3     + H2CO    = CH4     + HCO          3.861E+03
 231) CH3     + HCS     = CH4     + CS           3.915E-03
 257) CH3     + O2      = CH3O2   +              1.784E+10
 264) CH3     + OH      = CH3O    + H            4.730E+06
 265) CH3     + O3      = CH3O    + O2           9.590E+01
 274) CH3     + CO      = CH3CO   +              8.034E+08
 277) CH3CO   + CH3     = C2H6    + CO           3.015E+08
 278) CH3CO   + CH3     = CH4     + CH2CO        4.802E+08
 296) CH23    + CH3     = C2H4    + H            3.675E+05
 312) C2H3    + CH3     = C2H2    + CH4          2.040E+05
 315) C2H5    + CH3     = C2H4    + CH4          2.048E+06
 332) CH3CHO  + CH3     = CH3CO   + CH4          8.606E+03
 335) C2H5    + CH3     = C3H8    +              2.048E+06
 350) C2H3    + CH3     = C3H6    +              7.199E+05
 354) C3H7    + CH3     = C3H6    + CH4          4.888E+04
 361) CH3     + C2H3    = C3H5    + H            1.440E+03
 365) C3H5    + CH3     = CH2CCH2 + CH4          1.173E+06
 375) C3H5    + CH3     = CH3C2H  + CH4          1.173E+06

C2H6                PRODUCTION RXS              INT RX RATE    TP =  8.60E+10
  68) CH3     + CH3     = C2H6    +              8.482E+10
 102) C2H5    + HCO     = C2H6    + CO           1.142E+06
 103) C2H5    + HNO     = C2H6    + NO           2.726E+03
 221) C2H5    + H       = C2H6    +              8.707E+08
 277) CH3CO   + CH3     = C2H6    + CO           3.015E+08
 316) C2H5    + C2H3    = C2H6    + C2H2         2.036E+04
 317) C2H5    + C2H5    = C2H6    + C2H4         1.204E+06
 341) C3H8    + HV      = C2H6    + CH21         1.993E+02

C2H6                   LOSS RXS                INT RX RATE    TL =  1.19E+09
  99) C2H6    + OH      = C2H5    + H2O          5.359E+08
 100) C2H6    + O       = C2H5    + OH           2.339E+07
 101) C2H6    + O1D     = C2H5    + OH           1.444E+07
 302) C2H3    + C2H6    = C2H4    + C2H5         6.809E+00
 306) C2H     + C2H6    = C2H2    + C2H5         1.962E+05
 386) C2H6    + HV      = CH4     + CH21         1.214E+07
 387) C2H6    + HV      = C2H2    + H2      H2   1.639E+08
 388) C2H6    + HV      = C2H4    + H       H    8.500E+07
 389) C2H6    + HV      = C2H4    + H2           3.400E+08
 390) C2H6    + HV      = CH3     + CH3          6.071E+06

NO                  PRODUCTION RXS              INT RX RATE    TP =  5.93E+10
  51) HNO2    + HV      = NO      + OH           6.578E+08
  54) NO2     + HV      = NO      + O            2.233E+10
  72) CH3     + HNO     = CH4     + NO           2.767E+05
  76) N       + O2      = NO      + O            6.084E+00
  77) N       + O3      = NO      + O2           6.468E-05
  78) N       + OH      = NO      + H            5.355E+07
  84) NO2     + O       = NO      + O2           8.158E+05
  86) NO2     + H       = NO      + OH           5.979E+09
  88) HNO     + HV      = NO      + H            2.326E+10
  89) H       + HNO     = H2      + NO           4.774E+09
  90) O       + HNO     = OH      + NO           1.965E+09
  91) OH      + HNO     = H2O     + NO           1.248E+07
 103) C2H5    + HNO     = C2H6    + NO           2.726E+03
 108) N       + HO2     = NO      + OH           3.556E+04
 161) SO      + NO2     = SO2     + NO           5.275E+07
 165) HS      + NO2     = HSO     + NO           5.507E+07

NO                     LOSS RXS                INT RX RATE    TL =  5.92E+10
  53) NO      + HV      = N       + O            5.448E+06
  74) H       + NO      = HNO     +              1.821E+08
  79) N       + NO      = N2      + O            5.185E+07
  80) NO      + O3      = NO2     + O2           2.171E+04
  81) NO      + O       = NO2     +              3.674E+06
  82) NO      + HO2     = NO2     + OH           1.125E+10
  83) NO      + OH      = HNO2    +              5.354E+03
  87) HCO     + NO      = HNO     + CO           4.189E+09
 174) HSO     + NO      = HNO     + SO           5.097E+07
 261) NO      + CH3O2   = CH3O    + NO2          1.784E+10
 266) NO      + CH3O    = HNO     + H2CO         2.561E+10

NO2                 PRODUCTION RXS              INT RX RATE    TP =  2.91E+10
  52) HNO3    + HV      = NO2     + OH           1.711E+03
  80) NO      + O3      = NO2     + O2           2.171E+04
  81) NO      + O       = NO2     +              3.674E+06
  82) NO      + HO2     = NO2     + OH           1.125E+10
  92) HNO2    + OH      = H2O     + NO2          1.649E-01
 107) HNO3    + OH      = H2O     + NO2     O    1.438E-01
 261) NO      + CH3O2   = CH3O    + NO2          1.784E+10

NO2                    LOSS RXS                INT RX RATE    TL =  2.91E+10
  54) NO2     + HV      = NO      + O            2.233E+10
  84) NO2     + O       = NO      + O2           8.158E+05
  85) NO2     + OH      = HNO3    +              2.670E+03
  86) NO2     + H       = NO      + OH           5.979E+09
 109) HO2     + NO2     = HNO2    + O2           3.915E+05
 161) SO      + NO2     = SO2     + NO           5.275E+07
 165) HS      + NO2     = HSO     + NO           5.507E+07
 267) NO2     + CH3O    = H2CO    + HNO2         6.574E+08

HNO                 PRODUCTION RXS              INT RX RATE    TP =  3.00E+10
  74) H       + NO      = HNO     +              1.821E+08
  87) HCO     + NO      = HNO     + CO           4.189E+09
 174) HSO     + NO      = HNO     + SO           5.097E+07
 266) NO      + CH3O    = HNO     + H2CO         2.561E+10

HNO                    LOSS RXS                INT RX RATE    TL =  3.00E+10
  72) CH3     + HNO     = CH4     + NO           2.767E+05
  88) HNO     + HV      = NO      + H            2.326E+10
  89) H       + HNO     = H2      + NO           4.774E+09
  90) O       + HNO     = OH      + NO           1.965E+09
  91) OH      + HNO     = H2O     + NO           1.248E+07
 103) C2H5    + HNO     = C2H6    + NO           2.726E+03

O3                  PRODUCTION RXS              INT RX RATE    TP =  6.56E+05
  18) O       + O2      = O3      +              6.561E+05

O3                     LOSS RXS                INT RX RATE    TL =  6.56E+05
   5) H       + O3      = OH      + O2           6.313E+05
  12) OH      + O3      = HO2     + O2           3.965E-03
  14) HO2     + O3      = OH      + O2      O2   1.913E-02
  19) O       + O3      = O2      + O2           2.189E-01
  26) O3      + HV      = O2      + O1D          7.701E+01
  27) O3      + HV      = O2      + O            2.871E+03
  66) CH3     + O3      = H2CO    + HO2          9.590E+01
  77) N       + O3      = NO      + O2           6.468E-05
  80) NO      + O3      = NO2     + O2           2.171E+04
 162) SO      + O3      = SO2     + O2           8.701E-02
 164) HS      + O3      = HSO     + O2           2.528E-01
 166) S       + O3      = SO      + O2           6.912E-02
 199) CS      + O3      = OCS     + O2           1.935E-05
 200) CS      + O3      = SO      + CO2          1.935E-05
 201) CS      + O3      = CO      + SO2          1.935E-05
 265) CH3     + O3      = CH3O    + O2           9.590E+01

HNO3                PRODUCTION RXS              INT RX RATE    TP =  2.67E+03
  85) NO2     + OH      = HNO3    +              2.670E+03

HNO3                   LOSS RXS                INT RX RATE    TL =  7.26E+03
  52) HNO3    + HV      = NO2     + OH           1.711E+03
 107) HNO3    + OH      = H2O     + NO2     O    1.438E-01

N                   PRODUCTION RXS              INT RX RATE    TP =  5.45E+06
  53) NO      + HV      = N       + O            5.448E+06

N                      LOSS RXS                INT RX RATE    TL =  1.05E+08
  75) N       + N       = N2      +              1.926E+00
  76) N       + O2      = NO      + O            6.084E+00
  77) N       + O3      = NO      + O2           6.468E-05
  78) N       + OH      = NO      + H            5.355E+07
  79) N       + NO      = N2      + O            5.185E+07
 108) N       + HO2     = NO      + OH           3.556E+04

C3H2                PRODUCTION RXS              INT RX RATE    TP =  3.15E+07
 367) CH      + C2H2    = C3H2    + H            3.056E+03
 378) C3H3    + HV      = C3H2    + H            2.215E+07
 380) CH3C2H  + HV      = C3H2    + H2           7.441E+06
 383) CH2CCH2 + HV      = C3H2    + H2           1.857E+06

C3H2                   LOSS RXS                INT RX RATE    TL =  3.17E+07
 371) C3H2    + H       = C3H3    +              3.168E+07

C3H3                PRODUCTION RXS              INT RX RATE    TP =  4.45E+07
 371) C3H2    + H       = C3H3    +              3.168E+07
 379) CH3C2H  + HV      = C3H3    + H            9.471E+06
 382) CH2CCH2 + HV      = C3H3    + H            3.302E+06

C3H3                   LOSS RXS                INT RX RATE    TL =  4.45E+07
 372) C3H3    + H       = CH3C2H  +              1.116E+07
 373) C3H3    + H       = CH2CCH2 +              1.116E+07
 378) C3H3    + HV      = C3H2    + H            2.215E+07

CH3C2H              PRODUCTION RXS              INT RX RATE    TP =  8.12E+07
 358) CH      + C2H4    = CH3C2H  + H            1.161E+03
 368) CH23    + C2H2    = CH3C2H  +              1.348E+06
 372) C3H3    + H       = CH3C2H  +              1.116E+07
 374) C3H5    + H       = CH3C2H  + H2           2.831E+07
 375) C3H5    + CH3     = CH3C2H  + CH4          1.173E+06
 376) CH2CCH2 + H       = CH3C2H  + H            3.917E+07

CH3C2H                 LOSS RXS                INT RX RATE    TL =  2.03E+08
 369) CH3C2H  + H       = CH3     + C2H2         9.273E+07
 370) CH3C2H  + H       = C3H5    +              9.273E+07
 379) CH3C2H  + HV      = C3H3    + H            9.471E+06
 380) CH3C2H  + HV      = C3H2    + H2           7.441E+06
 381) CH3C2H  + HV      = CH3     + C2H          3.382E+05

CH2CCH2             PRODUCTION RXS              INT RX RATE    TP =  4.20E+07
 346) C3H6    + HV      = CH2CCH2 + H2           2.094E+03
 357) CH      + C2H4    = CH2CCH2 + H            1.161E+03
 365) C3H5    + CH3     = CH2CCH2 + CH4          1.173E+06
 366) C3H5    + H       = CH2CCH2 + H2           2.831E+07
 373) C3H3    + H       = CH2CCH2 +              1.116E+07
 377) CH23    + C2H2    = CH2CCH2 +              1.348E+06

CH2CCH2                LOSS RXS                INT RX RATE    TL =  4.47E+07
 359) CH2CCH2 + H       = CH3     + C2H2         3.422E+05
 360) CH2CCH2 + H       = C3H5    +              3.832E+04
 376) CH2CCH2 + H       = CH3C2H  + H            3.917E+07
 382) CH2CCH2 + HV      = C3H3    + H            3.302E+06
 383) CH2CCH2 + HV      = C3H2    + H2           1.857E+06
 392) C2H     + CH2CCH2 = HCAER2  + H            2.676E+00

C3H5                PRODUCTION RXS              INT RX RATE    TP =  9.28E+07
 360) CH2CCH2 + H       = C3H5    +              3.832E+04
 361) CH3     + C2H3    = C3H5    + H            1.440E+03
 362) C2H3    + C2H5    = CH3     + C3H5         1.450E+04
 370) CH3C2H  + H       = C3H5    +              9.273E+07

C3H5                   LOSS RXS                INT RX RATE    TL =  9.28E+07
 363) C3H5    + H       = C3H6    +              5.547E+06
 364) C3H5    + H       = CH4     + C2H2         2.831E+07
 365) C3H5    + CH3     = CH2CCH2 + CH4          1.173E+06
 366) C3H5    + H       = CH2CCH2 + H2           2.831E+07
 374) C3H5    + H       = CH3C2H  + H2           2.831E+07
 375) C3H5    + CH3     = CH3C2H  + CH4          1.173E+06

C2H5CHO             PRODUCTION RXS              INT RX RATE    TP =  3.17E+04
 355) C3H7    + OH      = C2H5CHO + H2           1.745E+01
 356) C3H7    + O       = C2H5CHO + H            3.170E+04

C2H5CHO                LOSS RXS                INT RX RATE    TL =  2.39E+06
 349) C2H5CHO + HV      = C2H5    + HCO          1.081E+06

C3H6                PRODUCTION RXS              INT RX RATE    TP =  6.32E+06
 340) C3H8    + HV      = C3H6    + H2           5.350E+03
 350) C2H3    + CH3     = C3H6    +              7.199E+05
 354) C3H7    + CH3     = C3H6    + CH4          4.888E+04
 363) C3H5    + H       = C3H6    +              5.547E+06

C3H6                   LOSS RXS                INT RX RATE    TL =  6.29E+06
 345) C3H6    + HV      = C2H2    + CH3     H    7.111E+04
 346) C3H6    + HV      = CH2CCH2 + H2           2.094E+03
 347) C3H6    + HV      = C2H4    + CH23         4.183E+03
 348) C3H6    + HV      = C2H     + CH4     H    1.046E+04
 351) C3H6    + OH      = CH3CHO  + CH3          3.375E+03
 352) C3H6    + O       = CH3     + CH3     CO   2.761E+05
 353) C3H6    + H       = C3H7    +              5.923E+06

C3H7                PRODUCTION RXS              INT RX RATE    TP =  5.99E+06
 336) C3H8    + OH      = C3H7    + H2O          1.860E+04
 337) C3H8    + O       = C3H7    + OH           4.442E+04
 338) C3H8    + O1D     = C3H7    + OH           8.090E+00
 344) C2H     + C3H8    = C2H2    + C3H7         1.224E-01
 353) C3H6    + H       = C3H7    +              5.923E+06

C3H7                   LOSS RXS                INT RX RATE    TL =  5.98E+06
 339) C3H7    + H       = CH3     + C2H5         5.903E+06
 354) C3H7    + CH3     = C3H6    + CH4          4.888E+04
 355) C3H7    + OH      = C2H5CHO + H2           1.745E+01
 356) C3H7    + O       = C2H5CHO + H            3.170E+04

C3H8                PRODUCTION RXS              INT RX RATE    TP =  2.05E+06
 335) C2H5    + CH3     = C3H8    +              2.048E+06

C3H8                   LOSS RXS                INT RX RATE    TL =  7.02E+04
 336) C3H8    + OH      = C3H7    + H2O          1.860E+04
 337) C3H8    + O       = C3H7    + OH           4.442E+04
 338) C3H8    + O1D     = C3H7    + OH           8.090E+00
 340) C3H8    + HV      = C3H6    + H2           5.350E+03
 341) C3H8    + HV      = C2H6    + CH21         1.993E+02
 342) C3H8    + HV      = C2H4    + CH4          6.990E+02
 343) C3H8    + HV      = C2H5    + CH3          9.466E+02
 344) C2H     + C3H8    = C2H2    + C3H7         1.224E-01

C2H4OH              PRODUCTION RXS              INT RX RATE    TP =  1.30E+05
 324) C2H4    + OH      = C2H4OH  +              1.299E+05

C2H4OH                 LOSS RXS                INT RX RATE    TL =  1.30E+05
 325) C2H4OH  + H       = H2O     + C2H4         1.300E+05
 326) C2H4OH  + H       = H2      + CH3CHO       2.111E+00
 327) C2H4OH  + O       = OH      + CH3CHO       2.499E-02
 328) C2H4OH  + OH      = H2O     + CH3CHO       3.090E-02

C2H2OH              PRODUCTION RXS              INT RX RATE    TP =  9.55E+04
 318) C2H2    + OH      = C2H2OH  +              9.552E+04

C2H2OH                 LOSS RXS                INT RX RATE    TL =  9.56E+04
 320) C2H2OH  + H       = H2O     + C2H2         9.559E+04
 321) C2H2OH  + H       = H2      + CH2CO        2.509E+00
 322) C2H2OH  + O       = OH      + CH2CO        2.488E-02
 323) C2H2OH  + OH      = H2O     + CH2CO        8.297E-03

C2H5                PRODUCTION RXS              INT RX RATE    TP =  1.20E+09
  99) C2H6    + OH      = C2H5    + H2O          5.359E+08
 100) C2H6    + O       = C2H5    + OH           2.339E+07
 101) C2H6    + O1D     = C2H5    + OH           1.444E+07
 302) C2H3    + C2H6    = C2H4    + C2H5         6.809E+00
 305) C2H4    + H       = C2H5    +              6.150E+08
 306) C2H     + C2H6    = C2H2    + C2H5         1.962E+05
 339) C3H7    + H       = CH3     + C2H5         5.903E+06
 343) C3H8    + HV      = C2H5    + CH3          9.466E+02
 349) C2H5CHO + HV      = C2H5    + HCO          1.081E+06

C2H5                   LOSS RXS                INT RX RATE    TL =  1.20E+09
 102) C2H5    + HCO     = C2H6    + CO           1.142E+06
 103) C2H5    + HNO     = C2H6    + NO           2.726E+03
 104) C2H5    + O2      = CH3     + HCO     OH   4.934E+07
 220) C2H5    + H       = CH3     + CH3          2.462E+08
 221) C2H5    + H       = C2H6    +              8.707E+08
 222) C2H5    + H       = C2H4    + H2           1.231E+07
 223) C2H5    + O       = CH3     + HCO     H    1.517E+06
 224) C2H5    + O       = H2CO    + CH3          1.350E+06
 225) C2H5    + O       = CH3CHO  + H            6.724E+06
 226) C2H5    + OH      = CH3     + HCO     H2   1.240E+04
 227) C2H5    + OH      = CH3CHO  + H2           3.101E+04
 228) C2H5    + OH      = C2H4    + H2O          1.240E+04
 308) CH23    + C2H5    = CH3     + C2H4         6.236E+01
 314) C2H3    + C2H5    = C2H4    + C2H4         1.018E+04
 315) C2H5    + CH3     = C2H4    + CH4          2.048E+06
 316) C2H5    + C2H3    = C2H6    + C2H2         2.036E+04
 317) C2H5    + C2H5    = C2H6    + C2H4         1.204E+06
 335) C2H5    + CH3     = C3H8    +              2.048E+06
 362) C2H3    + C2H5    = CH3     + C3H5         1.450E+04

C2H4                PRODUCTION RXS              INT RX RATE    TP =  1.78E+09
 222) C2H5    + H       = C2H4    + H2           1.231E+07
 228) C2H5    + OH      = C2H4    + H2O          1.240E+04
 296) CH23    + CH3     = C2H4    + H            3.675E+05
 300) C2H3    + H2      = C2H4    + H            6.793E+05
 301) C2H3    + CH4     = C2H4    + CH3          5.944E+08
 302) C2H3    + C2H6    = C2H4    + C2H5         6.809E+00
 307) CH      + CH4     = C2H4    + H            7.471E+08
 308) CH23    + C2H5    = CH3     + C2H4         6.236E+01
 313) C2H3    + C2H3    = C2H4    + C2H2         3.025E+04
 314) C2H3    + C2H5    = C2H4    + C2H4         1.018E+04
 315) C2H5    + CH3     = C2H4    + CH4          2.048E+06
 317) C2H5    + C2H5    = C2H6    + C2H4         1.204E+06
 325) C2H4OH  + H       = H2O     + C2H4         1.300E+05
 342) C3H8    + HV      = C2H4    + CH4          6.990E+02
 347) C3H6    + HV      = C2H4    + CH23         4.183E+03
 388) C2H6    + HV      = C2H4    + H       H    8.500E+07
 389) C2H6    + HV      = C2H4    + H2           3.400E+08

C2H4                   LOSS RXS                INT RX RATE    TL =  1.75E+09
 294) C2H4    + HV      = C2H2    + H2           9.825E+07
 295) C2H4    + HV      = C2H2    + H       H    6.903E+07
 303) C2H4    + OH      = H2CO    + CH3          3.920E+08
 304) C2H4    + O       = HCO     + CH3          5.760E+08
 305) C2H4    + H       = C2H5    +              6.150E+08
 324) C2H4    + OH      = C2H4OH  +              1.299E+05
 357) CH      + C2H4    = CH2CCH2 + H            1.161E+03
 358) CH      + C2H4    = CH3C2H  + H            1.161E+03

CH                  PRODUCTION RXS              INT RX RATE    TP =  7.47E+08
 253) CH23    + O       = CH      + OH           9.559E+06
 256) CH23    + H       = CH      + H2           7.376E+08
 284) C2H     + O       = CO      + CH           6.886E+02

CH                     LOSS RXS                INT RX RATE    TL =  7.47E+08
 242) CH      + H       = C       + H2           3.215E+03
 243) CH      + O       = CO      + H            2.382E+03
 244) CH      + H2      = CH23    + H            1.630E+01
 245) CH      + H2      = CH3     +              1.623E+00
 246) CH      + O2      = CO      + OH           3.300E+03
 247) CH      + CO2     = HCO     + CO           3.670E+04
 248) CH      + HV      = C       + H            1.148E+00
 249) CH      + S       = CS      + H            3.931E-06
 250) CH      + S2      = CS      + HS           5.052E-11
 251) CH      + CS2     = HCS     + CS           1.476E-15
 252) OCS     + CH      = CO      + HCS          7.389E-04
 307) CH      + CH4     = C2H4    + H            7.471E+08
 357) CH      + C2H4    = CH2CCH2 + H            1.161E+03
 358) CH      + C2H4    = CH3C2H  + H            1.161E+03
 367) CH      + C2H2    = C3H2    + H            3.056E+03

CH3O2               PRODUCTION RXS              INT RX RATE    TP =  1.78E+10
 257) CH3     + O2      = CH3O2   +              1.784E+10

CH3O2                  LOSS RXS                INT RX RATE    TL =  1.78E+10
 258) CH3O2   + H       = CH4     + O2           6.836E+05
 259) CH3O2   + H       = H2O     + H2CO         4.883E+05
 260) CH3O2   + O       = H2CO    + HO2          1.276E+04
 261) NO      + CH3O2   = CH3O    + NO2          1.784E+10

CH3O                PRODUCTION RXS              INT RX RATE    TP =  2.78E+10
 261) NO      + CH3O2   = CH3O    + NO2          1.784E+10
 262) HCO     + H2CO    = CH3O    + CO           4.893E+04
 264) CH3     + OH      = CH3O    + H            4.730E+06
 265) CH3     + O3      = CH3O    + O2           9.590E+01
 268) O1D     + CH4     = CH3O    + H            9.923E+09

CH3O                   LOSS RXS                INT RX RATE    TL =  2.76E+10
 263) CH3O    + CO      = CH3     + CO2          1.480E+07
 266) NO      + CH3O    = HNO     + H2CO         2.561E+10
 267) NO2     + CH3O    = H2CO    + HNO2         6.574E+08
 269) CH3O    + O2      = H2CO    + HO2          1.285E+09

CH2CO               PRODUCTION RXS              INT RX RATE    TP =  5.20E+08
 271) CH23    + CO      = CH2CO   +              2.956E+05
 278) CH3CO   + CH3     = CH4     + CH2CO        4.802E+08
 310) C2H3    + O       = CH2CO   + H            2.916E+07
 319) C2H2    + OH      = CH2CO   + H            1.055E+07
 321) C2H2OH  + H       = H2      + CH2CO        2.509E+00
 322) C2H2OH  + O       = OH      + CH2CO        2.488E-02
 323) C2H2OH  + OH      = H2O     + CH2CO        8.297E-03

CH2CO                  LOSS RXS                INT RX RATE    TL =  6.13E+08
 270) CH2CO   + HV      = CH23    + CO           5.638E+08
 272) CH2CO   + H       = CH3     + CO           2.678E+06
 273) CH2CO   + O       = H2CO    + CO           4.633E+07

CH3CO               PRODUCTION RXS              INT RX RATE    TP =  8.10E+08
 274) CH3     + CO      = CH3CO   +              8.034E+08
 329) CH3CHO  + H       = CH3CO   + H2           1.707E+06
 330) CH3CHO  + O       = CH3CO   + OH           4.302E+06
 331) CH3CHO  + OH      = CH3CO   + H2O          5.706E+05
 332) CH3CHO  + CH3     = CH3CO   + CH4          8.606E+03

CH3CO                  LOSS RXS                INT RX RATE    TL =  8.10E+08
 275) CH3CO   + H       = CH4     + CO           2.808E+07
 276) CH3CO   + O       = H2CO    + HCO          1.278E+05
 277) CH3CO   + CH3     = C2H6    + CO           3.015E+08
 278) CH3CO   + CH3     = CH4     + CH2CO        4.802E+08

CH3CHO              PRODUCTION RXS              INT RX RATE    TP =  6.76E+06
 225) C2H5    + O       = CH3CHO  + H            6.724E+06
 227) C2H5    + OH      = CH3CHO  + H2           3.101E+04
 326) C2H4OH  + H       = H2      + CH3CHO       2.111E+00
 327) C2H4OH  + O       = OH      + CH3CHO       2.499E-02
 328) C2H4OH  + OH      = H2O     + CH3CHO       3.090E-02
 351) C3H6    + OH      = CH3CHO  + CH3          3.375E+03

CH3CHO                 LOSS RXS                INT RX RATE    TL =  6.79E+06
 329) CH3CHO  + H       = CH3CO   + H2           1.707E+06
 330) CH3CHO  + O       = CH3CO   + OH           4.302E+06
 331) CH3CHO  + OH      = CH3CO   + H2O          5.706E+05
 332) CH3CHO  + CH3     = CH3CO   + CH4          8.606E+03
 333) CH3CHO  + HV      = CH3     + HCO          1.009E+05
 334) CH3CHO  + HV      = CH4     + CO           1.009E+05

C2H2                PRODUCTION RXS              INT RX RATE    TP =  2.02E+09
 279) CH23    + CH23    = C2H2    + H2           2.297E+04
 285) C2H     + H2      = C2H2    + H            1.095E+02
 286) C2H     + CH4     = C2H2    + CH3          9.780E+07
 287) C2H     + H       = C2H2    +              9.804E+01
 294) C2H4    + HV      = C2H2    + H2           9.825E+07
 295) C2H4    + HV      = C2H2    + H       H    6.903E+07
 297) CH23    + C2H3    = CH3     + C2H2         1.933E+01
 299) C2H3    + H       = C2H2    + H2           1.472E+09
 306) C2H     + C2H6    = C2H2    + C2H5         1.962E+05
 311) C2H3    + OH      = C2H2    + H2O          1.068E+03
 312) C2H3    + CH3     = C2H2    + CH4          2.040E+05
 313) C2H3    + C2H3    = C2H4    + C2H2         3.025E+04
 316) C2H5    + C2H3    = C2H6    + C2H2         2.036E+04
 320) C2H2OH  + H       = H2O     + C2H2         9.559E+04
 344) C2H     + C3H8    = C2H2    + C3H7         1.224E-01
 345) C3H6    + HV      = C2H2    + CH3     H    7.111E+04
 359) CH2CCH2 + H       = CH3     + C2H2         3.422E+05
 364) C3H5    + H       = CH4     + C2H2         2.831E+07
 369) CH3C2H  + H       = CH3     + C2H2         9.273E+07
 387) C2H6    + HV      = C2H2    + H2      H2   1.639E+08

C2H2                   LOSS RXS                INT RX RATE    TL =  2.48E+09
 280) C2H2    + HV      = C2H     + H            7.325E+07
 281) C2H2    + HV      = C2      + H2           2.442E+07
 282) C2H2    + OH      = CO      + CH3          5.823E+07
 298) C2H2    + H       = C2H3    +              2.097E+09
 309) C2H2    + O       = CH23    + CO           2.128E+08
 318) C2H2    + OH      = C2H2OH  +              9.552E+04
 319) C2H2    + OH      = CH2CO   + H            1.055E+07
 367) CH      + C2H2    = C3H2    + H            3.056E+03
 368) CH23    + C2H2    = CH3C2H  +              1.348E+06
 377) CH23    + C2H2    = CH2CCH2 +              1.348E+06
 391) C2H     + C2H2    = HCAER   + H            6.123E+03

CH23                PRODUCTION RXS              INT RX RATE    TP =  1.55E+09
  60) CH21    + M       = CH23    + M            7.560E+08
  69) CH3     + HV      = CH23    + H            1.616E+07
  95) CH21    + H2      = CH23    + H2           6.158E+05
 236) CH4     + HV      = CH23    + H       H    1.485E+01
 238) C       + H2      = CH23    +              3.447E+00
 244) CH      + H2      = CH23    + H            1.630E+01
 270) CH2CO   + HV      = CH23    + CO           5.638E+08
 309) C2H2    + O       = CH23    + CO           2.128E+08
 347) C3H6    + HV      = C2H4    + CH23         4.183E+03

CH23                   LOSS RXS                INT RX RATE    TL =  1.55E+09
  61) CH23    + H2      = CH3     + H            1.302E+07
  62) CH23    + CH4     = CH3     + CH3          1.763E+06
  63) CH23    + O2      = HCO     + OH           1.770E+06
  97) CH23    + O       = HCO     + H            1.195E+07
  98) CH23    + CO2     = H2CO    + CO           6.711E+08
 230) CH23    + S2      = HCS     + HS           4.487E-03
 232) CH23    + S       = HCS     + H            1.249E+00
 253) CH23    + O       = CH      + OH           9.559E+06
 254) CH23    + O       = CO      + H       H    9.917E+07
 255) CH23    + H       = CH3     +              8.878E+04
 256) CH23    + H       = CH      + H2           7.376E+08
 271) CH23    + CO      = CH2CO   +              2.956E+05
 279) CH23    + CH23    = C2H2    + H2           2.297E+04
 296) CH23    + CH3     = C2H4    + H            3.675E+05
 297) CH23    + C2H3    = CH3     + C2H2         1.933E+01
 308) CH23    + C2H5    = CH3     + C2H4         6.236E+01
 368) CH23    + C2H2    = CH3C2H  +              1.348E+06
 377) CH23    + C2H2    = CH2CCH2 +              1.348E+06

C2H                 PRODUCTION RXS              INT RX RATE    TP =  9.80E+07
 280) C2H2    + HV      = C2H     + H            7.325E+07
 288) C2      + H2      = C2H     + H            1.333E+01
 289) C2      + CH4     = C2H     + CH3          2.441E+07
 348) C3H6    + HV      = C2H     + CH4     H    1.046E+04
 381) CH3C2H  + HV      = CH3     + C2H          3.382E+05

C2H                    LOSS RXS                INT RX RATE    TL =  9.80E+07
 283) C2H     + O2      = CO      + HCO          3.827E+03
 284) C2H     + O       = CO      + CH           6.886E+02
 285) C2H     + H2      = C2H2    + H            1.095E+02
 286) C2H     + CH4     = C2H2    + CH3          9.780E+07
 287) C2H     + H       = C2H2    +              9.804E+01
 306) C2H     + C2H6    = C2H2    + C2H5         1.962E+05
 344) C2H     + C3H8    = C2H2    + C3H7         1.224E-01
 391) C2H     + C2H2    = HCAER   + H            6.123E+03
 392) C2H     + CH2CCH2 = HCAER2  + H            2.676E+00

C2                  PRODUCTION RXS              INT RX RATE    TP =  2.44E+07
 281) C2H2    + HV      = C2      + H2           2.442E+07

C2                     LOSS RXS                INT RX RATE    TL =  2.44E+07
 288) C2      + H2      = C2H     + H            1.333E+01
 289) C2      + CH4     = C2H     + CH3          2.441E+07
 290) C2      + S       = C       + CS           6.326E-06
 291) C2      + S2      = CS      + CS           7.953E-09
 292) C2      + O       = C       + CO           6.278E+01
 293) C2      + O2      = CO      + CO           5.879E+00

C2H3                PRODUCTION RXS              INT RX RATE    TP =  2.10E+09
 298) C2H2    + H       = C2H3    +              2.097E+09

C2H3                   LOSS RXS                INT RX RATE    TL =  2.10E+09
 297) CH23    + C2H3    = CH3     + C2H2         1.933E+01
 299) C2H3    + H       = C2H2    + H2           1.472E+09
 300) C2H3    + H2      = C2H4    + H            6.793E+05
 301) C2H3    + CH4     = C2H4    + CH3          5.944E+08
 302) C2H3    + C2H6    = C2H4    + C2H5         6.809E+00
 310) C2H3    + O       = CH2CO   + H            2.916E+07
 311) C2H3    + OH      = C2H2    + H2O          1.068E+03
 312) C2H3    + CH3     = C2H2    + CH4          2.040E+05
 313) C2H3    + C2H3    = C2H4    + C2H2         3.025E+04
 314) C2H3    + C2H5    = C2H4    + C2H4         1.018E+04
 316) C2H5    + C2H3    = C2H6    + C2H2         2.036E+04
 350) C2H3    + CH3     = C3H6    +              7.199E+05
 361) CH3     + C2H3    = C3H5    + H            1.440E+03
 362) C2H3    + C2H5    = CH3     + C3H5         1.450E+04

HCS                 PRODUCTION RXS              INT RX RATE    TP =  1.25E+00
 216) H       + CS      = HCS     +              8.775E-05
 229) CH21    + S2      = HCS     + HS           2.447E-12
 230) CH23    + S2      = HCS     + HS           4.487E-03
 232) CH23    + S       = HCS     + H            1.249E+00
 251) CH      + CS2     = HCS     + CS           1.476E-15
 252) OCS     + CH      = CO      + HCS          7.389E-04

HCS                    LOSS RXS                INT RX RATE    TL =  1.25E+00
 217) H       + HCS     = H2      + CS           1.231E+00
 218) S       + HCS     = H       + CS2          9.204E-03
 219) S       + HCS     = HS      + CS           9.204E-03
 231) CH3     + HCS     = CH4     + CS           3.915E-03
 233) HS      + HCS     = H2S     + CS           4.053E-04

CS2                 PRODUCTION RXS              INT RX RATE    TP =  2.32E-02
 205) CS2X    + M       = CS2     + M            5.416E-03
 208) CS      + HS      = CS2     + H            8.536E-03
 218) S       + HCS     = H       + CS2          9.204E-03

CS2                    LOSS RXS                INT RX RATE    TL =  2.22E-02
 202) CS2     + O       = SO      + CS           1.241E-04
 203) CS2     + O       = OCS     + S            1.164E-05
 204) CS2     + OH      = OCS     + HS           6.400E-11
 207) CS2X    + CS2     = CS      + CS      S2   1.148E-23
 209) CS2     + O       = CO      + S2           3.360E-06
 210) CS2     + SO      = OCS     + S2           1.506E-06
 211) CS2     + S       = CS      + S2           1.061E-06
 213) CS2     + HV      = CS      + S            1.661E-02
 214) CS2     + HV      = CS2X    +              5.416E-03
 251) CH      + CS2     = HCS     + CS           1.476E-15

CS                  PRODUCTION RXS              INT RX RATE    TP =  1.26E+00
 202) CS2     + O       = SO      + CS           1.241E-04
 206) CS2X    + O2      = CS      + SO2          1.213E-13
 207) CS2X    + CS2     = CS      + CS      S2   1.148E-23
 211) CS2     + S       = CS      + S2           1.061E-06
 213) CS2     + HV      = CS      + S            1.661E-02
 217) H       + HCS     = H2      + CS           1.231E+00
 219) S       + HCS     = HS      + CS           9.204E-03
 231) CH3     + HCS     = CH4     + CS           3.915E-03
 233) HS      + HCS     = H2S     + CS           4.053E-04
 240) C       + HS      = CS      + H            2.226E-08
 241) C       + S2      = CS      + S            7.223E-12
 249) CH      + S       = CS      + H            3.931E-06
 250) CH      + S2      = CS      + HS           5.052E-11
 251) CH      + CS2     = HCS     + CS           1.476E-15
 290) C2      + S       = C       + CS           6.326E-06
 291) C2      + S2      = CS      + CS           7.953E-09

CS                     LOSS RXS                INT RX RATE    TL =  1.03E+00
 197) CS      + O2      = OCS     + O            1.539E-03
 198) CS      + O2      = CO      + SO           1.924E-04
 199) CS      + O3      = OCS     + O2           1.935E-05
 200) CS      + O3      = SO      + CO2          1.935E-05
 201) CS      + O3      = CO      + SO2          1.935E-05
 208) CS      + HS      = CS2     + H            8.536E-03
 212) CS      + O       = CO      + S            1.015E+00
 216) H       + CS      = HCS     +              8.775E-05

OCS                 PRODUCTION RXS              INT RX RATE    TP =  9.97E+05
 183) HS      + CO      = OCS     + H            2.304E-03
 188) S       + HCO     = OCS     + H            5.232E+05
 189) S       + CO      = OCS     +              4.716E+05
 193) OCS2    + S       = OCS     + S2           1.236E-04
 196) OCS2    + CO      = OCS     + OCS          1.109E+03
 197) CS      + O2      = OCS     + O            1.539E-03
 199) CS      + O3      = OCS     + O2           1.935E-05
 203) CS2     + O       = OCS     + S            1.164E-05
 204) CS2     + OH      = OCS     + HS           6.400E-11
 210) CS2     + SO      = OCS     + S2           1.506E-06

OCS                    LOSS RXS                INT RX RATE    TL =  6.80E+05
 182) H       + OCS     = CO      + HS           3.734E+05
 184) O       + OCS     = CO      + SO           3.073E+02
 185) O       + OCS     = S       + CO2          1.482E-03
 186) OCS     + S       = CO      + S2           1.152E+05
 187) OCS     + OH      = CO2     + HS           8.675E-02
 190) OCS     + HV      = CO      + S            1.873E+05
 192) OCS     + S       = OCS2    +              1.109E+03
 252) OCS     + CH      = CO      + HCS          7.389E-04

S                   PRODUCTION RXS              INT RX RATE    TP =  1.13E+07
 110) SO      + HV      = S       + O            5.420E+06
 132) HS      + HS      = H2S     + S            1.525E+04
 134) HS      + H       = H2      + S            4.933E+06
 142) S2      + O       = S       + SO           9.819E+02
 144) S2      + HV      = S       + S            1.617E+05
 150) S3      + HV      = S2      + S            1.011E+01
 167) SO      + SO      = SO2     + S            4.102E+05
 185) O       + OCS     = S       + CO2          1.482E-03
 190) OCS     + HV      = CO      + S            1.873E+05
 203) CS2     + O       = OCS     + S            1.164E-05
 212) CS      + O       = CO      + S            1.015E+00
 213) CS2     + HV      = CS      + S            1.661E-02
 241) C       + S2      = CS      + S            7.223E-12

S                      LOSS RXS                INT RX RATE    TL =  1.13E+07
 135) HS      + S       = H       + S2           4.896E+04
 136) S       + O2      = SO      + O            6.117E+06
 137) S       + OH      = SO      + H            4.806E+02
 138) S       + HCO     = HS      + CO           6.540E+04
 139) S       + HO2     = HS      + O2           7.491E+03
 140) S       + HO2     = SO      + OH           7.491E+03
 141) S       + S       = S2      +              2.670E+00
 145) S       + S2      = S3      +              1.012E+01
 147) S       + S3      = S4      +              1.206E-02
 166) S       + O3      = SO      + O2           6.912E-02
 169) S       + CO2     = SO      + CO           3.708E+06
 180) HSO     + S       = HS      + SO           2.035E+05
 186) OCS     + S       = CO      + S2           1.152E+05
 188) S       + HCO     = OCS     + H            5.232E+05
 189) S       + CO      = OCS     +              4.716E+05
 192) OCS     + S       = OCS2    +              1.109E+03
 193) OCS2    + S       = OCS     + S2           1.236E-04
 211) CS2     + S       = CS      + S2           1.061E-06
 218) S       + HCS     = H       + CS2          9.204E-03
 219) S       + HCS     = HS      + CS           9.204E-03
 232) CH23    + S       = HCS     + H            1.249E+00
 249) CH      + S       = CS      + H            3.931E-06
 290) C2      + S       = C       + CS           6.326E-06

HS                  PRODUCTION RXS              INT RX RATE    TP =  9.51E+07
 111) H2S     + HV      = HS      + H            4.506E+06
 126) H2S     + OH      = H2O     + HS           2.344E+03
 127) H2S     + H       = H2      + HS           8.502E+07
 128) H2S     + O       = OH      + HS           2.413E+03
 138) S       + HCO     = HS      + CO           6.540E+04
 139) S       + HO2     = HS      + O2           7.491E+03
 173) HSO     + HV      = HS      + O            4.055E+04
 176) HSO     + H       = HS      + OH           4.929E+06
 180) HSO     + S       = HS      + SO           2.035E+05
 182) H       + OCS     = CO      + HS           3.734E+05
 187) OCS     + OH      = CO2     + HS           8.675E-02
 204) CS2     + OH      = OCS     + HS           6.400E-11
 219) S       + HCS     = HS      + CS           9.204E-03
 229) CH21    + S2      = HCS     + HS           2.447E-12
 230) CH23    + S2      = HCS     + HS           4.487E-03
 250) CH      + S2      = CS      + HS           5.052E-11

HS                     LOSS RXS                INT RX RATE    TL =  9.51E+07
 129) HS      + O       = H       + SO           5.068E+04
 130) HS      + O2      = OH      + SO           1.104E+01
 131) HS      + HO2     = H2S     + O2           1.895E+03
 132) HS      + HS      = H2S     + S            1.525E+04
 133) HS      + HCO     = H2S     + CO           1.322E+04
 134) HS      + H       = H2      + S            4.933E+06
 135) HS      + S       = H       + S2           4.896E+04
 143) HS      + H2CO    = H2S     + HCO          3.475E+07
 164) HS      + O3      = HSO     + O2           2.528E-01
 165) HS      + NO2     = HSO     + NO           5.507E+07
 178) HSO     + HS      = H2S     + SO           2.463E+05
 183) HS      + CO      = OCS     + H            2.304E-03
 208) CS      + HS      = CS2     + H            8.536E-03
 215) CH4     + HS      = CH3     + H2S          8.350E-02
 233) HS      + HCS     = H2S     + CS           4.053E-04
 240) C       + HS      = CS      + H            2.226E-08

H2S                 PRODUCTION RXS              INT RX RATE    TP =  3.50E+07
 131) HS      + HO2     = H2S     + O2           1.895E+03
 132) HS      + HS      = H2S     + S            1.525E+04
 133) HS      + HCO     = H2S     + CO           1.322E+04
 143) HS      + H2CO    = H2S     + HCO          3.475E+07
 178) HSO     + HS      = H2S     + SO           2.463E+05
 215) CH4     + HS      = CH3     + H2S          8.350E-02
 233) HS      + HCS     = H2S     + CS           4.053E-04

H2S                    LOSS RXS                INT RX RATE    TL =  9.27E+07
 111) H2S     + HV      = HS      + H            4.506E+06
 126) H2S     + OH      = H2O     + HS           2.344E+03
 127) H2S     + H       = H2      + HS           8.502E+07
 128) H2S     + O       = OH      + HS           2.413E+03
 191) H2S     + HO2     = H2O     + HSO          3.007E+06

SO3                 PRODUCTION RXS              INT RX RATE    TP =  1.84E+03
 120) SO2     + O       = SO3     +              1.318E+03
 122) HSO3    + O2      = HO2     + SO3          1.670E+02
 123) HSO3    + OH      = H2O     + SO3          1.236E-03
 124) HSO3    + H       = H2      + SO3          7.820E+01
 125) HSO3    + O       = OH      + SO3          2.673E+00
 156) SO21    + O2      = SO3     + O            5.155E-04
 157) SO21    + SO2     = SO3     + SO           3.038E+00
 160) SO23    + SO2     = SO3     + SO           1.252E+00
 163) SO2     + HO2     = SO3     + OH           2.736E+02

SO3                    LOSS RXS                INT RX RATE    TL =  1.84E+03
 121) SO3     + H2O     = H2SO4   +              1.844E+03
 151) SO3     + HV      = SO2     + O            1.679E-01
 168) SO3     + SO      = SO2     + SO2          1.072E-03

S2                  PRODUCTION RXS              INT RX RATE    TP =  1.64E+05
 135) HS      + S       = H       + S2           4.896E+04
 141) S       + S       = S2      +              2.670E+00
 149) S4      + HV      = S2      + S2           6.209E+00
 150) S3      + HV      = S2      + S            1.011E+01
 186) OCS     + S       = CO      + S2           1.152E+05
 193) OCS2    + S       = OCS     + S2           1.236E-04
 207) CS2X    + CS2     = CS      + CS      S2   1.148E-23
 209) CS2     + O       = CO      + S2           3.360E-06
 210) CS2     + SO      = OCS     + S2           1.506E-06
 211) CS2     + S       = CS      + S2           1.061E-06

S2                     LOSS RXS                INT RX RATE    TL =  1.63E+05
 142) S2      + O       = S       + SO           9.819E+02
 144) S2      + HV      = S       + S            1.617E+05
 145) S       + S2      = S3      +              1.012E+01
 146) S2      + S2      = S4      +              2.681E+01
 229) CH21    + S2      = HCS     + HS           2.447E-12
 230) CH23    + S2      = HCS     + HS           4.487E-03
 241) C       + S2      = CS      + S            7.223E-12
 250) CH      + S2      = CS      + HS           5.052E-11
 291) C2      + S2      = CS      + CS           7.953E-09

HSO                 PRODUCTION RXS              INT RX RATE    TP =  6.47E+07
 164) HS      + O3      = HSO     + O2           2.528E-01
 165) HS      + NO2     = HSO     + NO           5.507E+07
 170) SO      + HO2     = HSO     + O2           2.462E+06
 171) SO      + HCO     = HSO     + CO           1.974E+06
 172) H       + SO      = HSO     +              2.182E+06
 191) H2S     + HO2     = H2O     + HSO          3.007E+06

HSO                    LOSS RXS                INT RX RATE    TL =  6.06E+07
 173) HSO     + HV      = HS      + O            4.055E+04
 174) HSO     + NO      = HNO     + SO           5.097E+07
 175) HSO     + OH      = H2O     + SO           1.040E+01
 176) HSO     + H       = HS      + OH           4.929E+06
 177) HSO     + H       = H2      + SO           2.464E+06
 178) HSO     + HS      = H2S     + SO           2.463E+05
 179) HSO     + O       = OH      + SO           2.844E+04
 180) HSO     + S       = HS      + SO           2.035E+05

H2SO4               PRODUCTION RXS              INT RX RATE    TP =  1.03E+05
 121) SO3     + H2O     = H2SO4   +              1.844E+03

H2SO4                  LOSS RXS                INT RX RATE    TL =  1.05E+05

SO2                 PRODUCTION RXS              INT RX RATE    TP =  1.45E+08
 115) SO      + O2      = O       + SO2          1.242E+04
 116) SO      + HO2     = SO2     + OH           2.462E+06
 117) SO      + O       = SO2     +              8.664E+04
 118) SO      + OH      = SO2     + H            5.636E+05
 151) SO3     + HV      = SO2     + O            1.679E-01
 153) SO21    + HV      = SO2     +              3.418E-08
 155) SO21    + HV      = SO2     + HV           7.520E+07
 158) SO23    + HV      = SO2     +              1.830E-09
 159) SO23    + HV      = SO2     + HV           1.378E+07
 161) SO      + NO2     = SO2     + NO           5.275E+07
 162) SO      + O3      = SO2     + O2           8.701E-02
 167) SO      + SO      = SO2     + S            4.102E+05
 168) SO3     + SO      = SO2     + SO2          1.072E-03
 201) CS      + O3      = CO      + SO2          1.935E-05
 206) CS2X    + O2      = CS      + SO2          1.213E-13

SO2                    LOSS RXS                INT RX RATE    TL =  2.14E+09
 112) SO2     + HV      = SO      + O            6.080E+06
 113) SO2     + HV      = SO21    +              8.033E+07
 114) SO2     + HV      = SO23    +              8.657E+06
 119) SO2     + OH      = HSO3    +              2.478E+02
 120) SO2     + O       = SO3     +              1.318E+03
 157) SO21    + SO2     = SO3     + SO           3.038E+00
 160) SO23    + SO2     = SO3     + SO           1.252E+00
 163) SO2     + HO2     = SO3     + OH           2.736E+02

SO                  PRODUCTION RXS              INT RX RATE    TP =  6.99E+07
 112) SO2     + HV      = SO      + O            6.080E+06
 129) HS      + O       = H       + SO           5.068E+04
 130) HS      + O2      = OH      + SO           1.104E+01
 136) S       + O2      = SO      + O            6.117E+06
 137) S       + OH      = SO      + H            4.806E+02
 140) S       + HO2     = SO      + OH           7.491E+03
 142) S2      + O       = S       + SO           9.819E+02
 157) SO21    + SO2     = SO3     + SO           3.038E+00
 160) SO23    + SO2     = SO3     + SO           1.252E+00
 166) S       + O3      = SO      + O2           6.912E-02
 169) S       + CO2     = SO      + CO           3.708E+06
 174) HSO     + NO      = HNO     + SO           5.097E+07
 175) HSO     + OH      = H2O     + SO           1.040E+01
 177) HSO     + H       = H2      + SO           2.464E+06
 178) HSO     + HS      = H2S     + SO           2.463E+05
 179) HSO     + O       = OH      + SO           2.844E+04
 180) HSO     + S       = HS      + SO           2.035E+05
 184) O       + OCS     = CO      + SO           3.073E+02
 198) CS      + O2      = CO      + SO           1.924E-04
 200) CS      + O3      = SO      + CO2          1.935E-05
 202) CS2     + O       = SO      + CS           1.241E-04

SO                     LOSS RXS                INT RX RATE    TL =  6.87E+07
 110) SO      + HV      = S       + O            5.420E+06
 115) SO      + O2      = O       + SO2          1.242E+04
 116) SO      + HO2     = SO2     + OH           2.462E+06
 117) SO      + O       = SO2     +              8.664E+04
 118) SO      + OH      = SO2     + H            5.636E+05
 161) SO      + NO2     = SO2     + NO           5.275E+07
 162) SO      + O3      = SO2     + O2           8.701E-02
 167) SO      + SO      = SO2     + S            4.102E+05
 168) SO3     + SO      = SO2     + SO2          1.072E-03
 170) SO      + HO2     = HSO     + O2           2.462E+06
 171) SO      + HCO     = HSO     + CO           1.974E+06
 172) H       + SO      = HSO     +              2.182E+06
 210) CS2     + SO      = OCS     + S2           1.506E-06

CO2                 PRODUCTION RXS              INT RX RATE    TP =  7.16E+09
  31) CO      + OH      = CO2     + H            6.964E+09
  32) CO      + O       = CO2     +              1.467E+06
  37) O       + HCO     = H       + CO2          1.796E+08
 185) O       + OCS     = S       + CO2          1.482E-03
 187) OCS     + OH      = CO2     + HS           8.675E-02
 200) CS      + O3      = SO      + CO2          1.935E-05
 263) CH3O    + CO      = CH3     + CO2          1.480E+07

CO2                    LOSS RXS                INT RX RATE    TL =  7.54E+10
  29) CO2     + HV      = CO      + O            2.223E+10
  30) CO2     + HV      = CO      + O1D          5.250E+10
  96) CH21    + CO2     = H2CO    + CO           1.369E+06
  98) CH23    + CO2     = H2CO    + CO           6.711E+08
 169) S       + CO2     = SO      + CO           3.708E+06
 247) CH      + CO2     = HCO     + CO           3.670E+04

SO4AER              PRODUCTION RXS              INT RX RATE    TP =  3.41E+03

SO4AER                 LOSS RXS                INT RX RATE    TL =  1.80E+04

S8AER               PRODUCTION RXS              INT RX RATE    TP =  1.03E+01
 148) S4      + S4      = S8AER   +              1.031E+01

S8AER                  LOSS RXS                INT RX RATE    TL =  6.89E+02

HCAER               PRODUCTION RXS              INT RX RATE    TP =  6.12E+03
 391) C2H     + C2H2    = HCAER   + H            6.123E+03

HCAER                  LOSS RXS                INT RX RATE    TL =  1.62E+09

HCAER2              PRODUCTION RXS              INT RX RATE    TP =  2.68E+00
 392) C2H     + CH2CCH2 = HCAER2  + H            2.676E+00

HCAER2                 LOSS RXS                INT RX RATE    TL =  3.36E+07

HNO2                PRODUCTION RXS              INT RX RATE    TP =  0.00E+00
  83) NO      + OH      = HNO2    +              5.354E+03
 109) HO2     + NO2     = HNO2    + O2           3.915E+05
 267) NO2     + CH3O    = H2CO    + HNO2         6.574E+08

HNO2                   LOSS RXS                INT RX RATE    TL =  0.00E+00
  51) HNO2    + HV      = NO      + OH           6.578E+08
  92) HNO2    + OH      = H2O     + NO2          1.649E-01

O1D                 PRODUCTION RXS              INT RX RATE    TP =  0.00E+00
  23) O2      + HV      = O       + O1D          5.166E+08
  26) O3      + HV      = O2      + O1D          7.701E+01
  30) CO2     + HV      = CO      + O1D          5.250E+10

O1D                    LOSS RXS                INT RX RATE    TL =  0.00E+00
   1) H2O     + O1D     = OH      + OH           2.667E+06
   2) H2      + O1D     = OH      + H            2.893E+06
  21) O1D     + M       = O       + M            3.379E+09
  22) O1D     + O2      = O       + O2           3.263E+04
  56) CH4     + O1D     = CH3     + OH           3.721E+10
  57) CH4     + O1D     = H2CO    + H2           2.481E+09
 101) C2H6    + O1D     = C2H5    + OH           1.444E+07
 105) CO      + O1D     = CO      + O            2.866E+06
 268) O1D     + CH4     = CH3O    + H            9.923E+09
 338) C3H8    + O1D     = C3H7    + OH           8.090E+00

CH21                PRODUCTION RXS              INT RX RATE    TP =  0.00E+00
 234) CH4     + HV      = CH21    + H2           1.251E+10
 341) C3H8    + HV      = C2H6    + CH21         1.993E+02
 386) C2H6    + HV      = CH4     + CH21         1.214E+07

CH21                   LOSS RXS                INT RX RATE    TL =  0.00E+00
  58) CH21    + CH4     = CH3     + CH3          1.176E+10
  59) CH21    + O2      = HCO     + OH           6.563E+04
  60) CH21    + M       = CH23    + M            7.560E+08
  94) CH21    + H2      = CH3     + H            2.444E+02
  95) CH21    + H2      = CH23    + H2           6.158E+05
  96) CH21    + CO2     = H2CO    + CO           1.369E+06
 229) CH21    + S2      = HCS     + HS           2.447E-12

C                   PRODUCTION RXS              INT RX RATE    TP =  0.00E+00
 242) CH      + H       = C       + H2           3.215E+03
 248) CH      + HV      = C       + H            1.148E+00
 290) C2      + S       = C       + CS           6.326E-06
 292) C2      + O       = C       + CO           6.278E+01

C                      LOSS RXS                INT RX RATE    TL =  0.00E+00
 237) C       + OH      = CO      + H            5.799E+00
 238) C       + H2      = CH23    +              3.447E+00
 239) C       + O2      = CO      + O            3.269E+03
 240) C       + HS      = CS      + H            2.226E-08
 241) C       + S2      = CS      + S            7.223E-12

SO21                PRODUCTION RXS              INT RX RATE    TP =  0.00E+00
 113) SO2     + HV      = SO21    +              8.033E+07

SO21                   LOSS RXS                INT RX RATE    TL =  0.00E+00
 152) SO21    + HV      = SO23    +              3.418E-09
 153) SO21    + HV      = SO2     +              3.418E-08
 154) SO21    + HV      = SO23    + HV           5.127E+06
 155) SO21    + HV      = SO2     + HV           7.520E+07
 156) SO21    + O2      = SO3     + O            5.155E-04
 157) SO21    + SO2     = SO3     + SO           3.038E+00

SO23                PRODUCTION RXS              INT RX RATE    TP =  0.00E+00
 114) SO2     + HV      = SO23    +              8.657E+06
 152) SO21    + HV      = SO23    +              3.418E-09
 154) SO21    + HV      = SO23    + HV           5.127E+06

SO23                   LOSS RXS                INT RX RATE    TL =  0.00E+00
 158) SO23    + HV      = SO2     +              1.830E-09
 159) SO23    + HV      = SO2     + HV           1.378E+07
 160) SO23    + SO2     = SO3     + SO           1.252E+00

HSO3                PRODUCTION RXS              INT RX RATE    TP =  0.00E+00
 119) SO2     + OH      = HSO3    +              2.478E+02

HSO3                   LOSS RXS                INT RX RATE    TL =  0.00E+00
 122) HSO3    + O2      = HO2     + SO3          1.670E+02
 123) HSO3    + OH      = H2O     + SO3          1.236E-03
 124) HSO3    + H       = H2      + SO3          7.820E+01
 125) HSO3    + O       = OH      + SO3          2.673E+00

OCS2                PRODUCTION RXS              INT RX RATE    TP =  0.00E+00
 192) OCS     + S       = OCS2    +              1.109E+03

OCS2                   LOSS RXS                INT RX RATE    TL =  0.00E+00
 193) OCS2    + S       = OCS     + S2           1.236E-04
 196) OCS2    + CO      = OCS     + OCS          1.109E+03

CS2X                PRODUCTION RXS              INT RX RATE    TP =  0.00E+00
 214) CS2     + HV      = CS2X    +              5.416E-03

CS2X                   LOSS RXS                INT RX RATE    TL =  0.00E+00
 205) CS2X    + M       = CS2     + M            5.416E-03
 206) CS2X    + O2      = CS      + SO2          1.213E-13
 207) CS2X    + CS2     = CS      + CS      S2   1.148E-23

S3                  PRODUCTION RXS              INT RX RATE    TP =  0.00E+00
 145) S       + S2      = S3      +              1.012E+01

S3                     LOSS RXS                INT RX RATE    TL =  0.00E+00
 147) S       + S3      = S4      +              1.206E-02
 150) S3      + HV      = S2      + S            1.011E+01

S4                  PRODUCTION RXS              INT RX RATE    TP =  0.00E+00
 146) S2      + S2      = S4      +              2.681E+01
 147) S       + S3      = S4      +              1.206E-02

S4                     LOSS RXS                INT RX RATE    TL =  0.00E+00
 148) S4      + S4      = S8AER   +              1.031E+01
 149) S4      + HV      = S2      + S2           6.209E+00

N2                  PRODUCTION RXS              INT RX RATE    TP =  0.00E+00
  75) N       + N       = N2      +              1.926E+00
  79) N       + NO      = N2      + O            5.185E+07

N2                     LOSS RXS                INT RX RATE    TL =  0.00E+00
