
O                   PRODUCTION RXS              INT RX RATE    TP =  1.22E+15
   8) H       + HO2     = H2O     + O            9.228E+05
  20) OH      + OH      = H2O     + O            1.731E+00
  21) O1D     + M       = O       + M            2.632E+11
  22) O1D     + O2      = O       + O2           6.588E+06
  24) O2      + HV      = O       + O            9.539E+06
  27) O3      + HV      = O2      + O            1.210E+15
  29) CO2     + HV      = CO      + O            6.757E+08
  50) HO2     + HV      = OH      + O            2.545E+05
  53) NO      + HV      = N       + O            2.854E+03
  54) NO2     + HV      = NO      + O            5.103E+12
  76) N       + O2      = NO      + O            1.404E+04
  79) N       + NO      = N2      + O            4.332E+07
 105) CO      + O1D     = CO      + O            4.048E+08
 107) HNO3    + OH      = H2O     + NO2     O    2.968E+08
 110) SO      + HV      = S       + O            2.149E-02
 112) SO2     + HV      = SO      + O            1.440E+05
 115) SO      + O2      = O       + SO2          1.740E+05
 136) S       + O2      = SO      + O            9.981E-01
 151) SO3     + HV      = SO2     + O            4.837E+01
 156) SO21    + O2      = SO3     + O            3.639E+01
 173) HSO     + HV      = HS      + O            5.163E-02
 197) CS      + O2      = OCS     + O            4.882E-19
 239) C       + O2      = CO      + O            1.679E-19

O                      LOSS RXS                INT RX RATE    TL =  1.24E+15
   3) H2      + O       = OH      + H            2.713E+08
  10) OH      + O       = H       + O2           6.995E+05
  13) HO2     + O       = OH      + O2           1.996E+11
  17) O       + O       = O2      +              5.776E+07
  18) O       + O2      = O3      +              1.222E+15
  19) O       + O3      = O2      + O2           4.808E+10
  32) CO      + O       = CO2     +              1.127E+13
  37) O       + HCO     = H       + CO2          9.141E+04
  38) O       + HCO     = OH      + CO           9.141E+04
  48) H2CO    + O       = HCO     + OH           1.351E+10
  49) H2O2    + O       = OH      + HO2          1.026E+10
  65) CH3     + O       = H2CO    + H            3.909E+04
  81) NO      + O       = NO2     +              3.840E+10
  84) NO2     + O       = NO      + O2           3.254E+12
  90) O       + HNO     = OH      + NO           5.776E+06
  93) CH4     + O       = CH3     + OH           4.231E+10
  97) CH23    + O       = HCO     + H            7.001E-04
 100) C2H6    + O       = C2H5    + OH           3.669E+07
 117) SO      + O       = SO2     +              2.238E+03
 120) SO2     + O       = SO3     +              5.979E+07
 125) HSO3    + O       = OH      + SO3          9.069E-01
 128) H2S     + O       = OH      + HS           2.205E+06
 129) HS      + O       = H       + SO           9.061E+01
 142) S2      + O       = S       + SO           1.409E-11
 179) HSO     + O       = OH      + SO           1.916E+08
 184) O       + OCS     = CO      + SO           2.876E-01
 185) O       + OCS     = S       + CO2          9.882E-07
 202) CS2     + O       = SO      + CS           2.791E-24
 203) CS2     + O       = OCS     + S            2.617E-25
 209) CS2     + O       = CO      + S2           6.979E-26
 212) CS      + O       = CO      + S            1.160E-18
 223) C2H5    + O       = CH3     + HCO     H    9.321E-01
 224) C2H5    + O       = H2CO    + CH3          8.295E-01
 225) C2H5    + O       = CH3CHO  + H            4.132E+00
 243) CH      + O       = CO      + H            3.227E-15
 253) CH23    + O       = CH      + OH           5.601E-04
 254) CH23    + O       = CO      + H       H    5.811E-03
 260) CH3O2   + O       = H2CO    + HO2          5.341E+08
 273) CH2CO   + O       = H2CO    + CO           9.876E+07
 276) CH3CO   + O       = H2CO    + HCO          3.240E+08
 284) C2H     + O       = CO      + CH           4.648E-24
 292) C2      + O       = C       + CO           4.914E-25
 304) C2H4    + O       = HCO     + CH3          2.603E-01
 309) C2H2    + O       = CH23    + CO           9.756E-11
 310) C2H3    + O       = CH2CO   + H            1.903E-14
 322) C2H2OH  + O       = OH      + CH2CO        9.148E-14
 327) C2H4OH  + O       = OH      + CH3CHO       2.116E-05
 330) CH3CHO  + O       = CH3CO   + OH           3.828E+00
 337) C3H8    + O       = C3H7    + OH           2.393E-01
 352) C3H6    + O       = CH3     + CH3     CO   3.145E-05
 356) C3H7    + O       = C2H5CHO + H            2.713E-01

O2                  PRODUCTION RXS              INT RX RATE    TP =  1.23E+15
   5) H       + O3      = OH      + O2           5.427E+11
   7) H       + HO2     = H2      + O2           4.153E+06
  10) OH      + O       = H       + O2           6.995E+05
  11) OH      + HO2     = H2O     + O2           4.249E+07
  12) OH      + O3      = HO2     + O2           4.232E+08
  13) HO2     + O       = OH      + O2           1.996E+11
  14) HO2     + O3      = OH      + O2      O2   4.693E+12
  15) HO2     + HO2     = H2O2    + O2           6.725E+11
  17) O       + O       = O2      +              5.776E+07
  19) O       + O3      = O2      + O2           4.808E+10
  22) O1D     + O2      = O       + O2           6.588E+06
  26) O3      + HV      = O2      + O1D          2.651E+11
  27) O3      + HV      = O2      + O            1.210E+15
  77) N       + O3      = NO      + O2           3.135E+07
  80) NO      + O3      = NO2     + O2           6.659E+12
  84) NO2     + O       = NO      + O2           3.254E+12
 109) HO2     + NO2     = HNO2    + O2           3.517E+09
 131) HS      + HO2     = H2S     + O2           4.295E+03
 139) S       + HO2     = HS      + O2           2.617E-05
 162) SO      + O3      = SO2     + O2           2.708E+05
 164) HS      + O3      = HSO     + O2           8.965E+04
 166) S       + O3      = SO      + O2           6.539E-03
 170) SO      + HO2     = HSO     + O2           8.157E+05
 199) CS      + O3      = OCS     + O2           6.408E-16
 258) CH3O2   + H       = CH4     + O2           2.854E+05
 265) CH3     + O3      = CH3O    + O2           3.301E+08

O2                     LOSS RXS                INT RX RATE    TL =  1.23E+15
   6) H       + O2      = HO2     +              7.398E+12
  18) O       + O2      = O3      +              1.222E+15
  22) O1D     + O2      = O       + O2           6.588E+06
  24) O2      + HV      = O       + O            9.539E+06
  44) HCO     + O2      = HO2     + CO           4.371E+11
  63) CH23    + O2      = HCO     + OH           4.992E+03
  64) CH3     + O2      = H2CO    + OH           6.728E+10
  76) N       + O2      = NO      + O            1.404E+04
 104) C2H5    + O2      = CH3     + HCO     OH   9.765E+07
 115) SO      + O2      = O       + SO2          1.740E+05
 122) HSO3    + O2      = HO2     + SO3          2.423E+06
 130) HS      + O2      = OH      + SO           3.936E+01
 136) S       + O2      = SO      + O            9.981E-01
 156) SO21    + O2      = SO3     + O            3.639E+01
 197) CS      + O2      = OCS     + O            4.882E-19
 198) CS      + O2      = CO      + SO           6.102E-20
 206) CS2X    + O2      = CS      + SO2          1.222E-33
 239) C       + O2      = CO      + O            1.679E-19
 246) CH      + O2      = CO      + OH           6.976E-08
 257) CH3     + O2      = CH3O2   +              2.598E+10
 269) CH3O    + O2      = H2CO    + HO2          2.288E+10
 283) C2H     + O2      = CO      + HCO          1.228E-16
 293) C2      + O2      = CO      + CO           2.188E-19

H2O                 PRODUCTION RXS              INT RX RATE    TP =  7.59E+10
   4) H2      + OH      = H2O     + H            3.665E+08
   8) H       + HO2     = H2O     + O            9.228E+05
  11) OH      + HO2     = H2O     + O2           4.249E+07
  16) H2O2    + OH      = HO2     + H2O          3.219E+10
  20) OH      + OH      = H2O     + O            1.731E+00
  36) OH      + HCO     = H2O     + CO           2.315E+02
  45) H2CO    + OH      = H2O     + HCO          1.697E+09
  46) H       + OH      = H2O     +              1.557E+02
  55) CH4     + OH      = CH3     + H2O          5.110E+10
  91) OH      + HNO     = H2O     + NO           5.564E+03
  92) HNO2    + OH      = H2O     + NO2          1.994E+03
  99) C2H6    + OH      = C2H5    + H2O          6.087E+07
 107) HNO3    + OH      = H2O     + NO2     O    2.968E+08
 123) HSO3    + OH      = H2O     + SO3          7.623E-04
 126) H2S     + OH      = H2O     + HS           1.618E+06
 175) HSO     + OH      = H2O     + SO           1.936E+05
 191) H2S     + HO2     = H2O     + HSO          2.994E+08
 228) C2H5    + OH      = C2H4    + H2O          1.237E-03
 259) CH3O2   + H       = H2O     + H2CO         2.038E+05
 311) C2H3    + OH      = C2H2    + H2O          1.883E-18
 320) C2H2OH  + H       = H2O     + C2H2         2.640E-12
 323) C2H2OH  + OH      = H2O     + CH2CO        1.247E-15
 325) C2H4OH  + H       = H2O     + C2H4         3.659E-03
 328) C2H4OH  + OH      = H2O     + CH3CHO       5.749E-07
 331) CH3CHO  + OH      = CH3CO   + H2O          6.333E-02
 336) C3H8    + OH      = C3H7    + H2O          3.350E-02
 395) H4      + H4CO2   = CH4     + H2O     H2O  7.096E-74

H2O                    LOSS RXS                INT RX RATE    TL =  4.48E+07
   1) H2O     + O1D     = OH      + OH           6.831E+03
  25) H2O     + HV      = H       + OH           5.462E+03
 121) SO3     + H2O     = H2SO4   +              6.294E+07

H                   PRODUCTION RXS              INT RX RATE    TP =  8.37E+12
   2) H2      + O1D     = OH      + H            9.411E+06
   3) H2      + O       = OH      + H            2.713E+08
   4) H2      + OH      = H2O     + H            3.665E+08
  10) OH      + O       = H       + O2           6.995E+05
  25) H2O     + HV      = H       + OH           5.462E+03
  31) CO      + OH      = CO2     + H            8.364E+12
  37) O       + HCO     = H       + CO2          9.141E+04
  40) H2CO    + HV      = HCO     + H            7.822E+09
  41) HCO     + HV      = H       + CO           2.246E+08
  61) CH23    + H2      = CH3     + H            1.390E+04
  65) CH3     + O       = H2CO    + H            3.909E+04
  69) CH3     + HV      = CH23    + H            4.265E+04
  78) N       + OH      = NO      + H            8.492E+02
  88) HNO     + HV      = NO      + H            1.613E+09
  97) CH23    + O       = HCO     + H            7.001E-04
 111) H2S     + HV      = HS      + H            7.965E-02
 118) SO      + OH      = SO2     + H            8.622E+00
 129) HS      + O       = H       + SO           9.061E+01
 135) HS      + S       = H       + S2           1.229E-11
 137) S       + OH      = SO      + H            8.121E-10
 183) HS      + CO      = OCS     + H            2.823E-03
 188) S       + HCO     = OCS     + H            3.398E-07
 208) CS      + HS      = CS2     + H            3.109E-24
 218) S       + HCS     = H       + CS2          1.334E-26
 223) C2H5    + O       = CH3     + HCO     H    9.321E-01
 225) C2H5    + O       = CH3CHO  + H            4.132E+00
 232) CH23    + S       = HCS     + H            1.905E-15
 237) C       + OH      = CO      + H            9.191E-30
 240) C       + HS      = CS      + H            1.033E-30
 243) CH      + O       = CO      + H            3.227E-15
 244) CH      + H2      = CH23    + H            4.514E-08
 248) CH      + HV      = C       + H            1.618E-24
 249) CH      + S       = CS      + H            7.930E-27
 254) CH23    + O       = CO      + H       H    5.811E-03
 264) CH3     + OH      = CH3O    + H            5.589E+00
 268) O1D     + CH4     = CH3O    + H            2.926E+08
 280) C2H2    + HV      = C2H     + H            6.423E-16
 285) C2H     + H2      = C2H2    + H            6.429E-20
 288) C2      + H2      = C2H     + H            9.165E-21
 295) C2H4    + HV      = C2H2    + H       H    1.532E-12
 296) CH23    + CH3     = C2H4    + H            7.972E-04
 300) C2H3    + H2      = C2H4    + H            2.431E-12
 307) CH      + CH4     = C2H4    + H            8.027E-04
 310) C2H3    + O       = CH2CO   + H            1.903E-14
 319) C2H2    + OH      = CH2CO   + H            1.637E-11
 345) C3H6    + HV      = C2H2    + CH3     H    1.681E-17
 348) C3H6    + HV      = C2H     + CH4     H    2.472E-18
 356) C3H7    + O       = C2H5CHO + H            2.713E-01
 357) CH      + C2H4    = CH2CCH2 + H            1.492E-19
 358) CH      + C2H4    = CH3C2H  + H            1.492E-19
 361) CH3     + C2H3    = C3H5    + H            4.441E-19
 367) CH      + C2H2    = C3H2    + H            8.042E-28
 376) CH2CCH2 + H       = CH3C2H  + H            4.313E-17
 378) C3H3    + HV      = C3H2    + H            1.526E-15
 379) CH3C2H  + HV      = C3H3    + H            5.971E-18
 382) CH2CCH2 + HV      = C3H3    + H            5.935E-18
 391) C2H     + C2H2    = HCAER   + H            1.453E-40
 392) C2H     + CH2CCH2 = HCAER2  + H            3.955E-44

H                      LOSS RXS                INT RX RATE    TL =  8.37E+12
   5) H       + O3      = OH      + O2           5.427E+11
   6) H       + O2      = HO2     +              7.398E+12
   7) H       + HO2     = H2      + O2           4.153E+06
   8) H       + HO2     = H2O     + O            9.228E+05
   9) H       + HO2     = OH      + OH           4.106E+07
  33) H       + CO      = HCO     +              4.140E+11
  34) H       + HCO     = H2      + CO           2.151E+04
  42) H2CO    + H       = H2      + HCO          8.782E+06
  43) H       + H       = H2      +              1.430E+01
  46) H       + OH      = H2O     +              1.557E+02
  70) CH3     + H       = CH4     +              3.467E+03
  74) H       + NO      = HNO     +              1.988E+07
  86) NO2     + H       = NO      + OH           1.940E+10
  89) H       + HNO     = H2      + NO           2.175E+04
 124) HSO3    + H       = H2      + SO3          3.672E-02
 127) H2S     + H       = H2      + HS           7.865E+06
 134) HS      + H       = H2      + S            1.270E+00
 172) H       + SO      = HSO     +              8.832E+00
 176) HSO     + H       = HS      + OH           6.166E+06
 177) HSO     + H       = H2      + SO           3.083E+06
 182) H       + OCS     = CO      + HS           3.535E-03
 216) H       + CS      = HCS     +              1.467E-23
 217) H       + HCS     = H2      + CS           1.307E-15
 220) C2H5    + H       = CH3     + CH3          9.307E-02
 221) C2H5    + H       = C2H6    +              3.440E-01
 222) C2H5    + H       = C2H4    + H2           4.653E-03
 242) CH      + H       = C       + H2           3.449E-17
 255) CH23    + H       = CH3     +              6.102E-04
 256) CH23    + H       = CH      + H2           6.468E-04
 258) CH3O2   + H       = CH4     + O2           2.854E+05
 259) CH3O2   + H       = H2O     + H2CO         2.038E+05
 272) CH2CO   + H       = CH3     + CO           7.915E+03
 275) CH3CO   + H       = CH4     + CO           5.160E+07
 287) C2H     + H       = C2H2    +              4.674E-27
 298) C2H2    + H       = C2H3    +              1.005E-11
 299) C2H3    + H       = C2H2    + H2           3.215E-16
 305) C2H4    + H       = C2H5    +              1.519E-02
 320) C2H2OH  + H       = H2O     + C2H2         2.640E-12
 321) C2H2OH  + H       = H2      + CH2CO        4.214E-16
 325) C2H4OH  + H       = H2O     + C2H4         3.659E-03
 326) C2H4OH  + H       = H2      + CH3CHO       7.727E-07
 329) CH3CHO  + H       = CH3CO   + H2           1.032E-02
 339) C3H7    + H       = CH3     + C2H5         1.367E-03
 353) C3H6    + H       = C3H7    +              4.287E-07
 359) CH2CCH2 + H       = CH3     + C2H2         4.422E-19
 360) CH2CCH2 + H       = C3H5    +              4.958E-20
 363) C3H5    + H       = C3H6    +              7.215E-18
 364) C3H5    + H       = CH4     + C2H2         1.086E-17
 366) C3H5    + H       = CH2CCH2 + H2           1.086E-17
 369) CH3C2H  + H       = CH3     + C2H2         4.233E-17
 370) CH3C2H  + H       = C3H5    +              4.233E-17
 371) C3H2    + H       = C3H3    +              1.534E-15
 372) C3H3    + H       = CH3C2H  +              9.968E-18
 373) C3H3    + H       = CH2CCH2 +              9.968E-18
 374) C3H5    + H       = CH3C2H  + H2           1.086E-17
 376) CH2CCH2 + H       = CH3C2H  + H            4.313E-17

OH                  PRODUCTION RXS              INT RX RATE    TP =  8.45E+12
   1) H2O     + O1D     = OH      + OH           6.831E+03
   2) H2      + O1D     = OH      + H            9.411E+06
   3) H2      + O       = OH      + H            2.713E+08
   5) H       + O3      = OH      + O2           5.427E+11
   9) H       + HO2     = OH      + OH           4.106E+07
  13) HO2     + O       = OH      + O2           1.996E+11
  14) HO2     + O3      = OH      + O2      O2   4.693E+12
  25) H2O     + HV      = H       + OH           5.462E+03
  28) H2O2    + HV      = OH      + OH           5.975E+11
  38) O       + HCO     = OH      + CO           9.141E+04
  48) H2CO    + O       = HCO     + OH           1.351E+10
  49) H2O2    + O       = OH      + HO2          1.026E+10
  50) HO2     + HV      = OH      + O            2.545E+05
  51) HNO2    + HV      = NO      + OH           5.258E+09
  52) HNO3    + HV      = NO2     + OH           4.145E+07
  56) CH4     + O1D     = CH3     + OH           1.097E+09
  63) CH23    + O2      = HCO     + OH           4.992E+03
  64) CH3     + O2      = H2CO    + OH           6.728E+10
  82) NO      + HO2     = NO2     + OH           1.660E+12
  86) NO2     + H       = NO      + OH           1.940E+10
  90) O       + HNO     = OH      + NO           5.776E+06
  93) CH4     + O       = CH3     + OH           4.231E+10
 100) C2H6    + O       = C2H5    + OH           3.669E+07
 101) C2H6    + O1D     = C2H5    + OH           7.760E+04
 104) C2H5    + O2      = CH3     + HCO     OH   9.765E+07
 108) N       + HO2     = NO      + OH           2.532E+07
 116) SO      + HO2     = SO2     + OH           8.157E+05
 125) HSO3    + O       = OH      + SO3          9.069E-01
 128) H2S     + O       = OH      + HS           2.205E+06
 130) HS      + O2      = OH      + SO           3.936E+01
 140) S       + HO2     = SO      + OH           2.617E-05
 163) SO2     + HO2     = SO3     + OH           7.253E+05
 176) HSO     + H       = HS      + OH           6.166E+06
 179) HSO     + O       = OH      + SO           1.916E+08
 246) CH      + O2      = CO      + OH           6.976E-08
 253) CH23    + O       = CH      + OH           5.601E-04
 322) C2H2OH  + O       = OH      + CH2CO        9.148E-14
 327) C2H4OH  + O       = OH      + CH3CHO       2.116E-05
 330) CH3CHO  + O       = CH3CO   + OH           3.828E+00
 337) C3H8    + O       = C3H7    + OH           2.393E-01
 338) C3H8    + O1D     = C3H7    + OH           8.690E-07

OH                     LOSS RXS                INT RX RATE    TL =  8.45E+12
   4) H2      + OH      = H2O     + H            3.665E+08
  10) OH      + O       = H       + O2           6.995E+05
  11) OH      + HO2     = H2O     + O2           4.249E+07
  12) OH      + O3      = HO2     + O2           4.232E+08
  16) H2O2    + OH      = HO2     + H2O          3.219E+10
  20) OH      + OH      = H2O     + O            1.731E+00
  31) CO      + OH      = CO2     + H            8.364E+12
  36) OH      + HCO     = H2O     + CO           2.315E+02
  45) H2CO    + OH      = H2O     + HCO          1.697E+09
  46) H       + OH      = H2O     +              1.557E+02
  47) OH      + OH      = H2O2    +              1.588E+01
  55) CH4     + OH      = CH3     + H2O          5.110E+10
  67) CH3     + OH      = CO      + H2      H2   2.880E+00
  78) N       + OH      = NO      + H            8.492E+02
  83) NO      + OH      = HNO2    +              7.835E+06
  85) NO2     + OH      = HNO3    +              4.596E+08
  91) OH      + HNO     = H2O     + NO           5.564E+03
  92) HNO2    + OH      = H2O     + NO2          1.994E+03
  99) C2H6    + OH      = C2H5    + H2O          6.087E+07
 107) HNO3    + OH      = H2O     + NO2     O    2.968E+08
 118) SO      + OH      = SO2     + H            8.622E+00
 119) SO2     + OH      = HSO3    +              2.423E+06
 123) HSO3    + OH      = H2O     + SO3          7.623E-04
 126) H2S     + OH      = H2O     + HS           1.618E+06
 137) S       + OH      = SO      + H            8.121E-10
 175) HSO     + OH      = H2O     + SO           1.936E+05
 187) OCS     + OH      = CO2     + HS           4.245E-05
 204) CS2     + OH      = OCS     + HS           2.504E-30
 226) C2H5    + OH      = CH3     + HCO     H2   1.237E-03
 227) C2H5    + OH      = CH3CHO  + H2           3.093E-03
 228) C2H5    + OH      = C2H4    + H2O          1.237E-03
 237) C       + OH      = CO      + H            9.191E-30
 264) CH3     + OH      = CH3O    + H            5.589E+00
 282) C2H2    + OH      = CO      + CH3          1.482E-12
 303) C2H4    + OH      = H2CO    + CH3          4.778E-03
 311) C2H3    + OH      = C2H2    + H2O          1.883E-18
 318) C2H2    + OH      = C2H2OH  +              2.733E-12
 319) C2H2    + OH      = CH2CO   + H            1.637E-11
 323) C2H2OH  + OH      = H2O     + CH2CO        1.247E-15
 324) C2H4    + OH      = C2H4OH  +              3.681E-03
 328) C2H4OH  + OH      = H2O     + CH3CHO       5.749E-07
 331) CH3CHO  + OH      = CH3CO   + H2O          6.333E-02
 336) C3H8    + OH      = C3H7    + H2O          3.350E-02
 351) C3H6    + OH      = CH3CHO  + CH3          3.382E-07
 355) C3H7    + OH      = C2H5CHO + H2           1.111E-04

HO2                 PRODUCTION RXS              INT RX RATE    TP =  7.90E+12
   6) H       + O2      = HO2     +              7.398E+12
  12) OH      + O3      = HO2     + O2           4.232E+08
  16) H2O2    + OH      = HO2     + H2O          3.219E+10
  44) HCO     + O2      = HO2     + CO           4.371E+11
  49) H2O2    + O       = OH      + HO2          1.026E+10
  66) CH3     + O3      = H2CO    + HO2          3.301E+08
 122) HSO3    + O2      = HO2     + SO3          2.423E+06
 260) CH3O2   + O       = H2CO    + HO2          5.341E+08
 269) CH3O    + O2      = H2CO    + HO2          2.288E+10

HO2                    LOSS RXS                INT RX RATE    TL =  7.90E+12
   7) H       + HO2     = H2      + O2           4.153E+06
   8) H       + HO2     = H2O     + O            9.228E+05
   9) H       + HO2     = OH      + OH           4.106E+07
  11) OH      + HO2     = H2O     + O2           4.249E+07
  13) HO2     + O       = OH      + O2           1.996E+11
  14) HO2     + O3      = OH      + O2      O2   4.693E+12
  15) HO2     + HO2     = H2O2    + O2           6.725E+11
  50) HO2     + HV      = OH      + O            2.545E+05
  82) NO      + HO2     = NO2     + OH           1.660E+12
 108) N       + HO2     = NO      + OH           2.532E+07
 109) HO2     + NO2     = HNO2    + O2           3.517E+09
 116) SO      + HO2     = SO2     + OH           8.157E+05
 131) HS      + HO2     = H2S     + O2           4.295E+03
 139) S       + HO2     = HS      + O2           2.617E-05
 140) S       + HO2     = SO      + OH           2.617E-05
 163) SO2     + HO2     = SO3     + OH           7.253E+05
 170) SO      + HO2     = HSO     + O2           8.157E+05
 191) H2S     + HO2     = H2O     + HSO          2.994E+08

H2O2                PRODUCTION RXS              INT RX RATE    TP =  6.72E+11
  15) HO2     + HO2     = H2O2    + O2           6.725E+11
  47) OH      + OH      = H2O2    +              1.588E+01

H2O2                   LOSS RXS                INT RX RATE    TL =  6.70E+11
  16) H2O2    + OH      = HO2     + H2O          3.219E+10
  28) H2O2    + HV      = OH      + OH           5.975E+11
  49) H2O2    + O       = OH      + HO2          1.026E+10

H2                  PRODUCTION RXS              INT RX RATE    TP =  5.46E+10
   7) H       + HO2     = H2      + O2           4.153E+06
  34) H       + HCO     = H2      + CO           2.151E+04
  39) H2CO    + HV      = H2      + CO           5.436E+10
  42) H2CO    + H       = H2      + HCO          8.782E+06
  43) H       + H       = H2      +              1.430E+01
  57) CH4     + O1D     = H2CO    + H2           7.315E+07
  67) CH3     + OH      = CO      + H2      H2   2.880E+00
  89) H       + HNO     = H2      + NO           2.175E+04
 124) HSO3    + H       = H2      + SO3          3.672E-02
 127) H2S     + H       = H2      + HS           7.865E+06
 134) HS      + H       = H2      + S            1.270E+00
 177) HSO     + H       = H2      + SO           3.083E+06
 217) H       + HCS     = H2      + CS           1.307E-15
 222) C2H5    + H       = C2H4    + H2           4.653E-03
 226) C2H5    + OH      = CH3     + HCO     H2   1.237E-03
 227) C2H5    + OH      = CH3CHO  + H2           3.093E-03
 242) CH      + H       = C       + H2           3.449E-17
 256) CH23    + H       = CH      + H2           6.468E-04
 279) CH23    + CH23    = C2H2    + H2           1.199E-10
 281) C2H2    + HV      = C2      + H2           2.141E-16
 294) C2H4    + HV      = C2H2    + H2           4.142E-12
 299) C2H3    + H       = C2H2    + H2           3.215E-16
 321) C2H2OH  + H       = H2      + CH2CO        4.214E-16
 326) C2H4OH  + H       = H2      + CH3CHO       7.727E-07
 329) CH3CHO  + H       = CH3CO   + H2           1.032E-02
 346) C3H6    + HV      = CH2CCH2 + H2           4.943E-19
 355) C3H7    + OH      = C2H5CHO + H2           1.111E-04
 366) C3H5    + H       = CH2CCH2 + H2           1.086E-17
 374) C3H5    + H       = CH3C2H  + H2           1.086E-17
 380) CH3C2H  + HV      = C3H2    + H2           4.692E-18
 383) CH2CCH2 + HV      = C3H2    + H2           3.339E-18

H2                     LOSS RXS                INT RX RATE    TL =  6.65E+08
   2) H2      + O1D     = OH      + H            9.411E+06
   3) H2      + O       = OH      + H            2.713E+08
   4) H2      + OH      = H2O     + H            3.665E+08
  61) CH23    + H2      = CH3     + H            1.390E+04
 238) C       + H2      = CH23    +              3.432E-17
 244) CH      + H2      = CH23    + H            4.514E-08
 245) CH      + H2      = CH3     +              6.997E-06
 285) C2H     + H2      = C2H2    + H            6.429E-20
 288) C2      + H2      = C2H     + H            9.165E-21
 300) C2H3    + H2      = C2H4    + H            2.431E-12
 393) H2      + H2      = H4      +              1.419E-73

CO                  PRODUCTION RXS              INT RX RATE    TP =  4.94E+11
  29) CO2     + HV      = CO      + O            6.757E+08
  34) H       + HCO     = H2      + CO           2.151E+04
  35) HCO     + HCO     = H2CO    + CO           7.818E+04
  36) OH      + HCO     = H2O     + CO           2.315E+02
  38) O       + HCO     = OH      + CO           9.141E+04
  39) H2CO    + HV      = H2      + CO           5.436E+10
  41) HCO     + HV      = H       + CO           2.246E+08
  44) HCO     + O2      = HO2     + CO           4.371E+11
  67) CH3     + OH      = CO      + H2      H2   2.880E+00
  71) CH3     + HCO     = CH4     + CO           1.820E+04
  87) HCO     + NO      = HNO     + CO           1.882E+08
  98) CH23    + CO2     = H2CO    + CO           5.430E+06
 102) C2H5    + HCO     = C2H6    + CO           2.676E+00
 105) CO      + O1D     = CO      + O            4.048E+08
 133) HS      + HCO     = H2S     + CO           4.738E+00
 138) S       + HCO     = HS      + CO           4.248E-08
 169) S       + CO2     = SO      + CO           6.368E-04
 171) SO      + HCO     = HSO     + CO           5.644E+01
 182) H       + OCS     = CO      + HS           3.535E-03
 184) O       + OCS     = CO      + SO           2.876E-01
 186) OCS     + S       = CO      + S2           1.793E-12
 190) OCS     + HV      = CO      + S            1.378E-03
 198) CS      + O2      = CO      + SO           6.102E-20
 201) CS      + O3      = CO      + SO2          6.408E-16
 209) CS2     + O       = CO      + S2           6.979E-26
 212) CS      + O       = CO      + S            1.160E-18
 237) C       + OH      = CO      + H            9.191E-30
 239) C       + O2      = CO      + O            1.679E-19
 243) CH      + O       = CO      + H            3.227E-15
 246) CH      + O2      = CO      + OH           6.976E-08
 247) CH      + CO2     = HCO     + CO           3.970E-04
 252) OCS     + CH      = CO      + HCS          1.874E-17
 254) CH23    + O       = CO      + H       H    5.811E-03
 262) HCO     + H2CO    = CH3O    + CO           1.944E+04
 270) CH2CO   + HV      = CH23    + CO           5.425E+06
 272) CH2CO   + H       = CH3     + CO           7.915E+03
 273) CH2CO   + O       = H2CO    + CO           9.876E+07
 275) CH3CO   + H       = CH4     + CO           5.160E+07
 277) CH3CO   + CH3     = C2H6    + CO           6.541E+07
 282) C2H2    + OH      = CO      + CH3          1.482E-12
 283) C2H     + O2      = CO      + HCO          1.228E-16
 284) C2H     + O       = CO      + CH           4.648E-24
 292) C2      + O       = C       + CO           4.914E-25
 293) C2      + O2      = CO      + CO           2.188E-19
 309) C2H2    + O       = CH23    + CO           9.756E-11
 334) CH3CHO  + HV      = CH4     + CO           5.147E-02
 352) C3H6    + O       = CH3     + CH3     CO   3.145E-05

CO                     LOSS RXS                INT RX RATE    TL =  2.00E+13
  31) CO      + OH      = CO2     + H            8.364E+12
  32) CO      + O       = CO2     +              1.127E+13
  33) H       + CO      = HCO     +              4.140E+11
 105) CO      + O1D     = CO      + O            4.048E+08
 183) HS      + CO      = OCS     + H            2.823E-03
 189) S       + CO      = OCS     +              2.900E-01
 196) OCS2    + CO      = OCS     + OCS          2.788E-12
 263) CH3O    + CO      = CH3     + CO2          9.761E+07
 271) CH23    + CO      = CH2CO   +              1.878E+04
 274) CH3     + CO      = CH3CO   +              5.452E+08

HCO                 PRODUCTION RXS              INT RX RATE    TP =  4.37E+11
  33) H       + CO      = HCO     +              4.140E+11
  40) H2CO    + HV      = HCO     + H            7.822E+09
  42) H2CO    + H       = H2      + HCO          8.782E+06
  45) H2CO    + OH      = H2O     + HCO          1.697E+09
  48) H2CO    + O       = HCO     + OH           1.351E+10
  63) CH23    + O2      = HCO     + OH           4.992E+03
  73) CH3     + H2CO    = CH4     + HCO          3.578E+01
  97) CH23    + O       = HCO     + H            7.001E-04
 104) C2H5    + O2      = CH3     + HCO     OH   9.765E+07
 143) HS      + H2CO    = H2S     + HCO          2.682E+05
 223) C2H5    + O       = CH3     + HCO     H    9.321E-01
 226) C2H5    + OH      = CH3     + HCO     H2   1.237E-03
 247) CH      + CO2     = HCO     + CO           3.970E-04
 276) CH3CO   + O       = H2CO    + HCO          3.240E+08
 283) C2H     + O2      = CO      + HCO          1.228E-16
 304) C2H4    + O       = HCO     + CH3          2.603E-01
 333) CH3CHO  + HV      = CH3     + HCO          5.147E-02
 349) C2H5CHO + HV      = C2H5    + HCO          2.569E-01

HCO                    LOSS RXS                INT RX RATE    TL =  4.37E+11
  34) H       + HCO     = H2      + CO           2.151E+04
  35) HCO     + HCO     = H2CO    + CO           7.818E+04
  36) OH      + HCO     = H2O     + CO           2.315E+02
  37) O       + HCO     = H       + CO2          9.141E+04
  38) O       + HCO     = OH      + CO           9.141E+04
  41) HCO     + HV      = H       + CO           2.246E+08
  44) HCO     + O2      = HO2     + CO           4.371E+11
  71) CH3     + HCO     = CH4     + CO           1.820E+04
  87) HCO     + NO      = HNO     + CO           1.882E+08
 102) C2H5    + HCO     = C2H6    + CO           2.676E+00
 133) HS      + HCO     = H2S     + CO           4.738E+00
 138) S       + HCO     = HS      + CO           4.248E-08
 171) SO      + HCO     = HSO     + CO           5.644E+01
 188) S       + HCO     = OCS     + H            3.398E-07
 262) HCO     + H2CO    = CH3O    + CO           1.944E+04

H2CO                PRODUCTION RXS              INT RX RATE    TP =  9.46E+10
  35) HCO     + HCO     = H2CO    + CO           7.818E+04
  57) CH4     + O1D     = H2CO    + H2           7.315E+07
  64) CH3     + O2      = H2CO    + OH           6.728E+10
  65) CH3     + O       = H2CO    + H            3.909E+04
  66) CH3     + O3      = H2CO    + HO2          3.301E+08
  98) CH23    + CO2     = H2CO    + CO           5.430E+06
 224) C2H5    + O       = H2CO    + CH3          8.295E-01
 259) CH3O2   + H       = H2O     + H2CO         2.038E+05
 260) CH3O2   + O       = H2CO    + HO2          5.341E+08
 266) NO      + CH3O    = HNO     + H2CO         1.357E+09
 267) NO2     + CH3O    = H2CO    + HNO2         1.733E+09
 269) CH3O    + O2      = H2CO    + HO2          2.288E+10
 273) CH2CO   + O       = H2CO    + CO           9.876E+07
 276) CH3CO   + O       = H2CO    + HCO          3.240E+08
 303) C2H4    + OH      = H2CO    + CH3          4.778E-03

H2CO                   LOSS RXS                INT RX RATE    TL =  9.17E+10
  39) H2CO    + HV      = H2      + CO           5.436E+10
  40) H2CO    + HV      = HCO     + H            7.822E+09
  42) H2CO    + H       = H2      + HCO          8.782E+06
  45) H2CO    + OH      = H2O     + HCO          1.697E+09
  48) H2CO    + O       = HCO     + OH           1.351E+10
  73) CH3     + H2CO    = CH4     + HCO          3.578E+01
 143) HS      + H2CO    = H2S     + HCO          2.682E+05
 262) HCO     + H2CO    = CH3O    + CO           1.944E+04

CH4                 PRODUCTION RXS              INT RX RATE    TP =  1.56E+08
  70) CH3     + H       = CH4     +              3.467E+03
  71) CH3     + HCO     = CH4     + CO           1.820E+04
  72) CH3     + HNO     = CH4     + NO           4.413E+02
  73) CH3     + H2CO    = CH4     + HCO          3.578E+01
 231) CH3     + HCS     = CH4     + CS           6.169E-16
 258) CH3O2   + H       = CH4     + O2           2.854E+05
 275) CH3CO   + H       = CH4     + CO           5.160E+07
 278) CH3CO   + CH3     = CH4     + CH2CO        1.042E+08
 312) C2H3    + CH3     = C2H2    + CH4          6.292E-17
 315) C2H5    + CH3     = C2H4    + CH4          2.728E-01
 332) CH3CHO  + CH3     = CH3CO   + CH4          1.128E-02
 334) CH3CHO  + HV      = CH4     + CO           5.147E-02
 348) C3H6    + HV      = C2H     + CH4     H    2.472E-18
 354) C3H7    + CH3     = C3H6    + CH4          3.221E-05
 364) C3H5    + H       = CH4     + C2H2         1.086E-17
 365) C3H5    + CH3     = CH2CCH2 + CH4          1.517E-18
 375) C3H5    + CH3     = CH3C2H  + CH4          1.517E-18
 395) H4      + H4CO2   = CH4     + H2O     H2O  7.096E-74

CH4                    LOSS RXS                INT RX RATE    TL =  1.00E+11
  55) CH4     + OH      = CH3     + H2O          5.110E+10
  56) CH4     + O1D     = CH3     + OH           1.097E+09
  57) CH4     + O1D     = H2CO    + H2           7.315E+07
  62) CH23    + CH4     = CH3     + CH3          2.294E+00
  93) CH4     + O       = CH3     + OH           4.231E+10
 215) CH4     + HS      = CH3     + H2S          1.215E-07
 268) O1D     + CH4     = CH3O    + H            2.926E+08
 286) C2H     + CH4     = C2H2    + CH3          7.358E-16
 289) C2      + CH4     = C2H     + CH3          2.139E-16
 301) C2H3    + CH4     = C2H4    + CH3          7.597E-12
 307) CH      + CH4     = C2H4    + H            8.027E-04

CH3                 PRODUCTION RXS              INT RX RATE    TP =  9.47E+10
  55) CH4     + OH      = CH3     + H2O          5.110E+10
  56) CH4     + O1D     = CH3     + OH           1.097E+09
  61) CH23    + H2      = CH3     + H            1.390E+04
  62) CH23    + CH4     = CH3     + CH3          2.294E+00
  93) CH4     + O       = CH3     + OH           4.231E+10
 104) C2H5    + O2      = CH3     + HCO     OH   9.765E+07
 215) CH4     + HS      = CH3     + H2S          1.215E-07
 220) C2H5    + H       = CH3     + CH3          9.307E-02
 223) C2H5    + O       = CH3     + HCO     H    9.321E-01
 224) C2H5    + O       = H2CO    + CH3          8.295E-01
 226) C2H5    + OH      = CH3     + HCO     H2   1.237E-03
 245) CH      + H2      = CH3     +              6.997E-06
 255) CH23    + H       = CH3     +              6.102E-04
 263) CH3O    + CO      = CH3     + CO2          9.761E+07
 272) CH2CO   + H       = CH3     + CO           7.915E+03
 282) C2H2    + OH      = CO      + CH3          1.482E-12
 286) C2H     + CH4     = C2H2    + CH3          7.358E-16
 289) C2      + CH4     = C2H     + CH3          2.139E-16
 297) CH23    + C2H3    = CH3     + C2H2         1.450E-23
 301) C2H3    + CH4     = C2H4    + CH3          7.597E-12
 303) C2H4    + OH      = H2CO    + CH3          4.778E-03
 304) C2H4    + O       = HCO     + CH3          2.603E-01
 308) CH23    + C2H5    = CH3     + C2H4         2.394E-08
 333) CH3CHO  + HV      = CH3     + HCO          5.147E-02
 339) C3H7    + H       = CH3     + C2H5         1.367E-03
 345) C3H6    + HV      = C2H2    + CH3     H    1.681E-17
 351) C3H6    + OH      = CH3CHO  + CH3          3.382E-07
 352) C3H6    + O       = CH3     + CH3     CO   3.145E-05
 359) CH2CCH2 + H       = CH3     + C2H2         4.422E-19
 362) C2H3    + C2H5    = CH3     + C3H5         1.616E-24
 369) CH3C2H  + H       = CH3     + C2H2         4.233E-17
 381) CH3C2H  + HV      = CH3     + C2H          2.133E-19

CH3                    LOSS RXS                INT RX RATE    TL =  9.47E+10
  64) CH3     + O2      = H2CO    + OH           6.728E+10
  65) CH3     + O       = H2CO    + H            3.909E+04
  66) CH3     + O3      = H2CO    + HO2          3.301E+08
  67) CH3     + OH      = CO      + H2      H2   2.880E+00
  68) CH3     + CH3     = C2H6    +              3.236E+07
  69) CH3     + HV      = CH23    + H            4.265E+04
  70) CH3     + H       = CH4     +              3.467E+03
  71) CH3     + HCO     = CH4     + CO           1.820E+04
  72) CH3     + HNO     = CH4     + NO           4.413E+02
  73) CH3     + H2CO    = CH4     + HCO          3.578E+01
 231) CH3     + HCS     = CH4     + CS           6.169E-16
 257) CH3     + O2      = CH3O2   +              2.598E+10
 264) CH3     + OH      = CH3O    + H            5.589E+00
 265) CH3     + O3      = CH3O    + O2           3.301E+08
 274) CH3     + CO      = CH3CO   +              5.452E+08
 277) CH3CO   + CH3     = C2H6    + CO           6.541E+07
 278) CH3CO   + CH3     = CH4     + CH2CO        1.042E+08
 296) CH23    + CH3     = C2H4    + H            7.972E-04
 312) C2H3    + CH3     = C2H2    + CH4          6.292E-17
 315) C2H5    + CH3     = C2H4    + CH4          2.728E-01
 332) CH3CHO  + CH3     = CH3CO   + CH4          1.128E-02
 335) C2H5    + CH3     = C3H8    +              2.728E-01
 350) C2H3    + CH3     = C3H6    +              2.221E-16
 354) C3H7    + CH3     = C3H6    + CH4          3.221E-05
 361) CH3     + C2H3    = C3H5    + H            4.441E-19
 365) C3H5    + CH3     = CH2CCH2 + CH4          1.517E-18
 375) C3H5    + CH3     = CH3C2H  + CH4          1.517E-18

C2H6                PRODUCTION RXS              INT RX RATE    TP =  9.78E+07
  68) CH3     + CH3     = C2H6    +              3.236E+07
 102) C2H5    + HCO     = C2H6    + CO           2.676E+00
 103) C2H5    + HNO     = C2H6    + NO           1.513E-02
 221) C2H5    + H       = C2H6    +              3.440E-01
 277) CH3CO   + CH3     = C2H6    + CO           6.541E+07
 316) C2H5    + C2H3    = C2H6    + C2H2         8.193E-22
 317) C2H5    + C2H5    = C2H6    + C2H4         9.540E-07

C2H6                   LOSS RXS                INT RX RATE    TL =  9.78E+07
  99) C2H6    + OH      = C2H5    + H2O          6.087E+07
 100) C2H6    + O       = C2H5    + OH           3.669E+07
 101) C2H6    + O1D     = C2H5    + OH           7.760E+04
 302) C2H3    + C2H6    = C2H4    + C2H5         2.117E-19
 306) C2H     + C2H6    = C2H2    + C2H5         1.991E-19

NO                  PRODUCTION RXS              INT RX RATE    TP =  8.38E+12
  51) HNO2    + HV      = NO      + OH           5.258E+09
  54) NO2     + HV      = NO      + O            5.103E+12
  72) CH3     + HNO     = CH4     + NO           4.413E+02
  76) N       + O2      = NO      + O            1.404E+04
  77) N       + O3      = NO      + O2           3.135E+07
  78) N       + OH      = NO      + H            8.492E+02
  84) NO2     + O       = NO      + O2           3.254E+12
  86) NO2     + H       = NO      + OH           1.940E+10
  88) HNO     + HV      = NO      + H            1.613E+09
  89) H       + HNO     = H2      + NO           2.175E+04
  90) O       + HNO     = OH      + NO           5.776E+06
  91) OH      + HNO     = H2O     + NO           5.564E+03
 103) C2H5    + HNO     = C2H6    + NO           1.513E-02
 108) N       + HO2     = NO      + OH           2.532E+07
 161) SO      + NO2     = SO2     + NO           2.472E+08
 165) HS      + NO2     = HSO     + NO           1.748E+07

NO                     LOSS RXS                INT RX RATE    TL =  8.38E+12
  53) NO      + HV      = N       + O            2.854E+03
  74) H       + NO      = HNO     +              1.988E+07
  79) N       + NO      = N2      + O            4.332E+07
  80) NO      + O3      = NO2     + O2           6.659E+12
  81) NO      + O       = NO2     +              3.840E+10
  82) NO      + HO2     = NO2     + OH           1.660E+12
  83) NO      + OH      = HNO2    +              7.835E+06
  87) HCO     + NO      = HNO     + CO           1.882E+08
 174) HSO     + NO      = HNO     + SO           5.422E+07
 261) NO      + CH3O2   = CH3O    + NO2          2.544E+10
 266) NO      + CH3O    = HNO     + H2CO         1.357E+09

NO2                 PRODUCTION RXS              INT RX RATE    TP =  8.38E+12
  52) HNO3    + HV      = NO2     + OH           4.145E+07
  80) NO      + O3      = NO2     + O2           6.659E+12
  81) NO      + O       = NO2     +              3.840E+10
  82) NO      + HO2     = NO2     + OH           1.660E+12
  92) HNO2    + OH      = H2O     + NO2          1.994E+03
 107) HNO3    + OH      = H2O     + NO2     O    2.968E+08
 261) NO      + CH3O2   = CH3O    + NO2          2.544E+10

NO2                    LOSS RXS                INT RX RATE    TL =  8.38E+12
  54) NO2     + HV      = NO      + O            5.103E+12
  84) NO2     + O       = NO      + O2           3.254E+12
  85) NO2     + OH      = HNO3    +              4.596E+08
  86) NO2     + H       = NO      + OH           1.940E+10
 109) HO2     + NO2     = HNO2    + O2           3.517E+09
 161) SO      + NO2     = SO2     + NO           2.472E+08
 165) HS      + NO2     = HSO     + NO           1.748E+07
 267) NO2     + CH3O    = H2CO    + HNO2         1.733E+09

HNO                 PRODUCTION RXS              INT RX RATE    TP =  1.62E+09
  74) H       + NO      = HNO     +              1.988E+07
  87) HCO     + NO      = HNO     + CO           1.882E+08
 174) HSO     + NO      = HNO     + SO           5.422E+07
 266) NO      + CH3O    = HNO     + H2CO         1.357E+09

HNO                    LOSS RXS                INT RX RATE    TL =  1.62E+09
  72) CH3     + HNO     = CH4     + NO           4.413E+02
  88) HNO     + HV      = NO      + H            1.613E+09
  89) H       + HNO     = H2      + NO           2.175E+04
  90) O       + HNO     = OH      + NO           5.776E+06
  91) OH      + HNO     = H2O     + NO           5.564E+03
 103) C2H5    + HNO     = C2H6    + NO           1.513E-02

O3                  PRODUCTION RXS              INT RX RATE    TP =  1.22E+15
  18) O       + O2      = O3      +              1.222E+15

O3                     LOSS RXS                INT RX RATE    TL =  1.22E+15
   5) H       + O3      = OH      + O2           5.427E+11
  12) OH      + O3      = HO2     + O2           4.232E+08
  14) HO2     + O3      = OH      + O2      O2   4.693E+12
  19) O       + O3      = O2      + O2           4.808E+10
  26) O3      + HV      = O2      + O1D          2.651E+11
  27) O3      + HV      = O2      + O            1.210E+15
  66) CH3     + O3      = H2CO    + HO2          3.301E+08
  77) N       + O3      = NO      + O2           3.135E+07
  80) NO      + O3      = NO2     + O2           6.659E+12
 162) SO      + O3      = SO2     + O2           2.708E+05
 164) HS      + O3      = HSO     + O2           8.965E+04
 166) S       + O3      = SO      + O2           6.539E-03
 199) CS      + O3      = OCS     + O2           6.408E-16
 200) CS      + O3      = SO      + CO2          6.408E-16
 201) CS      + O3      = CO      + SO2          6.408E-16
 265) CH3     + O3      = CH3O    + O2           3.301E+08

HNO3                PRODUCTION RXS              INT RX RATE    TP =  4.60E+08
  85) NO2     + OH      = HNO3    +              4.596E+08

HNO3                   LOSS RXS                INT RX RATE    TL =  4.51E+08
  52) HNO3    + HV      = NO2     + OH           4.145E+07
 107) HNO3    + OH      = H2O     + NO2     O    2.968E+08

N                   PRODUCTION RXS              INT RX RATE    TP =  2.85E+03
  53) NO      + HV      = N       + O            2.854E+03

N                      LOSS RXS                INT RX RATE    TL =  1.00E+08
  75) N       + N       = N2      +              5.644E+02
  76) N       + O2      = NO      + O            1.404E+04
  77) N       + O3      = NO      + O2           3.135E+07
  78) N       + OH      = NO      + H            8.492E+02
  79) N       + NO      = N2      + O            4.332E+07
 108) N       + HO2     = NO      + OH           2.532E+07

C3H2                PRODUCTION RXS              INT RX RATE    TP =  1.53E-15
 367) CH      + C2H2    = C3H2    + H            8.042E-28
 378) C3H3    + HV      = C3H2    + H            1.526E-15
 380) CH3C2H  + HV      = C3H2    + H2           4.692E-18
 383) CH2CCH2 + HV      = C3H2    + H2           3.339E-18

C3H2                   LOSS RXS                INT RX RATE    TL =  1.53E-15
 371) C3H2    + H       = C3H3    +              1.534E-15

C3H3                PRODUCTION RXS              INT RX RATE    TP =  1.55E-15
 371) C3H2    + H       = C3H3    +              1.534E-15
 379) CH3C2H  + HV      = C3H3    + H            5.971E-18
 382) CH2CCH2 + HV      = C3H3    + H            5.935E-18

C3H3                   LOSS RXS                INT RX RATE    TL =  1.55E-15
 372) C3H3    + H       = CH3C2H  +              9.968E-18
 373) C3H3    + H       = CH2CCH2 +              9.968E-18
 378) C3H3    + HV      = C3H2    + H            1.526E-15

CH3C2H              PRODUCTION RXS              INT RX RATE    TP =  9.55E-17
 358) CH      + C2H4    = CH3C2H  + H            1.492E-19
 368) CH23    + C2H2    = CH3C2H  +              2.991E-17
 372) C3H3    + H       = CH3C2H  +              9.968E-18
 374) C3H5    + H       = CH3C2H  + H2           1.086E-17
 375) C3H5    + CH3     = CH3C2H  + CH4          1.517E-18
 376) CH2CCH2 + H       = CH3C2H  + H            4.313E-17

CH3C2H                 LOSS RXS                INT RX RATE    TL =  9.55E-17
 369) CH3C2H  + H       = CH3     + C2H2         4.233E-17
 370) CH3C2H  + H       = C3H5    +              4.233E-17
 379) CH3C2H  + HV      = C3H3    + H            5.971E-18
 380) CH3C2H  + HV      = C3H2    + H2           4.692E-18
 381) CH3C2H  + HV      = CH3     + C2H          2.133E-19

CH2CCH2             PRODUCTION RXS              INT RX RATE    TP =  5.29E-17
 346) C3H6    + HV      = CH2CCH2 + H2           4.943E-19
 357) CH      + C2H4    = CH2CCH2 + H            1.492E-19
 365) C3H5    + CH3     = CH2CCH2 + CH4          1.517E-18
 366) C3H5    + H       = CH2CCH2 + H2           1.086E-17
 373) C3H3    + H       = CH2CCH2 +              9.968E-18
 377) CH23    + C2H2    = CH2CCH2 +              2.991E-17

CH2CCH2                LOSS RXS                INT RX RATE    TL =  5.29E-17
 359) CH2CCH2 + H       = CH3     + C2H2         4.422E-19
 360) CH2CCH2 + H       = C3H5    +              4.958E-20
 376) CH2CCH2 + H       = CH3C2H  + H            4.313E-17
 382) CH2CCH2 + HV      = C3H3    + H            5.935E-18
 383) CH2CCH2 + HV      = C3H2    + H2           3.339E-18
 392) C2H     + CH2CCH2 = HCAER2  + H            3.955E-44

C3H5                PRODUCTION RXS              INT RX RATE    TP =  4.28E-17
 360) CH2CCH2 + H       = C3H5    +              4.958E-20
 361) CH3     + C2H3    = C3H5    + H            4.441E-19
 362) C2H3    + C2H5    = CH3     + C3H5         1.616E-24
 370) CH3C2H  + H       = C3H5    +              4.233E-17

C3H5                   LOSS RXS                INT RX RATE    TL =  4.28E-17
 363) C3H5    + H       = C3H6    +              7.215E-18
 364) C3H5    + H       = CH4     + C2H2         1.086E-17
 365) C3H5    + CH3     = CH2CCH2 + CH4          1.517E-18
 366) C3H5    + H       = CH2CCH2 + H2           1.086E-17
 374) C3H5    + H       = CH3C2H  + H2           1.086E-17
 375) C3H5    + CH3     = CH3C2H  + CH4          1.517E-18

C2H5CHO             PRODUCTION RXS              INT RX RATE    TP =  2.71E-01
 355) C3H7    + OH      = C2H5CHO + H2           1.111E-04
 356) C3H7    + O       = C2H5CHO + H            2.713E-01

C2H5CHO                LOSS RXS                INT RX RATE    TL =  2.71E-01
 349) C2H5CHO + HV      = C2H5    + HCO          2.569E-01

C3H6                PRODUCTION RXS              INT RX RATE    TP =  3.22E-05
 350) C2H3    + CH3     = C3H6    +              2.221E-16
 354) C3H7    + CH3     = C3H6    + CH4          3.221E-05
 363) C3H5    + H       = C3H6    +              7.215E-18

C3H6                   LOSS RXS                INT RX RATE    TL =  3.22E-05
 345) C3H6    + HV      = C2H2    + CH3     H    1.681E-17
 346) C3H6    + HV      = CH2CCH2 + H2           4.943E-19
 347) C3H6    + HV      = C2H4    + CH23         9.886E-19
 348) C3H6    + HV      = C2H     + CH4     H    2.472E-18
 351) C3H6    + OH      = CH3CHO  + CH3          3.382E-07
 352) C3H6    + O       = CH3     + CH3     CO   3.145E-05
 353) C3H6    + H       = C3H7    +              4.287E-07

C3H7                PRODUCTION RXS              INT RX RATE    TP =  2.73E-01
 336) C3H8    + OH      = C3H7    + H2O          3.350E-02
 337) C3H8    + O       = C3H7    + OH           2.393E-01
 338) C3H8    + O1D     = C3H7    + OH           8.690E-07
 344) C2H     + C3H8    = C2H2    + C3H7         3.840E-30
 353) C3H6    + H       = C3H7    +              4.287E-07

C3H7                   LOSS RXS                INT RX RATE    TL =  2.73E-01
 339) C3H7    + H       = CH3     + C2H5         1.367E-03
 354) C3H7    + CH3     = C3H6    + CH4          3.221E-05
 355) C3H7    + OH      = C2H5CHO + H2           1.111E-04
 356) C3H7    + O       = C2H5CHO + H            2.713E-01

C3H8                PRODUCTION RXS              INT RX RATE    TP =  2.73E-01
 335) C2H5    + CH3     = C3H8    +              2.728E-01

C3H8                   LOSS RXS                INT RX RATE    TL =  2.73E-01
 336) C3H8    + OH      = C3H7    + H2O          3.350E-02
 337) C3H8    + O       = C3H7    + OH           2.393E-01
 338) C3H8    + O1D     = C3H7    + OH           8.690E-07
 344) C2H     + C3H8    = C2H2    + C3H7         3.840E-30

C2H4OH              PRODUCTION RXS              INT RX RATE    TP =  3.68E-03
 324) C2H4    + OH      = C2H4OH  +              3.681E-03

C2H4OH                 LOSS RXS                INT RX RATE    TL =  3.68E-03
 325) C2H4OH  + H       = H2O     + C2H4         3.659E-03
 326) C2H4OH  + H       = H2      + CH3CHO       7.727E-07
 327) C2H4OH  + O       = OH      + CH3CHO       2.116E-05
 328) C2H4OH  + OH      = H2O     + CH3CHO       5.749E-07

C2H2OH              PRODUCTION RXS              INT RX RATE    TP =  2.73E-12
 318) C2H2    + OH      = C2H2OH  +              2.733E-12

C2H2OH                 LOSS RXS                INT RX RATE    TL =  2.73E-12
 320) C2H2OH  + H       = H2O     + C2H2         2.640E-12
 321) C2H2OH  + H       = H2      + CH2CO        4.214E-16
 322) C2H2OH  + O       = OH      + CH2CO        9.148E-14
 323) C2H2OH  + OH      = H2O     + CH2CO        1.247E-15

C2H5                PRODUCTION RXS              INT RX RATE    TP =  9.76E+07
  99) C2H6    + OH      = C2H5    + H2O          6.087E+07
 100) C2H6    + O       = C2H5    + OH           3.669E+07
 101) C2H6    + O1D     = C2H5    + OH           7.760E+04
 302) C2H3    + C2H6    = C2H4    + C2H5         2.117E-19
 305) C2H4    + H       = C2H5    +              1.519E-02
 306) C2H     + C2H6    = C2H2    + C2H5         1.991E-19
 339) C3H7    + H       = CH3     + C2H5         1.367E-03
 349) C2H5CHO + HV      = C2H5    + HCO          2.569E-01

C2H5                   LOSS RXS                INT RX RATE    TL =  9.76E+07
 102) C2H5    + HCO     = C2H6    + CO           2.676E+00
 103) C2H5    + HNO     = C2H6    + NO           1.513E-02
 104) C2H5    + O2      = CH3     + HCO     OH   9.765E+07
 220) C2H5    + H       = CH3     + CH3          9.307E-02
 221) C2H5    + H       = C2H6    +              3.440E-01
 222) C2H5    + H       = C2H4    + H2           4.653E-03
 223) C2H5    + O       = CH3     + HCO     H    9.321E-01
 224) C2H5    + O       = H2CO    + CH3          8.295E-01
 225) C2H5    + O       = CH3CHO  + H            4.132E+00
 226) C2H5    + OH      = CH3     + HCO     H2   1.237E-03
 227) C2H5    + OH      = CH3CHO  + H2           3.093E-03
 228) C2H5    + OH      = C2H4    + H2O          1.237E-03
 308) CH23    + C2H5    = CH3     + C2H4         2.394E-08
 314) C2H3    + C2H5    = C2H4    + C2H4         4.096E-22
 315) C2H5    + CH3     = C2H4    + CH4          2.728E-01
 316) C2H5    + C2H3    = C2H6    + C2H2         8.193E-22
 317) C2H5    + C2H5    = C2H6    + C2H4         9.540E-07
 335) C2H5    + CH3     = C3H8    +              2.728E-01
 362) C2H3    + C2H5    = CH3     + C3H5         1.616E-24

C2H4                PRODUCTION RXS              INT RX RATE    TP =  2.84E-01
 222) C2H5    + H       = C2H4    + H2           4.653E-03
 228) C2H5    + OH      = C2H4    + H2O          1.237E-03
 296) CH23    + CH3     = C2H4    + H            7.972E-04
 300) C2H3    + H2      = C2H4    + H            2.431E-12
 301) C2H3    + CH4     = C2H4    + CH3          7.597E-12
 302) C2H3    + C2H6    = C2H4    + C2H5         2.117E-19
 307) CH      + CH4     = C2H4    + H            8.027E-04
 308) CH23    + C2H5    = CH3     + C2H4         2.394E-08
 313) C2H3    + C2H3    = C2H4    + C2H2         6.067E-35
 314) C2H3    + C2H5    = C2H4    + C2H4         4.096E-22
 315) C2H5    + CH3     = C2H4    + CH4          2.728E-01
 317) C2H5    + C2H5    = C2H6    + C2H4         9.540E-07
 325) C2H4OH  + H       = H2O     + C2H4         3.659E-03
 347) C3H6    + HV      = C2H4    + CH23         9.886E-19

C2H4                   LOSS RXS                INT RX RATE    TL =  2.84E-01
 294) C2H4    + HV      = C2H2    + H2           4.142E-12
 295) C2H4    + HV      = C2H2    + H       H    1.532E-12
 303) C2H4    + OH      = H2CO    + CH3          4.778E-03
 304) C2H4    + O       = HCO     + CH3          2.603E-01
 305) C2H4    + H       = C2H5    +              1.519E-02
 324) C2H4    + OH      = C2H4OH  +              3.681E-03
 357) CH      + C2H4    = CH2CCH2 + H            1.492E-19
 358) CH      + C2H4    = CH3C2H  + H            1.492E-19

CH                  PRODUCTION RXS              INT RX RATE    TP =  1.21E-03
 253) CH23    + O       = CH      + OH           5.601E-04
 256) CH23    + H       = CH      + H2           6.468E-04
 284) C2H     + O       = CO      + CH           4.648E-24

CH                     LOSS RXS                INT RX RATE    TL =  1.21E-03
 242) CH      + H       = C       + H2           3.449E-17
 243) CH      + O       = CO      + H            3.227E-15
 244) CH      + H2      = CH23    + H            4.514E-08
 245) CH      + H2      = CH3     +              6.997E-06
 246) CH      + O2      = CO      + OH           6.976E-08
 247) CH      + CO2     = HCO     + CO           3.970E-04
 248) CH      + HV      = C       + H            1.618E-24
 249) CH      + S       = CS      + H            7.930E-27
 250) CH      + S2      = CS      + HS           5.706E-31
 251) CH      + CS2     = HCS     + CS           1.852E-42
 252) OCS     + CH      = CO      + HCS          1.874E-17
 307) CH      + CH4     = C2H4    + H            8.027E-04
 357) CH      + C2H4    = CH2CCH2 + H            1.492E-19
 358) CH      + C2H4    = CH3C2H  + H            1.492E-19
 367) CH      + C2H2    = C3H2    + H            8.042E-28

CH3O2               PRODUCTION RXS              INT RX RATE    TP =  2.60E+10
 257) CH3     + O2      = CH3O2   +              2.598E+10

CH3O2                  LOSS RXS                INT RX RATE    TL =  2.60E+10
 258) CH3O2   + H       = CH4     + O2           2.854E+05
 259) CH3O2   + H       = H2O     + H2CO         2.038E+05
 260) CH3O2   + O       = H2CO    + HO2          5.341E+08
 261) NO      + CH3O2   = CH3O    + NO2          2.544E+10

CH3O                PRODUCTION RXS              INT RX RATE    TP =  2.61E+10
 261) NO      + CH3O2   = CH3O    + NO2          2.544E+10
 262) HCO     + H2CO    = CH3O    + CO           1.944E+04
 264) CH3     + OH      = CH3O    + H            5.589E+00
 265) CH3     + O3      = CH3O    + O2           3.301E+08
 268) O1D     + CH4     = CH3O    + H            2.926E+08

CH3O                   LOSS RXS                INT RX RATE    TL =  2.61E+10
 263) CH3O    + CO      = CH3     + CO2          9.761E+07
 266) NO      + CH3O    = HNO     + H2CO         1.357E+09
 267) NO2     + CH3O    = H2CO    + HNO2         1.733E+09
 269) CH3O    + O2      = H2CO    + HO2          2.288E+10

CH2CO               PRODUCTION RXS              INT RX RATE    TP =  1.04E+08
 271) CH23    + CO      = CH2CO   +              1.878E+04
 278) CH3CO   + CH3     = CH4     + CH2CO        1.042E+08
 310) C2H3    + O       = CH2CO   + H            1.903E-14
 319) C2H2    + OH      = CH2CO   + H            1.637E-11
 321) C2H2OH  + H       = H2      + CH2CO        4.214E-16
 322) C2H2OH  + O       = OH      + CH2CO        9.148E-14
 323) C2H2OH  + OH      = H2O     + CH2CO        1.247E-15

CH2CO                  LOSS RXS                INT RX RATE    TL =  1.04E+08
 270) CH2CO   + HV      = CH23    + CO           5.425E+06
 272) CH2CO   + H       = CH3     + CO           7.915E+03
 273) CH2CO   + O       = H2CO    + CO           9.876E+07

CH3CO               PRODUCTION RXS              INT RX RATE    TP =  5.45E+08
 274) CH3     + CO      = CH3CO   +              5.452E+08
 329) CH3CHO  + H       = CH3CO   + H2           1.032E-02
 330) CH3CHO  + O       = CH3CO   + OH           3.828E+00
 331) CH3CHO  + OH      = CH3CO   + H2O          6.333E-02
 332) CH3CHO  + CH3     = CH3CO   + CH4          1.128E-02

CH3CO                  LOSS RXS                INT RX RATE    TL =  5.45E+08
 275) CH3CO   + H       = CH4     + CO           5.160E+07
 276) CH3CO   + O       = H2CO    + HCO          3.240E+08
 277) CH3CO   + CH3     = C2H6    + CO           6.541E+07
 278) CH3CO   + CH3     = CH4     + CH2CO        1.042E+08

CH3CHO              PRODUCTION RXS              INT RX RATE    TP =  4.14E+00
 225) C2H5    + O       = CH3CHO  + H            4.132E+00
 227) C2H5    + OH      = CH3CHO  + H2           3.093E-03
 326) C2H4OH  + H       = H2      + CH3CHO       7.727E-07
 327) C2H4OH  + O       = OH      + CH3CHO       2.116E-05
 328) C2H4OH  + OH      = H2O     + CH3CHO       5.749E-07
 351) C3H6    + OH      = CH3CHO  + CH3          3.382E-07

CH3CHO                 LOSS RXS                INT RX RATE    TL =  4.14E+00
 329) CH3CHO  + H       = CH3CO   + H2           1.032E-02
 330) CH3CHO  + O       = CH3CO   + OH           3.828E+00
 331) CH3CHO  + OH      = CH3CO   + H2O          6.333E-02
 332) CH3CHO  + CH3     = CH3CO   + CH4          1.128E-02
 333) CH3CHO  + HV      = CH3     + HCO          5.147E-02
 334) CH3CHO  + HV      = CH4     + CO           5.147E-02

C2H2                PRODUCTION RXS              INT RX RATE    TP =  1.28E-10
 279) CH23    + CH23    = C2H2    + H2           1.199E-10
 285) C2H     + H2      = C2H2    + H            6.429E-20
 286) C2H     + CH4     = C2H2    + CH3          7.358E-16
 287) C2H     + H       = C2H2    +              4.674E-27
 294) C2H4    + HV      = C2H2    + H2           4.142E-12
 295) C2H4    + HV      = C2H2    + H       H    1.532E-12
 297) CH23    + C2H3    = CH3     + C2H2         1.450E-23
 299) C2H3    + H       = C2H2    + H2           3.215E-16
 306) C2H     + C2H6    = C2H2    + C2H5         1.991E-19
 311) C2H3    + OH      = C2H2    + H2O          1.883E-18
 312) C2H3    + CH3     = C2H2    + CH4          6.292E-17
 313) C2H3    + C2H3    = C2H4    + C2H2         6.067E-35
 316) C2H5    + C2H3    = C2H6    + C2H2         8.193E-22
 320) C2H2OH  + H       = H2O     + C2H2         2.640E-12
 344) C2H     + C3H8    = C2H2    + C3H7         3.840E-30
 345) C3H6    + HV      = C2H2    + CH3     H    1.681E-17
 359) CH2CCH2 + H       = CH3     + C2H2         4.422E-19
 364) C3H5    + H       = CH4     + C2H2         1.086E-17
 369) CH3C2H  + H       = CH3     + C2H2         4.233E-17

C2H2                   LOSS RXS                INT RX RATE    TL =  1.28E-10
 280) C2H2    + HV      = C2H     + H            6.423E-16
 281) C2H2    + HV      = C2      + H2           2.141E-16
 282) C2H2    + OH      = CO      + CH3          1.482E-12
 298) C2H2    + H       = C2H3    +              1.005E-11
 309) C2H2    + O       = CH23    + CO           9.756E-11
 318) C2H2    + OH      = C2H2OH  +              2.733E-12
 319) C2H2    + OH      = CH2CO   + H            1.637E-11
 367) CH      + C2H2    = C3H2    + H            8.042E-28
 368) CH23    + C2H2    = CH3C2H  +              2.991E-17
 377) CH23    + C2H2    = CH2CCH2 +              2.991E-17
 391) C2H     + C2H2    = HCAER   + H            1.453E-40

CH23                PRODUCTION RXS              INT RX RATE    TP =  5.47E+06
  69) CH3     + HV      = CH23    + H            4.265E+04
 238) C       + H2      = CH23    +              3.432E-17
 244) CH      + H2      = CH23    + H            4.514E-08
 270) CH2CO   + HV      = CH23    + CO           5.425E+06
 309) C2H2    + O       = CH23    + CO           9.756E-11
 347) C3H6    + HV      = C2H4    + CH23         9.886E-19

CH23                   LOSS RXS                INT RX RATE    TL =  5.47E+06
  61) CH23    + H2      = CH3     + H            1.390E+04
  62) CH23    + CH4     = CH3     + CH3          2.294E+00
  63) CH23    + O2      = HCO     + OH           4.992E+03
  97) CH23    + O       = HCO     + H            7.001E-04
  98) CH23    + CO2     = H2CO    + CO           5.430E+06
 230) CH23    + S2      = HCS     + HS           5.796E-20
 232) CH23    + S       = HCS     + H            1.905E-15
 253) CH23    + O       = CH      + OH           5.601E-04
 254) CH23    + O       = CO      + H       H    5.811E-03
 255) CH23    + H       = CH3     +              6.102E-04
 256) CH23    + H       = CH      + H2           6.468E-04
 271) CH23    + CO      = CH2CO   +              1.878E+04
 279) CH23    + CH23    = C2H2    + H2           1.199E-10
 296) CH23    + CH3     = C2H4    + H            7.972E-04
 297) CH23    + C2H3    = CH3     + C2H2         1.450E-23
 308) CH23    + C2H5    = CH3     + C2H4         2.394E-08
 368) CH23    + C2H2    = CH3C2H  +              2.991E-17
 377) CH23    + C2H2    = CH2CCH2 +              2.991E-17

C2H                 PRODUCTION RXS              INT RX RATE    TP =  8.59E-16
 280) C2H2    + HV      = C2H     + H            6.423E-16
 288) C2      + H2      = C2H     + H            9.165E-21
 289) C2      + CH4     = C2H     + CH3          2.139E-16
 348) C3H6    + HV      = C2H     + CH4     H    2.472E-18
 381) CH3C2H  + HV      = CH3     + C2H          2.133E-19

C2H                    LOSS RXS                INT RX RATE    TL =  8.59E-16
 283) C2H     + O2      = CO      + HCO          1.228E-16
 284) C2H     + O       = CO      + CH           4.648E-24
 285) C2H     + H2      = C2H2    + H            6.429E-20
 286) C2H     + CH4     = C2H2    + CH3          7.358E-16
 287) C2H     + H       = C2H2    +              4.674E-27
 306) C2H     + C2H6    = C2H2    + C2H5         1.991E-19
 344) C2H     + C3H8    = C2H2    + C3H7         3.840E-30
 391) C2H     + C2H2    = HCAER   + H            1.453E-40
 392) C2H     + CH2CCH2 = HCAER2  + H            3.955E-44

C2                  PRODUCTION RXS              INT RX RATE    TP =  2.14E-16
 281) C2H2    + HV      = C2      + H2           2.141E-16

C2                     LOSS RXS                INT RX RATE    TL =  2.14E-16
 288) C2      + H2      = C2H     + H            9.165E-21
 289) C2      + CH4     = C2H     + CH3          2.139E-16
 290) C2      + S       = C       + CS           4.488E-42
 291) C2      + S2      = CS      + CS           3.312E-53
 292) C2      + O       = C       + CO           4.914E-25
 293) C2      + O2      = CO      + CO           2.188E-19

C2H3                PRODUCTION RXS              INT RX RATE    TP =  1.00E-11
 298) C2H2    + H       = C2H3    +              1.005E-11

C2H3                   LOSS RXS                INT RX RATE    TL =  1.00E-11
 297) CH23    + C2H3    = CH3     + C2H2         1.450E-23
 299) C2H3    + H       = C2H2    + H2           3.215E-16
 300) C2H3    + H2      = C2H4    + H            2.431E-12
 301) C2H3    + CH4     = C2H4    + CH3          7.597E-12
 302) C2H3    + C2H6    = C2H4    + C2H5         2.117E-19
 310) C2H3    + O       = CH2CO   + H            1.903E-14
 311) C2H3    + OH      = C2H2    + H2O          1.883E-18
 312) C2H3    + CH3     = C2H2    + CH4          6.292E-17
 313) C2H3    + C2H3    = C2H4    + C2H2         6.067E-35
 314) C2H3    + C2H5    = C2H4    + C2H4         4.096E-22
 316) C2H5    + C2H3    = C2H6    + C2H2         8.193E-22
 350) C2H3    + CH3     = C3H6    +              2.221E-16
 361) CH3     + C2H3    = C3H5    + H            4.441E-19
 362) C2H3    + C2H5    = CH3     + C3H5         1.616E-24

HCS                 PRODUCTION RXS              INT RX RATE    TP =  1.92E-15
 216) H       + CS      = HCS     +              1.467E-23
 230) CH23    + S2      = HCS     + HS           5.796E-20
 232) CH23    + S       = HCS     + H            1.905E-15
 251) CH      + CS2     = HCS     + CS           1.852E-42
 252) OCS     + CH      = CO      + HCS          1.874E-17

HCS                    LOSS RXS                INT RX RATE    TL =  1.92E-15
 217) H       + HCS     = H2      + CS           1.307E-15
 218) S       + HCS     = H       + CS2          1.334E-26
 219) S       + HCS     = HS      + CS           1.334E-26
 231) CH3     + HCS     = CH4     + CS           6.169E-16
 233) HS      + HCS     = H2S     + CS           3.977E-19

CS2                 PRODUCTION RXS              INT RX RATE    TP =  3.23E-24
 205) CS2X    + M       = CS2     + M            1.058E-25
 208) CS      + HS      = CS2     + H            3.109E-24
 218) S       + HCS     = H       + CS2          1.334E-26

CS2                    LOSS RXS                INT RX RATE    TL =  3.23E-24
 202) CS2     + O       = SO      + CS           2.791E-24
 203) CS2     + O       = OCS     + S            2.617E-25
 204) CS2     + OH      = OCS     + HS           2.504E-30
 207) CS2X    + CS2     = CS      + CS      S2   1.361E-69
 209) CS2     + O       = CO      + S2           6.979E-26
 210) CS2     + SO      = OCS     + S2           1.740E-31
 211) CS2     + S       = CS      + S2           1.990E-39
 213) CS2     + HV      = CS      + S            1.285E-37
 214) CS2     + HV      = CS2X    +              1.058E-25
 251) CH      + CS2     = HCS     + CS           1.852E-42

CS                  PRODUCTION RXS              INT RX RATE    TP =  1.92E-15
 202) CS2     + O       = SO      + CS           2.791E-24
 206) CS2X    + O2      = CS      + SO2          1.222E-33
 207) CS2X    + CS2     = CS      + CS      S2   1.361E-69
 211) CS2     + S       = CS      + S2           1.990E-39
 213) CS2     + HV      = CS      + S            1.285E-37
 217) H       + HCS     = H2      + CS           1.307E-15
 219) S       + HCS     = HS      + CS           1.334E-26
 231) CH3     + HCS     = CH4     + CS           6.169E-16
 233) HS      + HCS     = H2S     + CS           3.977E-19
 240) C       + HS      = CS      + H            1.033E-30
 241) C       + S2      = CS      + S            1.575E-42
 249) CH      + S       = CS      + H            7.930E-27
 250) CH      + S2      = CS      + HS           5.706E-31
 251) CH      + CS2     = HCS     + CS           1.852E-42
 290) C2      + S       = C       + CS           4.488E-42
 291) C2      + S2      = CS      + CS           3.312E-53

CS                     LOSS RXS                INT RX RATE    TL =  1.92E-15
 197) CS      + O2      = OCS     + O            4.882E-19
 198) CS      + O2      = CO      + SO           6.102E-20
 199) CS      + O3      = OCS     + O2           6.408E-16
 200) CS      + O3      = SO      + CO2          6.408E-16
 201) CS      + O3      = CO      + SO2          6.408E-16
 208) CS      + HS      = CS2     + H            3.109E-24
 212) CS      + O       = CO      + S            1.160E-18
 216) H       + CS      = HCS     +              1.467E-23

OCS                 PRODUCTION RXS              INT RX RATE    TP =  2.93E-01
 183) HS      + CO      = OCS     + H            2.823E-03
 188) S       + HCO     = OCS     + H            3.398E-07
 189) S       + CO      = OCS     +              2.900E-01
 193) OCS2    + S       = OCS     + S2           1.432E-34
 196) OCS2    + CO      = OCS     + OCS          2.788E-12
 197) CS      + O2      = OCS     + O            4.882E-19
 199) CS      + O3      = OCS     + O2           6.408E-16
 203) CS2     + O       = OCS     + S            2.617E-25
 204) CS2     + OH      = OCS     + HS           2.504E-30
 210) CS2     + SO      = OCS     + S2           1.740E-31

OCS                    LOSS RXS                INT RX RATE    TL =  2.93E-01
 182) H       + OCS     = CO      + HS           3.535E-03
 184) O       + OCS     = CO      + SO           2.876E-01
 185) O       + OCS     = S       + CO2          9.882E-07
 186) OCS     + S       = CO      + S2           1.793E-12
 187) OCS     + OH      = CO2     + HS           4.245E-05
 190) OCS     + HV      = CO      + S            1.378E-03
 192) OCS     + S       = OCS2    +              2.788E-12
 252) OCS     + CH      = CO      + HCS          1.874E-17

S                   PRODUCTION RXS              INT RX RATE    TP =  1.30E+00
 110) SO      + HV      = S       + O            2.149E-02
 132) HS      + HS      = H2S     + S            2.091E-03
 134) HS      + H       = H2      + S            1.270E+00
 142) S2      + O       = S       + SO           1.409E-11
 144) S2      + HV      = S       + S            3.943E-23
 150) S3      + HV      = S2      + S            2.830E-24
 167) SO      + SO      = SO2     + S            9.592E-04
 185) O       + OCS     = S       + CO2          9.882E-07
 190) OCS     + HV      = CO      + S            1.378E-03
 203) CS2     + O       = OCS     + S            2.617E-25
 212) CS      + O       = CO      + S            1.160E-18
 213) CS2     + HV      = CS      + S            1.285E-37
 241) C       + S2      = CS      + S            1.575E-42

S                      LOSS RXS                INT RX RATE    TL =  1.30E+00
 135) HS      + S       = H       + S2           1.229E-11
 136) S       + O2      = SO      + O            9.981E-01
 137) S       + OH      = SO      + H            8.121E-10
 138) S       + HCO     = HS      + CO           4.248E-08
 139) S       + HO2     = HS      + O2           2.617E-05
 140) S       + HO2     = SO      + OH           2.617E-05
 141) S       + S       = S2      +              4.144E-22
 145) S       + S2      = S3      +              2.830E-24
 147) S       + S3      = S4      +              9.753E-34
 166) S       + O3      = SO      + O2           6.539E-03
 169) S       + CO2     = SO      + CO           6.368E-04
 180) HSO     + S       = HS      + SO           1.874E-04
 186) OCS     + S       = CO      + S2           1.793E-12
 188) S       + HCO     = OCS     + H            3.398E-07
 189) S       + CO      = OCS     +              2.900E-01
 192) OCS     + S       = OCS2    +              2.788E-12
 193) OCS2    + S       = OCS     + S2           1.432E-34
 211) CS2     + S       = CS      + S2           1.990E-39
 218) S       + HCS     = H       + CS2          1.334E-26
 219) S       + HCS     = HS      + CS           1.334E-26
 232) CH23    + S       = HCS     + H            1.905E-15
 249) CH      + S       = CS      + H            7.930E-27
 290) C2      + S       = C       + CS           4.488E-42

HS                  PRODUCTION RXS              INT RX RATE    TP =  1.79E+07
 111) H2S     + HV      = HS      + H            7.965E-02
 126) H2S     + OH      = H2O     + HS           1.618E+06
 127) H2S     + H       = H2      + HS           7.865E+06
 128) H2S     + O       = OH      + HS           2.205E+06
 138) S       + HCO     = HS      + CO           4.248E-08
 139) S       + HO2     = HS      + O2           2.617E-05
 173) HSO     + HV      = HS      + O            5.163E-02
 176) HSO     + H       = HS      + OH           6.166E+06
 180) HSO     + S       = HS      + SO           1.874E-04
 182) H       + OCS     = CO      + HS           3.535E-03
 187) OCS     + OH      = CO2     + HS           4.245E-05
 204) CS2     + OH      = OCS     + HS           2.504E-30
 219) S       + HCS     = HS      + CS           1.334E-26
 230) CH23    + S2      = HCS     + HS           5.796E-20
 250) CH      + S2      = CS      + HS           5.706E-31

HS                     LOSS RXS                INT RX RATE    TL =  1.79E+07
 129) HS      + O       = H       + SO           9.061E+01
 130) HS      + O2      = OH      + SO           3.936E+01
 131) HS      + HO2     = H2S     + O2           4.295E+03
 132) HS      + HS      = H2S     + S            2.091E-03
 133) HS      + HCO     = H2S     + CO           4.738E+00
 134) HS      + H       = H2      + S            1.270E+00
 135) HS      + S       = H       + S2           1.229E-11
 143) HS      + H2CO    = H2S     + HCO          2.682E+05
 164) HS      + O3      = HSO     + O2           8.965E+04
 165) HS      + NO2     = HSO     + NO           1.748E+07
 178) HSO     + HS      = H2S     + SO           1.582E+04
 183) HS      + CO      = OCS     + H            2.823E-03
 208) CS      + HS      = CS2     + H            3.109E-24
 215) CH4     + HS      = CH3     + H2S          1.215E-07
 233) HS      + HCS     = H2S     + CS           3.977E-19
 240) C       + HS      = CS      + H            1.033E-30

H2S                 PRODUCTION RXS              INT RX RATE    TP =  2.88E+05
 131) HS      + HO2     = H2S     + O2           4.295E+03
 132) HS      + HS      = H2S     + S            2.091E-03
 133) HS      + HCO     = H2S     + CO           4.738E+00
 143) HS      + H2CO    = H2S     + HCO          2.682E+05
 178) HSO     + HS      = H2S     + SO           1.582E+04
 215) CH4     + HS      = CH3     + H2S          1.215E-07
 233) HS      + HCS     = H2S     + CS           3.977E-19

H2S                    LOSS RXS                INT RX RATE    TL =  3.11E+08
 111) H2S     + HV      = HS      + H            7.965E-02
 126) H2S     + OH      = H2O     + HS           1.618E+06
 127) H2S     + H       = H2      + HS           7.865E+06
 128) H2S     + O       = OH      + HS           2.205E+06
 191) H2S     + HO2     = H2O     + HSO          2.994E+08

SO3                 PRODUCTION RXS              INT RX RATE    TP =  6.29E+07
 120) SO2     + O       = SO3     +              5.979E+07
 122) HSO3    + O2      = HO2     + SO3          2.423E+06
 123) HSO3    + OH      = H2O     + SO3          7.623E-04
 124) HSO3    + H       = H2      + SO3          3.672E-02
 125) HSO3    + O       = OH      + SO3          9.069E-01
 156) SO21    + O2      = SO3     + O            3.639E+01
 157) SO21    + SO2     = SO3     + SO           9.525E+00
 160) SO23    + SO2     = SO3     + SO           1.716E+01
 163) SO2     + HO2     = SO3     + OH           7.253E+05

SO3                    LOSS RXS                INT RX RATE    TL =  6.29E+07
 121) SO3     + H2O     = H2SO4   +              6.294E+07
 151) SO3     + HV      = SO2     + O            4.837E+01
 168) SO3     + SO      = SO2     + SO2          8.581E-05

S2                  PRODUCTION RXS              INT RX RATE    TP =  1.41E-11
 135) HS      + S       = H       + S2           1.229E-11
 141) S       + S       = S2      +              4.144E-22
 149) S4      + HV      = S2      + S2           1.593-100
 150) S3      + HV      = S2      + S            2.830E-24
 186) OCS     + S       = CO      + S2           1.793E-12
 193) OCS2    + S       = OCS     + S2           1.432E-34
 207) CS2X    + CS2     = CS      + CS      S2   1.361E-69
 209) CS2     + O       = CO      + S2           6.979E-26
 210) CS2     + SO      = OCS     + S2           1.740E-31
 211) CS2     + S       = CS      + S2           1.990E-39

S2                     LOSS RXS                INT RX RATE    TL =  1.41E-11
 142) S2      + O       = S       + SO           1.409E-11
 144) S2      + HV      = S       + S            3.943E-23
 145) S       + S2      = S3      +              2.830E-24
 146) S2      + S2      = S4      +              1.709E-27
 230) CH23    + S2      = HCS     + HS           5.796E-20
 241) C       + S2      = CS      + S            1.575E-42
 250) CH      + S2      = CS      + HS           5.706E-31
 291) C2      + S2      = CS      + CS           3.312E-53

HSO                 PRODUCTION RXS              INT RX RATE    TP =  3.18E+08
 164) HS      + O3      = HSO     + O2           8.965E+04
 165) HS      + NO2     = HSO     + NO           1.748E+07
 170) SO      + HO2     = HSO     + O2           8.157E+05
 171) SO      + HCO     = HSO     + CO           5.644E+01
 172) H       + SO      = HSO     +              8.832E+00
 191) H2S     + HO2     = H2O     + HSO          2.994E+08

HSO                    LOSS RXS                INT RX RATE    TL =  2.78E+08
 173) HSO     + HV      = HS      + O            5.163E-02
 174) HSO     + NO      = HNO     + SO           5.422E+07
 175) HSO     + OH      = H2O     + SO           1.936E+05
 176) HSO     + H       = HS      + OH           6.166E+06
 177) HSO     + H       = H2      + SO           3.083E+06
 178) HSO     + HS      = H2S     + SO           1.582E+04
 179) HSO     + O       = OH      + SO           1.916E+08
 180) HSO     + S       = HS      + SO           1.874E-04

H2SO4               PRODUCTION RXS              INT RX RATE    TP =  1.20E+08
 121) SO3     + H2O     = H2SO4   +              6.294E+07

H2SO4                  LOSS RXS                INT RX RATE    TL =  1.19E+08

SO2                 PRODUCTION RXS              INT RX RATE    TP =  3.22E+08
 115) SO      + O2      = O       + SO2          1.740E+05
 116) SO      + HO2     = SO2     + OH           8.157E+05
 117) SO      + O       = SO2     +              2.238E+03
 118) SO      + OH      = SO2     + H            8.622E+00
 151) SO3     + HV      = SO2     + O            4.837E+01
 153) SO21    + HV      = SO2     +              8.139E-09
 155) SO21    + HV      = SO2     + HV           1.791E+07
 158) SO23    + HV      = SO2     +              7.399E-09
 159) SO23    + HV      = SO2     + HV           5.574E+07
 161) SO      + NO2     = SO2     + NO           2.472E+08
 162) SO      + O3      = SO2     + O2           2.708E+05
 167) SO      + SO      = SO2     + S            9.592E-04
 168) SO3     + SO      = SO2     + SO2          8.581E-05
 201) CS      + O3      = CO      + SO2          6.408E-16
 206) CS2X    + O2      = CS      + SO2          1.222E-33

SO2                    LOSS RXS                INT RX RATE    TL =  2.14E+09
 112) SO2     + HV      = SO      + O            1.440E+05
 113) SO2     + HV      = SO21    +              1.913E+07
 114) SO2     + HV      = SO23    +              5.452E+07
 119) SO2     + OH      = HSO3    +              2.423E+06
 120) SO2     + O       = SO3     +              5.979E+07
 157) SO21    + SO2     = SO3     + SO           9.525E+00
 160) SO23    + SO2     = SO3     + SO           1.716E+01
 163) SO2     + HO2     = SO3     + OH           7.253E+05

SO                  PRODUCTION RXS              INT RX RATE    TP =  2.49E+08
 112) SO2     + HV      = SO      + O            1.440E+05
 129) HS      + O       = H       + SO           9.061E+01
 130) HS      + O2      = OH      + SO           3.936E+01
 136) S       + O2      = SO      + O            9.981E-01
 137) S       + OH      = SO      + H            8.121E-10
 140) S       + HO2     = SO      + OH           2.617E-05
 142) S2      + O       = S       + SO           1.409E-11
 157) SO21    + SO2     = SO3     + SO           9.525E+00
 160) SO23    + SO2     = SO3     + SO           1.716E+01
 166) S       + O3      = SO      + O2           6.539E-03
 169) S       + CO2     = SO      + CO           6.368E-04
 174) HSO     + NO      = HNO     + SO           5.422E+07
 175) HSO     + OH      = H2O     + SO           1.936E+05
 177) HSO     + H       = H2      + SO           3.083E+06
 178) HSO     + HS      = H2S     + SO           1.582E+04
 179) HSO     + O       = OH      + SO           1.916E+08
 180) HSO     + S       = HS      + SO           1.874E-04
 184) O       + OCS     = CO      + SO           2.876E-01
 198) CS      + O2      = CO      + SO           6.102E-20
 200) CS      + O3      = SO      + CO2          6.408E-16
 202) CS2     + O       = SO      + CS           2.791E-24

SO                     LOSS RXS                INT RX RATE    TL =  2.49E+08
 110) SO      + HV      = S       + O            2.149E-02
 115) SO      + O2      = O       + SO2          1.740E+05
 116) SO      + HO2     = SO2     + OH           8.157E+05
 117) SO      + O       = SO2     +              2.238E+03
 118) SO      + OH      = SO2     + H            8.622E+00
 161) SO      + NO2     = SO2     + NO           2.472E+08
 162) SO      + O3      = SO2     + O2           2.708E+05
 167) SO      + SO      = SO2     + S            9.592E-04
 168) SO3     + SO      = SO2     + SO2          8.581E-05
 170) SO      + HO2     = HSO     + O2           8.157E+05
 171) SO      + HCO     = HSO     + CO           5.644E+01
 172) H       + SO      = HSO     +              8.832E+00
 210) CS2     + SO      = OCS     + S2           1.740E-31

CO2                 PRODUCTION RXS              INT RX RATE    TP =  1.96E+13
  31) CO      + OH      = CO2     + H            8.364E+12
  32) CO      + O       = CO2     +              1.127E+13
  37) O       + HCO     = H       + CO2          9.141E+04
 185) O       + OCS     = S       + CO2          9.882E-07
 187) OCS     + OH      = CO2     + HS           4.245E-05
 200) CS      + O3      = SO      + CO2          6.408E-16
 263) CH3O    + CO      = CH3     + CO2          9.761E+07

CO2                    LOSS RXS                INT RX RATE    TL =  6.81E+08
  29) CO2     + HV      = CO      + O            6.757E+08
  98) CH23    + CO2     = H2CO    + CO           5.430E+06
 169) S       + CO2     = SO      + CO           6.368E-04
 247) CH      + CO2     = HCO     + CO           3.970E-04
 394) H4      + CO2     = H4CO2   +              7.096E-74

SO4AER              PRODUCTION RXS              INT RX RATE    TP =  6.23E+07

SO4AER                 LOSS RXS                INT RX RATE    TL =  6.20E+07

S8AER               PRODUCTION RXS              INT RX RATE    TP =  8.52-203
 148) S4      + S4      = S8AER   +              8.523-203

S8AER                  LOSS RXS                INT RX RATE    TL =  2.36E-19

HCAER               PRODUCTION RXS              INT RX RATE    TP =  1.45E-40
 391) C2H     + C2H2    = HCAER   + H            1.453E-40

HCAER                  LOSS RXS                INT RX RATE    TL =  2.36E-19

HCAER2              PRODUCTION RXS              INT RX RATE    TP =  3.95E-44
 392) C2H     + CH2CCH2 = HCAER2  + H            3.955E-44

HCAER2                 LOSS RXS                INT RX RATE    TL =  2.36E-19

HNO2                PRODUCTION RXS              INT RX RATE    TP =  0.00E+00
  83) NO      + OH      = HNO2    +              7.835E+06
 109) HO2     + NO2     = HNO2    + O2           3.517E+09
 267) NO2     + CH3O    = H2CO    + HNO2         1.733E+09

HNO2                   LOSS RXS                INT RX RATE    TL =  0.00E+00
  51) HNO2    + HV      = NO      + OH           5.258E+09
  92) HNO2    + OH      = H2O     + NO2          1.994E+03

H4                  PRODUCTION RXS              INT RX RATE    TP =  0.00E+00
 393) H2      + H2      = H4      +              1.419E-73

H4                     LOSS RXS                INT RX RATE    TL =  0.00E+00
 394) H4      + CO2     = H4CO2   +              7.096E-74
 395) H4      + H4CO2   = CH4     + H2O     H2O  7.096E-74

H4CO2               PRODUCTION RXS              INT RX RATE    TP =  0.00E+00
 394) H4      + CO2     = H4CO2   +              7.096E-74

H4CO2                  LOSS RXS                INT RX RATE    TL =  0.00E+00
 395) H4      + H4CO2   = CH4     + H2O     H2O  7.096E-74

O1D                 PRODUCTION RXS              INT RX RATE    TP =  0.00E+00
  26) O3      + HV      = O2      + O1D          2.651E+11

O1D                    LOSS RXS                INT RX RATE    TL =  0.00E+00
   1) H2O     + O1D     = OH      + OH           6.831E+03
   2) H2      + O1D     = OH      + H            9.411E+06
  21) O1D     + M       = O       + M            2.632E+11
  22) O1D     + O2      = O       + O2           6.588E+06
  56) CH4     + O1D     = CH3     + OH           1.097E+09
  57) CH4     + O1D     = H2CO    + H2           7.315E+07
 101) C2H6    + O1D     = C2H5    + OH           7.760E+04
 105) CO      + O1D     = CO      + O            4.048E+08
 268) O1D     + CH4     = CH3O    + H            2.926E+08
 338) C3H8    + O1D     = C3H7    + OH           8.690E-07

CH21                PRODUCTION RXS              INT RX RATE    TP =  0.00E+00

CH21                   LOSS RXS                INT RX RATE    TL =  0.00E+00

C                   PRODUCTION RXS              INT RX RATE    TP =  0.00E+00
 242) CH      + H       = C       + H2           3.449E-17
 248) CH      + HV      = C       + H            1.618E-24
 290) C2      + S       = C       + CS           4.488E-42
 292) C2      + O       = C       + CO           4.914E-25

C                      LOSS RXS                INT RX RATE    TL =  0.00E+00
 237) C       + OH      = CO      + H            9.191E-30
 238) C       + H2      = CH23    +              3.432E-17
 239) C       + O2      = CO      + O            1.679E-19
 240) C       + HS      = CS      + H            1.033E-30
 241) C       + S2      = CS      + S            1.575E-42

SO21                PRODUCTION RXS              INT RX RATE    TP =  0.00E+00
 113) SO2     + HV      = SO21    +              1.913E+07

SO21                   LOSS RXS                INT RX RATE    TL =  0.00E+00
 152) SO21    + HV      = SO23    +              8.139E-10
 153) SO21    + HV      = SO2     +              8.139E-09
 154) SO21    + HV      = SO23    + HV           1.221E+06
 155) SO21    + HV      = SO2     + HV           1.791E+07
 156) SO21    + O2      = SO3     + O            3.639E+01
 157) SO21    + SO2     = SO3     + SO           9.525E+00

SO23                PRODUCTION RXS              INT RX RATE    TP =  0.00E+00
 114) SO2     + HV      = SO23    +              5.452E+07
 152) SO21    + HV      = SO23    +              8.139E-10
 154) SO21    + HV      = SO23    + HV           1.221E+06

SO23                   LOSS RXS                INT RX RATE    TL =  0.00E+00
 158) SO23    + HV      = SO2     +              7.399E-09
 159) SO23    + HV      = SO2     + HV           5.574E+07
 160) SO23    + SO2     = SO3     + SO           1.716E+01

HSO3                PRODUCTION RXS              INT RX RATE    TP =  0.00E+00
 119) SO2     + OH      = HSO3    +              2.423E+06

HSO3                   LOSS RXS                INT RX RATE    TL =  0.00E+00
 122) HSO3    + O2      = HO2     + SO3          2.423E+06
 123) HSO3    + OH      = H2O     + SO3          7.623E-04
 124) HSO3    + H       = H2      + SO3          3.672E-02
 125) HSO3    + O       = OH      + SO3          9.069E-01

OCS2                PRODUCTION RXS              INT RX RATE    TP =  0.00E+00
 192) OCS     + S       = OCS2    +              2.788E-12

OCS2                   LOSS RXS                INT RX RATE    TL =  0.00E+00
 193) OCS2    + S       = OCS     + S2           1.432E-34
 196) OCS2    + CO      = OCS     + OCS          2.788E-12

CS2X                PRODUCTION RXS              INT RX RATE    TP =  0.00E+00
 214) CS2     + HV      = CS2X    +              1.058E-25

CS2X                   LOSS RXS                INT RX RATE    TL =  0.00E+00
 205) CS2X    + M       = CS2     + M            1.058E-25
 206) CS2X    + O2      = CS      + SO2          1.222E-33
 207) CS2X    + CS2     = CS      + CS      S2   1.361E-69

S3                  PRODUCTION RXS              INT RX RATE    TP =  0.00E+00
 145) S       + S2      = S3      +              2.830E-24

S3                     LOSS RXS                INT RX RATE    TL =  0.00E+00
 147) S       + S3      = S4      +              9.753E-34
 150) S3      + HV      = S2      + S            2.830E-24

S4                  PRODUCTION RXS              INT RX RATE    TP =  0.00E+00
 146) S2      + S2      = S4      +              1.709E-27
 147) S       + S3      = S4      +              9.753E-34

S4                     LOSS RXS                INT RX RATE    TL =  0.00E+00
 148) S4      + S4      = S8AER   +              8.523-203
 149) S4      + HV      = S2      + S2           1.593-100

N2                  PRODUCTION RXS              INT RX RATE    TP =  0.00E+00
  75) N       + N       = N2      +              5.644E+02
  79) N       + NO      = N2      + O            4.332E+07

N2                     LOSS RXS                INT RX RATE    TL =  0.00E+00
